[2019-03-21 23:23:35,832] {models.py:1359} INFO - Dependencies all met for <TaskInstance: tutorial.templated 2018-05-25T00:00:00+00:00 [queued]>
[2019-03-21 23:23:35,836] {models.py:1359} INFO - Dependencies all met for <TaskInstance: tutorial.templated 2018-05-25T00:00:00+00:00 [queued]>
[2019-03-21 23:23:35,837] {models.py:1571} INFO - 
--------------------------------------------------------------------------------
Starting attempt 1 of 2
--------------------------------------------------------------------------------

[2019-03-21 23:23:35,851] {models.py:1593} INFO - Executing <Task(BashOperator): templated> on 2018-05-25T00:00:00+00:00
[2019-03-21 23:23:35,851] {base_task_runner.py:118} INFO - Running: ['bash', '-c', 'airflow run tutorial templated 2018-05-25T00:00:00+00:00 --job_id 2254 --raw -sd DAGS_FOLDER/example_dags/tutorial.py --cfg_path /tmp/tmp89h7ibx4']
[2019-03-21 23:23:36,485] {base_task_runner.py:101} INFO - Job 2254: Subtask templated [2019-03-21 23:23:36,484] {__init__.py:51} INFO - Using executor SequentialExecutor
[2019-03-21 23:23:36,712] {base_task_runner.py:101} INFO - Job 2254: Subtask templated [2019-03-21 23:23:36,711] {models.py:273} INFO - Filling up the DagBag from /home/rsandroni/airflow/dags/example_dags/tutorial.py
[2019-03-21 23:23:36,775] {base_task_runner.py:101} INFO - Job 2254: Subtask templated [2019-03-21 23:23:36,774] {cli.py:520} INFO - Running <TaskInstance: tutorial.templated 2018-05-25T00:00:00+00:00 [running]> on host IADAIRP1.globalrs.rack.space
[2019-03-21 23:23:36,791] {bash_operator.py:77} INFO - Tmp dir root location: 
 /tmp
[2019-03-21 23:23:36,791] {bash_operator.py:86} INFO - Exporting the following env vars:
AIRFLOW_CTX_DAG_ID=tutorial
AIRFLOW_CTX_TASK_ID=templated
AIRFLOW_CTX_EXECUTION_DATE=2018-05-25T00:00:00+00:00
AIRFLOW_CTX_DAG_RUN_ID=scheduled__2018-05-25T00:00:00+00:00
[2019-03-21 23:23:36,792] {bash_operator.py:100} INFO - Temporary script location: /tmp/airflowtmp6l6v_svy/templated1y3c6lh4
[2019-03-21 23:23:36,792] {bash_operator.py:110} INFO - Running command: 

    echo "2018-05-25"
    echo "2018-06-01"
    echo "Parameter I passed in"

    echo "2018-05-25"
    echo "2018-06-01"
    echo "Parameter I passed in"

    echo "2018-05-25"
    echo "2018-06-01"
    echo "Parameter I passed in"

    echo "2018-05-25"
    echo "2018-06-01"
    echo "Parameter I passed in"

    echo "2018-05-25"
    echo "2018-06-01"
    echo "Parameter I passed in"

[2019-03-21 23:23:36,797] {bash_operator.py:119} INFO - Output:
[2019-03-21 23:23:36,798] {bash_operator.py:123} INFO - 2018-05-25
[2019-03-21 23:23:36,799] {bash_operator.py:123} INFO - 2018-06-01
[2019-03-21 23:23:36,799] {bash_operator.py:123} INFO - Parameter I passed in
[2019-03-21 23:23:36,799] {bash_operator.py:123} INFO - 2018-05-25
[2019-03-21 23:23:36,799] {bash_operator.py:123} INFO - 2018-06-01
[2019-03-21 23:23:36,799] {bash_operator.py:123} INFO - Parameter I passed in
[2019-03-21 23:23:36,799] {bash_operator.py:123} INFO - 2018-05-25
[2019-03-21 23:23:36,799] {bash_operator.py:123} INFO - 2018-06-01
[2019-03-21 23:23:36,799] {bash_operator.py:123} INFO - Parameter I passed in
[2019-03-21 23:23:36,799] {bash_operator.py:123} INFO - 2018-05-25
[2019-03-21 23:23:36,799] {bash_operator.py:123} INFO - 2018-06-01
[2019-03-21 23:23:36,799] {bash_operator.py:123} INFO - Parameter I passed in
[2019-03-21 23:23:36,799] {bash_operator.py:123} INFO - 2018-05-25
[2019-03-21 23:23:36,799] {bash_operator.py:123} INFO - 2018-06-01
[2019-03-21 23:23:36,799] {bash_operator.py:123} INFO - Parameter I passed in
[2019-03-21 23:23:36,799] {bash_operator.py:127} INFO - Command exited with return code 0
[2019-03-21 23:23:40,834] {logging_mixin.py:95} INFO - [2019-03-21 23:23:40,833] {jobs.py:2527} INFO - Task exited with return code 0
