[2019-03-21 17:42:04,699] {models.py:1359} INFO - Dependencies all met for <TaskInstance: tutorial.print_date 2017-08-02T00:00:00+00:00 [queued]>
[2019-03-21 17:42:04,702] {models.py:1359} INFO - Dependencies all met for <TaskInstance: tutorial.print_date 2017-08-02T00:00:00+00:00 [queued]>
[2019-03-21 17:42:04,702] {models.py:1571} INFO - 
--------------------------------------------------------------------------------
Starting attempt 1 of 2
--------------------------------------------------------------------------------

[2019-03-21 17:42:04,746] {models.py:1593} INFO - Executing <Task(BashOperator): print_date> on 2017-08-02T00:00:00+00:00
[2019-03-21 17:42:04,746] {base_task_runner.py:118} INFO - Running: ['bash', '-c', 'airflow run tutorial print_date 2017-08-02T00:00:00+00:00 --job_id 1633 --raw -sd DAGS_FOLDER/tutorial.py --cfg_path /tmp/tmp8dr9_qjc']
[2019-03-21 17:42:05,540] {base_task_runner.py:101} INFO - Job 1633: Subtask print_date [2019-03-21 17:42:05,539] {__init__.py:51} INFO - Using executor SequentialExecutor
[2019-03-21 17:42:05,867] {base_task_runner.py:101} INFO - Job 1633: Subtask print_date [2019-03-21 17:42:05,866] {models.py:273} INFO - Filling up the DagBag from /home/rsandroni/airflow/dags/tutorial.py
[2019-03-21 17:42:05,884] {base_task_runner.py:101} INFO - Job 1633: Subtask print_date [2019-03-21 17:42:05,883] {cli.py:520} INFO - Running <TaskInstance: tutorial.print_date 2017-08-02T00:00:00+00:00 [running]> on host IADAIRP1.globalrs.rack.space
[2019-03-21 17:42:05,902] {bash_operator.py:77} INFO - Tmp dir root location: 
 /tmp
[2019-03-21 17:42:05,902] {bash_operator.py:86} INFO - Exporting the following env vars:
AIRFLOW_CTX_DAG_ID=tutorial
AIRFLOW_CTX_TASK_ID=print_date
AIRFLOW_CTX_EXECUTION_DATE=2017-08-02T00:00:00+00:00
AIRFLOW_CTX_DAG_RUN_ID=scheduled__2017-08-02T00:00:00+00:00
[2019-03-21 17:42:05,902] {bash_operator.py:100} INFO - Temporary script location: /tmp/airflowtmpxzmsknkh/print_dateukfofqar
[2019-03-21 17:42:05,902] {bash_operator.py:110} INFO - Running command: date
[2019-03-21 17:42:05,913] {bash_operator.py:119} INFO - Output:
[2019-03-21 17:42:05,923] {bash_operator.py:123} INFO - Qui Mar 21 17:42:05 -03 2019
[2019-03-21 17:42:05,924] {bash_operator.py:127} INFO - Command exited with return code 0
[2019-03-21 17:42:09,680] {logging_mixin.py:95} INFO - [2019-03-21 17:42:09,679] {jobs.py:2527} INFO - Task exited with return code 0
