[2019-03-22 06:00:33,782] {models.py:1359} INFO - Dependencies all met for <TaskInstance: tutorial.sleep 2019-03-21T00:00:00+00:00 [queued]>
[2019-03-22 06:00:33,787] {models.py:1359} INFO - Dependencies all met for <TaskInstance: tutorial.sleep 2019-03-21T00:00:00+00:00 [queued]>
[2019-03-22 06:00:33,787] {models.py:1571} INFO - 
--------------------------------------------------------------------------------
Starting attempt 1 of 2
--------------------------------------------------------------------------------

[2019-03-22 06:00:33,801] {models.py:1593} INFO - Executing <Task(BashOperator): sleep> on 2019-03-21T00:00:00+00:00
[2019-03-22 06:00:33,801] {base_task_runner.py:118} INFO - Running: ['bash', '-c', 'airflow run tutorial sleep 2019-03-21T00:00:00+00:00 --job_id 2855 --raw -sd DAGS_FOLDER/example_dags/tutorial.py --cfg_path /tmp/tmpsrwcnm1x']
[2019-03-22 06:00:34,444] {base_task_runner.py:101} INFO - Job 2855: Subtask sleep [2019-03-22 06:00:34,443] {__init__.py:51} INFO - Using executor SequentialExecutor
[2019-03-22 06:00:34,675] {base_task_runner.py:101} INFO - Job 2855: Subtask sleep [2019-03-22 06:00:34,674] {models.py:273} INFO - Filling up the DagBag from /home/rsandroni/airflow/dags/example_dags/tutorial.py
[2019-03-22 06:00:34,739] {base_task_runner.py:101} INFO - Job 2855: Subtask sleep [2019-03-22 06:00:34,738] {cli.py:520} INFO - Running <TaskInstance: tutorial.sleep 2019-03-21T00:00:00+00:00 [running]> on host IADAIRP1.globalrs.rack.space
[2019-03-22 06:00:34,751] {bash_operator.py:77} INFO - Tmp dir root location: 
 /tmp
[2019-03-22 06:00:34,752] {bash_operator.py:86} INFO - Exporting the following env vars:
AIRFLOW_CTX_DAG_ID=tutorial
AIRFLOW_CTX_TASK_ID=sleep
AIRFLOW_CTX_EXECUTION_DATE=2019-03-21T00:00:00+00:00
AIRFLOW_CTX_DAG_RUN_ID=scheduled__2019-03-21T00:00:00+00:00
[2019-03-22 06:00:34,752] {bash_operator.py:100} INFO - Temporary script location: /tmp/airflowtmp9k2do_n9/sleepf5p_b9rg
[2019-03-22 06:00:34,752] {bash_operator.py:110} INFO - Running command: sleep 5
[2019-03-22 06:00:34,758] {bash_operator.py:119} INFO - Output:
[2019-03-22 06:00:39,760] {bash_operator.py:127} INFO - Command exited with return code 0
[2019-03-22 06:00:43,865] {logging_mixin.py:95} INFO - [2019-03-22 06:00:43,864] {jobs.py:2527} INFO - Task exited with return code 0
