[2019-03-22 21:00:59,200] {models.py:1359} INFO - Dependencies all met for <TaskInstance: tutorial.templated 2019-03-22T00:00:00+00:00 [queued]>
[2019-03-22 21:00:59,206] {models.py:1359} INFO - Dependencies all met for <TaskInstance: tutorial.templated 2019-03-22T00:00:00+00:00 [queued]>
[2019-03-22 21:00:59,207] {models.py:1571} INFO - 
--------------------------------------------------------------------------------
Starting attempt 1 of 2
--------------------------------------------------------------------------------

[2019-03-22 21:00:59,252] {models.py:1593} INFO - Executing <Task(BashOperator): templated> on 2019-03-22T00:00:00+00:00
[2019-03-22 21:00:59,253] {base_task_runner.py:118} INFO - Running: ['bash', '-c', 'airflow run tutorial templated 2019-03-22T00:00:00+00:00 --job_id 2857 --raw -sd DAGS_FOLDER/tutorial.py --cfg_path /tmp/tmpfk4l38sh']
[2019-03-22 21:00:59,950] {base_task_runner.py:101} INFO - Job 2857: Subtask templated [2019-03-22 21:00:59,949] {__init__.py:51} INFO - Using executor SequentialExecutor
[2019-03-22 21:01:00,178] {base_task_runner.py:101} INFO - Job 2857: Subtask templated [2019-03-22 21:01:00,177] {models.py:273} INFO - Filling up the DagBag from /home/rsandroni/airflow/dags/tutorial.py
[2019-03-22 21:01:00,192] {base_task_runner.py:101} INFO - Job 2857: Subtask templated [2019-03-22 21:01:00,192] {cli.py:520} INFO - Running <TaskInstance: tutorial.templated 2019-03-22T00:00:00+00:00 [running]> on host IADAIRP1.globalrs.rack.space
[2019-03-22 21:01:00,207] {bash_operator.py:77} INFO - Tmp dir root location: 
 /tmp
[2019-03-22 21:01:00,207] {bash_operator.py:86} INFO - Exporting the following env vars:
AIRFLOW_CTX_DAG_ID=tutorial
AIRFLOW_CTX_TASK_ID=templated
AIRFLOW_CTX_EXECUTION_DATE=2019-03-22T00:00:00+00:00
AIRFLOW_CTX_DAG_RUN_ID=scheduled__2019-03-22T00:00:00+00:00
[2019-03-22 21:01:00,207] {bash_operator.py:100} INFO - Temporary script location: /tmp/airflowtmph8gj5g7w/templatedweyphoq7
[2019-03-22 21:01:00,208] {bash_operator.py:110} INFO - Running command: 
    
        echo "2019-03-22"
        echo "Parameter I passed in"
    
        echo "2019-03-22"
        echo "Parameter I passed in"
    
        echo "2019-03-22"
        echo "Parameter I passed in"
    
        echo "2019-03-22"
        echo "Parameter I passed in"
    
        echo "2019-03-22"
        echo "Parameter I passed in"
    
    
[2019-03-22 21:01:00,213] {bash_operator.py:119} INFO - Output:
[2019-03-22 21:01:00,214] {bash_operator.py:123} INFO - 2019-03-22
[2019-03-22 21:01:00,214] {bash_operator.py:123} INFO - Parameter I passed in
[2019-03-22 21:01:00,214] {bash_operator.py:123} INFO - 2019-03-22
[2019-03-22 21:01:00,214] {bash_operator.py:123} INFO - Parameter I passed in
[2019-03-22 21:01:00,214] {bash_operator.py:123} INFO - 2019-03-22
[2019-03-22 21:01:00,214] {bash_operator.py:123} INFO - Parameter I passed in
[2019-03-22 21:01:00,214] {bash_operator.py:123} INFO - 2019-03-22
[2019-03-22 21:01:00,214] {bash_operator.py:123} INFO - Parameter I passed in
[2019-03-22 21:01:00,214] {bash_operator.py:123} INFO - 2019-03-22
[2019-03-22 21:01:00,214] {bash_operator.py:123} INFO - Parameter I passed in
[2019-03-22 21:01:00,214] {bash_operator.py:127} INFO - Command exited with return code 0
[2019-03-22 21:01:04,198] {logging_mixin.py:95} INFO - [2019-03-22 21:01:04,197] {jobs.py:2527} INFO - Task exited with return code 0
