[2019-03-19 14:32:22,219] {models.py:1359} INFO - Dependencies all met for <TaskInstance: tutorial.templated 2016-11-19T00:00:00+00:00 [queued]>
[2019-03-19 14:32:22,224] {models.py:1359} INFO - Dependencies all met for <TaskInstance: tutorial.templated 2016-11-19T00:00:00+00:00 [queued]>
[2019-03-19 14:32:22,224] {models.py:1571} INFO - 
--------------------------------------------------------------------------------
Starting attempt 1 of 2
--------------------------------------------------------------------------------

[2019-03-19 14:32:22,308] {models.py:1593} INFO - Executing <Task(BashOperator): templated> on 2016-11-19T00:00:00+00:00
[2019-03-19 14:32:22,308] {base_task_runner.py:118} INFO - Running: ['bash', '-c', 'airflow run tutorial templated 2016-11-19T00:00:00+00:00 --job_id 1083 --raw -sd DAGS_FOLDER/sql_server_load.py --cfg_path /tmp/tmp5nnmtlmq']
[2019-03-19 14:32:23,400] {base_task_runner.py:101} INFO - Job 1083: Subtask templated [2019-03-19 14:32:23,399] {__init__.py:51} INFO - Using executor SequentialExecutor
[2019-03-19 14:32:23,812] {base_task_runner.py:101} INFO - Job 1083: Subtask templated [2019-03-19 14:32:23,807] {models.py:273} INFO - Filling up the DagBag from /home/rsandroni/airflow/dags/sql_server_load.py
[2019-03-19 14:32:23,873] {base_task_runner.py:101} INFO - Job 1083: Subtask templated [2019-03-19 14:32:23,869] {cli.py:520} INFO - Running <TaskInstance: tutorial.templated 2016-11-19T00:00:00+00:00 [running]> on host IADAIRP1.globalrs.rack.space
[2019-03-19 14:32:23,912] {bash_operator.py:77} INFO - Tmp dir root location: 
 /tmp
[2019-03-19 14:32:23,912] {bash_operator.py:86} INFO - Exporting the following env vars:
AIRFLOW_CTX_DAG_ID=tutorial
AIRFLOW_CTX_TASK_ID=templated
AIRFLOW_CTX_EXECUTION_DATE=2016-11-19T00:00:00+00:00
AIRFLOW_CTX_DAG_RUN_ID=scheduled__2016-11-19T00:00:00+00:00
[2019-03-19 14:32:23,913] {bash_operator.py:100} INFO - Temporary script location: /tmp/airflowtmpp2c_h6sw/templatedux1s561n
[2019-03-19 14:32:23,913] {bash_operator.py:110} INFO - Running command: 
    
        echo "2016-11-19"
        echo "Parameter I passed in"
    
        echo "2016-11-19"
        echo "Parameter I passed in"
    
        echo "2016-11-19"
        echo "Parameter I passed in"
    
        echo "2016-11-19"
        echo "Parameter I passed in"
    
        echo "2016-11-19"
        echo "Parameter I passed in"
    
    
[2019-03-19 14:32:23,953] {bash_operator.py:119} INFO - Output:
[2019-03-19 14:32:23,953] {bash_operator.py:123} INFO - 2016-11-19
[2019-03-19 14:32:23,953] {bash_operator.py:123} INFO - Parameter I passed in
[2019-03-19 14:32:23,953] {bash_operator.py:123} INFO - 2016-11-19
[2019-03-19 14:32:23,954] {bash_operator.py:123} INFO - Parameter I passed in
[2019-03-19 14:32:23,954] {bash_operator.py:123} INFO - 2016-11-19
[2019-03-19 14:32:23,954] {bash_operator.py:123} INFO - Parameter I passed in
[2019-03-19 14:32:23,954] {bash_operator.py:123} INFO - 2016-11-19
[2019-03-19 14:32:23,954] {bash_operator.py:123} INFO - Parameter I passed in
[2019-03-19 14:32:23,954] {bash_operator.py:123} INFO - 2016-11-19
[2019-03-19 14:32:23,954] {bash_operator.py:123} INFO - Parameter I passed in
[2019-03-19 14:32:23,954] {bash_operator.py:127} INFO - Command exited with return code 0
[2019-03-19 14:32:27,229] {logging_mixin.py:95} INFO - [2019-03-19 14:32:27,229] {jobs.py:2527} INFO - Task exited with return code 0
