[2019-03-22 00:08:07,313] {models.py:1359} INFO - Dependencies all met for <TaskInstance: tutorial.templated 2018-06-28T00:00:00+00:00 [queued]>
[2019-03-22 00:08:07,334] {models.py:1359} INFO - Dependencies all met for <TaskInstance: tutorial.templated 2018-06-28T00:00:00+00:00 [queued]>
[2019-03-22 00:08:07,335] {models.py:1571} INFO - 
--------------------------------------------------------------------------------
Starting attempt 1 of 2
--------------------------------------------------------------------------------

[2019-03-22 00:08:07,399] {models.py:1593} INFO - Executing <Task(BashOperator): templated> on 2018-06-28T00:00:00+00:00
[2019-03-22 00:08:07,399] {base_task_runner.py:118} INFO - Running: ['bash', '-c', 'airflow run tutorial templated 2018-06-28T00:00:00+00:00 --job_id 2322 --raw -sd DAGS_FOLDER/example_dags/tutorial.py --cfg_path /tmp/tmp0avrp0vl']
[2019-03-22 00:08:08,843] {base_task_runner.py:101} INFO - Job 2322: Subtask templated [2019-03-22 00:08:08,842] {__init__.py:51} INFO - Using executor SequentialExecutor
[2019-03-22 00:08:09,304] {base_task_runner.py:101} INFO - Job 2322: Subtask templated [2019-03-22 00:08:09,297] {models.py:273} INFO - Filling up the DagBag from /home/rsandroni/airflow/dags/example_dags/tutorial.py
[2019-03-22 00:08:09,480] {base_task_runner.py:101} INFO - Job 2322: Subtask templated [2019-03-22 00:08:09,479] {cli.py:520} INFO - Running <TaskInstance: tutorial.templated 2018-06-28T00:00:00+00:00 [running]> on host IADAIRP1.globalrs.rack.space
[2019-03-22 00:08:09,539] {bash_operator.py:77} INFO - Tmp dir root location: 
 /tmp
[2019-03-22 00:08:09,540] {bash_operator.py:86} INFO - Exporting the following env vars:
AIRFLOW_CTX_DAG_ID=tutorial
AIRFLOW_CTX_TASK_ID=templated
AIRFLOW_CTX_EXECUTION_DATE=2018-06-28T00:00:00+00:00
AIRFLOW_CTX_DAG_RUN_ID=scheduled__2018-06-28T00:00:00+00:00
[2019-03-22 00:08:09,541] {bash_operator.py:100} INFO - Temporary script location: /tmp/airflowtmphtvrd15x/templatedwmvwk1ii
[2019-03-22 00:08:09,541] {bash_operator.py:110} INFO - Running command: 

    echo "2018-06-28"
    echo "2018-07-05"
    echo "Parameter I passed in"

    echo "2018-06-28"
    echo "2018-07-05"
    echo "Parameter I passed in"

    echo "2018-06-28"
    echo "2018-07-05"
    echo "Parameter I passed in"

    echo "2018-06-28"
    echo "2018-07-05"
    echo "Parameter I passed in"

    echo "2018-06-28"
    echo "2018-07-05"
    echo "Parameter I passed in"

[2019-03-22 00:08:09,577] {bash_operator.py:119} INFO - Output:
[2019-03-22 00:08:09,578] {bash_operator.py:123} INFO - 2018-06-28
[2019-03-22 00:08:09,578] {bash_operator.py:123} INFO - 2018-07-05
[2019-03-22 00:08:09,578] {bash_operator.py:123} INFO - Parameter I passed in
[2019-03-22 00:08:09,578] {bash_operator.py:123} INFO - 2018-06-28
[2019-03-22 00:08:09,578] {bash_operator.py:123} INFO - 2018-07-05
[2019-03-22 00:08:09,578] {bash_operator.py:123} INFO - Parameter I passed in
[2019-03-22 00:08:09,578] {bash_operator.py:123} INFO - 2018-06-28
[2019-03-22 00:08:09,578] {bash_operator.py:123} INFO - 2018-07-05
[2019-03-22 00:08:09,578] {bash_operator.py:123} INFO - Parameter I passed in
[2019-03-22 00:08:09,579] {bash_operator.py:123} INFO - 2018-06-28
[2019-03-22 00:08:09,579] {bash_operator.py:123} INFO - 2018-07-05
[2019-03-22 00:08:09,579] {bash_operator.py:123} INFO - Parameter I passed in
[2019-03-22 00:08:09,579] {bash_operator.py:123} INFO - 2018-06-28
[2019-03-22 00:08:09,579] {bash_operator.py:123} INFO - 2018-07-05
[2019-03-22 00:08:09,579] {bash_operator.py:123} INFO - Parameter I passed in
[2019-03-22 00:08:09,579] {bash_operator.py:127} INFO - Command exited with return code 0
[2019-03-22 00:08:12,300] {logging_mixin.py:95} INFO - [2019-03-22 00:08:12,299] {jobs.py:2527} INFO - Task exited with return code 0
