[2019-03-19 10:43:50,720] {models.py:1359} INFO - Dependencies all met for <TaskInstance: tutorial.templated 2015-07-26T00:00:00+00:00 [queued]>
[2019-03-19 10:43:50,724] {models.py:1359} INFO - Dependencies all met for <TaskInstance: tutorial.templated 2015-07-26T00:00:00+00:00 [queued]>
[2019-03-19 10:43:50,725] {models.py:1571} INFO - 
--------------------------------------------------------------------------------
Starting attempt 1 of 2
--------------------------------------------------------------------------------

[2019-03-19 10:43:50,737] {models.py:1593} INFO - Executing <Task(BashOperator): templated> on 2015-07-26T00:00:00+00:00
[2019-03-19 10:43:50,737] {base_task_runner.py:118} INFO - Running: ['bash', '-c', 'airflow run tutorial templated 2015-07-26T00:00:00+00:00 --job_id 118 --raw -sd DAGS_FOLDER/example_dags/tutorial.py --cfg_path /tmp/tmpu7z6ibwe']
[2019-03-19 10:43:51,334] {base_task_runner.py:101} INFO - Job 118: Subtask templated [2019-03-19 10:43:51,334] {__init__.py:51} INFO - Using executor SequentialExecutor
[2019-03-19 10:43:51,553] {base_task_runner.py:101} INFO - Job 118: Subtask templated [2019-03-19 10:43:51,552] {models.py:273} INFO - Filling up the DagBag from /home/rsandroni/airflow/dags/example_dags/tutorial.py
[2019-03-19 10:43:51,593] {base_task_runner.py:101} INFO - Job 118: Subtask templated [2019-03-19 10:43:51,592] {cli.py:520} INFO - Running <TaskInstance: tutorial.templated 2015-07-26T00:00:00+00:00 [running]> on host IADAIRP1.globalrs.rack.space
[2019-03-19 10:43:51,608] {bash_operator.py:77} INFO - Tmp dir root location: 
 /tmp
[2019-03-19 10:43:51,608] {bash_operator.py:86} INFO - Exporting the following env vars:
AIRFLOW_CTX_DAG_ID=tutorial
AIRFLOW_CTX_TASK_ID=templated
AIRFLOW_CTX_EXECUTION_DATE=2015-07-26T00:00:00+00:00
AIRFLOW_CTX_DAG_RUN_ID=scheduled__2015-07-26T00:00:00+00:00
[2019-03-19 10:43:51,609] {bash_operator.py:100} INFO - Temporary script location: /tmp/airflowtmppsk6q4oc/templatedzjqgh_vp
[2019-03-19 10:43:51,609] {bash_operator.py:110} INFO - Running command: 

    echo "2015-07-26"
    echo "2015-08-02"
    echo "Parameter I passed in"

    echo "2015-07-26"
    echo "2015-08-02"
    echo "Parameter I passed in"

    echo "2015-07-26"
    echo "2015-08-02"
    echo "Parameter I passed in"

    echo "2015-07-26"
    echo "2015-08-02"
    echo "Parameter I passed in"

    echo "2015-07-26"
    echo "2015-08-02"
    echo "Parameter I passed in"

[2019-03-19 10:43:51,614] {bash_operator.py:119} INFO - Output:
[2019-03-19 10:43:51,615] {bash_operator.py:123} INFO - 2015-07-26
[2019-03-19 10:43:51,615] {bash_operator.py:123} INFO - 2015-08-02
[2019-03-19 10:43:51,615] {bash_operator.py:123} INFO - Parameter I passed in
[2019-03-19 10:43:51,615] {bash_operator.py:123} INFO - 2015-07-26
[2019-03-19 10:43:51,615] {bash_operator.py:123} INFO - 2015-08-02
[2019-03-19 10:43:51,615] {bash_operator.py:123} INFO - Parameter I passed in
[2019-03-19 10:43:51,615] {bash_operator.py:123} INFO - 2015-07-26
[2019-03-19 10:43:51,615] {bash_operator.py:123} INFO - 2015-08-02
[2019-03-19 10:43:51,616] {bash_operator.py:123} INFO - Parameter I passed in
[2019-03-19 10:43:51,616] {bash_operator.py:123} INFO - 2015-07-26
[2019-03-19 10:43:51,616] {bash_operator.py:123} INFO - 2015-08-02
[2019-03-19 10:43:51,616] {bash_operator.py:123} INFO - Parameter I passed in
[2019-03-19 10:43:51,616] {bash_operator.py:123} INFO - 2015-07-26
[2019-03-19 10:43:51,616] {bash_operator.py:123} INFO - 2015-08-02
[2019-03-19 10:43:51,616] {bash_operator.py:123} INFO - Parameter I passed in
[2019-03-19 10:43:51,616] {bash_operator.py:127} INFO - Command exited with return code 0
[2019-03-19 10:43:55,719] {logging_mixin.py:95} INFO - [2019-03-19 10:43:55,718] {jobs.py:2527} INFO - Task exited with return code 0
