[2019-03-19 11:20:00,269] {models.py:1359} INFO - Dependencies all met for <TaskInstance: tutorial.templated 2015-10-04T00:00:00+00:00 [queued]>
[2019-03-19 11:20:00,273] {models.py:1359} INFO - Dependencies all met for <TaskInstance: tutorial.templated 2015-10-04T00:00:00+00:00 [queued]>
[2019-03-19 11:20:00,273] {models.py:1571} INFO - 
--------------------------------------------------------------------------------
Starting attempt 1 of 2
--------------------------------------------------------------------------------

[2019-03-19 11:20:00,289] {models.py:1593} INFO - Executing <Task(BashOperator): templated> on 2015-10-04T00:00:00+00:00
[2019-03-19 11:20:00,289] {base_task_runner.py:118} INFO - Running: ['bash', '-c', 'airflow run tutorial templated 2015-10-04T00:00:00+00:00 --job_id 257 --raw -sd DAGS_FOLDER/example_dags/tutorial.py --cfg_path /tmp/tmp678p_2jr']
[2019-03-19 11:20:00,896] {base_task_runner.py:101} INFO - Job 257: Subtask templated [2019-03-19 11:20:00,896] {__init__.py:51} INFO - Using executor SequentialExecutor
[2019-03-19 11:20:01,118] {base_task_runner.py:101} INFO - Job 257: Subtask templated [2019-03-19 11:20:01,118] {models.py:273} INFO - Filling up the DagBag from /home/rsandroni/airflow/dags/example_dags/tutorial.py
[2019-03-19 11:20:01,163] {base_task_runner.py:101} INFO - Job 257: Subtask templated [2019-03-19 11:20:01,162] {cli.py:520} INFO - Running <TaskInstance: tutorial.templated 2015-10-04T00:00:00+00:00 [running]> on host IADAIRP1.globalrs.rack.space
[2019-03-19 11:20:01,181] {bash_operator.py:77} INFO - Tmp dir root location: 
 /tmp
[2019-03-19 11:20:01,182] {bash_operator.py:86} INFO - Exporting the following env vars:
AIRFLOW_CTX_DAG_ID=tutorial
AIRFLOW_CTX_TASK_ID=templated
AIRFLOW_CTX_EXECUTION_DATE=2015-10-04T00:00:00+00:00
AIRFLOW_CTX_DAG_RUN_ID=scheduled__2015-10-04T00:00:00+00:00
[2019-03-19 11:20:01,182] {bash_operator.py:100} INFO - Temporary script location: /tmp/airflowtmpnooea02g/templatedbosif10g
[2019-03-19 11:20:01,182] {bash_operator.py:110} INFO - Running command: 

    echo "2015-10-04"
    echo "2015-10-11"
    echo "Parameter I passed in"

    echo "2015-10-04"
    echo "2015-10-11"
    echo "Parameter I passed in"

    echo "2015-10-04"
    echo "2015-10-11"
    echo "Parameter I passed in"

    echo "2015-10-04"
    echo "2015-10-11"
    echo "Parameter I passed in"

    echo "2015-10-04"
    echo "2015-10-11"
    echo "Parameter I passed in"

[2019-03-19 11:20:01,187] {bash_operator.py:119} INFO - Output:
[2019-03-19 11:20:01,188] {bash_operator.py:123} INFO - 2015-10-04
[2019-03-19 11:20:01,188] {bash_operator.py:123} INFO - 2015-10-11
[2019-03-19 11:20:01,188] {bash_operator.py:123} INFO - Parameter I passed in
[2019-03-19 11:20:01,188] {bash_operator.py:123} INFO - 2015-10-04
[2019-03-19 11:20:01,189] {bash_operator.py:123} INFO - 2015-10-11
[2019-03-19 11:20:01,189] {bash_operator.py:123} INFO - Parameter I passed in
[2019-03-19 11:20:01,189] {bash_operator.py:123} INFO - 2015-10-04
[2019-03-19 11:20:01,189] {bash_operator.py:123} INFO - 2015-10-11
[2019-03-19 11:20:01,189] {bash_operator.py:123} INFO - Parameter I passed in
[2019-03-19 11:20:01,189] {bash_operator.py:123} INFO - 2015-10-04
[2019-03-19 11:20:01,189] {bash_operator.py:123} INFO - 2015-10-11
[2019-03-19 11:20:01,189] {bash_operator.py:123} INFO - Parameter I passed in
[2019-03-19 11:20:01,189] {bash_operator.py:123} INFO - 2015-10-04
[2019-03-19 11:20:01,189] {bash_operator.py:123} INFO - 2015-10-11
[2019-03-19 11:20:01,189] {bash_operator.py:123} INFO - Parameter I passed in
[2019-03-19 11:20:01,189] {bash_operator.py:127} INFO - Command exited with return code 0
[2019-03-19 11:20:05,270] {logging_mixin.py:95} INFO - [2019-03-19 11:20:05,269] {jobs.py:2527} INFO - Task exited with return code 0
