[2019-03-22 03:26:35,777] {models.py:1359} INFO - Dependencies all met for <TaskInstance: tutorial.templated 2018-11-25T00:00:00+00:00 [queued]>
[2019-03-22 03:26:35,786] {models.py:1359} INFO - Dependencies all met for <TaskInstance: tutorial.templated 2018-11-25T00:00:00+00:00 [queued]>
[2019-03-22 03:26:35,786] {models.py:1571} INFO - 
--------------------------------------------------------------------------------
Starting attempt 1 of 2
--------------------------------------------------------------------------------

[2019-03-22 03:26:35,861] {models.py:1593} INFO - Executing <Task(BashOperator): templated> on 2018-11-25T00:00:00+00:00
[2019-03-22 03:26:35,861] {base_task_runner.py:118} INFO - Running: ['bash', '-c', 'airflow run tutorial templated 2018-11-25T00:00:00+00:00 --job_id 2622 --raw -sd DAGS_FOLDER/example_dags/tutorial.py --cfg_path /tmp/tmp4qj7g62g']
[2019-03-22 03:26:36,626] {base_task_runner.py:101} INFO - Job 2622: Subtask templated [2019-03-22 03:26:36,623] {__init__.py:51} INFO - Using executor SequentialExecutor
[2019-03-22 03:26:37,004] {base_task_runner.py:101} INFO - Job 2622: Subtask templated [2019-03-22 03:26:36,996] {models.py:273} INFO - Filling up the DagBag from /home/rsandroni/airflow/dags/example_dags/tutorial.py
[2019-03-22 03:26:37,097] {base_task_runner.py:101} INFO - Job 2622: Subtask templated [2019-03-22 03:26:37,094] {cli.py:520} INFO - Running <TaskInstance: tutorial.templated 2018-11-25T00:00:00+00:00 [running]> on host IADAIRP1.globalrs.rack.space
[2019-03-22 03:26:37,121] {bash_operator.py:77} INFO - Tmp dir root location: 
 /tmp
[2019-03-22 03:26:37,121] {bash_operator.py:86} INFO - Exporting the following env vars:
AIRFLOW_CTX_DAG_ID=tutorial
AIRFLOW_CTX_TASK_ID=templated
AIRFLOW_CTX_EXECUTION_DATE=2018-11-25T00:00:00+00:00
AIRFLOW_CTX_DAG_RUN_ID=scheduled__2018-11-25T00:00:00+00:00
[2019-03-22 03:26:37,122] {bash_operator.py:100} INFO - Temporary script location: /tmp/airflowtmpqkuswy0a/templated5anghz7f
[2019-03-22 03:26:37,122] {bash_operator.py:110} INFO - Running command: 

    echo "2018-11-25"
    echo "2018-12-02"
    echo "Parameter I passed in"

    echo "2018-11-25"
    echo "2018-12-02"
    echo "Parameter I passed in"

    echo "2018-11-25"
    echo "2018-12-02"
    echo "Parameter I passed in"

    echo "2018-11-25"
    echo "2018-12-02"
    echo "Parameter I passed in"

    echo "2018-11-25"
    echo "2018-12-02"
    echo "Parameter I passed in"

[2019-03-22 03:26:37,140] {bash_operator.py:119} INFO - Output:
[2019-03-22 03:26:37,141] {bash_operator.py:123} INFO - 2018-11-25
[2019-03-22 03:26:37,141] {bash_operator.py:123} INFO - 2018-12-02
[2019-03-22 03:26:37,141] {bash_operator.py:123} INFO - Parameter I passed in
[2019-03-22 03:26:37,141] {bash_operator.py:123} INFO - 2018-11-25
[2019-03-22 03:26:37,141] {bash_operator.py:123} INFO - 2018-12-02
[2019-03-22 03:26:37,141] {bash_operator.py:123} INFO - Parameter I passed in
[2019-03-22 03:26:37,141] {bash_operator.py:123} INFO - 2018-11-25
[2019-03-22 03:26:37,141] {bash_operator.py:123} INFO - 2018-12-02
[2019-03-22 03:26:37,141] {bash_operator.py:123} INFO - Parameter I passed in
[2019-03-22 03:26:37,141] {bash_operator.py:123} INFO - 2018-11-25
[2019-03-22 03:26:37,141] {bash_operator.py:123} INFO - 2018-12-02
[2019-03-22 03:26:37,141] {bash_operator.py:123} INFO - Parameter I passed in
[2019-03-22 03:26:37,141] {bash_operator.py:123} INFO - 2018-11-25
[2019-03-22 03:26:37,141] {bash_operator.py:123} INFO - 2018-12-02
[2019-03-22 03:26:37,142] {bash_operator.py:123} INFO - Parameter I passed in
[2019-03-22 03:26:37,142] {bash_operator.py:127} INFO - Command exited with return code 0
[2019-03-22 03:26:40,733] {logging_mixin.py:95} INFO - [2019-03-22 03:26:40,732] {jobs.py:2527} INFO - Task exited with return code 0
