[2019-03-22 04:14:10,789] {models.py:1359} INFO - Dependencies all met for <TaskInstance: tutorial.templated 2018-12-31T00:00:00+00:00 [queued]>
[2019-03-22 04:14:10,794] {models.py:1359} INFO - Dependencies all met for <TaskInstance: tutorial.templated 2018-12-31T00:00:00+00:00 [queued]>
[2019-03-22 04:14:10,795] {models.py:1571} INFO - 
--------------------------------------------------------------------------------
Starting attempt 1 of 2
--------------------------------------------------------------------------------

[2019-03-22 04:14:10,852] {models.py:1593} INFO - Executing <Task(BashOperator): templated> on 2018-12-31T00:00:00+00:00
[2019-03-22 04:14:10,852] {base_task_runner.py:118} INFO - Running: ['bash', '-c', 'airflow run tutorial templated 2018-12-31T00:00:00+00:00 --job_id 2694 --raw -sd DAGS_FOLDER/example_dags/tutorial.py --cfg_path /tmp/tmpeykoyfqd']
[2019-03-22 04:14:11,688] {base_task_runner.py:101} INFO - Job 2694: Subtask templated [2019-03-22 04:14:11,687] {__init__.py:51} INFO - Using executor SequentialExecutor
[2019-03-22 04:14:11,987] {base_task_runner.py:101} INFO - Job 2694: Subtask templated [2019-03-22 04:14:11,986] {models.py:273} INFO - Filling up the DagBag from /home/rsandroni/airflow/dags/example_dags/tutorial.py
[2019-03-22 04:14:12,060] {base_task_runner.py:101} INFO - Job 2694: Subtask templated [2019-03-22 04:14:12,058] {cli.py:520} INFO - Running <TaskInstance: tutorial.templated 2018-12-31T00:00:00+00:00 [running]> on host IADAIRP1.globalrs.rack.space
[2019-03-22 04:14:12,093] {bash_operator.py:77} INFO - Tmp dir root location: 
 /tmp
[2019-03-22 04:14:12,094] {bash_operator.py:86} INFO - Exporting the following env vars:
AIRFLOW_CTX_DAG_ID=tutorial
AIRFLOW_CTX_TASK_ID=templated
AIRFLOW_CTX_EXECUTION_DATE=2018-12-31T00:00:00+00:00
AIRFLOW_CTX_DAG_RUN_ID=scheduled__2018-12-31T00:00:00+00:00
[2019-03-22 04:14:12,095] {bash_operator.py:100} INFO - Temporary script location: /tmp/airflowtmpgy0pyfam/templatedoij03lyn
[2019-03-22 04:14:12,095] {bash_operator.py:110} INFO - Running command: 

    echo "2018-12-31"
    echo "2019-01-07"
    echo "Parameter I passed in"

    echo "2018-12-31"
    echo "2019-01-07"
    echo "Parameter I passed in"

    echo "2018-12-31"
    echo "2019-01-07"
    echo "Parameter I passed in"

    echo "2018-12-31"
    echo "2019-01-07"
    echo "Parameter I passed in"

    echo "2018-12-31"
    echo "2019-01-07"
    echo "Parameter I passed in"

[2019-03-22 04:14:12,106] {bash_operator.py:119} INFO - Output:
[2019-03-22 04:14:12,106] {bash_operator.py:123} INFO - 2018-12-31
[2019-03-22 04:14:12,106] {bash_operator.py:123} INFO - 2019-01-07
[2019-03-22 04:14:12,106] {bash_operator.py:123} INFO - Parameter I passed in
[2019-03-22 04:14:12,106] {bash_operator.py:123} INFO - 2018-12-31
[2019-03-22 04:14:12,106] {bash_operator.py:123} INFO - 2019-01-07
[2019-03-22 04:14:12,106] {bash_operator.py:123} INFO - Parameter I passed in
[2019-03-22 04:14:12,106] {bash_operator.py:123} INFO - 2018-12-31
[2019-03-22 04:14:12,107] {bash_operator.py:123} INFO - 2019-01-07
[2019-03-22 04:14:12,107] {bash_operator.py:123} INFO - Parameter I passed in
[2019-03-22 04:14:12,107] {bash_operator.py:123} INFO - 2018-12-31
[2019-03-22 04:14:12,107] {bash_operator.py:123} INFO - 2019-01-07
[2019-03-22 04:14:12,107] {bash_operator.py:123} INFO - Parameter I passed in
[2019-03-22 04:14:12,107] {bash_operator.py:123} INFO - 2018-12-31
[2019-03-22 04:14:12,107] {bash_operator.py:123} INFO - 2019-01-07
[2019-03-22 04:14:12,107] {bash_operator.py:123} INFO - Parameter I passed in
[2019-03-22 04:14:12,107] {bash_operator.py:127} INFO - Command exited with return code 0
[2019-03-22 04:14:15,740] {logging_mixin.py:95} INFO - [2019-03-22 04:14:15,740] {jobs.py:2527} INFO - Task exited with return code 0
