[2019-03-19 14:20:01,510] {models.py:1359} INFO - Dependencies all met for <TaskInstance: tutorial.print_date 2016-10-26T00:00:00+00:00 [queued]>
[2019-03-19 14:20:01,512] {models.py:1359} INFO - Dependencies all met for <TaskInstance: tutorial.print_date 2016-10-26T00:00:00+00:00 [queued]>
[2019-03-19 14:20:01,513] {models.py:1571} INFO - 
--------------------------------------------------------------------------------
Starting attempt 1 of 2
--------------------------------------------------------------------------------

[2019-03-19 14:20:01,587] {models.py:1593} INFO - Executing <Task(BashOperator): print_date> on 2016-10-26T00:00:00+00:00
[2019-03-19 14:20:01,588] {base_task_runner.py:118} INFO - Running: ['bash', '-c', 'airflow run tutorial print_date 2016-10-26T00:00:00+00:00 --job_id 1032 --raw -sd DAGS_FOLDER/tutorial.py --cfg_path /tmp/tmp2y_lj0_q']
[2019-03-19 14:20:02,941] {base_task_runner.py:101} INFO - Job 1032: Subtask print_date [2019-03-19 14:20:02,940] {__init__.py:51} INFO - Using executor SequentialExecutor
[2019-03-19 14:20:03,543] {base_task_runner.py:101} INFO - Job 1032: Subtask print_date [2019-03-19 14:20:03,541] {models.py:273} INFO - Filling up the DagBag from /home/rsandroni/airflow/dags/tutorial.py
[2019-03-19 14:20:03,589] {base_task_runner.py:101} INFO - Job 1032: Subtask print_date [2019-03-19 14:20:03,585] {cli.py:520} INFO - Running <TaskInstance: tutorial.print_date 2016-10-26T00:00:00+00:00 [running]> on host IADAIRP1.globalrs.rack.space
[2019-03-19 14:20:03,625] {bash_operator.py:77} INFO - Tmp dir root location: 
 /tmp
[2019-03-19 14:20:03,626] {bash_operator.py:86} INFO - Exporting the following env vars:
AIRFLOW_CTX_DAG_ID=tutorial
AIRFLOW_CTX_TASK_ID=print_date
AIRFLOW_CTX_EXECUTION_DATE=2016-10-26T00:00:00+00:00
AIRFLOW_CTX_DAG_RUN_ID=scheduled__2016-10-26T00:00:00+00:00
[2019-03-19 14:20:03,626] {bash_operator.py:100} INFO - Temporary script location: /tmp/airflowtmp8sqr3fvy/print_datekghg2t6m
[2019-03-19 14:20:03,626] {bash_operator.py:110} INFO - Running command: date
[2019-03-19 14:20:03,661] {bash_operator.py:119} INFO - Output:
[2019-03-19 14:20:03,688] {bash_operator.py:123} INFO - Ter Mar 19 14:20:03 -03 2019
[2019-03-19 14:20:03,689] {bash_operator.py:127} INFO - Command exited with return code 0
[2019-03-19 14:20:06,532] {logging_mixin.py:95} INFO - [2019-03-19 14:20:06,532] {jobs.py:2527} INFO - Task exited with return code 0
