[2019-03-22 01:32:58,453] {models.py:1359} INFO - Dependencies all met for <TaskInstance: tutorial.templated 2018-08-31T00:00:00+00:00 [queued]>
[2019-03-22 01:32:58,458] {models.py:1359} INFO - Dependencies all met for <TaskInstance: tutorial.templated 2018-08-31T00:00:00+00:00 [queued]>
[2019-03-22 01:32:58,458] {models.py:1571} INFO - 
--------------------------------------------------------------------------------
Starting attempt 1 of 2
--------------------------------------------------------------------------------

[2019-03-22 01:32:58,509] {models.py:1593} INFO - Executing <Task(BashOperator): templated> on 2018-08-31T00:00:00+00:00
[2019-03-22 01:32:58,509] {base_task_runner.py:118} INFO - Running: ['bash', '-c', 'airflow run tutorial templated 2018-08-31T00:00:00+00:00 --job_id 2450 --raw -sd DAGS_FOLDER/example_dags/tutorial.py --cfg_path /tmp/tmp62jsoja7']
[2019-03-22 01:32:59,237] {base_task_runner.py:101} INFO - Job 2450: Subtask templated [2019-03-22 01:32:59,236] {__init__.py:51} INFO - Using executor SequentialExecutor
[2019-03-22 01:32:59,548] {base_task_runner.py:101} INFO - Job 2450: Subtask templated [2019-03-22 01:32:59,547] {models.py:273} INFO - Filling up the DagBag from /home/rsandroni/airflow/dags/example_dags/tutorial.py
[2019-03-22 01:32:59,612] {base_task_runner.py:101} INFO - Job 2450: Subtask templated [2019-03-22 01:32:59,612] {cli.py:520} INFO - Running <TaskInstance: tutorial.templated 2018-08-31T00:00:00+00:00 [running]> on host IADAIRP1.globalrs.rack.space
[2019-03-22 01:32:59,630] {bash_operator.py:77} INFO - Tmp dir root location: 
 /tmp
[2019-03-22 01:32:59,630] {bash_operator.py:86} INFO - Exporting the following env vars:
AIRFLOW_CTX_DAG_ID=tutorial
AIRFLOW_CTX_TASK_ID=templated
AIRFLOW_CTX_EXECUTION_DATE=2018-08-31T00:00:00+00:00
AIRFLOW_CTX_DAG_RUN_ID=scheduled__2018-08-31T00:00:00+00:00
[2019-03-22 01:32:59,631] {bash_operator.py:100} INFO - Temporary script location: /tmp/airflowtmpy3zxv2jt/templatedh2m0sjv7
[2019-03-22 01:32:59,631] {bash_operator.py:110} INFO - Running command: 

    echo "2018-08-31"
    echo "2018-09-07"
    echo "Parameter I passed in"

    echo "2018-08-31"
    echo "2018-09-07"
    echo "Parameter I passed in"

    echo "2018-08-31"
    echo "2018-09-07"
    echo "Parameter I passed in"

    echo "2018-08-31"
    echo "2018-09-07"
    echo "Parameter I passed in"

    echo "2018-08-31"
    echo "2018-09-07"
    echo "Parameter I passed in"

[2019-03-22 01:32:59,636] {bash_operator.py:119} INFO - Output:
[2019-03-22 01:32:59,637] {bash_operator.py:123} INFO - 2018-08-31
[2019-03-22 01:32:59,637] {bash_operator.py:123} INFO - 2018-09-07
[2019-03-22 01:32:59,637] {bash_operator.py:123} INFO - Parameter I passed in
[2019-03-22 01:32:59,637] {bash_operator.py:123} INFO - 2018-08-31
[2019-03-22 01:32:59,637] {bash_operator.py:123} INFO - 2018-09-07
[2019-03-22 01:32:59,637] {bash_operator.py:123} INFO - Parameter I passed in
[2019-03-22 01:32:59,637] {bash_operator.py:123} INFO - 2018-08-31
[2019-03-22 01:32:59,637] {bash_operator.py:123} INFO - 2018-09-07
[2019-03-22 01:32:59,637] {bash_operator.py:123} INFO - Parameter I passed in
[2019-03-22 01:32:59,637] {bash_operator.py:123} INFO - 2018-08-31
[2019-03-22 01:32:59,637] {bash_operator.py:123} INFO - 2018-09-07
[2019-03-22 01:32:59,637] {bash_operator.py:123} INFO - Parameter I passed in
[2019-03-22 01:32:59,637] {bash_operator.py:123} INFO - 2018-08-31
[2019-03-22 01:32:59,637] {bash_operator.py:123} INFO - 2018-09-07
[2019-03-22 01:32:59,638] {bash_operator.py:123} INFO - Parameter I passed in
[2019-03-22 01:32:59,638] {bash_operator.py:127} INFO - Command exited with return code 0
[2019-03-22 01:33:03,479] {logging_mixin.py:95} INFO - [2019-03-22 01:33:03,478] {jobs.py:2527} INFO - Task exited with return code 0
