[2019-03-19 12:38:21,143] {models.py:1359} INFO - Dependencies all met for <TaskInstance: tutorial.print_date 2016-03-31T00:00:00+00:00 [queued]>
[2019-03-19 12:38:21,145] {models.py:1359} INFO - Dependencies all met for <TaskInstance: tutorial.print_date 2016-03-31T00:00:00+00:00 [queued]>
[2019-03-19 12:38:21,146] {models.py:1571} INFO - 
--------------------------------------------------------------------------------
Starting attempt 1 of 2
--------------------------------------------------------------------------------

[2019-03-19 12:38:21,248] {models.py:1593} INFO - Executing <Task(BashOperator): print_date> on 2016-03-31T00:00:00+00:00
[2019-03-19 12:38:21,248] {base_task_runner.py:118} INFO - Running: ['bash', '-c', 'airflow run tutorial print_date 2016-03-31T00:00:00+00:00 --job_id 613 --raw -sd DAGS_FOLDER/tutorial.py --cfg_path /tmp/tmpeskne_h9']
[2019-03-19 12:38:24,173] {base_task_runner.py:101} INFO - Job 613: Subtask print_date [2019-03-19 12:38:24,169] {__init__.py:51} INFO - Using executor SequentialExecutor
[2019-03-19 12:38:25,172] {base_task_runner.py:101} INFO - Job 613: Subtask print_date [2019-03-19 12:38:25,165] {models.py:273} INFO - Filling up the DagBag from /home/rsandroni/airflow/dags/tutorial.py
[2019-03-19 12:38:25,198] {base_task_runner.py:101} INFO - Job 613: Subtask print_date [2019-03-19 12:38:25,194] {cli.py:520} INFO - Running <TaskInstance: tutorial.print_date 2016-03-31T00:00:00+00:00 [running]> on host IADAIRP1.globalrs.rack.space
[2019-03-19 12:38:25,220] {bash_operator.py:77} INFO - Tmp dir root location: 
 /tmp
[2019-03-19 12:38:25,220] {bash_operator.py:86} INFO - Exporting the following env vars:
AIRFLOW_CTX_DAG_ID=tutorial
AIRFLOW_CTX_TASK_ID=print_date
AIRFLOW_CTX_EXECUTION_DATE=2016-03-31T00:00:00+00:00
AIRFLOW_CTX_DAG_RUN_ID=scheduled__2016-03-31T00:00:00+00:00
[2019-03-19 12:38:25,221] {bash_operator.py:100} INFO - Temporary script location: /tmp/airflowtmpwnoosz9q/print_dateh7q3weaq
[2019-03-19 12:38:25,221] {bash_operator.py:110} INFO - Running command: date
[2019-03-19 12:38:25,259] {bash_operator.py:119} INFO - Output:
[2019-03-19 12:38:25,297] {bash_operator.py:123} INFO - Ter Mar 19 12:38:25 -03 2019
[2019-03-19 12:38:25,297] {bash_operator.py:127} INFO - Command exited with return code 0
[2019-03-19 12:38:26,112] {logging_mixin.py:95} INFO - [2019-03-19 12:38:26,111] {jobs.py:2527} INFO - Task exited with return code 0
