[2019-03-19 13:58:27,635] {models.py:1359} INFO - Dependencies all met for <TaskInstance: tutorial.templated 2016-09-13T00:00:00+00:00 [queued]>
[2019-03-19 13:58:27,639] {models.py:1359} INFO - Dependencies all met for <TaskInstance: tutorial.templated 2016-09-13T00:00:00+00:00 [queued]>
[2019-03-19 13:58:27,639] {models.py:1571} INFO - 
--------------------------------------------------------------------------------
Starting attempt 1 of 2
--------------------------------------------------------------------------------

[2019-03-19 13:58:27,700] {models.py:1593} INFO - Executing <Task(BashOperator): templated> on 2016-09-13T00:00:00+00:00
[2019-03-19 13:58:27,700] {base_task_runner.py:118} INFO - Running: ['bash', '-c', 'airflow run tutorial templated 2016-09-13T00:00:00+00:00 --job_id 947 --raw -sd DAGS_FOLDER/example_dags/tutorial.py --cfg_path /tmp/tmp25m5qmkp']
[2019-03-19 13:58:29,394] {base_task_runner.py:101} INFO - Job 947: Subtask templated [2019-03-19 13:58:29,393] {__init__.py:51} INFO - Using executor SequentialExecutor
[2019-03-19 13:58:30,004] {base_task_runner.py:101} INFO - Job 947: Subtask templated [2019-03-19 13:58:29,996] {models.py:273} INFO - Filling up the DagBag from /home/rsandroni/airflow/dags/example_dags/tutorial.py
[2019-03-19 13:58:30,119] {base_task_runner.py:101} INFO - Job 947: Subtask templated [2019-03-19 13:58:30,114] {cli.py:520} INFO - Running <TaskInstance: tutorial.templated 2016-09-13T00:00:00+00:00 [running]> on host IADAIRP1.globalrs.rack.space
[2019-03-19 13:58:30,152] {bash_operator.py:77} INFO - Tmp dir root location: 
 /tmp
[2019-03-19 13:58:30,152] {bash_operator.py:86} INFO - Exporting the following env vars:
AIRFLOW_CTX_DAG_ID=tutorial
AIRFLOW_CTX_TASK_ID=templated
AIRFLOW_CTX_EXECUTION_DATE=2016-09-13T00:00:00+00:00
AIRFLOW_CTX_DAG_RUN_ID=scheduled__2016-09-13T00:00:00+00:00
[2019-03-19 13:58:30,153] {bash_operator.py:100} INFO - Temporary script location: /tmp/airflowtmpg_ovnimn/templatedd59jg4dn
[2019-03-19 13:58:30,153] {bash_operator.py:110} INFO - Running command: 

    echo "2016-09-13"
    echo "2016-09-20"
    echo "Parameter I passed in"

    echo "2016-09-13"
    echo "2016-09-20"
    echo "Parameter I passed in"

    echo "2016-09-13"
    echo "2016-09-20"
    echo "Parameter I passed in"

    echo "2016-09-13"
    echo "2016-09-20"
    echo "Parameter I passed in"

    echo "2016-09-13"
    echo "2016-09-20"
    echo "Parameter I passed in"

[2019-03-19 13:58:30,200] {bash_operator.py:119} INFO - Output:
[2019-03-19 13:58:30,200] {bash_operator.py:123} INFO - 2016-09-13
[2019-03-19 13:58:30,200] {bash_operator.py:123} INFO - 2016-09-20
[2019-03-19 13:58:30,200] {bash_operator.py:123} INFO - Parameter I passed in
[2019-03-19 13:58:30,200] {bash_operator.py:123} INFO - 2016-09-13
[2019-03-19 13:58:30,200] {bash_operator.py:123} INFO - 2016-09-20
[2019-03-19 13:58:30,200] {bash_operator.py:123} INFO - Parameter I passed in
[2019-03-19 13:58:30,201] {bash_operator.py:123} INFO - 2016-09-13
[2019-03-19 13:58:30,201] {bash_operator.py:123} INFO - 2016-09-20
[2019-03-19 13:58:30,201] {bash_operator.py:123} INFO - Parameter I passed in
[2019-03-19 13:58:30,201] {bash_operator.py:123} INFO - 2016-09-13
[2019-03-19 13:58:30,201] {bash_operator.py:123} INFO - 2016-09-20
[2019-03-19 13:58:30,201] {bash_operator.py:123} INFO - Parameter I passed in
[2019-03-19 13:58:30,201] {bash_operator.py:123} INFO - 2016-09-13
[2019-03-19 13:58:30,201] {bash_operator.py:123} INFO - 2016-09-20
[2019-03-19 13:58:30,201] {bash_operator.py:123} INFO - Parameter I passed in
[2019-03-19 13:58:30,201] {bash_operator.py:127} INFO - Command exited with return code 0
[2019-03-19 13:58:32,558] {logging_mixin.py:95} INFO - [2019-03-19 13:58:32,557] {jobs.py:2527} INFO - Task exited with return code 0
