[2019-03-21 18:52:29,313] {models.py:1359} INFO - Dependencies all met for <TaskInstance: tutorial.templated 2017-10-29T00:00:00+00:00 [queued]>
[2019-03-21 18:52:29,318] {models.py:1359} INFO - Dependencies all met for <TaskInstance: tutorial.templated 2017-10-29T00:00:00+00:00 [queued]>
[2019-03-21 18:52:29,318] {models.py:1571} INFO - 
--------------------------------------------------------------------------------
Starting attempt 1 of 2
--------------------------------------------------------------------------------

[2019-03-21 18:52:29,333] {models.py:1593} INFO - Executing <Task(BashOperator): templated> on 2017-10-29T00:00:00+00:00
[2019-03-21 18:52:29,333] {base_task_runner.py:118} INFO - Running: ['bash', '-c', 'airflow run tutorial templated 2017-10-29T00:00:00+00:00 --job_id 1838 --raw -sd DAGS_FOLDER/example_dags/tutorial.py --cfg_path /tmp/tmp2xdeql8g']
[2019-03-21 18:52:29,971] {base_task_runner.py:101} INFO - Job 1838: Subtask templated [2019-03-21 18:52:29,970] {__init__.py:51} INFO - Using executor SequentialExecutor
[2019-03-21 18:52:30,200] {base_task_runner.py:101} INFO - Job 1838: Subtask templated [2019-03-21 18:52:30,200] {models.py:273} INFO - Filling up the DagBag from /home/rsandroni/airflow/dags/example_dags/tutorial.py
[2019-03-21 18:52:30,264] {base_task_runner.py:101} INFO - Job 1838: Subtask templated [2019-03-21 18:52:30,264] {cli.py:520} INFO - Running <TaskInstance: tutorial.templated 2017-10-29T00:00:00+00:00 [running]> on host IADAIRP1.globalrs.rack.space
[2019-03-21 18:52:30,285] {bash_operator.py:77} INFO - Tmp dir root location: 
 /tmp
[2019-03-21 18:52:30,286] {bash_operator.py:86} INFO - Exporting the following env vars:
AIRFLOW_CTX_DAG_ID=tutorial
AIRFLOW_CTX_TASK_ID=templated
AIRFLOW_CTX_EXECUTION_DATE=2017-10-29T00:00:00+00:00
AIRFLOW_CTX_DAG_RUN_ID=scheduled__2017-10-29T00:00:00+00:00
[2019-03-21 18:52:30,286] {bash_operator.py:100} INFO - Temporary script location: /tmp/airflowtmpiscpprrq/templated8kzbkhbh
[2019-03-21 18:52:30,286] {bash_operator.py:110} INFO - Running command: 

    echo "2017-10-29"
    echo "2017-11-05"
    echo "Parameter I passed in"

    echo "2017-10-29"
    echo "2017-11-05"
    echo "Parameter I passed in"

    echo "2017-10-29"
    echo "2017-11-05"
    echo "Parameter I passed in"

    echo "2017-10-29"
    echo "2017-11-05"
    echo "Parameter I passed in"

    echo "2017-10-29"
    echo "2017-11-05"
    echo "Parameter I passed in"

[2019-03-21 18:52:30,294] {bash_operator.py:119} INFO - Output:
[2019-03-21 18:52:30,294] {bash_operator.py:123} INFO - 2017-10-29
[2019-03-21 18:52:30,294] {bash_operator.py:123} INFO - 2017-11-05
[2019-03-21 18:52:30,294] {bash_operator.py:123} INFO - Parameter I passed in
[2019-03-21 18:52:30,294] {bash_operator.py:123} INFO - 2017-10-29
[2019-03-21 18:52:30,294] {bash_operator.py:123} INFO - 2017-11-05
[2019-03-21 18:52:30,295] {bash_operator.py:123} INFO - Parameter I passed in
[2019-03-21 18:52:30,295] {bash_operator.py:123} INFO - 2017-10-29
[2019-03-21 18:52:30,295] {bash_operator.py:123} INFO - 2017-11-05
[2019-03-21 18:52:30,295] {bash_operator.py:123} INFO - Parameter I passed in
[2019-03-21 18:52:30,295] {bash_operator.py:123} INFO - 2017-10-29
[2019-03-21 18:52:30,295] {bash_operator.py:123} INFO - 2017-11-05
[2019-03-21 18:52:30,295] {bash_operator.py:123} INFO - Parameter I passed in
[2019-03-21 18:52:30,295] {bash_operator.py:123} INFO - 2017-10-29
[2019-03-21 18:52:30,295] {bash_operator.py:123} INFO - 2017-11-05
[2019-03-21 18:52:30,295] {bash_operator.py:123} INFO - Parameter I passed in
[2019-03-21 18:52:30,295] {bash_operator.py:127} INFO - Command exited with return code 0
[2019-03-21 18:52:34,314] {logging_mixin.py:95} INFO - [2019-03-21 18:52:34,313] {jobs.py:2527} INFO - Task exited with return code 0
