[2019-03-22 00:58:31,480] {models.py:1359} INFO - Dependencies all met for <TaskInstance: tutorial.templated 2018-08-05T00:00:00+00:00 [queued]>
[2019-03-22 00:58:31,485] {models.py:1359} INFO - Dependencies all met for <TaskInstance: tutorial.templated 2018-08-05T00:00:00+00:00 [queued]>
[2019-03-22 00:58:31,485] {models.py:1571} INFO - 
--------------------------------------------------------------------------------
Starting attempt 1 of 2
--------------------------------------------------------------------------------

[2019-03-22 00:58:31,500] {models.py:1593} INFO - Executing <Task(BashOperator): templated> on 2018-08-05T00:00:00+00:00
[2019-03-22 00:58:31,501] {base_task_runner.py:118} INFO - Running: ['bash', '-c', 'airflow run tutorial templated 2018-08-05T00:00:00+00:00 --job_id 2398 --raw -sd DAGS_FOLDER/example_dags/tutorial.py --cfg_path /tmp/tmpzorkd04_']
[2019-03-22 00:58:32,159] {base_task_runner.py:101} INFO - Job 2398: Subtask templated [2019-03-22 00:58:32,158] {__init__.py:51} INFO - Using executor SequentialExecutor
[2019-03-22 00:58:32,433] {base_task_runner.py:101} INFO - Job 2398: Subtask templated [2019-03-22 00:58:32,432] {models.py:273} INFO - Filling up the DagBag from /home/rsandroni/airflow/dags/example_dags/tutorial.py
[2019-03-22 00:58:32,499] {base_task_runner.py:101} INFO - Job 2398: Subtask templated [2019-03-22 00:58:32,499] {cli.py:520} INFO - Running <TaskInstance: tutorial.templated 2018-08-05T00:00:00+00:00 [running]> on host IADAIRP1.globalrs.rack.space
[2019-03-22 00:58:32,516] {bash_operator.py:77} INFO - Tmp dir root location: 
 /tmp
[2019-03-22 00:58:32,516] {bash_operator.py:86} INFO - Exporting the following env vars:
AIRFLOW_CTX_DAG_ID=tutorial
AIRFLOW_CTX_TASK_ID=templated
AIRFLOW_CTX_EXECUTION_DATE=2018-08-05T00:00:00+00:00
AIRFLOW_CTX_DAG_RUN_ID=scheduled__2018-08-05T00:00:00+00:00
[2019-03-22 00:58:32,517] {bash_operator.py:100} INFO - Temporary script location: /tmp/airflowtmpzlrbftyn/templatedtg0y85jw
[2019-03-22 00:58:32,517] {bash_operator.py:110} INFO - Running command: 

    echo "2018-08-05"
    echo "2018-08-12"
    echo "Parameter I passed in"

    echo "2018-08-05"
    echo "2018-08-12"
    echo "Parameter I passed in"

    echo "2018-08-05"
    echo "2018-08-12"
    echo "Parameter I passed in"

    echo "2018-08-05"
    echo "2018-08-12"
    echo "Parameter I passed in"

    echo "2018-08-05"
    echo "2018-08-12"
    echo "Parameter I passed in"

[2019-03-22 00:58:32,522] {bash_operator.py:119} INFO - Output:
[2019-03-22 00:58:32,523] {bash_operator.py:123} INFO - 2018-08-05
[2019-03-22 00:58:32,524] {bash_operator.py:123} INFO - 2018-08-12
[2019-03-22 00:58:32,524] {bash_operator.py:123} INFO - Parameter I passed in
[2019-03-22 00:58:32,524] {bash_operator.py:123} INFO - 2018-08-05
[2019-03-22 00:58:32,524] {bash_operator.py:123} INFO - 2018-08-12
[2019-03-22 00:58:32,524] {bash_operator.py:123} INFO - Parameter I passed in
[2019-03-22 00:58:32,524] {bash_operator.py:123} INFO - 2018-08-05
[2019-03-22 00:58:32,524] {bash_operator.py:123} INFO - 2018-08-12
[2019-03-22 00:58:32,524] {bash_operator.py:123} INFO - Parameter I passed in
[2019-03-22 00:58:32,524] {bash_operator.py:123} INFO - 2018-08-05
[2019-03-22 00:58:32,524] {bash_operator.py:123} INFO - 2018-08-12
[2019-03-22 00:58:32,524] {bash_operator.py:123} INFO - Parameter I passed in
[2019-03-22 00:58:32,524] {bash_operator.py:123} INFO - 2018-08-05
[2019-03-22 00:58:32,524] {bash_operator.py:123} INFO - 2018-08-12
[2019-03-22 00:58:32,524] {bash_operator.py:123} INFO - Parameter I passed in
[2019-03-22 00:58:32,524] {bash_operator.py:127} INFO - Command exited with return code 0
[2019-03-22 00:58:36,519] {logging_mixin.py:95} INFO - [2019-03-22 00:58:36,518] {jobs.py:2527} INFO - Task exited with return code 0
