[2019-03-22 00:58:38,715] {models.py:1359} INFO - Dependencies all met for <TaskInstance: tutorial.templated 2018-08-06T00:00:00+00:00 [queued]>
[2019-03-22 00:58:38,720] {models.py:1359} INFO - Dependencies all met for <TaskInstance: tutorial.templated 2018-08-06T00:00:00+00:00 [queued]>
[2019-03-22 00:58:38,720] {models.py:1571} INFO - 
--------------------------------------------------------------------------------
Starting attempt 1 of 2
--------------------------------------------------------------------------------

[2019-03-22 00:58:38,763] {models.py:1593} INFO - Executing <Task(BashOperator): templated> on 2018-08-06T00:00:00+00:00
[2019-03-22 00:58:38,763] {base_task_runner.py:118} INFO - Running: ['bash', '-c', 'airflow run tutorial templated 2018-08-06T00:00:00+00:00 --job_id 2399 --raw -sd DAGS_FOLDER/example_dags/tutorial.py --cfg_path /tmp/tmp5gg_170g']
[2019-03-22 00:58:39,560] {base_task_runner.py:101} INFO - Job 2399: Subtask templated [2019-03-22 00:58:39,559] {__init__.py:51} INFO - Using executor SequentialExecutor
[2019-03-22 00:58:39,944] {base_task_runner.py:101} INFO - Job 2399: Subtask templated [2019-03-22 00:58:39,936] {models.py:273} INFO - Filling up the DagBag from /home/rsandroni/airflow/dags/example_dags/tutorial.py
[2019-03-22 00:58:40,090] {base_task_runner.py:101} INFO - Job 2399: Subtask templated [2019-03-22 00:58:40,086] {cli.py:520} INFO - Running <TaskInstance: tutorial.templated 2018-08-06T00:00:00+00:00 [running]> on host IADAIRP1.globalrs.rack.space
[2019-03-22 00:58:40,130] {bash_operator.py:77} INFO - Tmp dir root location: 
 /tmp
[2019-03-22 00:58:40,130] {bash_operator.py:86} INFO - Exporting the following env vars:
AIRFLOW_CTX_DAG_ID=tutorial
AIRFLOW_CTX_TASK_ID=templated
AIRFLOW_CTX_EXECUTION_DATE=2018-08-06T00:00:00+00:00
AIRFLOW_CTX_DAG_RUN_ID=scheduled__2018-08-06T00:00:00+00:00
[2019-03-22 00:58:40,131] {bash_operator.py:100} INFO - Temporary script location: /tmp/airflowtmp6lp416tv/templateda_ls2wgn
[2019-03-22 00:58:40,131] {bash_operator.py:110} INFO - Running command: 

    echo "2018-08-06"
    echo "2018-08-13"
    echo "Parameter I passed in"

    echo "2018-08-06"
    echo "2018-08-13"
    echo "Parameter I passed in"

    echo "2018-08-06"
    echo "2018-08-13"
    echo "Parameter I passed in"

    echo "2018-08-06"
    echo "2018-08-13"
    echo "Parameter I passed in"

    echo "2018-08-06"
    echo "2018-08-13"
    echo "Parameter I passed in"

[2019-03-22 00:58:40,187] {bash_operator.py:119} INFO - Output:
[2019-03-22 00:58:40,188] {bash_operator.py:123} INFO - 2018-08-06
[2019-03-22 00:58:40,188] {bash_operator.py:123} INFO - 2018-08-13
[2019-03-22 00:58:40,188] {bash_operator.py:123} INFO - Parameter I passed in
[2019-03-22 00:58:40,188] {bash_operator.py:123} INFO - 2018-08-06
[2019-03-22 00:58:40,188] {bash_operator.py:123} INFO - 2018-08-13
[2019-03-22 00:58:40,188] {bash_operator.py:123} INFO - Parameter I passed in
[2019-03-22 00:58:40,188] {bash_operator.py:123} INFO - 2018-08-06
[2019-03-22 00:58:40,188] {bash_operator.py:123} INFO - 2018-08-13
[2019-03-22 00:58:40,188] {bash_operator.py:123} INFO - Parameter I passed in
[2019-03-22 00:58:40,188] {bash_operator.py:123} INFO - 2018-08-06
[2019-03-22 00:58:40,188] {bash_operator.py:123} INFO - 2018-08-13
[2019-03-22 00:58:40,188] {bash_operator.py:123} INFO - Parameter I passed in
[2019-03-22 00:58:40,188] {bash_operator.py:123} INFO - 2018-08-06
[2019-03-22 00:58:40,188] {bash_operator.py:123} INFO - 2018-08-13
[2019-03-22 00:58:40,188] {bash_operator.py:123} INFO - Parameter I passed in
[2019-03-22 00:58:40,188] {bash_operator.py:127} INFO - Command exited with return code 0
[2019-03-22 00:58:43,767] {logging_mixin.py:95} INFO - [2019-03-22 00:58:43,766] {jobs.py:2527} INFO - Task exited with return code 0
