[2019-03-19 15:06:14,481] {models.py:1359} INFO - Dependencies all met for <TaskInstance: tutorial.templated 2017-02-01T00:00:00+00:00 [queued]>
[2019-03-19 15:06:14,486] {models.py:1359} INFO - Dependencies all met for <TaskInstance: tutorial.templated 2017-02-01T00:00:00+00:00 [queued]>
[2019-03-19 15:06:14,486] {models.py:1571} INFO - 
--------------------------------------------------------------------------------
Starting attempt 1 of 2
--------------------------------------------------------------------------------

[2019-03-19 15:06:14,501] {models.py:1593} INFO - Executing <Task(BashOperator): templated> on 2017-02-01T00:00:00+00:00
[2019-03-19 15:06:14,502] {base_task_runner.py:118} INFO - Running: ['bash', '-c', 'airflow run tutorial templated 2017-02-01T00:00:00+00:00 --job_id 1229 --raw -sd DAGS_FOLDER/example_dags/tutorial.py --cfg_path /tmp/tmp5uj1gncr']
[2019-03-19 15:06:15,178] {base_task_runner.py:101} INFO - Job 1229: Subtask templated [2019-03-19 15:06:15,177] {__init__.py:51} INFO - Using executor SequentialExecutor
[2019-03-19 15:06:15,457] {base_task_runner.py:101} INFO - Job 1229: Subtask templated [2019-03-19 15:06:15,456] {models.py:273} INFO - Filling up the DagBag from /home/rsandroni/airflow/dags/example_dags/tutorial.py
[2019-03-19 15:06:15,500] {base_task_runner.py:101} INFO - Job 1229: Subtask templated [2019-03-19 15:06:15,498] {cli.py:520} INFO - Running <TaskInstance: tutorial.templated 2017-02-01T00:00:00+00:00 [running]> on host IADAIRP1.globalrs.rack.space
[2019-03-19 15:06:15,517] {bash_operator.py:77} INFO - Tmp dir root location: 
 /tmp
[2019-03-19 15:06:15,517] {bash_operator.py:86} INFO - Exporting the following env vars:
AIRFLOW_CTX_DAG_ID=tutorial
AIRFLOW_CTX_TASK_ID=templated
AIRFLOW_CTX_EXECUTION_DATE=2017-02-01T00:00:00+00:00
AIRFLOW_CTX_DAG_RUN_ID=scheduled__2017-02-01T00:00:00+00:00
[2019-03-19 15:06:15,518] {bash_operator.py:100} INFO - Temporary script location: /tmp/airflowtmpiclmqjj5/templated9g9d19qa
[2019-03-19 15:06:15,518] {bash_operator.py:110} INFO - Running command: 

    echo "2017-02-01"
    echo "2017-02-08"
    echo "Parameter I passed in"

    echo "2017-02-01"
    echo "2017-02-08"
    echo "Parameter I passed in"

    echo "2017-02-01"
    echo "2017-02-08"
    echo "Parameter I passed in"

    echo "2017-02-01"
    echo "2017-02-08"
    echo "Parameter I passed in"

    echo "2017-02-01"
    echo "2017-02-08"
    echo "Parameter I passed in"

[2019-03-19 15:06:15,525] {bash_operator.py:119} INFO - Output:
[2019-03-19 15:06:15,526] {bash_operator.py:123} INFO - 2017-02-01
[2019-03-19 15:06:15,526] {bash_operator.py:123} INFO - 2017-02-08
[2019-03-19 15:06:15,526] {bash_operator.py:123} INFO - Parameter I passed in
[2019-03-19 15:06:15,526] {bash_operator.py:123} INFO - 2017-02-01
[2019-03-19 15:06:15,526] {bash_operator.py:123} INFO - 2017-02-08
[2019-03-19 15:06:15,526] {bash_operator.py:123} INFO - Parameter I passed in
[2019-03-19 15:06:15,526] {bash_operator.py:123} INFO - 2017-02-01
[2019-03-19 15:06:15,526] {bash_operator.py:123} INFO - 2017-02-08
[2019-03-19 15:06:15,526] {bash_operator.py:123} INFO - Parameter I passed in
[2019-03-19 15:06:15,526] {bash_operator.py:123} INFO - 2017-02-01
[2019-03-19 15:06:15,526] {bash_operator.py:123} INFO - 2017-02-08
[2019-03-19 15:06:15,526] {bash_operator.py:123} INFO - Parameter I passed in
[2019-03-19 15:06:15,526] {bash_operator.py:123} INFO - 2017-02-01
[2019-03-19 15:06:15,526] {bash_operator.py:123} INFO - 2017-02-08
[2019-03-19 15:06:15,526] {bash_operator.py:123} INFO - Parameter I passed in
[2019-03-19 15:06:15,526] {bash_operator.py:127} INFO - Command exited with return code 0
[2019-03-19 15:06:19,460] {logging_mixin.py:95} INFO - [2019-03-19 15:06:19,459] {jobs.py:2527} INFO - Task exited with return code 0
