[2019-03-21 17:10:53,027] {models.py:1359} INFO - Dependencies all met for <TaskInstance: tutorial.templated 2017-06-13T00:00:00+00:00 [queued]>
[2019-03-21 17:10:53,031] {models.py:1359} INFO - Dependencies all met for <TaskInstance: tutorial.templated 2017-06-13T00:00:00+00:00 [queued]>
[2019-03-21 17:10:53,031] {models.py:1571} INFO - 
--------------------------------------------------------------------------------
Starting attempt 1 of 2
--------------------------------------------------------------------------------

[2019-03-21 17:10:53,049] {models.py:1593} INFO - Executing <Task(BashOperator): templated> on 2017-06-13T00:00:00+00:00
[2019-03-21 17:10:53,050] {base_task_runner.py:118} INFO - Running: ['bash', '-c', 'airflow run tutorial templated 2017-06-13T00:00:00+00:00 --job_id 1511 --raw -sd DAGS_FOLDER/example_dags/tutorial.py --cfg_path /tmp/tmp_q55z2qx']
[2019-03-21 17:10:53,691] {base_task_runner.py:101} INFO - Job 1511: Subtask templated [2019-03-21 17:10:53,690] {__init__.py:51} INFO - Using executor SequentialExecutor
[2019-03-21 17:10:54,014] {base_task_runner.py:101} INFO - Job 1511: Subtask templated [2019-03-21 17:10:54,013] {models.py:273} INFO - Filling up the DagBag from /home/rsandroni/airflow/dags/example_dags/tutorial.py
[2019-03-21 17:10:54,080] {base_task_runner.py:101} INFO - Job 1511: Subtask templated [2019-03-21 17:10:54,079] {cli.py:520} INFO - Running <TaskInstance: tutorial.templated 2017-06-13T00:00:00+00:00 [running]> on host IADAIRP1.globalrs.rack.space
[2019-03-21 17:10:54,096] {bash_operator.py:77} INFO - Tmp dir root location: 
 /tmp
[2019-03-21 17:10:54,096] {bash_operator.py:86} INFO - Exporting the following env vars:
AIRFLOW_CTX_DAG_ID=tutorial
AIRFLOW_CTX_TASK_ID=templated
AIRFLOW_CTX_EXECUTION_DATE=2017-06-13T00:00:00+00:00
AIRFLOW_CTX_DAG_RUN_ID=scheduled__2017-06-13T00:00:00+00:00
[2019-03-21 17:10:54,097] {bash_operator.py:100} INFO - Temporary script location: /tmp/airflowtmp2r593j4l/templated24u9cqcc
[2019-03-21 17:10:54,097] {bash_operator.py:110} INFO - Running command: 

    echo "2017-06-13"
    echo "2017-06-20"
    echo "Parameter I passed in"

    echo "2017-06-13"
    echo "2017-06-20"
    echo "Parameter I passed in"

    echo "2017-06-13"
    echo "2017-06-20"
    echo "Parameter I passed in"

    echo "2017-06-13"
    echo "2017-06-20"
    echo "Parameter I passed in"

    echo "2017-06-13"
    echo "2017-06-20"
    echo "Parameter I passed in"

[2019-03-21 17:10:54,103] {bash_operator.py:119} INFO - Output:
[2019-03-21 17:10:54,104] {bash_operator.py:123} INFO - 2017-06-13
[2019-03-21 17:10:54,104] {bash_operator.py:123} INFO - 2017-06-20
[2019-03-21 17:10:54,104] {bash_operator.py:123} INFO - Parameter I passed in
[2019-03-21 17:10:54,104] {bash_operator.py:123} INFO - 2017-06-13
[2019-03-21 17:10:54,104] {bash_operator.py:123} INFO - 2017-06-20
[2019-03-21 17:10:54,104] {bash_operator.py:123} INFO - Parameter I passed in
[2019-03-21 17:10:54,104] {bash_operator.py:123} INFO - 2017-06-13
[2019-03-21 17:10:54,104] {bash_operator.py:123} INFO - 2017-06-20
[2019-03-21 17:10:54,104] {bash_operator.py:123} INFO - Parameter I passed in
[2019-03-21 17:10:54,104] {bash_operator.py:123} INFO - 2017-06-13
[2019-03-21 17:10:54,104] {bash_operator.py:123} INFO - 2017-06-20
[2019-03-21 17:10:54,104] {bash_operator.py:123} INFO - Parameter I passed in
[2019-03-21 17:10:54,104] {bash_operator.py:123} INFO - 2017-06-13
[2019-03-21 17:10:54,104] {bash_operator.py:123} INFO - 2017-06-20
[2019-03-21 17:10:54,104] {bash_operator.py:123} INFO - Parameter I passed in
[2019-03-21 17:10:54,104] {bash_operator.py:127} INFO - Command exited with return code 0
[2019-03-21 17:10:58,024] {logging_mixin.py:95} INFO - [2019-03-21 17:10:58,023] {jobs.py:2527} INFO - Task exited with return code 0
