[2019-03-19 13:50:33,020] {models.py:1359} INFO - Dependencies all met for <TaskInstance: tutorial.print_date 2016-08-29T00:00:00+00:00 [queued]>
[2019-03-19 13:50:33,022] {models.py:1359} INFO - Dependencies all met for <TaskInstance: tutorial.print_date 2016-08-29T00:00:00+00:00 [queued]>
[2019-03-19 13:50:33,023] {models.py:1571} INFO - 
--------------------------------------------------------------------------------
Starting attempt 1 of 2
--------------------------------------------------------------------------------

[2019-03-19 13:50:33,079] {models.py:1593} INFO - Executing <Task(BashOperator): print_date> on 2016-08-29T00:00:00+00:00
[2019-03-19 13:50:33,079] {base_task_runner.py:118} INFO - Running: ['bash', '-c', 'airflow run tutorial print_date 2016-08-29T00:00:00+00:00 --job_id 914 --raw -sd DAGS_FOLDER/sql_server_load.py --cfg_path /tmp/tmpjrh88gui']
[2019-03-19 13:50:36,153] {base_task_runner.py:101} INFO - Job 914: Subtask print_date [2019-03-19 13:50:36,153] {__init__.py:51} INFO - Using executor SequentialExecutor
[2019-03-19 13:50:37,020] {base_task_runner.py:101} INFO - Job 914: Subtask print_date [2019-03-19 13:50:37,019] {models.py:273} INFO - Filling up the DagBag from /home/rsandroni/airflow/dags/sql_server_load.py
[2019-03-19 13:50:37,069] {base_task_runner.py:101} INFO - Job 914: Subtask print_date [2019-03-19 13:50:37,069] {cli.py:520} INFO - Running <TaskInstance: tutorial.print_date 2016-08-29T00:00:00+00:00 [running]> on host IADAIRP1.globalrs.rack.space
[2019-03-19 13:50:37,123] {bash_operator.py:77} INFO - Tmp dir root location: 
 /tmp
[2019-03-19 13:50:37,123] {bash_operator.py:86} INFO - Exporting the following env vars:
AIRFLOW_CTX_DAG_ID=tutorial
AIRFLOW_CTX_TASK_ID=print_date
AIRFLOW_CTX_EXECUTION_DATE=2016-08-29T00:00:00+00:00
AIRFLOW_CTX_DAG_RUN_ID=scheduled__2016-08-29T00:00:00+00:00
[2019-03-19 13:50:37,124] {bash_operator.py:100} INFO - Temporary script location: /tmp/airflowtmp_2_x5zj7/print_dateqfgb66a6
[2019-03-19 13:50:37,124] {bash_operator.py:110} INFO - Running command: date
[2019-03-19 13:50:37,152] {bash_operator.py:119} INFO - Output:
[2019-03-19 13:50:37,213] {bash_operator.py:123} INFO - Ter Mar 19 13:50:37 -03 2019
[2019-03-19 13:50:37,214] {bash_operator.py:127} INFO - Command exited with return code 0
[2019-03-19 13:50:38,006] {logging_mixin.py:95} INFO - [2019-03-19 13:50:38,006] {jobs.py:2595} WARNING - State of this instance has been externally set to success. Taking the poison pill.
[2019-03-19 13:50:38,052] {helpers.py:250} INFO - Sending Signals.SIGTERM to GPID 7666
[2019-03-19 13:50:38,073] {helpers.py:232} INFO - Process psutil.Process(pid=7666, status='terminated') (7666) terminated with exit code 0
[2019-03-19 13:50:38,074] {logging_mixin.py:95} INFO - [2019-03-19 13:50:38,074] {jobs.py:2527} INFO - Task exited with return code 0
