[2019-03-19 12:59:12,879] {models.py:1359} INFO - Dependencies all met for <TaskInstance: tutorial.templated 2016-05-10T00:00:00+00:00 [queued]>
[2019-03-19 12:59:12,883] {models.py:1359} INFO - Dependencies all met for <TaskInstance: tutorial.templated 2016-05-10T00:00:00+00:00 [queued]>
[2019-03-19 12:59:12,883] {models.py:1571} INFO - 
--------------------------------------------------------------------------------
Starting attempt 1 of 2
--------------------------------------------------------------------------------

[2019-03-19 12:59:12,978] {models.py:1593} INFO - Executing <Task(BashOperator): templated> on 2016-05-10T00:00:00+00:00
[2019-03-19 12:59:12,978] {base_task_runner.py:118} INFO - Running: ['bash', '-c', 'airflow run tutorial templated 2016-05-10T00:00:00+00:00 --job_id 695 --raw -sd DAGS_FOLDER/example_dags/tutorial.py --cfg_path /tmp/tmpeqo7se0s']
[2019-03-19 12:59:16,251] {base_task_runner.py:101} INFO - Job 695: Subtask templated [2019-03-19 12:59:16,250] {__init__.py:51} INFO - Using executor SequentialExecutor
[2019-03-19 12:59:17,335] {base_task_runner.py:101} INFO - Job 695: Subtask templated [2019-03-19 12:59:17,328] {models.py:273} INFO - Filling up the DagBag from /home/rsandroni/airflow/dags/example_dags/tutorial.py
[2019-03-19 12:59:17,553] {base_task_runner.py:101} INFO - Job 695: Subtask templated [2019-03-19 12:59:17,548] {cli.py:520} INFO - Running <TaskInstance: tutorial.templated 2016-05-10T00:00:00+00:00 [running]> on host IADAIRP1.globalrs.rack.space
[2019-03-19 12:59:17,606] {bash_operator.py:77} INFO - Tmp dir root location: 
 /tmp
[2019-03-19 12:59:17,606] {bash_operator.py:86} INFO - Exporting the following env vars:
AIRFLOW_CTX_DAG_ID=tutorial
AIRFLOW_CTX_TASK_ID=templated
AIRFLOW_CTX_EXECUTION_DATE=2016-05-10T00:00:00+00:00
AIRFLOW_CTX_DAG_RUN_ID=scheduled__2016-05-10T00:00:00+00:00
[2019-03-19 12:59:17,607] {bash_operator.py:100} INFO - Temporary script location: /tmp/airflowtmpc9sbrifv/templatedufztx8hb
[2019-03-19 12:59:17,607] {bash_operator.py:110} INFO - Running command: 

    echo "2016-05-10"
    echo "2016-05-17"
    echo "Parameter I passed in"

    echo "2016-05-10"
    echo "2016-05-17"
    echo "Parameter I passed in"

    echo "2016-05-10"
    echo "2016-05-17"
    echo "Parameter I passed in"

    echo "2016-05-10"
    echo "2016-05-17"
    echo "Parameter I passed in"

    echo "2016-05-10"
    echo "2016-05-17"
    echo "Parameter I passed in"

[2019-03-19 12:59:17,638] {bash_operator.py:119} INFO - Output:
[2019-03-19 12:59:17,638] {bash_operator.py:123} INFO - 2016-05-10
[2019-03-19 12:59:17,638] {bash_operator.py:123} INFO - 2016-05-17
[2019-03-19 12:59:17,638] {bash_operator.py:123} INFO - Parameter I passed in
[2019-03-19 12:59:17,638] {bash_operator.py:123} INFO - 2016-05-10
[2019-03-19 12:59:17,638] {bash_operator.py:123} INFO - 2016-05-17
[2019-03-19 12:59:17,638] {bash_operator.py:123} INFO - Parameter I passed in
[2019-03-19 12:59:17,638] {bash_operator.py:123} INFO - 2016-05-10
[2019-03-19 12:59:17,638] {bash_operator.py:123} INFO - 2016-05-17
[2019-03-19 12:59:17,638] {bash_operator.py:123} INFO - Parameter I passed in
[2019-03-19 12:59:17,638] {bash_operator.py:123} INFO - 2016-05-10
[2019-03-19 12:59:17,638] {bash_operator.py:123} INFO - 2016-05-17
[2019-03-19 12:59:17,638] {bash_operator.py:123} INFO - Parameter I passed in
[2019-03-19 12:59:17,638] {bash_operator.py:123} INFO - 2016-05-10
[2019-03-19 12:59:17,638] {bash_operator.py:123} INFO - 2016-05-17
[2019-03-19 12:59:17,639] {bash_operator.py:123} INFO - Parameter I passed in
[2019-03-19 12:59:17,639] {bash_operator.py:127} INFO - Command exited with return code 0
[2019-03-19 12:59:17,860] {logging_mixin.py:95} INFO - [2019-03-19 12:59:17,860] {jobs.py:2595} WARNING - State of this instance has been externally set to success. Taking the poison pill.
[2019-03-19 12:59:17,876] {helpers.py:250} INFO - Sending Signals.SIGTERM to GPID 151157
[2019-03-19 12:59:17,922] {helpers.py:232} INFO - Process psutil.Process(pid=151157, status='terminated') (151157) terminated with exit code -15
[2019-03-19 12:59:17,923] {logging_mixin.py:95} INFO - [2019-03-19 12:59:17,923] {jobs.py:2527} INFO - Task exited with return code 0
