[2019-03-19 14:02:03,858] {models.py:1359} INFO - Dependencies all met for <TaskInstance: tutorial.print_date 2016-09-20T00:00:00+00:00 [queued]>
[2019-03-19 14:02:03,860] {models.py:1359} INFO - Dependencies all met for <TaskInstance: tutorial.print_date 2016-09-20T00:00:00+00:00 [queued]>
[2019-03-19 14:02:03,861] {models.py:1571} INFO - 
--------------------------------------------------------------------------------
Starting attempt 1 of 2
--------------------------------------------------------------------------------

[2019-03-19 14:02:03,927] {models.py:1593} INFO - Executing <Task(BashOperator): print_date> on 2016-09-20T00:00:00+00:00
[2019-03-19 14:02:03,927] {base_task_runner.py:118} INFO - Running: ['bash', '-c', 'airflow run tutorial print_date 2016-09-20T00:00:00+00:00 --job_id 960 --raw -sd DAGS_FOLDER/tutorial.py --cfg_path /tmp/tmpnv1v2cdt']
[2019-03-19 14:02:04,939] {base_task_runner.py:101} INFO - Job 960: Subtask print_date [2019-03-19 14:02:04,939] {__init__.py:51} INFO - Using executor SequentialExecutor
[2019-03-19 14:02:05,233] {base_task_runner.py:101} INFO - Job 960: Subtask print_date [2019-03-19 14:02:05,232] {models.py:273} INFO - Filling up the DagBag from /home/rsandroni/airflow/dags/tutorial.py
[2019-03-19 14:02:05,250] {base_task_runner.py:101} INFO - Job 960: Subtask print_date [2019-03-19 14:02:05,248] {cli.py:520} INFO - Running <TaskInstance: tutorial.print_date 2016-09-20T00:00:00+00:00 [running]> on host IADAIRP1.globalrs.rack.space
[2019-03-19 14:02:05,265] {bash_operator.py:77} INFO - Tmp dir root location: 
 /tmp
[2019-03-19 14:02:05,265] {bash_operator.py:86} INFO - Exporting the following env vars:
AIRFLOW_CTX_DAG_ID=tutorial
AIRFLOW_CTX_TASK_ID=print_date
AIRFLOW_CTX_EXECUTION_DATE=2016-09-20T00:00:00+00:00
AIRFLOW_CTX_DAG_RUN_ID=scheduled__2016-09-20T00:00:00+00:00
[2019-03-19 14:02:05,265] {bash_operator.py:100} INFO - Temporary script location: /tmp/airflowtmpmvqzhqed/print_dateq0htd2tp
[2019-03-19 14:02:05,265] {bash_operator.py:110} INFO - Running command: date
[2019-03-19 14:02:05,271] {bash_operator.py:119} INFO - Output:
[2019-03-19 14:02:05,274] {bash_operator.py:123} INFO - Ter Mar 19 14:02:05 -03 2019
[2019-03-19 14:02:05,274] {bash_operator.py:127} INFO - Command exited with return code 0
[2019-03-19 14:02:08,881] {logging_mixin.py:95} INFO - [2019-03-19 14:02:08,880] {jobs.py:2527} INFO - Task exited with return code 0
