[2019-03-22 21:02:53,718] {models.py:1359} INFO - Dependencies all met for <TaskInstance: tutorial.sleep 2019-03-22T00:00:00+00:00 [queued]>
[2019-03-22 21:02:53,723] {models.py:1359} INFO - Dependencies all met for <TaskInstance: tutorial.sleep 2019-03-22T00:00:00+00:00 [queued]>
[2019-03-22 21:02:53,724] {models.py:1571} INFO - 
--------------------------------------------------------------------------------
Starting attempt 1 of 2
--------------------------------------------------------------------------------

[2019-03-22 21:02:53,760] {models.py:1593} INFO - Executing <Task(BashOperator): sleep> on 2019-03-22T00:00:00+00:00
[2019-03-22 21:02:53,761] {base_task_runner.py:118} INFO - Running: ['bash', '-c', 'airflow run tutorial sleep 2019-03-22T00:00:00+00:00 --job_id 2858 --raw -sd DAGS_FOLDER/example_dags/tutorial.py --cfg_path /tmp/tmpl7w00gxh']
[2019-03-22 21:02:54,418] {base_task_runner.py:101} INFO - Job 2858: Subtask sleep [2019-03-22 21:02:54,417] {__init__.py:51} INFO - Using executor SequentialExecutor
[2019-03-22 21:02:54,663] {base_task_runner.py:101} INFO - Job 2858: Subtask sleep [2019-03-22 21:02:54,661] {models.py:273} INFO - Filling up the DagBag from /home/rsandroni/airflow/dags/example_dags/tutorial.py
[2019-03-22 21:02:54,725] {base_task_runner.py:101} INFO - Job 2858: Subtask sleep [2019-03-22 21:02:54,725] {cli.py:520} INFO - Running <TaskInstance: tutorial.sleep 2019-03-22T00:00:00+00:00 [running]> on host IADAIRP1.globalrs.rack.space
[2019-03-22 21:02:54,739] {bash_operator.py:77} INFO - Tmp dir root location: 
 /tmp
[2019-03-22 21:02:54,740] {bash_operator.py:86} INFO - Exporting the following env vars:
AIRFLOW_CTX_DAG_ID=tutorial
AIRFLOW_CTX_TASK_ID=sleep
AIRFLOW_CTX_EXECUTION_DATE=2019-03-22T00:00:00+00:00
AIRFLOW_CTX_DAG_RUN_ID=scheduled__2019-03-22T00:00:00+00:00
[2019-03-22 21:02:54,740] {bash_operator.py:100} INFO - Temporary script location: /tmp/airflowtmpcihk2bmt/sleepi9eq2e2t
[2019-03-22 21:02:54,740] {bash_operator.py:110} INFO - Running command: sleep 5
[2019-03-22 21:02:54,746] {bash_operator.py:119} INFO - Output:
[2019-03-22 21:02:59,748] {bash_operator.py:127} INFO - Command exited with return code 0
[2019-03-22 21:03:03,705] {logging_mixin.py:95} INFO - [2019-03-22 21:03:03,704] {jobs.py:2527} INFO - Task exited with return code 0
