[2019-03-19 15:19:28,688] {models.py:1359} INFO - Dependencies all met for <TaskInstance: tutorial.print_date 2017-03-03T00:00:00+00:00 [queued]>
[2019-03-19 15:19:28,691] {models.py:1359} INFO - Dependencies all met for <TaskInstance: tutorial.print_date 2017-03-03T00:00:00+00:00 [queued]>
[2019-03-19 15:19:28,691] {models.py:1571} INFO - 
--------------------------------------------------------------------------------
Starting attempt 1 of 2
--------------------------------------------------------------------------------

[2019-03-19 15:19:28,706] {models.py:1593} INFO - Executing <Task(BashOperator): print_date> on 2017-03-03T00:00:00+00:00
[2019-03-19 15:19:28,706] {base_task_runner.py:118} INFO - Running: ['bash', '-c', 'airflow run tutorial print_date 2017-03-03T00:00:00+00:00 --job_id 1286 --raw -sd DAGS_FOLDER/sql_server_load.py --cfg_path /tmp/tmpr6vrp8ow']
[2019-03-19 15:19:29,330] {base_task_runner.py:101} INFO - Job 1286: Subtask print_date [2019-03-19 15:19:29,330] {__init__.py:51} INFO - Using executor SequentialExecutor
[2019-03-19 15:19:29,557] {base_task_runner.py:101} INFO - Job 1286: Subtask print_date [2019-03-19 15:19:29,556] {models.py:273} INFO - Filling up the DagBag from /home/rsandroni/airflow/dags/sql_server_load.py
[2019-03-19 15:19:29,576] {base_task_runner.py:101} INFO - Job 1286: Subtask print_date [2019-03-19 15:19:29,576] {cli.py:520} INFO - Running <TaskInstance: tutorial.print_date 2017-03-03T00:00:00+00:00 [running]> on host IADAIRP1.globalrs.rack.space
[2019-03-19 15:19:29,589] {bash_operator.py:77} INFO - Tmp dir root location: 
 /tmp
[2019-03-19 15:19:29,590] {bash_operator.py:86} INFO - Exporting the following env vars:
AIRFLOW_CTX_DAG_ID=tutorial
AIRFLOW_CTX_TASK_ID=print_date
AIRFLOW_CTX_EXECUTION_DATE=2017-03-03T00:00:00+00:00
AIRFLOW_CTX_DAG_RUN_ID=scheduled__2017-03-03T00:00:00+00:00
[2019-03-19 15:19:29,590] {bash_operator.py:100} INFO - Temporary script location: /tmp/airflowtmpdrx7d3f6/print_datexxzx1utz
[2019-03-19 15:19:29,590] {bash_operator.py:110} INFO - Running command: date
[2019-03-19 15:19:29,595] {bash_operator.py:119} INFO - Output:
[2019-03-19 15:19:29,597] {bash_operator.py:123} INFO - Ter Mar 19 15:19:29 -03 2019
[2019-03-19 15:19:29,599] {bash_operator.py:127} INFO - Command exited with return code 0
[2019-03-19 15:19:33,784] {logging_mixin.py:95} INFO - [2019-03-19 15:19:33,783] {jobs.py:2527} INFO - Task exited with return code 0
