[2019-03-19 15:23:10,037] {models.py:1359} INFO - Dependencies all met for <TaskInstance: tutorial.print_date 2017-03-10T00:00:00+00:00 [queued]>
[2019-03-19 15:23:10,040] {models.py:1359} INFO - Dependencies all met for <TaskInstance: tutorial.print_date 2017-03-10T00:00:00+00:00 [queued]>
[2019-03-19 15:23:10,040] {models.py:1571} INFO - 
--------------------------------------------------------------------------------
Starting attempt 1 of 2
--------------------------------------------------------------------------------

[2019-03-19 15:23:10,109] {models.py:1593} INFO - Executing <Task(BashOperator): print_date> on 2017-03-10T00:00:00+00:00
[2019-03-19 15:23:10,109] {base_task_runner.py:118} INFO - Running: ['bash', '-c', 'airflow run tutorial print_date 2017-03-10T00:00:00+00:00 --job_id 1302 --raw -sd DAGS_FOLDER/tutorial.py --cfg_path /tmp/tmpmf22lsry']
[2019-03-19 15:23:11,360] {base_task_runner.py:101} INFO - Job 1302: Subtask print_date [2019-03-19 15:23:11,360] {__init__.py:51} INFO - Using executor SequentialExecutor
[2019-03-19 15:23:11,886] {base_task_runner.py:101} INFO - Job 1302: Subtask print_date [2019-03-19 15:23:11,880] {models.py:273} INFO - Filling up the DagBag from /home/rsandroni/airflow/dags/tutorial.py
[2019-03-19 15:23:11,928] {base_task_runner.py:101} INFO - Job 1302: Subtask print_date [2019-03-19 15:23:11,924] {cli.py:520} INFO - Running <TaskInstance: tutorial.print_date 2017-03-10T00:00:00+00:00 [running]> on host IADAIRP1.globalrs.rack.space
[2019-03-19 15:23:11,970] {bash_operator.py:77} INFO - Tmp dir root location: 
 /tmp
[2019-03-19 15:23:11,970] {bash_operator.py:86} INFO - Exporting the following env vars:
AIRFLOW_CTX_DAG_ID=tutorial
AIRFLOW_CTX_TASK_ID=print_date
AIRFLOW_CTX_EXECUTION_DATE=2017-03-10T00:00:00+00:00
AIRFLOW_CTX_DAG_RUN_ID=scheduled__2017-03-10T00:00:00+00:00
[2019-03-19 15:23:11,970] {bash_operator.py:100} INFO - Temporary script location: /tmp/airflowtmp04apbhgi/print_dateg3337d4g
[2019-03-19 15:23:11,970] {bash_operator.py:110} INFO - Running command: date
[2019-03-19 15:23:12,025] {bash_operator.py:119} INFO - Output:
[2019-03-19 15:23:12,042] {bash_operator.py:123} INFO - Ter Mar 19 15:23:12 -03 2019
[2019-03-19 15:23:12,050] {bash_operator.py:127} INFO - Command exited with return code 0
[2019-03-19 15:23:15,058] {logging_mixin.py:95} INFO - [2019-03-19 15:23:15,058] {jobs.py:2527} INFO - Task exited with return code 0
