[2019-03-22 01:51:30,234] {models.py:1359} INFO - Dependencies all met for <TaskInstance: tutorial.templated 2018-09-14T00:00:00+00:00 [queued]>
[2019-03-22 01:51:30,239] {models.py:1359} INFO - Dependencies all met for <TaskInstance: tutorial.templated 2018-09-14T00:00:00+00:00 [queued]>
[2019-03-22 01:51:30,240] {models.py:1571} INFO - 
--------------------------------------------------------------------------------
Starting attempt 1 of 2
--------------------------------------------------------------------------------

[2019-03-22 01:51:30,283] {models.py:1593} INFO - Executing <Task(BashOperator): templated> on 2018-09-14T00:00:00+00:00
[2019-03-22 01:51:30,283] {base_task_runner.py:118} INFO - Running: ['bash', '-c', 'airflow run tutorial templated 2018-09-14T00:00:00+00:00 --job_id 2478 --raw -sd DAGS_FOLDER/example_dags/tutorial.py --cfg_path /tmp/tmpssdvo9hz']
[2019-03-22 01:51:30,954] {base_task_runner.py:101} INFO - Job 2478: Subtask templated [2019-03-22 01:51:30,953] {__init__.py:51} INFO - Using executor SequentialExecutor
[2019-03-22 01:51:31,439] {base_task_runner.py:101} INFO - Job 2478: Subtask templated [2019-03-22 01:51:31,438] {models.py:273} INFO - Filling up the DagBag from /home/rsandroni/airflow/dags/example_dags/tutorial.py
[2019-03-22 01:51:31,510] {base_task_runner.py:101} INFO - Job 2478: Subtask templated [2019-03-22 01:51:31,507] {cli.py:520} INFO - Running <TaskInstance: tutorial.templated 2018-09-14T00:00:00+00:00 [running]> on host IADAIRP1.globalrs.rack.space
[2019-03-22 01:51:31,527] {bash_operator.py:77} INFO - Tmp dir root location: 
 /tmp
[2019-03-22 01:51:31,527] {bash_operator.py:86} INFO - Exporting the following env vars:
AIRFLOW_CTX_DAG_ID=tutorial
AIRFLOW_CTX_TASK_ID=templated
AIRFLOW_CTX_EXECUTION_DATE=2018-09-14T00:00:00+00:00
AIRFLOW_CTX_DAG_RUN_ID=scheduled__2018-09-14T00:00:00+00:00
[2019-03-22 01:51:31,528] {bash_operator.py:100} INFO - Temporary script location: /tmp/airflowtmpywxchsqa/templated3ztt9383
[2019-03-22 01:51:31,528] {bash_operator.py:110} INFO - Running command: 

    echo "2018-09-14"
    echo "2018-09-21"
    echo "Parameter I passed in"

    echo "2018-09-14"
    echo "2018-09-21"
    echo "Parameter I passed in"

    echo "2018-09-14"
    echo "2018-09-21"
    echo "Parameter I passed in"

    echo "2018-09-14"
    echo "2018-09-21"
    echo "Parameter I passed in"

    echo "2018-09-14"
    echo "2018-09-21"
    echo "Parameter I passed in"

[2019-03-22 01:51:31,534] {bash_operator.py:119} INFO - Output:
[2019-03-22 01:51:31,535] {bash_operator.py:123} INFO - 2018-09-14
[2019-03-22 01:51:31,535] {bash_operator.py:123} INFO - 2018-09-21
[2019-03-22 01:51:31,535] {bash_operator.py:123} INFO - Parameter I passed in
[2019-03-22 01:51:31,535] {bash_operator.py:123} INFO - 2018-09-14
[2019-03-22 01:51:31,535] {bash_operator.py:123} INFO - 2018-09-21
[2019-03-22 01:51:31,535] {bash_operator.py:123} INFO - Parameter I passed in
[2019-03-22 01:51:31,535] {bash_operator.py:123} INFO - 2018-09-14
[2019-03-22 01:51:31,535] {bash_operator.py:123} INFO - 2018-09-21
[2019-03-22 01:51:31,535] {bash_operator.py:123} INFO - Parameter I passed in
[2019-03-22 01:51:31,535] {bash_operator.py:123} INFO - 2018-09-14
[2019-03-22 01:51:31,535] {bash_operator.py:123} INFO - 2018-09-21
[2019-03-22 01:51:31,535] {bash_operator.py:123} INFO - Parameter I passed in
[2019-03-22 01:51:31,535] {bash_operator.py:123} INFO - 2018-09-14
[2019-03-22 01:51:31,535] {bash_operator.py:123} INFO - 2018-09-21
[2019-03-22 01:51:31,535] {bash_operator.py:123} INFO - Parameter I passed in
[2019-03-22 01:51:31,536] {bash_operator.py:127} INFO - Command exited with return code 0
[2019-03-22 01:51:35,192] {logging_mixin.py:95} INFO - [2019-03-22 01:51:35,191] {jobs.py:2527} INFO - Task exited with return code 0
