[2019-03-19 11:33:58,782] {models.py:1359} INFO - Dependencies all met for <TaskInstance: tutorial.templated 2015-11-05T00:00:00+00:00 [queued]>
[2019-03-19 11:33:58,786] {models.py:1359} INFO - Dependencies all met for <TaskInstance: tutorial.templated 2015-11-05T00:00:00+00:00 [queued]>
[2019-03-19 11:33:58,787] {models.py:1571} INFO - 
--------------------------------------------------------------------------------
Starting attempt 1 of 2
--------------------------------------------------------------------------------

[2019-03-19 11:33:58,806] {models.py:1593} INFO - Executing <Task(BashOperator): templated> on 2015-11-05T00:00:00+00:00
[2019-03-19 11:33:58,806] {base_task_runner.py:118} INFO - Running: ['bash', '-c', 'airflow run tutorial templated 2015-11-05T00:00:00+00:00 --job_id 322 --raw -sd DAGS_FOLDER/sql_server_load.py --cfg_path /tmp/tmph9s3n0nu']
[2019-03-19 11:33:59,406] {base_task_runner.py:101} INFO - Job 322: Subtask templated [2019-03-19 11:33:59,406] {__init__.py:51} INFO - Using executor SequentialExecutor
[2019-03-19 11:33:59,643] {base_task_runner.py:101} INFO - Job 322: Subtask templated [2019-03-19 11:33:59,642] {models.py:273} INFO - Filling up the DagBag from /home/rsandroni/airflow/dags/sql_server_load.py
[2019-03-19 11:33:59,660] {base_task_runner.py:101} INFO - Job 322: Subtask templated [2019-03-19 11:33:59,659] {cli.py:520} INFO - Running <TaskInstance: tutorial.templated 2015-11-05T00:00:00+00:00 [running]> on host IADAIRP1.globalrs.rack.space
[2019-03-19 11:33:59,674] {bash_operator.py:77} INFO - Tmp dir root location: 
 /tmp
[2019-03-19 11:33:59,675] {bash_operator.py:86} INFO - Exporting the following env vars:
AIRFLOW_CTX_DAG_ID=tutorial
AIRFLOW_CTX_TASK_ID=templated
AIRFLOW_CTX_EXECUTION_DATE=2015-11-05T00:00:00+00:00
AIRFLOW_CTX_DAG_RUN_ID=scheduled__2015-11-05T00:00:00+00:00
[2019-03-19 11:33:59,675] {bash_operator.py:100} INFO - Temporary script location: /tmp/airflowtmpo80wyp9l/templatednzg3whpt
[2019-03-19 11:33:59,675] {bash_operator.py:110} INFO - Running command: 
    
        echo "2015-11-05"
        echo "Parameter I passed in"
    
        echo "2015-11-05"
        echo "Parameter I passed in"
    
        echo "2015-11-05"
        echo "Parameter I passed in"
    
        echo "2015-11-05"
        echo "Parameter I passed in"
    
        echo "2015-11-05"
        echo "Parameter I passed in"
    
    
[2019-03-19 11:33:59,680] {bash_operator.py:119} INFO - Output:
[2019-03-19 11:33:59,681] {bash_operator.py:123} INFO - 2015-11-05
[2019-03-19 11:33:59,681] {bash_operator.py:123} INFO - Parameter I passed in
[2019-03-19 11:33:59,681] {bash_operator.py:123} INFO - 2015-11-05
[2019-03-19 11:33:59,681] {bash_operator.py:123} INFO - Parameter I passed in
[2019-03-19 11:33:59,681] {bash_operator.py:123} INFO - 2015-11-05
[2019-03-19 11:33:59,681] {bash_operator.py:123} INFO - Parameter I passed in
[2019-03-19 11:33:59,681] {bash_operator.py:123} INFO - 2015-11-05
[2019-03-19 11:33:59,681] {bash_operator.py:123} INFO - Parameter I passed in
[2019-03-19 11:33:59,682] {bash_operator.py:123} INFO - 2015-11-05
[2019-03-19 11:33:59,682] {bash_operator.py:123} INFO - Parameter I passed in
[2019-03-19 11:33:59,682] {bash_operator.py:127} INFO - Command exited with return code 0
[2019-03-19 11:34:03,770] {logging_mixin.py:95} INFO - [2019-03-19 11:34:03,769] {jobs.py:2527} INFO - Task exited with return code 0
