[2019-03-21 21:03:58,187] {models.py:1359} INFO - Dependencies all met for <TaskInstance: tutorial.print_date 2018-02-09T00:00:00+00:00 [queued]>
[2019-03-21 21:03:58,191] {models.py:1359} INFO - Dependencies all met for <TaskInstance: tutorial.print_date 2018-02-09T00:00:00+00:00 [queued]>
[2019-03-21 21:03:58,191] {models.py:1571} INFO - 
--------------------------------------------------------------------------------
Starting attempt 1 of 2
--------------------------------------------------------------------------------

[2019-03-21 21:03:58,253] {models.py:1593} INFO - Executing <Task(BashOperator): print_date> on 2018-02-09T00:00:00+00:00
[2019-03-21 21:03:58,253] {base_task_runner.py:118} INFO - Running: ['bash', '-c', 'airflow run tutorial print_date 2018-02-09T00:00:00+00:00 --job_id 2041 --raw -sd DAGS_FOLDER/tutorial.py --cfg_path /tmp/tmpofw6q1s3']
[2019-03-21 21:03:59,975] {base_task_runner.py:101} INFO - Job 2041: Subtask print_date [2019-03-21 21:03:59,970] {__init__.py:51} INFO - Using executor SequentialExecutor
[2019-03-21 21:04:00,451] {base_task_runner.py:101} INFO - Job 2041: Subtask print_date [2019-03-21 21:04:00,444] {models.py:273} INFO - Filling up the DagBag from /home/rsandroni/airflow/dags/tutorial.py
[2019-03-21 21:04:00,488] {base_task_runner.py:101} INFO - Job 2041: Subtask print_date [2019-03-21 21:04:00,479] {cli.py:520} INFO - Running <TaskInstance: tutorial.print_date 2018-02-09T00:00:00+00:00 [running]> on host IADAIRP1.globalrs.rack.space
[2019-03-21 21:04:00,494] {bash_operator.py:77} INFO - Tmp dir root location: 
 /tmp
[2019-03-21 21:04:00,494] {bash_operator.py:86} INFO - Exporting the following env vars:
AIRFLOW_CTX_DAG_ID=tutorial
AIRFLOW_CTX_TASK_ID=print_date
AIRFLOW_CTX_EXECUTION_DATE=2018-02-09T00:00:00+00:00
AIRFLOW_CTX_DAG_RUN_ID=scheduled__2018-02-09T00:00:00+00:00
[2019-03-21 21:04:00,495] {bash_operator.py:100} INFO - Temporary script location: /tmp/airflowtmpfgm3v7oi/print_datez7qfo__i
[2019-03-21 21:04:00,495] {bash_operator.py:110} INFO - Running command: date
[2019-03-21 21:04:00,571] {bash_operator.py:119} INFO - Output:
[2019-03-21 21:04:00,572] {bash_operator.py:123} INFO - Qui Mar 21 21:04:00 -03 2019
[2019-03-21 21:04:00,572] {bash_operator.py:127} INFO - Command exited with return code 0
[2019-03-21 21:04:03,217] {logging_mixin.py:95} INFO - [2019-03-21 21:04:03,216] {jobs.py:2527} INFO - Task exited with return code 0
