[2019-03-21 18:04:27,041] {models.py:1359} INFO - Dependencies all met for <TaskInstance: tutorial.print_date 2017-09-07T00:00:00+00:00 [queued]>
[2019-03-21 18:04:27,043] {models.py:1359} INFO - Dependencies all met for <TaskInstance: tutorial.print_date 2017-09-07T00:00:00+00:00 [queued]>
[2019-03-21 18:04:27,043] {models.py:1571} INFO - 
--------------------------------------------------------------------------------
Starting attempt 1 of 2
--------------------------------------------------------------------------------

[2019-03-21 18:04:27,060] {models.py:1593} INFO - Executing <Task(BashOperator): print_date> on 2017-09-07T00:00:00+00:00
[2019-03-21 18:04:27,060] {base_task_runner.py:118} INFO - Running: ['bash', '-c', 'airflow run tutorial print_date 2017-09-07T00:00:00+00:00 --job_id 1723 --raw -sd DAGS_FOLDER/tutorial.py --cfg_path /tmp/tmpm120odkf']
[2019-03-21 18:04:27,697] {base_task_runner.py:101} INFO - Job 1723: Subtask print_date [2019-03-21 18:04:27,696] {__init__.py:51} INFO - Using executor SequentialExecutor
[2019-03-21 18:04:27,957] {base_task_runner.py:101} INFO - Job 1723: Subtask print_date [2019-03-21 18:04:27,957] {models.py:273} INFO - Filling up the DagBag from /home/rsandroni/airflow/dags/tutorial.py
[2019-03-21 18:04:27,975] {base_task_runner.py:101} INFO - Job 1723: Subtask print_date [2019-03-21 18:04:27,973] {cli.py:520} INFO - Running <TaskInstance: tutorial.print_date 2017-09-07T00:00:00+00:00 [running]> on host IADAIRP1.globalrs.rack.space
[2019-03-21 18:04:27,988] {bash_operator.py:77} INFO - Tmp dir root location: 
 /tmp
[2019-03-21 18:04:27,988] {bash_operator.py:86} INFO - Exporting the following env vars:
AIRFLOW_CTX_DAG_ID=tutorial
AIRFLOW_CTX_TASK_ID=print_date
AIRFLOW_CTX_EXECUTION_DATE=2017-09-07T00:00:00+00:00
AIRFLOW_CTX_DAG_RUN_ID=scheduled__2017-09-07T00:00:00+00:00
[2019-03-21 18:04:27,988] {bash_operator.py:100} INFO - Temporary script location: /tmp/airflowtmplara_7xy/print_dateofzwfszt
[2019-03-21 18:04:27,988] {bash_operator.py:110} INFO - Running command: date
[2019-03-21 18:04:27,994] {bash_operator.py:119} INFO - Output:
[2019-03-21 18:04:27,996] {bash_operator.py:123} INFO - Qui Mar 21 18:04:27 -03 2019
[2019-03-21 18:04:27,996] {bash_operator.py:127} INFO - Command exited with return code 0
[2019-03-21 18:04:32,045] {logging_mixin.py:95} INFO - [2019-03-21 18:04:32,044] {jobs.py:2527} INFO - Task exited with return code 0
