[2019-03-22 01:07:11,638] {models.py:1359} INFO - Dependencies all met for <TaskInstance: tutorial.print_date 2018-08-14T00:00:00+00:00 [queued]>
[2019-03-22 01:07:11,642] {models.py:1359} INFO - Dependencies all met for <TaskInstance: tutorial.print_date 2018-08-14T00:00:00+00:00 [queued]>
[2019-03-22 01:07:11,642] {models.py:1571} INFO - 
--------------------------------------------------------------------------------
Starting attempt 1 of 2
--------------------------------------------------------------------------------

[2019-03-22 01:07:11,697] {models.py:1593} INFO - Executing <Task(BashOperator): print_date> on 2018-08-14T00:00:00+00:00
[2019-03-22 01:07:11,697] {base_task_runner.py:118} INFO - Running: ['bash', '-c', 'airflow run tutorial print_date 2018-08-14T00:00:00+00:00 --job_id 2413 --raw -sd DAGS_FOLDER/tutorial.py --cfg_path /tmp/tmp65q6wf49']
[2019-03-22 01:07:12,370] {base_task_runner.py:101} INFO - Job 2413: Subtask print_date [2019-03-22 01:07:12,369] {__init__.py:51} INFO - Using executor SequentialExecutor
[2019-03-22 01:07:12,747] {base_task_runner.py:101} INFO - Job 2413: Subtask print_date [2019-03-22 01:07:12,745] {models.py:273} INFO - Filling up the DagBag from /home/rsandroni/airflow/dags/tutorial.py
[2019-03-22 01:07:12,765] {base_task_runner.py:101} INFO - Job 2413: Subtask print_date [2019-03-22 01:07:12,763] {cli.py:520} INFO - Running <TaskInstance: tutorial.print_date 2018-08-14T00:00:00+00:00 [running]> on host IADAIRP1.globalrs.rack.space
[2019-03-22 01:07:12,781] {bash_operator.py:77} INFO - Tmp dir root location: 
 /tmp
[2019-03-22 01:07:12,781] {bash_operator.py:86} INFO - Exporting the following env vars:
AIRFLOW_CTX_DAG_ID=tutorial
AIRFLOW_CTX_TASK_ID=print_date
AIRFLOW_CTX_EXECUTION_DATE=2018-08-14T00:00:00+00:00
AIRFLOW_CTX_DAG_RUN_ID=scheduled__2018-08-14T00:00:00+00:00
[2019-03-22 01:07:12,782] {bash_operator.py:100} INFO - Temporary script location: /tmp/airflowtmpt34_6vz7/print_dateouqaa8kb
[2019-03-22 01:07:12,782] {bash_operator.py:110} INFO - Running command: date
[2019-03-22 01:07:12,789] {bash_operator.py:119} INFO - Output:
[2019-03-22 01:07:12,791] {bash_operator.py:123} INFO - Sex Mar 22 01:07:12 -03 2019
[2019-03-22 01:07:12,791] {bash_operator.py:127} INFO - Command exited with return code 0
[2019-03-22 01:07:16,674] {logging_mixin.py:95} INFO - [2019-03-22 01:07:16,673] {jobs.py:2527} INFO - Task exited with return code 0
