[2019-03-21 19:41:49,736] {models.py:1359} INFO - Dependencies all met for <TaskInstance: tutorial.templated 2017-12-06T00:00:00+00:00 [queued]>
[2019-03-21 19:41:49,741] {models.py:1359} INFO - Dependencies all met for <TaskInstance: tutorial.templated 2017-12-06T00:00:00+00:00 [queued]>
[2019-03-21 19:41:49,741] {models.py:1571} INFO - 
--------------------------------------------------------------------------------
Starting attempt 1 of 2
--------------------------------------------------------------------------------

[2019-03-21 19:41:49,757] {models.py:1593} INFO - Executing <Task(BashOperator): templated> on 2017-12-06T00:00:00+00:00
[2019-03-21 19:41:49,758] {base_task_runner.py:118} INFO - Running: ['bash', '-c', 'airflow run tutorial templated 2017-12-06T00:00:00+00:00 --job_id 1914 --raw -sd DAGS_FOLDER/example_dags/tutorial.py --cfg_path /tmp/tmp5dnt7stq']
[2019-03-21 19:41:50,392] {base_task_runner.py:101} INFO - Job 1914: Subtask templated [2019-03-21 19:41:50,392] {__init__.py:51} INFO - Using executor SequentialExecutor
[2019-03-21 19:41:50,625] {base_task_runner.py:101} INFO - Job 1914: Subtask templated [2019-03-21 19:41:50,624] {models.py:273} INFO - Filling up the DagBag from /home/rsandroni/airflow/dags/example_dags/tutorial.py
[2019-03-21 19:41:50,688] {base_task_runner.py:101} INFO - Job 1914: Subtask templated [2019-03-21 19:41:50,688] {cli.py:520} INFO - Running <TaskInstance: tutorial.templated 2017-12-06T00:00:00+00:00 [running]> on host IADAIRP1.globalrs.rack.space
[2019-03-21 19:41:50,705] {bash_operator.py:77} INFO - Tmp dir root location: 
 /tmp
[2019-03-21 19:41:50,705] {bash_operator.py:86} INFO - Exporting the following env vars:
AIRFLOW_CTX_DAG_ID=tutorial
AIRFLOW_CTX_TASK_ID=templated
AIRFLOW_CTX_EXECUTION_DATE=2017-12-06T00:00:00+00:00
AIRFLOW_CTX_DAG_RUN_ID=scheduled__2017-12-06T00:00:00+00:00
[2019-03-21 19:41:50,706] {bash_operator.py:100} INFO - Temporary script location: /tmp/airflowtmpjx6jd5rw/templated9uzna2cy
[2019-03-21 19:41:50,706] {bash_operator.py:110} INFO - Running command: 

    echo "2017-12-06"
    echo "2017-12-13"
    echo "Parameter I passed in"

    echo "2017-12-06"
    echo "2017-12-13"
    echo "Parameter I passed in"

    echo "2017-12-06"
    echo "2017-12-13"
    echo "Parameter I passed in"

    echo "2017-12-06"
    echo "2017-12-13"
    echo "Parameter I passed in"

    echo "2017-12-06"
    echo "2017-12-13"
    echo "Parameter I passed in"

[2019-03-21 19:41:50,711] {bash_operator.py:119} INFO - Output:
[2019-03-21 19:41:50,712] {bash_operator.py:123} INFO - 2017-12-06
[2019-03-21 19:41:50,712] {bash_operator.py:123} INFO - 2017-12-13
[2019-03-21 19:41:50,712] {bash_operator.py:123} INFO - Parameter I passed in
[2019-03-21 19:41:50,712] {bash_operator.py:123} INFO - 2017-12-06
[2019-03-21 19:41:50,713] {bash_operator.py:123} INFO - 2017-12-13
[2019-03-21 19:41:50,713] {bash_operator.py:123} INFO - Parameter I passed in
[2019-03-21 19:41:50,713] {bash_operator.py:123} INFO - 2017-12-06
[2019-03-21 19:41:50,713] {bash_operator.py:123} INFO - 2017-12-13
[2019-03-21 19:41:50,713] {bash_operator.py:123} INFO - Parameter I passed in
[2019-03-21 19:41:50,713] {bash_operator.py:123} INFO - 2017-12-06
[2019-03-21 19:41:50,713] {bash_operator.py:123} INFO - 2017-12-13
[2019-03-21 19:41:50,713] {bash_operator.py:123} INFO - Parameter I passed in
[2019-03-21 19:41:50,713] {bash_operator.py:123} INFO - 2017-12-06
[2019-03-21 19:41:50,713] {bash_operator.py:123} INFO - 2017-12-13
[2019-03-21 19:41:50,713] {bash_operator.py:123} INFO - Parameter I passed in
[2019-03-21 19:41:50,713] {bash_operator.py:127} INFO - Command exited with return code 0
[2019-03-21 19:41:54,739] {logging_mixin.py:95} INFO - [2019-03-21 19:41:54,738] {jobs.py:2527} INFO - Task exited with return code 0
