[2019-03-22 00:14:03,292] {models.py:1359} INFO - Dependencies all met for <TaskInstance: tutorial.print_date 2018-07-04T00:00:00+00:00 [queued]>
[2019-03-22 00:14:03,296] {models.py:1359} INFO - Dependencies all met for <TaskInstance: tutorial.print_date 2018-07-04T00:00:00+00:00 [queued]>
[2019-03-22 00:14:03,296] {models.py:1571} INFO - 
--------------------------------------------------------------------------------
Starting attempt 1 of 2
--------------------------------------------------------------------------------

[2019-03-22 00:14:03,376] {models.py:1593} INFO - Executing <Task(BashOperator): print_date> on 2018-07-04T00:00:00+00:00
[2019-03-22 00:14:03,377] {base_task_runner.py:118} INFO - Running: ['bash', '-c', 'airflow run tutorial print_date 2018-07-04T00:00:00+00:00 --job_id 2332 --raw -sd DAGS_FOLDER/tutorial.py --cfg_path /tmp/tmpiabp5qb8']
[2019-03-22 00:14:04,233] {base_task_runner.py:101} INFO - Job 2332: Subtask print_date [2019-03-22 00:14:04,232] {__init__.py:51} INFO - Using executor SequentialExecutor
[2019-03-22 00:14:04,624] {base_task_runner.py:101} INFO - Job 2332: Subtask print_date [2019-03-22 00:14:04,618] {models.py:273} INFO - Filling up the DagBag from /home/rsandroni/airflow/dags/tutorial.py
[2019-03-22 00:14:04,660] {base_task_runner.py:101} INFO - Job 2332: Subtask print_date [2019-03-22 00:14:04,656] {cli.py:520} INFO - Running <TaskInstance: tutorial.print_date 2018-07-04T00:00:00+00:00 [running]> on host IADAIRP1.globalrs.rack.space
[2019-03-22 00:14:04,672] {bash_operator.py:77} INFO - Tmp dir root location: 
 /tmp
[2019-03-22 00:14:04,672] {bash_operator.py:86} INFO - Exporting the following env vars:
AIRFLOW_CTX_DAG_ID=tutorial
AIRFLOW_CTX_TASK_ID=print_date
AIRFLOW_CTX_EXECUTION_DATE=2018-07-04T00:00:00+00:00
AIRFLOW_CTX_DAG_RUN_ID=scheduled__2018-07-04T00:00:00+00:00
[2019-03-22 00:14:04,673] {bash_operator.py:100} INFO - Temporary script location: /tmp/airflowtmpcxi636ne/print_datezgu4bhyj
[2019-03-22 00:14:04,673] {bash_operator.py:110} INFO - Running command: date
[2019-03-22 00:14:04,707] {bash_operator.py:119} INFO - Output:
[2019-03-22 00:14:04,718] {bash_operator.py:123} INFO - Sex Mar 22 00:14:04 -03 2019
[2019-03-22 00:14:04,718] {bash_operator.py:127} INFO - Command exited with return code 0
[2019-03-22 00:14:08,217] {logging_mixin.py:95} INFO - [2019-03-22 00:14:08,216] {jobs.py:2527} INFO - Task exited with return code 0
