[2019-03-22 00:06:04,325] {models.py:1359} INFO - Dependencies all met for <TaskInstance: tutorial.print_date 2018-06-28T00:00:00+00:00 [queued]>
[2019-03-22 00:06:04,328] {models.py:1359} INFO - Dependencies all met for <TaskInstance: tutorial.print_date 2018-06-28T00:00:00+00:00 [queued]>
[2019-03-22 00:06:04,328] {models.py:1571} INFO - 
--------------------------------------------------------------------------------
Starting attempt 1 of 2
--------------------------------------------------------------------------------

[2019-03-22 00:06:04,359] {models.py:1593} INFO - Executing <Task(BashOperator): print_date> on 2018-06-28T00:00:00+00:00
[2019-03-22 00:06:04,359] {base_task_runner.py:118} INFO - Running: ['bash', '-c', 'airflow run tutorial print_date 2018-06-28T00:00:00+00:00 --job_id 2320 --raw -sd DAGS_FOLDER/tutorial.py --cfg_path /tmp/tmpthschwus']
[2019-03-22 00:06:05,033] {base_task_runner.py:101} INFO - Job 2320: Subtask print_date [2019-03-22 00:06:05,032] {__init__.py:51} INFO - Using executor SequentialExecutor
[2019-03-22 00:06:05,290] {base_task_runner.py:101} INFO - Job 2320: Subtask print_date [2019-03-22 00:06:05,289] {models.py:273} INFO - Filling up the DagBag from /home/rsandroni/airflow/dags/tutorial.py
[2019-03-22 00:06:05,305] {base_task_runner.py:101} INFO - Job 2320: Subtask print_date [2019-03-22 00:06:05,305] {cli.py:520} INFO - Running <TaskInstance: tutorial.print_date 2018-06-28T00:00:00+00:00 [running]> on host IADAIRP1.globalrs.rack.space
[2019-03-22 00:06:05,318] {bash_operator.py:77} INFO - Tmp dir root location: 
 /tmp
[2019-03-22 00:06:05,319] {bash_operator.py:86} INFO - Exporting the following env vars:
AIRFLOW_CTX_DAG_ID=tutorial
AIRFLOW_CTX_TASK_ID=print_date
AIRFLOW_CTX_EXECUTION_DATE=2018-06-28T00:00:00+00:00
AIRFLOW_CTX_DAG_RUN_ID=scheduled__2018-06-28T00:00:00+00:00
[2019-03-22 00:06:05,319] {bash_operator.py:100} INFO - Temporary script location: /tmp/airflowtmp58qovk9x/print_datem_mszije
[2019-03-22 00:06:05,319] {bash_operator.py:110} INFO - Running command: date
[2019-03-22 00:06:05,325] {bash_operator.py:119} INFO - Output:
[2019-03-22 00:06:05,327] {bash_operator.py:123} INFO - Sex Mar 22 00:06:05 -03 2019
[2019-03-22 00:06:05,327] {bash_operator.py:127} INFO - Command exited with return code 0
[2019-03-22 00:06:09,359] {logging_mixin.py:95} INFO - [2019-03-22 00:06:09,358] {jobs.py:2527} INFO - Task exited with return code 0
