[2019-03-22 02:07:59,949] {models.py:1359} INFO - Dependencies all met for <TaskInstance: tutorial.print_date 2018-09-29T00:00:00+00:00 [queued]>
[2019-03-22 02:07:59,952] {models.py:1359} INFO - Dependencies all met for <TaskInstance: tutorial.print_date 2018-09-29T00:00:00+00:00 [queued]>
[2019-03-22 02:07:59,952] {models.py:1571} INFO - 
--------------------------------------------------------------------------------
Starting attempt 1 of 2
--------------------------------------------------------------------------------

[2019-03-22 02:07:59,982] {models.py:1593} INFO - Executing <Task(BashOperator): print_date> on 2018-09-29T00:00:00+00:00
[2019-03-22 02:07:59,982] {base_task_runner.py:118} INFO - Running: ['bash', '-c', 'airflow run tutorial print_date 2018-09-29T00:00:00+00:00 --job_id 2505 --raw -sd DAGS_FOLDER/tutorial.py --cfg_path /tmp/tmpylaq_s03']
[2019-03-22 02:08:00,641] {base_task_runner.py:101} INFO - Job 2505: Subtask print_date [2019-03-22 02:08:00,640] {__init__.py:51} INFO - Using executor SequentialExecutor
[2019-03-22 02:08:00,920] {base_task_runner.py:101} INFO - Job 2505: Subtask print_date [2019-03-22 02:08:00,919] {models.py:273} INFO - Filling up the DagBag from /home/rsandroni/airflow/dags/tutorial.py
[2019-03-22 02:08:00,935] {base_task_runner.py:101} INFO - Job 2505: Subtask print_date [2019-03-22 02:08:00,935] {cli.py:520} INFO - Running <TaskInstance: tutorial.print_date 2018-09-29T00:00:00+00:00 [running]> on host IADAIRP1.globalrs.rack.space
[2019-03-22 02:08:00,950] {bash_operator.py:77} INFO - Tmp dir root location: 
 /tmp
[2019-03-22 02:08:00,950] {bash_operator.py:86} INFO - Exporting the following env vars:
AIRFLOW_CTX_DAG_ID=tutorial
AIRFLOW_CTX_TASK_ID=print_date
AIRFLOW_CTX_EXECUTION_DATE=2018-09-29T00:00:00+00:00
AIRFLOW_CTX_DAG_RUN_ID=scheduled__2018-09-29T00:00:00+00:00
[2019-03-22 02:08:00,950] {bash_operator.py:100} INFO - Temporary script location: /tmp/airflowtmpvbmgb3zw/print_dateqarord55
[2019-03-22 02:08:00,951] {bash_operator.py:110} INFO - Running command: date
[2019-03-22 02:08:00,956] {bash_operator.py:119} INFO - Output:
[2019-03-22 02:08:00,958] {bash_operator.py:123} INFO - Sex Mar 22 02:08:00 -03 2019
[2019-03-22 02:08:00,958] {bash_operator.py:127} INFO - Command exited with return code 0
[2019-03-22 02:08:04,970] {logging_mixin.py:95} INFO - [2019-03-22 02:08:04,969] {jobs.py:2527} INFO - Task exited with return code 0
