[2019-03-19 10:43:56,706] {models.py:1359} INFO - Dependencies all met for <TaskInstance: tutorial.templated 2015-07-27T00:00:00+00:00 [queued]>
[2019-03-19 10:43:56,711] {models.py:1359} INFO - Dependencies all met for <TaskInstance: tutorial.templated 2015-07-27T00:00:00+00:00 [queued]>
[2019-03-19 10:43:56,711] {models.py:1571} INFO - 
--------------------------------------------------------------------------------
Starting attempt 1 of 2
--------------------------------------------------------------------------------

[2019-03-19 10:43:56,730] {models.py:1593} INFO - Executing <Task(BashOperator): templated> on 2015-07-27T00:00:00+00:00
[2019-03-19 10:43:56,730] {base_task_runner.py:118} INFO - Running: ['bash', '-c', 'airflow run tutorial templated 2015-07-27T00:00:00+00:00 --job_id 119 --raw -sd DAGS_FOLDER/example_dags/tutorial.py --cfg_path /tmp/tmpycjp1mvw']
[2019-03-19 10:43:57,325] {base_task_runner.py:101} INFO - Job 119: Subtask templated [2019-03-19 10:43:57,324] {__init__.py:51} INFO - Using executor SequentialExecutor
[2019-03-19 10:43:57,542] {base_task_runner.py:101} INFO - Job 119: Subtask templated [2019-03-19 10:43:57,541] {models.py:273} INFO - Filling up the DagBag from /home/rsandroni/airflow/dags/example_dags/tutorial.py
[2019-03-19 10:43:57,582] {base_task_runner.py:101} INFO - Job 119: Subtask templated [2019-03-19 10:43:57,581] {cli.py:520} INFO - Running <TaskInstance: tutorial.templated 2015-07-27T00:00:00+00:00 [running]> on host IADAIRP1.globalrs.rack.space
[2019-03-19 10:43:57,596] {bash_operator.py:77} INFO - Tmp dir root location: 
 /tmp
[2019-03-19 10:43:57,597] {bash_operator.py:86} INFO - Exporting the following env vars:
AIRFLOW_CTX_DAG_ID=tutorial
AIRFLOW_CTX_TASK_ID=templated
AIRFLOW_CTX_EXECUTION_DATE=2015-07-27T00:00:00+00:00
AIRFLOW_CTX_DAG_RUN_ID=scheduled__2015-07-27T00:00:00+00:00
[2019-03-19 10:43:57,597] {bash_operator.py:100} INFO - Temporary script location: /tmp/airflowtmpoq_mkken/templated9snx3qv2
[2019-03-19 10:43:57,597] {bash_operator.py:110} INFO - Running command: 

    echo "2015-07-27"
    echo "2015-08-03"
    echo "Parameter I passed in"

    echo "2015-07-27"
    echo "2015-08-03"
    echo "Parameter I passed in"

    echo "2015-07-27"
    echo "2015-08-03"
    echo "Parameter I passed in"

    echo "2015-07-27"
    echo "2015-08-03"
    echo "Parameter I passed in"

    echo "2015-07-27"
    echo "2015-08-03"
    echo "Parameter I passed in"

[2019-03-19 10:43:57,602] {bash_operator.py:119} INFO - Output:
[2019-03-19 10:43:57,603] {bash_operator.py:123} INFO - 2015-07-27
[2019-03-19 10:43:57,603] {bash_operator.py:123} INFO - 2015-08-03
[2019-03-19 10:43:57,604] {bash_operator.py:123} INFO - Parameter I passed in
[2019-03-19 10:43:57,604] {bash_operator.py:123} INFO - 2015-07-27
[2019-03-19 10:43:57,604] {bash_operator.py:123} INFO - 2015-08-03
[2019-03-19 10:43:57,604] {bash_operator.py:123} INFO - Parameter I passed in
[2019-03-19 10:43:57,604] {bash_operator.py:123} INFO - 2015-07-27
[2019-03-19 10:43:57,604] {bash_operator.py:123} INFO - 2015-08-03
[2019-03-19 10:43:57,604] {bash_operator.py:123} INFO - Parameter I passed in
[2019-03-19 10:43:57,604] {bash_operator.py:123} INFO - 2015-07-27
[2019-03-19 10:43:57,604] {bash_operator.py:123} INFO - 2015-08-03
[2019-03-19 10:43:57,604] {bash_operator.py:123} INFO - Parameter I passed in
[2019-03-19 10:43:57,604] {bash_operator.py:123} INFO - 2015-07-27
[2019-03-19 10:43:57,604] {bash_operator.py:123} INFO - 2015-08-03
[2019-03-19 10:43:57,604] {bash_operator.py:123} INFO - Parameter I passed in
[2019-03-19 10:43:57,604] {bash_operator.py:127} INFO - Command exited with return code 0
[2019-03-19 10:44:01,709] {logging_mixin.py:95} INFO - [2019-03-19 10:44:01,708] {jobs.py:2527} INFO - Task exited with return code 0
