[2019-03-21 19:36:38,115] {models.py:1359} INFO - Dependencies all met for <TaskInstance: tutorial.templated 2017-12-02T00:00:00+00:00 [queued]>
[2019-03-21 19:36:38,120] {models.py:1359} INFO - Dependencies all met for <TaskInstance: tutorial.templated 2017-12-02T00:00:00+00:00 [queued]>
[2019-03-21 19:36:38,120] {models.py:1571} INFO - 
--------------------------------------------------------------------------------
Starting attempt 1 of 2
--------------------------------------------------------------------------------

[2019-03-21 19:36:38,137] {models.py:1593} INFO - Executing <Task(BashOperator): templated> on 2017-12-02T00:00:00+00:00
[2019-03-21 19:36:38,137] {base_task_runner.py:118} INFO - Running: ['bash', '-c', 'airflow run tutorial templated 2017-12-02T00:00:00+00:00 --job_id 1906 --raw -sd DAGS_FOLDER/example_dags/tutorial.py --cfg_path /tmp/tmp3ex0ri6h']
[2019-03-21 19:36:38,776] {base_task_runner.py:101} INFO - Job 1906: Subtask templated [2019-03-21 19:36:38,775] {__init__.py:51} INFO - Using executor SequentialExecutor
[2019-03-21 19:36:39,012] {base_task_runner.py:101} INFO - Job 1906: Subtask templated [2019-03-21 19:36:39,011] {models.py:273} INFO - Filling up the DagBag from /home/rsandroni/airflow/dags/example_dags/tutorial.py
[2019-03-21 19:36:39,075] {base_task_runner.py:101} INFO - Job 1906: Subtask templated [2019-03-21 19:36:39,074] {cli.py:520} INFO - Running <TaskInstance: tutorial.templated 2017-12-02T00:00:00+00:00 [running]> on host IADAIRP1.globalrs.rack.space
[2019-03-21 19:36:39,091] {bash_operator.py:77} INFO - Tmp dir root location: 
 /tmp
[2019-03-21 19:36:39,091] {bash_operator.py:86} INFO - Exporting the following env vars:
AIRFLOW_CTX_DAG_ID=tutorial
AIRFLOW_CTX_TASK_ID=templated
AIRFLOW_CTX_EXECUTION_DATE=2017-12-02T00:00:00+00:00
AIRFLOW_CTX_DAG_RUN_ID=scheduled__2017-12-02T00:00:00+00:00
[2019-03-21 19:36:39,092] {bash_operator.py:100} INFO - Temporary script location: /tmp/airflowtmpydtokki4/templatedeq7fuyin
[2019-03-21 19:36:39,092] {bash_operator.py:110} INFO - Running command: 

    echo "2017-12-02"
    echo "2017-12-09"
    echo "Parameter I passed in"

    echo "2017-12-02"
    echo "2017-12-09"
    echo "Parameter I passed in"

    echo "2017-12-02"
    echo "2017-12-09"
    echo "Parameter I passed in"

    echo "2017-12-02"
    echo "2017-12-09"
    echo "Parameter I passed in"

    echo "2017-12-02"
    echo "2017-12-09"
    echo "Parameter I passed in"

[2019-03-21 19:36:39,098] {bash_operator.py:119} INFO - Output:
[2019-03-21 19:36:39,099] {bash_operator.py:123} INFO - 2017-12-02
[2019-03-21 19:36:39,099] {bash_operator.py:123} INFO - 2017-12-09
[2019-03-21 19:36:39,099] {bash_operator.py:123} INFO - Parameter I passed in
[2019-03-21 19:36:39,099] {bash_operator.py:123} INFO - 2017-12-02
[2019-03-21 19:36:39,099] {bash_operator.py:123} INFO - 2017-12-09
[2019-03-21 19:36:39,099] {bash_operator.py:123} INFO - Parameter I passed in
[2019-03-21 19:36:39,099] {bash_operator.py:123} INFO - 2017-12-02
[2019-03-21 19:36:39,099] {bash_operator.py:123} INFO - 2017-12-09
[2019-03-21 19:36:39,099] {bash_operator.py:123} INFO - Parameter I passed in
[2019-03-21 19:36:39,099] {bash_operator.py:123} INFO - 2017-12-02
[2019-03-21 19:36:39,099] {bash_operator.py:123} INFO - 2017-12-09
[2019-03-21 19:36:39,099] {bash_operator.py:123} INFO - Parameter I passed in
[2019-03-21 19:36:39,099] {bash_operator.py:123} INFO - 2017-12-02
[2019-03-21 19:36:39,099] {bash_operator.py:123} INFO - 2017-12-09
[2019-03-21 19:36:39,099] {bash_operator.py:123} INFO - Parameter I passed in
[2019-03-21 19:36:39,099] {bash_operator.py:127} INFO - Command exited with return code 0
[2019-03-21 19:36:43,115] {logging_mixin.py:95} INFO - [2019-03-21 19:36:43,114] {jobs.py:2527} INFO - Task exited with return code 0
