[2019-03-19 12:57:44,539] {models.py:1359} INFO - Dependencies all met for <TaskInstance: tutorial.templated 2016-05-07T00:00:00+00:00 [queued]>
[2019-03-19 12:57:44,544] {models.py:1359} INFO - Dependencies all met for <TaskInstance: tutorial.templated 2016-05-07T00:00:00+00:00 [queued]>
[2019-03-19 12:57:44,544] {models.py:1571} INFO - 
--------------------------------------------------------------------------------
Starting attempt 1 of 2
--------------------------------------------------------------------------------

[2019-03-19 12:57:44,600] {models.py:1593} INFO - Executing <Task(BashOperator): templated> on 2016-05-07T00:00:00+00:00
[2019-03-19 12:57:44,600] {base_task_runner.py:118} INFO - Running: ['bash', '-c', 'airflow run tutorial templated 2016-05-07T00:00:00+00:00 --job_id 689 --raw -sd DAGS_FOLDER/example_dags/tutorial.py --cfg_path /tmp/tmpt2azb6qu']
[2019-03-19 12:57:46,157] {base_task_runner.py:101} INFO - Job 689: Subtask templated [2019-03-19 12:57:46,157] {__init__.py:51} INFO - Using executor SequentialExecutor
[2019-03-19 12:57:47,089] {base_task_runner.py:101} INFO - Job 689: Subtask templated [2019-03-19 12:57:47,081] {models.py:273} INFO - Filling up the DagBag from /home/rsandroni/airflow/dags/example_dags/tutorial.py
[2019-03-19 12:57:47,199] {base_task_runner.py:101} INFO - Job 689: Subtask templated [2019-03-19 12:57:47,191] {cli.py:520} INFO - Running <TaskInstance: tutorial.templated 2016-05-07T00:00:00+00:00 [running]> on host IADAIRP1.globalrs.rack.space
[2019-03-19 12:57:47,231] {bash_operator.py:77} INFO - Tmp dir root location: 
 /tmp
[2019-03-19 12:57:47,232] {bash_operator.py:86} INFO - Exporting the following env vars:
AIRFLOW_CTX_DAG_ID=tutorial
AIRFLOW_CTX_TASK_ID=templated
AIRFLOW_CTX_EXECUTION_DATE=2016-05-07T00:00:00+00:00
AIRFLOW_CTX_DAG_RUN_ID=scheduled__2016-05-07T00:00:00+00:00
[2019-03-19 12:57:47,232] {bash_operator.py:100} INFO - Temporary script location: /tmp/airflowtmp89i0i6r_/templated2girb9qz
[2019-03-19 12:57:47,232] {bash_operator.py:110} INFO - Running command: 

    echo "2016-05-07"
    echo "2016-05-14"
    echo "Parameter I passed in"

    echo "2016-05-07"
    echo "2016-05-14"
    echo "Parameter I passed in"

    echo "2016-05-07"
    echo "2016-05-14"
    echo "Parameter I passed in"

    echo "2016-05-07"
    echo "2016-05-14"
    echo "Parameter I passed in"

    echo "2016-05-07"
    echo "2016-05-14"
    echo "Parameter I passed in"

[2019-03-19 12:57:47,318] {bash_operator.py:119} INFO - Output:
[2019-03-19 12:57:47,327] {bash_operator.py:123} INFO - 2016-05-07
[2019-03-19 12:57:47,327] {bash_operator.py:123} INFO - 2016-05-14
[2019-03-19 12:57:47,328] {bash_operator.py:123} INFO - Parameter I passed in
[2019-03-19 12:57:47,328] {bash_operator.py:123} INFO - 2016-05-07
[2019-03-19 12:57:47,328] {bash_operator.py:123} INFO - 2016-05-14
[2019-03-19 12:57:47,328] {bash_operator.py:123} INFO - Parameter I passed in
[2019-03-19 12:57:47,328] {bash_operator.py:123} INFO - 2016-05-07
[2019-03-19 12:57:47,328] {bash_operator.py:123} INFO - 2016-05-14
[2019-03-19 12:57:47,328] {bash_operator.py:123} INFO - Parameter I passed in
[2019-03-19 12:57:47,328] {bash_operator.py:123} INFO - 2016-05-07
[2019-03-19 12:57:47,328] {bash_operator.py:123} INFO - 2016-05-14
[2019-03-19 12:57:47,328] {bash_operator.py:123} INFO - Parameter I passed in
[2019-03-19 12:57:47,328] {bash_operator.py:123} INFO - 2016-05-07
[2019-03-19 12:57:47,328] {bash_operator.py:123} INFO - 2016-05-14
[2019-03-19 12:57:47,328] {bash_operator.py:123} INFO - Parameter I passed in
[2019-03-19 12:57:47,328] {bash_operator.py:127} INFO - Command exited with return code 0
[2019-03-19 12:57:49,567] {logging_mixin.py:95} INFO - [2019-03-19 12:57:49,566] {jobs.py:2527} INFO - Task exited with return code 0
