[2019-03-19 15:28:43,768] {models.py:1359} INFO - Dependencies all met for <TaskInstance: tutorial.print_date 2017-03-23T00:00:00+00:00 [queued]>
[2019-03-19 15:28:43,771] {models.py:1359} INFO - Dependencies all met for <TaskInstance: tutorial.print_date 2017-03-23T00:00:00+00:00 [queued]>
[2019-03-19 15:28:43,771] {models.py:1571} INFO - 
--------------------------------------------------------------------------------
Starting attempt 1 of 2
--------------------------------------------------------------------------------

[2019-03-19 15:28:43,785] {models.py:1593} INFO - Executing <Task(BashOperator): print_date> on 2017-03-23T00:00:00+00:00
[2019-03-19 15:28:43,785] {base_task_runner.py:118} INFO - Running: ['bash', '-c', 'airflow run tutorial print_date 2017-03-23T00:00:00+00:00 --job_id 1327 --raw -sd DAGS_FOLDER/tutorial.py --cfg_path /tmp/tmp4gka4qvk']
[2019-03-19 15:28:44,396] {base_task_runner.py:101} INFO - Job 1327: Subtask print_date [2019-03-19 15:28:44,395] {__init__.py:51} INFO - Using executor SequentialExecutor
[2019-03-19 15:28:44,726] {base_task_runner.py:101} INFO - Job 1327: Subtask print_date [2019-03-19 15:28:44,726] {models.py:273} INFO - Filling up the DagBag from /home/rsandroni/airflow/dags/tutorial.py
[2019-03-19 15:28:44,745] {base_task_runner.py:101} INFO - Job 1327: Subtask print_date [2019-03-19 15:28:44,745] {cli.py:520} INFO - Running <TaskInstance: tutorial.print_date 2017-03-23T00:00:00+00:00 [running]> on host IADAIRP1.globalrs.rack.space
[2019-03-19 15:28:44,759] {bash_operator.py:77} INFO - Tmp dir root location: 
 /tmp
[2019-03-19 15:28:44,760] {bash_operator.py:86} INFO - Exporting the following env vars:
AIRFLOW_CTX_DAG_ID=tutorial
AIRFLOW_CTX_TASK_ID=print_date
AIRFLOW_CTX_EXECUTION_DATE=2017-03-23T00:00:00+00:00
AIRFLOW_CTX_DAG_RUN_ID=scheduled__2017-03-23T00:00:00+00:00
[2019-03-19 15:28:44,760] {bash_operator.py:100} INFO - Temporary script location: /tmp/airflowtmp6yxoa3sb/print_datewr3eprhz
[2019-03-19 15:28:44,760] {bash_operator.py:110} INFO - Running command: date
[2019-03-19 15:28:44,767] {bash_operator.py:119} INFO - Output:
[2019-03-19 15:28:44,768] {bash_operator.py:123} INFO - Ter Mar 19 15:28:44 -03 2019
[2019-03-19 15:28:44,769] {bash_operator.py:127} INFO - Command exited with return code 0
[2019-03-19 15:28:48,817] {logging_mixin.py:95} INFO - [2019-03-19 15:28:48,816] {jobs.py:2527} INFO - Task exited with return code 0
