[2019-03-19 14:56:42,517] {models.py:1359} INFO - Dependencies all met for <TaskInstance: tutorial.templated 2017-01-11T00:00:00+00:00 [queued]>
[2019-03-19 14:56:42,521] {models.py:1359} INFO - Dependencies all met for <TaskInstance: tutorial.templated 2017-01-11T00:00:00+00:00 [queued]>
[2019-03-19 14:56:42,521] {models.py:1571} INFO - 
--------------------------------------------------------------------------------
Starting attempt 1 of 2
--------------------------------------------------------------------------------

[2019-03-19 14:56:42,542] {models.py:1593} INFO - Executing <Task(BashOperator): templated> on 2017-01-11T00:00:00+00:00
[2019-03-19 14:56:42,542] {base_task_runner.py:118} INFO - Running: ['bash', '-c', 'airflow run tutorial templated 2017-01-11T00:00:00+00:00 --job_id 1187 --raw -sd DAGS_FOLDER/example_dags/tutorial.py --cfg_path /tmp/tmpes_f00ct']
[2019-03-19 14:56:43,208] {base_task_runner.py:101} INFO - Job 1187: Subtask templated [2019-03-19 14:56:43,207] {__init__.py:51} INFO - Using executor SequentialExecutor
[2019-03-19 14:56:43,575] {base_task_runner.py:101} INFO - Job 1187: Subtask templated [2019-03-19 14:56:43,573] {models.py:273} INFO - Filling up the DagBag from /home/rsandroni/airflow/dags/example_dags/tutorial.py
[2019-03-19 14:56:43,655] {base_task_runner.py:101} INFO - Job 1187: Subtask templated [2019-03-19 14:56:43,651] {cli.py:520} INFO - Running <TaskInstance: tutorial.templated 2017-01-11T00:00:00+00:00 [running]> on host IADAIRP1.globalrs.rack.space
[2019-03-19 14:56:43,672] {bash_operator.py:77} INFO - Tmp dir root location: 
 /tmp
[2019-03-19 14:56:43,672] {bash_operator.py:86} INFO - Exporting the following env vars:
AIRFLOW_CTX_DAG_ID=tutorial
AIRFLOW_CTX_TASK_ID=templated
AIRFLOW_CTX_EXECUTION_DATE=2017-01-11T00:00:00+00:00
AIRFLOW_CTX_DAG_RUN_ID=scheduled__2017-01-11T00:00:00+00:00
[2019-03-19 14:56:43,672] {bash_operator.py:100} INFO - Temporary script location: /tmp/airflowtmpl3m4y77a/templated7dt806yt
[2019-03-19 14:56:43,672] {bash_operator.py:110} INFO - Running command: 

    echo "2017-01-11"
    echo "2017-01-18"
    echo "Parameter I passed in"

    echo "2017-01-11"
    echo "2017-01-18"
    echo "Parameter I passed in"

    echo "2017-01-11"
    echo "2017-01-18"
    echo "Parameter I passed in"

    echo "2017-01-11"
    echo "2017-01-18"
    echo "Parameter I passed in"

    echo "2017-01-11"
    echo "2017-01-18"
    echo "Parameter I passed in"

[2019-03-19 14:56:43,696] {bash_operator.py:119} INFO - Output:
[2019-03-19 14:56:43,697] {bash_operator.py:123} INFO - 2017-01-11
[2019-03-19 14:56:43,697] {bash_operator.py:123} INFO - 2017-01-18
[2019-03-19 14:56:43,698] {bash_operator.py:123} INFO - Parameter I passed in
[2019-03-19 14:56:43,698] {bash_operator.py:123} INFO - 2017-01-11
[2019-03-19 14:56:43,698] {bash_operator.py:123} INFO - 2017-01-18
[2019-03-19 14:56:43,698] {bash_operator.py:123} INFO - Parameter I passed in
[2019-03-19 14:56:43,698] {bash_operator.py:123} INFO - 2017-01-11
[2019-03-19 14:56:43,698] {bash_operator.py:123} INFO - 2017-01-18
[2019-03-19 14:56:43,698] {bash_operator.py:123} INFO - Parameter I passed in
[2019-03-19 14:56:43,698] {bash_operator.py:123} INFO - 2017-01-11
[2019-03-19 14:56:43,698] {bash_operator.py:123} INFO - 2017-01-18
[2019-03-19 14:56:43,698] {bash_operator.py:123} INFO - Parameter I passed in
[2019-03-19 14:56:43,698] {bash_operator.py:123} INFO - 2017-01-11
[2019-03-19 14:56:43,698] {bash_operator.py:123} INFO - 2017-01-18
[2019-03-19 14:56:43,698] {bash_operator.py:123} INFO - Parameter I passed in
[2019-03-19 14:56:43,698] {bash_operator.py:127} INFO - Command exited with return code 0
[2019-03-19 14:56:47,582] {logging_mixin.py:95} INFO - [2019-03-19 14:56:47,581] {jobs.py:2527} INFO - Task exited with return code 0
