[2019-03-22 00:53:21,728] {models.py:1359} INFO - Dependencies all met for <TaskInstance: tutorial.templated 2018-08-02T00:00:00+00:00 [queued]>
[2019-03-22 00:53:21,745] {models.py:1359} INFO - Dependencies all met for <TaskInstance: tutorial.templated 2018-08-02T00:00:00+00:00 [queued]>
[2019-03-22 00:53:21,745] {models.py:1571} INFO - 
--------------------------------------------------------------------------------
Starting attempt 1 of 2
--------------------------------------------------------------------------------

[2019-03-22 00:53:21,817] {models.py:1593} INFO - Executing <Task(BashOperator): templated> on 2018-08-02T00:00:00+00:00
[2019-03-22 00:53:21,817] {base_task_runner.py:118} INFO - Running: ['bash', '-c', 'airflow run tutorial templated 2018-08-02T00:00:00+00:00 --job_id 2391 --raw -sd DAGS_FOLDER/example_dags/tutorial.py --cfg_path /tmp/tmp_jw2vn5m']
[2019-03-22 00:53:23,432] {base_task_runner.py:101} INFO - Job 2391: Subtask templated [2019-03-22 00:53:23,425] {__init__.py:51} INFO - Using executor SequentialExecutor
[2019-03-22 00:53:24,046] {base_task_runner.py:101} INFO - Job 2391: Subtask templated [2019-03-22 00:53:24,045] {models.py:273} INFO - Filling up the DagBag from /home/rsandroni/airflow/dags/example_dags/tutorial.py
[2019-03-22 00:53:24,300] {base_task_runner.py:101} INFO - Job 2391: Subtask templated [2019-03-22 00:53:24,299] {cli.py:520} INFO - Running <TaskInstance: tutorial.templated 2018-08-02T00:00:00+00:00 [running]> on host IADAIRP1.globalrs.rack.space
[2019-03-22 00:53:24,432] {bash_operator.py:77} INFO - Tmp dir root location: 
 /tmp
[2019-03-22 00:53:24,433] {bash_operator.py:86} INFO - Exporting the following env vars:
AIRFLOW_CTX_DAG_ID=tutorial
AIRFLOW_CTX_TASK_ID=templated
AIRFLOW_CTX_EXECUTION_DATE=2018-08-02T00:00:00+00:00
AIRFLOW_CTX_DAG_RUN_ID=scheduled__2018-08-02T00:00:00+00:00
[2019-03-22 00:53:24,434] {bash_operator.py:100} INFO - Temporary script location: /tmp/airflowtmpjz3c3lgi/templatedbbvx95af
[2019-03-22 00:53:24,434] {bash_operator.py:110} INFO - Running command: 

    echo "2018-08-02"
    echo "2018-08-09"
    echo "Parameter I passed in"

    echo "2018-08-02"
    echo "2018-08-09"
    echo "Parameter I passed in"

    echo "2018-08-02"
    echo "2018-08-09"
    echo "Parameter I passed in"

    echo "2018-08-02"
    echo "2018-08-09"
    echo "Parameter I passed in"

    echo "2018-08-02"
    echo "2018-08-09"
    echo "Parameter I passed in"

[2019-03-22 00:53:24,490] {bash_operator.py:119} INFO - Output:
[2019-03-22 00:53:24,491] {bash_operator.py:123} INFO - 2018-08-02
[2019-03-22 00:53:24,491] {bash_operator.py:123} INFO - 2018-08-09
[2019-03-22 00:53:24,491] {bash_operator.py:123} INFO - Parameter I passed in
[2019-03-22 00:53:24,491] {bash_operator.py:123} INFO - 2018-08-02
[2019-03-22 00:53:24,491] {bash_operator.py:123} INFO - 2018-08-09
[2019-03-22 00:53:24,491] {bash_operator.py:123} INFO - Parameter I passed in
[2019-03-22 00:53:24,491] {bash_operator.py:123} INFO - 2018-08-02
[2019-03-22 00:53:24,491] {bash_operator.py:123} INFO - 2018-08-09
[2019-03-22 00:53:24,491] {bash_operator.py:123} INFO - Parameter I passed in
[2019-03-22 00:53:24,491] {bash_operator.py:123} INFO - 2018-08-02
[2019-03-22 00:53:24,492] {bash_operator.py:123} INFO - 2018-08-09
[2019-03-22 00:53:24,492] {bash_operator.py:123} INFO - Parameter I passed in
[2019-03-22 00:53:24,492] {bash_operator.py:123} INFO - 2018-08-02
[2019-03-22 00:53:24,492] {bash_operator.py:123} INFO - 2018-08-09
[2019-03-22 00:53:24,492] {bash_operator.py:123} INFO - Parameter I passed in
[2019-03-22 00:53:24,492] {bash_operator.py:127} INFO - Command exited with return code 0
[2019-03-22 00:53:26,738] {logging_mixin.py:95} INFO - [2019-03-22 00:53:26,737] {jobs.py:2527} INFO - Task exited with return code 0
