[2019-03-21 22:55:08,325] {models.py:1359} INFO - Dependencies all met for <TaskInstance: tutorial.templated 2018-05-04T00:00:00+00:00 [queued]>
[2019-03-21 22:55:08,329] {models.py:1359} INFO - Dependencies all met for <TaskInstance: tutorial.templated 2018-05-04T00:00:00+00:00 [queued]>
[2019-03-21 22:55:08,329] {models.py:1571} INFO - 
--------------------------------------------------------------------------------
Starting attempt 1 of 2
--------------------------------------------------------------------------------

[2019-03-21 22:55:08,343] {models.py:1593} INFO - Executing <Task(BashOperator): templated> on 2018-05-04T00:00:00+00:00
[2019-03-21 22:55:08,343] {base_task_runner.py:118} INFO - Running: ['bash', '-c', 'airflow run tutorial templated 2018-05-04T00:00:00+00:00 --job_id 2211 --raw -sd DAGS_FOLDER/example_dags/tutorial.py --cfg_path /tmp/tmp5m13w_ix']
[2019-03-21 22:55:08,982] {base_task_runner.py:101} INFO - Job 2211: Subtask templated [2019-03-21 22:55:08,981] {__init__.py:51} INFO - Using executor SequentialExecutor
[2019-03-21 22:55:09,215] {base_task_runner.py:101} INFO - Job 2211: Subtask templated [2019-03-21 22:55:09,214] {models.py:273} INFO - Filling up the DagBag from /home/rsandroni/airflow/dags/example_dags/tutorial.py
[2019-03-21 22:55:09,280] {base_task_runner.py:101} INFO - Job 2211: Subtask templated [2019-03-21 22:55:09,279] {cli.py:520} INFO - Running <TaskInstance: tutorial.templated 2018-05-04T00:00:00+00:00 [running]> on host IADAIRP1.globalrs.rack.space
[2019-03-21 22:55:09,296] {bash_operator.py:77} INFO - Tmp dir root location: 
 /tmp
[2019-03-21 22:55:09,296] {bash_operator.py:86} INFO - Exporting the following env vars:
AIRFLOW_CTX_DAG_ID=tutorial
AIRFLOW_CTX_TASK_ID=templated
AIRFLOW_CTX_EXECUTION_DATE=2018-05-04T00:00:00+00:00
AIRFLOW_CTX_DAG_RUN_ID=scheduled__2018-05-04T00:00:00+00:00
[2019-03-21 22:55:09,297] {bash_operator.py:100} INFO - Temporary script location: /tmp/airflowtmpui_snyjj/templatedi7sjfie3
[2019-03-21 22:55:09,297] {bash_operator.py:110} INFO - Running command: 

    echo "2018-05-04"
    echo "2018-05-11"
    echo "Parameter I passed in"

    echo "2018-05-04"
    echo "2018-05-11"
    echo "Parameter I passed in"

    echo "2018-05-04"
    echo "2018-05-11"
    echo "Parameter I passed in"

    echo "2018-05-04"
    echo "2018-05-11"
    echo "Parameter I passed in"

    echo "2018-05-04"
    echo "2018-05-11"
    echo "Parameter I passed in"

[2019-03-21 22:55:09,302] {bash_operator.py:119} INFO - Output:
[2019-03-21 22:55:09,303] {bash_operator.py:123} INFO - 2018-05-04
[2019-03-21 22:55:09,303] {bash_operator.py:123} INFO - 2018-05-11
[2019-03-21 22:55:09,303] {bash_operator.py:123} INFO - Parameter I passed in
[2019-03-21 22:55:09,303] {bash_operator.py:123} INFO - 2018-05-04
[2019-03-21 22:55:09,303] {bash_operator.py:123} INFO - 2018-05-11
[2019-03-21 22:55:09,303] {bash_operator.py:123} INFO - Parameter I passed in
[2019-03-21 22:55:09,304] {bash_operator.py:123} INFO - 2018-05-04
[2019-03-21 22:55:09,304] {bash_operator.py:123} INFO - 2018-05-11
[2019-03-21 22:55:09,304] {bash_operator.py:123} INFO - Parameter I passed in
[2019-03-21 22:55:09,304] {bash_operator.py:123} INFO - 2018-05-04
[2019-03-21 22:55:09,304] {bash_operator.py:123} INFO - 2018-05-11
[2019-03-21 22:55:09,304] {bash_operator.py:123} INFO - Parameter I passed in
[2019-03-21 22:55:09,304] {bash_operator.py:123} INFO - 2018-05-04
[2019-03-21 22:55:09,304] {bash_operator.py:123} INFO - 2018-05-11
[2019-03-21 22:55:09,304] {bash_operator.py:123} INFO - Parameter I passed in
[2019-03-21 22:55:09,304] {bash_operator.py:127} INFO - Command exited with return code 0
[2019-03-21 22:55:13,324] {logging_mixin.py:95} INFO - [2019-03-21 22:55:13,323] {jobs.py:2527} INFO - Task exited with return code 0
