[2019-03-19 14:47:30,133] {models.py:1359} INFO - Dependencies all met for <TaskInstance: tutorial.print_date 2016-12-22T00:00:00+00:00 [queued]>
[2019-03-19 14:47:30,136] {models.py:1359} INFO - Dependencies all met for <TaskInstance: tutorial.print_date 2016-12-22T00:00:00+00:00 [queued]>
[2019-03-19 14:47:30,136] {models.py:1571} INFO - 
--------------------------------------------------------------------------------
Starting attempt 1 of 2
--------------------------------------------------------------------------------

[2019-03-19 14:47:30,205] {models.py:1593} INFO - Executing <Task(BashOperator): print_date> on 2016-12-22T00:00:00+00:00
[2019-03-19 14:47:30,205] {base_task_runner.py:118} INFO - Running: ['bash', '-c', 'airflow run tutorial print_date 2016-12-22T00:00:00+00:00 --job_id 1146 --raw -sd DAGS_FOLDER/tutorial.py --cfg_path /tmp/tmp0ii98anh']
[2019-03-19 14:47:31,534] {base_task_runner.py:101} INFO - Job 1146: Subtask print_date [2019-03-19 14:47:31,533] {__init__.py:51} INFO - Using executor SequentialExecutor
[2019-03-19 14:47:32,074] {base_task_runner.py:101} INFO - Job 1146: Subtask print_date [2019-03-19 14:47:32,067] {models.py:273} INFO - Filling up the DagBag from /home/rsandroni/airflow/dags/tutorial.py
[2019-03-19 14:47:32,122] {base_task_runner.py:101} INFO - Job 1146: Subtask print_date [2019-03-19 14:47:32,118] {cli.py:520} INFO - Running <TaskInstance: tutorial.print_date 2016-12-22T00:00:00+00:00 [running]> on host IADAIRP1.globalrs.rack.space
[2019-03-19 14:47:32,164] {bash_operator.py:77} INFO - Tmp dir root location: 
 /tmp
[2019-03-19 14:47:32,164] {bash_operator.py:86} INFO - Exporting the following env vars:
AIRFLOW_CTX_DAG_ID=tutorial
AIRFLOW_CTX_TASK_ID=print_date
AIRFLOW_CTX_EXECUTION_DATE=2016-12-22T00:00:00+00:00
AIRFLOW_CTX_DAG_RUN_ID=scheduled__2016-12-22T00:00:00+00:00
[2019-03-19 14:47:32,164] {bash_operator.py:100} INFO - Temporary script location: /tmp/airflowtmp0na952ae/print_datex9h6x4j7
[2019-03-19 14:47:32,164] {bash_operator.py:110} INFO - Running command: date
[2019-03-19 14:47:32,200] {bash_operator.py:119} INFO - Output:
[2019-03-19 14:47:32,254] {bash_operator.py:123} INFO - Ter Mar 19 14:47:32 -03 2019
[2019-03-19 14:47:32,258] {bash_operator.py:127} INFO - Command exited with return code 0
[2019-03-19 14:47:35,140] {logging_mixin.py:95} INFO - [2019-03-19 14:47:35,139] {jobs.py:2527} INFO - Task exited with return code 0
