[2019-03-22 04:57:11,934] {models.py:1359} INFO - Dependencies all met for <TaskInstance: tutorial.print_date 2019-02-03T00:00:00+00:00 [queued]>
[2019-03-22 04:57:11,937] {models.py:1359} INFO - Dependencies all met for <TaskInstance: tutorial.print_date 2019-02-03T00:00:00+00:00 [queued]>
[2019-03-22 04:57:11,938] {models.py:1571} INFO - 
--------------------------------------------------------------------------------
Starting attempt 1 of 2
--------------------------------------------------------------------------------

[2019-03-22 04:57:11,962] {models.py:1593} INFO - Executing <Task(BashOperator): print_date> on 2019-02-03T00:00:00+00:00
[2019-03-22 04:57:11,962] {base_task_runner.py:118} INFO - Running: ['bash', '-c', 'airflow run tutorial print_date 2019-02-03T00:00:00+00:00 --job_id 2760 --raw -sd DAGS_FOLDER/tutorial.py --cfg_path /tmp/tmpma0zl5s2']
[2019-03-22 04:57:12,871] {base_task_runner.py:101} INFO - Job 2760: Subtask print_date [2019-03-22 04:57:12,870] {__init__.py:51} INFO - Using executor SequentialExecutor
[2019-03-22 04:57:13,202] {base_task_runner.py:101} INFO - Job 2760: Subtask print_date [2019-03-22 04:57:13,201] {models.py:273} INFO - Filling up the DagBag from /home/rsandroni/airflow/dags/tutorial.py
[2019-03-22 04:57:13,227] {base_task_runner.py:101} INFO - Job 2760: Subtask print_date [2019-03-22 04:57:13,227] {cli.py:520} INFO - Running <TaskInstance: tutorial.print_date 2019-02-03T00:00:00+00:00 [running]> on host IADAIRP1.globalrs.rack.space
[2019-03-22 04:57:13,243] {bash_operator.py:77} INFO - Tmp dir root location: 
 /tmp
[2019-03-22 04:57:13,243] {bash_operator.py:86} INFO - Exporting the following env vars:
AIRFLOW_CTX_DAG_ID=tutorial
AIRFLOW_CTX_TASK_ID=print_date
AIRFLOW_CTX_EXECUTION_DATE=2019-02-03T00:00:00+00:00
AIRFLOW_CTX_DAG_RUN_ID=scheduled__2019-02-03T00:00:00+00:00
[2019-03-22 04:57:13,243] {bash_operator.py:100} INFO - Temporary script location: /tmp/airflowtmpqsptp7gp/print_dateqlyteloh
[2019-03-22 04:57:13,244] {bash_operator.py:110} INFO - Running command: date
[2019-03-22 04:57:13,249] {bash_operator.py:119} INFO - Output:
[2019-03-22 04:57:13,251] {bash_operator.py:123} INFO - Sex Mar 22 04:57:13 -03 2019
[2019-03-22 04:57:13,252] {bash_operator.py:127} INFO - Command exited with return code 0
[2019-03-22 04:57:16,912] {logging_mixin.py:95} INFO - [2019-03-22 04:57:16,911] {jobs.py:2527} INFO - Task exited with return code 0
