[2019-03-19 13:56:09,292] {models.py:1359} INFO - Dependencies all met for <TaskInstance: tutorial.print_date 2016-09-09T00:00:00+00:00 [queued]>
[2019-03-19 13:56:09,295] {models.py:1359} INFO - Dependencies all met for <TaskInstance: tutorial.print_date 2016-09-09T00:00:00+00:00 [queued]>
[2019-03-19 13:56:09,295] {models.py:1571} INFO - 
--------------------------------------------------------------------------------
Starting attempt 1 of 2
--------------------------------------------------------------------------------

[2019-03-19 13:56:09,377] {models.py:1593} INFO - Executing <Task(BashOperator): print_date> on 2016-09-09T00:00:00+00:00
[2019-03-19 13:56:09,377] {base_task_runner.py:118} INFO - Running: ['bash', '-c', 'airflow run tutorial print_date 2016-09-09T00:00:00+00:00 --job_id 937 --raw -sd DAGS_FOLDER/tutorial.py --cfg_path /tmp/tmprmo366oa']
[2019-03-19 13:56:10,938] {base_task_runner.py:101} INFO - Job 937: Subtask print_date [2019-03-19 13:56:10,937] {__init__.py:51} INFO - Using executor SequentialExecutor
[2019-03-19 13:56:11,633] {base_task_runner.py:101} INFO - Job 937: Subtask print_date [2019-03-19 13:56:11,632] {models.py:273} INFO - Filling up the DagBag from /home/rsandroni/airflow/dags/tutorial.py
[2019-03-19 13:56:11,683] {base_task_runner.py:101} INFO - Job 937: Subtask print_date [2019-03-19 13:56:11,679] {cli.py:520} INFO - Running <TaskInstance: tutorial.print_date 2016-09-09T00:00:00+00:00 [running]> on host IADAIRP1.globalrs.rack.space
[2019-03-19 13:56:11,720] {bash_operator.py:77} INFO - Tmp dir root location: 
 /tmp
[2019-03-19 13:56:11,720] {bash_operator.py:86} INFO - Exporting the following env vars:
AIRFLOW_CTX_DAG_ID=tutorial
AIRFLOW_CTX_TASK_ID=print_date
AIRFLOW_CTX_EXECUTION_DATE=2016-09-09T00:00:00+00:00
AIRFLOW_CTX_DAG_RUN_ID=scheduled__2016-09-09T00:00:00+00:00
[2019-03-19 13:56:11,721] {bash_operator.py:100} INFO - Temporary script location: /tmp/airflowtmpd3wpncfw/print_dateqka3jpdp
[2019-03-19 13:56:11,721] {bash_operator.py:110} INFO - Running command: date
[2019-03-19 13:56:11,749] {bash_operator.py:119} INFO - Output:
[2019-03-19 13:56:11,776] {bash_operator.py:123} INFO - Ter Mar 19 13:56:11 -03 2019
[2019-03-19 13:56:11,776] {bash_operator.py:127} INFO - Command exited with return code 0
[2019-03-19 13:56:14,300] {logging_mixin.py:95} INFO - [2019-03-19 13:56:14,299] {jobs.py:2527} INFO - Task exited with return code 0
