[2019-03-19 14:29:49,905] {models.py:1359} INFO - Dependencies all met for <TaskInstance: tutorial.templated 2016-11-15T00:00:00+00:00 [queued]>
[2019-03-19 14:29:49,909] {models.py:1359} INFO - Dependencies all met for <TaskInstance: tutorial.templated 2016-11-15T00:00:00+00:00 [queued]>
[2019-03-19 14:29:49,909] {models.py:1571} INFO - 
--------------------------------------------------------------------------------
Starting attempt 1 of 2
--------------------------------------------------------------------------------

[2019-03-19 14:29:49,947] {models.py:1593} INFO - Executing <Task(BashOperator): templated> on 2016-11-15T00:00:00+00:00
[2019-03-19 14:29:49,947] {base_task_runner.py:118} INFO - Running: ['bash', '-c', 'airflow run tutorial templated 2016-11-15T00:00:00+00:00 --job_id 1073 --raw -sd DAGS_FOLDER/example_dags/tutorial.py --cfg_path /tmp/tmp9z4ppuw9']
[2019-03-19 14:29:51,623] {base_task_runner.py:101} INFO - Job 1073: Subtask templated [2019-03-19 14:29:51,614] {__init__.py:51} INFO - Using executor SequentialExecutor
[2019-03-19 14:29:52,138] {base_task_runner.py:101} INFO - Job 1073: Subtask templated [2019-03-19 14:29:52,131] {models.py:273} INFO - Filling up the DagBag from /home/rsandroni/airflow/dags/example_dags/tutorial.py
[2019-03-19 14:29:52,217] {base_task_runner.py:101} INFO - Job 1073: Subtask templated [2019-03-19 14:29:52,213] {cli.py:520} INFO - Running <TaskInstance: tutorial.templated 2016-11-15T00:00:00+00:00 [running]> on host IADAIRP1.globalrs.rack.space
[2019-03-19 14:29:52,271] {bash_operator.py:77} INFO - Tmp dir root location: 
 /tmp
[2019-03-19 14:29:52,272] {bash_operator.py:86} INFO - Exporting the following env vars:
AIRFLOW_CTX_DAG_ID=tutorial
AIRFLOW_CTX_TASK_ID=templated
AIRFLOW_CTX_EXECUTION_DATE=2016-11-15T00:00:00+00:00
AIRFLOW_CTX_DAG_RUN_ID=scheduled__2016-11-15T00:00:00+00:00
[2019-03-19 14:29:52,272] {bash_operator.py:100} INFO - Temporary script location: /tmp/airflowtmps_rroo5o/templatedbb74bekn
[2019-03-19 14:29:52,272] {bash_operator.py:110} INFO - Running command: 

    echo "2016-11-15"
    echo "2016-11-22"
    echo "Parameter I passed in"

    echo "2016-11-15"
    echo "2016-11-22"
    echo "Parameter I passed in"

    echo "2016-11-15"
    echo "2016-11-22"
    echo "Parameter I passed in"

    echo "2016-11-15"
    echo "2016-11-22"
    echo "Parameter I passed in"

    echo "2016-11-15"
    echo "2016-11-22"
    echo "Parameter I passed in"

[2019-03-19 14:29:52,316] {bash_operator.py:119} INFO - Output:
[2019-03-19 14:29:52,318] {bash_operator.py:123} INFO - 2016-11-15
[2019-03-19 14:29:52,318] {bash_operator.py:123} INFO - 2016-11-22
[2019-03-19 14:29:52,318] {bash_operator.py:123} INFO - Parameter I passed in
[2019-03-19 14:29:52,318] {bash_operator.py:123} INFO - 2016-11-15
[2019-03-19 14:29:52,318] {bash_operator.py:123} INFO - 2016-11-22
[2019-03-19 14:29:52,318] {bash_operator.py:123} INFO - Parameter I passed in
[2019-03-19 14:29:52,318] {bash_operator.py:123} INFO - 2016-11-15
[2019-03-19 14:29:52,318] {bash_operator.py:123} INFO - 2016-11-22
[2019-03-19 14:29:52,318] {bash_operator.py:123} INFO - Parameter I passed in
[2019-03-19 14:29:52,318] {bash_operator.py:123} INFO - 2016-11-15
[2019-03-19 14:29:52,318] {bash_operator.py:123} INFO - 2016-11-22
[2019-03-19 14:29:52,318] {bash_operator.py:123} INFO - Parameter I passed in
[2019-03-19 14:29:52,318] {bash_operator.py:123} INFO - 2016-11-15
[2019-03-19 14:29:52,319] {bash_operator.py:123} INFO - 2016-11-22
[2019-03-19 14:29:52,319] {bash_operator.py:123} INFO - Parameter I passed in
[2019-03-19 14:29:52,320] {bash_operator.py:127} INFO - Command exited with return code 0
[2019-03-19 14:29:54,946] {logging_mixin.py:95} INFO - [2019-03-19 14:29:54,945] {jobs.py:2527} INFO - Task exited with return code 0
