[2019-03-22 04:48:43,565] {models.py:1359} INFO - Dependencies all met for <TaskInstance: tutorial.templated 2019-01-27T00:00:00+00:00 [queued]>
[2019-03-22 04:48:43,571] {models.py:1359} INFO - Dependencies all met for <TaskInstance: tutorial.templated 2019-01-27T00:00:00+00:00 [queued]>
[2019-03-22 04:48:43,571] {models.py:1571} INFO - 
--------------------------------------------------------------------------------
Starting attempt 1 of 2
--------------------------------------------------------------------------------

[2019-03-22 04:48:43,587] {models.py:1593} INFO - Executing <Task(BashOperator): templated> on 2019-01-27T00:00:00+00:00
[2019-03-22 04:48:43,587] {base_task_runner.py:118} INFO - Running: ['bash', '-c', 'airflow run tutorial templated 2019-01-27T00:00:00+00:00 --job_id 2747 --raw -sd DAGS_FOLDER/example_dags/tutorial.py --cfg_path /tmp/tmpyofq23d1']
[2019-03-22 04:48:44,228] {base_task_runner.py:101} INFO - Job 2747: Subtask templated [2019-03-22 04:48:44,228] {__init__.py:51} INFO - Using executor SequentialExecutor
[2019-03-22 04:48:44,524] {base_task_runner.py:101} INFO - Job 2747: Subtask templated [2019-03-22 04:48:44,524] {models.py:273} INFO - Filling up the DagBag from /home/rsandroni/airflow/dags/example_dags/tutorial.py
[2019-03-22 04:48:44,590] {base_task_runner.py:101} INFO - Job 2747: Subtask templated [2019-03-22 04:48:44,588] {cli.py:520} INFO - Running <TaskInstance: tutorial.templated 2019-01-27T00:00:00+00:00 [running]> on host IADAIRP1.globalrs.rack.space
[2019-03-22 04:48:44,605] {bash_operator.py:77} INFO - Tmp dir root location: 
 /tmp
[2019-03-22 04:48:44,606] {bash_operator.py:86} INFO - Exporting the following env vars:
AIRFLOW_CTX_DAG_ID=tutorial
AIRFLOW_CTX_TASK_ID=templated
AIRFLOW_CTX_EXECUTION_DATE=2019-01-27T00:00:00+00:00
AIRFLOW_CTX_DAG_RUN_ID=scheduled__2019-01-27T00:00:00+00:00
[2019-03-22 04:48:44,606] {bash_operator.py:100} INFO - Temporary script location: /tmp/airflowtmp4fwlrw91/templated420_bu2o
[2019-03-22 04:48:44,606] {bash_operator.py:110} INFO - Running command: 

    echo "2019-01-27"
    echo "2019-02-03"
    echo "Parameter I passed in"

    echo "2019-01-27"
    echo "2019-02-03"
    echo "Parameter I passed in"

    echo "2019-01-27"
    echo "2019-02-03"
    echo "Parameter I passed in"

    echo "2019-01-27"
    echo "2019-02-03"
    echo "Parameter I passed in"

    echo "2019-01-27"
    echo "2019-02-03"
    echo "Parameter I passed in"

[2019-03-22 04:48:44,612] {bash_operator.py:119} INFO - Output:
[2019-03-22 04:48:44,613] {bash_operator.py:123} INFO - 2019-01-27
[2019-03-22 04:48:44,613] {bash_operator.py:123} INFO - 2019-02-03
[2019-03-22 04:48:44,613] {bash_operator.py:123} INFO - Parameter I passed in
[2019-03-22 04:48:44,613] {bash_operator.py:123} INFO - 2019-01-27
[2019-03-22 04:48:44,613] {bash_operator.py:123} INFO - 2019-02-03
[2019-03-22 04:48:44,613] {bash_operator.py:123} INFO - Parameter I passed in
[2019-03-22 04:48:44,613] {bash_operator.py:123} INFO - 2019-01-27
[2019-03-22 04:48:44,613] {bash_operator.py:123} INFO - 2019-02-03
[2019-03-22 04:48:44,613] {bash_operator.py:123} INFO - Parameter I passed in
[2019-03-22 04:48:44,613] {bash_operator.py:123} INFO - 2019-01-27
[2019-03-22 04:48:44,613] {bash_operator.py:123} INFO - 2019-02-03
[2019-03-22 04:48:44,613] {bash_operator.py:123} INFO - Parameter I passed in
[2019-03-22 04:48:44,613] {bash_operator.py:123} INFO - 2019-01-27
[2019-03-22 04:48:44,614] {bash_operator.py:123} INFO - 2019-02-03
[2019-03-22 04:48:44,614] {bash_operator.py:123} INFO - Parameter I passed in
[2019-03-22 04:48:44,614] {bash_operator.py:127} INFO - Command exited with return code 0
[2019-03-22 04:48:48,569] {logging_mixin.py:95} INFO - [2019-03-22 04:48:48,569] {jobs.py:2527} INFO - Task exited with return code 0
