[2019-03-19 15:04:02,118] {models.py:1359} INFO - Dependencies all met for <TaskInstance: tutorial.print_date 2017-01-27T00:00:00+00:00 [queued]>
[2019-03-19 15:04:02,121] {models.py:1359} INFO - Dependencies all met for <TaskInstance: tutorial.print_date 2017-01-27T00:00:00+00:00 [queued]>
[2019-03-19 15:04:02,121] {models.py:1571} INFO - 
--------------------------------------------------------------------------------
Starting attempt 1 of 2
--------------------------------------------------------------------------------

[2019-03-19 15:04:02,194] {models.py:1593} INFO - Executing <Task(BashOperator): print_date> on 2017-01-27T00:00:00+00:00
[2019-03-19 15:04:02,194] {base_task_runner.py:118} INFO - Running: ['bash', '-c', 'airflow run tutorial print_date 2017-01-27T00:00:00+00:00 --job_id 1218 --raw -sd DAGS_FOLDER/tutorial.py --cfg_path /tmp/tmpusw81e_i']
[2019-03-19 15:04:03,595] {base_task_runner.py:101} INFO - Job 1218: Subtask print_date [2019-03-19 15:04:03,588] {__init__.py:51} INFO - Using executor SequentialExecutor
[2019-03-19 15:04:04,101] {base_task_runner.py:101} INFO - Job 1218: Subtask print_date [2019-03-19 15:04:04,093] {models.py:273} INFO - Filling up the DagBag from /home/rsandroni/airflow/dags/tutorial.py
[2019-03-19 15:04:04,136] {base_task_runner.py:101} INFO - Job 1218: Subtask print_date [2019-03-19 15:04:04,133] {cli.py:520} INFO - Running <TaskInstance: tutorial.print_date 2017-01-27T00:00:00+00:00 [running]> on host IADAIRP1.globalrs.rack.space
[2019-03-19 15:04:04,172] {bash_operator.py:77} INFO - Tmp dir root location: 
 /tmp
[2019-03-19 15:04:04,173] {bash_operator.py:86} INFO - Exporting the following env vars:
AIRFLOW_CTX_DAG_ID=tutorial
AIRFLOW_CTX_TASK_ID=print_date
AIRFLOW_CTX_EXECUTION_DATE=2017-01-27T00:00:00+00:00
AIRFLOW_CTX_DAG_RUN_ID=scheduled__2017-01-27T00:00:00+00:00
[2019-03-19 15:04:04,173] {bash_operator.py:100} INFO - Temporary script location: /tmp/airflowtmpwxmpgkdx/print_dateevts176n
[2019-03-19 15:04:04,173] {bash_operator.py:110} INFO - Running command: date
[2019-03-19 15:04:04,204] {bash_operator.py:119} INFO - Output:
[2019-03-19 15:04:04,242] {bash_operator.py:123} INFO - Ter Mar 19 15:04:04 -03 2019
[2019-03-19 15:04:04,243] {bash_operator.py:127} INFO - Command exited with return code 0
[2019-03-19 15:04:07,042] {logging_mixin.py:95} INFO - [2019-03-19 15:04:07,041] {jobs.py:2527} INFO - Task exited with return code 0
