[2019-03-21 20:44:37,438] {models.py:1359} INFO - Dependencies all met for <TaskInstance: tutorial.templated 2018-01-23T00:00:00+00:00 [queued]>
[2019-03-21 20:44:37,443] {models.py:1359} INFO - Dependencies all met for <TaskInstance: tutorial.templated 2018-01-23T00:00:00+00:00 [queued]>
[2019-03-21 20:44:37,443] {models.py:1571} INFO - 
--------------------------------------------------------------------------------
Starting attempt 1 of 2
--------------------------------------------------------------------------------

[2019-03-21 20:44:37,475] {models.py:1593} INFO - Executing <Task(BashOperator): templated> on 2018-01-23T00:00:00+00:00
[2019-03-21 20:44:37,475] {base_task_runner.py:118} INFO - Running: ['bash', '-c', 'airflow run tutorial templated 2018-01-23T00:00:00+00:00 --job_id 2010 --raw -sd DAGS_FOLDER/example_dags/tutorial.py --cfg_path /tmp/tmp2tf036qz']
[2019-03-21 20:44:38,155] {base_task_runner.py:101} INFO - Job 2010: Subtask templated [2019-03-21 20:44:38,154] {__init__.py:51} INFO - Using executor SequentialExecutor
[2019-03-21 20:44:38,423] {base_task_runner.py:101} INFO - Job 2010: Subtask templated [2019-03-21 20:44:38,422] {models.py:273} INFO - Filling up the DagBag from /home/rsandroni/airflow/dags/example_dags/tutorial.py
[2019-03-21 20:44:38,488] {base_task_runner.py:101} INFO - Job 2010: Subtask templated [2019-03-21 20:44:38,487] {cli.py:520} INFO - Running <TaskInstance: tutorial.templated 2018-01-23T00:00:00+00:00 [running]> on host IADAIRP1.globalrs.rack.space
[2019-03-21 20:44:38,504] {bash_operator.py:77} INFO - Tmp dir root location: 
 /tmp
[2019-03-21 20:44:38,505] {bash_operator.py:86} INFO - Exporting the following env vars:
AIRFLOW_CTX_DAG_ID=tutorial
AIRFLOW_CTX_TASK_ID=templated
AIRFLOW_CTX_EXECUTION_DATE=2018-01-23T00:00:00+00:00
AIRFLOW_CTX_DAG_RUN_ID=scheduled__2018-01-23T00:00:00+00:00
[2019-03-21 20:44:38,505] {bash_operator.py:100} INFO - Temporary script location: /tmp/airflowtmpd3fs5jg8/templated3xejulbf
[2019-03-21 20:44:38,505] {bash_operator.py:110} INFO - Running command: 

    echo "2018-01-23"
    echo "2018-01-30"
    echo "Parameter I passed in"

    echo "2018-01-23"
    echo "2018-01-30"
    echo "Parameter I passed in"

    echo "2018-01-23"
    echo "2018-01-30"
    echo "Parameter I passed in"

    echo "2018-01-23"
    echo "2018-01-30"
    echo "Parameter I passed in"

    echo "2018-01-23"
    echo "2018-01-30"
    echo "Parameter I passed in"

[2019-03-21 20:44:38,511] {bash_operator.py:119} INFO - Output:
[2019-03-21 20:44:38,512] {bash_operator.py:123} INFO - 2018-01-23
[2019-03-21 20:44:38,512] {bash_operator.py:123} INFO - 2018-01-30
[2019-03-21 20:44:38,512] {bash_operator.py:123} INFO - Parameter I passed in
[2019-03-21 20:44:38,513] {bash_operator.py:123} INFO - 2018-01-23
[2019-03-21 20:44:38,513] {bash_operator.py:123} INFO - 2018-01-30
[2019-03-21 20:44:38,513] {bash_operator.py:123} INFO - Parameter I passed in
[2019-03-21 20:44:38,513] {bash_operator.py:123} INFO - 2018-01-23
[2019-03-21 20:44:38,513] {bash_operator.py:123} INFO - 2018-01-30
[2019-03-21 20:44:38,513] {bash_operator.py:123} INFO - Parameter I passed in
[2019-03-21 20:44:38,513] {bash_operator.py:123} INFO - 2018-01-23
[2019-03-21 20:44:38,513] {bash_operator.py:123} INFO - 2018-01-30
[2019-03-21 20:44:38,513] {bash_operator.py:123} INFO - Parameter I passed in
[2019-03-21 20:44:38,513] {bash_operator.py:123} INFO - 2018-01-23
[2019-03-21 20:44:38,513] {bash_operator.py:123} INFO - 2018-01-30
[2019-03-21 20:44:38,513] {bash_operator.py:123} INFO - Parameter I passed in
[2019-03-21 20:44:38,513] {bash_operator.py:127} INFO - Command exited with return code 0
[2019-03-21 20:44:42,528] {logging_mixin.py:95} INFO - [2019-03-21 20:44:42,527] {jobs.py:2527} INFO - Task exited with return code 0
