[2019-03-21 18:19:41,238] {models.py:1359} INFO - Dependencies all met for <TaskInstance: tutorial.print_date 2017-10-03T00:00:00+00:00 [queued]>
[2019-03-21 18:19:41,240] {models.py:1359} INFO - Dependencies all met for <TaskInstance: tutorial.print_date 2017-10-03T00:00:00+00:00 [queued]>
[2019-03-21 18:19:41,240] {models.py:1571} INFO - 
--------------------------------------------------------------------------------
Starting attempt 1 of 2
--------------------------------------------------------------------------------

[2019-03-21 18:19:41,254] {models.py:1593} INFO - Executing <Task(BashOperator): print_date> on 2017-10-03T00:00:00+00:00
[2019-03-21 18:19:41,255] {base_task_runner.py:118} INFO - Running: ['bash', '-c', 'airflow run tutorial print_date 2017-10-03T00:00:00+00:00 --job_id 1784 --raw -sd DAGS_FOLDER/tutorial.py --cfg_path /tmp/tmppjv3juvk']
[2019-03-21 18:19:41,887] {base_task_runner.py:101} INFO - Job 1784: Subtask print_date [2019-03-21 18:19:41,887] {__init__.py:51} INFO - Using executor SequentialExecutor
[2019-03-21 18:19:42,157] {base_task_runner.py:101} INFO - Job 1784: Subtask print_date [2019-03-21 18:19:42,156] {models.py:273} INFO - Filling up the DagBag from /home/rsandroni/airflow/dags/tutorial.py
[2019-03-21 18:19:42,173] {base_task_runner.py:101} INFO - Job 1784: Subtask print_date [2019-03-21 18:19:42,173] {cli.py:520} INFO - Running <TaskInstance: tutorial.print_date 2017-10-03T00:00:00+00:00 [running]> on host IADAIRP1.globalrs.rack.space
[2019-03-21 18:19:42,186] {bash_operator.py:77} INFO - Tmp dir root location: 
 /tmp
[2019-03-21 18:19:42,186] {bash_operator.py:86} INFO - Exporting the following env vars:
AIRFLOW_CTX_DAG_ID=tutorial
AIRFLOW_CTX_TASK_ID=print_date
AIRFLOW_CTX_EXECUTION_DATE=2017-10-03T00:00:00+00:00
AIRFLOW_CTX_DAG_RUN_ID=scheduled__2017-10-03T00:00:00+00:00
[2019-03-21 18:19:42,187] {bash_operator.py:100} INFO - Temporary script location: /tmp/airflowtmpq67c9t6m/print_datee65457h5
[2019-03-21 18:19:42,187] {bash_operator.py:110} INFO - Running command: date
[2019-03-21 18:19:42,192] {bash_operator.py:119} INFO - Output:
[2019-03-21 18:19:42,194] {bash_operator.py:123} INFO - Qui Mar 21 18:19:42 -03 2019
[2019-03-21 18:19:42,194] {bash_operator.py:127} INFO - Command exited with return code 0
[2019-03-21 18:19:46,243] {logging_mixin.py:95} INFO - [2019-03-21 18:19:46,242] {jobs.py:2527} INFO - Task exited with return code 0
