[2019-03-22 02:52:47,224] {models.py:1359} INFO - Dependencies all met for <TaskInstance: tutorial.print_date 2018-11-01T00:00:00+00:00 [queued]>
[2019-03-22 02:52:47,227] {models.py:1359} INFO - Dependencies all met for <TaskInstance: tutorial.print_date 2018-11-01T00:00:00+00:00 [queued]>
[2019-03-22 02:52:47,227] {models.py:1571} INFO - 
--------------------------------------------------------------------------------
Starting attempt 1 of 2
--------------------------------------------------------------------------------

[2019-03-22 02:52:47,241] {models.py:1593} INFO - Executing <Task(BashOperator): print_date> on 2018-11-01T00:00:00+00:00
[2019-03-22 02:52:47,241] {base_task_runner.py:118} INFO - Running: ['bash', '-c', 'airflow run tutorial print_date 2018-11-01T00:00:00+00:00 --job_id 2572 --raw -sd DAGS_FOLDER/tutorial.py --cfg_path /tmp/tmpcjl00xjg']
[2019-03-22 02:52:47,878] {base_task_runner.py:101} INFO - Job 2572: Subtask print_date [2019-03-22 02:52:47,878] {__init__.py:51} INFO - Using executor SequentialExecutor
[2019-03-22 02:52:48,148] {base_task_runner.py:101} INFO - Job 2572: Subtask print_date [2019-03-22 02:52:48,147] {models.py:273} INFO - Filling up the DagBag from /home/rsandroni/airflow/dags/tutorial.py
[2019-03-22 02:52:48,163] {base_task_runner.py:101} INFO - Job 2572: Subtask print_date [2019-03-22 02:52:48,163] {cli.py:520} INFO - Running <TaskInstance: tutorial.print_date 2018-11-01T00:00:00+00:00 [running]> on host IADAIRP1.globalrs.rack.space
[2019-03-22 02:52:48,176] {bash_operator.py:77} INFO - Tmp dir root location: 
 /tmp
[2019-03-22 02:52:48,176] {bash_operator.py:86} INFO - Exporting the following env vars:
AIRFLOW_CTX_DAG_ID=tutorial
AIRFLOW_CTX_TASK_ID=print_date
AIRFLOW_CTX_EXECUTION_DATE=2018-11-01T00:00:00+00:00
AIRFLOW_CTX_DAG_RUN_ID=scheduled__2018-11-01T00:00:00+00:00
[2019-03-22 02:52:48,177] {bash_operator.py:100} INFO - Temporary script location: /tmp/airflowtmpsasmjhcb/print_date460fmhwb
[2019-03-22 02:52:48,177] {bash_operator.py:110} INFO - Running command: date
[2019-03-22 02:52:48,182] {bash_operator.py:119} INFO - Output:
[2019-03-22 02:52:48,184] {bash_operator.py:123} INFO - Sex Mar 22 02:52:48 -03 2019
[2019-03-22 02:52:48,185] {bash_operator.py:127} INFO - Command exited with return code 0
[2019-03-22 02:52:52,258] {logging_mixin.py:95} INFO - [2019-03-22 02:52:52,257] {jobs.py:2527} INFO - Task exited with return code 0
