[2019-03-21 22:21:16,363] {models.py:1359} INFO - Dependencies all met for <TaskInstance: tutorial.templated 2018-04-07T00:00:00+00:00 [queued]>
[2019-03-21 22:21:16,368] {models.py:1359} INFO - Dependencies all met for <TaskInstance: tutorial.templated 2018-04-07T00:00:00+00:00 [queued]>
[2019-03-21 22:21:16,368] {models.py:1571} INFO - 
--------------------------------------------------------------------------------
Starting attempt 1 of 2
--------------------------------------------------------------------------------

[2019-03-21 22:21:16,383] {models.py:1593} INFO - Executing <Task(BashOperator): templated> on 2018-04-07T00:00:00+00:00
[2019-03-21 22:21:16,383] {base_task_runner.py:118} INFO - Running: ['bash', '-c', 'airflow run tutorial templated 2018-04-07T00:00:00+00:00 --job_id 2158 --raw -sd DAGS_FOLDER/example_dags/tutorial.py --cfg_path /tmp/tmpwu4o4ysd']
[2019-03-21 22:21:17,018] {base_task_runner.py:101} INFO - Job 2158: Subtask templated [2019-03-21 22:21:17,017] {__init__.py:51} INFO - Using executor SequentialExecutor
[2019-03-21 22:21:17,243] {base_task_runner.py:101} INFO - Job 2158: Subtask templated [2019-03-21 22:21:17,242] {models.py:273} INFO - Filling up the DagBag from /home/rsandroni/airflow/dags/example_dags/tutorial.py
[2019-03-21 22:21:17,306] {base_task_runner.py:101} INFO - Job 2158: Subtask templated [2019-03-21 22:21:17,305] {cli.py:520} INFO - Running <TaskInstance: tutorial.templated 2018-04-07T00:00:00+00:00 [running]> on host IADAIRP1.globalrs.rack.space
[2019-03-21 22:21:17,322] {bash_operator.py:77} INFO - Tmp dir root location: 
 /tmp
[2019-03-21 22:21:17,322] {bash_operator.py:86} INFO - Exporting the following env vars:
AIRFLOW_CTX_DAG_ID=tutorial
AIRFLOW_CTX_TASK_ID=templated
AIRFLOW_CTX_EXECUTION_DATE=2018-04-07T00:00:00+00:00
AIRFLOW_CTX_DAG_RUN_ID=scheduled__2018-04-07T00:00:00+00:00
[2019-03-21 22:21:17,323] {bash_operator.py:100} INFO - Temporary script location: /tmp/airflowtmprknuo7os/templatedepzyhi_p
[2019-03-21 22:21:17,323] {bash_operator.py:110} INFO - Running command: 

    echo "2018-04-07"
    echo "2018-04-14"
    echo "Parameter I passed in"

    echo "2018-04-07"
    echo "2018-04-14"
    echo "Parameter I passed in"

    echo "2018-04-07"
    echo "2018-04-14"
    echo "Parameter I passed in"

    echo "2018-04-07"
    echo "2018-04-14"
    echo "Parameter I passed in"

    echo "2018-04-07"
    echo "2018-04-14"
    echo "Parameter I passed in"

[2019-03-21 22:21:17,328] {bash_operator.py:119} INFO - Output:
[2019-03-21 22:21:17,329] {bash_operator.py:123} INFO - 2018-04-07
[2019-03-21 22:21:17,330] {bash_operator.py:123} INFO - 2018-04-14
[2019-03-21 22:21:17,330] {bash_operator.py:123} INFO - Parameter I passed in
[2019-03-21 22:21:17,330] {bash_operator.py:123} INFO - 2018-04-07
[2019-03-21 22:21:17,330] {bash_operator.py:123} INFO - 2018-04-14
[2019-03-21 22:21:17,330] {bash_operator.py:123} INFO - Parameter I passed in
[2019-03-21 22:21:17,330] {bash_operator.py:123} INFO - 2018-04-07
[2019-03-21 22:21:17,330] {bash_operator.py:123} INFO - 2018-04-14
[2019-03-21 22:21:17,330] {bash_operator.py:123} INFO - Parameter I passed in
[2019-03-21 22:21:17,330] {bash_operator.py:123} INFO - 2018-04-07
[2019-03-21 22:21:17,330] {bash_operator.py:123} INFO - 2018-04-14
[2019-03-21 22:21:17,330] {bash_operator.py:123} INFO - Parameter I passed in
[2019-03-21 22:21:17,330] {bash_operator.py:123} INFO - 2018-04-07
[2019-03-21 22:21:17,330] {bash_operator.py:123} INFO - 2018-04-14
[2019-03-21 22:21:17,330] {bash_operator.py:123} INFO - Parameter I passed in
[2019-03-21 22:21:17,330] {bash_operator.py:127} INFO - Command exited with return code 0
[2019-03-21 22:21:21,363] {logging_mixin.py:95} INFO - [2019-03-21 22:21:21,363] {jobs.py:2527} INFO - Task exited with return code 0
