[2019-03-19 13:12:03,262] {models.py:1359} INFO - Dependencies all met for <TaskInstance: tutorial.templated 2016-06-04T00:00:00+00:00 [queued]>
[2019-03-19 13:12:03,268] {models.py:1359} INFO - Dependencies all met for <TaskInstance: tutorial.templated 2016-06-04T00:00:00+00:00 [queued]>
[2019-03-19 13:12:03,268] {models.py:1571} INFO - 
--------------------------------------------------------------------------------
Starting attempt 1 of 2
--------------------------------------------------------------------------------

[2019-03-19 13:12:03,300] {models.py:1593} INFO - Executing <Task(BashOperator): templated> on 2016-06-04T00:00:00+00:00
[2019-03-19 13:12:03,300] {base_task_runner.py:118} INFO - Running: ['bash', '-c', 'airflow run tutorial templated 2016-06-04T00:00:00+00:00 --job_id 747 --raw -sd DAGS_FOLDER/sql_server_load.py --cfg_path /tmp/tmp_y076sti']
[2019-03-19 13:12:04,107] {base_task_runner.py:101} INFO - Job 747: Subtask templated [2019-03-19 13:12:04,106] {__init__.py:51} INFO - Using executor SequentialExecutor
[2019-03-19 13:12:04,459] {base_task_runner.py:101} INFO - Job 747: Subtask templated [2019-03-19 13:12:04,458] {models.py:273} INFO - Filling up the DagBag from /home/rsandroni/airflow/dags/sql_server_load.py
[2019-03-19 13:12:04,478] {base_task_runner.py:101} INFO - Job 747: Subtask templated [2019-03-19 13:12:04,478] {cli.py:520} INFO - Running <TaskInstance: tutorial.templated 2016-06-04T00:00:00+00:00 [running]> on host IADAIRP1.globalrs.rack.space
[2019-03-19 13:12:04,495] {bash_operator.py:77} INFO - Tmp dir root location: 
 /tmp
[2019-03-19 13:12:04,495] {bash_operator.py:86} INFO - Exporting the following env vars:
AIRFLOW_CTX_DAG_ID=tutorial
AIRFLOW_CTX_TASK_ID=templated
AIRFLOW_CTX_EXECUTION_DATE=2016-06-04T00:00:00+00:00
AIRFLOW_CTX_DAG_RUN_ID=scheduled__2016-06-04T00:00:00+00:00
[2019-03-19 13:12:04,495] {bash_operator.py:100} INFO - Temporary script location: /tmp/airflowtmp9nli7cjw/templatedmwhtdj07
[2019-03-19 13:12:04,496] {bash_operator.py:110} INFO - Running command: 
    
        echo "2016-06-04"
        echo "Parameter I passed in"
    
        echo "2016-06-04"
        echo "Parameter I passed in"
    
        echo "2016-06-04"
        echo "Parameter I passed in"
    
        echo "2016-06-04"
        echo "Parameter I passed in"
    
        echo "2016-06-04"
        echo "Parameter I passed in"
    
    
[2019-03-19 13:12:04,529] {bash_operator.py:119} INFO - Output:
[2019-03-19 13:12:04,530] {bash_operator.py:123} INFO - 2016-06-04
[2019-03-19 13:12:04,530] {bash_operator.py:123} INFO - Parameter I passed in
[2019-03-19 13:12:04,530] {bash_operator.py:123} INFO - 2016-06-04
[2019-03-19 13:12:04,530] {bash_operator.py:123} INFO - Parameter I passed in
[2019-03-19 13:12:04,530] {bash_operator.py:123} INFO - 2016-06-04
[2019-03-19 13:12:04,530] {bash_operator.py:123} INFO - Parameter I passed in
[2019-03-19 13:12:04,530] {bash_operator.py:123} INFO - 2016-06-04
[2019-03-19 13:12:04,530] {bash_operator.py:123} INFO - Parameter I passed in
[2019-03-19 13:12:04,530] {bash_operator.py:123} INFO - 2016-06-04
[2019-03-19 13:12:04,530] {bash_operator.py:123} INFO - Parameter I passed in
[2019-03-19 13:12:04,531] {bash_operator.py:127} INFO - Command exited with return code 0
[2019-03-19 13:12:08,319] {logging_mixin.py:95} INFO - [2019-03-19 13:12:08,319] {jobs.py:2527} INFO - Task exited with return code 0
