[2019-03-22 05:39:16,357] {models.py:1359} INFO - Dependencies all met for <TaskInstance: tutorial.templated 2019-03-06T00:00:00+00:00 [queued]>
[2019-03-22 05:39:16,362] {models.py:1359} INFO - Dependencies all met for <TaskInstance: tutorial.templated 2019-03-06T00:00:00+00:00 [queued]>
[2019-03-22 05:39:16,362] {models.py:1571} INFO - 
--------------------------------------------------------------------------------
Starting attempt 1 of 2
--------------------------------------------------------------------------------

[2019-03-22 05:39:16,392] {models.py:1593} INFO - Executing <Task(BashOperator): templated> on 2019-03-06T00:00:00+00:00
[2019-03-22 05:39:16,392] {base_task_runner.py:118} INFO - Running: ['bash', '-c', 'airflow run tutorial templated 2019-03-06T00:00:00+00:00 --job_id 2823 --raw -sd DAGS_FOLDER/example_dags/tutorial.py --cfg_path /tmp/tmp_mnzyu6n']
[2019-03-22 05:39:17,030] {base_task_runner.py:101} INFO - Job 2823: Subtask templated [2019-03-22 05:39:17,030] {__init__.py:51} INFO - Using executor SequentialExecutor
[2019-03-22 05:39:17,307] {base_task_runner.py:101} INFO - Job 2823: Subtask templated [2019-03-22 05:39:17,301] {models.py:273} INFO - Filling up the DagBag from /home/rsandroni/airflow/dags/example_dags/tutorial.py
[2019-03-22 05:39:17,366] {base_task_runner.py:101} INFO - Job 2823: Subtask templated [2019-03-22 05:39:17,365] {cli.py:520} INFO - Running <TaskInstance: tutorial.templated 2019-03-06T00:00:00+00:00 [running]> on host IADAIRP1.globalrs.rack.space
[2019-03-22 05:39:17,389] {bash_operator.py:77} INFO - Tmp dir root location: 
 /tmp
[2019-03-22 05:39:17,389] {bash_operator.py:86} INFO - Exporting the following env vars:
AIRFLOW_CTX_DAG_ID=tutorial
AIRFLOW_CTX_TASK_ID=templated
AIRFLOW_CTX_EXECUTION_DATE=2019-03-06T00:00:00+00:00
AIRFLOW_CTX_DAG_RUN_ID=scheduled__2019-03-06T00:00:00+00:00
[2019-03-22 05:39:17,390] {bash_operator.py:100} INFO - Temporary script location: /tmp/airflowtmp61100jt8/templated3ryb4gwv
[2019-03-22 05:39:17,390] {bash_operator.py:110} INFO - Running command: 

    echo "2019-03-06"
    echo "2019-03-13"
    echo "Parameter I passed in"

    echo "2019-03-06"
    echo "2019-03-13"
    echo "Parameter I passed in"

    echo "2019-03-06"
    echo "2019-03-13"
    echo "Parameter I passed in"

    echo "2019-03-06"
    echo "2019-03-13"
    echo "Parameter I passed in"

    echo "2019-03-06"
    echo "2019-03-13"
    echo "Parameter I passed in"

[2019-03-22 05:39:17,397] {bash_operator.py:119} INFO - Output:
[2019-03-22 05:39:17,398] {bash_operator.py:123} INFO - 2019-03-06
[2019-03-22 05:39:17,398] {bash_operator.py:123} INFO - 2019-03-13
[2019-03-22 05:39:17,398] {bash_operator.py:123} INFO - Parameter I passed in
[2019-03-22 05:39:17,398] {bash_operator.py:123} INFO - 2019-03-06
[2019-03-22 05:39:17,398] {bash_operator.py:123} INFO - 2019-03-13
[2019-03-22 05:39:17,398] {bash_operator.py:123} INFO - Parameter I passed in
[2019-03-22 05:39:17,398] {bash_operator.py:123} INFO - 2019-03-06
[2019-03-22 05:39:17,398] {bash_operator.py:123} INFO - 2019-03-13
[2019-03-22 05:39:17,398] {bash_operator.py:123} INFO - Parameter I passed in
[2019-03-22 05:39:17,398] {bash_operator.py:123} INFO - 2019-03-06
[2019-03-22 05:39:17,398] {bash_operator.py:123} INFO - 2019-03-13
[2019-03-22 05:39:17,398] {bash_operator.py:123} INFO - Parameter I passed in
[2019-03-22 05:39:17,398] {bash_operator.py:123} INFO - 2019-03-06
[2019-03-22 05:39:17,398] {bash_operator.py:123} INFO - 2019-03-13
[2019-03-22 05:39:17,398] {bash_operator.py:123} INFO - Parameter I passed in
[2019-03-22 05:39:17,398] {bash_operator.py:127} INFO - Command exited with return code 0
[2019-03-22 05:39:21,362] {logging_mixin.py:95} INFO - [2019-03-22 05:39:21,361] {jobs.py:2527} INFO - Task exited with return code 0
