[2019-03-22 00:43:23,213] {models.py:1359} INFO - Dependencies all met for <TaskInstance: tutorial.print_date 2018-07-27T00:00:00+00:00 [queued]>
[2019-03-22 00:43:23,216] {models.py:1359} INFO - Dependencies all met for <TaskInstance: tutorial.print_date 2018-07-27T00:00:00+00:00 [queued]>
[2019-03-22 00:43:23,216] {models.py:1571} INFO - 
--------------------------------------------------------------------------------
Starting attempt 1 of 2
--------------------------------------------------------------------------------

[2019-03-22 00:43:23,303] {models.py:1593} INFO - Executing <Task(BashOperator): print_date> on 2018-07-27T00:00:00+00:00
[2019-03-22 00:43:23,303] {base_task_runner.py:118} INFO - Running: ['bash', '-c', 'airflow run tutorial print_date 2018-07-27T00:00:00+00:00 --job_id 2377 --raw -sd DAGS_FOLDER/tutorial.py --cfg_path /tmp/tmppohysotp']
[2019-03-22 00:43:26,690] {base_task_runner.py:101} INFO - Job 2377: Subtask print_date [2019-03-22 00:43:26,689] {__init__.py:51} INFO - Using executor SequentialExecutor
[2019-03-22 00:43:27,739] {base_task_runner.py:101} INFO - Job 2377: Subtask print_date [2019-03-22 00:43:27,733] {models.py:273} INFO - Filling up the DagBag from /home/rsandroni/airflow/dags/tutorial.py
[2019-03-22 00:43:27,820] {base_task_runner.py:101} INFO - Job 2377: Subtask print_date [2019-03-22 00:43:27,815] {cli.py:520} INFO - Running <TaskInstance: tutorial.print_date 2018-07-27T00:00:00+00:00 [running]> on host IADAIRP1.globalrs.rack.space
[2019-03-22 00:43:27,927] {bash_operator.py:77} INFO - Tmp dir root location: 
 /tmp
[2019-03-22 00:43:27,927] {bash_operator.py:86} INFO - Exporting the following env vars:
AIRFLOW_CTX_DAG_ID=tutorial
AIRFLOW_CTX_TASK_ID=print_date
AIRFLOW_CTX_EXECUTION_DATE=2018-07-27T00:00:00+00:00
AIRFLOW_CTX_DAG_RUN_ID=scheduled__2018-07-27T00:00:00+00:00
[2019-03-22 00:43:27,928] {bash_operator.py:100} INFO - Temporary script location: /tmp/airflowtmpnxjvkwwh/print_datejdweqzpu
[2019-03-22 00:43:27,928] {bash_operator.py:110} INFO - Running command: date
[2019-03-22 00:43:28,025] {bash_operator.py:119} INFO - Output:
[2019-03-22 00:43:28,068] {bash_operator.py:123} INFO - Sex Mar 22 00:43:28 -03 2019
[2019-03-22 00:43:28,072] {bash_operator.py:127} INFO - Command exited with return code 0
[2019-03-22 00:43:28,236] {logging_mixin.py:95} INFO - [2019-03-22 00:43:28,235] {jobs.py:2595} WARNING - State of this instance has been externally set to success. Taking the poison pill.
[2019-03-22 00:43:28,288] {helpers.py:250} INFO - Sending Signals.SIGTERM to GPID 158627
[2019-03-22 00:43:28,366] {helpers.py:232} INFO - Process psutil.Process(pid=158627, status='terminated') (158627) terminated with exit code -15
[2019-03-22 00:43:28,367] {logging_mixin.py:95} INFO - [2019-03-22 00:43:28,366] {jobs.py:2527} INFO - Task exited with return code 0
