[2019-03-19 15:44:40,263] {models.py:1359} INFO - Dependencies all met for <TaskInstance: tutorial.templated 2017-04-26T00:00:00+00:00 [queued]>
[2019-03-19 15:44:40,267] {models.py:1359} INFO - Dependencies all met for <TaskInstance: tutorial.templated 2017-04-26T00:00:00+00:00 [queued]>
[2019-03-19 15:44:40,267] {models.py:1571} INFO - 
--------------------------------------------------------------------------------
Starting attempt 1 of 2
--------------------------------------------------------------------------------

[2019-03-19 15:44:40,337] {models.py:1593} INFO - Executing <Task(BashOperator): templated> on 2017-04-26T00:00:00+00:00
[2019-03-19 15:44:40,337] {base_task_runner.py:118} INFO - Running: ['bash', '-c', 'airflow run tutorial templated 2017-04-26T00:00:00+00:00 --job_id 1397 --raw -sd DAGS_FOLDER/example_dags/tutorial.py --cfg_path /tmp/tmpv_n__lmy']
[2019-03-19 15:44:41,881] {base_task_runner.py:101} INFO - Job 1397: Subtask templated [2019-03-19 15:44:41,871] {__init__.py:51} INFO - Using executor SequentialExecutor
[2019-03-19 15:44:42,333] {base_task_runner.py:101} INFO - Job 1397: Subtask templated [2019-03-19 15:44:42,332] {models.py:273} INFO - Filling up the DagBag from /home/rsandroni/airflow/dags/example_dags/tutorial.py
[2019-03-19 15:44:42,397] {base_task_runner.py:101} INFO - Job 1397: Subtask templated [2019-03-19 15:44:42,397] {cli.py:520} INFO - Running <TaskInstance: tutorial.templated 2017-04-26T00:00:00+00:00 [running]> on host IADAIRP1.globalrs.rack.space
[2019-03-19 15:44:42,426] {bash_operator.py:77} INFO - Tmp dir root location: 
 /tmp
[2019-03-19 15:44:42,426] {bash_operator.py:86} INFO - Exporting the following env vars:
AIRFLOW_CTX_DAG_ID=tutorial
AIRFLOW_CTX_TASK_ID=templated
AIRFLOW_CTX_EXECUTION_DATE=2017-04-26T00:00:00+00:00
AIRFLOW_CTX_DAG_RUN_ID=scheduled__2017-04-26T00:00:00+00:00
[2019-03-19 15:44:42,427] {bash_operator.py:100} INFO - Temporary script location: /tmp/airflowtmpv9zse7pg/templatedpn_7dwbu
[2019-03-19 15:44:42,427] {bash_operator.py:110} INFO - Running command: 

    echo "2017-04-26"
    echo "2017-05-03"
    echo "Parameter I passed in"

    echo "2017-04-26"
    echo "2017-05-03"
    echo "Parameter I passed in"

    echo "2017-04-26"
    echo "2017-05-03"
    echo "Parameter I passed in"

    echo "2017-04-26"
    echo "2017-05-03"
    echo "Parameter I passed in"

    echo "2017-04-26"
    echo "2017-05-03"
    echo "Parameter I passed in"

[2019-03-19 15:44:42,491] {bash_operator.py:119} INFO - Output:
[2019-03-19 15:44:42,491] {bash_operator.py:123} INFO - 2017-04-26
[2019-03-19 15:44:42,491] {bash_operator.py:123} INFO - 2017-05-03
[2019-03-19 15:44:42,491] {bash_operator.py:123} INFO - Parameter I passed in
[2019-03-19 15:44:42,491] {bash_operator.py:123} INFO - 2017-04-26
[2019-03-19 15:44:42,491] {bash_operator.py:123} INFO - 2017-05-03
[2019-03-19 15:44:42,491] {bash_operator.py:123} INFO - Parameter I passed in
[2019-03-19 15:44:42,491] {bash_operator.py:123} INFO - 2017-04-26
[2019-03-19 15:44:42,491] {bash_operator.py:123} INFO - 2017-05-03
[2019-03-19 15:44:42,491] {bash_operator.py:123} INFO - Parameter I passed in
[2019-03-19 15:44:42,491] {bash_operator.py:123} INFO - 2017-04-26
[2019-03-19 15:44:42,491] {bash_operator.py:123} INFO - 2017-05-03
[2019-03-19 15:44:42,491] {bash_operator.py:123} INFO - Parameter I passed in
[2019-03-19 15:44:42,492] {bash_operator.py:123} INFO - 2017-04-26
[2019-03-19 15:44:42,492] {bash_operator.py:123} INFO - 2017-05-03
[2019-03-19 15:44:42,492] {bash_operator.py:123} INFO - Parameter I passed in
[2019-03-19 15:44:42,492] {bash_operator.py:127} INFO - Command exited with return code 0
[2019-03-19 15:44:45,266] {logging_mixin.py:95} INFO - [2019-03-19 15:44:45,266] {jobs.py:2527} INFO - Task exited with return code 0
