[2019-03-22 01:35:43,739] {models.py:1359} INFO - Dependencies all met for <TaskInstance: tutorial.templated 2018-09-03T00:00:00+00:00 [queued]>
[2019-03-22 01:35:43,744] {models.py:1359} INFO - Dependencies all met for <TaskInstance: tutorial.templated 2018-09-03T00:00:00+00:00 [queued]>
[2019-03-22 01:35:43,744] {models.py:1571} INFO - 
--------------------------------------------------------------------------------
Starting attempt 1 of 2
--------------------------------------------------------------------------------

[2019-03-22 01:35:43,807] {models.py:1593} INFO - Executing <Task(BashOperator): templated> on 2018-09-03T00:00:00+00:00
[2019-03-22 01:35:43,808] {base_task_runner.py:118} INFO - Running: ['bash', '-c', 'airflow run tutorial templated 2018-09-03T00:00:00+00:00 --job_id 2455 --raw -sd DAGS_FOLDER/example_dags/tutorial.py --cfg_path /tmp/tmpxtxbydtr']
[2019-03-22 01:35:44,566] {base_task_runner.py:101} INFO - Job 2455: Subtask templated [2019-03-22 01:35:44,565] {__init__.py:51} INFO - Using executor SequentialExecutor
[2019-03-22 01:35:44,919] {base_task_runner.py:101} INFO - Job 2455: Subtask templated [2019-03-22 01:35:44,918] {models.py:273} INFO - Filling up the DagBag from /home/rsandroni/airflow/dags/example_dags/tutorial.py
[2019-03-22 01:35:45,069] {base_task_runner.py:101} INFO - Job 2455: Subtask templated [2019-03-22 01:35:45,068] {cli.py:520} INFO - Running <TaskInstance: tutorial.templated 2018-09-03T00:00:00+00:00 [running]> on host IADAIRP1.globalrs.rack.space
[2019-03-22 01:35:45,097] {bash_operator.py:77} INFO - Tmp dir root location: 
 /tmp
[2019-03-22 01:35:45,097] {bash_operator.py:86} INFO - Exporting the following env vars:
AIRFLOW_CTX_DAG_ID=tutorial
AIRFLOW_CTX_TASK_ID=templated
AIRFLOW_CTX_EXECUTION_DATE=2018-09-03T00:00:00+00:00
AIRFLOW_CTX_DAG_RUN_ID=scheduled__2018-09-03T00:00:00+00:00
[2019-03-22 01:35:45,098] {bash_operator.py:100} INFO - Temporary script location: /tmp/airflowtmpo7f5qwti/templatedmux54y01
[2019-03-22 01:35:45,098] {bash_operator.py:110} INFO - Running command: 

    echo "2018-09-03"
    echo "2018-09-10"
    echo "Parameter I passed in"

    echo "2018-09-03"
    echo "2018-09-10"
    echo "Parameter I passed in"

    echo "2018-09-03"
    echo "2018-09-10"
    echo "Parameter I passed in"

    echo "2018-09-03"
    echo "2018-09-10"
    echo "Parameter I passed in"

    echo "2018-09-03"
    echo "2018-09-10"
    echo "Parameter I passed in"

[2019-03-22 01:35:45,141] {bash_operator.py:119} INFO - Output:
[2019-03-22 01:35:45,150] {bash_operator.py:123} INFO - 2018-09-03
[2019-03-22 01:35:45,150] {bash_operator.py:123} INFO - 2018-09-10
[2019-03-22 01:35:45,150] {bash_operator.py:123} INFO - Parameter I passed in
[2019-03-22 01:35:45,150] {bash_operator.py:123} INFO - 2018-09-03
[2019-03-22 01:35:45,150] {bash_operator.py:123} INFO - 2018-09-10
[2019-03-22 01:35:45,150] {bash_operator.py:123} INFO - Parameter I passed in
[2019-03-22 01:35:45,150] {bash_operator.py:123} INFO - 2018-09-03
[2019-03-22 01:35:45,150] {bash_operator.py:123} INFO - 2018-09-10
[2019-03-22 01:35:45,150] {bash_operator.py:123} INFO - Parameter I passed in
[2019-03-22 01:35:45,150] {bash_operator.py:123} INFO - 2018-09-03
[2019-03-22 01:35:45,151] {bash_operator.py:123} INFO - 2018-09-10
[2019-03-22 01:35:45,151] {bash_operator.py:123} INFO - Parameter I passed in
[2019-03-22 01:35:45,151] {bash_operator.py:123} INFO - 2018-09-03
[2019-03-22 01:35:45,151] {bash_operator.py:123} INFO - 2018-09-10
[2019-03-22 01:35:45,151] {bash_operator.py:123} INFO - Parameter I passed in
[2019-03-22 01:35:45,151] {bash_operator.py:127} INFO - Command exited with return code 0
[2019-03-22 01:35:48,775] {logging_mixin.py:95} INFO - [2019-03-22 01:35:48,774] {jobs.py:2527} INFO - Task exited with return code 0
