[2019-03-21 17:19:57,929] {models.py:1359} INFO - Dependencies all met for <TaskInstance: tutorial.print_date 2017-06-30T00:00:00+00:00 [queued]>
[2019-03-21 17:19:57,931] {models.py:1359} INFO - Dependencies all met for <TaskInstance: tutorial.print_date 2017-06-30T00:00:00+00:00 [queued]>
[2019-03-21 17:19:57,932] {models.py:1571} INFO - 
--------------------------------------------------------------------------------
Starting attempt 1 of 2
--------------------------------------------------------------------------------

[2019-03-21 17:19:57,954] {models.py:1593} INFO - Executing <Task(BashOperator): print_date> on 2017-06-30T00:00:00+00:00
[2019-03-21 17:19:57,954] {base_task_runner.py:118} INFO - Running: ['bash', '-c', 'airflow run tutorial print_date 2017-06-30T00:00:00+00:00 --job_id 1549 --raw -sd DAGS_FOLDER/tutorial.py --cfg_path /tmp/tmpm2iyr5cw']
[2019-03-21 17:19:58,593] {base_task_runner.py:101} INFO - Job 1549: Subtask print_date [2019-03-21 17:19:58,592] {__init__.py:51} INFO - Using executor SequentialExecutor
[2019-03-21 17:19:58,840] {base_task_runner.py:101} INFO - Job 1549: Subtask print_date [2019-03-21 17:19:58,839] {models.py:273} INFO - Filling up the DagBag from /home/rsandroni/airflow/dags/tutorial.py
[2019-03-21 17:19:58,855] {base_task_runner.py:101} INFO - Job 1549: Subtask print_date [2019-03-21 17:19:58,854] {cli.py:520} INFO - Running <TaskInstance: tutorial.print_date 2017-06-30T00:00:00+00:00 [running]> on host IADAIRP1.globalrs.rack.space
[2019-03-21 17:19:58,867] {bash_operator.py:77} INFO - Tmp dir root location: 
 /tmp
[2019-03-21 17:19:58,867] {bash_operator.py:86} INFO - Exporting the following env vars:
AIRFLOW_CTX_DAG_ID=tutorial
AIRFLOW_CTX_TASK_ID=print_date
AIRFLOW_CTX_EXECUTION_DATE=2017-06-30T00:00:00+00:00
AIRFLOW_CTX_DAG_RUN_ID=scheduled__2017-06-30T00:00:00+00:00
[2019-03-21 17:19:58,867] {bash_operator.py:100} INFO - Temporary script location: /tmp/airflowtmp9xzo2u_b/print_datezbatg825
[2019-03-21 17:19:58,868] {bash_operator.py:110} INFO - Running command: date
[2019-03-21 17:19:58,873] {bash_operator.py:119} INFO - Output:
[2019-03-21 17:19:58,875] {bash_operator.py:123} INFO - Qui Mar 21 17:19:58 -03 2019
[2019-03-21 17:19:58,875] {bash_operator.py:127} INFO - Command exited with return code 0
[2019-03-21 17:20:02,932] {logging_mixin.py:95} INFO - [2019-03-21 17:20:02,931] {jobs.py:2527} INFO - Task exited with return code 0
