[2019-03-22 05:39:54,254] {models.py:1359} INFO - Dependencies all met for <TaskInstance: tutorial.print_date 2019-03-08T00:00:00+00:00 [queued]>
[2019-03-22 05:39:54,258] {models.py:1359} INFO - Dependencies all met for <TaskInstance: tutorial.print_date 2019-03-08T00:00:00+00:00 [queued]>
[2019-03-22 05:39:54,258] {models.py:1571} INFO - 
--------------------------------------------------------------------------------
Starting attempt 1 of 2
--------------------------------------------------------------------------------

[2019-03-22 05:39:54,334] {models.py:1593} INFO - Executing <Task(BashOperator): print_date> on 2019-03-08T00:00:00+00:00
[2019-03-22 05:39:54,334] {base_task_runner.py:118} INFO - Running: ['bash', '-c', 'airflow run tutorial print_date 2019-03-08T00:00:00+00:00 --job_id 2825 --raw -sd DAGS_FOLDER/tutorial.py --cfg_path /tmp/tmpfrmpvoac']
[2019-03-22 05:39:55,555] {base_task_runner.py:101} INFO - Job 2825: Subtask print_date [2019-03-22 05:39:55,554] {__init__.py:51} INFO - Using executor SequentialExecutor
[2019-03-22 05:39:55,908] {base_task_runner.py:101} INFO - Job 2825: Subtask print_date [2019-03-22 05:39:55,904] {models.py:273} INFO - Filling up the DagBag from /home/rsandroni/airflow/dags/tutorial.py
[2019-03-22 05:39:55,934] {base_task_runner.py:101} INFO - Job 2825: Subtask print_date [2019-03-22 05:39:55,933] {cli.py:520} INFO - Running <TaskInstance: tutorial.print_date 2019-03-08T00:00:00+00:00 [running]> on host IADAIRP1.globalrs.rack.space
[2019-03-22 05:39:55,952] {bash_operator.py:77} INFO - Tmp dir root location: 
 /tmp
[2019-03-22 05:39:55,953] {bash_operator.py:86} INFO - Exporting the following env vars:
AIRFLOW_CTX_DAG_ID=tutorial
AIRFLOW_CTX_TASK_ID=print_date
AIRFLOW_CTX_EXECUTION_DATE=2019-03-08T00:00:00+00:00
AIRFLOW_CTX_DAG_RUN_ID=scheduled__2019-03-08T00:00:00+00:00
[2019-03-22 05:39:55,953] {bash_operator.py:100} INFO - Temporary script location: /tmp/airflowtmpwd49rnd2/print_datem4sj3tig
[2019-03-22 05:39:55,953] {bash_operator.py:110} INFO - Running command: date
[2019-03-22 05:39:55,982] {bash_operator.py:119} INFO - Output:
[2019-03-22 05:39:55,993] {bash_operator.py:123} INFO - Sex Mar 22 05:39:55 -03 2019
[2019-03-22 05:39:56,004] {bash_operator.py:127} INFO - Command exited with return code 0
[2019-03-22 05:39:59,196] {logging_mixin.py:95} INFO - [2019-03-22 05:39:59,196] {jobs.py:2527} INFO - Task exited with return code 0
