[2019-03-21 18:52:35,368] {models.py:1359} INFO - Dependencies all met for <TaskInstance: tutorial.templated 2017-10-30T00:00:00+00:00 [queued]>
[2019-03-21 18:52:35,372] {models.py:1359} INFO - Dependencies all met for <TaskInstance: tutorial.templated 2017-10-30T00:00:00+00:00 [queued]>
[2019-03-21 18:52:35,373] {models.py:1571} INFO - 
--------------------------------------------------------------------------------
Starting attempt 1 of 2
--------------------------------------------------------------------------------

[2019-03-21 18:52:35,396] {models.py:1593} INFO - Executing <Task(BashOperator): templated> on 2017-10-30T00:00:00+00:00
[2019-03-21 18:52:35,396] {base_task_runner.py:118} INFO - Running: ['bash', '-c', 'airflow run tutorial templated 2017-10-30T00:00:00+00:00 --job_id 1839 --raw -sd DAGS_FOLDER/example_dags/tutorial.py --cfg_path /tmp/tmpm5waf2ke']
[2019-03-21 18:52:36,033] {base_task_runner.py:101} INFO - Job 1839: Subtask templated [2019-03-21 18:52:36,032] {__init__.py:51} INFO - Using executor SequentialExecutor
[2019-03-21 18:52:36,264] {base_task_runner.py:101} INFO - Job 1839: Subtask templated [2019-03-21 18:52:36,263] {models.py:273} INFO - Filling up the DagBag from /home/rsandroni/airflow/dags/example_dags/tutorial.py
[2019-03-21 18:52:36,328] {base_task_runner.py:101} INFO - Job 1839: Subtask templated [2019-03-21 18:52:36,328] {cli.py:520} INFO - Running <TaskInstance: tutorial.templated 2017-10-30T00:00:00+00:00 [running]> on host IADAIRP1.globalrs.rack.space
[2019-03-21 18:52:36,345] {bash_operator.py:77} INFO - Tmp dir root location: 
 /tmp
[2019-03-21 18:52:36,345] {bash_operator.py:86} INFO - Exporting the following env vars:
AIRFLOW_CTX_DAG_ID=tutorial
AIRFLOW_CTX_TASK_ID=templated
AIRFLOW_CTX_EXECUTION_DATE=2017-10-30T00:00:00+00:00
AIRFLOW_CTX_DAG_RUN_ID=scheduled__2017-10-30T00:00:00+00:00
[2019-03-21 18:52:36,346] {bash_operator.py:100} INFO - Temporary script location: /tmp/airflowtmpzzleef87/templated4iym1ur9
[2019-03-21 18:52:36,346] {bash_operator.py:110} INFO - Running command: 

    echo "2017-10-30"
    echo "2017-11-06"
    echo "Parameter I passed in"

    echo "2017-10-30"
    echo "2017-11-06"
    echo "Parameter I passed in"

    echo "2017-10-30"
    echo "2017-11-06"
    echo "Parameter I passed in"

    echo "2017-10-30"
    echo "2017-11-06"
    echo "Parameter I passed in"

    echo "2017-10-30"
    echo "2017-11-06"
    echo "Parameter I passed in"

[2019-03-21 18:52:36,352] {bash_operator.py:119} INFO - Output:
[2019-03-21 18:52:36,353] {bash_operator.py:123} INFO - 2017-10-30
[2019-03-21 18:52:36,353] {bash_operator.py:123} INFO - 2017-11-06
[2019-03-21 18:52:36,353] {bash_operator.py:123} INFO - Parameter I passed in
[2019-03-21 18:52:36,353] {bash_operator.py:123} INFO - 2017-10-30
[2019-03-21 18:52:36,353] {bash_operator.py:123} INFO - 2017-11-06
[2019-03-21 18:52:36,353] {bash_operator.py:123} INFO - Parameter I passed in
[2019-03-21 18:52:36,353] {bash_operator.py:123} INFO - 2017-10-30
[2019-03-21 18:52:36,353] {bash_operator.py:123} INFO - 2017-11-06
[2019-03-21 18:52:36,353] {bash_operator.py:123} INFO - Parameter I passed in
[2019-03-21 18:52:36,353] {bash_operator.py:123} INFO - 2017-10-30
[2019-03-21 18:52:36,353] {bash_operator.py:123} INFO - 2017-11-06
[2019-03-21 18:52:36,353] {bash_operator.py:123} INFO - Parameter I passed in
[2019-03-21 18:52:36,353] {bash_operator.py:123} INFO - 2017-10-30
[2019-03-21 18:52:36,353] {bash_operator.py:123} INFO - 2017-11-06
[2019-03-21 18:52:36,353] {bash_operator.py:123} INFO - Parameter I passed in
[2019-03-21 18:52:36,354] {bash_operator.py:127} INFO - Command exited with return code 0
[2019-03-21 18:52:40,365] {logging_mixin.py:95} INFO - [2019-03-21 18:52:40,364] {jobs.py:2527} INFO - Task exited with return code 0
