[2019-03-21 18:29:12,837] {models.py:1359} INFO - Dependencies all met for <TaskInstance: tutorial.templated 2017-10-12T00:00:00+00:00 [queued]>
[2019-03-21 18:29:12,841] {models.py:1359} INFO - Dependencies all met for <TaskInstance: tutorial.templated 2017-10-12T00:00:00+00:00 [queued]>
[2019-03-21 18:29:12,841] {models.py:1571} INFO - 
--------------------------------------------------------------------------------
Starting attempt 1 of 2
--------------------------------------------------------------------------------

[2019-03-21 18:29:12,854] {models.py:1593} INFO - Executing <Task(BashOperator): templated> on 2017-10-12T00:00:00+00:00
[2019-03-21 18:29:12,854] {base_task_runner.py:118} INFO - Running: ['bash', '-c', 'airflow run tutorial templated 2017-10-12T00:00:00+00:00 --job_id 1803 --raw -sd DAGS_FOLDER/example_dags/tutorial.py --cfg_path /tmp/tmprfplecrd']
[2019-03-21 18:29:13,493] {base_task_runner.py:101} INFO - Job 1803: Subtask templated [2019-03-21 18:29:13,492] {__init__.py:51} INFO - Using executor SequentialExecutor
[2019-03-21 18:29:13,726] {base_task_runner.py:101} INFO - Job 1803: Subtask templated [2019-03-21 18:29:13,725] {models.py:273} INFO - Filling up the DagBag from /home/rsandroni/airflow/dags/example_dags/tutorial.py
[2019-03-21 18:29:13,789] {base_task_runner.py:101} INFO - Job 1803: Subtask templated [2019-03-21 18:29:13,789] {cli.py:520} INFO - Running <TaskInstance: tutorial.templated 2017-10-12T00:00:00+00:00 [running]> on host IADAIRP1.globalrs.rack.space
[2019-03-21 18:29:13,806] {bash_operator.py:77} INFO - Tmp dir root location: 
 /tmp
[2019-03-21 18:29:13,806] {bash_operator.py:86} INFO - Exporting the following env vars:
AIRFLOW_CTX_DAG_ID=tutorial
AIRFLOW_CTX_TASK_ID=templated
AIRFLOW_CTX_EXECUTION_DATE=2017-10-12T00:00:00+00:00
AIRFLOW_CTX_DAG_RUN_ID=scheduled__2017-10-12T00:00:00+00:00
[2019-03-21 18:29:13,807] {bash_operator.py:100} INFO - Temporary script location: /tmp/airflowtmpw715fofq/templated1_eltdxp
[2019-03-21 18:29:13,807] {bash_operator.py:110} INFO - Running command: 

    echo "2017-10-12"
    echo "2017-10-19"
    echo "Parameter I passed in"

    echo "2017-10-12"
    echo "2017-10-19"
    echo "Parameter I passed in"

    echo "2017-10-12"
    echo "2017-10-19"
    echo "Parameter I passed in"

    echo "2017-10-12"
    echo "2017-10-19"
    echo "Parameter I passed in"

    echo "2017-10-12"
    echo "2017-10-19"
    echo "Parameter I passed in"

[2019-03-21 18:29:13,813] {bash_operator.py:119} INFO - Output:
[2019-03-21 18:29:13,814] {bash_operator.py:123} INFO - 2017-10-12
[2019-03-21 18:29:13,814] {bash_operator.py:123} INFO - 2017-10-19
[2019-03-21 18:29:13,814] {bash_operator.py:123} INFO - Parameter I passed in
[2019-03-21 18:29:13,814] {bash_operator.py:123} INFO - 2017-10-12
[2019-03-21 18:29:13,814] {bash_operator.py:123} INFO - 2017-10-19
[2019-03-21 18:29:13,814] {bash_operator.py:123} INFO - Parameter I passed in
[2019-03-21 18:29:13,814] {bash_operator.py:123} INFO - 2017-10-12
[2019-03-21 18:29:13,814] {bash_operator.py:123} INFO - 2017-10-19
[2019-03-21 18:29:13,814] {bash_operator.py:123} INFO - Parameter I passed in
[2019-03-21 18:29:13,814] {bash_operator.py:123} INFO - 2017-10-12
[2019-03-21 18:29:13,814] {bash_operator.py:123} INFO - 2017-10-19
[2019-03-21 18:29:13,814] {bash_operator.py:123} INFO - Parameter I passed in
[2019-03-21 18:29:13,814] {bash_operator.py:123} INFO - 2017-10-12
[2019-03-21 18:29:13,814] {bash_operator.py:123} INFO - 2017-10-19
[2019-03-21 18:29:13,814] {bash_operator.py:123} INFO - Parameter I passed in
[2019-03-21 18:29:13,814] {bash_operator.py:127} INFO - Command exited with return code 0
[2019-03-21 18:29:17,846] {logging_mixin.py:95} INFO - [2019-03-21 18:29:17,845] {jobs.py:2527} INFO - Task exited with return code 0
