[2019-03-19 10:27:11,279] {models.py:1359} INFO - Dependencies all met for <TaskInstance: tutorial.print_date 2015-06-26T00:00:00+00:00 [queued]>
[2019-03-19 10:27:11,280] {models.py:1359} INFO - Dependencies all met for <TaskInstance: tutorial.print_date 2015-06-26T00:00:00+00:00 [queued]>
[2019-03-19 10:27:11,280] {models.py:1571} INFO - 
--------------------------------------------------------------------------------
Starting attempt 1 of 2
--------------------------------------------------------------------------------

[2019-03-19 10:27:11,292] {models.py:1593} INFO - Executing <Task(BashOperator): print_date> on 2015-06-26T00:00:00+00:00
[2019-03-19 10:27:11,292] {base_task_runner.py:118} INFO - Running: ['bash', '-c', 'airflow run tutorial print_date 2015-06-26T00:00:00+00:00 --job_id 56 --raw -sd DAGS_FOLDER/tutorial.py --cfg_path /tmp/tmpt732u6na']
[2019-03-19 10:27:11,897] {base_task_runner.py:101} INFO - Job 56: Subtask print_date [2019-03-19 10:27:11,896] {__init__.py:51} INFO - Using executor SequentialExecutor
[2019-03-19 10:27:12,115] {base_task_runner.py:101} INFO - Job 56: Subtask print_date [2019-03-19 10:27:12,114] {models.py:273} INFO - Filling up the DagBag from /home/rsandroni/airflow/dags/tutorial.py
[2019-03-19 10:27:12,129] {base_task_runner.py:101} INFO - Job 56: Subtask print_date [2019-03-19 10:27:12,129] {cli.py:520} INFO - Running <TaskInstance: tutorial.print_date 2015-06-26T00:00:00+00:00 [running]> on host IADAIRP1.globalrs.rack.space
[2019-03-19 10:27:12,142] {bash_operator.py:77} INFO - Tmp dir root location: 
 /tmp
[2019-03-19 10:27:12,142] {bash_operator.py:86} INFO - Exporting the following env vars:
AIRFLOW_CTX_DAG_ID=tutorial
AIRFLOW_CTX_TASK_ID=print_date
AIRFLOW_CTX_EXECUTION_DATE=2015-06-26T00:00:00+00:00
AIRFLOW_CTX_DAG_RUN_ID=scheduled__2015-06-26T00:00:00+00:00
[2019-03-19 10:27:12,142] {bash_operator.py:100} INFO - Temporary script location: /tmp/airflowtmp_isododz/print_date_l32flps
[2019-03-19 10:27:12,142] {bash_operator.py:110} INFO - Running command: date
[2019-03-19 10:27:12,147] {bash_operator.py:119} INFO - Output:
[2019-03-19 10:27:12,149] {bash_operator.py:123} INFO - Ter Mar 19 10:27:12 -03 2019
[2019-03-19 10:27:12,150] {bash_operator.py:127} INFO - Command exited with return code 0
[2019-03-19 10:27:16,286] {logging_mixin.py:95} INFO - [2019-03-19 10:27:16,285] {jobs.py:2527} INFO - Task exited with return code 0
