[2019-03-19 12:45:52,774] {models.py:1359} INFO - Dependencies all met for <TaskInstance: tutorial.print_date 2016-04-15T00:00:00+00:00 [queued]>
[2019-03-19 12:45:52,776] {models.py:1359} INFO - Dependencies all met for <TaskInstance: tutorial.print_date 2016-04-15T00:00:00+00:00 [queued]>
[2019-03-19 12:45:52,777] {models.py:1571} INFO - 
--------------------------------------------------------------------------------
Starting attempt 1 of 2
--------------------------------------------------------------------------------

[2019-03-19 12:45:52,841] {models.py:1593} INFO - Executing <Task(BashOperator): print_date> on 2016-04-15T00:00:00+00:00
[2019-03-19 12:45:52,841] {base_task_runner.py:118} INFO - Running: ['bash', '-c', 'airflow run tutorial print_date 2016-04-15T00:00:00+00:00 --job_id 643 --raw -sd DAGS_FOLDER/tutorial.py --cfg_path /tmp/tmp3vwmzmq8']
[2019-03-19 12:45:54,261] {base_task_runner.py:101} INFO - Job 643: Subtask print_date [2019-03-19 12:45:54,257] {__init__.py:51} INFO - Using executor SequentialExecutor
[2019-03-19 12:45:54,962] {base_task_runner.py:101} INFO - Job 643: Subtask print_date [2019-03-19 12:45:54,960] {models.py:273} INFO - Filling up the DagBag from /home/rsandroni/airflow/dags/tutorial.py
[2019-03-19 12:45:55,003] {base_task_runner.py:101} INFO - Job 643: Subtask print_date [2019-03-19 12:45:55,002] {cli.py:520} INFO - Running <TaskInstance: tutorial.print_date 2016-04-15T00:00:00+00:00 [running]> on host IADAIRP1.globalrs.rack.space
[2019-03-19 12:45:55,029] {bash_operator.py:77} INFO - Tmp dir root location: 
 /tmp
[2019-03-19 12:45:55,029] {bash_operator.py:86} INFO - Exporting the following env vars:
AIRFLOW_CTX_DAG_ID=tutorial
AIRFLOW_CTX_TASK_ID=print_date
AIRFLOW_CTX_EXECUTION_DATE=2016-04-15T00:00:00+00:00
AIRFLOW_CTX_DAG_RUN_ID=scheduled__2016-04-15T00:00:00+00:00
[2019-03-19 12:45:55,047] {bash_operator.py:100} INFO - Temporary script location: /tmp/airflowtmpd69v6r1r/print_datek6q729o2
[2019-03-19 12:45:55,048] {bash_operator.py:110} INFO - Running command: date
[2019-03-19 12:45:55,123] {bash_operator.py:119} INFO - Output:
[2019-03-19 12:45:55,131] {bash_operator.py:123} INFO - Ter Mar 19 12:45:55 -03 2019
[2019-03-19 12:45:55,154] {bash_operator.py:127} INFO - Command exited with return code 0
[2019-03-19 12:45:57,756] {logging_mixin.py:95} INFO - [2019-03-19 12:45:57,755] {jobs.py:2527} INFO - Task exited with return code 0
