[2019-03-22 03:21:22,833] {models.py:1359} INFO - Dependencies all met for <TaskInstance: tutorial.templated 2018-11-22T00:00:00+00:00 [queued]>
[2019-03-22 03:21:22,841] {models.py:1359} INFO - Dependencies all met for <TaskInstance: tutorial.templated 2018-11-22T00:00:00+00:00 [queued]>
[2019-03-22 03:21:22,841] {models.py:1571} INFO - 
--------------------------------------------------------------------------------
Starting attempt 1 of 2
--------------------------------------------------------------------------------

[2019-03-22 03:21:22,877] {models.py:1593} INFO - Executing <Task(BashOperator): templated> on 2018-11-22T00:00:00+00:00
[2019-03-22 03:21:22,877] {base_task_runner.py:118} INFO - Running: ['bash', '-c', 'airflow run tutorial templated 2018-11-22T00:00:00+00:00 --job_id 2615 --raw -sd DAGS_FOLDER/example_dags/tutorial.py --cfg_path /tmp/tmpx4g38xlm']
[2019-03-22 03:21:23,596] {base_task_runner.py:101} INFO - Job 2615: Subtask templated [2019-03-22 03:21:23,595] {__init__.py:51} INFO - Using executor SequentialExecutor
[2019-03-22 03:21:23,881] {base_task_runner.py:101} INFO - Job 2615: Subtask templated [2019-03-22 03:21:23,880] {models.py:273} INFO - Filling up the DagBag from /home/rsandroni/airflow/dags/example_dags/tutorial.py
[2019-03-22 03:21:23,958] {base_task_runner.py:101} INFO - Job 2615: Subtask templated [2019-03-22 03:21:23,957] {cli.py:520} INFO - Running <TaskInstance: tutorial.templated 2018-11-22T00:00:00+00:00 [running]> on host IADAIRP1.globalrs.rack.space
[2019-03-22 03:21:23,977] {bash_operator.py:77} INFO - Tmp dir root location: 
 /tmp
[2019-03-22 03:21:23,978] {bash_operator.py:86} INFO - Exporting the following env vars:
AIRFLOW_CTX_DAG_ID=tutorial
AIRFLOW_CTX_TASK_ID=templated
AIRFLOW_CTX_EXECUTION_DATE=2018-11-22T00:00:00+00:00
AIRFLOW_CTX_DAG_RUN_ID=scheduled__2018-11-22T00:00:00+00:00
[2019-03-22 03:21:23,978] {bash_operator.py:100} INFO - Temporary script location: /tmp/airflowtmp470iij6w/templatedo9k3o2ns
[2019-03-22 03:21:23,978] {bash_operator.py:110} INFO - Running command: 

    echo "2018-11-22"
    echo "2018-11-29"
    echo "Parameter I passed in"

    echo "2018-11-22"
    echo "2018-11-29"
    echo "Parameter I passed in"

    echo "2018-11-22"
    echo "2018-11-29"
    echo "Parameter I passed in"

    echo "2018-11-22"
    echo "2018-11-29"
    echo "Parameter I passed in"

    echo "2018-11-22"
    echo "2018-11-29"
    echo "Parameter I passed in"

[2019-03-22 03:21:23,984] {bash_operator.py:119} INFO - Output:
[2019-03-22 03:21:23,985] {bash_operator.py:123} INFO - 2018-11-22
[2019-03-22 03:21:23,985] {bash_operator.py:123} INFO - 2018-11-29
[2019-03-22 03:21:23,985] {bash_operator.py:123} INFO - Parameter I passed in
[2019-03-22 03:21:23,985] {bash_operator.py:123} INFO - 2018-11-22
[2019-03-22 03:21:23,985] {bash_operator.py:123} INFO - 2018-11-29
[2019-03-22 03:21:23,985] {bash_operator.py:123} INFO - Parameter I passed in
[2019-03-22 03:21:23,986] {bash_operator.py:123} INFO - 2018-11-22
[2019-03-22 03:21:23,986] {bash_operator.py:123} INFO - 2018-11-29
[2019-03-22 03:21:23,986] {bash_operator.py:123} INFO - Parameter I passed in
[2019-03-22 03:21:23,986] {bash_operator.py:123} INFO - 2018-11-22
[2019-03-22 03:21:23,986] {bash_operator.py:123} INFO - 2018-11-29
[2019-03-22 03:21:23,986] {bash_operator.py:123} INFO - Parameter I passed in
[2019-03-22 03:21:23,986] {bash_operator.py:123} INFO - 2018-11-22
[2019-03-22 03:21:23,986] {bash_operator.py:123} INFO - 2018-11-29
[2019-03-22 03:21:23,986] {bash_operator.py:123} INFO - Parameter I passed in
[2019-03-22 03:21:23,986] {bash_operator.py:127} INFO - Command exited with return code 0
[2019-03-22 03:21:27,890] {logging_mixin.py:95} INFO - [2019-03-22 03:21:27,889] {jobs.py:2527} INFO - Task exited with return code 0
