[2019-03-19 11:29:32,687] {models.py:1359} INFO - Dependencies all met for <TaskInstance: tutorial.print_date 2015-10-26T00:00:00+00:00 [queued]>
[2019-03-19 11:29:32,689] {models.py:1359} INFO - Dependencies all met for <TaskInstance: tutorial.print_date 2015-10-26T00:00:00+00:00 [queued]>
[2019-03-19 11:29:32,689] {models.py:1571} INFO - 
--------------------------------------------------------------------------------
Starting attempt 1 of 2
--------------------------------------------------------------------------------

[2019-03-19 11:29:32,707] {models.py:1593} INFO - Executing <Task(BashOperator): print_date> on 2015-10-26T00:00:00+00:00
[2019-03-19 11:29:32,707] {base_task_runner.py:118} INFO - Running: ['bash', '-c', 'airflow run tutorial print_date 2015-10-26T00:00:00+00:00 --job_id 300 --raw -sd DAGS_FOLDER/tutorial.py --cfg_path /tmp/tmp0_uf2vj8']
[2019-03-19 11:29:33,310] {base_task_runner.py:101} INFO - Job 300: Subtask print_date [2019-03-19 11:29:33,310] {__init__.py:51} INFO - Using executor SequentialExecutor
[2019-03-19 11:29:33,534] {base_task_runner.py:101} INFO - Job 300: Subtask print_date [2019-03-19 11:29:33,533] {models.py:273} INFO - Filling up the DagBag from /home/rsandroni/airflow/dags/tutorial.py
[2019-03-19 11:29:33,550] {base_task_runner.py:101} INFO - Job 300: Subtask print_date [2019-03-19 11:29:33,549] {cli.py:520} INFO - Running <TaskInstance: tutorial.print_date 2015-10-26T00:00:00+00:00 [running]> on host IADAIRP1.globalrs.rack.space
[2019-03-19 11:29:33,563] {bash_operator.py:77} INFO - Tmp dir root location: 
 /tmp
[2019-03-19 11:29:33,563] {bash_operator.py:86} INFO - Exporting the following env vars:
AIRFLOW_CTX_DAG_ID=tutorial
AIRFLOW_CTX_TASK_ID=print_date
AIRFLOW_CTX_EXECUTION_DATE=2015-10-26T00:00:00+00:00
AIRFLOW_CTX_DAG_RUN_ID=scheduled__2015-10-26T00:00:00+00:00
[2019-03-19 11:29:33,564] {bash_operator.py:100} INFO - Temporary script location: /tmp/airflowtmpr9ekar39/print_date_6gk0jhd
[2019-03-19 11:29:33,564] {bash_operator.py:110} INFO - Running command: date
[2019-03-19 11:29:33,569] {bash_operator.py:119} INFO - Output:
[2019-03-19 11:29:33,571] {bash_operator.py:123} INFO - Ter Mar 19 11:29:33 -03 2019
[2019-03-19 11:29:33,571] {bash_operator.py:127} INFO - Command exited with return code 0
[2019-03-19 11:29:37,696] {logging_mixin.py:95} INFO - [2019-03-19 11:29:37,695] {jobs.py:2527} INFO - Task exited with return code 0
