[2019-03-21 17:50:09,776] {models.py:1359} INFO - Dependencies all met for <TaskInstance: tutorial.print_date 2017-08-15T00:00:00+00:00 [queued]>
[2019-03-21 17:50:09,779] {models.py:1359} INFO - Dependencies all met for <TaskInstance: tutorial.print_date 2017-08-15T00:00:00+00:00 [queued]>
[2019-03-21 17:50:09,779] {models.py:1571} INFO - 
--------------------------------------------------------------------------------
Starting attempt 1 of 2
--------------------------------------------------------------------------------

[2019-03-21 17:50:09,795] {models.py:1593} INFO - Executing <Task(BashOperator): print_date> on 2017-08-15T00:00:00+00:00
[2019-03-21 17:50:09,796] {base_task_runner.py:118} INFO - Running: ['bash', '-c', 'airflow run tutorial print_date 2017-08-15T00:00:00+00:00 --job_id 1664 --raw -sd DAGS_FOLDER/tutorial.py --cfg_path /tmp/tmpy1gvg6h7']
[2019-03-21 17:50:10,439] {base_task_runner.py:101} INFO - Job 1664: Subtask print_date [2019-03-21 17:50:10,438] {__init__.py:51} INFO - Using executor SequentialExecutor
[2019-03-21 17:50:10,670] {base_task_runner.py:101} INFO - Job 1664: Subtask print_date [2019-03-21 17:50:10,669] {models.py:273} INFO - Filling up the DagBag from /home/rsandroni/airflow/dags/tutorial.py
[2019-03-21 17:50:10,687] {base_task_runner.py:101} INFO - Job 1664: Subtask print_date [2019-03-21 17:50:10,684] {cli.py:520} INFO - Running <TaskInstance: tutorial.print_date 2017-08-15T00:00:00+00:00 [running]> on host IADAIRP1.globalrs.rack.space
[2019-03-21 17:50:10,701] {bash_operator.py:77} INFO - Tmp dir root location: 
 /tmp
[2019-03-21 17:50:10,701] {bash_operator.py:86} INFO - Exporting the following env vars:
AIRFLOW_CTX_DAG_ID=tutorial
AIRFLOW_CTX_TASK_ID=print_date
AIRFLOW_CTX_EXECUTION_DATE=2017-08-15T00:00:00+00:00
AIRFLOW_CTX_DAG_RUN_ID=scheduled__2017-08-15T00:00:00+00:00
[2019-03-21 17:50:10,701] {bash_operator.py:100} INFO - Temporary script location: /tmp/airflowtmp4fsovxlc/print_dateil_z50_g
[2019-03-21 17:50:10,701] {bash_operator.py:110} INFO - Running command: date
[2019-03-21 17:50:10,707] {bash_operator.py:119} INFO - Output:
[2019-03-21 17:50:10,709] {bash_operator.py:123} INFO - Qui Mar 21 17:50:10 -03 2019
[2019-03-21 17:50:10,709] {bash_operator.py:127} INFO - Command exited with return code 0
[2019-03-21 17:50:14,779] {logging_mixin.py:95} INFO - [2019-03-21 17:50:14,779] {jobs.py:2527} INFO - Task exited with return code 0
