[2019-03-19 11:52:51,381] {models.py:1359} INFO - Dependencies all met for <TaskInstance: tutorial.print_date 2015-12-19T00:00:00+00:00 [queued]>
[2019-03-19 11:52:51,383] {models.py:1359} INFO - Dependencies all met for <TaskInstance: tutorial.print_date 2015-12-19T00:00:00+00:00 [queued]>
[2019-03-19 11:52:51,383] {models.py:1571} INFO - 
--------------------------------------------------------------------------------
Starting attempt 1 of 2
--------------------------------------------------------------------------------

[2019-03-19 11:52:51,399] {models.py:1593} INFO - Executing <Task(BashOperator): print_date> on 2015-12-19T00:00:00+00:00
[2019-03-19 11:52:51,400] {base_task_runner.py:118} INFO - Running: ['bash', '-c', 'airflow run tutorial print_date 2015-12-19T00:00:00+00:00 --job_id 408 --raw -sd DAGS_FOLDER/tutorial.py --cfg_path /tmp/tmp7k63nkel']
[2019-03-19 11:52:52,019] {base_task_runner.py:101} INFO - Job 408: Subtask print_date [2019-03-19 11:52:52,019] {__init__.py:51} INFO - Using executor SequentialExecutor
[2019-03-19 11:52:52,243] {base_task_runner.py:101} INFO - Job 408: Subtask print_date [2019-03-19 11:52:52,243] {models.py:273} INFO - Filling up the DagBag from /home/rsandroni/airflow/dags/tutorial.py
[2019-03-19 11:52:52,258] {base_task_runner.py:101} INFO - Job 408: Subtask print_date [2019-03-19 11:52:52,258] {cli.py:520} INFO - Running <TaskInstance: tutorial.print_date 2015-12-19T00:00:00+00:00 [running]> on host IADAIRP1.globalrs.rack.space
[2019-03-19 11:52:52,271] {bash_operator.py:77} INFO - Tmp dir root location: 
 /tmp
[2019-03-19 11:52:52,271] {bash_operator.py:86} INFO - Exporting the following env vars:
AIRFLOW_CTX_DAG_ID=tutorial
AIRFLOW_CTX_TASK_ID=print_date
AIRFLOW_CTX_EXECUTION_DATE=2015-12-19T00:00:00+00:00
AIRFLOW_CTX_DAG_RUN_ID=scheduled__2015-12-19T00:00:00+00:00
[2019-03-19 11:52:52,271] {bash_operator.py:100} INFO - Temporary script location: /tmp/airflowtmp7_92wldc/print_date279rxzol
[2019-03-19 11:52:52,271] {bash_operator.py:110} INFO - Running command: date
[2019-03-19 11:52:52,276] {bash_operator.py:119} INFO - Output:
[2019-03-19 11:52:52,278] {bash_operator.py:123} INFO - Ter Mar 19 11:52:52 -03 2019
[2019-03-19 11:52:52,278] {bash_operator.py:127} INFO - Command exited with return code 0
[2019-03-19 11:52:56,385] {logging_mixin.py:95} INFO - [2019-03-19 11:52:56,384] {jobs.py:2527} INFO - Task exited with return code 0
