[2019-03-19 13:48:39,126] {models.py:1359} INFO - Dependencies all met for <TaskInstance: tutorial.print_date 2016-08-25T00:00:00+00:00 [queued]>
[2019-03-19 13:48:39,129] {models.py:1359} INFO - Dependencies all met for <TaskInstance: tutorial.print_date 2016-08-25T00:00:00+00:00 [queued]>
[2019-03-19 13:48:39,129] {models.py:1571} INFO - 
--------------------------------------------------------------------------------
Starting attempt 1 of 2
--------------------------------------------------------------------------------

[2019-03-19 13:48:39,211] {models.py:1593} INFO - Executing <Task(BashOperator): print_date> on 2016-08-25T00:00:00+00:00
[2019-03-19 13:48:39,211] {base_task_runner.py:118} INFO - Running: ['bash', '-c', 'airflow run tutorial print_date 2016-08-25T00:00:00+00:00 --job_id 907 --raw -sd DAGS_FOLDER/tutorial.py --cfg_path /tmp/tmpb_impm04']
[2019-03-19 13:48:41,738] {base_task_runner.py:101} INFO - Job 907: Subtask print_date [2019-03-19 13:48:41,737] {__init__.py:51} INFO - Using executor SequentialExecutor
[2019-03-19 13:48:42,811] {base_task_runner.py:101} INFO - Job 907: Subtask print_date [2019-03-19 13:48:42,800] {models.py:273} INFO - Filling up the DagBag from /home/rsandroni/airflow/dags/tutorial.py
[2019-03-19 13:48:42,889] {base_task_runner.py:101} INFO - Job 907: Subtask print_date [2019-03-19 13:48:42,888] {cli.py:520} INFO - Running <TaskInstance: tutorial.print_date 2016-08-25T00:00:00+00:00 [running]> on host IADAIRP1.globalrs.rack.space
[2019-03-19 13:48:42,933] {bash_operator.py:77} INFO - Tmp dir root location: 
 /tmp
[2019-03-19 13:48:42,934] {bash_operator.py:86} INFO - Exporting the following env vars:
AIRFLOW_CTX_DAG_ID=tutorial
AIRFLOW_CTX_TASK_ID=print_date
AIRFLOW_CTX_EXECUTION_DATE=2016-08-25T00:00:00+00:00
AIRFLOW_CTX_DAG_RUN_ID=scheduled__2016-08-25T00:00:00+00:00
[2019-03-19 13:48:42,934] {bash_operator.py:100} INFO - Temporary script location: /tmp/airflowtmps2ib_45e/print_dateb2p7gmxr
[2019-03-19 13:48:42,934] {bash_operator.py:110} INFO - Running command: date
[2019-03-19 13:48:43,019] {bash_operator.py:119} INFO - Output:
[2019-03-19 13:48:43,048] {bash_operator.py:123} INFO - Ter Mar 19 13:48:43 -03 2019
[2019-03-19 13:48:43,052] {bash_operator.py:127} INFO - Command exited with return code 0
[2019-03-19 13:48:44,168] {logging_mixin.py:95} INFO - [2019-03-19 13:48:44,168] {jobs.py:2595} WARNING - State of this instance has been externally set to success. Taking the poison pill.
[2019-03-19 13:48:44,228] {helpers.py:250} INFO - Sending Signals.SIGTERM to GPID 2818
[2019-03-19 13:48:44,229] {helpers.py:232} INFO - Process psutil.Process(pid=2818, status='terminated') (2818) terminated with exit code 0
[2019-03-19 13:48:44,230] {logging_mixin.py:95} INFO - [2019-03-19 13:48:44,229] {jobs.py:2527} INFO - Task exited with return code 0
