[2019-03-22 02:20:33,836] {models.py:1359} INFO - Dependencies all met for <TaskInstance: tutorial.templated 2018-10-07T00:00:00+00:00 [queued]>
[2019-03-22 02:20:33,841] {models.py:1359} INFO - Dependencies all met for <TaskInstance: tutorial.templated 2018-10-07T00:00:00+00:00 [queued]>
[2019-03-22 02:20:33,842] {models.py:1571} INFO - 
--------------------------------------------------------------------------------
Starting attempt 1 of 2
--------------------------------------------------------------------------------

[2019-03-22 02:20:33,899] {models.py:1593} INFO - Executing <Task(BashOperator): templated> on 2018-10-07T00:00:00+00:00
[2019-03-22 02:20:33,899] {base_task_runner.py:118} INFO - Running: ['bash', '-c', 'airflow run tutorial templated 2018-10-07T00:00:00+00:00 --job_id 2523 --raw -sd DAGS_FOLDER/example_dags/tutorial.py --cfg_path /tmp/tmp2g2ypspr']
[2019-03-22 02:20:35,099] {base_task_runner.py:101} INFO - Job 2523: Subtask templated [2019-03-22 02:20:35,098] {__init__.py:51} INFO - Using executor SequentialExecutor
[2019-03-22 02:20:35,576] {base_task_runner.py:101} INFO - Job 2523: Subtask templated [2019-03-22 02:20:35,575] {models.py:273} INFO - Filling up the DagBag from /home/rsandroni/airflow/dags/example_dags/tutorial.py
[2019-03-22 02:20:35,700] {base_task_runner.py:101} INFO - Job 2523: Subtask templated [2019-03-22 02:20:35,692] {cli.py:520} INFO - Running <TaskInstance: tutorial.templated 2018-10-07T00:00:00+00:00 [running]> on host IADAIRP1.globalrs.rack.space
[2019-03-22 02:20:35,743] {bash_operator.py:77} INFO - Tmp dir root location: 
 /tmp
[2019-03-22 02:20:35,743] {bash_operator.py:86} INFO - Exporting the following env vars:
AIRFLOW_CTX_DAG_ID=tutorial
AIRFLOW_CTX_TASK_ID=templated
AIRFLOW_CTX_EXECUTION_DATE=2018-10-07T00:00:00+00:00
AIRFLOW_CTX_DAG_RUN_ID=scheduled__2018-10-07T00:00:00+00:00
[2019-03-22 02:20:35,744] {bash_operator.py:100} INFO - Temporary script location: /tmp/airflowtmp113gjrgs/templated64cgw0_4
[2019-03-22 02:20:35,744] {bash_operator.py:110} INFO - Running command: 

    echo "2018-10-07"
    echo "2018-10-14"
    echo "Parameter I passed in"

    echo "2018-10-07"
    echo "2018-10-14"
    echo "Parameter I passed in"

    echo "2018-10-07"
    echo "2018-10-14"
    echo "Parameter I passed in"

    echo "2018-10-07"
    echo "2018-10-14"
    echo "Parameter I passed in"

    echo "2018-10-07"
    echo "2018-10-14"
    echo "Parameter I passed in"

[2019-03-22 02:20:35,781] {bash_operator.py:119} INFO - Output:
[2019-03-22 02:20:35,787] {bash_operator.py:123} INFO - 2018-10-07
[2019-03-22 02:20:35,787] {bash_operator.py:123} INFO - 2018-10-14
[2019-03-22 02:20:35,787] {bash_operator.py:123} INFO - Parameter I passed in
[2019-03-22 02:20:35,787] {bash_operator.py:123} INFO - 2018-10-07
[2019-03-22 02:20:35,787] {bash_operator.py:123} INFO - 2018-10-14
[2019-03-22 02:20:35,787] {bash_operator.py:123} INFO - Parameter I passed in
[2019-03-22 02:20:35,787] {bash_operator.py:123} INFO - 2018-10-07
[2019-03-22 02:20:35,787] {bash_operator.py:123} INFO - 2018-10-14
[2019-03-22 02:20:35,787] {bash_operator.py:123} INFO - Parameter I passed in
[2019-03-22 02:20:35,787] {bash_operator.py:123} INFO - 2018-10-07
[2019-03-22 02:20:35,787] {bash_operator.py:123} INFO - 2018-10-14
[2019-03-22 02:20:35,787] {bash_operator.py:123} INFO - Parameter I passed in
[2019-03-22 02:20:35,787] {bash_operator.py:123} INFO - 2018-10-07
[2019-03-22 02:20:35,787] {bash_operator.py:123} INFO - 2018-10-14
[2019-03-22 02:20:35,787] {bash_operator.py:123} INFO - Parameter I passed in
[2019-03-22 02:20:35,787] {bash_operator.py:127} INFO - Command exited with return code 0
[2019-03-22 02:20:38,887] {logging_mixin.py:95} INFO - [2019-03-22 02:20:38,886] {jobs.py:2527} INFO - Task exited with return code 0
