[2019-03-22 04:38:35,081] {models.py:1359} INFO - Dependencies all met for <TaskInstance: tutorial.print_date 2019-01-20T00:00:00+00:00 [queued]>
[2019-03-22 04:38:35,085] {models.py:1359} INFO - Dependencies all met for <TaskInstance: tutorial.print_date 2019-01-20T00:00:00+00:00 [queued]>
[2019-03-22 04:38:35,085] {models.py:1571} INFO - 
--------------------------------------------------------------------------------
Starting attempt 1 of 2
--------------------------------------------------------------------------------

[2019-03-22 04:38:35,100] {models.py:1593} INFO - Executing <Task(BashOperator): print_date> on 2019-01-20T00:00:00+00:00
[2019-03-22 04:38:35,100] {base_task_runner.py:118} INFO - Running: ['bash', '-c', 'airflow run tutorial print_date 2019-01-20T00:00:00+00:00 --job_id 2732 --raw -sd DAGS_FOLDER/tutorial.py --cfg_path /tmp/tmpguj0v5nv']
[2019-03-22 04:38:35,741] {base_task_runner.py:101} INFO - Job 2732: Subtask print_date [2019-03-22 04:38:35,740] {__init__.py:51} INFO - Using executor SequentialExecutor
[2019-03-22 04:38:36,085] {base_task_runner.py:101} INFO - Job 2732: Subtask print_date [2019-03-22 04:38:36,083] {models.py:273} INFO - Filling up the DagBag from /home/rsandroni/airflow/dags/tutorial.py
[2019-03-22 04:38:36,100] {base_task_runner.py:101} INFO - Job 2732: Subtask print_date [2019-03-22 04:38:36,100] {cli.py:520} INFO - Running <TaskInstance: tutorial.print_date 2019-01-20T00:00:00+00:00 [running]> on host IADAIRP1.globalrs.rack.space
[2019-03-22 04:38:36,114] {bash_operator.py:77} INFO - Tmp dir root location: 
 /tmp
[2019-03-22 04:38:36,114] {bash_operator.py:86} INFO - Exporting the following env vars:
AIRFLOW_CTX_DAG_ID=tutorial
AIRFLOW_CTX_TASK_ID=print_date
AIRFLOW_CTX_EXECUTION_DATE=2019-01-20T00:00:00+00:00
AIRFLOW_CTX_DAG_RUN_ID=scheduled__2019-01-20T00:00:00+00:00
[2019-03-22 04:38:36,115] {bash_operator.py:100} INFO - Temporary script location: /tmp/airflowtmp878ohnme/print_dateap2ia9mc
[2019-03-22 04:38:36,115] {bash_operator.py:110} INFO - Running command: date
[2019-03-22 04:38:36,121] {bash_operator.py:119} INFO - Output:
[2019-03-22 04:38:36,123] {bash_operator.py:123} INFO - Sex Mar 22 04:38:36 -03 2019
[2019-03-22 04:38:36,123] {bash_operator.py:127} INFO - Command exited with return code 0
[2019-03-22 04:38:40,083] {logging_mixin.py:95} INFO - [2019-03-22 04:38:40,082] {jobs.py:2527} INFO - Task exited with return code 0
