[2019-03-22 03:35:10,352] {models.py:1359} INFO - Dependencies all met for <TaskInstance: tutorial.print_date 2018-12-03T00:00:00+00:00 [queued]>
[2019-03-22 03:35:10,356] {models.py:1359} INFO - Dependencies all met for <TaskInstance: tutorial.print_date 2018-12-03T00:00:00+00:00 [queued]>
[2019-03-22 03:35:10,356] {models.py:1571} INFO - 
--------------------------------------------------------------------------------
Starting attempt 1 of 2
--------------------------------------------------------------------------------

[2019-03-22 03:35:10,427] {models.py:1593} INFO - Executing <Task(BashOperator): print_date> on 2018-12-03T00:00:00+00:00
[2019-03-22 03:35:10,427] {base_task_runner.py:118} INFO - Running: ['bash', '-c', 'airflow run tutorial print_date 2018-12-03T00:00:00+00:00 --job_id 2636 --raw -sd DAGS_FOLDER/tutorial.py --cfg_path /tmp/tmpnp57krvm']
[2019-03-22 03:35:13,524] {base_task_runner.py:101} INFO - Job 2636: Subtask print_date [2019-03-22 03:35:13,516] {__init__.py:51} INFO - Using executor SequentialExecutor
[2019-03-22 03:35:14,873] {base_task_runner.py:101} INFO - Job 2636: Subtask print_date [2019-03-22 03:35:14,872] {models.py:273} INFO - Filling up the DagBag from /home/rsandroni/airflow/dags/tutorial.py
[2019-03-22 03:35:14,956] {base_task_runner.py:101} INFO - Job 2636: Subtask print_date [2019-03-22 03:35:14,950] {cli.py:520} INFO - Running <TaskInstance: tutorial.print_date 2018-12-03T00:00:00+00:00 [running]> on host IADAIRP1.globalrs.rack.space
[2019-03-22 03:35:15,006] {bash_operator.py:77} INFO - Tmp dir root location: 
 /tmp
[2019-03-22 03:35:15,007] {bash_operator.py:86} INFO - Exporting the following env vars:
AIRFLOW_CTX_DAG_ID=tutorial
AIRFLOW_CTX_TASK_ID=print_date
AIRFLOW_CTX_EXECUTION_DATE=2018-12-03T00:00:00+00:00
AIRFLOW_CTX_DAG_RUN_ID=scheduled__2018-12-03T00:00:00+00:00
[2019-03-22 03:35:15,007] {bash_operator.py:100} INFO - Temporary script location: /tmp/airflowtmpsi0lyaan/print_dateg192_4g_
[2019-03-22 03:35:15,007] {bash_operator.py:110} INFO - Running command: date
[2019-03-22 03:35:15,040] {bash_operator.py:119} INFO - Output:
[2019-03-22 03:35:15,041] {bash_operator.py:123} INFO - Sex Mar 22 03:35:15 -03 2019
[2019-03-22 03:35:15,041] {bash_operator.py:127} INFO - Command exited with return code 0
[2019-03-22 03:35:15,321] {logging_mixin.py:95} INFO - [2019-03-22 03:35:15,321] {jobs.py:2595} WARNING - State of this instance has been externally set to success. Taking the poison pill.
[2019-03-22 03:35:15,396] {helpers.py:250} INFO - Sending Signals.SIGTERM to GPID 111053
[2019-03-22 03:35:15,407] {helpers.py:232} INFO - Process psutil.Process(pid=111053, status='terminated') (111053) terminated with exit code -15
[2019-03-22 03:35:15,409] {logging_mixin.py:95} INFO - [2019-03-22 03:35:15,408] {jobs.py:2527} INFO - Task exited with return code 0
