[2019-03-22 04:35:18,816] {models.py:1359} INFO - Dependencies all met for <TaskInstance: tutorial.templated 2019-01-16T00:00:00+00:00 [queued]>
[2019-03-22 04:35:18,840] {models.py:1359} INFO - Dependencies all met for <TaskInstance: tutorial.templated 2019-01-16T00:00:00+00:00 [queued]>
[2019-03-22 04:35:18,841] {models.py:1571} INFO - 
--------------------------------------------------------------------------------
Starting attempt 1 of 2
--------------------------------------------------------------------------------

[2019-03-22 04:35:18,906] {models.py:1593} INFO - Executing <Task(BashOperator): templated> on 2019-01-16T00:00:00+00:00
[2019-03-22 04:35:18,906] {base_task_runner.py:118} INFO - Running: ['bash', '-c', 'airflow run tutorial templated 2019-01-16T00:00:00+00:00 --job_id 2726 --raw -sd DAGS_FOLDER/example_dags/tutorial.py --cfg_path /tmp/tmp_qzjgdxf']
[2019-03-22 04:35:20,209] {base_task_runner.py:101} INFO - Job 2726: Subtask templated [2019-03-22 04:35:20,208] {__init__.py:51} INFO - Using executor SequentialExecutor
[2019-03-22 04:35:20,799] {base_task_runner.py:101} INFO - Job 2726: Subtask templated [2019-03-22 04:35:20,791] {models.py:273} INFO - Filling up the DagBag from /home/rsandroni/airflow/dags/example_dags/tutorial.py
[2019-03-22 04:35:20,884] {base_task_runner.py:101} INFO - Job 2726: Subtask templated [2019-03-22 04:35:20,879] {cli.py:520} INFO - Running <TaskInstance: tutorial.templated 2019-01-16T00:00:00+00:00 [running]> on host IADAIRP1.globalrs.rack.space
[2019-03-22 04:35:20,942] {bash_operator.py:77} INFO - Tmp dir root location: 
 /tmp
[2019-03-22 04:35:20,956] {bash_operator.py:86} INFO - Exporting the following env vars:
AIRFLOW_CTX_DAG_ID=tutorial
AIRFLOW_CTX_TASK_ID=templated
AIRFLOW_CTX_EXECUTION_DATE=2019-01-16T00:00:00+00:00
AIRFLOW_CTX_DAG_RUN_ID=scheduled__2019-01-16T00:00:00+00:00
[2019-03-22 04:35:20,957] {bash_operator.py:100} INFO - Temporary script location: /tmp/airflowtmp89_mu4h4/templateddyoijgw5
[2019-03-22 04:35:20,957] {bash_operator.py:110} INFO - Running command: 

    echo "2019-01-16"
    echo "2019-01-23"
    echo "Parameter I passed in"

    echo "2019-01-16"
    echo "2019-01-23"
    echo "Parameter I passed in"

    echo "2019-01-16"
    echo "2019-01-23"
    echo "Parameter I passed in"

    echo "2019-01-16"
    echo "2019-01-23"
    echo "Parameter I passed in"

    echo "2019-01-16"
    echo "2019-01-23"
    echo "Parameter I passed in"

[2019-03-22 04:35:20,989] {bash_operator.py:119} INFO - Output:
[2019-03-22 04:35:20,993] {bash_operator.py:123} INFO - 2019-01-16
[2019-03-22 04:35:20,993] {bash_operator.py:123} INFO - 2019-01-23
[2019-03-22 04:35:20,993] {bash_operator.py:123} INFO - Parameter I passed in
[2019-03-22 04:35:20,993] {bash_operator.py:123} INFO - 2019-01-16
[2019-03-22 04:35:20,993] {bash_operator.py:123} INFO - 2019-01-23
[2019-03-22 04:35:20,993] {bash_operator.py:123} INFO - Parameter I passed in
[2019-03-22 04:35:20,993] {bash_operator.py:123} INFO - 2019-01-16
[2019-03-22 04:35:20,993] {bash_operator.py:123} INFO - 2019-01-23
[2019-03-22 04:35:20,993] {bash_operator.py:123} INFO - Parameter I passed in
[2019-03-22 04:35:20,993] {bash_operator.py:123} INFO - 2019-01-16
[2019-03-22 04:35:20,993] {bash_operator.py:123} INFO - 2019-01-23
[2019-03-22 04:35:20,993] {bash_operator.py:123} INFO - Parameter I passed in
[2019-03-22 04:35:20,993] {bash_operator.py:123} INFO - 2019-01-16
[2019-03-22 04:35:20,993] {bash_operator.py:123} INFO - 2019-01-23
[2019-03-22 04:35:20,994] {bash_operator.py:123} INFO - Parameter I passed in
[2019-03-22 04:35:20,994] {bash_operator.py:127} INFO - Command exited with return code 0
[2019-03-22 04:35:23,798] {logging_mixin.py:95} INFO - [2019-03-22 04:35:23,797] {jobs.py:2527} INFO - Task exited with return code 0
