[2019-03-22 01:33:34,717] {models.py:1359} INFO - Dependencies all met for <TaskInstance: tutorial.print_date 2018-09-02T00:00:00+00:00 [queued]>
[2019-03-22 01:33:34,721] {models.py:1359} INFO - Dependencies all met for <TaskInstance: tutorial.print_date 2018-09-02T00:00:00+00:00 [queued]>
[2019-03-22 01:33:34,721] {models.py:1571} INFO - 
--------------------------------------------------------------------------------
Starting attempt 1 of 2
--------------------------------------------------------------------------------

[2019-03-22 01:33:34,790] {models.py:1593} INFO - Executing <Task(BashOperator): print_date> on 2018-09-02T00:00:00+00:00
[2019-03-22 01:33:34,790] {base_task_runner.py:118} INFO - Running: ['bash', '-c', 'airflow run tutorial print_date 2018-09-02T00:00:00+00:00 --job_id 2452 --raw -sd DAGS_FOLDER/tutorial.py --cfg_path /tmp/tmprbsczd4q']
[2019-03-22 01:33:36,056] {base_task_runner.py:101} INFO - Job 2452: Subtask print_date [2019-03-22 01:33:36,055] {__init__.py:51} INFO - Using executor SequentialExecutor
[2019-03-22 01:33:36,450] {base_task_runner.py:101} INFO - Job 2452: Subtask print_date [2019-03-22 01:33:36,449] {models.py:273} INFO - Filling up the DagBag from /home/rsandroni/airflow/dags/tutorial.py
[2019-03-22 01:33:36,476] {base_task_runner.py:101} INFO - Job 2452: Subtask print_date [2019-03-22 01:33:36,475] {cli.py:520} INFO - Running <TaskInstance: tutorial.print_date 2018-09-02T00:00:00+00:00 [running]> on host IADAIRP1.globalrs.rack.space
[2019-03-22 01:33:36,497] {bash_operator.py:77} INFO - Tmp dir root location: 
 /tmp
[2019-03-22 01:33:36,498] {bash_operator.py:86} INFO - Exporting the following env vars:
AIRFLOW_CTX_DAG_ID=tutorial
AIRFLOW_CTX_TASK_ID=print_date
AIRFLOW_CTX_EXECUTION_DATE=2018-09-02T00:00:00+00:00
AIRFLOW_CTX_DAG_RUN_ID=scheduled__2018-09-02T00:00:00+00:00
[2019-03-22 01:33:36,498] {bash_operator.py:100} INFO - Temporary script location: /tmp/airflowtmpg8n8ghsb/print_datesy0_yvc7
[2019-03-22 01:33:36,498] {bash_operator.py:110} INFO - Running command: date
[2019-03-22 01:33:36,515] {bash_operator.py:119} INFO - Output:
[2019-03-22 01:33:36,515] {bash_operator.py:123} INFO - Sex Mar 22 01:33:36 -03 2019
[2019-03-22 01:33:36,516] {bash_operator.py:127} INFO - Command exited with return code 0
[2019-03-22 01:33:39,654] {logging_mixin.py:95} INFO - [2019-03-22 01:33:39,653] {jobs.py:2527} INFO - Task exited with return code 0
