[2019-03-22 03:39:58,410] {models.py:1359} INFO - Dependencies all met for <TaskInstance: tutorial.templated 2018-12-06T00:00:00+00:00 [queued]>
[2019-03-22 03:39:58,415] {models.py:1359} INFO - Dependencies all met for <TaskInstance: tutorial.templated 2018-12-06T00:00:00+00:00 [queued]>
[2019-03-22 03:39:58,415] {models.py:1571} INFO - 
--------------------------------------------------------------------------------
Starting attempt 1 of 2
--------------------------------------------------------------------------------

[2019-03-22 03:39:58,450] {models.py:1593} INFO - Executing <Task(BashOperator): templated> on 2018-12-06T00:00:00+00:00
[2019-03-22 03:39:58,450] {base_task_runner.py:118} INFO - Running: ['bash', '-c', 'airflow run tutorial templated 2018-12-06T00:00:00+00:00 --job_id 2643 --raw -sd DAGS_FOLDER/example_dags/tutorial.py --cfg_path /tmp/tmpt08u28bv']
[2019-03-22 03:39:59,965] {base_task_runner.py:101} INFO - Job 2643: Subtask templated [2019-03-22 03:39:59,964] {__init__.py:51} INFO - Using executor SequentialExecutor
[2019-03-22 03:40:00,627] {base_task_runner.py:101} INFO - Job 2643: Subtask templated [2019-03-22 03:40:00,626] {models.py:273} INFO - Filling up the DagBag from /home/rsandroni/airflow/dags/example_dags/tutorial.py
[2019-03-22 03:40:00,893] {base_task_runner.py:101} INFO - Job 2643: Subtask templated [2019-03-22 03:40:00,889] {cli.py:520} INFO - Running <TaskInstance: tutorial.templated 2018-12-06T00:00:00+00:00 [running]> on host IADAIRP1.globalrs.rack.space
[2019-03-22 03:40:00,925] {bash_operator.py:77} INFO - Tmp dir root location: 
 /tmp
[2019-03-22 03:40:00,926] {bash_operator.py:86} INFO - Exporting the following env vars:
AIRFLOW_CTX_DAG_ID=tutorial
AIRFLOW_CTX_TASK_ID=templated
AIRFLOW_CTX_EXECUTION_DATE=2018-12-06T00:00:00+00:00
AIRFLOW_CTX_DAG_RUN_ID=scheduled__2018-12-06T00:00:00+00:00
[2019-03-22 03:40:00,926] {bash_operator.py:100} INFO - Temporary script location: /tmp/airflowtmp19lnu42a/templatedqex36pal
[2019-03-22 03:40:00,927] {bash_operator.py:110} INFO - Running command: 

    echo "2018-12-06"
    echo "2018-12-13"
    echo "Parameter I passed in"

    echo "2018-12-06"
    echo "2018-12-13"
    echo "Parameter I passed in"

    echo "2018-12-06"
    echo "2018-12-13"
    echo "Parameter I passed in"

    echo "2018-12-06"
    echo "2018-12-13"
    echo "Parameter I passed in"

    echo "2018-12-06"
    echo "2018-12-13"
    echo "Parameter I passed in"

[2019-03-22 03:40:00,981] {bash_operator.py:119} INFO - Output:
[2019-03-22 03:40:00,992] {bash_operator.py:123} INFO - 2018-12-06
[2019-03-22 03:40:00,992] {bash_operator.py:123} INFO - 2018-12-13
[2019-03-22 03:40:00,992] {bash_operator.py:123} INFO - Parameter I passed in
[2019-03-22 03:40:00,992] {bash_operator.py:123} INFO - 2018-12-06
[2019-03-22 03:40:00,992] {bash_operator.py:123} INFO - 2018-12-13
[2019-03-22 03:40:00,992] {bash_operator.py:123} INFO - Parameter I passed in
[2019-03-22 03:40:00,992] {bash_operator.py:123} INFO - 2018-12-06
[2019-03-22 03:40:00,992] {bash_operator.py:123} INFO - 2018-12-13
[2019-03-22 03:40:00,992] {bash_operator.py:123} INFO - Parameter I passed in
[2019-03-22 03:40:00,992] {bash_operator.py:123} INFO - 2018-12-06
[2019-03-22 03:40:00,993] {bash_operator.py:123} INFO - 2018-12-13
[2019-03-22 03:40:00,993] {bash_operator.py:123} INFO - Parameter I passed in
[2019-03-22 03:40:00,993] {bash_operator.py:123} INFO - 2018-12-06
[2019-03-22 03:40:00,993] {bash_operator.py:123} INFO - 2018-12-13
[2019-03-22 03:40:00,993] {bash_operator.py:123} INFO - Parameter I passed in
[2019-03-22 03:40:00,993] {bash_operator.py:127} INFO - Command exited with return code 0
[2019-03-22 03:40:03,479] {logging_mixin.py:95} INFO - [2019-03-22 03:40:03,478] {jobs.py:2527} INFO - Task exited with return code 0
