[2019-03-19 15:49:40,770] {models.py:1359} INFO - Dependencies all met for <TaskInstance: tutorial.templated 2017-05-06T00:00:00+00:00 [queued]>
[2019-03-19 15:49:40,775] {models.py:1359} INFO - Dependencies all met for <TaskInstance: tutorial.templated 2017-05-06T00:00:00+00:00 [queued]>
[2019-03-19 15:49:40,775] {models.py:1571} INFO - 
--------------------------------------------------------------------------------
Starting attempt 1 of 2
--------------------------------------------------------------------------------

[2019-03-19 15:49:40,844] {models.py:1593} INFO - Executing <Task(BashOperator): templated> on 2017-05-06T00:00:00+00:00
[2019-03-19 15:49:40,844] {base_task_runner.py:118} INFO - Running: ['bash', '-c', 'airflow run tutorial templated 2017-05-06T00:00:00+00:00 --job_id 1419 --raw -sd DAGS_FOLDER/sql_server_load.py --cfg_path /tmp/tmpk0p483gp']
[2019-03-19 15:49:41,758] {base_task_runner.py:101} INFO - Job 1419: Subtask templated [2019-03-19 15:49:41,757] {__init__.py:51} INFO - Using executor SequentialExecutor
[2019-03-19 15:49:42,119] {base_task_runner.py:101} INFO - Job 1419: Subtask templated [2019-03-19 15:49:42,118] {models.py:273} INFO - Filling up the DagBag from /home/rsandroni/airflow/dags/sql_server_load.py
[2019-03-19 15:49:42,169] {base_task_runner.py:101} INFO - Job 1419: Subtask templated [2019-03-19 15:49:42,168] {cli.py:520} INFO - Running <TaskInstance: tutorial.templated 2017-05-06T00:00:00+00:00 [running]> on host IADAIRP1.globalrs.rack.space
[2019-03-19 15:49:42,215] {bash_operator.py:77} INFO - Tmp dir root location: 
 /tmp
[2019-03-19 15:49:42,215] {bash_operator.py:86} INFO - Exporting the following env vars:
AIRFLOW_CTX_DAG_ID=tutorial
AIRFLOW_CTX_TASK_ID=templated
AIRFLOW_CTX_EXECUTION_DATE=2017-05-06T00:00:00+00:00
AIRFLOW_CTX_DAG_RUN_ID=scheduled__2017-05-06T00:00:00+00:00
[2019-03-19 15:49:42,215] {bash_operator.py:100} INFO - Temporary script location: /tmp/airflowtmpm07v3bkn/templatedgt7at_44
[2019-03-19 15:49:42,216] {bash_operator.py:110} INFO - Running command: 
    
        echo "2017-05-06"
        echo "Parameter I passed in"
    
        echo "2017-05-06"
        echo "Parameter I passed in"
    
        echo "2017-05-06"
        echo "Parameter I passed in"
    
        echo "2017-05-06"
        echo "Parameter I passed in"
    
        echo "2017-05-06"
        echo "Parameter I passed in"
    
    
[2019-03-19 15:49:42,240] {bash_operator.py:119} INFO - Output:
[2019-03-19 15:49:42,241] {bash_operator.py:123} INFO - 2017-05-06
[2019-03-19 15:49:42,241] {bash_operator.py:123} INFO - Parameter I passed in
[2019-03-19 15:49:42,241] {bash_operator.py:123} INFO - 2017-05-06
[2019-03-19 15:49:42,241] {bash_operator.py:123} INFO - Parameter I passed in
[2019-03-19 15:49:42,241] {bash_operator.py:123} INFO - 2017-05-06
[2019-03-19 15:49:42,241] {bash_operator.py:123} INFO - Parameter I passed in
[2019-03-19 15:49:42,241] {bash_operator.py:123} INFO - 2017-05-06
[2019-03-19 15:49:42,241] {bash_operator.py:123} INFO - Parameter I passed in
[2019-03-19 15:49:42,241] {bash_operator.py:123} INFO - 2017-05-06
[2019-03-19 15:49:42,241] {bash_operator.py:123} INFO - Parameter I passed in
[2019-03-19 15:49:42,241] {bash_operator.py:127} INFO - Command exited with return code 0
[2019-03-19 15:49:45,713] {logging_mixin.py:95} INFO - [2019-03-19 15:49:45,712] {jobs.py:2527} INFO - Task exited with return code 0
