[2019-03-19 15:11:45,061] {models.py:1359} INFO - Dependencies all met for <TaskInstance: tutorial.templated 2017-02-13T00:00:00+00:00 [queued]>
[2019-03-19 15:11:45,066] {models.py:1359} INFO - Dependencies all met for <TaskInstance: tutorial.templated 2017-02-13T00:00:00+00:00 [queued]>
[2019-03-19 15:11:45,066] {models.py:1571} INFO - 
--------------------------------------------------------------------------------
Starting attempt 1 of 2
--------------------------------------------------------------------------------

[2019-03-19 15:11:45,109] {models.py:1593} INFO - Executing <Task(BashOperator): templated> on 2017-02-13T00:00:00+00:00
[2019-03-19 15:11:45,109] {base_task_runner.py:118} INFO - Running: ['bash', '-c', 'airflow run tutorial templated 2017-02-13T00:00:00+00:00 --job_id 1253 --raw -sd DAGS_FOLDER/example_dags/tutorial.py --cfg_path /tmp/tmpmpv62cua']
[2019-03-19 15:11:46,306] {base_task_runner.py:101} INFO - Job 1253: Subtask templated [2019-03-19 15:11:46,305] {__init__.py:51} INFO - Using executor SequentialExecutor
[2019-03-19 15:11:46,636] {base_task_runner.py:101} INFO - Job 1253: Subtask templated [2019-03-19 15:11:46,631] {models.py:273} INFO - Filling up the DagBag from /home/rsandroni/airflow/dags/example_dags/tutorial.py
[2019-03-19 15:11:46,705] {base_task_runner.py:101} INFO - Job 1253: Subtask templated [2019-03-19 15:11:46,696] {cli.py:520} INFO - Running <TaskInstance: tutorial.templated 2017-02-13T00:00:00+00:00 [running]> on host IADAIRP1.globalrs.rack.space
[2019-03-19 15:11:46,747] {bash_operator.py:77} INFO - Tmp dir root location: 
 /tmp
[2019-03-19 15:11:46,748] {bash_operator.py:86} INFO - Exporting the following env vars:
AIRFLOW_CTX_DAG_ID=tutorial
AIRFLOW_CTX_TASK_ID=templated
AIRFLOW_CTX_EXECUTION_DATE=2017-02-13T00:00:00+00:00
AIRFLOW_CTX_DAG_RUN_ID=scheduled__2017-02-13T00:00:00+00:00
[2019-03-19 15:11:46,748] {bash_operator.py:100} INFO - Temporary script location: /tmp/airflowtmpu85r8u7a/templatedb0abvnfi
[2019-03-19 15:11:46,748] {bash_operator.py:110} INFO - Running command: 

    echo "2017-02-13"
    echo "2017-02-20"
    echo "Parameter I passed in"

    echo "2017-02-13"
    echo "2017-02-20"
    echo "Parameter I passed in"

    echo "2017-02-13"
    echo "2017-02-20"
    echo "Parameter I passed in"

    echo "2017-02-13"
    echo "2017-02-20"
    echo "Parameter I passed in"

    echo "2017-02-13"
    echo "2017-02-20"
    echo "Parameter I passed in"

[2019-03-19 15:11:46,781] {bash_operator.py:119} INFO - Output:
[2019-03-19 15:11:46,792] {bash_operator.py:123} INFO - 2017-02-13
[2019-03-19 15:11:46,792] {bash_operator.py:123} INFO - 2017-02-20
[2019-03-19 15:11:46,793] {bash_operator.py:123} INFO - Parameter I passed in
[2019-03-19 15:11:46,793] {bash_operator.py:123} INFO - 2017-02-13
[2019-03-19 15:11:46,793] {bash_operator.py:123} INFO - 2017-02-20
[2019-03-19 15:11:46,793] {bash_operator.py:123} INFO - Parameter I passed in
[2019-03-19 15:11:46,793] {bash_operator.py:123} INFO - 2017-02-13
[2019-03-19 15:11:46,793] {bash_operator.py:123} INFO - 2017-02-20
[2019-03-19 15:11:46,793] {bash_operator.py:123} INFO - Parameter I passed in
[2019-03-19 15:11:46,793] {bash_operator.py:123} INFO - 2017-02-13
[2019-03-19 15:11:46,793] {bash_operator.py:123} INFO - 2017-02-20
[2019-03-19 15:11:46,793] {bash_operator.py:123} INFO - Parameter I passed in
[2019-03-19 15:11:46,793] {bash_operator.py:123} INFO - 2017-02-13
[2019-03-19 15:11:46,793] {bash_operator.py:123} INFO - 2017-02-20
[2019-03-19 15:11:46,793] {bash_operator.py:123} INFO - Parameter I passed in
[2019-03-19 15:11:46,793] {bash_operator.py:127} INFO - Command exited with return code 0
[2019-03-19 15:11:50,061] {logging_mixin.py:95} INFO - [2019-03-19 15:11:50,060] {jobs.py:2527} INFO - Task exited with return code 0
