[2019-03-21 22:57:44,144] {models.py:1359} INFO - Dependencies all met for <TaskInstance: tutorial.templated 2018-05-06T00:00:00+00:00 [queued]>
[2019-03-21 22:57:44,148] {models.py:1359} INFO - Dependencies all met for <TaskInstance: tutorial.templated 2018-05-06T00:00:00+00:00 [queued]>
[2019-03-21 22:57:44,148] {models.py:1571} INFO - 
--------------------------------------------------------------------------------
Starting attempt 1 of 2
--------------------------------------------------------------------------------

[2019-03-21 22:57:44,162] {models.py:1593} INFO - Executing <Task(BashOperator): templated> on 2018-05-06T00:00:00+00:00
[2019-03-21 22:57:44,162] {base_task_runner.py:118} INFO - Running: ['bash', '-c', 'airflow run tutorial templated 2018-05-06T00:00:00+00:00 --job_id 2215 --raw -sd DAGS_FOLDER/example_dags/tutorial.py --cfg_path /tmp/tmp10wdkfb3']
[2019-03-21 22:57:44,799] {base_task_runner.py:101} INFO - Job 2215: Subtask templated [2019-03-21 22:57:44,798] {__init__.py:51} INFO - Using executor SequentialExecutor
[2019-03-21 22:57:45,029] {base_task_runner.py:101} INFO - Job 2215: Subtask templated [2019-03-21 22:57:45,028] {models.py:273} INFO - Filling up the DagBag from /home/rsandroni/airflow/dags/example_dags/tutorial.py
[2019-03-21 22:57:45,092] {base_task_runner.py:101} INFO - Job 2215: Subtask templated [2019-03-21 22:57:45,091] {cli.py:520} INFO - Running <TaskInstance: tutorial.templated 2018-05-06T00:00:00+00:00 [running]> on host IADAIRP1.globalrs.rack.space
[2019-03-21 22:57:45,107] {bash_operator.py:77} INFO - Tmp dir root location: 
 /tmp
[2019-03-21 22:57:45,108] {bash_operator.py:86} INFO - Exporting the following env vars:
AIRFLOW_CTX_DAG_ID=tutorial
AIRFLOW_CTX_TASK_ID=templated
AIRFLOW_CTX_EXECUTION_DATE=2018-05-06T00:00:00+00:00
AIRFLOW_CTX_DAG_RUN_ID=scheduled__2018-05-06T00:00:00+00:00
[2019-03-21 22:57:45,108] {bash_operator.py:100} INFO - Temporary script location: /tmp/airflowtmpe4t9ubug/templated4gym9kp1
[2019-03-21 22:57:45,108] {bash_operator.py:110} INFO - Running command: 

    echo "2018-05-06"
    echo "2018-05-13"
    echo "Parameter I passed in"

    echo "2018-05-06"
    echo "2018-05-13"
    echo "Parameter I passed in"

    echo "2018-05-06"
    echo "2018-05-13"
    echo "Parameter I passed in"

    echo "2018-05-06"
    echo "2018-05-13"
    echo "Parameter I passed in"

    echo "2018-05-06"
    echo "2018-05-13"
    echo "Parameter I passed in"

[2019-03-21 22:57:45,114] {bash_operator.py:119} INFO - Output:
[2019-03-21 22:57:45,115] {bash_operator.py:123} INFO - 2018-05-06
[2019-03-21 22:57:45,115] {bash_operator.py:123} INFO - 2018-05-13
[2019-03-21 22:57:45,115] {bash_operator.py:123} INFO - Parameter I passed in
[2019-03-21 22:57:45,115] {bash_operator.py:123} INFO - 2018-05-06
[2019-03-21 22:57:45,115] {bash_operator.py:123} INFO - 2018-05-13
[2019-03-21 22:57:45,115] {bash_operator.py:123} INFO - Parameter I passed in
[2019-03-21 22:57:45,115] {bash_operator.py:123} INFO - 2018-05-06
[2019-03-21 22:57:45,115] {bash_operator.py:123} INFO - 2018-05-13
[2019-03-21 22:57:45,115] {bash_operator.py:123} INFO - Parameter I passed in
[2019-03-21 22:57:45,115] {bash_operator.py:123} INFO - 2018-05-06
[2019-03-21 22:57:45,115] {bash_operator.py:123} INFO - 2018-05-13
[2019-03-21 22:57:45,115] {bash_operator.py:123} INFO - Parameter I passed in
[2019-03-21 22:57:45,115] {bash_operator.py:123} INFO - 2018-05-06
[2019-03-21 22:57:45,115] {bash_operator.py:123} INFO - 2018-05-13
[2019-03-21 22:57:45,115] {bash_operator.py:123} INFO - Parameter I passed in
[2019-03-21 22:57:45,115] {bash_operator.py:127} INFO - Command exited with return code 0
[2019-03-21 22:57:49,144] {logging_mixin.py:95} INFO - [2019-03-21 22:57:49,143] {jobs.py:2527} INFO - Task exited with return code 0
