[2019-03-21 22:49:50,211] {models.py:1359} INFO - Dependencies all met for <TaskInstance: tutorial.templated 2018-04-29T00:00:00+00:00 [queued]>
[2019-03-21 22:49:50,215] {models.py:1359} INFO - Dependencies all met for <TaskInstance: tutorial.templated 2018-04-29T00:00:00+00:00 [queued]>
[2019-03-21 22:49:50,215] {models.py:1571} INFO - 
--------------------------------------------------------------------------------
Starting attempt 1 of 2
--------------------------------------------------------------------------------

[2019-03-21 22:49:50,228] {models.py:1593} INFO - Executing <Task(BashOperator): templated> on 2018-04-29T00:00:00+00:00
[2019-03-21 22:49:50,229] {base_task_runner.py:118} INFO - Running: ['bash', '-c', 'airflow run tutorial templated 2018-04-29T00:00:00+00:00 --job_id 2202 --raw -sd DAGS_FOLDER/example_dags/tutorial.py --cfg_path /tmp/tmpia4yeehs']
[2019-03-21 22:49:50,856] {base_task_runner.py:101} INFO - Job 2202: Subtask templated [2019-03-21 22:49:50,855] {__init__.py:51} INFO - Using executor SequentialExecutor
[2019-03-21 22:49:51,082] {base_task_runner.py:101} INFO - Job 2202: Subtask templated [2019-03-21 22:49:51,081] {models.py:273} INFO - Filling up the DagBag from /home/rsandroni/airflow/dags/example_dags/tutorial.py
[2019-03-21 22:49:51,145] {base_task_runner.py:101} INFO - Job 2202: Subtask templated [2019-03-21 22:49:51,145] {cli.py:520} INFO - Running <TaskInstance: tutorial.templated 2018-04-29T00:00:00+00:00 [running]> on host IADAIRP1.globalrs.rack.space
[2019-03-21 22:49:51,162] {bash_operator.py:77} INFO - Tmp dir root location: 
 /tmp
[2019-03-21 22:49:51,162] {bash_operator.py:86} INFO - Exporting the following env vars:
AIRFLOW_CTX_DAG_ID=tutorial
AIRFLOW_CTX_TASK_ID=templated
AIRFLOW_CTX_EXECUTION_DATE=2018-04-29T00:00:00+00:00
AIRFLOW_CTX_DAG_RUN_ID=scheduled__2018-04-29T00:00:00+00:00
[2019-03-21 22:49:51,163] {bash_operator.py:100} INFO - Temporary script location: /tmp/airflowtmpqnqe6twt/templateduu9ybz22
[2019-03-21 22:49:51,163] {bash_operator.py:110} INFO - Running command: 

    echo "2018-04-29"
    echo "2018-05-06"
    echo "Parameter I passed in"

    echo "2018-04-29"
    echo "2018-05-06"
    echo "Parameter I passed in"

    echo "2018-04-29"
    echo "2018-05-06"
    echo "Parameter I passed in"

    echo "2018-04-29"
    echo "2018-05-06"
    echo "Parameter I passed in"

    echo "2018-04-29"
    echo "2018-05-06"
    echo "Parameter I passed in"

[2019-03-21 22:49:51,168] {bash_operator.py:119} INFO - Output:
[2019-03-21 22:49:51,170] {bash_operator.py:123} INFO - 2018-04-29
[2019-03-21 22:49:51,170] {bash_operator.py:123} INFO - 2018-05-06
[2019-03-21 22:49:51,170] {bash_operator.py:123} INFO - Parameter I passed in
[2019-03-21 22:49:51,170] {bash_operator.py:123} INFO - 2018-04-29
[2019-03-21 22:49:51,170] {bash_operator.py:123} INFO - 2018-05-06
[2019-03-21 22:49:51,170] {bash_operator.py:123} INFO - Parameter I passed in
[2019-03-21 22:49:51,170] {bash_operator.py:123} INFO - 2018-04-29
[2019-03-21 22:49:51,170] {bash_operator.py:123} INFO - 2018-05-06
[2019-03-21 22:49:51,170] {bash_operator.py:123} INFO - Parameter I passed in
[2019-03-21 22:49:51,170] {bash_operator.py:123} INFO - 2018-04-29
[2019-03-21 22:49:51,170] {bash_operator.py:123} INFO - 2018-05-06
[2019-03-21 22:49:51,170] {bash_operator.py:123} INFO - Parameter I passed in
[2019-03-21 22:49:51,170] {bash_operator.py:123} INFO - 2018-04-29
[2019-03-21 22:49:51,170] {bash_operator.py:123} INFO - 2018-05-06
[2019-03-21 22:49:51,170] {bash_operator.py:123} INFO - Parameter I passed in
[2019-03-21 22:49:51,170] {bash_operator.py:127} INFO - Command exited with return code 0
[2019-03-21 22:49:55,216] {logging_mixin.py:95} INFO - [2019-03-21 22:49:55,215] {jobs.py:2527} INFO - Task exited with return code 0
