[2019-03-21 18:20:47,979] {models.py:1359} INFO - Dependencies all met for <TaskInstance: tutorial.print_date 2017-10-05T00:00:00+00:00 [queued]>
[2019-03-21 18:20:47,981] {models.py:1359} INFO - Dependencies all met for <TaskInstance: tutorial.print_date 2017-10-05T00:00:00+00:00 [queued]>
[2019-03-21 18:20:47,981] {models.py:1571} INFO - 
--------------------------------------------------------------------------------
Starting attempt 1 of 2
--------------------------------------------------------------------------------

[2019-03-21 18:20:47,994] {models.py:1593} INFO - Executing <Task(BashOperator): print_date> on 2017-10-05T00:00:00+00:00
[2019-03-21 18:20:47,994] {base_task_runner.py:118} INFO - Running: ['bash', '-c', 'airflow run tutorial print_date 2017-10-05T00:00:00+00:00 --job_id 1788 --raw -sd DAGS_FOLDER/tutorial.py --cfg_path /tmp/tmp57g7_smj']
[2019-03-21 18:20:48,638] {base_task_runner.py:101} INFO - Job 1788: Subtask print_date [2019-03-21 18:20:48,638] {__init__.py:51} INFO - Using executor SequentialExecutor
[2019-03-21 18:20:48,870] {base_task_runner.py:101} INFO - Job 1788: Subtask print_date [2019-03-21 18:20:48,869] {models.py:273} INFO - Filling up the DagBag from /home/rsandroni/airflow/dags/tutorial.py
[2019-03-21 18:20:48,885] {base_task_runner.py:101} INFO - Job 1788: Subtask print_date [2019-03-21 18:20:48,884] {cli.py:520} INFO - Running <TaskInstance: tutorial.print_date 2017-10-05T00:00:00+00:00 [running]> on host IADAIRP1.globalrs.rack.space
[2019-03-21 18:20:48,898] {bash_operator.py:77} INFO - Tmp dir root location: 
 /tmp
[2019-03-21 18:20:48,898] {bash_operator.py:86} INFO - Exporting the following env vars:
AIRFLOW_CTX_DAG_ID=tutorial
AIRFLOW_CTX_TASK_ID=print_date
AIRFLOW_CTX_EXECUTION_DATE=2017-10-05T00:00:00+00:00
AIRFLOW_CTX_DAG_RUN_ID=scheduled__2017-10-05T00:00:00+00:00
[2019-03-21 18:20:48,898] {bash_operator.py:100} INFO - Temporary script location: /tmp/airflowtmpt68627ro/print_dateqwxdpzyz
[2019-03-21 18:20:48,898] {bash_operator.py:110} INFO - Running command: date
[2019-03-21 18:20:48,904] {bash_operator.py:119} INFO - Output:
[2019-03-21 18:20:48,906] {bash_operator.py:123} INFO - Qui Mar 21 18:20:48 -03 2019
[2019-03-21 18:20:48,906] {bash_operator.py:127} INFO - Command exited with return code 0
[2019-03-21 18:20:52,987] {logging_mixin.py:95} INFO - [2019-03-21 18:20:52,986] {jobs.py:2527} INFO - Task exited with return code 0
