[2019-03-19 12:39:13,014] {models.py:1359} INFO - Dependencies all met for <TaskInstance: tutorial.templated 2016-04-01T00:00:00+00:00 [queued]>
[2019-03-19 12:39:13,018] {models.py:1359} INFO - Dependencies all met for <TaskInstance: tutorial.templated 2016-04-01T00:00:00+00:00 [queued]>
[2019-03-19 12:39:13,018] {models.py:1571} INFO - 
--------------------------------------------------------------------------------
Starting attempt 1 of 2
--------------------------------------------------------------------------------

[2019-03-19 12:39:13,083] {models.py:1593} INFO - Executing <Task(BashOperator): templated> on 2016-04-01T00:00:00+00:00
[2019-03-19 12:39:13,083] {base_task_runner.py:118} INFO - Running: ['bash', '-c', 'airflow run tutorial templated 2016-04-01T00:00:00+00:00 --job_id 617 --raw -sd DAGS_FOLDER/example_dags/tutorial.py --cfg_path /tmp/tmpi9h_rmkb']
[2019-03-19 12:39:14,931] {base_task_runner.py:101} INFO - Job 617: Subtask templated [2019-03-19 12:39:14,931] {__init__.py:51} INFO - Using executor SequentialExecutor
[2019-03-19 12:39:15,528] {base_task_runner.py:101} INFO - Job 617: Subtask templated [2019-03-19 12:39:15,518] {models.py:273} INFO - Filling up the DagBag from /home/rsandroni/airflow/dags/example_dags/tutorial.py
[2019-03-19 12:39:15,648] {base_task_runner.py:101} INFO - Job 617: Subtask templated [2019-03-19 12:39:15,643] {cli.py:520} INFO - Running <TaskInstance: tutorial.templated 2016-04-01T00:00:00+00:00 [running]> on host IADAIRP1.globalrs.rack.space
[2019-03-19 12:39:15,690] {bash_operator.py:77} INFO - Tmp dir root location: 
 /tmp
[2019-03-19 12:39:15,690] {bash_operator.py:86} INFO - Exporting the following env vars:
AIRFLOW_CTX_DAG_ID=tutorial
AIRFLOW_CTX_TASK_ID=templated
AIRFLOW_CTX_EXECUTION_DATE=2016-04-01T00:00:00+00:00
AIRFLOW_CTX_DAG_RUN_ID=scheduled__2016-04-01T00:00:00+00:00
[2019-03-19 12:39:15,690] {bash_operator.py:100} INFO - Temporary script location: /tmp/airflowtmprpusaw80/templatedxo07pz16
[2019-03-19 12:39:15,690] {bash_operator.py:110} INFO - Running command: 

    echo "2016-04-01"
    echo "2016-04-08"
    echo "Parameter I passed in"

    echo "2016-04-01"
    echo "2016-04-08"
    echo "Parameter I passed in"

    echo "2016-04-01"
    echo "2016-04-08"
    echo "Parameter I passed in"

    echo "2016-04-01"
    echo "2016-04-08"
    echo "Parameter I passed in"

    echo "2016-04-01"
    echo "2016-04-08"
    echo "Parameter I passed in"

[2019-03-19 12:39:15,726] {bash_operator.py:119} INFO - Output:
[2019-03-19 12:39:15,736] {bash_operator.py:123} INFO - 2016-04-01
[2019-03-19 12:39:15,736] {bash_operator.py:123} INFO - 2016-04-08
[2019-03-19 12:39:15,737] {bash_operator.py:123} INFO - Parameter I passed in
[2019-03-19 12:39:15,737] {bash_operator.py:123} INFO - 2016-04-01
[2019-03-19 12:39:15,737] {bash_operator.py:123} INFO - 2016-04-08
[2019-03-19 12:39:15,737] {bash_operator.py:123} INFO - Parameter I passed in
[2019-03-19 12:39:15,737] {bash_operator.py:123} INFO - 2016-04-01
[2019-03-19 12:39:15,737] {bash_operator.py:123} INFO - 2016-04-08
[2019-03-19 12:39:15,737] {bash_operator.py:123} INFO - Parameter I passed in
[2019-03-19 12:39:15,737] {bash_operator.py:123} INFO - 2016-04-01
[2019-03-19 12:39:15,737] {bash_operator.py:123} INFO - 2016-04-08
[2019-03-19 12:39:15,737] {bash_operator.py:123} INFO - Parameter I passed in
[2019-03-19 12:39:15,737] {bash_operator.py:123} INFO - 2016-04-01
[2019-03-19 12:39:15,737] {bash_operator.py:123} INFO - 2016-04-08
[2019-03-19 12:39:15,737] {bash_operator.py:123} INFO - Parameter I passed in
[2019-03-19 12:39:15,737] {bash_operator.py:127} INFO - Command exited with return code 0
[2019-03-19 12:39:17,967] {logging_mixin.py:95} INFO - [2019-03-19 12:39:17,966] {jobs.py:2527} INFO - Task exited with return code 0
