[2019-03-19 13:59:47,707] {models.py:1359} INFO - Dependencies all met for <TaskInstance: tutorial.templated 2016-09-15T00:00:00+00:00 [queued]>
[2019-03-19 13:59:47,712] {models.py:1359} INFO - Dependencies all met for <TaskInstance: tutorial.templated 2016-09-15T00:00:00+00:00 [queued]>
[2019-03-19 13:59:47,712] {models.py:1571} INFO - 
--------------------------------------------------------------------------------
Starting attempt 1 of 2
--------------------------------------------------------------------------------

[2019-03-19 13:59:47,766] {models.py:1593} INFO - Executing <Task(BashOperator): templated> on 2016-09-15T00:00:00+00:00
[2019-03-19 13:59:47,766] {base_task_runner.py:118} INFO - Running: ['bash', '-c', 'airflow run tutorial templated 2016-09-15T00:00:00+00:00 --job_id 952 --raw -sd DAGS_FOLDER/sql_server_load.py --cfg_path /tmp/tmpducq8ta8']
[2019-03-19 13:59:49,166] {base_task_runner.py:101} INFO - Job 952: Subtask templated [2019-03-19 13:59:49,160] {__init__.py:51} INFO - Using executor SequentialExecutor
[2019-03-19 13:59:49,989] {base_task_runner.py:101} INFO - Job 952: Subtask templated [2019-03-19 13:59:49,982] {models.py:273} INFO - Filling up the DagBag from /home/rsandroni/airflow/dags/sql_server_load.py
[2019-03-19 13:59:50,033] {base_task_runner.py:101} INFO - Job 952: Subtask templated [2019-03-19 13:59:50,026] {cli.py:520} INFO - Running <TaskInstance: tutorial.templated 2016-09-15T00:00:00+00:00 [running]> on host IADAIRP1.globalrs.rack.space
[2019-03-19 13:59:50,067] {bash_operator.py:77} INFO - Tmp dir root location: 
 /tmp
[2019-03-19 13:59:50,067] {bash_operator.py:86} INFO - Exporting the following env vars:
AIRFLOW_CTX_DAG_ID=tutorial
AIRFLOW_CTX_TASK_ID=templated
AIRFLOW_CTX_EXECUTION_DATE=2016-09-15T00:00:00+00:00
AIRFLOW_CTX_DAG_RUN_ID=scheduled__2016-09-15T00:00:00+00:00
[2019-03-19 13:59:50,068] {bash_operator.py:100} INFO - Temporary script location: /tmp/airflowtmp11ri0ssd/templateduuwru41t
[2019-03-19 13:59:50,068] {bash_operator.py:110} INFO - Running command: 
    
        echo "2016-09-15"
        echo "Parameter I passed in"
    
        echo "2016-09-15"
        echo "Parameter I passed in"
    
        echo "2016-09-15"
        echo "Parameter I passed in"
    
        echo "2016-09-15"
        echo "Parameter I passed in"
    
        echo "2016-09-15"
        echo "Parameter I passed in"
    
    
[2019-03-19 13:59:50,134] {bash_operator.py:119} INFO - Output:
[2019-03-19 13:59:50,135] {bash_operator.py:123} INFO - 2016-09-15
[2019-03-19 13:59:50,135] {bash_operator.py:123} INFO - Parameter I passed in
[2019-03-19 13:59:50,135] {bash_operator.py:123} INFO - 2016-09-15
[2019-03-19 13:59:50,135] {bash_operator.py:123} INFO - Parameter I passed in
[2019-03-19 13:59:50,135] {bash_operator.py:123} INFO - 2016-09-15
[2019-03-19 13:59:50,135] {bash_operator.py:123} INFO - Parameter I passed in
[2019-03-19 13:59:50,135] {bash_operator.py:123} INFO - 2016-09-15
[2019-03-19 13:59:50,135] {bash_operator.py:123} INFO - Parameter I passed in
[2019-03-19 13:59:50,135] {bash_operator.py:123} INFO - 2016-09-15
[2019-03-19 13:59:50,135] {bash_operator.py:123} INFO - Parameter I passed in
[2019-03-19 13:59:50,135] {bash_operator.py:127} INFO - Command exited with return code 0
[2019-03-19 13:59:52,693] {logging_mixin.py:95} INFO - [2019-03-19 13:59:52,692] {jobs.py:2527} INFO - Task exited with return code 0
