[2019-03-21 17:49:34,214] {models.py:1359} INFO - Dependencies all met for <TaskInstance: tutorial.templated 2017-08-13T00:00:00+00:00 [queued]>
[2019-03-21 17:49:34,219] {models.py:1359} INFO - Dependencies all met for <TaskInstance: tutorial.templated 2017-08-13T00:00:00+00:00 [queued]>
[2019-03-21 17:49:34,219] {models.py:1571} INFO - 
--------------------------------------------------------------------------------
Starting attempt 1 of 2
--------------------------------------------------------------------------------

[2019-03-21 17:49:34,315] {models.py:1593} INFO - Executing <Task(BashOperator): templated> on 2017-08-13T00:00:00+00:00
[2019-03-21 17:49:34,315] {base_task_runner.py:118} INFO - Running: ['bash', '-c', 'airflow run tutorial templated 2017-08-13T00:00:00+00:00 --job_id 1662 --raw -sd DAGS_FOLDER/example_dags/tutorial.py --cfg_path /tmp/tmpuc77spc4']
[2019-03-21 17:49:35,818] {base_task_runner.py:101} INFO - Job 1662: Subtask templated [2019-03-21 17:49:35,817] {__init__.py:51} INFO - Using executor SequentialExecutor
[2019-03-21 17:49:36,384] {base_task_runner.py:101} INFO - Job 1662: Subtask templated [2019-03-21 17:49:36,384] {models.py:273} INFO - Filling up the DagBag from /home/rsandroni/airflow/dags/example_dags/tutorial.py
[2019-03-21 17:49:36,487] {base_task_runner.py:101} INFO - Job 1662: Subtask templated [2019-03-21 17:49:36,482] {cli.py:520} INFO - Running <TaskInstance: tutorial.templated 2017-08-13T00:00:00+00:00 [running]> on host IADAIRP1.globalrs.rack.space
[2019-03-21 17:49:36,534] {bash_operator.py:77} INFO - Tmp dir root location: 
 /tmp
[2019-03-21 17:49:36,535] {bash_operator.py:86} INFO - Exporting the following env vars:
AIRFLOW_CTX_DAG_ID=tutorial
AIRFLOW_CTX_TASK_ID=templated
AIRFLOW_CTX_EXECUTION_DATE=2017-08-13T00:00:00+00:00
AIRFLOW_CTX_DAG_RUN_ID=scheduled__2017-08-13T00:00:00+00:00
[2019-03-21 17:49:36,535] {bash_operator.py:100} INFO - Temporary script location: /tmp/airflowtmptna4e6pz/templatedbkv8ituo
[2019-03-21 17:49:36,535] {bash_operator.py:110} INFO - Running command: 

    echo "2017-08-13"
    echo "2017-08-20"
    echo "Parameter I passed in"

    echo "2017-08-13"
    echo "2017-08-20"
    echo "Parameter I passed in"

    echo "2017-08-13"
    echo "2017-08-20"
    echo "Parameter I passed in"

    echo "2017-08-13"
    echo "2017-08-20"
    echo "Parameter I passed in"

    echo "2017-08-13"
    echo "2017-08-20"
    echo "Parameter I passed in"

[2019-03-21 17:49:36,585] {bash_operator.py:119} INFO - Output:
[2019-03-21 17:49:36,586] {bash_operator.py:123} INFO - 2017-08-13
[2019-03-21 17:49:36,586] {bash_operator.py:123} INFO - 2017-08-20
[2019-03-21 17:49:36,586] {bash_operator.py:123} INFO - Parameter I passed in
[2019-03-21 17:49:36,586] {bash_operator.py:123} INFO - 2017-08-13
[2019-03-21 17:49:36,586] {bash_operator.py:123} INFO - 2017-08-20
[2019-03-21 17:49:36,586] {bash_operator.py:123} INFO - Parameter I passed in
[2019-03-21 17:49:36,586] {bash_operator.py:123} INFO - 2017-08-13
[2019-03-21 17:49:36,586] {bash_operator.py:123} INFO - 2017-08-20
[2019-03-21 17:49:36,586] {bash_operator.py:123} INFO - Parameter I passed in
[2019-03-21 17:49:36,586] {bash_operator.py:123} INFO - 2017-08-13
[2019-03-21 17:49:36,586] {bash_operator.py:123} INFO - 2017-08-20
[2019-03-21 17:49:36,586] {bash_operator.py:123} INFO - Parameter I passed in
[2019-03-21 17:49:36,586] {bash_operator.py:123} INFO - 2017-08-13
[2019-03-21 17:49:36,586] {bash_operator.py:123} INFO - 2017-08-20
[2019-03-21 17:49:36,587] {bash_operator.py:123} INFO - Parameter I passed in
[2019-03-21 17:49:36,587] {bash_operator.py:127} INFO - Command exited with return code 0
[2019-03-21 17:49:39,184] {logging_mixin.py:95} INFO - [2019-03-21 17:49:39,183] {jobs.py:2527} INFO - Task exited with return code 0
