[2019-03-19 15:38:09,789] {models.py:1359} INFO - Dependencies all met for <TaskInstance: tutorial.print_date 2017-04-12T00:00:00+00:00 [queued]>
[2019-03-19 15:38:09,792] {models.py:1359} INFO - Dependencies all met for <TaskInstance: tutorial.print_date 2017-04-12T00:00:00+00:00 [queued]>
[2019-03-19 15:38:09,792] {models.py:1571} INFO - 
--------------------------------------------------------------------------------
Starting attempt 1 of 2
--------------------------------------------------------------------------------

[2019-03-19 15:38:09,858] {models.py:1593} INFO - Executing <Task(BashOperator): print_date> on 2017-04-12T00:00:00+00:00
[2019-03-19 15:38:09,858] {base_task_runner.py:118} INFO - Running: ['bash', '-c', 'airflow run tutorial print_date 2017-04-12T00:00:00+00:00 --job_id 1368 --raw -sd DAGS_FOLDER/tutorial.py --cfg_path /tmp/tmpapq14hkp']
[2019-03-19 15:38:10,932] {base_task_runner.py:101} INFO - Job 1368: Subtask print_date [2019-03-19 15:38:10,931] {__init__.py:51} INFO - Using executor SequentialExecutor
[2019-03-19 15:38:11,249] {base_task_runner.py:101} INFO - Job 1368: Subtask print_date [2019-03-19 15:38:11,246] {models.py:273} INFO - Filling up the DagBag from /home/rsandroni/airflow/dags/tutorial.py
[2019-03-19 15:38:11,266] {base_task_runner.py:101} INFO - Job 1368: Subtask print_date [2019-03-19 15:38:11,262] {cli.py:520} INFO - Running <TaskInstance: tutorial.print_date 2017-04-12T00:00:00+00:00 [running]> on host IADAIRP1.globalrs.rack.space
[2019-03-19 15:38:11,295] {bash_operator.py:77} INFO - Tmp dir root location: 
 /tmp
[2019-03-19 15:38:11,295] {bash_operator.py:86} INFO - Exporting the following env vars:
AIRFLOW_CTX_DAG_ID=tutorial
AIRFLOW_CTX_TASK_ID=print_date
AIRFLOW_CTX_EXECUTION_DATE=2017-04-12T00:00:00+00:00
AIRFLOW_CTX_DAG_RUN_ID=scheduled__2017-04-12T00:00:00+00:00
[2019-03-19 15:38:11,296] {bash_operator.py:100} INFO - Temporary script location: /tmp/airflowtmp59po_9qu/print_dateotrjc0bj
[2019-03-19 15:38:11,296] {bash_operator.py:110} INFO - Running command: date
[2019-03-19 15:38:11,316] {bash_operator.py:119} INFO - Output:
[2019-03-19 15:38:11,317] {bash_operator.py:123} INFO - Ter Mar 19 15:38:11 -03 2019
[2019-03-19 15:38:11,318] {bash_operator.py:127} INFO - Command exited with return code 0
[2019-03-19 15:38:14,739] {logging_mixin.py:95} INFO - [2019-03-19 15:38:14,738] {jobs.py:2527} INFO - Task exited with return code 0
