[2019-03-21 21:29:20,721] {models.py:1359} INFO - Dependencies all met for <TaskInstance: tutorial.templated 2018-02-26T00:00:00+00:00 [queued]>
[2019-03-21 21:29:20,725] {models.py:1359} INFO - Dependencies all met for <TaskInstance: tutorial.templated 2018-02-26T00:00:00+00:00 [queued]>
[2019-03-21 21:29:20,726] {models.py:1571} INFO - 
--------------------------------------------------------------------------------
Starting attempt 1 of 2
--------------------------------------------------------------------------------

[2019-03-21 21:29:20,749] {models.py:1593} INFO - Executing <Task(BashOperator): templated> on 2018-02-26T00:00:00+00:00
[2019-03-21 21:29:20,749] {base_task_runner.py:118} INFO - Running: ['bash', '-c', 'airflow run tutorial templated 2018-02-26T00:00:00+00:00 --job_id 2078 --raw -sd DAGS_FOLDER/example_dags/tutorial.py --cfg_path /tmp/tmptglo26d3']
[2019-03-21 21:29:21,379] {base_task_runner.py:101} INFO - Job 2078: Subtask templated [2019-03-21 21:29:21,379] {__init__.py:51} INFO - Using executor SequentialExecutor
[2019-03-21 21:29:21,604] {base_task_runner.py:101} INFO - Job 2078: Subtask templated [2019-03-21 21:29:21,603] {models.py:273} INFO - Filling up the DagBag from /home/rsandroni/airflow/dags/example_dags/tutorial.py
[2019-03-21 21:29:21,667] {base_task_runner.py:101} INFO - Job 2078: Subtask templated [2019-03-21 21:29:21,667] {cli.py:520} INFO - Running <TaskInstance: tutorial.templated 2018-02-26T00:00:00+00:00 [running]> on host IADAIRP1.globalrs.rack.space
[2019-03-21 21:29:21,683] {bash_operator.py:77} INFO - Tmp dir root location: 
 /tmp
[2019-03-21 21:29:21,684] {bash_operator.py:86} INFO - Exporting the following env vars:
AIRFLOW_CTX_DAG_ID=tutorial
AIRFLOW_CTX_TASK_ID=templated
AIRFLOW_CTX_EXECUTION_DATE=2018-02-26T00:00:00+00:00
AIRFLOW_CTX_DAG_RUN_ID=scheduled__2018-02-26T00:00:00+00:00
[2019-03-21 21:29:21,684] {bash_operator.py:100} INFO - Temporary script location: /tmp/airflowtmpl8p0jn1f/templatedondhjsv7
[2019-03-21 21:29:21,684] {bash_operator.py:110} INFO - Running command: 

    echo "2018-02-26"
    echo "2018-03-05"
    echo "Parameter I passed in"

    echo "2018-02-26"
    echo "2018-03-05"
    echo "Parameter I passed in"

    echo "2018-02-26"
    echo "2018-03-05"
    echo "Parameter I passed in"

    echo "2018-02-26"
    echo "2018-03-05"
    echo "Parameter I passed in"

    echo "2018-02-26"
    echo "2018-03-05"
    echo "Parameter I passed in"

[2019-03-21 21:29:21,690] {bash_operator.py:119} INFO - Output:
[2019-03-21 21:29:21,691] {bash_operator.py:123} INFO - 2018-02-26
[2019-03-21 21:29:21,691] {bash_operator.py:123} INFO - 2018-03-05
[2019-03-21 21:29:21,691] {bash_operator.py:123} INFO - Parameter I passed in
[2019-03-21 21:29:21,691] {bash_operator.py:123} INFO - 2018-02-26
[2019-03-21 21:29:21,691] {bash_operator.py:123} INFO - 2018-03-05
[2019-03-21 21:29:21,691] {bash_operator.py:123} INFO - Parameter I passed in
[2019-03-21 21:29:21,691] {bash_operator.py:123} INFO - 2018-02-26
[2019-03-21 21:29:21,691] {bash_operator.py:123} INFO - 2018-03-05
[2019-03-21 21:29:21,691] {bash_operator.py:123} INFO - Parameter I passed in
[2019-03-21 21:29:21,691] {bash_operator.py:123} INFO - 2018-02-26
[2019-03-21 21:29:21,691] {bash_operator.py:123} INFO - 2018-03-05
[2019-03-21 21:29:21,692] {bash_operator.py:123} INFO - Parameter I passed in
[2019-03-21 21:29:21,692] {bash_operator.py:123} INFO - 2018-02-26
[2019-03-21 21:29:21,692] {bash_operator.py:123} INFO - 2018-03-05
[2019-03-21 21:29:21,692] {bash_operator.py:123} INFO - Parameter I passed in
[2019-03-21 21:29:21,692] {bash_operator.py:127} INFO - Command exited with return code 0
[2019-03-21 21:29:25,724] {logging_mixin.py:95} INFO - [2019-03-21 21:29:25,723] {jobs.py:2527} INFO - Task exited with return code 0
