[2019-03-19 12:40:16,876] {models.py:1359} INFO - Dependencies all met for <TaskInstance: tutorial.templated 2016-04-02T00:00:00+00:00 [queued]>
[2019-03-19 12:40:16,881] {models.py:1359} INFO - Dependencies all met for <TaskInstance: tutorial.templated 2016-04-02T00:00:00+00:00 [queued]>
[2019-03-19 12:40:16,881] {models.py:1571} INFO - 
--------------------------------------------------------------------------------
Starting attempt 1 of 2
--------------------------------------------------------------------------------

[2019-03-19 12:40:16,946] {models.py:1593} INFO - Executing <Task(BashOperator): templated> on 2016-04-02T00:00:00+00:00
[2019-03-19 12:40:16,946] {base_task_runner.py:118} INFO - Running: ['bash', '-c', 'airflow run tutorial templated 2016-04-02T00:00:00+00:00 --job_id 621 --raw -sd DAGS_FOLDER/sql_server_load.py --cfg_path /tmp/tmpg3bkcimz']
[2019-03-19 12:40:18,803] {base_task_runner.py:101} INFO - Job 621: Subtask templated [2019-03-19 12:40:18,797] {__init__.py:51} INFO - Using executor SequentialExecutor
[2019-03-19 12:40:19,736] {base_task_runner.py:101} INFO - Job 621: Subtask templated [2019-03-19 12:40:19,725] {models.py:273} INFO - Filling up the DagBag from /home/rsandroni/airflow/dags/sql_server_load.py
[2019-03-19 12:40:19,826] {base_task_runner.py:101} INFO - Job 621: Subtask templated [2019-03-19 12:40:19,817] {cli.py:520} INFO - Running <TaskInstance: tutorial.templated 2016-04-02T00:00:00+00:00 [running]> on host IADAIRP1.globalrs.rack.space
[2019-03-19 12:40:19,858] {bash_operator.py:77} INFO - Tmp dir root location: 
 /tmp
[2019-03-19 12:40:19,860] {bash_operator.py:86} INFO - Exporting the following env vars:
AIRFLOW_CTX_DAG_ID=tutorial
AIRFLOW_CTX_TASK_ID=templated
AIRFLOW_CTX_EXECUTION_DATE=2016-04-02T00:00:00+00:00
AIRFLOW_CTX_DAG_RUN_ID=scheduled__2016-04-02T00:00:00+00:00
[2019-03-19 12:40:19,860] {bash_operator.py:100} INFO - Temporary script location: /tmp/airflowtmpmw85pso5/templatedcjjufjyt
[2019-03-19 12:40:19,860] {bash_operator.py:110} INFO - Running command: 
    
        echo "2016-04-02"
        echo "Parameter I passed in"
    
        echo "2016-04-02"
        echo "Parameter I passed in"
    
        echo "2016-04-02"
        echo "Parameter I passed in"
    
        echo "2016-04-02"
        echo "Parameter I passed in"
    
        echo "2016-04-02"
        echo "Parameter I passed in"
    
    
[2019-03-19 12:40:19,914] {bash_operator.py:119} INFO - Output:
[2019-03-19 12:40:19,914] {bash_operator.py:123} INFO - 2016-04-02
[2019-03-19 12:40:19,915] {bash_operator.py:123} INFO - Parameter I passed in
[2019-03-19 12:40:19,915] {bash_operator.py:123} INFO - 2016-04-02
[2019-03-19 12:40:19,915] {bash_operator.py:123} INFO - Parameter I passed in
[2019-03-19 12:40:19,915] {bash_operator.py:123} INFO - 2016-04-02
[2019-03-19 12:40:19,915] {bash_operator.py:123} INFO - Parameter I passed in
[2019-03-19 12:40:19,915] {bash_operator.py:123} INFO - 2016-04-02
[2019-03-19 12:40:19,915] {bash_operator.py:123} INFO - Parameter I passed in
[2019-03-19 12:40:19,915] {bash_operator.py:123} INFO - 2016-04-02
[2019-03-19 12:40:19,915] {bash_operator.py:123} INFO - Parameter I passed in
[2019-03-19 12:40:19,915] {bash_operator.py:127} INFO - Command exited with return code 0
[2019-03-19 12:40:21,890] {logging_mixin.py:95} INFO - [2019-03-19 12:40:21,889] {jobs.py:2527} INFO - Task exited with return code 0
