[2019-03-19 15:33:32,563] {models.py:1359} INFO - Dependencies all met for <TaskInstance: tutorial.templated 2017-04-02T00:00:00+00:00 [queued]>
[2019-03-19 15:33:32,567] {models.py:1359} INFO - Dependencies all met for <TaskInstance: tutorial.templated 2017-04-02T00:00:00+00:00 [queued]>
[2019-03-19 15:33:32,567] {models.py:1571} INFO - 
--------------------------------------------------------------------------------
Starting attempt 1 of 2
--------------------------------------------------------------------------------

[2019-03-19 15:33:32,629] {models.py:1593} INFO - Executing <Task(BashOperator): templated> on 2017-04-02T00:00:00+00:00
[2019-03-19 15:33:32,629] {base_task_runner.py:118} INFO - Running: ['bash', '-c', 'airflow run tutorial templated 2017-04-02T00:00:00+00:00 --job_id 1349 --raw -sd DAGS_FOLDER/example_dags/tutorial.py --cfg_path /tmp/tmpp691i8s7']
[2019-03-19 15:33:33,390] {base_task_runner.py:101} INFO - Job 1349: Subtask templated [2019-03-19 15:33:33,390] {__init__.py:51} INFO - Using executor SequentialExecutor
[2019-03-19 15:33:33,682] {base_task_runner.py:101} INFO - Job 1349: Subtask templated [2019-03-19 15:33:33,679] {models.py:273} INFO - Filling up the DagBag from /home/rsandroni/airflow/dags/example_dags/tutorial.py
[2019-03-19 15:33:33,721] {base_task_runner.py:101} INFO - Job 1349: Subtask templated [2019-03-19 15:33:33,721] {cli.py:520} INFO - Running <TaskInstance: tutorial.templated 2017-04-02T00:00:00+00:00 [running]> on host IADAIRP1.globalrs.rack.space
[2019-03-19 15:33:33,741] {bash_operator.py:77} INFO - Tmp dir root location: 
 /tmp
[2019-03-19 15:33:33,741] {bash_operator.py:86} INFO - Exporting the following env vars:
AIRFLOW_CTX_DAG_ID=tutorial
AIRFLOW_CTX_TASK_ID=templated
AIRFLOW_CTX_EXECUTION_DATE=2017-04-02T00:00:00+00:00
AIRFLOW_CTX_DAG_RUN_ID=scheduled__2017-04-02T00:00:00+00:00
[2019-03-19 15:33:33,741] {bash_operator.py:100} INFO - Temporary script location: /tmp/airflowtmpbs0790ql/templated0acgatu8
[2019-03-19 15:33:33,741] {bash_operator.py:110} INFO - Running command: 

    echo "2017-04-02"
    echo "2017-04-09"
    echo "Parameter I passed in"

    echo "2017-04-02"
    echo "2017-04-09"
    echo "Parameter I passed in"

    echo "2017-04-02"
    echo "2017-04-09"
    echo "Parameter I passed in"

    echo "2017-04-02"
    echo "2017-04-09"
    echo "Parameter I passed in"

    echo "2017-04-02"
    echo "2017-04-09"
    echo "Parameter I passed in"

[2019-03-19 15:33:33,748] {bash_operator.py:119} INFO - Output:
[2019-03-19 15:33:33,749] {bash_operator.py:123} INFO - 2017-04-02
[2019-03-19 15:33:33,749] {bash_operator.py:123} INFO - 2017-04-09
[2019-03-19 15:33:33,749] {bash_operator.py:123} INFO - Parameter I passed in
[2019-03-19 15:33:33,750] {bash_operator.py:123} INFO - 2017-04-02
[2019-03-19 15:33:33,750] {bash_operator.py:123} INFO - 2017-04-09
[2019-03-19 15:33:33,750] {bash_operator.py:123} INFO - Parameter I passed in
[2019-03-19 15:33:33,750] {bash_operator.py:123} INFO - 2017-04-02
[2019-03-19 15:33:33,750] {bash_operator.py:123} INFO - 2017-04-09
[2019-03-19 15:33:33,750] {bash_operator.py:123} INFO - Parameter I passed in
[2019-03-19 15:33:33,750] {bash_operator.py:123} INFO - 2017-04-02
[2019-03-19 15:33:33,750] {bash_operator.py:123} INFO - 2017-04-09
[2019-03-19 15:33:33,750] {bash_operator.py:123} INFO - Parameter I passed in
[2019-03-19 15:33:33,750] {bash_operator.py:123} INFO - 2017-04-02
[2019-03-19 15:33:33,750] {bash_operator.py:123} INFO - 2017-04-09
[2019-03-19 15:33:33,750] {bash_operator.py:123} INFO - Parameter I passed in
[2019-03-19 15:33:33,750] {bash_operator.py:127} INFO - Command exited with return code 0
[2019-03-19 15:33:37,556] {logging_mixin.py:95} INFO - [2019-03-19 15:33:37,556] {jobs.py:2527} INFO - Task exited with return code 0
