[2019-03-21 21:58:00,361] {models.py:1359} INFO - Dependencies all met for <TaskInstance: tutorial.templated 2018-03-21T00:00:00+00:00 [queued]>
[2019-03-21 21:58:00,365] {models.py:1359} INFO - Dependencies all met for <TaskInstance: tutorial.templated 2018-03-21T00:00:00+00:00 [queued]>
[2019-03-21 21:58:00,366] {models.py:1571} INFO - 
--------------------------------------------------------------------------------
Starting attempt 1 of 2
--------------------------------------------------------------------------------

[2019-03-21 21:58:00,382] {models.py:1593} INFO - Executing <Task(BashOperator): templated> on 2018-03-21T00:00:00+00:00
[2019-03-21 21:58:00,382] {base_task_runner.py:118} INFO - Running: ['bash', '-c', 'airflow run tutorial templated 2018-03-21T00:00:00+00:00 --job_id 2123 --raw -sd DAGS_FOLDER/example_dags/tutorial.py --cfg_path /tmp/tmphuupml1u']
[2019-03-21 21:58:01,018] {base_task_runner.py:101} INFO - Job 2123: Subtask templated [2019-03-21 21:58:01,017] {__init__.py:51} INFO - Using executor SequentialExecutor
[2019-03-21 21:58:01,252] {base_task_runner.py:101} INFO - Job 2123: Subtask templated [2019-03-21 21:58:01,251] {models.py:273} INFO - Filling up the DagBag from /home/rsandroni/airflow/dags/example_dags/tutorial.py
[2019-03-21 21:58:01,316] {base_task_runner.py:101} INFO - Job 2123: Subtask templated [2019-03-21 21:58:01,315] {cli.py:520} INFO - Running <TaskInstance: tutorial.templated 2018-03-21T00:00:00+00:00 [running]> on host IADAIRP1.globalrs.rack.space
[2019-03-21 21:58:01,332] {bash_operator.py:77} INFO - Tmp dir root location: 
 /tmp
[2019-03-21 21:58:01,333] {bash_operator.py:86} INFO - Exporting the following env vars:
AIRFLOW_CTX_DAG_ID=tutorial
AIRFLOW_CTX_TASK_ID=templated
AIRFLOW_CTX_EXECUTION_DATE=2018-03-21T00:00:00+00:00
AIRFLOW_CTX_DAG_RUN_ID=scheduled__2018-03-21T00:00:00+00:00
[2019-03-21 21:58:01,333] {bash_operator.py:100} INFO - Temporary script location: /tmp/airflowtmpwaslkusi/templated4r6i0ppg
[2019-03-21 21:58:01,333] {bash_operator.py:110} INFO - Running command: 

    echo "2018-03-21"
    echo "2018-03-28"
    echo "Parameter I passed in"

    echo "2018-03-21"
    echo "2018-03-28"
    echo "Parameter I passed in"

    echo "2018-03-21"
    echo "2018-03-28"
    echo "Parameter I passed in"

    echo "2018-03-21"
    echo "2018-03-28"
    echo "Parameter I passed in"

    echo "2018-03-21"
    echo "2018-03-28"
    echo "Parameter I passed in"

[2019-03-21 21:58:01,340] {bash_operator.py:119} INFO - Output:
[2019-03-21 21:58:01,341] {bash_operator.py:123} INFO - 2018-03-21
[2019-03-21 21:58:01,341] {bash_operator.py:123} INFO - 2018-03-28
[2019-03-21 21:58:01,341] {bash_operator.py:123} INFO - Parameter I passed in
[2019-03-21 21:58:01,341] {bash_operator.py:123} INFO - 2018-03-21
[2019-03-21 21:58:01,341] {bash_operator.py:123} INFO - 2018-03-28
[2019-03-21 21:58:01,341] {bash_operator.py:123} INFO - Parameter I passed in
[2019-03-21 21:58:01,341] {bash_operator.py:123} INFO - 2018-03-21
[2019-03-21 21:58:01,341] {bash_operator.py:123} INFO - 2018-03-28
[2019-03-21 21:58:01,341] {bash_operator.py:123} INFO - Parameter I passed in
[2019-03-21 21:58:01,341] {bash_operator.py:123} INFO - 2018-03-21
[2019-03-21 21:58:01,341] {bash_operator.py:123} INFO - 2018-03-28
[2019-03-21 21:58:01,341] {bash_operator.py:123} INFO - Parameter I passed in
[2019-03-21 21:58:01,341] {bash_operator.py:123} INFO - 2018-03-21
[2019-03-21 21:58:01,341] {bash_operator.py:123} INFO - 2018-03-28
[2019-03-21 21:58:01,342] {bash_operator.py:123} INFO - Parameter I passed in
[2019-03-21 21:58:01,342] {bash_operator.py:127} INFO - Command exited with return code 0
[2019-03-21 21:58:05,362] {logging_mixin.py:95} INFO - [2019-03-21 21:58:05,361] {jobs.py:2527} INFO - Task exited with return code 0
