[2019-03-22 03:56:20,330] {models.py:1359} INFO - Dependencies all met for <TaskInstance: tutorial.print_date 2018-12-19T00:00:00+00:00 [queued]>
[2019-03-22 03:56:20,333] {models.py:1359} INFO - Dependencies all met for <TaskInstance: tutorial.print_date 2018-12-19T00:00:00+00:00 [queued]>
[2019-03-22 03:56:20,334] {models.py:1571} INFO - 
--------------------------------------------------------------------------------
Starting attempt 1 of 2
--------------------------------------------------------------------------------

[2019-03-22 03:56:20,424] {models.py:1593} INFO - Executing <Task(BashOperator): print_date> on 2018-12-19T00:00:00+00:00
[2019-03-22 03:56:20,424] {base_task_runner.py:118} INFO - Running: ['bash', '-c', 'airflow run tutorial print_date 2018-12-19T00:00:00+00:00 --job_id 2668 --raw -sd DAGS_FOLDER/tutorial.py --cfg_path /tmp/tmp5ygf8jh1']
[2019-03-22 03:56:21,454] {base_task_runner.py:101} INFO - Job 2668: Subtask print_date [2019-03-22 03:56:21,453] {__init__.py:51} INFO - Using executor SequentialExecutor
[2019-03-22 03:56:21,857] {base_task_runner.py:101} INFO - Job 2668: Subtask print_date [2019-03-22 03:56:21,857] {models.py:273} INFO - Filling up the DagBag from /home/rsandroni/airflow/dags/tutorial.py
[2019-03-22 03:56:21,904] {base_task_runner.py:101} INFO - Job 2668: Subtask print_date [2019-03-22 03:56:21,904] {cli.py:520} INFO - Running <TaskInstance: tutorial.print_date 2018-12-19T00:00:00+00:00 [running]> on host IADAIRP1.globalrs.rack.space
[2019-03-22 03:56:21,953] {bash_operator.py:77} INFO - Tmp dir root location: 
 /tmp
[2019-03-22 03:56:21,953] {bash_operator.py:86} INFO - Exporting the following env vars:
AIRFLOW_CTX_DAG_ID=tutorial
AIRFLOW_CTX_TASK_ID=print_date
AIRFLOW_CTX_EXECUTION_DATE=2018-12-19T00:00:00+00:00
AIRFLOW_CTX_DAG_RUN_ID=scheduled__2018-12-19T00:00:00+00:00
[2019-03-22 03:56:21,954] {bash_operator.py:100} INFO - Temporary script location: /tmp/airflowtmp02e8l6hp/print_dateiks_5zhc
[2019-03-22 03:56:21,954] {bash_operator.py:110} INFO - Running command: date
[2019-03-22 03:56:21,997] {bash_operator.py:119} INFO - Output:
[2019-03-22 03:56:22,008] {bash_operator.py:123} INFO - Sex Mar 22 03:56:22 -03 2019
[2019-03-22 03:56:22,016] {bash_operator.py:127} INFO - Command exited with return code 0
[2019-03-22 03:56:25,344] {logging_mixin.py:95} INFO - [2019-03-22 03:56:25,343] {jobs.py:2527} INFO - Task exited with return code 0
