[2019-03-22 03:23:55,199] {models.py:1359} INFO - Dependencies all met for <TaskInstance: tutorial.templated 2018-11-23T00:00:00+00:00 [queued]>
[2019-03-22 03:23:55,205] {models.py:1359} INFO - Dependencies all met for <TaskInstance: tutorial.templated 2018-11-23T00:00:00+00:00 [queued]>
[2019-03-22 03:23:55,205] {models.py:1571} INFO - 
--------------------------------------------------------------------------------
Starting attempt 1 of 2
--------------------------------------------------------------------------------

[2019-03-22 03:23:55,273] {models.py:1593} INFO - Executing <Task(BashOperator): templated> on 2018-11-23T00:00:00+00:00
[2019-03-22 03:23:55,273] {base_task_runner.py:118} INFO - Running: ['bash', '-c', 'airflow run tutorial templated 2018-11-23T00:00:00+00:00 --job_id 2618 --raw -sd DAGS_FOLDER/example_dags/tutorial.py --cfg_path /tmp/tmpblm6wix8']
[2019-03-22 03:23:56,110] {base_task_runner.py:101} INFO - Job 2618: Subtask templated [2019-03-22 03:23:56,109] {__init__.py:51} INFO - Using executor SequentialExecutor
[2019-03-22 03:23:56,481] {base_task_runner.py:101} INFO - Job 2618: Subtask templated [2019-03-22 03:23:56,474] {models.py:273} INFO - Filling up the DagBag from /home/rsandroni/airflow/dags/example_dags/tutorial.py
[2019-03-22 03:23:56,667] {base_task_runner.py:101} INFO - Job 2618: Subtask templated [2019-03-22 03:23:56,663] {cli.py:520} INFO - Running <TaskInstance: tutorial.templated 2018-11-23T00:00:00+00:00 [running]> on host IADAIRP1.globalrs.rack.space
[2019-03-22 03:23:56,690] {bash_operator.py:77} INFO - Tmp dir root location: 
 /tmp
[2019-03-22 03:23:56,691] {bash_operator.py:86} INFO - Exporting the following env vars:
AIRFLOW_CTX_DAG_ID=tutorial
AIRFLOW_CTX_TASK_ID=templated
AIRFLOW_CTX_EXECUTION_DATE=2018-11-23T00:00:00+00:00
AIRFLOW_CTX_DAG_RUN_ID=scheduled__2018-11-23T00:00:00+00:00
[2019-03-22 03:23:56,691] {bash_operator.py:100} INFO - Temporary script location: /tmp/airflowtmp2603alfa/templatedvha_qcw8
[2019-03-22 03:23:56,692] {bash_operator.py:110} INFO - Running command: 

    echo "2018-11-23"
    echo "2018-11-30"
    echo "Parameter I passed in"

    echo "2018-11-23"
    echo "2018-11-30"
    echo "Parameter I passed in"

    echo "2018-11-23"
    echo "2018-11-30"
    echo "Parameter I passed in"

    echo "2018-11-23"
    echo "2018-11-30"
    echo "Parameter I passed in"

    echo "2018-11-23"
    echo "2018-11-30"
    echo "Parameter I passed in"

[2019-03-22 03:23:56,730] {bash_operator.py:119} INFO - Output:
[2019-03-22 03:23:56,732] {bash_operator.py:123} INFO - 2018-11-23
[2019-03-22 03:23:56,732] {bash_operator.py:123} INFO - 2018-11-30
[2019-03-22 03:23:56,732] {bash_operator.py:123} INFO - Parameter I passed in
[2019-03-22 03:23:56,732] {bash_operator.py:123} INFO - 2018-11-23
[2019-03-22 03:23:56,732] {bash_operator.py:123} INFO - 2018-11-30
[2019-03-22 03:23:56,732] {bash_operator.py:123} INFO - Parameter I passed in
[2019-03-22 03:23:56,732] {bash_operator.py:123} INFO - 2018-11-23
[2019-03-22 03:23:56,732] {bash_operator.py:123} INFO - 2018-11-30
[2019-03-22 03:23:56,732] {bash_operator.py:123} INFO - Parameter I passed in
[2019-03-22 03:23:56,732] {bash_operator.py:123} INFO - 2018-11-23
[2019-03-22 03:23:56,732] {bash_operator.py:123} INFO - 2018-11-30
[2019-03-22 03:23:56,732] {bash_operator.py:123} INFO - Parameter I passed in
[2019-03-22 03:23:56,732] {bash_operator.py:123} INFO - 2018-11-23
[2019-03-22 03:23:56,732] {bash_operator.py:123} INFO - 2018-11-30
[2019-03-22 03:23:56,732] {bash_operator.py:123} INFO - Parameter I passed in
[2019-03-22 03:23:56,732] {bash_operator.py:127} INFO - Command exited with return code 0
[2019-03-22 03:24:00,212] {logging_mixin.py:95} INFO - [2019-03-22 03:24:00,211] {jobs.py:2527} INFO - Task exited with return code 0
