[2019-03-19 15:35:26,324] {models.py:1359} INFO - Dependencies all met for <TaskInstance: tutorial.print_date 2017-04-06T00:00:00+00:00 [queued]>
[2019-03-19 15:35:26,327] {models.py:1359} INFO - Dependencies all met for <TaskInstance: tutorial.print_date 2017-04-06T00:00:00+00:00 [queued]>
[2019-03-19 15:35:26,327] {models.py:1571} INFO - 
--------------------------------------------------------------------------------
Starting attempt 1 of 2
--------------------------------------------------------------------------------

[2019-03-19 15:35:26,384] {models.py:1593} INFO - Executing <Task(BashOperator): print_date> on 2017-04-06T00:00:00+00:00
[2019-03-19 15:35:26,385] {base_task_runner.py:118} INFO - Running: ['bash', '-c', 'airflow run tutorial print_date 2017-04-06T00:00:00+00:00 --job_id 1356 --raw -sd DAGS_FOLDER/tutorial.py --cfg_path /tmp/tmpj4anzar2']
[2019-03-19 15:35:27,756] {base_task_runner.py:101} INFO - Job 1356: Subtask print_date [2019-03-19 15:35:27,756] {__init__.py:51} INFO - Using executor SequentialExecutor
[2019-03-19 15:35:28,307] {base_task_runner.py:101} INFO - Job 1356: Subtask print_date [2019-03-19 15:35:28,299] {models.py:273} INFO - Filling up the DagBag from /home/rsandroni/airflow/dags/tutorial.py
[2019-03-19 15:35:28,356] {base_task_runner.py:101} INFO - Job 1356: Subtask print_date [2019-03-19 15:35:28,351] {cli.py:520} INFO - Running <TaskInstance: tutorial.print_date 2017-04-06T00:00:00+00:00 [running]> on host IADAIRP1.globalrs.rack.space
[2019-03-19 15:35:28,394] {bash_operator.py:77} INFO - Tmp dir root location: 
 /tmp
[2019-03-19 15:35:28,395] {bash_operator.py:86} INFO - Exporting the following env vars:
AIRFLOW_CTX_DAG_ID=tutorial
AIRFLOW_CTX_TASK_ID=print_date
AIRFLOW_CTX_EXECUTION_DATE=2017-04-06T00:00:00+00:00
AIRFLOW_CTX_DAG_RUN_ID=scheduled__2017-04-06T00:00:00+00:00
[2019-03-19 15:35:28,395] {bash_operator.py:100} INFO - Temporary script location: /tmp/airflowtmp66bczfkc/print_datelmkgn847
[2019-03-19 15:35:28,395] {bash_operator.py:110} INFO - Running command: date
[2019-03-19 15:35:28,427] {bash_operator.py:119} INFO - Output:
[2019-03-19 15:35:28,455] {bash_operator.py:123} INFO - Ter Mar 19 15:35:28 -03 2019
[2019-03-19 15:35:28,465] {bash_operator.py:127} INFO - Command exited with return code 0
[2019-03-19 15:35:31,300] {logging_mixin.py:95} INFO - [2019-03-19 15:35:31,299] {jobs.py:2527} INFO - Task exited with return code 0
