[2019-03-19 15:48:12,700] {models.py:1359} INFO - Dependencies all met for <TaskInstance: tutorial.print_date 2017-05-05T00:00:00+00:00 [queued]>
[2019-03-19 15:48:12,702] {models.py:1359} INFO - Dependencies all met for <TaskInstance: tutorial.print_date 2017-05-05T00:00:00+00:00 [queued]>
[2019-03-19 15:48:12,703] {models.py:1571} INFO - 
--------------------------------------------------------------------------------
Starting attempt 1 of 2
--------------------------------------------------------------------------------

[2019-03-19 15:48:12,719] {models.py:1593} INFO - Executing <Task(BashOperator): print_date> on 2017-05-05T00:00:00+00:00
[2019-03-19 15:48:12,719] {base_task_runner.py:118} INFO - Running: ['bash', '-c', 'airflow run tutorial print_date 2017-05-05T00:00:00+00:00 --job_id 1412 --raw -sd DAGS_FOLDER/sql_server_load.py --cfg_path /tmp/tmp2l8hn3pb']
[2019-03-19 15:48:13,338] {base_task_runner.py:101} INFO - Job 1412: Subtask print_date [2019-03-19 15:48:13,338] {__init__.py:51} INFO - Using executor SequentialExecutor
[2019-03-19 15:48:13,667] {base_task_runner.py:101} INFO - Job 1412: Subtask print_date [2019-03-19 15:48:13,666] {models.py:273} INFO - Filling up the DagBag from /home/rsandroni/airflow/dags/sql_server_load.py
[2019-03-19 15:48:13,684] {base_task_runner.py:101} INFO - Job 1412: Subtask print_date [2019-03-19 15:48:13,684] {cli.py:520} INFO - Running <TaskInstance: tutorial.print_date 2017-05-05T00:00:00+00:00 [running]> on host IADAIRP1.globalrs.rack.space
[2019-03-19 15:48:13,697] {bash_operator.py:77} INFO - Tmp dir root location: 
 /tmp
[2019-03-19 15:48:13,697] {bash_operator.py:86} INFO - Exporting the following env vars:
AIRFLOW_CTX_DAG_ID=tutorial
AIRFLOW_CTX_TASK_ID=print_date
AIRFLOW_CTX_EXECUTION_DATE=2017-05-05T00:00:00+00:00
AIRFLOW_CTX_DAG_RUN_ID=scheduled__2017-05-05T00:00:00+00:00
[2019-03-19 15:48:13,698] {bash_operator.py:100} INFO - Temporary script location: /tmp/airflowtmpc6bjo37p/print_datelbn0lmlf
[2019-03-19 15:48:13,698] {bash_operator.py:110} INFO - Running command: date
[2019-03-19 15:48:13,704] {bash_operator.py:119} INFO - Output:
[2019-03-19 15:48:13,705] {bash_operator.py:123} INFO - Ter Mar 19 15:48:13 -03 2019
[2019-03-19 15:48:13,705] {bash_operator.py:127} INFO - Command exited with return code 0
[2019-03-19 15:48:17,775] {logging_mixin.py:95} INFO - [2019-03-19 15:48:17,774] {jobs.py:2527} INFO - Task exited with return code 0
