[2019-03-22 05:36:38,782] {models.py:1359} INFO - Dependencies all met for <TaskInstance: tutorial.templated 2019-03-04T00:00:00+00:00 [queued]>
[2019-03-22 05:36:38,787] {models.py:1359} INFO - Dependencies all met for <TaskInstance: tutorial.templated 2019-03-04T00:00:00+00:00 [queued]>
[2019-03-22 05:36:38,787] {models.py:1571} INFO - 
--------------------------------------------------------------------------------
Starting attempt 1 of 2
--------------------------------------------------------------------------------

[2019-03-22 05:36:38,857] {models.py:1593} INFO - Executing <Task(BashOperator): templated> on 2019-03-04T00:00:00+00:00
[2019-03-22 05:36:38,857] {base_task_runner.py:118} INFO - Running: ['bash', '-c', 'airflow run tutorial templated 2019-03-04T00:00:00+00:00 --job_id 2819 --raw -sd DAGS_FOLDER/example_dags/tutorial.py --cfg_path /tmp/tmpmkuu4ogl']
[2019-03-22 05:36:41,851] {base_task_runner.py:101} INFO - Job 2819: Subtask templated [2019-03-22 05:36:41,841] {__init__.py:51} INFO - Using executor SequentialExecutor
[2019-03-22 05:36:42,994] {base_task_runner.py:101} INFO - Job 2819: Subtask templated [2019-03-22 05:36:42,987] {models.py:273} INFO - Filling up the DagBag from /home/rsandroni/airflow/dags/example_dags/tutorial.py
[2019-03-22 05:36:43,277] {base_task_runner.py:101} INFO - Job 2819: Subtask templated [2019-03-22 05:36:43,273] {cli.py:520} INFO - Running <TaskInstance: tutorial.templated 2019-03-04T00:00:00+00:00 [running]> on host IADAIRP1.globalrs.rack.space
[2019-03-22 05:36:43,321] {bash_operator.py:77} INFO - Tmp dir root location: 
 /tmp
[2019-03-22 05:36:43,321] {bash_operator.py:86} INFO - Exporting the following env vars:
AIRFLOW_CTX_DAG_ID=tutorial
AIRFLOW_CTX_TASK_ID=templated
AIRFLOW_CTX_EXECUTION_DATE=2019-03-04T00:00:00+00:00
AIRFLOW_CTX_DAG_RUN_ID=scheduled__2019-03-04T00:00:00+00:00
[2019-03-22 05:36:43,322] {bash_operator.py:100} INFO - Temporary script location: /tmp/airflowtmp23dwp71d/templatedlwqmpnya
[2019-03-22 05:36:43,322] {bash_operator.py:110} INFO - Running command: 

    echo "2019-03-04"
    echo "2019-03-11"
    echo "Parameter I passed in"

    echo "2019-03-04"
    echo "2019-03-11"
    echo "Parameter I passed in"

    echo "2019-03-04"
    echo "2019-03-11"
    echo "Parameter I passed in"

    echo "2019-03-04"
    echo "2019-03-11"
    echo "Parameter I passed in"

    echo "2019-03-04"
    echo "2019-03-11"
    echo "Parameter I passed in"

[2019-03-22 05:36:43,423] {bash_operator.py:119} INFO - Output:
[2019-03-22 05:36:43,424] {bash_operator.py:123} INFO - 2019-03-04
[2019-03-22 05:36:43,424] {bash_operator.py:123} INFO - 2019-03-11
[2019-03-22 05:36:43,424] {bash_operator.py:123} INFO - Parameter I passed in
[2019-03-22 05:36:43,424] {bash_operator.py:123} INFO - 2019-03-04
[2019-03-22 05:36:43,424] {bash_operator.py:123} INFO - 2019-03-11
[2019-03-22 05:36:43,424] {bash_operator.py:123} INFO - Parameter I passed in
[2019-03-22 05:36:43,424] {bash_operator.py:123} INFO - 2019-03-04
[2019-03-22 05:36:43,424] {bash_operator.py:123} INFO - 2019-03-11
[2019-03-22 05:36:43,424] {bash_operator.py:123} INFO - Parameter I passed in
[2019-03-22 05:36:43,424] {bash_operator.py:123} INFO - 2019-03-04
[2019-03-22 05:36:43,424] {bash_operator.py:123} INFO - 2019-03-11
[2019-03-22 05:36:43,424] {bash_operator.py:123} INFO - Parameter I passed in
[2019-03-22 05:36:43,424] {bash_operator.py:123} INFO - 2019-03-04
[2019-03-22 05:36:43,424] {bash_operator.py:123} INFO - 2019-03-11
[2019-03-22 05:36:43,424] {bash_operator.py:123} INFO - Parameter I passed in
[2019-03-22 05:36:43,424] {bash_operator.py:127} INFO - Command exited with return code 0
[2019-03-22 05:36:43,766] {logging_mixin.py:95} INFO - [2019-03-22 05:36:43,766] {jobs.py:2595} WARNING - State of this instance has been externally set to success. Taking the poison pill.
[2019-03-22 05:36:43,800] {helpers.py:250} INFO - Sending Signals.SIGTERM to GPID 176688
[2019-03-22 05:36:43,833] {helpers.py:232} INFO - Process psutil.Process(pid=176688, status='terminated') (176688) terminated with exit code -15
[2019-03-22 05:36:43,834] {logging_mixin.py:95} INFO - [2019-03-22 05:36:43,833] {jobs.py:2527} INFO - Task exited with return code 0
