[2019-03-19 11:51:33,150] {models.py:1359} INFO - Dependencies all met for <TaskInstance: tutorial.print_date 2015-12-16T00:00:00+00:00 [queued]>
[2019-03-19 11:51:33,152] {models.py:1359} INFO - Dependencies all met for <TaskInstance: tutorial.print_date 2015-12-16T00:00:00+00:00 [queued]>
[2019-03-19 11:51:33,152] {models.py:1571} INFO - 
--------------------------------------------------------------------------------
Starting attempt 1 of 2
--------------------------------------------------------------------------------

[2019-03-19 11:51:33,169] {models.py:1593} INFO - Executing <Task(BashOperator): print_date> on 2015-12-16T00:00:00+00:00
[2019-03-19 11:51:33,169] {base_task_runner.py:118} INFO - Running: ['bash', '-c', 'airflow run tutorial print_date 2015-12-16T00:00:00+00:00 --job_id 402 --raw -sd DAGS_FOLDER/tutorial.py --cfg_path /tmp/tmp641qa9xd']
[2019-03-19 11:51:33,783] {base_task_runner.py:101} INFO - Job 402: Subtask print_date [2019-03-19 11:51:33,782] {__init__.py:51} INFO - Using executor SequentialExecutor
[2019-03-19 11:51:34,045] {base_task_runner.py:101} INFO - Job 402: Subtask print_date [2019-03-19 11:51:34,045] {models.py:273} INFO - Filling up the DagBag from /home/rsandroni/airflow/dags/tutorial.py
[2019-03-19 11:51:34,060] {base_task_runner.py:101} INFO - Job 402: Subtask print_date [2019-03-19 11:51:34,060] {cli.py:520} INFO - Running <TaskInstance: tutorial.print_date 2015-12-16T00:00:00+00:00 [running]> on host IADAIRP1.globalrs.rack.space
[2019-03-19 11:51:34,074] {bash_operator.py:77} INFO - Tmp dir root location: 
 /tmp
[2019-03-19 11:51:34,074] {bash_operator.py:86} INFO - Exporting the following env vars:
AIRFLOW_CTX_DAG_ID=tutorial
AIRFLOW_CTX_TASK_ID=print_date
AIRFLOW_CTX_EXECUTION_DATE=2015-12-16T00:00:00+00:00
AIRFLOW_CTX_DAG_RUN_ID=scheduled__2015-12-16T00:00:00+00:00
[2019-03-19 11:51:34,075] {bash_operator.py:100} INFO - Temporary script location: /tmp/airflowtmp399ljoj6/print_date4c1n88qv
[2019-03-19 11:51:34,075] {bash_operator.py:110} INFO - Running command: date
[2019-03-19 11:51:34,080] {bash_operator.py:119} INFO - Output:
[2019-03-19 11:51:34,082] {bash_operator.py:123} INFO - Ter Mar 19 11:51:34 -03 2019
[2019-03-19 11:51:34,082] {bash_operator.py:127} INFO - Command exited with return code 0
[2019-03-19 11:51:38,159] {logging_mixin.py:95} INFO - [2019-03-19 11:51:38,158] {jobs.py:2527} INFO - Task exited with return code 0
