[2019-03-19 15:49:34,561] {models.py:1359} INFO - Dependencies all met for <TaskInstance: tutorial.print_date 2017-05-08T00:00:00+00:00 [queued]>
[2019-03-19 15:49:34,563] {models.py:1359} INFO - Dependencies all met for <TaskInstance: tutorial.print_date 2017-05-08T00:00:00+00:00 [queued]>
[2019-03-19 15:49:34,564] {models.py:1571} INFO - 
--------------------------------------------------------------------------------
Starting attempt 1 of 2
--------------------------------------------------------------------------------

[2019-03-19 15:49:34,580] {models.py:1593} INFO - Executing <Task(BashOperator): print_date> on 2017-05-08T00:00:00+00:00
[2019-03-19 15:49:34,580] {base_task_runner.py:118} INFO - Running: ['bash', '-c', 'airflow run tutorial print_date 2017-05-08T00:00:00+00:00 --job_id 1418 --raw -sd DAGS_FOLDER/sql_server_load.py --cfg_path /tmp/tmpi3xbeplh']
[2019-03-19 15:49:36,050] {base_task_runner.py:101} INFO - Job 1418: Subtask print_date [2019-03-19 15:49:36,050] {__init__.py:51} INFO - Using executor SequentialExecutor
[2019-03-19 15:49:36,501] {base_task_runner.py:101} INFO - Job 1418: Subtask print_date [2019-03-19 15:49:36,495] {models.py:273} INFO - Filling up the DagBag from /home/rsandroni/airflow/dags/sql_server_load.py
[2019-03-19 15:49:36,541] {base_task_runner.py:101} INFO - Job 1418: Subtask print_date [2019-03-19 15:49:36,527] {cli.py:520} INFO - Running <TaskInstance: tutorial.print_date 2017-05-08T00:00:00+00:00 [running]> on host IADAIRP1.globalrs.rack.space
[2019-03-19 15:49:36,569] {bash_operator.py:77} INFO - Tmp dir root location: 
 /tmp
[2019-03-19 15:49:36,569] {bash_operator.py:86} INFO - Exporting the following env vars:
AIRFLOW_CTX_DAG_ID=tutorial
AIRFLOW_CTX_TASK_ID=print_date
AIRFLOW_CTX_EXECUTION_DATE=2017-05-08T00:00:00+00:00
AIRFLOW_CTX_DAG_RUN_ID=scheduled__2017-05-08T00:00:00+00:00
[2019-03-19 15:49:36,569] {bash_operator.py:100} INFO - Temporary script location: /tmp/airflowtmpexbfxf4h/print_datef68qumr8
[2019-03-19 15:49:36,570] {bash_operator.py:110} INFO - Running command: date
[2019-03-19 15:49:36,619] {bash_operator.py:119} INFO - Output:
[2019-03-19 15:49:36,633] {bash_operator.py:123} INFO - Ter Mar 19 15:49:36 -03 2019
[2019-03-19 15:49:36,644] {bash_operator.py:127} INFO - Command exited with return code 0
[2019-03-19 15:49:39,511] {logging_mixin.py:95} INFO - [2019-03-19 15:49:39,510] {jobs.py:2527} INFO - Task exited with return code 0
