[2019-03-21 23:31:29,238] {models.py:1359} INFO - Dependencies all met for <TaskInstance: tutorial.templated 2018-06-01T00:00:00+00:00 [queued]>
[2019-03-21 23:31:29,243] {models.py:1359} INFO - Dependencies all met for <TaskInstance: tutorial.templated 2018-06-01T00:00:00+00:00 [queued]>
[2019-03-21 23:31:29,243] {models.py:1571} INFO - 
--------------------------------------------------------------------------------
Starting attempt 1 of 2
--------------------------------------------------------------------------------

[2019-03-21 23:31:29,267] {models.py:1593} INFO - Executing <Task(BashOperator): templated> on 2018-06-01T00:00:00+00:00
[2019-03-21 23:31:29,267] {base_task_runner.py:118} INFO - Running: ['bash', '-c', 'airflow run tutorial templated 2018-06-01T00:00:00+00:00 --job_id 2267 --raw -sd DAGS_FOLDER/example_dags/tutorial.py --cfg_path /tmp/tmp_cmchh_e']
[2019-03-21 23:31:29,910] {base_task_runner.py:101} INFO - Job 2267: Subtask templated [2019-03-21 23:31:29,900] {__init__.py:51} INFO - Using executor SequentialExecutor
[2019-03-21 23:31:30,129] {base_task_runner.py:101} INFO - Job 2267: Subtask templated [2019-03-21 23:31:30,128] {models.py:273} INFO - Filling up the DagBag from /home/rsandroni/airflow/dags/example_dags/tutorial.py
[2019-03-21 23:31:30,193] {base_task_runner.py:101} INFO - Job 2267: Subtask templated [2019-03-21 23:31:30,192] {cli.py:520} INFO - Running <TaskInstance: tutorial.templated 2018-06-01T00:00:00+00:00 [running]> on host IADAIRP1.globalrs.rack.space
[2019-03-21 23:31:30,209] {bash_operator.py:77} INFO - Tmp dir root location: 
 /tmp
[2019-03-21 23:31:30,210] {bash_operator.py:86} INFO - Exporting the following env vars:
AIRFLOW_CTX_DAG_ID=tutorial
AIRFLOW_CTX_TASK_ID=templated
AIRFLOW_CTX_EXECUTION_DATE=2018-06-01T00:00:00+00:00
AIRFLOW_CTX_DAG_RUN_ID=scheduled__2018-06-01T00:00:00+00:00
[2019-03-21 23:31:30,210] {bash_operator.py:100} INFO - Temporary script location: /tmp/airflowtmptjf26qg9/templated0ceexvtl
[2019-03-21 23:31:30,210] {bash_operator.py:110} INFO - Running command: 

    echo "2018-06-01"
    echo "2018-06-08"
    echo "Parameter I passed in"

    echo "2018-06-01"
    echo "2018-06-08"
    echo "Parameter I passed in"

    echo "2018-06-01"
    echo "2018-06-08"
    echo "Parameter I passed in"

    echo "2018-06-01"
    echo "2018-06-08"
    echo "Parameter I passed in"

    echo "2018-06-01"
    echo "2018-06-08"
    echo "Parameter I passed in"

[2019-03-21 23:31:30,215] {bash_operator.py:119} INFO - Output:
[2019-03-21 23:31:30,217] {bash_operator.py:123} INFO - 2018-06-01
[2019-03-21 23:31:30,217] {bash_operator.py:123} INFO - 2018-06-08
[2019-03-21 23:31:30,217] {bash_operator.py:123} INFO - Parameter I passed in
[2019-03-21 23:31:30,217] {bash_operator.py:123} INFO - 2018-06-01
[2019-03-21 23:31:30,217] {bash_operator.py:123} INFO - 2018-06-08
[2019-03-21 23:31:30,217] {bash_operator.py:123} INFO - Parameter I passed in
[2019-03-21 23:31:30,217] {bash_operator.py:123} INFO - 2018-06-01
[2019-03-21 23:31:30,217] {bash_operator.py:123} INFO - 2018-06-08
[2019-03-21 23:31:30,217] {bash_operator.py:123} INFO - Parameter I passed in
[2019-03-21 23:31:30,217] {bash_operator.py:123} INFO - 2018-06-01
[2019-03-21 23:31:30,217] {bash_operator.py:123} INFO - 2018-06-08
[2019-03-21 23:31:30,217] {bash_operator.py:123} INFO - Parameter I passed in
[2019-03-21 23:31:30,217] {bash_operator.py:123} INFO - 2018-06-01
[2019-03-21 23:31:30,217] {bash_operator.py:123} INFO - 2018-06-08
[2019-03-21 23:31:30,217] {bash_operator.py:123} INFO - Parameter I passed in
[2019-03-21 23:31:30,217] {bash_operator.py:127} INFO - Command exited with return code 0
[2019-03-21 23:31:34,236] {logging_mixin.py:95} INFO - [2019-03-21 23:31:34,236] {jobs.py:2527} INFO - Task exited with return code 0
