[2019-03-19 12:36:39,065] {models.py:1359} INFO - Dependencies all met for <TaskInstance: tutorial.print_date 2016-03-27T00:00:00+00:00 [queued]>
[2019-03-19 12:36:39,068] {models.py:1359} INFO - Dependencies all met for <TaskInstance: tutorial.print_date 2016-03-27T00:00:00+00:00 [queued]>
[2019-03-19 12:36:39,068] {models.py:1571} INFO - 
--------------------------------------------------------------------------------
Starting attempt 1 of 2
--------------------------------------------------------------------------------

[2019-03-19 12:36:39,126] {models.py:1593} INFO - Executing <Task(BashOperator): print_date> on 2016-03-27T00:00:00+00:00
[2019-03-19 12:36:39,126] {base_task_runner.py:118} INFO - Running: ['bash', '-c', 'airflow run tutorial print_date 2016-03-27T00:00:00+00:00 --job_id 606 --raw -sd DAGS_FOLDER/tutorial.py --cfg_path /tmp/tmpmsmxag32']
[2019-03-19 12:36:40,855] {base_task_runner.py:101} INFO - Job 606: Subtask print_date [2019-03-19 12:36:40,855] {__init__.py:51} INFO - Using executor SequentialExecutor
[2019-03-19 12:36:41,491] {base_task_runner.py:101} INFO - Job 606: Subtask print_date [2019-03-19 12:36:41,483] {models.py:273} INFO - Filling up the DagBag from /home/rsandroni/airflow/dags/tutorial.py
[2019-03-19 12:36:41,534] {base_task_runner.py:101} INFO - Job 606: Subtask print_date [2019-03-19 12:36:41,530] {cli.py:520} INFO - Running <TaskInstance: tutorial.print_date 2016-03-27T00:00:00+00:00 [running]> on host IADAIRP1.globalrs.rack.space
[2019-03-19 12:36:41,564] {bash_operator.py:77} INFO - Tmp dir root location: 
 /tmp
[2019-03-19 12:36:41,564] {bash_operator.py:86} INFO - Exporting the following env vars:
AIRFLOW_CTX_DAG_ID=tutorial
AIRFLOW_CTX_TASK_ID=print_date
AIRFLOW_CTX_EXECUTION_DATE=2016-03-27T00:00:00+00:00
AIRFLOW_CTX_DAG_RUN_ID=scheduled__2016-03-27T00:00:00+00:00
[2019-03-19 12:36:41,564] {bash_operator.py:100} INFO - Temporary script location: /tmp/airflowtmpxzovvvx0/print_date_yqs6evl
[2019-03-19 12:36:41,564] {bash_operator.py:110} INFO - Running command: date
[2019-03-19 12:36:41,623] {bash_operator.py:119} INFO - Output:
[2019-03-19 12:36:41,675] {bash_operator.py:123} INFO - Ter Mar 19 12:36:41 -03 2019
[2019-03-19 12:36:41,676] {bash_operator.py:127} INFO - Command exited with return code 0
[2019-03-19 12:36:44,025] {logging_mixin.py:95} INFO - [2019-03-19 12:36:44,024] {jobs.py:2527} INFO - Task exited with return code 0
