[2019-03-22 03:10:47,204] {models.py:1359} INFO - Dependencies all met for <TaskInstance: tutorial.templated 2018-11-14T00:00:00+00:00 [queued]>
[2019-03-22 03:10:47,209] {models.py:1359} INFO - Dependencies all met for <TaskInstance: tutorial.templated 2018-11-14T00:00:00+00:00 [queued]>
[2019-03-22 03:10:47,210] {models.py:1571} INFO - 
--------------------------------------------------------------------------------
Starting attempt 1 of 2
--------------------------------------------------------------------------------

[2019-03-22 03:10:47,222] {models.py:1593} INFO - Executing <Task(BashOperator): templated> on 2018-11-14T00:00:00+00:00
[2019-03-22 03:10:47,223] {base_task_runner.py:118} INFO - Running: ['bash', '-c', 'airflow run tutorial templated 2018-11-14T00:00:00+00:00 --job_id 2599 --raw -sd DAGS_FOLDER/example_dags/tutorial.py --cfg_path /tmp/tmpzu22pgfx']
[2019-03-22 03:10:47,961] {base_task_runner.py:101} INFO - Job 2599: Subtask templated [2019-03-22 03:10:47,960] {__init__.py:51} INFO - Using executor SequentialExecutor
[2019-03-22 03:10:48,253] {base_task_runner.py:101} INFO - Job 2599: Subtask templated [2019-03-22 03:10:48,252] {models.py:273} INFO - Filling up the DagBag from /home/rsandroni/airflow/dags/example_dags/tutorial.py
[2019-03-22 03:10:48,318] {base_task_runner.py:101} INFO - Job 2599: Subtask templated [2019-03-22 03:10:48,316] {cli.py:520} INFO - Running <TaskInstance: tutorial.templated 2018-11-14T00:00:00+00:00 [running]> on host IADAIRP1.globalrs.rack.space
[2019-03-22 03:10:48,334] {bash_operator.py:77} INFO - Tmp dir root location: 
 /tmp
[2019-03-22 03:10:48,334] {bash_operator.py:86} INFO - Exporting the following env vars:
AIRFLOW_CTX_DAG_ID=tutorial
AIRFLOW_CTX_TASK_ID=templated
AIRFLOW_CTX_EXECUTION_DATE=2018-11-14T00:00:00+00:00
AIRFLOW_CTX_DAG_RUN_ID=scheduled__2018-11-14T00:00:00+00:00
[2019-03-22 03:10:48,335] {bash_operator.py:100} INFO - Temporary script location: /tmp/airflowtmpcxk9f02q/templatedv34ukxt4
[2019-03-22 03:10:48,335] {bash_operator.py:110} INFO - Running command: 

    echo "2018-11-14"
    echo "2018-11-21"
    echo "Parameter I passed in"

    echo "2018-11-14"
    echo "2018-11-21"
    echo "Parameter I passed in"

    echo "2018-11-14"
    echo "2018-11-21"
    echo "Parameter I passed in"

    echo "2018-11-14"
    echo "2018-11-21"
    echo "Parameter I passed in"

    echo "2018-11-14"
    echo "2018-11-21"
    echo "Parameter I passed in"

[2019-03-22 03:10:48,340] {bash_operator.py:119} INFO - Output:
[2019-03-22 03:10:48,341] {bash_operator.py:123} INFO - 2018-11-14
[2019-03-22 03:10:48,341] {bash_operator.py:123} INFO - 2018-11-21
[2019-03-22 03:10:48,341] {bash_operator.py:123} INFO - Parameter I passed in
[2019-03-22 03:10:48,341] {bash_operator.py:123} INFO - 2018-11-14
[2019-03-22 03:10:48,341] {bash_operator.py:123} INFO - 2018-11-21
[2019-03-22 03:10:48,342] {bash_operator.py:123} INFO - Parameter I passed in
[2019-03-22 03:10:48,342] {bash_operator.py:123} INFO - 2018-11-14
[2019-03-22 03:10:48,342] {bash_operator.py:123} INFO - 2018-11-21
[2019-03-22 03:10:48,342] {bash_operator.py:123} INFO - Parameter I passed in
[2019-03-22 03:10:48,342] {bash_operator.py:123} INFO - 2018-11-14
[2019-03-22 03:10:48,342] {bash_operator.py:123} INFO - 2018-11-21
[2019-03-22 03:10:48,342] {bash_operator.py:123} INFO - Parameter I passed in
[2019-03-22 03:10:48,342] {bash_operator.py:123} INFO - 2018-11-14
[2019-03-22 03:10:48,342] {bash_operator.py:123} INFO - 2018-11-21
[2019-03-22 03:10:48,342] {bash_operator.py:123} INFO - Parameter I passed in
[2019-03-22 03:10:48,342] {bash_operator.py:127} INFO - Command exited with return code 0
[2019-03-22 03:10:52,268] {logging_mixin.py:95} INFO - [2019-03-22 03:10:52,267] {jobs.py:2527} INFO - Task exited with return code 0
