[2019-03-22 01:49:27,468] {models.py:1359} INFO - Dependencies all met for <TaskInstance: tutorial.print_date 2018-09-14T00:00:00+00:00 [queued]>
[2019-03-22 01:49:27,472] {models.py:1359} INFO - Dependencies all met for <TaskInstance: tutorial.print_date 2018-09-14T00:00:00+00:00 [queued]>
[2019-03-22 01:49:27,472] {models.py:1571} INFO - 
--------------------------------------------------------------------------------
Starting attempt 1 of 2
--------------------------------------------------------------------------------

[2019-03-22 01:49:27,485] {models.py:1593} INFO - Executing <Task(BashOperator): print_date> on 2018-09-14T00:00:00+00:00
[2019-03-22 01:49:27,485] {base_task_runner.py:118} INFO - Running: ['bash', '-c', 'airflow run tutorial print_date 2018-09-14T00:00:00+00:00 --job_id 2476 --raw -sd DAGS_FOLDER/tutorial.py --cfg_path /tmp/tmp9r051ccu']
[2019-03-22 01:49:28,299] {base_task_runner.py:101} INFO - Job 2476: Subtask print_date [2019-03-22 01:49:28,298] {__init__.py:51} INFO - Using executor SequentialExecutor
[2019-03-22 01:49:28,679] {base_task_runner.py:101} INFO - Job 2476: Subtask print_date [2019-03-22 01:49:28,678] {models.py:273} INFO - Filling up the DagBag from /home/rsandroni/airflow/dags/tutorial.py
[2019-03-22 01:49:28,733] {base_task_runner.py:101} INFO - Job 2476: Subtask print_date [2019-03-22 01:49:28,727] {cli.py:520} INFO - Running <TaskInstance: tutorial.print_date 2018-09-14T00:00:00+00:00 [running]> on host IADAIRP1.globalrs.rack.space
[2019-03-22 01:49:28,757] {bash_operator.py:77} INFO - Tmp dir root location: 
 /tmp
[2019-03-22 01:49:28,757] {bash_operator.py:86} INFO - Exporting the following env vars:
AIRFLOW_CTX_DAG_ID=tutorial
AIRFLOW_CTX_TASK_ID=print_date
AIRFLOW_CTX_EXECUTION_DATE=2018-09-14T00:00:00+00:00
AIRFLOW_CTX_DAG_RUN_ID=scheduled__2018-09-14T00:00:00+00:00
[2019-03-22 01:49:28,757] {bash_operator.py:100} INFO - Temporary script location: /tmp/airflowtmpup0vt4ux/print_dateuw6lgz5s
[2019-03-22 01:49:28,758] {bash_operator.py:110} INFO - Running command: date
[2019-03-22 01:49:28,803] {bash_operator.py:119} INFO - Output:
[2019-03-22 01:49:28,820] {bash_operator.py:123} INFO - Sex Mar 22 01:49:28 -03 2019
[2019-03-22 01:49:28,831] {bash_operator.py:127} INFO - Command exited with return code 0
[2019-03-22 01:49:32,521] {logging_mixin.py:95} INFO - [2019-03-22 01:49:32,520] {jobs.py:2527} INFO - Task exited with return code 0
