[2019-03-19 12:42:49,587] {models.py:1359} INFO - Dependencies all met for <TaskInstance: tutorial.print_date 2016-04-08T00:00:00+00:00 [queued]>
[2019-03-19 12:42:49,589] {models.py:1359} INFO - Dependencies all met for <TaskInstance: tutorial.print_date 2016-04-08T00:00:00+00:00 [queued]>
[2019-03-19 12:42:49,590] {models.py:1571} INFO - 
--------------------------------------------------------------------------------
Starting attempt 1 of 2
--------------------------------------------------------------------------------

[2019-03-19 12:42:49,631] {models.py:1593} INFO - Executing <Task(BashOperator): print_date> on 2016-04-08T00:00:00+00:00
[2019-03-19 12:42:49,631] {base_task_runner.py:118} INFO - Running: ['bash', '-c', 'airflow run tutorial print_date 2016-04-08T00:00:00+00:00 --job_id 630 --raw -sd DAGS_FOLDER/tutorial.py --cfg_path /tmp/tmp11wne89f']
[2019-03-19 12:42:51,025] {base_task_runner.py:101} INFO - Job 630: Subtask print_date [2019-03-19 12:42:51,024] {__init__.py:51} INFO - Using executor SequentialExecutor
[2019-03-19 12:42:51,380] {base_task_runner.py:101} INFO - Job 630: Subtask print_date [2019-03-19 12:42:51,379] {models.py:273} INFO - Filling up the DagBag from /home/rsandroni/airflow/dags/tutorial.py
[2019-03-19 12:42:51,429] {base_task_runner.py:101} INFO - Job 630: Subtask print_date [2019-03-19 12:42:51,426] {cli.py:520} INFO - Running <TaskInstance: tutorial.print_date 2016-04-08T00:00:00+00:00 [running]> on host IADAIRP1.globalrs.rack.space
[2019-03-19 12:42:51,452] {bash_operator.py:77} INFO - Tmp dir root location: 
 /tmp
[2019-03-19 12:42:51,453] {bash_operator.py:86} INFO - Exporting the following env vars:
AIRFLOW_CTX_DAG_ID=tutorial
AIRFLOW_CTX_TASK_ID=print_date
AIRFLOW_CTX_EXECUTION_DATE=2016-04-08T00:00:00+00:00
AIRFLOW_CTX_DAG_RUN_ID=scheduled__2016-04-08T00:00:00+00:00
[2019-03-19 12:42:51,453] {bash_operator.py:100} INFO - Temporary script location: /tmp/airflowtmp1if0fnzv/print_datec9wuqk1w
[2019-03-19 12:42:51,453] {bash_operator.py:110} INFO - Running command: date
[2019-03-19 12:42:51,501] {bash_operator.py:119} INFO - Output:
[2019-03-19 12:42:51,522] {bash_operator.py:123} INFO - Ter Mar 19 12:42:51 -03 2019
[2019-03-19 12:42:51,532] {bash_operator.py:127} INFO - Command exited with return code 0
[2019-03-19 12:42:54,627] {logging_mixin.py:95} INFO - [2019-03-19 12:42:54,627] {jobs.py:2527} INFO - Task exited with return code 0
