[2019-03-19 11:31:17,546] {models.py:1359} INFO - Dependencies all met for <TaskInstance: tutorial.templated 2015-10-29T00:00:00+00:00 [queued]>
[2019-03-19 11:31:17,551] {models.py:1359} INFO - Dependencies all met for <TaskInstance: tutorial.templated 2015-10-29T00:00:00+00:00 [queued]>
[2019-03-19 11:31:17,551] {models.py:1571} INFO - 
--------------------------------------------------------------------------------
Starting attempt 1 of 2
--------------------------------------------------------------------------------

[2019-03-19 11:31:17,564] {models.py:1593} INFO - Executing <Task(BashOperator): templated> on 2015-10-29T00:00:00+00:00
[2019-03-19 11:31:17,564] {base_task_runner.py:118} INFO - Running: ['bash', '-c', 'airflow run tutorial templated 2015-10-29T00:00:00+00:00 --job_id 309 --raw -sd DAGS_FOLDER/sql_server_load.py --cfg_path /tmp/tmpzri8wrgv']
[2019-03-19 11:31:18,166] {base_task_runner.py:101} INFO - Job 309: Subtask templated [2019-03-19 11:31:18,165] {__init__.py:51} INFO - Using executor SequentialExecutor
[2019-03-19 11:31:18,420] {base_task_runner.py:101} INFO - Job 309: Subtask templated [2019-03-19 11:31:18,419] {models.py:273} INFO - Filling up the DagBag from /home/rsandroni/airflow/dags/sql_server_load.py
[2019-03-19 11:31:18,436] {base_task_runner.py:101} INFO - Job 309: Subtask templated [2019-03-19 11:31:18,436] {cli.py:520} INFO - Running <TaskInstance: tutorial.templated 2015-10-29T00:00:00+00:00 [running]> on host IADAIRP1.globalrs.rack.space
[2019-03-19 11:31:18,450] {bash_operator.py:77} INFO - Tmp dir root location: 
 /tmp
[2019-03-19 11:31:18,450] {bash_operator.py:86} INFO - Exporting the following env vars:
AIRFLOW_CTX_DAG_ID=tutorial
AIRFLOW_CTX_TASK_ID=templated
AIRFLOW_CTX_EXECUTION_DATE=2015-10-29T00:00:00+00:00
AIRFLOW_CTX_DAG_RUN_ID=scheduled__2015-10-29T00:00:00+00:00
[2019-03-19 11:31:18,451] {bash_operator.py:100} INFO - Temporary script location: /tmp/airflowtmpunbno6yg/templated5szd_qx6
[2019-03-19 11:31:18,451] {bash_operator.py:110} INFO - Running command: 
    
        echo "2015-10-29"
        echo "Parameter I passed in"
    
        echo "2015-10-29"
        echo "Parameter I passed in"
    
        echo "2015-10-29"
        echo "Parameter I passed in"
    
        echo "2015-10-29"
        echo "Parameter I passed in"
    
        echo "2015-10-29"
        echo "Parameter I passed in"
    
    
[2019-03-19 11:31:18,456] {bash_operator.py:119} INFO - Output:
[2019-03-19 11:31:18,457] {bash_operator.py:123} INFO - 2015-10-29
[2019-03-19 11:31:18,457] {bash_operator.py:123} INFO - Parameter I passed in
[2019-03-19 11:31:18,457] {bash_operator.py:123} INFO - 2015-10-29
[2019-03-19 11:31:18,457] {bash_operator.py:123} INFO - Parameter I passed in
[2019-03-19 11:31:18,457] {bash_operator.py:123} INFO - 2015-10-29
[2019-03-19 11:31:18,457] {bash_operator.py:123} INFO - Parameter I passed in
[2019-03-19 11:31:18,457] {bash_operator.py:123} INFO - 2015-10-29
[2019-03-19 11:31:18,457] {bash_operator.py:123} INFO - Parameter I passed in
[2019-03-19 11:31:18,457] {bash_operator.py:123} INFO - 2015-10-29
[2019-03-19 11:31:18,457] {bash_operator.py:123} INFO - Parameter I passed in
[2019-03-19 11:31:18,458] {bash_operator.py:127} INFO - Command exited with return code 0
[2019-03-19 11:31:22,547] {logging_mixin.py:95} INFO - [2019-03-19 11:31:22,546] {jobs.py:2527} INFO - Task exited with return code 0
