[2019-03-22 05:29:07,288] {models.py:1359} INFO - Dependencies all met for <TaskInstance: tutorial.print_date 2019-02-28T00:00:00+00:00 [queued]>
[2019-03-22 05:29:07,291] {models.py:1359} INFO - Dependencies all met for <TaskInstance: tutorial.print_date 2019-02-28T00:00:00+00:00 [queued]>
[2019-03-22 05:29:07,292] {models.py:1571} INFO - 
--------------------------------------------------------------------------------
Starting attempt 1 of 2
--------------------------------------------------------------------------------

[2019-03-22 05:29:07,306] {models.py:1593} INFO - Executing <Task(BashOperator): print_date> on 2019-02-28T00:00:00+00:00
[2019-03-22 05:29:07,306] {base_task_runner.py:118} INFO - Running: ['bash', '-c', 'airflow run tutorial print_date 2019-02-28T00:00:00+00:00 --job_id 2809 --raw -sd DAGS_FOLDER/tutorial.py --cfg_path /tmp/tmp4egfcogk']
[2019-03-22 05:29:07,974] {base_task_runner.py:101} INFO - Job 2809: Subtask print_date [2019-03-22 05:29:07,973] {__init__.py:51} INFO - Using executor SequentialExecutor
[2019-03-22 05:29:08,248] {base_task_runner.py:101} INFO - Job 2809: Subtask print_date [2019-03-22 05:29:08,246] {models.py:273} INFO - Filling up the DagBag from /home/rsandroni/airflow/dags/tutorial.py
[2019-03-22 05:29:08,264] {base_task_runner.py:101} INFO - Job 2809: Subtask print_date [2019-03-22 05:29:08,261] {cli.py:520} INFO - Running <TaskInstance: tutorial.print_date 2019-02-28T00:00:00+00:00 [running]> on host IADAIRP1.globalrs.rack.space
[2019-03-22 05:29:08,275] {bash_operator.py:77} INFO - Tmp dir root location: 
 /tmp
[2019-03-22 05:29:08,275] {bash_operator.py:86} INFO - Exporting the following env vars:
AIRFLOW_CTX_DAG_ID=tutorial
AIRFLOW_CTX_TASK_ID=print_date
AIRFLOW_CTX_EXECUTION_DATE=2019-02-28T00:00:00+00:00
AIRFLOW_CTX_DAG_RUN_ID=scheduled__2019-02-28T00:00:00+00:00
[2019-03-22 05:29:08,276] {bash_operator.py:100} INFO - Temporary script location: /tmp/airflowtmp7owhyk06/print_dateheywnbhm
[2019-03-22 05:29:08,276] {bash_operator.py:110} INFO - Running command: date
[2019-03-22 05:29:08,281] {bash_operator.py:119} INFO - Output:
[2019-03-22 05:29:08,284] {bash_operator.py:123} INFO - Sex Mar 22 05:29:08 -03 2019
[2019-03-22 05:29:08,284] {bash_operator.py:127} INFO - Command exited with return code 0
[2019-03-22 05:29:12,317] {logging_mixin.py:95} INFO - [2019-03-22 05:29:12,316] {jobs.py:2527} INFO - Task exited with return code 0
