[2019-03-19 13:33:29,078] {models.py:1359} INFO - Dependencies all met for <TaskInstance: tutorial.templated 2016-07-21T00:00:00+00:00 [queued]>
[2019-03-19 13:33:29,082] {models.py:1359} INFO - Dependencies all met for <TaskInstance: tutorial.templated 2016-07-21T00:00:00+00:00 [queued]>
[2019-03-19 13:33:29,082] {models.py:1571} INFO - 
--------------------------------------------------------------------------------
Starting attempt 1 of 2
--------------------------------------------------------------------------------

[2019-03-19 13:33:29,096] {models.py:1593} INFO - Executing <Task(BashOperator): templated> on 2016-07-21T00:00:00+00:00
[2019-03-19 13:33:29,096] {base_task_runner.py:118} INFO - Running: ['bash', '-c', 'airflow run tutorial templated 2016-07-21T00:00:00+00:00 --job_id 839 --raw -sd DAGS_FOLDER/example_dags/tutorial.py --cfg_path /tmp/tmpxdglbr27']
[2019-03-19 13:33:29,702] {base_task_runner.py:101} INFO - Job 839: Subtask templated [2019-03-19 13:33:29,702] {__init__.py:51} INFO - Using executor SequentialExecutor
[2019-03-19 13:33:29,927] {base_task_runner.py:101} INFO - Job 839: Subtask templated [2019-03-19 13:33:29,927] {models.py:273} INFO - Filling up the DagBag from /home/rsandroni/airflow/dags/example_dags/tutorial.py
[2019-03-19 13:33:29,968] {base_task_runner.py:101} INFO - Job 839: Subtask templated [2019-03-19 13:33:29,967] {cli.py:520} INFO - Running <TaskInstance: tutorial.templated 2016-07-21T00:00:00+00:00 [running]> on host IADAIRP1.globalrs.rack.space
[2019-03-19 13:33:29,985] {bash_operator.py:77} INFO - Tmp dir root location: 
 /tmp
[2019-03-19 13:33:29,985] {bash_operator.py:86} INFO - Exporting the following env vars:
AIRFLOW_CTX_DAG_ID=tutorial
AIRFLOW_CTX_TASK_ID=templated
AIRFLOW_CTX_EXECUTION_DATE=2016-07-21T00:00:00+00:00
AIRFLOW_CTX_DAG_RUN_ID=scheduled__2016-07-21T00:00:00+00:00
[2019-03-19 13:33:29,986] {bash_operator.py:100} INFO - Temporary script location: /tmp/airflowtmp769a3t8i/templated3luwtcxt
[2019-03-19 13:33:29,986] {bash_operator.py:110} INFO - Running command: 

    echo "2016-07-21"
    echo "2016-07-28"
    echo "Parameter I passed in"

    echo "2016-07-21"
    echo "2016-07-28"
    echo "Parameter I passed in"

    echo "2016-07-21"
    echo "2016-07-28"
    echo "Parameter I passed in"

    echo "2016-07-21"
    echo "2016-07-28"
    echo "Parameter I passed in"

    echo "2016-07-21"
    echo "2016-07-28"
    echo "Parameter I passed in"

[2019-03-19 13:33:29,991] {bash_operator.py:119} INFO - Output:
[2019-03-19 13:33:29,992] {bash_operator.py:123} INFO - 2016-07-21
[2019-03-19 13:33:29,992] {bash_operator.py:123} INFO - 2016-07-28
[2019-03-19 13:33:29,992] {bash_operator.py:123} INFO - Parameter I passed in
[2019-03-19 13:33:29,992] {bash_operator.py:123} INFO - 2016-07-21
[2019-03-19 13:33:29,992] {bash_operator.py:123} INFO - 2016-07-28
[2019-03-19 13:33:29,992] {bash_operator.py:123} INFO - Parameter I passed in
[2019-03-19 13:33:29,993] {bash_operator.py:123} INFO - 2016-07-21
[2019-03-19 13:33:29,993] {bash_operator.py:123} INFO - 2016-07-28
[2019-03-19 13:33:29,993] {bash_operator.py:123} INFO - Parameter I passed in
[2019-03-19 13:33:29,993] {bash_operator.py:123} INFO - 2016-07-21
[2019-03-19 13:33:29,993] {bash_operator.py:123} INFO - 2016-07-28
[2019-03-19 13:33:29,993] {bash_operator.py:123} INFO - Parameter I passed in
[2019-03-19 13:33:29,993] {bash_operator.py:123} INFO - 2016-07-21
[2019-03-19 13:33:29,993] {bash_operator.py:123} INFO - 2016-07-28
[2019-03-19 13:33:29,993] {bash_operator.py:123} INFO - Parameter I passed in
[2019-03-19 13:33:29,993] {bash_operator.py:127} INFO - Command exited with return code 0
[2019-03-19 13:33:34,083] {logging_mixin.py:95} INFO - [2019-03-19 13:33:34,082] {jobs.py:2527} INFO - Task exited with return code 0
