[2019-03-22 02:46:53,717] {models.py:1359} INFO - Dependencies all met for <TaskInstance: tutorial.templated 2018-10-26T00:00:00+00:00 [queued]>
[2019-03-22 02:46:53,728] {models.py:1359} INFO - Dependencies all met for <TaskInstance: tutorial.templated 2018-10-26T00:00:00+00:00 [queued]>
[2019-03-22 02:46:53,729] {models.py:1571} INFO - 
--------------------------------------------------------------------------------
Starting attempt 1 of 2
--------------------------------------------------------------------------------

[2019-03-22 02:46:53,758] {models.py:1593} INFO - Executing <Task(BashOperator): templated> on 2018-10-26T00:00:00+00:00
[2019-03-22 02:46:53,759] {base_task_runner.py:118} INFO - Running: ['bash', '-c', 'airflow run tutorial templated 2018-10-26T00:00:00+00:00 --job_id 2562 --raw -sd DAGS_FOLDER/example_dags/tutorial.py --cfg_path /tmp/tmpoto6ps3b']
[2019-03-22 02:46:54,412] {base_task_runner.py:101} INFO - Job 2562: Subtask templated [2019-03-22 02:46:54,411] {__init__.py:51} INFO - Using executor SequentialExecutor
[2019-03-22 02:46:54,751] {base_task_runner.py:101} INFO - Job 2562: Subtask templated [2019-03-22 02:46:54,748] {models.py:273} INFO - Filling up the DagBag from /home/rsandroni/airflow/dags/example_dags/tutorial.py
[2019-03-22 02:46:54,819] {base_task_runner.py:101} INFO - Job 2562: Subtask templated [2019-03-22 02:46:54,818] {cli.py:520} INFO - Running <TaskInstance: tutorial.templated 2018-10-26T00:00:00+00:00 [running]> on host IADAIRP1.globalrs.rack.space
[2019-03-22 02:46:54,868] {bash_operator.py:77} INFO - Tmp dir root location: 
 /tmp
[2019-03-22 02:46:54,869] {bash_operator.py:86} INFO - Exporting the following env vars:
AIRFLOW_CTX_DAG_ID=tutorial
AIRFLOW_CTX_TASK_ID=templated
AIRFLOW_CTX_EXECUTION_DATE=2018-10-26T00:00:00+00:00
AIRFLOW_CTX_DAG_RUN_ID=scheduled__2018-10-26T00:00:00+00:00
[2019-03-22 02:46:54,870] {bash_operator.py:100} INFO - Temporary script location: /tmp/airflowtmpa47vesjl/templateduufrfyr5
[2019-03-22 02:46:54,870] {bash_operator.py:110} INFO - Running command: 

    echo "2018-10-26"
    echo "2018-11-02"
    echo "Parameter I passed in"

    echo "2018-10-26"
    echo "2018-11-02"
    echo "Parameter I passed in"

    echo "2018-10-26"
    echo "2018-11-02"
    echo "Parameter I passed in"

    echo "2018-10-26"
    echo "2018-11-02"
    echo "Parameter I passed in"

    echo "2018-10-26"
    echo "2018-11-02"
    echo "Parameter I passed in"

[2019-03-22 02:46:54,910] {bash_operator.py:119} INFO - Output:
[2019-03-22 02:46:54,911] {bash_operator.py:123} INFO - 2018-10-26
[2019-03-22 02:46:54,911] {bash_operator.py:123} INFO - 2018-11-02
[2019-03-22 02:46:54,911] {bash_operator.py:123} INFO - Parameter I passed in
[2019-03-22 02:46:54,911] {bash_operator.py:123} INFO - 2018-10-26
[2019-03-22 02:46:54,911] {bash_operator.py:123} INFO - 2018-11-02
[2019-03-22 02:46:54,911] {bash_operator.py:123} INFO - Parameter I passed in
[2019-03-22 02:46:54,911] {bash_operator.py:123} INFO - 2018-10-26
[2019-03-22 02:46:54,911] {bash_operator.py:123} INFO - 2018-11-02
[2019-03-22 02:46:54,911] {bash_operator.py:123} INFO - Parameter I passed in
[2019-03-22 02:46:54,911] {bash_operator.py:123} INFO - 2018-10-26
[2019-03-22 02:46:54,911] {bash_operator.py:123} INFO - 2018-11-02
[2019-03-22 02:46:54,911] {bash_operator.py:123} INFO - Parameter I passed in
[2019-03-22 02:46:54,911] {bash_operator.py:123} INFO - 2018-10-26
[2019-03-22 02:46:54,911] {bash_operator.py:123} INFO - 2018-11-02
[2019-03-22 02:46:54,911] {bash_operator.py:123} INFO - Parameter I passed in
[2019-03-22 02:46:54,911] {bash_operator.py:127} INFO - Command exited with return code 0
[2019-03-22 02:46:58,738] {logging_mixin.py:95} INFO - [2019-03-22 02:46:58,737] {jobs.py:2527} INFO - Task exited with return code 0
