[2019-03-22 04:04:14,663] {models.py:1359} INFO - Dependencies all met for <TaskInstance: tutorial.print_date 2018-12-25T00:00:00+00:00 [queued]>
[2019-03-22 04:04:14,666] {models.py:1359} INFO - Dependencies all met for <TaskInstance: tutorial.print_date 2018-12-25T00:00:00+00:00 [queued]>
[2019-03-22 04:04:14,666] {models.py:1571} INFO - 
--------------------------------------------------------------------------------
Starting attempt 1 of 2
--------------------------------------------------------------------------------

[2019-03-22 04:04:14,682] {models.py:1593} INFO - Executing <Task(BashOperator): print_date> on 2018-12-25T00:00:00+00:00
[2019-03-22 04:04:14,682] {base_task_runner.py:118} INFO - Running: ['bash', '-c', 'airflow run tutorial print_date 2018-12-25T00:00:00+00:00 --job_id 2680 --raw -sd DAGS_FOLDER/tutorial.py --cfg_path /tmp/tmp2zypg6ft']
[2019-03-22 04:04:15,318] {base_task_runner.py:101} INFO - Job 2680: Subtask print_date [2019-03-22 04:04:15,317] {__init__.py:51} INFO - Using executor SequentialExecutor
[2019-03-22 04:04:15,588] {base_task_runner.py:101} INFO - Job 2680: Subtask print_date [2019-03-22 04:04:15,587] {models.py:273} INFO - Filling up the DagBag from /home/rsandroni/airflow/dags/tutorial.py
[2019-03-22 04:04:15,603] {base_task_runner.py:101} INFO - Job 2680: Subtask print_date [2019-03-22 04:04:15,602] {cli.py:520} INFO - Running <TaskInstance: tutorial.print_date 2018-12-25T00:00:00+00:00 [running]> on host IADAIRP1.globalrs.rack.space
[2019-03-22 04:04:15,615] {bash_operator.py:77} INFO - Tmp dir root location: 
 /tmp
[2019-03-22 04:04:15,616] {bash_operator.py:86} INFO - Exporting the following env vars:
AIRFLOW_CTX_DAG_ID=tutorial
AIRFLOW_CTX_TASK_ID=print_date
AIRFLOW_CTX_EXECUTION_DATE=2018-12-25T00:00:00+00:00
AIRFLOW_CTX_DAG_RUN_ID=scheduled__2018-12-25T00:00:00+00:00
[2019-03-22 04:04:15,616] {bash_operator.py:100} INFO - Temporary script location: /tmp/airflowtmp9293nyd3/print_datev2to5a9q
[2019-03-22 04:04:15,616] {bash_operator.py:110} INFO - Running command: date
[2019-03-22 04:04:15,621] {bash_operator.py:119} INFO - Output:
[2019-03-22 04:04:15,623] {bash_operator.py:123} INFO - Sex Mar 22 04:04:15 -03 2019
[2019-03-22 04:04:15,624] {bash_operator.py:127} INFO - Command exited with return code 0
[2019-03-22 04:04:19,670] {logging_mixin.py:95} INFO - [2019-03-22 04:04:19,669] {jobs.py:2527} INFO - Task exited with return code 0
