[2019-03-19 15:13:06,840] {models.py:1359} INFO - Dependencies all met for <TaskInstance: tutorial.templated 2017-02-16T00:00:00+00:00 [queued]>
[2019-03-19 15:13:06,844] {models.py:1359} INFO - Dependencies all met for <TaskInstance: tutorial.templated 2017-02-16T00:00:00+00:00 [queued]>
[2019-03-19 15:13:06,844] {models.py:1571} INFO - 
--------------------------------------------------------------------------------
Starting attempt 1 of 2
--------------------------------------------------------------------------------

[2019-03-19 15:13:06,914] {models.py:1593} INFO - Executing <Task(BashOperator): templated> on 2017-02-16T00:00:00+00:00
[2019-03-19 15:13:06,915] {base_task_runner.py:118} INFO - Running: ['bash', '-c', 'airflow run tutorial templated 2017-02-16T00:00:00+00:00 --job_id 1259 --raw -sd DAGS_FOLDER/example_dags/tutorial.py --cfg_path /tmp/tmp7n8idhu5']
[2019-03-19 15:13:07,639] {base_task_runner.py:101} INFO - Job 1259: Subtask templated [2019-03-19 15:13:07,632] {__init__.py:51} INFO - Using executor SequentialExecutor
[2019-03-19 15:13:08,024] {base_task_runner.py:101} INFO - Job 1259: Subtask templated [2019-03-19 15:13:08,023] {models.py:273} INFO - Filling up the DagBag from /home/rsandroni/airflow/dags/example_dags/tutorial.py
[2019-03-19 15:13:08,160] {base_task_runner.py:101} INFO - Job 1259: Subtask templated [2019-03-19 15:13:08,159] {cli.py:520} INFO - Running <TaskInstance: tutorial.templated 2017-02-16T00:00:00+00:00 [running]> on host IADAIRP1.globalrs.rack.space
[2019-03-19 15:13:08,214] {bash_operator.py:77} INFO - Tmp dir root location: 
 /tmp
[2019-03-19 15:13:08,214] {bash_operator.py:86} INFO - Exporting the following env vars:
AIRFLOW_CTX_DAG_ID=tutorial
AIRFLOW_CTX_TASK_ID=templated
AIRFLOW_CTX_EXECUTION_DATE=2017-02-16T00:00:00+00:00
AIRFLOW_CTX_DAG_RUN_ID=scheduled__2017-02-16T00:00:00+00:00
[2019-03-19 15:13:08,215] {bash_operator.py:100} INFO - Temporary script location: /tmp/airflowtmp3yf9b55k/templated3asbgre6
[2019-03-19 15:13:08,215] {bash_operator.py:110} INFO - Running command: 

    echo "2017-02-16"
    echo "2017-02-23"
    echo "Parameter I passed in"

    echo "2017-02-16"
    echo "2017-02-23"
    echo "Parameter I passed in"

    echo "2017-02-16"
    echo "2017-02-23"
    echo "Parameter I passed in"

    echo "2017-02-16"
    echo "2017-02-23"
    echo "Parameter I passed in"

    echo "2017-02-16"
    echo "2017-02-23"
    echo "Parameter I passed in"

[2019-03-19 15:13:08,248] {bash_operator.py:119} INFO - Output:
[2019-03-19 15:13:08,259] {bash_operator.py:123} INFO - 2017-02-16
[2019-03-19 15:13:08,260] {bash_operator.py:123} INFO - 2017-02-23
[2019-03-19 15:13:08,260] {bash_operator.py:123} INFO - Parameter I passed in
[2019-03-19 15:13:08,260] {bash_operator.py:123} INFO - 2017-02-16
[2019-03-19 15:13:08,260] {bash_operator.py:123} INFO - 2017-02-23
[2019-03-19 15:13:08,260] {bash_operator.py:123} INFO - Parameter I passed in
[2019-03-19 15:13:08,260] {bash_operator.py:123} INFO - 2017-02-16
[2019-03-19 15:13:08,260] {bash_operator.py:123} INFO - 2017-02-23
[2019-03-19 15:13:08,260] {bash_operator.py:123} INFO - Parameter I passed in
[2019-03-19 15:13:08,260] {bash_operator.py:123} INFO - 2017-02-16
[2019-03-19 15:13:08,260] {bash_operator.py:123} INFO - 2017-02-23
[2019-03-19 15:13:08,260] {bash_operator.py:123} INFO - Parameter I passed in
[2019-03-19 15:13:08,260] {bash_operator.py:123} INFO - 2017-02-16
[2019-03-19 15:13:08,260] {bash_operator.py:123} INFO - 2017-02-23
[2019-03-19 15:13:08,260] {bash_operator.py:123} INFO - Parameter I passed in
[2019-03-19 15:13:08,261] {bash_operator.py:127} INFO - Command exited with return code 0
[2019-03-19 15:13:11,840] {logging_mixin.py:95} INFO - [2019-03-19 15:13:11,840] {jobs.py:2527} INFO - Task exited with return code 0
