[2019-03-22 04:14:16,973] {models.py:1359} INFO - Dependencies all met for <TaskInstance: tutorial.templated 2019-01-01T00:00:00+00:00 [queued]>
[2019-03-22 04:14:16,978] {models.py:1359} INFO - Dependencies all met for <TaskInstance: tutorial.templated 2019-01-01T00:00:00+00:00 [queued]>
[2019-03-22 04:14:16,978] {models.py:1571} INFO - 
--------------------------------------------------------------------------------
Starting attempt 1 of 2
--------------------------------------------------------------------------------

[2019-03-22 04:14:16,995] {models.py:1593} INFO - Executing <Task(BashOperator): templated> on 2019-01-01T00:00:00+00:00
[2019-03-22 04:14:16,995] {base_task_runner.py:118} INFO - Running: ['bash', '-c', 'airflow run tutorial templated 2019-01-01T00:00:00+00:00 --job_id 2695 --raw -sd DAGS_FOLDER/example_dags/tutorial.py --cfg_path /tmp/tmpay5w5v5r']
[2019-03-22 04:14:17,762] {base_task_runner.py:101} INFO - Job 2695: Subtask templated [2019-03-22 04:14:17,760] {__init__.py:51} INFO - Using executor SequentialExecutor
[2019-03-22 04:14:18,084] {base_task_runner.py:101} INFO - Job 2695: Subtask templated [2019-03-22 04:14:18,080] {models.py:273} INFO - Filling up the DagBag from /home/rsandroni/airflow/dags/example_dags/tutorial.py
[2019-03-22 04:14:18,151] {base_task_runner.py:101} INFO - Job 2695: Subtask templated [2019-03-22 04:14:18,150] {cli.py:520} INFO - Running <TaskInstance: tutorial.templated 2019-01-01T00:00:00+00:00 [running]> on host IADAIRP1.globalrs.rack.space
[2019-03-22 04:14:18,181] {bash_operator.py:77} INFO - Tmp dir root location: 
 /tmp
[2019-03-22 04:14:18,181] {bash_operator.py:86} INFO - Exporting the following env vars:
AIRFLOW_CTX_DAG_ID=tutorial
AIRFLOW_CTX_TASK_ID=templated
AIRFLOW_CTX_EXECUTION_DATE=2019-01-01T00:00:00+00:00
AIRFLOW_CTX_DAG_RUN_ID=scheduled__2019-01-01T00:00:00+00:00
[2019-03-22 04:14:18,182] {bash_operator.py:100} INFO - Temporary script location: /tmp/airflowtmpjbeodt1y/templated4df4f_vz
[2019-03-22 04:14:18,182] {bash_operator.py:110} INFO - Running command: 

    echo "2019-01-01"
    echo "2019-01-08"
    echo "Parameter I passed in"

    echo "2019-01-01"
    echo "2019-01-08"
    echo "Parameter I passed in"

    echo "2019-01-01"
    echo "2019-01-08"
    echo "Parameter I passed in"

    echo "2019-01-01"
    echo "2019-01-08"
    echo "Parameter I passed in"

    echo "2019-01-01"
    echo "2019-01-08"
    echo "Parameter I passed in"

[2019-03-22 04:14:18,189] {bash_operator.py:119} INFO - Output:
[2019-03-22 04:14:18,191] {bash_operator.py:123} INFO - 2019-01-01
[2019-03-22 04:14:18,191] {bash_operator.py:123} INFO - 2019-01-08
[2019-03-22 04:14:18,191] {bash_operator.py:123} INFO - Parameter I passed in
[2019-03-22 04:14:18,191] {bash_operator.py:123} INFO - 2019-01-01
[2019-03-22 04:14:18,191] {bash_operator.py:123} INFO - 2019-01-08
[2019-03-22 04:14:18,191] {bash_operator.py:123} INFO - Parameter I passed in
[2019-03-22 04:14:18,191] {bash_operator.py:123} INFO - 2019-01-01
[2019-03-22 04:14:18,192] {bash_operator.py:123} INFO - 2019-01-08
[2019-03-22 04:14:18,192] {bash_operator.py:123} INFO - Parameter I passed in
[2019-03-22 04:14:18,192] {bash_operator.py:123} INFO - 2019-01-01
[2019-03-22 04:14:18,192] {bash_operator.py:123} INFO - 2019-01-08
[2019-03-22 04:14:18,192] {bash_operator.py:123} INFO - Parameter I passed in
[2019-03-22 04:14:18,192] {bash_operator.py:123} INFO - 2019-01-01
[2019-03-22 04:14:18,192] {bash_operator.py:123} INFO - 2019-01-08
[2019-03-22 04:14:18,192] {bash_operator.py:123} INFO - Parameter I passed in
[2019-03-22 04:14:18,192] {bash_operator.py:127} INFO - Command exited with return code 0
[2019-03-22 04:14:21,970] {logging_mixin.py:95} INFO - [2019-03-22 04:14:21,969] {jobs.py:2527} INFO - Task exited with return code 0
