[2019-03-22 01:30:21,223] {models.py:1359} INFO - Dependencies all met for <TaskInstance: tutorial.templated 2018-08-29T00:00:00+00:00 [queued]>
[2019-03-22 01:30:21,228] {models.py:1359} INFO - Dependencies all met for <TaskInstance: tutorial.templated 2018-08-29T00:00:00+00:00 [queued]>
[2019-03-22 01:30:21,228] {models.py:1571} INFO - 
--------------------------------------------------------------------------------
Starting attempt 1 of 2
--------------------------------------------------------------------------------

[2019-03-22 01:30:21,263] {models.py:1593} INFO - Executing <Task(BashOperator): templated> on 2018-08-29T00:00:00+00:00
[2019-03-22 01:30:21,263] {base_task_runner.py:118} INFO - Running: ['bash', '-c', 'airflow run tutorial templated 2018-08-29T00:00:00+00:00 --job_id 2446 --raw -sd DAGS_FOLDER/example_dags/tutorial.py --cfg_path /tmp/tmplkphsra2']
[2019-03-22 01:30:21,980] {base_task_runner.py:101} INFO - Job 2446: Subtask templated [2019-03-22 01:30:21,979] {__init__.py:51} INFO - Using executor SequentialExecutor
[2019-03-22 01:30:22,257] {base_task_runner.py:101} INFO - Job 2446: Subtask templated [2019-03-22 01:30:22,256] {models.py:273} INFO - Filling up the DagBag from /home/rsandroni/airflow/dags/example_dags/tutorial.py
[2019-03-22 01:30:22,324] {base_task_runner.py:101} INFO - Job 2446: Subtask templated [2019-03-22 01:30:22,321] {cli.py:520} INFO - Running <TaskInstance: tutorial.templated 2018-08-29T00:00:00+00:00 [running]> on host IADAIRP1.globalrs.rack.space
[2019-03-22 01:30:22,337] {bash_operator.py:77} INFO - Tmp dir root location: 
 /tmp
[2019-03-22 01:30:22,338] {bash_operator.py:86} INFO - Exporting the following env vars:
AIRFLOW_CTX_DAG_ID=tutorial
AIRFLOW_CTX_TASK_ID=templated
AIRFLOW_CTX_EXECUTION_DATE=2018-08-29T00:00:00+00:00
AIRFLOW_CTX_DAG_RUN_ID=scheduled__2018-08-29T00:00:00+00:00
[2019-03-22 01:30:22,338] {bash_operator.py:100} INFO - Temporary script location: /tmp/airflowtmprjszi5me/templatedetodiihk
[2019-03-22 01:30:22,338] {bash_operator.py:110} INFO - Running command: 

    echo "2018-08-29"
    echo "2018-09-05"
    echo "Parameter I passed in"

    echo "2018-08-29"
    echo "2018-09-05"
    echo "Parameter I passed in"

    echo "2018-08-29"
    echo "2018-09-05"
    echo "Parameter I passed in"

    echo "2018-08-29"
    echo "2018-09-05"
    echo "Parameter I passed in"

    echo "2018-08-29"
    echo "2018-09-05"
    echo "Parameter I passed in"

[2019-03-22 01:30:22,344] {bash_operator.py:119} INFO - Output:
[2019-03-22 01:30:22,345] {bash_operator.py:123} INFO - 2018-08-29
[2019-03-22 01:30:22,345] {bash_operator.py:123} INFO - 2018-09-05
[2019-03-22 01:30:22,345] {bash_operator.py:123} INFO - Parameter I passed in
[2019-03-22 01:30:22,345] {bash_operator.py:123} INFO - 2018-08-29
[2019-03-22 01:30:22,346] {bash_operator.py:123} INFO - 2018-09-05
[2019-03-22 01:30:22,346] {bash_operator.py:123} INFO - Parameter I passed in
[2019-03-22 01:30:22,346] {bash_operator.py:123} INFO - 2018-08-29
[2019-03-22 01:30:22,346] {bash_operator.py:123} INFO - 2018-09-05
[2019-03-22 01:30:22,346] {bash_operator.py:123} INFO - Parameter I passed in
[2019-03-22 01:30:22,346] {bash_operator.py:123} INFO - 2018-08-29
[2019-03-22 01:30:22,346] {bash_operator.py:123} INFO - 2018-09-05
[2019-03-22 01:30:22,346] {bash_operator.py:123} INFO - Parameter I passed in
[2019-03-22 01:30:22,346] {bash_operator.py:123} INFO - 2018-08-29
[2019-03-22 01:30:22,346] {bash_operator.py:123} INFO - 2018-09-05
[2019-03-22 01:30:22,346] {bash_operator.py:123} INFO - Parameter I passed in
[2019-03-22 01:30:22,346] {bash_operator.py:127} INFO - Command exited with return code 0
[2019-03-22 01:30:26,210] {logging_mixin.py:95} INFO - [2019-03-22 01:30:26,209] {jobs.py:2527} INFO - Task exited with return code 0
