[2019-03-22 00:53:14,319] {models.py:1359} INFO - Dependencies all met for <TaskInstance: tutorial.templated 2018-08-01T00:00:00+00:00 [queued]>
[2019-03-22 00:53:14,324] {models.py:1359} INFO - Dependencies all met for <TaskInstance: tutorial.templated 2018-08-01T00:00:00+00:00 [queued]>
[2019-03-22 00:53:14,324] {models.py:1571} INFO - 
--------------------------------------------------------------------------------
Starting attempt 1 of 2
--------------------------------------------------------------------------------

[2019-03-22 00:53:14,396] {models.py:1593} INFO - Executing <Task(BashOperator): templated> on 2018-08-01T00:00:00+00:00
[2019-03-22 00:53:14,396] {base_task_runner.py:118} INFO - Running: ['bash', '-c', 'airflow run tutorial templated 2018-08-01T00:00:00+00:00 --job_id 2390 --raw -sd DAGS_FOLDER/example_dags/tutorial.py --cfg_path /tmp/tmpey7887t5']
[2019-03-22 00:53:15,584] {base_task_runner.py:101} INFO - Job 2390: Subtask templated [2019-03-22 00:53:15,583] {__init__.py:51} INFO - Using executor SequentialExecutor
[2019-03-22 00:53:16,213] {base_task_runner.py:101} INFO - Job 2390: Subtask templated [2019-03-22 00:53:16,212] {models.py:273} INFO - Filling up the DagBag from /home/rsandroni/airflow/dags/example_dags/tutorial.py
[2019-03-22 00:53:16,469] {base_task_runner.py:101} INFO - Job 2390: Subtask templated [2019-03-22 00:53:16,465] {cli.py:520} INFO - Running <TaskInstance: tutorial.templated 2018-08-01T00:00:00+00:00 [running]> on host IADAIRP1.globalrs.rack.space
[2019-03-22 00:53:16,507] {bash_operator.py:77} INFO - Tmp dir root location: 
 /tmp
[2019-03-22 00:53:16,507] {bash_operator.py:86} INFO - Exporting the following env vars:
AIRFLOW_CTX_DAG_ID=tutorial
AIRFLOW_CTX_TASK_ID=templated
AIRFLOW_CTX_EXECUTION_DATE=2018-08-01T00:00:00+00:00
AIRFLOW_CTX_DAG_RUN_ID=scheduled__2018-08-01T00:00:00+00:00
[2019-03-22 00:53:16,508] {bash_operator.py:100} INFO - Temporary script location: /tmp/airflowtmppt61yw3x/templatedupg2i7jp
[2019-03-22 00:53:16,508] {bash_operator.py:110} INFO - Running command: 

    echo "2018-08-01"
    echo "2018-08-08"
    echo "Parameter I passed in"

    echo "2018-08-01"
    echo "2018-08-08"
    echo "Parameter I passed in"

    echo "2018-08-01"
    echo "2018-08-08"
    echo "Parameter I passed in"

    echo "2018-08-01"
    echo "2018-08-08"
    echo "Parameter I passed in"

    echo "2018-08-01"
    echo "2018-08-08"
    echo "Parameter I passed in"

[2019-03-22 00:53:16,568] {bash_operator.py:119} INFO - Output:
[2019-03-22 00:53:16,569] {bash_operator.py:123} INFO - 2018-08-01
[2019-03-22 00:53:16,569] {bash_operator.py:123} INFO - 2018-08-08
[2019-03-22 00:53:16,569] {bash_operator.py:123} INFO - Parameter I passed in
[2019-03-22 00:53:16,569] {bash_operator.py:123} INFO - 2018-08-01
[2019-03-22 00:53:16,569] {bash_operator.py:123} INFO - 2018-08-08
[2019-03-22 00:53:16,569] {bash_operator.py:123} INFO - Parameter I passed in
[2019-03-22 00:53:16,569] {bash_operator.py:123} INFO - 2018-08-01
[2019-03-22 00:53:16,569] {bash_operator.py:123} INFO - 2018-08-08
[2019-03-22 00:53:16,569] {bash_operator.py:123} INFO - Parameter I passed in
[2019-03-22 00:53:16,569] {bash_operator.py:123} INFO - 2018-08-01
[2019-03-22 00:53:16,569] {bash_operator.py:123} INFO - 2018-08-08
[2019-03-22 00:53:16,569] {bash_operator.py:123} INFO - Parameter I passed in
[2019-03-22 00:53:16,569] {bash_operator.py:123} INFO - 2018-08-01
[2019-03-22 00:53:16,569] {bash_operator.py:123} INFO - 2018-08-08
[2019-03-22 00:53:16,569] {bash_operator.py:123} INFO - Parameter I passed in
[2019-03-22 00:53:16,569] {bash_operator.py:127} INFO - Command exited with return code 0
[2019-03-22 00:53:19,340] {logging_mixin.py:95} INFO - [2019-03-22 00:53:19,340] {jobs.py:2527} INFO - Task exited with return code 0
