[2019-03-21 18:21:19,346] {models.py:1359} INFO - Dependencies all met for <TaskInstance: tutorial.templated 2017-10-05T00:00:00+00:00 [queued]>
[2019-03-21 18:21:19,350] {models.py:1359} INFO - Dependencies all met for <TaskInstance: tutorial.templated 2017-10-05T00:00:00+00:00 [queued]>
[2019-03-21 18:21:19,351] {models.py:1571} INFO - 
--------------------------------------------------------------------------------
Starting attempt 1 of 2
--------------------------------------------------------------------------------

[2019-03-21 18:21:19,368] {models.py:1593} INFO - Executing <Task(BashOperator): templated> on 2017-10-05T00:00:00+00:00
[2019-03-21 18:21:19,368] {base_task_runner.py:118} INFO - Running: ['bash', '-c', 'airflow run tutorial templated 2017-10-05T00:00:00+00:00 --job_id 1790 --raw -sd DAGS_FOLDER/example_dags/tutorial.py --cfg_path /tmp/tmpcc4gsidg']
[2019-03-21 18:21:20,017] {base_task_runner.py:101} INFO - Job 1790: Subtask templated [2019-03-21 18:21:20,016] {__init__.py:51} INFO - Using executor SequentialExecutor
[2019-03-21 18:21:20,253] {base_task_runner.py:101} INFO - Job 1790: Subtask templated [2019-03-21 18:21:20,253] {models.py:273} INFO - Filling up the DagBag from /home/rsandroni/airflow/dags/example_dags/tutorial.py
[2019-03-21 18:21:20,318] {base_task_runner.py:101} INFO - Job 1790: Subtask templated [2019-03-21 18:21:20,318] {cli.py:520} INFO - Running <TaskInstance: tutorial.templated 2017-10-05T00:00:00+00:00 [running]> on host IADAIRP1.globalrs.rack.space
[2019-03-21 18:21:20,335] {bash_operator.py:77} INFO - Tmp dir root location: 
 /tmp
[2019-03-21 18:21:20,335] {bash_operator.py:86} INFO - Exporting the following env vars:
AIRFLOW_CTX_DAG_ID=tutorial
AIRFLOW_CTX_TASK_ID=templated
AIRFLOW_CTX_EXECUTION_DATE=2017-10-05T00:00:00+00:00
AIRFLOW_CTX_DAG_RUN_ID=scheduled__2017-10-05T00:00:00+00:00
[2019-03-21 18:21:20,336] {bash_operator.py:100} INFO - Temporary script location: /tmp/airflowtmp7kf7qlt1/templatedur4v9g2b
[2019-03-21 18:21:20,336] {bash_operator.py:110} INFO - Running command: 

    echo "2017-10-05"
    echo "2017-10-12"
    echo "Parameter I passed in"

    echo "2017-10-05"
    echo "2017-10-12"
    echo "Parameter I passed in"

    echo "2017-10-05"
    echo "2017-10-12"
    echo "Parameter I passed in"

    echo "2017-10-05"
    echo "2017-10-12"
    echo "Parameter I passed in"

    echo "2017-10-05"
    echo "2017-10-12"
    echo "Parameter I passed in"

[2019-03-21 18:21:20,342] {bash_operator.py:119} INFO - Output:
[2019-03-21 18:21:20,343] {bash_operator.py:123} INFO - 2017-10-05
[2019-03-21 18:21:20,343] {bash_operator.py:123} INFO - 2017-10-12
[2019-03-21 18:21:20,343] {bash_operator.py:123} INFO - Parameter I passed in
[2019-03-21 18:21:20,343] {bash_operator.py:123} INFO - 2017-10-05
[2019-03-21 18:21:20,343] {bash_operator.py:123} INFO - 2017-10-12
[2019-03-21 18:21:20,343] {bash_operator.py:123} INFO - Parameter I passed in
[2019-03-21 18:21:20,343] {bash_operator.py:123} INFO - 2017-10-05
[2019-03-21 18:21:20,343] {bash_operator.py:123} INFO - 2017-10-12
[2019-03-21 18:21:20,343] {bash_operator.py:123} INFO - Parameter I passed in
[2019-03-21 18:21:20,343] {bash_operator.py:123} INFO - 2017-10-05
[2019-03-21 18:21:20,343] {bash_operator.py:123} INFO - 2017-10-12
[2019-03-21 18:21:20,343] {bash_operator.py:123} INFO - Parameter I passed in
[2019-03-21 18:21:20,343] {bash_operator.py:123} INFO - 2017-10-05
[2019-03-21 18:21:20,343] {bash_operator.py:123} INFO - 2017-10-12
[2019-03-21 18:21:20,343] {bash_operator.py:123} INFO - Parameter I passed in
[2019-03-21 18:21:20,343] {bash_operator.py:127} INFO - Command exited with return code 0
[2019-03-21 18:21:24,346] {logging_mixin.py:95} INFO - [2019-03-21 18:21:24,345] {jobs.py:2527} INFO - Task exited with return code 0
