[2019-03-21 21:09:15,798] {models.py:1359} INFO - Dependencies all met for <TaskInstance: tutorial.print_date 2018-02-13T00:00:00+00:00 [queued]>
[2019-03-21 21:09:15,801] {models.py:1359} INFO - Dependencies all met for <TaskInstance: tutorial.print_date 2018-02-13T00:00:00+00:00 [queued]>
[2019-03-21 21:09:15,801] {models.py:1571} INFO - 
--------------------------------------------------------------------------------
Starting attempt 1 of 2
--------------------------------------------------------------------------------

[2019-03-21 21:09:15,816] {models.py:1593} INFO - Executing <Task(BashOperator): print_date> on 2018-02-13T00:00:00+00:00
[2019-03-21 21:09:15,816] {base_task_runner.py:118} INFO - Running: ['bash', '-c', 'airflow run tutorial print_date 2018-02-13T00:00:00+00:00 --job_id 2049 --raw -sd DAGS_FOLDER/tutorial.py --cfg_path /tmp/tmp0lb5c1jk']
[2019-03-21 21:09:16,453] {base_task_runner.py:101} INFO - Job 2049: Subtask print_date [2019-03-21 21:09:16,452] {__init__.py:51} INFO - Using executor SequentialExecutor
[2019-03-21 21:09:16,684] {base_task_runner.py:101} INFO - Job 2049: Subtask print_date [2019-03-21 21:09:16,683] {models.py:273} INFO - Filling up the DagBag from /home/rsandroni/airflow/dags/tutorial.py
[2019-03-21 21:09:16,699] {base_task_runner.py:101} INFO - Job 2049: Subtask print_date [2019-03-21 21:09:16,699] {cli.py:520} INFO - Running <TaskInstance: tutorial.print_date 2018-02-13T00:00:00+00:00 [running]> on host IADAIRP1.globalrs.rack.space
[2019-03-21 21:09:16,711] {bash_operator.py:77} INFO - Tmp dir root location: 
 /tmp
[2019-03-21 21:09:16,712] {bash_operator.py:86} INFO - Exporting the following env vars:
AIRFLOW_CTX_DAG_ID=tutorial
AIRFLOW_CTX_TASK_ID=print_date
AIRFLOW_CTX_EXECUTION_DATE=2018-02-13T00:00:00+00:00
AIRFLOW_CTX_DAG_RUN_ID=scheduled__2018-02-13T00:00:00+00:00
[2019-03-21 21:09:16,712] {bash_operator.py:100} INFO - Temporary script location: /tmp/airflowtmph2btloub/print_date5f80eg2q
[2019-03-21 21:09:16,712] {bash_operator.py:110} INFO - Running command: date
[2019-03-21 21:09:16,718] {bash_operator.py:119} INFO - Output:
[2019-03-21 21:09:16,720] {bash_operator.py:123} INFO - Qui Mar 21 21:09:16 -03 2019
[2019-03-21 21:09:16,720] {bash_operator.py:127} INFO - Command exited with return code 0
[2019-03-21 21:09:20,802] {logging_mixin.py:95} INFO - [2019-03-21 21:09:20,802] {jobs.py:2527} INFO - Task exited with return code 0
