[2019-03-21 23:15:48,481] {models.py:1359} INFO - Dependencies all met for <TaskInstance: tutorial.templated 2018-05-19T00:00:00+00:00 [queued]>
[2019-03-21 23:15:48,485] {models.py:1359} INFO - Dependencies all met for <TaskInstance: tutorial.templated 2018-05-19T00:00:00+00:00 [queued]>
[2019-03-21 23:15:48,486] {models.py:1571} INFO - 
--------------------------------------------------------------------------------
Starting attempt 1 of 2
--------------------------------------------------------------------------------

[2019-03-21 23:15:48,499] {models.py:1593} INFO - Executing <Task(BashOperator): templated> on 2018-05-19T00:00:00+00:00
[2019-03-21 23:15:48,499] {base_task_runner.py:118} INFO - Running: ['bash', '-c', 'airflow run tutorial templated 2018-05-19T00:00:00+00:00 --job_id 2242 --raw -sd DAGS_FOLDER/example_dags/tutorial.py --cfg_path /tmp/tmpura1f7__']
[2019-03-21 23:15:49,134] {base_task_runner.py:101} INFO - Job 2242: Subtask templated [2019-03-21 23:15:49,134] {__init__.py:51} INFO - Using executor SequentialExecutor
[2019-03-21 23:15:49,369] {base_task_runner.py:101} INFO - Job 2242: Subtask templated [2019-03-21 23:15:49,368] {models.py:273} INFO - Filling up the DagBag from /home/rsandroni/airflow/dags/example_dags/tutorial.py
[2019-03-21 23:15:49,433] {base_task_runner.py:101} INFO - Job 2242: Subtask templated [2019-03-21 23:15:49,432] {cli.py:520} INFO - Running <TaskInstance: tutorial.templated 2018-05-19T00:00:00+00:00 [running]> on host IADAIRP1.globalrs.rack.space
[2019-03-21 23:15:49,448] {bash_operator.py:77} INFO - Tmp dir root location: 
 /tmp
[2019-03-21 23:15:49,449] {bash_operator.py:86} INFO - Exporting the following env vars:
AIRFLOW_CTX_DAG_ID=tutorial
AIRFLOW_CTX_TASK_ID=templated
AIRFLOW_CTX_EXECUTION_DATE=2018-05-19T00:00:00+00:00
AIRFLOW_CTX_DAG_RUN_ID=scheduled__2018-05-19T00:00:00+00:00
[2019-03-21 23:15:49,449] {bash_operator.py:100} INFO - Temporary script location: /tmp/airflowtmp9s6w2mlq/templatednu8y_k_3
[2019-03-21 23:15:49,449] {bash_operator.py:110} INFO - Running command: 

    echo "2018-05-19"
    echo "2018-05-26"
    echo "Parameter I passed in"

    echo "2018-05-19"
    echo "2018-05-26"
    echo "Parameter I passed in"

    echo "2018-05-19"
    echo "2018-05-26"
    echo "Parameter I passed in"

    echo "2018-05-19"
    echo "2018-05-26"
    echo "Parameter I passed in"

    echo "2018-05-19"
    echo "2018-05-26"
    echo "Parameter I passed in"

[2019-03-21 23:15:49,455] {bash_operator.py:119} INFO - Output:
[2019-03-21 23:15:49,456] {bash_operator.py:123} INFO - 2018-05-19
[2019-03-21 23:15:49,456] {bash_operator.py:123} INFO - 2018-05-26
[2019-03-21 23:15:49,456] {bash_operator.py:123} INFO - Parameter I passed in
[2019-03-21 23:15:49,456] {bash_operator.py:123} INFO - 2018-05-19
[2019-03-21 23:15:49,456] {bash_operator.py:123} INFO - 2018-05-26
[2019-03-21 23:15:49,456] {bash_operator.py:123} INFO - Parameter I passed in
[2019-03-21 23:15:49,456] {bash_operator.py:123} INFO - 2018-05-19
[2019-03-21 23:15:49,456] {bash_operator.py:123} INFO - 2018-05-26
[2019-03-21 23:15:49,456] {bash_operator.py:123} INFO - Parameter I passed in
[2019-03-21 23:15:49,456] {bash_operator.py:123} INFO - 2018-05-19
[2019-03-21 23:15:49,456] {bash_operator.py:123} INFO - 2018-05-26
[2019-03-21 23:15:49,456] {bash_operator.py:123} INFO - Parameter I passed in
[2019-03-21 23:15:49,456] {bash_operator.py:123} INFO - 2018-05-19
[2019-03-21 23:15:49,456] {bash_operator.py:123} INFO - 2018-05-26
[2019-03-21 23:15:49,456] {bash_operator.py:123} INFO - Parameter I passed in
[2019-03-21 23:15:49,457] {bash_operator.py:127} INFO - Command exited with return code 0
[2019-03-21 23:15:53,482] {logging_mixin.py:95} INFO - [2019-03-21 23:15:53,481] {jobs.py:2527} INFO - Task exited with return code 0
