[2019-03-19 14:05:17,294] {models.py:1359} INFO - Dependencies all met for <TaskInstance: tutorial.print_date 2016-09-27T00:00:00+00:00 [queued]>
[2019-03-19 14:05:17,297] {models.py:1359} INFO - Dependencies all met for <TaskInstance: tutorial.print_date 2016-09-27T00:00:00+00:00 [queued]>
[2019-03-19 14:05:17,298] {models.py:1571} INFO - 
--------------------------------------------------------------------------------
Starting attempt 1 of 2
--------------------------------------------------------------------------------

[2019-03-19 14:05:17,331] {models.py:1593} INFO - Executing <Task(BashOperator): print_date> on 2016-09-27T00:00:00+00:00
[2019-03-19 14:05:17,331] {base_task_runner.py:118} INFO - Running: ['bash', '-c', 'airflow run tutorial print_date 2016-09-27T00:00:00+00:00 --job_id 973 --raw -sd DAGS_FOLDER/tutorial.py --cfg_path /tmp/tmpw8tlnn32']
[2019-03-19 14:05:19,691] {base_task_runner.py:101} INFO - Job 973: Subtask print_date [2019-03-19 14:05:19,690] {__init__.py:51} INFO - Using executor SequentialExecutor
[2019-03-19 14:05:20,694] {base_task_runner.py:101} INFO - Job 973: Subtask print_date [2019-03-19 14:05:20,686] {models.py:273} INFO - Filling up the DagBag from /home/rsandroni/airflow/dags/tutorial.py
[2019-03-19 14:05:20,715] {base_task_runner.py:101} INFO - Job 973: Subtask print_date [2019-03-19 14:05:20,711] {cli.py:520} INFO - Running <TaskInstance: tutorial.print_date 2016-09-27T00:00:00+00:00 [running]> on host IADAIRP1.globalrs.rack.space
[2019-03-19 14:05:20,734] {bash_operator.py:77} INFO - Tmp dir root location: 
 /tmp
[2019-03-19 14:05:20,735] {bash_operator.py:86} INFO - Exporting the following env vars:
AIRFLOW_CTX_DAG_ID=tutorial
AIRFLOW_CTX_TASK_ID=print_date
AIRFLOW_CTX_EXECUTION_DATE=2016-09-27T00:00:00+00:00
AIRFLOW_CTX_DAG_RUN_ID=scheduled__2016-09-27T00:00:00+00:00
[2019-03-19 14:05:20,735] {bash_operator.py:100} INFO - Temporary script location: /tmp/airflowtmpt8n6mzet/print_date_ft_opz1
[2019-03-19 14:05:20,735] {bash_operator.py:110} INFO - Running command: date
[2019-03-19 14:05:20,764] {bash_operator.py:119} INFO - Output:
[2019-03-19 14:05:20,812] {bash_operator.py:123} INFO - Ter Mar 19 14:05:20 -03 2019
[2019-03-19 14:05:20,812] {bash_operator.py:127} INFO - Command exited with return code 0
[2019-03-19 14:05:22,271] {logging_mixin.py:95} INFO - [2019-03-19 14:05:22,270] {jobs.py:2527} INFO - Task exited with return code 0
