[2019-03-19 11:33:31,527] {models.py:1359} INFO - Dependencies all met for <TaskInstance: tutorial.print_date 2015-11-05T00:00:00+00:00 [queued]>
[2019-03-19 11:33:31,528] {models.py:1359} INFO - Dependencies all met for <TaskInstance: tutorial.print_date 2015-11-05T00:00:00+00:00 [queued]>
[2019-03-19 11:33:31,529] {models.py:1571} INFO - 
--------------------------------------------------------------------------------
Starting attempt 1 of 2
--------------------------------------------------------------------------------

[2019-03-19 11:33:31,550] {models.py:1593} INFO - Executing <Task(BashOperator): print_date> on 2015-11-05T00:00:00+00:00
[2019-03-19 11:33:31,550] {base_task_runner.py:118} INFO - Running: ['bash', '-c', 'airflow run tutorial print_date 2015-11-05T00:00:00+00:00 --job_id 319 --raw -sd DAGS_FOLDER/tutorial.py --cfg_path /tmp/tmpr8bwzido']
[2019-03-19 11:33:32,154] {base_task_runner.py:101} INFO - Job 319: Subtask print_date [2019-03-19 11:33:32,153] {__init__.py:51} INFO - Using executor SequentialExecutor
[2019-03-19 11:33:32,387] {base_task_runner.py:101} INFO - Job 319: Subtask print_date [2019-03-19 11:33:32,386] {models.py:273} INFO - Filling up the DagBag from /home/rsandroni/airflow/dags/tutorial.py
[2019-03-19 11:33:32,402] {base_task_runner.py:101} INFO - Job 319: Subtask print_date [2019-03-19 11:33:32,402] {cli.py:520} INFO - Running <TaskInstance: tutorial.print_date 2015-11-05T00:00:00+00:00 [running]> on host IADAIRP1.globalrs.rack.space
[2019-03-19 11:33:32,417] {bash_operator.py:77} INFO - Tmp dir root location: 
 /tmp
[2019-03-19 11:33:32,417] {bash_operator.py:86} INFO - Exporting the following env vars:
AIRFLOW_CTX_DAG_ID=tutorial
AIRFLOW_CTX_TASK_ID=print_date
AIRFLOW_CTX_EXECUTION_DATE=2015-11-05T00:00:00+00:00
AIRFLOW_CTX_DAG_RUN_ID=scheduled__2015-11-05T00:00:00+00:00
[2019-03-19 11:33:32,417] {bash_operator.py:100} INFO - Temporary script location: /tmp/airflowtmptfhki2un/print_date83y6pi7p
[2019-03-19 11:33:32,417] {bash_operator.py:110} INFO - Running command: date
[2019-03-19 11:33:32,422] {bash_operator.py:119} INFO - Output:
[2019-03-19 11:33:32,424] {bash_operator.py:123} INFO - Ter Mar 19 11:33:32 -03 2019
[2019-03-19 11:33:32,426] {bash_operator.py:127} INFO - Command exited with return code 0
[2019-03-19 11:33:36,540] {logging_mixin.py:95} INFO - [2019-03-19 11:33:36,540] {jobs.py:2527} INFO - Task exited with return code 0
