[2019-03-19 15:19:35,506] {models.py:1359} INFO - Dependencies all met for <TaskInstance: tutorial.templated 2017-03-01T00:00:00+00:00 [queued]>
[2019-03-19 15:19:35,512] {models.py:1359} INFO - Dependencies all met for <TaskInstance: tutorial.templated 2017-03-01T00:00:00+00:00 [queued]>
[2019-03-19 15:19:35,512] {models.py:1571} INFO - 
--------------------------------------------------------------------------------
Starting attempt 1 of 2
--------------------------------------------------------------------------------

[2019-03-19 15:19:35,581] {models.py:1593} INFO - Executing <Task(BashOperator): templated> on 2017-03-01T00:00:00+00:00
[2019-03-19 15:19:35,581] {base_task_runner.py:118} INFO - Running: ['bash', '-c', 'airflow run tutorial templated 2017-03-01T00:00:00+00:00 --job_id 1287 --raw -sd DAGS_FOLDER/sql_server_load.py --cfg_path /tmp/tmp2_9czfxe']
[2019-03-19 15:19:36,645] {base_task_runner.py:101} INFO - Job 1287: Subtask templated [2019-03-19 15:19:36,645] {__init__.py:51} INFO - Using executor SequentialExecutor
[2019-03-19 15:19:37,052] {base_task_runner.py:101} INFO - Job 1287: Subtask templated [2019-03-19 15:19:37,051] {models.py:273} INFO - Filling up the DagBag from /home/rsandroni/airflow/dags/sql_server_load.py
[2019-03-19 15:19:37,106] {base_task_runner.py:101} INFO - Job 1287: Subtask templated [2019-03-19 15:19:37,105] {cli.py:520} INFO - Running <TaskInstance: tutorial.templated 2017-03-01T00:00:00+00:00 [running]> on host IADAIRP1.globalrs.rack.space
[2019-03-19 15:19:37,126] {bash_operator.py:77} INFO - Tmp dir root location: 
 /tmp
[2019-03-19 15:19:37,127] {bash_operator.py:86} INFO - Exporting the following env vars:
AIRFLOW_CTX_DAG_ID=tutorial
AIRFLOW_CTX_TASK_ID=templated
AIRFLOW_CTX_EXECUTION_DATE=2017-03-01T00:00:00+00:00
AIRFLOW_CTX_DAG_RUN_ID=scheduled__2017-03-01T00:00:00+00:00
[2019-03-19 15:19:37,127] {bash_operator.py:100} INFO - Temporary script location: /tmp/airflowtmpilxdp9xo/templatedsazt8adf
[2019-03-19 15:19:37,127] {bash_operator.py:110} INFO - Running command: 
    
        echo "2017-03-01"
        echo "Parameter I passed in"
    
        echo "2017-03-01"
        echo "Parameter I passed in"
    
        echo "2017-03-01"
        echo "Parameter I passed in"
    
        echo "2017-03-01"
        echo "Parameter I passed in"
    
        echo "2017-03-01"
        echo "Parameter I passed in"
    
    
[2019-03-19 15:19:37,135] {bash_operator.py:119} INFO - Output:
[2019-03-19 15:19:37,136] {bash_operator.py:123} INFO - 2017-03-01
[2019-03-19 15:19:37,136] {bash_operator.py:123} INFO - Parameter I passed in
[2019-03-19 15:19:37,136] {bash_operator.py:123} INFO - 2017-03-01
[2019-03-19 15:19:37,136] {bash_operator.py:123} INFO - Parameter I passed in
[2019-03-19 15:19:37,136] {bash_operator.py:123} INFO - 2017-03-01
[2019-03-19 15:19:37,136] {bash_operator.py:123} INFO - Parameter I passed in
[2019-03-19 15:19:37,136] {bash_operator.py:123} INFO - 2017-03-01
[2019-03-19 15:19:37,136] {bash_operator.py:123} INFO - Parameter I passed in
[2019-03-19 15:19:37,136] {bash_operator.py:123} INFO - 2017-03-01
[2019-03-19 15:19:37,136] {bash_operator.py:123} INFO - Parameter I passed in
[2019-03-19 15:19:37,136] {bash_operator.py:127} INFO - Command exited with return code 0
[2019-03-19 15:19:40,448] {logging_mixin.py:95} INFO - [2019-03-19 15:19:40,447] {jobs.py:2527} INFO - Task exited with return code 0
