[2019-03-22 00:00:08,193] {models.py:1359} INFO - Dependencies all met for <TaskInstance: tutorial.templated 2018-06-22T00:00:00+00:00 [queued]>
[2019-03-22 00:00:08,198] {models.py:1359} INFO - Dependencies all met for <TaskInstance: tutorial.templated 2018-06-22T00:00:00+00:00 [queued]>
[2019-03-22 00:00:08,198] {models.py:1571} INFO - 
--------------------------------------------------------------------------------
Starting attempt 1 of 2
--------------------------------------------------------------------------------

[2019-03-22 00:00:08,236] {models.py:1593} INFO - Executing <Task(BashOperator): templated> on 2018-06-22T00:00:00+00:00
[2019-03-22 00:00:08,236] {base_task_runner.py:118} INFO - Running: ['bash', '-c', 'airflow run tutorial templated 2018-06-22T00:00:00+00:00 --job_id 2310 --raw -sd DAGS_FOLDER/example_dags/tutorial.py --cfg_path /tmp/tmpaalt51g3']
[2019-03-22 00:00:08,953] {base_task_runner.py:101} INFO - Job 2310: Subtask templated [2019-03-22 00:00:08,952] {__init__.py:51} INFO - Using executor SequentialExecutor
[2019-03-22 00:00:09,215] {base_task_runner.py:101} INFO - Job 2310: Subtask templated [2019-03-22 00:00:09,214] {models.py:273} INFO - Filling up the DagBag from /home/rsandroni/airflow/dags/example_dags/tutorial.py
[2019-03-22 00:00:09,279] {base_task_runner.py:101} INFO - Job 2310: Subtask templated [2019-03-22 00:00:09,279] {cli.py:520} INFO - Running <TaskInstance: tutorial.templated 2018-06-22T00:00:00+00:00 [running]> on host IADAIRP1.globalrs.rack.space
[2019-03-22 00:00:09,299] {bash_operator.py:77} INFO - Tmp dir root location: 
 /tmp
[2019-03-22 00:00:09,299] {bash_operator.py:86} INFO - Exporting the following env vars:
AIRFLOW_CTX_DAG_ID=tutorial
AIRFLOW_CTX_TASK_ID=templated
AIRFLOW_CTX_EXECUTION_DATE=2018-06-22T00:00:00+00:00
AIRFLOW_CTX_DAG_RUN_ID=scheduled__2018-06-22T00:00:00+00:00
[2019-03-22 00:00:09,300] {bash_operator.py:100} INFO - Temporary script location: /tmp/airflowtmpr4xffc7b/templateds_slrt0r
[2019-03-22 00:00:09,300] {bash_operator.py:110} INFO - Running command: 

    echo "2018-06-22"
    echo "2018-06-29"
    echo "Parameter I passed in"

    echo "2018-06-22"
    echo "2018-06-29"
    echo "Parameter I passed in"

    echo "2018-06-22"
    echo "2018-06-29"
    echo "Parameter I passed in"

    echo "2018-06-22"
    echo "2018-06-29"
    echo "Parameter I passed in"

    echo "2018-06-22"
    echo "2018-06-29"
    echo "Parameter I passed in"

[2019-03-22 00:00:09,310] {bash_operator.py:119} INFO - Output:
[2019-03-22 00:00:09,311] {bash_operator.py:123} INFO - 2018-06-22
[2019-03-22 00:00:09,311] {bash_operator.py:123} INFO - 2018-06-29
[2019-03-22 00:00:09,312] {bash_operator.py:123} INFO - Parameter I passed in
[2019-03-22 00:00:09,312] {bash_operator.py:123} INFO - 2018-06-22
[2019-03-22 00:00:09,312] {bash_operator.py:123} INFO - 2018-06-29
[2019-03-22 00:00:09,312] {bash_operator.py:123} INFO - Parameter I passed in
[2019-03-22 00:00:09,312] {bash_operator.py:123} INFO - 2018-06-22
[2019-03-22 00:00:09,312] {bash_operator.py:123} INFO - 2018-06-29
[2019-03-22 00:00:09,312] {bash_operator.py:123} INFO - Parameter I passed in
[2019-03-22 00:00:09,312] {bash_operator.py:123} INFO - 2018-06-22
[2019-03-22 00:00:09,312] {bash_operator.py:123} INFO - 2018-06-29
[2019-03-22 00:00:09,312] {bash_operator.py:123} INFO - Parameter I passed in
[2019-03-22 00:00:09,312] {bash_operator.py:123} INFO - 2018-06-22
[2019-03-22 00:00:09,312] {bash_operator.py:123} INFO - 2018-06-29
[2019-03-22 00:00:09,312] {bash_operator.py:123} INFO - Parameter I passed in
[2019-03-22 00:00:09,312] {bash_operator.py:127} INFO - Command exited with return code 0
[2019-03-22 00:00:13,185] {logging_mixin.py:95} INFO - [2019-03-22 00:00:13,185] {jobs.py:2527} INFO - Task exited with return code 0
