[2019-03-19 12:13:38,056] {models.py:1359} INFO - Dependencies all met for <TaskInstance: tutorial.print_date 2016-02-05T00:00:00+00:00 [queued]>
[2019-03-19 12:13:38,058] {models.py:1359} INFO - Dependencies all met for <TaskInstance: tutorial.print_date 2016-02-05T00:00:00+00:00 [queued]>
[2019-03-19 12:13:38,058] {models.py:1571} INFO - 
--------------------------------------------------------------------------------
Starting attempt 1 of 2
--------------------------------------------------------------------------------

[2019-03-19 12:13:38,079] {models.py:1593} INFO - Executing <Task(BashOperator): print_date> on 2016-02-05T00:00:00+00:00
[2019-03-19 12:13:38,079] {base_task_runner.py:118} INFO - Running: ['bash', '-c', 'airflow run tutorial print_date 2016-02-05T00:00:00+00:00 --job_id 504 --raw -sd DAGS_FOLDER/tutorial.py --cfg_path /tmp/tmplmt3mmp8']
[2019-03-19 12:13:38,695] {base_task_runner.py:101} INFO - Job 504: Subtask print_date [2019-03-19 12:13:38,694] {__init__.py:51} INFO - Using executor SequentialExecutor
[2019-03-19 12:13:38,926] {base_task_runner.py:101} INFO - Job 504: Subtask print_date [2019-03-19 12:13:38,925] {models.py:273} INFO - Filling up the DagBag from /home/rsandroni/airflow/dags/tutorial.py
[2019-03-19 12:13:38,941] {base_task_runner.py:101} INFO - Job 504: Subtask print_date [2019-03-19 12:13:38,941] {cli.py:520} INFO - Running <TaskInstance: tutorial.print_date 2016-02-05T00:00:00+00:00 [running]> on host IADAIRP1.globalrs.rack.space
[2019-03-19 12:13:38,954] {bash_operator.py:77} INFO - Tmp dir root location: 
 /tmp
[2019-03-19 12:13:38,954] {bash_operator.py:86} INFO - Exporting the following env vars:
AIRFLOW_CTX_DAG_ID=tutorial
AIRFLOW_CTX_TASK_ID=print_date
AIRFLOW_CTX_EXECUTION_DATE=2016-02-05T00:00:00+00:00
AIRFLOW_CTX_DAG_RUN_ID=scheduled__2016-02-05T00:00:00+00:00
[2019-03-19 12:13:38,955] {bash_operator.py:100} INFO - Temporary script location: /tmp/airflowtmpu38bgvcp/print_dateo2k3zkdc
[2019-03-19 12:13:38,955] {bash_operator.py:110} INFO - Running command: date
[2019-03-19 12:13:38,960] {bash_operator.py:119} INFO - Output:
[2019-03-19 12:13:38,962] {bash_operator.py:123} INFO - Ter Mar 19 12:13:38 -03 2019
[2019-03-19 12:13:38,962] {bash_operator.py:127} INFO - Command exited with return code 0
[2019-03-19 12:13:43,064] {logging_mixin.py:95} INFO - [2019-03-19 12:13:43,063] {jobs.py:2527} INFO - Task exited with return code 0
