[2019-03-19 12:29:20,243] {models.py:1359} INFO - Dependencies all met for <TaskInstance: tutorial.print_date 2016-03-13T00:00:00+00:00 [queued]>
[2019-03-19 12:29:20,246] {models.py:1359} INFO - Dependencies all met for <TaskInstance: tutorial.print_date 2016-03-13T00:00:00+00:00 [queued]>
[2019-03-19 12:29:20,246] {models.py:1571} INFO - 
--------------------------------------------------------------------------------
Starting attempt 1 of 2
--------------------------------------------------------------------------------

[2019-03-19 12:29:20,277] {models.py:1593} INFO - Executing <Task(BashOperator): print_date> on 2016-03-13T00:00:00+00:00
[2019-03-19 12:29:20,278] {base_task_runner.py:118} INFO - Running: ['bash', '-c', 'airflow run tutorial print_date 2016-03-13T00:00:00+00:00 --job_id 577 --raw -sd DAGS_FOLDER/tutorial.py --cfg_path /tmp/tmpsz_ospag']
[2019-03-19 12:29:20,914] {base_task_runner.py:101} INFO - Job 577: Subtask print_date [2019-03-19 12:29:20,911] {__init__.py:51} INFO - Using executor SequentialExecutor
[2019-03-19 12:29:21,240] {base_task_runner.py:101} INFO - Job 577: Subtask print_date [2019-03-19 12:29:21,239] {models.py:273} INFO - Filling up the DagBag from /home/rsandroni/airflow/dags/tutorial.py
[2019-03-19 12:29:21,265] {base_task_runner.py:101} INFO - Job 577: Subtask print_date [2019-03-19 12:29:21,264] {cli.py:520} INFO - Running <TaskInstance: tutorial.print_date 2016-03-13T00:00:00+00:00 [running]> on host IADAIRP1.globalrs.rack.space
[2019-03-19 12:29:21,286] {bash_operator.py:77} INFO - Tmp dir root location: 
 /tmp
[2019-03-19 12:29:21,287] {bash_operator.py:86} INFO - Exporting the following env vars:
AIRFLOW_CTX_DAG_ID=tutorial
AIRFLOW_CTX_TASK_ID=print_date
AIRFLOW_CTX_EXECUTION_DATE=2016-03-13T00:00:00+00:00
AIRFLOW_CTX_DAG_RUN_ID=scheduled__2016-03-13T00:00:00+00:00
[2019-03-19 12:29:21,287] {bash_operator.py:100} INFO - Temporary script location: /tmp/airflowtmpmkp8ni2g/print_datey8lud8_w
[2019-03-19 12:29:21,287] {bash_operator.py:110} INFO - Running command: date
[2019-03-19 12:29:21,321] {bash_operator.py:119} INFO - Output:
[2019-03-19 12:29:21,332] {bash_operator.py:123} INFO - Ter Mar 19 12:29:21 -03 2019
[2019-03-19 12:29:21,333] {bash_operator.py:127} INFO - Command exited with return code 0
[2019-03-19 12:29:25,248] {logging_mixin.py:95} INFO - [2019-03-19 12:29:25,247] {jobs.py:2527} INFO - Task exited with return code 0
