[2019-03-19 10:15:46,346] {models.py:1359} INFO - Dependencies all met for <TaskInstance: tutorial.print_date 2015-06-02T00:00:00+00:00 [queued]>
[2019-03-19 10:15:46,348] {models.py:1359} INFO - Dependencies all met for <TaskInstance: tutorial.print_date 2015-06-02T00:00:00+00:00 [queued]>
[2019-03-19 10:15:46,348] {models.py:1571} INFO - 
--------------------------------------------------------------------------------
Starting attempt 1 of 2
--------------------------------------------------------------------------------

[2019-03-19 10:15:46,360] {models.py:1593} INFO - Executing <Task(BashOperator): print_date> on 2015-06-02T00:00:00+00:00
[2019-03-19 10:15:46,360] {base_task_runner.py:118} INFO - Running: ['bash', '-c', 'airflow run tutorial print_date 2015-06-02T00:00:00+00:00 --job_id 8 --raw -sd DAGS_FOLDER/tutorial.py --cfg_path /tmp/tmpc0ves9l_']
[2019-03-19 10:15:46,966] {base_task_runner.py:101} INFO - Job 8: Subtask print_date [2019-03-19 10:15:46,966] {__init__.py:51} INFO - Using executor SequentialExecutor
[2019-03-19 10:15:47,186] {base_task_runner.py:101} INFO - Job 8: Subtask print_date [2019-03-19 10:15:47,186] {models.py:273} INFO - Filling up the DagBag from /home/rsandroni/airflow/dags/tutorial.py
[2019-03-19 10:15:47,200] {base_task_runner.py:101} INFO - Job 8: Subtask print_date [2019-03-19 10:15:47,200] {cli.py:520} INFO - Running <TaskInstance: tutorial.print_date 2015-06-02T00:00:00+00:00 [running]> on host IADAIRP1.globalrs.rack.space
[2019-03-19 10:15:47,214] {bash_operator.py:77} INFO - Tmp dir root location: 
 /tmp
[2019-03-19 10:15:47,214] {bash_operator.py:86} INFO - Exporting the following env vars:
AIRFLOW_CTX_DAG_ID=tutorial
AIRFLOW_CTX_TASK_ID=print_date
AIRFLOW_CTX_EXECUTION_DATE=2015-06-02T00:00:00+00:00
AIRFLOW_CTX_DAG_RUN_ID=scheduled__2015-06-02T00:00:00+00:00
[2019-03-19 10:15:47,214] {bash_operator.py:100} INFO - Temporary script location: /tmp/airflowtmpsey76_87/print_date7a_j_8xh
[2019-03-19 10:15:47,214] {bash_operator.py:110} INFO - Running command: date
[2019-03-19 10:15:47,219] {bash_operator.py:119} INFO - Output:
[2019-03-19 10:15:47,221] {bash_operator.py:123} INFO - Ter Mar 19 10:15:47 -03 2019
[2019-03-19 10:15:47,222] {bash_operator.py:127} INFO - Command exited with return code 0
[2019-03-19 10:15:51,353] {logging_mixin.py:95} INFO - [2019-03-19 10:15:51,353] {jobs.py:2527} INFO - Task exited with return code 0
