[2019-03-21 18:05:45,204] {models.py:1359} INFO - Dependencies all met for <TaskInstance: tutorial.print_date 2017-09-10T00:00:00+00:00 [queued]>
[2019-03-21 18:05:45,207] {models.py:1359} INFO - Dependencies all met for <TaskInstance: tutorial.print_date 2017-09-10T00:00:00+00:00 [queued]>
[2019-03-21 18:05:45,207] {models.py:1571} INFO - 
--------------------------------------------------------------------------------
Starting attempt 1 of 2
--------------------------------------------------------------------------------

[2019-03-21 18:05:45,226] {models.py:1593} INFO - Executing <Task(BashOperator): print_date> on 2017-09-10T00:00:00+00:00
[2019-03-21 18:05:45,226] {base_task_runner.py:118} INFO - Running: ['bash', '-c', 'airflow run tutorial print_date 2017-09-10T00:00:00+00:00 --job_id 1729 --raw -sd DAGS_FOLDER/tutorial.py --cfg_path /tmp/tmp0hrvxwgk']
[2019-03-21 18:05:45,880] {base_task_runner.py:101} INFO - Job 1729: Subtask print_date [2019-03-21 18:05:45,879] {__init__.py:51} INFO - Using executor SequentialExecutor
[2019-03-21 18:05:46,123] {base_task_runner.py:101} INFO - Job 1729: Subtask print_date [2019-03-21 18:05:46,122] {models.py:273} INFO - Filling up the DagBag from /home/rsandroni/airflow/dags/tutorial.py
[2019-03-21 18:05:46,142] {base_task_runner.py:101} INFO - Job 1729: Subtask print_date [2019-03-21 18:05:46,139] {cli.py:520} INFO - Running <TaskInstance: tutorial.print_date 2017-09-10T00:00:00+00:00 [running]> on host IADAIRP1.globalrs.rack.space
[2019-03-21 18:05:46,152] {bash_operator.py:77} INFO - Tmp dir root location: 
 /tmp
[2019-03-21 18:05:46,153] {bash_operator.py:86} INFO - Exporting the following env vars:
AIRFLOW_CTX_DAG_ID=tutorial
AIRFLOW_CTX_TASK_ID=print_date
AIRFLOW_CTX_EXECUTION_DATE=2017-09-10T00:00:00+00:00
AIRFLOW_CTX_DAG_RUN_ID=scheduled__2017-09-10T00:00:00+00:00
[2019-03-21 18:05:46,153] {bash_operator.py:100} INFO - Temporary script location: /tmp/airflowtmp04rhvpgs/print_datefjs4d2v1
[2019-03-21 18:05:46,153] {bash_operator.py:110} INFO - Running command: date
[2019-03-21 18:05:46,159] {bash_operator.py:119} INFO - Output:
[2019-03-21 18:05:46,161] {bash_operator.py:123} INFO - Qui Mar 21 18:05:46 -03 2019
[2019-03-21 18:05:46,161] {bash_operator.py:127} INFO - Command exited with return code 0
[2019-03-21 18:05:50,203] {logging_mixin.py:95} INFO - [2019-03-21 18:05:50,202] {jobs.py:2527} INFO - Task exited with return code 0
