[2019-03-19 11:48:28,662] {models.py:1359} INFO - Dependencies all met for <TaskInstance: tutorial.templated 2015-12-09T00:00:00+00:00 [queued]>
[2019-03-19 11:48:28,665] {models.py:1359} INFO - Dependencies all met for <TaskInstance: tutorial.templated 2015-12-09T00:00:00+00:00 [queued]>
[2019-03-19 11:48:28,666] {models.py:1571} INFO - 
--------------------------------------------------------------------------------
Starting attempt 1 of 2
--------------------------------------------------------------------------------

[2019-03-19 11:48:28,680] {models.py:1593} INFO - Executing <Task(BashOperator): templated> on 2015-12-09T00:00:00+00:00
[2019-03-19 11:48:28,680] {base_task_runner.py:118} INFO - Running: ['bash', '-c', 'airflow run tutorial templated 2015-12-09T00:00:00+00:00 --job_id 389 --raw -sd DAGS_FOLDER/example_dags/tutorial.py --cfg_path /tmp/tmpuva0tao1']
[2019-03-19 11:48:29,395] {base_task_runner.py:101} INFO - Job 389: Subtask templated [2019-03-19 11:48:29,394] {__init__.py:51} INFO - Using executor SequentialExecutor
[2019-03-19 11:48:29,655] {base_task_runner.py:101} INFO - Job 389: Subtask templated [2019-03-19 11:48:29,654] {models.py:273} INFO - Filling up the DagBag from /home/rsandroni/airflow/dags/example_dags/tutorial.py
[2019-03-19 11:48:29,697] {base_task_runner.py:101} INFO - Job 389: Subtask templated [2019-03-19 11:48:29,695] {cli.py:520} INFO - Running <TaskInstance: tutorial.templated 2015-12-09T00:00:00+00:00 [running]> on host IADAIRP1.globalrs.rack.space
[2019-03-19 11:48:29,711] {bash_operator.py:77} INFO - Tmp dir root location: 
 /tmp
[2019-03-19 11:48:29,712] {bash_operator.py:86} INFO - Exporting the following env vars:
AIRFLOW_CTX_DAG_ID=tutorial
AIRFLOW_CTX_TASK_ID=templated
AIRFLOW_CTX_EXECUTION_DATE=2015-12-09T00:00:00+00:00
AIRFLOW_CTX_DAG_RUN_ID=scheduled__2015-12-09T00:00:00+00:00
[2019-03-19 11:48:29,712] {bash_operator.py:100} INFO - Temporary script location: /tmp/airflowtmpiyuzi1uq/templatedsr6ur95u
[2019-03-19 11:48:29,712] {bash_operator.py:110} INFO - Running command: 

    echo "2015-12-09"
    echo "2015-12-16"
    echo "Parameter I passed in"

    echo "2015-12-09"
    echo "2015-12-16"
    echo "Parameter I passed in"

    echo "2015-12-09"
    echo "2015-12-16"
    echo "Parameter I passed in"

    echo "2015-12-09"
    echo "2015-12-16"
    echo "Parameter I passed in"

    echo "2015-12-09"
    echo "2015-12-16"
    echo "Parameter I passed in"

[2019-03-19 11:48:29,717] {bash_operator.py:119} INFO - Output:
[2019-03-19 11:48:29,718] {bash_operator.py:123} INFO - 2015-12-09
[2019-03-19 11:48:29,719] {bash_operator.py:123} INFO - 2015-12-16
[2019-03-19 11:48:29,719] {bash_operator.py:123} INFO - Parameter I passed in
[2019-03-19 11:48:29,719] {bash_operator.py:123} INFO - 2015-12-09
[2019-03-19 11:48:29,719] {bash_operator.py:123} INFO - 2015-12-16
[2019-03-19 11:48:29,719] {bash_operator.py:123} INFO - Parameter I passed in
[2019-03-19 11:48:29,719] {bash_operator.py:123} INFO - 2015-12-09
[2019-03-19 11:48:29,719] {bash_operator.py:123} INFO - 2015-12-16
[2019-03-19 11:48:29,719] {bash_operator.py:123} INFO - Parameter I passed in
[2019-03-19 11:48:29,719] {bash_operator.py:123} INFO - 2015-12-09
[2019-03-19 11:48:29,719] {bash_operator.py:123} INFO - 2015-12-16
[2019-03-19 11:48:29,719] {bash_operator.py:123} INFO - Parameter I passed in
[2019-03-19 11:48:29,719] {bash_operator.py:123} INFO - 2015-12-09
[2019-03-19 11:48:29,719] {bash_operator.py:123} INFO - 2015-12-16
[2019-03-19 11:48:29,719] {bash_operator.py:123} INFO - Parameter I passed in
[2019-03-19 11:48:29,719] {bash_operator.py:127} INFO - Command exited with return code 0
[2019-03-19 11:48:33,664] {logging_mixin.py:95} INFO - [2019-03-19 11:48:33,663] {jobs.py:2527} INFO - Task exited with return code 0
