[2019-03-22 04:27:57,822] {models.py:1359} INFO - Dependencies all met for <TaskInstance: tutorial.print_date 2019-01-12T00:00:00+00:00 [queued]>
[2019-03-22 04:27:57,828] {models.py:1359} INFO - Dependencies all met for <TaskInstance: tutorial.print_date 2019-01-12T00:00:00+00:00 [queued]>
[2019-03-22 04:27:57,828] {models.py:1571} INFO - 
--------------------------------------------------------------------------------
Starting attempt 1 of 2
--------------------------------------------------------------------------------

[2019-03-22 04:27:57,902] {models.py:1593} INFO - Executing <Task(BashOperator): print_date> on 2019-01-12T00:00:00+00:00
[2019-03-22 04:27:57,902] {base_task_runner.py:118} INFO - Running: ['bash', '-c', 'airflow run tutorial print_date 2019-01-12T00:00:00+00:00 --job_id 2716 --raw -sd DAGS_FOLDER/tutorial.py --cfg_path /tmp/tmpyg853rzq']
[2019-03-22 04:27:59,012] {base_task_runner.py:101} INFO - Job 2716: Subtask print_date [2019-03-22 04:27:59,008] {__init__.py:51} INFO - Using executor SequentialExecutor
[2019-03-22 04:27:59,417] {base_task_runner.py:101} INFO - Job 2716: Subtask print_date [2019-03-22 04:27:59,416] {models.py:273} INFO - Filling up the DagBag from /home/rsandroni/airflow/dags/tutorial.py
[2019-03-22 04:27:59,463] {base_task_runner.py:101} INFO - Job 2716: Subtask print_date [2019-03-22 04:27:59,458] {cli.py:520} INFO - Running <TaskInstance: tutorial.print_date 2019-01-12T00:00:00+00:00 [running]> on host IADAIRP1.globalrs.rack.space
[2019-03-22 04:27:59,504] {bash_operator.py:77} INFO - Tmp dir root location: 
 /tmp
[2019-03-22 04:27:59,505] {bash_operator.py:86} INFO - Exporting the following env vars:
AIRFLOW_CTX_DAG_ID=tutorial
AIRFLOW_CTX_TASK_ID=print_date
AIRFLOW_CTX_EXECUTION_DATE=2019-01-12T00:00:00+00:00
AIRFLOW_CTX_DAG_RUN_ID=scheduled__2019-01-12T00:00:00+00:00
[2019-03-22 04:27:59,505] {bash_operator.py:100} INFO - Temporary script location: /tmp/airflowtmp83pe9ytr/print_date9c5avo_3
[2019-03-22 04:27:59,505] {bash_operator.py:110} INFO - Running command: date
[2019-03-22 04:27:59,536] {bash_operator.py:119} INFO - Output:
[2019-03-22 04:27:59,558] {bash_operator.py:123} INFO - Sex Mar 22 04:27:59 -03 2019
[2019-03-22 04:27:59,569] {bash_operator.py:127} INFO - Command exited with return code 0
[2019-03-22 04:28:02,765] {logging_mixin.py:95} INFO - [2019-03-22 04:28:02,764] {jobs.py:2527} INFO - Task exited with return code 0
