[2019-03-19 11:56:50,789] {models.py:1359} INFO - Dependencies all met for <TaskInstance: tutorial.print_date 2015-12-29T00:00:00+00:00 [queued]>
[2019-03-19 11:56:50,791] {models.py:1359} INFO - Dependencies all met for <TaskInstance: tutorial.print_date 2015-12-29T00:00:00+00:00 [queued]>
[2019-03-19 11:56:50,791] {models.py:1571} INFO - 
--------------------------------------------------------------------------------
Starting attempt 1 of 2
--------------------------------------------------------------------------------

[2019-03-19 11:56:50,806] {models.py:1593} INFO - Executing <Task(BashOperator): print_date> on 2015-12-29T00:00:00+00:00
[2019-03-19 11:56:50,806] {base_task_runner.py:118} INFO - Running: ['bash', '-c', 'airflow run tutorial print_date 2015-12-29T00:00:00+00:00 --job_id 427 --raw -sd DAGS_FOLDER/tutorial.py --cfg_path /tmp/tmpz8ofz7i4']
[2019-03-19 11:56:51,424] {base_task_runner.py:101} INFO - Job 427: Subtask print_date [2019-03-19 11:56:51,423] {__init__.py:51} INFO - Using executor SequentialExecutor
[2019-03-19 11:56:51,651] {base_task_runner.py:101} INFO - Job 427: Subtask print_date [2019-03-19 11:56:51,650] {models.py:273} INFO - Filling up the DagBag from /home/rsandroni/airflow/dags/tutorial.py
[2019-03-19 11:56:51,666] {base_task_runner.py:101} INFO - Job 427: Subtask print_date [2019-03-19 11:56:51,665] {cli.py:520} INFO - Running <TaskInstance: tutorial.print_date 2015-12-29T00:00:00+00:00 [running]> on host IADAIRP1.globalrs.rack.space
[2019-03-19 11:56:51,678] {bash_operator.py:77} INFO - Tmp dir root location: 
 /tmp
[2019-03-19 11:56:51,678] {bash_operator.py:86} INFO - Exporting the following env vars:
AIRFLOW_CTX_DAG_ID=tutorial
AIRFLOW_CTX_TASK_ID=print_date
AIRFLOW_CTX_EXECUTION_DATE=2015-12-29T00:00:00+00:00
AIRFLOW_CTX_DAG_RUN_ID=scheduled__2015-12-29T00:00:00+00:00
[2019-03-19 11:56:51,679] {bash_operator.py:100} INFO - Temporary script location: /tmp/airflowtmpdrymqvnr/print_date29qnoc2q
[2019-03-19 11:56:51,679] {bash_operator.py:110} INFO - Running command: date
[2019-03-19 11:56:51,684] {bash_operator.py:119} INFO - Output:
[2019-03-19 11:56:51,686] {bash_operator.py:123} INFO - Ter Mar 19 11:56:51 -03 2019
[2019-03-19 11:56:51,686] {bash_operator.py:127} INFO - Command exited with return code 0
[2019-03-19 11:56:55,796] {logging_mixin.py:95} INFO - [2019-03-19 11:56:55,795] {jobs.py:2527} INFO - Task exited with return code 0
