[2019-03-19 14:19:30,723] {models.py:1359} INFO - Dependencies all met for <TaskInstance: tutorial.templated 2016-10-25T00:00:00+00:00 [queued]>
[2019-03-19 14:19:30,727] {models.py:1359} INFO - Dependencies all met for <TaskInstance: tutorial.templated 2016-10-25T00:00:00+00:00 [queued]>
[2019-03-19 14:19:30,728] {models.py:1571} INFO - 
--------------------------------------------------------------------------------
Starting attempt 1 of 2
--------------------------------------------------------------------------------

[2019-03-19 14:19:30,771] {models.py:1593} INFO - Executing <Task(BashOperator): templated> on 2016-10-25T00:00:00+00:00
[2019-03-19 14:19:30,771] {base_task_runner.py:118} INFO - Running: ['bash', '-c', 'airflow run tutorial templated 2016-10-25T00:00:00+00:00 --job_id 1031 --raw -sd DAGS_FOLDER/example_dags/tutorial.py --cfg_path /tmp/tmpx3twts4y']
[2019-03-19 14:19:32,442] {base_task_runner.py:101} INFO - Job 1031: Subtask templated [2019-03-19 14:19:32,441] {__init__.py:51} INFO - Using executor SequentialExecutor
[2019-03-19 14:19:33,249] {base_task_runner.py:101} INFO - Job 1031: Subtask templated [2019-03-19 14:19:33,243] {models.py:273} INFO - Filling up the DagBag from /home/rsandroni/airflow/dags/example_dags/tutorial.py
[2019-03-19 14:19:33,347] {base_task_runner.py:101} INFO - Job 1031: Subtask templated [2019-03-19 14:19:33,342] {cli.py:520} INFO - Running <TaskInstance: tutorial.templated 2016-10-25T00:00:00+00:00 [running]> on host IADAIRP1.globalrs.rack.space
[2019-03-19 14:19:33,386] {bash_operator.py:77} INFO - Tmp dir root location: 
 /tmp
[2019-03-19 14:19:33,386] {bash_operator.py:86} INFO - Exporting the following env vars:
AIRFLOW_CTX_DAG_ID=tutorial
AIRFLOW_CTX_TASK_ID=templated
AIRFLOW_CTX_EXECUTION_DATE=2016-10-25T00:00:00+00:00
AIRFLOW_CTX_DAG_RUN_ID=scheduled__2016-10-25T00:00:00+00:00
[2019-03-19 14:19:33,387] {bash_operator.py:100} INFO - Temporary script location: /tmp/airflowtmp1irmrdn6/templatedkdjnw_pm
[2019-03-19 14:19:33,387] {bash_operator.py:110} INFO - Running command: 

    echo "2016-10-25"
    echo "2016-11-01"
    echo "Parameter I passed in"

    echo "2016-10-25"
    echo "2016-11-01"
    echo "Parameter I passed in"

    echo "2016-10-25"
    echo "2016-11-01"
    echo "Parameter I passed in"

    echo "2016-10-25"
    echo "2016-11-01"
    echo "Parameter I passed in"

    echo "2016-10-25"
    echo "2016-11-01"
    echo "Parameter I passed in"

[2019-03-19 14:19:33,461] {bash_operator.py:119} INFO - Output:
[2019-03-19 14:19:33,462] {bash_operator.py:123} INFO - 2016-10-25
[2019-03-19 14:19:33,462] {bash_operator.py:123} INFO - 2016-11-01
[2019-03-19 14:19:33,462] {bash_operator.py:123} INFO - Parameter I passed in
[2019-03-19 14:19:33,462] {bash_operator.py:123} INFO - 2016-10-25
[2019-03-19 14:19:33,462] {bash_operator.py:123} INFO - 2016-11-01
[2019-03-19 14:19:33,462] {bash_operator.py:123} INFO - Parameter I passed in
[2019-03-19 14:19:33,462] {bash_operator.py:123} INFO - 2016-10-25
[2019-03-19 14:19:33,462] {bash_operator.py:123} INFO - 2016-11-01
[2019-03-19 14:19:33,462] {bash_operator.py:123} INFO - Parameter I passed in
[2019-03-19 14:19:33,462] {bash_operator.py:123} INFO - 2016-10-25
[2019-03-19 14:19:33,462] {bash_operator.py:123} INFO - 2016-11-01
[2019-03-19 14:19:33,462] {bash_operator.py:123} INFO - Parameter I passed in
[2019-03-19 14:19:33,462] {bash_operator.py:123} INFO - 2016-10-25
[2019-03-19 14:19:33,462] {bash_operator.py:123} INFO - 2016-11-01
[2019-03-19 14:19:33,462] {bash_operator.py:123} INFO - Parameter I passed in
[2019-03-19 14:19:33,462] {bash_operator.py:127} INFO - Command exited with return code 0
[2019-03-19 14:19:35,705] {logging_mixin.py:95} INFO - [2019-03-19 14:19:35,705] {jobs.py:2527} INFO - Task exited with return code 0
