[2019-03-21 23:08:42,603] {models.py:1359} INFO - Dependencies all met for <TaskInstance: tutorial.print_date 2018-05-16T00:00:00+00:00 [queued]>
[2019-03-21 23:08:42,606] {models.py:1359} INFO - Dependencies all met for <TaskInstance: tutorial.print_date 2018-05-16T00:00:00+00:00 [queued]>
[2019-03-21 23:08:42,606] {models.py:1571} INFO - 
--------------------------------------------------------------------------------
Starting attempt 1 of 2
--------------------------------------------------------------------------------

[2019-03-21 23:08:42,622] {models.py:1593} INFO - Executing <Task(BashOperator): print_date> on 2018-05-16T00:00:00+00:00
[2019-03-21 23:08:42,622] {base_task_runner.py:118} INFO - Running: ['bash', '-c', 'airflow run tutorial print_date 2018-05-16T00:00:00+00:00 --job_id 2233 --raw -sd DAGS_FOLDER/tutorial.py --cfg_path /tmp/tmpiwo7x4j9']
[2019-03-21 23:08:43,259] {base_task_runner.py:101} INFO - Job 2233: Subtask print_date [2019-03-21 23:08:43,258] {__init__.py:51} INFO - Using executor SequentialExecutor
[2019-03-21 23:08:43,488] {base_task_runner.py:101} INFO - Job 2233: Subtask print_date [2019-03-21 23:08:43,487] {models.py:273} INFO - Filling up the DagBag from /home/rsandroni/airflow/dags/tutorial.py
[2019-03-21 23:08:43,503] {base_task_runner.py:101} INFO - Job 2233: Subtask print_date [2019-03-21 23:08:43,503] {cli.py:520} INFO - Running <TaskInstance: tutorial.print_date 2018-05-16T00:00:00+00:00 [running]> on host IADAIRP1.globalrs.rack.space
[2019-03-21 23:08:43,515] {bash_operator.py:77} INFO - Tmp dir root location: 
 /tmp
[2019-03-21 23:08:43,515] {bash_operator.py:86} INFO - Exporting the following env vars:
AIRFLOW_CTX_DAG_ID=tutorial
AIRFLOW_CTX_TASK_ID=print_date
AIRFLOW_CTX_EXECUTION_DATE=2018-05-16T00:00:00+00:00
AIRFLOW_CTX_DAG_RUN_ID=scheduled__2018-05-16T00:00:00+00:00
[2019-03-21 23:08:43,516] {bash_operator.py:100} INFO - Temporary script location: /tmp/airflowtmp4qx3hbly/print_daternj_63t8
[2019-03-21 23:08:43,516] {bash_operator.py:110} INFO - Running command: date
[2019-03-21 23:08:43,521] {bash_operator.py:119} INFO - Output:
[2019-03-21 23:08:43,523] {bash_operator.py:123} INFO - Qui Mar 21 23:08:43 -03 2019
[2019-03-21 23:08:43,523] {bash_operator.py:127} INFO - Command exited with return code 0
[2019-03-21 23:08:47,611] {logging_mixin.py:95} INFO - [2019-03-21 23:08:47,610] {jobs.py:2527} INFO - Task exited with return code 0
