[2019-03-21 20:18:56,548] {models.py:1359} INFO - Dependencies all met for <TaskInstance: tutorial.print_date 2018-01-05T00:00:00+00:00 [queued]>
[2019-03-21 20:18:56,551] {models.py:1359} INFO - Dependencies all met for <TaskInstance: tutorial.print_date 2018-01-05T00:00:00+00:00 [queued]>
[2019-03-21 20:18:56,551] {models.py:1571} INFO - 
--------------------------------------------------------------------------------
Starting attempt 1 of 2
--------------------------------------------------------------------------------

[2019-03-21 20:18:56,581] {models.py:1593} INFO - Executing <Task(BashOperator): print_date> on 2018-01-05T00:00:00+00:00
[2019-03-21 20:18:56,581] {base_task_runner.py:118} INFO - Running: ['bash', '-c', 'airflow run tutorial print_date 2018-01-05T00:00:00+00:00 --job_id 1972 --raw -sd DAGS_FOLDER/tutorial.py --cfg_path /tmp/tmp7yo8jc8i']
[2019-03-21 20:18:57,257] {base_task_runner.py:101} INFO - Job 1972: Subtask print_date [2019-03-21 20:18:57,256] {__init__.py:51} INFO - Using executor SequentialExecutor
[2019-03-21 20:18:57,577] {base_task_runner.py:101} INFO - Job 1972: Subtask print_date [2019-03-21 20:18:57,573] {models.py:273} INFO - Filling up the DagBag from /home/rsandroni/airflow/dags/tutorial.py
[2019-03-21 20:18:57,594] {base_task_runner.py:101} INFO - Job 1972: Subtask print_date [2019-03-21 20:18:57,593] {cli.py:520} INFO - Running <TaskInstance: tutorial.print_date 2018-01-05T00:00:00+00:00 [running]> on host IADAIRP1.globalrs.rack.space
[2019-03-21 20:18:57,615] {bash_operator.py:77} INFO - Tmp dir root location: 
 /tmp
[2019-03-21 20:18:57,615] {bash_operator.py:86} INFO - Exporting the following env vars:
AIRFLOW_CTX_DAG_ID=tutorial
AIRFLOW_CTX_TASK_ID=print_date
AIRFLOW_CTX_EXECUTION_DATE=2018-01-05T00:00:00+00:00
AIRFLOW_CTX_DAG_RUN_ID=scheduled__2018-01-05T00:00:00+00:00
[2019-03-21 20:18:57,616] {bash_operator.py:100} INFO - Temporary script location: /tmp/airflowtmpbgl4f6bk/print_date0wp0jv9a
[2019-03-21 20:18:57,616] {bash_operator.py:110} INFO - Running command: date
[2019-03-21 20:18:57,648] {bash_operator.py:119} INFO - Output:
[2019-03-21 20:18:57,659] {bash_operator.py:123} INFO - Qui Mar 21 20:18:57 -03 2019
[2019-03-21 20:18:57,669] {bash_operator.py:127} INFO - Command exited with return code 0
[2019-03-21 20:19:01,556] {logging_mixin.py:95} INFO - [2019-03-21 20:19:01,556] {jobs.py:2527} INFO - Task exited with return code 0
