[2019-03-22 04:00:59,765] {models.py:1359} INFO - Dependencies all met for <TaskInstance: tutorial.templated 2018-12-21T00:00:00+00:00 [queued]>
[2019-03-22 04:00:59,774] {models.py:1359} INFO - Dependencies all met for <TaskInstance: tutorial.templated 2018-12-21T00:00:00+00:00 [queued]>
[2019-03-22 04:00:59,774] {models.py:1571} INFO - 
--------------------------------------------------------------------------------
Starting attempt 1 of 2
--------------------------------------------------------------------------------

[2019-03-22 04:00:59,825] {models.py:1593} INFO - Executing <Task(BashOperator): templated> on 2018-12-21T00:00:00+00:00
[2019-03-22 04:00:59,825] {base_task_runner.py:118} INFO - Running: ['bash', '-c', 'airflow run tutorial templated 2018-12-21T00:00:00+00:00 --job_id 2674 --raw -sd DAGS_FOLDER/example_dags/tutorial.py --cfg_path /tmp/tmpwrhrjarz']
[2019-03-22 04:01:01,055] {base_task_runner.py:101} INFO - Job 2674: Subtask templated [2019-03-22 04:01:01,051] {__init__.py:51} INFO - Using executor SequentialExecutor
[2019-03-22 04:01:01,456] {base_task_runner.py:101} INFO - Job 2674: Subtask templated [2019-03-22 04:01:01,456] {models.py:273} INFO - Filling up the DagBag from /home/rsandroni/airflow/dags/example_dags/tutorial.py
[2019-03-22 04:01:01,540] {base_task_runner.py:101} INFO - Job 2674: Subtask templated [2019-03-22 04:01:01,539] {cli.py:520} INFO - Running <TaskInstance: tutorial.templated 2018-12-21T00:00:00+00:00 [running]> on host IADAIRP1.globalrs.rack.space
[2019-03-22 04:01:01,575] {bash_operator.py:77} INFO - Tmp dir root location: 
 /tmp
[2019-03-22 04:01:01,575] {bash_operator.py:86} INFO - Exporting the following env vars:
AIRFLOW_CTX_DAG_ID=tutorial
AIRFLOW_CTX_TASK_ID=templated
AIRFLOW_CTX_EXECUTION_DATE=2018-12-21T00:00:00+00:00
AIRFLOW_CTX_DAG_RUN_ID=scheduled__2018-12-21T00:00:00+00:00
[2019-03-22 04:01:01,576] {bash_operator.py:100} INFO - Temporary script location: /tmp/airflowtmp4yvz_ut_/templatedeklms0k4
[2019-03-22 04:01:01,576] {bash_operator.py:110} INFO - Running command: 

    echo "2018-12-21"
    echo "2018-12-28"
    echo "Parameter I passed in"

    echo "2018-12-21"
    echo "2018-12-28"
    echo "Parameter I passed in"

    echo "2018-12-21"
    echo "2018-12-28"
    echo "Parameter I passed in"

    echo "2018-12-21"
    echo "2018-12-28"
    echo "Parameter I passed in"

    echo "2018-12-21"
    echo "2018-12-28"
    echo "Parameter I passed in"

[2019-03-22 04:01:01,585] {bash_operator.py:119} INFO - Output:
[2019-03-22 04:01:01,586] {bash_operator.py:123} INFO - 2018-12-21
[2019-03-22 04:01:01,586] {bash_operator.py:123} INFO - 2018-12-28
[2019-03-22 04:01:01,586] {bash_operator.py:123} INFO - Parameter I passed in
[2019-03-22 04:01:01,586] {bash_operator.py:123} INFO - 2018-12-21
[2019-03-22 04:01:01,586] {bash_operator.py:123} INFO - 2018-12-28
[2019-03-22 04:01:01,586] {bash_operator.py:123} INFO - Parameter I passed in
[2019-03-22 04:01:01,586] {bash_operator.py:123} INFO - 2018-12-21
[2019-03-22 04:01:01,586] {bash_operator.py:123} INFO - 2018-12-28
[2019-03-22 04:01:01,586] {bash_operator.py:123} INFO - Parameter I passed in
[2019-03-22 04:01:01,586] {bash_operator.py:123} INFO - 2018-12-21
[2019-03-22 04:01:01,586] {bash_operator.py:123} INFO - 2018-12-28
[2019-03-22 04:01:01,586] {bash_operator.py:123} INFO - Parameter I passed in
[2019-03-22 04:01:01,586] {bash_operator.py:123} INFO - 2018-12-21
[2019-03-22 04:01:01,586] {bash_operator.py:123} INFO - 2018-12-28
[2019-03-22 04:01:01,586] {bash_operator.py:123} INFO - Parameter I passed in
[2019-03-22 04:01:01,587] {bash_operator.py:127} INFO - Command exited with return code 0
[2019-03-22 04:01:04,713] {logging_mixin.py:95} INFO - [2019-03-22 04:01:04,712] {jobs.py:2527} INFO - Task exited with return code 0
