[2019-03-22 05:52:28,257] {models.py:1359} INFO - Dependencies all met for <TaskInstance: tutorial.templated 2019-03-15T00:00:00+00:00 [queued]>
[2019-03-22 05:52:28,263] {models.py:1359} INFO - Dependencies all met for <TaskInstance: tutorial.templated 2019-03-15T00:00:00+00:00 [queued]>
[2019-03-22 05:52:28,263] {models.py:1571} INFO - 
--------------------------------------------------------------------------------
Starting attempt 1 of 2
--------------------------------------------------------------------------------

[2019-03-22 05:52:28,278] {models.py:1593} INFO - Executing <Task(BashOperator): templated> on 2019-03-15T00:00:00+00:00
[2019-03-22 05:52:28,278] {base_task_runner.py:118} INFO - Running: ['bash', '-c', 'airflow run tutorial templated 2019-03-15T00:00:00+00:00 --job_id 2842 --raw -sd DAGS_FOLDER/example_dags/tutorial.py --cfg_path /tmp/tmpho3y4jgz']
[2019-03-22 05:52:28,964] {base_task_runner.py:101} INFO - Job 2842: Subtask templated [2019-03-22 05:52:28,963] {__init__.py:51} INFO - Using executor SequentialExecutor
[2019-03-22 05:52:29,269] {base_task_runner.py:101} INFO - Job 2842: Subtask templated [2019-03-22 05:52:29,264] {models.py:273} INFO - Filling up the DagBag from /home/rsandroni/airflow/dags/example_dags/tutorial.py
[2019-03-22 05:52:29,390] {base_task_runner.py:101} INFO - Job 2842: Subtask templated [2019-03-22 05:52:29,389] {cli.py:520} INFO - Running <TaskInstance: tutorial.templated 2019-03-15T00:00:00+00:00 [running]> on host IADAIRP1.globalrs.rack.space
[2019-03-22 05:52:29,410] {bash_operator.py:77} INFO - Tmp dir root location: 
 /tmp
[2019-03-22 05:52:29,410] {bash_operator.py:86} INFO - Exporting the following env vars:
AIRFLOW_CTX_DAG_ID=tutorial
AIRFLOW_CTX_TASK_ID=templated
AIRFLOW_CTX_EXECUTION_DATE=2019-03-15T00:00:00+00:00
AIRFLOW_CTX_DAG_RUN_ID=scheduled__2019-03-15T00:00:00+00:00
[2019-03-22 05:52:29,411] {bash_operator.py:100} INFO - Temporary script location: /tmp/airflowtmpub58g_i7/templated0bklqnn_
[2019-03-22 05:52:29,411] {bash_operator.py:110} INFO - Running command: 

    echo "2019-03-15"
    echo "2019-03-22"
    echo "Parameter I passed in"

    echo "2019-03-15"
    echo "2019-03-22"
    echo "Parameter I passed in"

    echo "2019-03-15"
    echo "2019-03-22"
    echo "Parameter I passed in"

    echo "2019-03-15"
    echo "2019-03-22"
    echo "Parameter I passed in"

    echo "2019-03-15"
    echo "2019-03-22"
    echo "Parameter I passed in"

[2019-03-22 05:52:29,422] {bash_operator.py:119} INFO - Output:
[2019-03-22 05:52:29,422] {bash_operator.py:123} INFO - 2019-03-15
[2019-03-22 05:52:29,422] {bash_operator.py:123} INFO - 2019-03-22
[2019-03-22 05:52:29,422] {bash_operator.py:123} INFO - Parameter I passed in
[2019-03-22 05:52:29,422] {bash_operator.py:123} INFO - 2019-03-15
[2019-03-22 05:52:29,422] {bash_operator.py:123} INFO - 2019-03-22
[2019-03-22 05:52:29,422] {bash_operator.py:123} INFO - Parameter I passed in
[2019-03-22 05:52:29,422] {bash_operator.py:123} INFO - 2019-03-15
[2019-03-22 05:52:29,423] {bash_operator.py:123} INFO - 2019-03-22
[2019-03-22 05:52:29,423] {bash_operator.py:123} INFO - Parameter I passed in
[2019-03-22 05:52:29,423] {bash_operator.py:123} INFO - 2019-03-15
[2019-03-22 05:52:29,423] {bash_operator.py:123} INFO - 2019-03-22
[2019-03-22 05:52:29,423] {bash_operator.py:123} INFO - Parameter I passed in
[2019-03-22 05:52:29,423] {bash_operator.py:123} INFO - 2019-03-15
[2019-03-22 05:52:29,423] {bash_operator.py:123} INFO - 2019-03-22
[2019-03-22 05:52:29,423] {bash_operator.py:123} INFO - Parameter I passed in
[2019-03-22 05:52:29,423] {bash_operator.py:127} INFO - Command exited with return code 0
[2019-03-22 05:52:33,324] {logging_mixin.py:95} INFO - [2019-03-22 05:52:33,323] {jobs.py:2527} INFO - Task exited with return code 0
