[2019-03-21 18:57:46,977] {models.py:1359} INFO - Dependencies all met for <TaskInstance: tutorial.templated 2017-11-03T00:00:00+00:00 [queued]>
[2019-03-21 18:57:46,983] {models.py:1359} INFO - Dependencies all met for <TaskInstance: tutorial.templated 2017-11-03T00:00:00+00:00 [queued]>
[2019-03-21 18:57:46,983] {models.py:1571} INFO - 
--------------------------------------------------------------------------------
Starting attempt 1 of 2
--------------------------------------------------------------------------------

[2019-03-21 18:57:46,998] {models.py:1593} INFO - Executing <Task(BashOperator): templated> on 2017-11-03T00:00:00+00:00
[2019-03-21 18:57:46,998] {base_task_runner.py:118} INFO - Running: ['bash', '-c', 'airflow run tutorial templated 2017-11-03T00:00:00+00:00 --job_id 1847 --raw -sd DAGS_FOLDER/example_dags/tutorial.py --cfg_path /tmp/tmp14m5gy1l']
[2019-03-21 18:57:47,639] {base_task_runner.py:101} INFO - Job 1847: Subtask templated [2019-03-21 18:57:47,638] {__init__.py:51} INFO - Using executor SequentialExecutor
[2019-03-21 18:57:47,872] {base_task_runner.py:101} INFO - Job 1847: Subtask templated [2019-03-21 18:57:47,871] {models.py:273} INFO - Filling up the DagBag from /home/rsandroni/airflow/dags/example_dags/tutorial.py
[2019-03-21 18:57:47,936] {base_task_runner.py:101} INFO - Job 1847: Subtask templated [2019-03-21 18:57:47,935] {cli.py:520} INFO - Running <TaskInstance: tutorial.templated 2017-11-03T00:00:00+00:00 [running]> on host IADAIRP1.globalrs.rack.space
[2019-03-21 18:57:47,952] {bash_operator.py:77} INFO - Tmp dir root location: 
 /tmp
[2019-03-21 18:57:47,952] {bash_operator.py:86} INFO - Exporting the following env vars:
AIRFLOW_CTX_DAG_ID=tutorial
AIRFLOW_CTX_TASK_ID=templated
AIRFLOW_CTX_EXECUTION_DATE=2017-11-03T00:00:00+00:00
AIRFLOW_CTX_DAG_RUN_ID=scheduled__2017-11-03T00:00:00+00:00
[2019-03-21 18:57:47,953] {bash_operator.py:100} INFO - Temporary script location: /tmp/airflowtmpxx93fuv2/templatedumk4d30_
[2019-03-21 18:57:47,953] {bash_operator.py:110} INFO - Running command: 

    echo "2017-11-03"
    echo "2017-11-10"
    echo "Parameter I passed in"

    echo "2017-11-03"
    echo "2017-11-10"
    echo "Parameter I passed in"

    echo "2017-11-03"
    echo "2017-11-10"
    echo "Parameter I passed in"

    echo "2017-11-03"
    echo "2017-11-10"
    echo "Parameter I passed in"

    echo "2017-11-03"
    echo "2017-11-10"
    echo "Parameter I passed in"

[2019-03-21 18:57:47,959] {bash_operator.py:119} INFO - Output:
[2019-03-21 18:57:47,960] {bash_operator.py:123} INFO - 2017-11-03
[2019-03-21 18:57:47,960] {bash_operator.py:123} INFO - 2017-11-10
[2019-03-21 18:57:47,960] {bash_operator.py:123} INFO - Parameter I passed in
[2019-03-21 18:57:47,960] {bash_operator.py:123} INFO - 2017-11-03
[2019-03-21 18:57:47,960] {bash_operator.py:123} INFO - 2017-11-10
[2019-03-21 18:57:47,960] {bash_operator.py:123} INFO - Parameter I passed in
[2019-03-21 18:57:47,960] {bash_operator.py:123} INFO - 2017-11-03
[2019-03-21 18:57:47,960] {bash_operator.py:123} INFO - 2017-11-10
[2019-03-21 18:57:47,960] {bash_operator.py:123} INFO - Parameter I passed in
[2019-03-21 18:57:47,960] {bash_operator.py:123} INFO - 2017-11-03
[2019-03-21 18:57:47,960] {bash_operator.py:123} INFO - 2017-11-10
[2019-03-21 18:57:47,960] {bash_operator.py:123} INFO - Parameter I passed in
[2019-03-21 18:57:47,960] {bash_operator.py:123} INFO - 2017-11-03
[2019-03-21 18:57:47,960] {bash_operator.py:123} INFO - 2017-11-10
[2019-03-21 18:57:47,960] {bash_operator.py:123} INFO - Parameter I passed in
[2019-03-21 18:57:47,961] {bash_operator.py:127} INFO - Command exited with return code 0
[2019-03-21 18:57:51,978] {logging_mixin.py:95} INFO - [2019-03-21 18:57:51,977] {jobs.py:2527} INFO - Task exited with return code 0
