[2019-03-22 03:53:41,147] {models.py:1359} INFO - Dependencies all met for <TaskInstance: tutorial.print_date 2018-12-17T00:00:00+00:00 [queued]>
[2019-03-22 03:53:41,151] {models.py:1359} INFO - Dependencies all met for <TaskInstance: tutorial.print_date 2018-12-17T00:00:00+00:00 [queued]>
[2019-03-22 03:53:41,151] {models.py:1571} INFO - 
--------------------------------------------------------------------------------
Starting attempt 1 of 2
--------------------------------------------------------------------------------

[2019-03-22 03:53:41,168] {models.py:1593} INFO - Executing <Task(BashOperator): print_date> on 2018-12-17T00:00:00+00:00
[2019-03-22 03:53:41,168] {base_task_runner.py:118} INFO - Running: ['bash', '-c', 'airflow run tutorial print_date 2018-12-17T00:00:00+00:00 --job_id 2664 --raw -sd DAGS_FOLDER/tutorial.py --cfg_path /tmp/tmpwxh8f36_']
[2019-03-22 03:53:41,834] {base_task_runner.py:101} INFO - Job 2664: Subtask print_date [2019-03-22 03:53:41,833] {__init__.py:51} INFO - Using executor SequentialExecutor
[2019-03-22 03:53:42,145] {base_task_runner.py:101} INFO - Job 2664: Subtask print_date [2019-03-22 03:53:42,143] {models.py:273} INFO - Filling up the DagBag from /home/rsandroni/airflow/dags/tutorial.py
[2019-03-22 03:53:42,160] {base_task_runner.py:101} INFO - Job 2664: Subtask print_date [2019-03-22 03:53:42,160] {cli.py:520} INFO - Running <TaskInstance: tutorial.print_date 2018-12-17T00:00:00+00:00 [running]> on host IADAIRP1.globalrs.rack.space
[2019-03-22 03:53:42,177] {bash_operator.py:77} INFO - Tmp dir root location: 
 /tmp
[2019-03-22 03:53:42,178] {bash_operator.py:86} INFO - Exporting the following env vars:
AIRFLOW_CTX_DAG_ID=tutorial
AIRFLOW_CTX_TASK_ID=print_date
AIRFLOW_CTX_EXECUTION_DATE=2018-12-17T00:00:00+00:00
AIRFLOW_CTX_DAG_RUN_ID=scheduled__2018-12-17T00:00:00+00:00
[2019-03-22 03:53:42,178] {bash_operator.py:100} INFO - Temporary script location: /tmp/airflowtmpzbv10xqu/print_dateahc45m26
[2019-03-22 03:53:42,178] {bash_operator.py:110} INFO - Running command: date
[2019-03-22 03:53:42,184] {bash_operator.py:119} INFO - Output:
[2019-03-22 03:53:42,186] {bash_operator.py:123} INFO - Sex Mar 22 03:53:42 -03 2019
[2019-03-22 03:53:42,186] {bash_operator.py:127} INFO - Command exited with return code 0
[2019-03-22 03:53:46,167] {logging_mixin.py:95} INFO - [2019-03-22 03:53:46,166] {jobs.py:2527} INFO - Task exited with return code 0
