[2019-03-19 12:51:22,369] {models.py:1359} INFO - Dependencies all met for <TaskInstance: tutorial.templated 2016-04-25T00:00:00+00:00 [queued]>
[2019-03-19 12:51:22,373] {models.py:1359} INFO - Dependencies all met for <TaskInstance: tutorial.templated 2016-04-25T00:00:00+00:00 [queued]>
[2019-03-19 12:51:22,373] {models.py:1571} INFO - 
--------------------------------------------------------------------------------
Starting attempt 1 of 2
--------------------------------------------------------------------------------

[2019-03-19 12:51:22,416] {models.py:1593} INFO - Executing <Task(BashOperator): templated> on 2016-04-25T00:00:00+00:00
[2019-03-19 12:51:22,416] {base_task_runner.py:118} INFO - Running: ['bash', '-c', 'airflow run tutorial templated 2016-04-25T00:00:00+00:00 --job_id 665 --raw -sd DAGS_FOLDER/example_dags/tutorial.py --cfg_path /tmp/tmp3vcbaz1i']
[2019-03-19 12:51:23,755] {base_task_runner.py:101} INFO - Job 665: Subtask templated [2019-03-19 12:51:23,754] {__init__.py:51} INFO - Using executor SequentialExecutor
[2019-03-19 12:51:24,338] {base_task_runner.py:101} INFO - Job 665: Subtask templated [2019-03-19 12:51:24,332] {models.py:273} INFO - Filling up the DagBag from /home/rsandroni/airflow/dags/example_dags/tutorial.py
[2019-03-19 12:51:24,445] {base_task_runner.py:101} INFO - Job 665: Subtask templated [2019-03-19 12:51:24,440] {cli.py:520} INFO - Running <TaskInstance: tutorial.templated 2016-04-25T00:00:00+00:00 [running]> on host IADAIRP1.globalrs.rack.space
[2019-03-19 12:51:24,490] {bash_operator.py:77} INFO - Tmp dir root location: 
 /tmp
[2019-03-19 12:51:24,490] {bash_operator.py:86} INFO - Exporting the following env vars:
AIRFLOW_CTX_DAG_ID=tutorial
AIRFLOW_CTX_TASK_ID=templated
AIRFLOW_CTX_EXECUTION_DATE=2016-04-25T00:00:00+00:00
AIRFLOW_CTX_DAG_RUN_ID=scheduled__2016-04-25T00:00:00+00:00
[2019-03-19 12:51:24,491] {bash_operator.py:100} INFO - Temporary script location: /tmp/airflowtmpe2p73rxp/templatedc_f_ay14
[2019-03-19 12:51:24,491] {bash_operator.py:110} INFO - Running command: 

    echo "2016-04-25"
    echo "2016-05-02"
    echo "Parameter I passed in"

    echo "2016-04-25"
    echo "2016-05-02"
    echo "Parameter I passed in"

    echo "2016-04-25"
    echo "2016-05-02"
    echo "Parameter I passed in"

    echo "2016-04-25"
    echo "2016-05-02"
    echo "Parameter I passed in"

    echo "2016-04-25"
    echo "2016-05-02"
    echo "Parameter I passed in"

[2019-03-19 12:51:24,541] {bash_operator.py:119} INFO - Output:
[2019-03-19 12:51:24,552] {bash_operator.py:123} INFO - 2016-04-25
[2019-03-19 12:51:24,552] {bash_operator.py:123} INFO - 2016-05-02
[2019-03-19 12:51:24,553] {bash_operator.py:123} INFO - Parameter I passed in
[2019-03-19 12:51:24,553] {bash_operator.py:123} INFO - 2016-04-25
[2019-03-19 12:51:24,553] {bash_operator.py:123} INFO - 2016-05-02
[2019-03-19 12:51:24,553] {bash_operator.py:123} INFO - Parameter I passed in
[2019-03-19 12:51:24,553] {bash_operator.py:123} INFO - 2016-04-25
[2019-03-19 12:51:24,553] {bash_operator.py:123} INFO - 2016-05-02
[2019-03-19 12:51:24,553] {bash_operator.py:123} INFO - Parameter I passed in
[2019-03-19 12:51:24,553] {bash_operator.py:123} INFO - 2016-04-25
[2019-03-19 12:51:24,553] {bash_operator.py:123} INFO - 2016-05-02
[2019-03-19 12:51:24,553] {bash_operator.py:123} INFO - Parameter I passed in
[2019-03-19 12:51:24,553] {bash_operator.py:123} INFO - 2016-04-25
[2019-03-19 12:51:24,553] {bash_operator.py:123} INFO - 2016-05-02
[2019-03-19 12:51:24,553] {bash_operator.py:123} INFO - Parameter I passed in
[2019-03-19 12:51:24,553] {bash_operator.py:127} INFO - Command exited with return code 0
[2019-03-19 12:51:27,344] {logging_mixin.py:95} INFO - [2019-03-19 12:51:27,343] {jobs.py:2527} INFO - Task exited with return code 0
