[2019-03-19 13:37:57,543] {models.py:1359} INFO - Dependencies all met for <TaskInstance: tutorial.print_date 2016-08-01T00:00:00+00:00 [queued]>
[2019-03-19 13:37:57,545] {models.py:1359} INFO - Dependencies all met for <TaskInstance: tutorial.print_date 2016-08-01T00:00:00+00:00 [queued]>
[2019-03-19 13:37:57,545] {models.py:1571} INFO - 
--------------------------------------------------------------------------------
Starting attempt 1 of 2
--------------------------------------------------------------------------------

[2019-03-19 13:37:57,560] {models.py:1593} INFO - Executing <Task(BashOperator): print_date> on 2016-08-01T00:00:00+00:00
[2019-03-19 13:37:57,560] {base_task_runner.py:118} INFO - Running: ['bash', '-c', 'airflow run tutorial print_date 2016-08-01T00:00:00+00:00 --job_id 859 --raw -sd DAGS_FOLDER/tutorial.py --cfg_path /tmp/tmp7an3muk_']
[2019-03-19 13:37:58,164] {base_task_runner.py:101} INFO - Job 859: Subtask print_date [2019-03-19 13:37:58,163] {__init__.py:51} INFO - Using executor SequentialExecutor
[2019-03-19 13:37:58,390] {base_task_runner.py:101} INFO - Job 859: Subtask print_date [2019-03-19 13:37:58,389] {models.py:273} INFO - Filling up the DagBag from /home/rsandroni/airflow/dags/tutorial.py
[2019-03-19 13:37:58,405] {base_task_runner.py:101} INFO - Job 859: Subtask print_date [2019-03-19 13:37:58,405] {cli.py:520} INFO - Running <TaskInstance: tutorial.print_date 2016-08-01T00:00:00+00:00 [running]> on host IADAIRP1.globalrs.rack.space
[2019-03-19 13:37:58,418] {bash_operator.py:77} INFO - Tmp dir root location: 
 /tmp
[2019-03-19 13:37:58,418] {bash_operator.py:86} INFO - Exporting the following env vars:
AIRFLOW_CTX_DAG_ID=tutorial
AIRFLOW_CTX_TASK_ID=print_date
AIRFLOW_CTX_EXECUTION_DATE=2016-08-01T00:00:00+00:00
AIRFLOW_CTX_DAG_RUN_ID=scheduled__2016-08-01T00:00:00+00:00
[2019-03-19 13:37:58,418] {bash_operator.py:100} INFO - Temporary script location: /tmp/airflowtmp7tt2z6m6/print_datemmrrpoio
[2019-03-19 13:37:58,419] {bash_operator.py:110} INFO - Running command: date
[2019-03-19 13:37:58,424] {bash_operator.py:119} INFO - Output:
[2019-03-19 13:37:58,426] {bash_operator.py:123} INFO - Ter Mar 19 13:37:58 -03 2019
[2019-03-19 13:37:58,426] {bash_operator.py:127} INFO - Command exited with return code 0
[2019-03-19 13:38:02,549] {logging_mixin.py:95} INFO - [2019-03-19 13:38:02,548] {jobs.py:2527} INFO - Task exited with return code 0
