[2019-03-19 15:40:05,475] {models.py:1359} INFO - Dependencies all met for <TaskInstance: tutorial.templated 2017-04-15T00:00:00+00:00 [queued]>
[2019-03-19 15:40:05,481] {models.py:1359} INFO - Dependencies all met for <TaskInstance: tutorial.templated 2017-04-15T00:00:00+00:00 [queued]>
[2019-03-19 15:40:05,481] {models.py:1571} INFO - 
--------------------------------------------------------------------------------
Starting attempt 1 of 2
--------------------------------------------------------------------------------

[2019-03-19 15:40:05,499] {models.py:1593} INFO - Executing <Task(BashOperator): templated> on 2017-04-15T00:00:00+00:00
[2019-03-19 15:40:05,500] {base_task_runner.py:118} INFO - Running: ['bash', '-c', 'airflow run tutorial templated 2017-04-15T00:00:00+00:00 --job_id 1377 --raw -sd DAGS_FOLDER/sql_server_load.py --cfg_path /tmp/tmphqcuqcn1']
[2019-03-19 15:40:06,159] {base_task_runner.py:101} INFO - Job 1377: Subtask templated [2019-03-19 15:40:06,158] {__init__.py:51} INFO - Using executor SequentialExecutor
[2019-03-19 15:40:06,427] {base_task_runner.py:101} INFO - Job 1377: Subtask templated [2019-03-19 15:40:06,426] {models.py:273} INFO - Filling up the DagBag from /home/rsandroni/airflow/dags/sql_server_load.py
[2019-03-19 15:40:06,446] {base_task_runner.py:101} INFO - Job 1377: Subtask templated [2019-03-19 15:40:06,446] {cli.py:520} INFO - Running <TaskInstance: tutorial.templated 2017-04-15T00:00:00+00:00 [running]> on host IADAIRP1.globalrs.rack.space
[2019-03-19 15:40:06,464] {bash_operator.py:77} INFO - Tmp dir root location: 
 /tmp
[2019-03-19 15:40:06,465] {bash_operator.py:86} INFO - Exporting the following env vars:
AIRFLOW_CTX_DAG_ID=tutorial
AIRFLOW_CTX_TASK_ID=templated
AIRFLOW_CTX_EXECUTION_DATE=2017-04-15T00:00:00+00:00
AIRFLOW_CTX_DAG_RUN_ID=scheduled__2017-04-15T00:00:00+00:00
[2019-03-19 15:40:06,465] {bash_operator.py:100} INFO - Temporary script location: /tmp/airflowtmpr6pskfbf/templated_tcz0mcx
[2019-03-19 15:40:06,465] {bash_operator.py:110} INFO - Running command: 
    
        echo "2017-04-15"
        echo "Parameter I passed in"
    
        echo "2017-04-15"
        echo "Parameter I passed in"
    
        echo "2017-04-15"
        echo "Parameter I passed in"
    
        echo "2017-04-15"
        echo "Parameter I passed in"
    
        echo "2017-04-15"
        echo "Parameter I passed in"
    
    
[2019-03-19 15:40:06,470] {bash_operator.py:119} INFO - Output:
[2019-03-19 15:40:06,472] {bash_operator.py:123} INFO - 2017-04-15
[2019-03-19 15:40:06,472] {bash_operator.py:123} INFO - Parameter I passed in
[2019-03-19 15:40:06,472] {bash_operator.py:123} INFO - 2017-04-15
[2019-03-19 15:40:06,472] {bash_operator.py:123} INFO - Parameter I passed in
[2019-03-19 15:40:06,472] {bash_operator.py:123} INFO - 2017-04-15
[2019-03-19 15:40:06,472] {bash_operator.py:123} INFO - Parameter I passed in
[2019-03-19 15:40:06,473] {bash_operator.py:123} INFO - 2017-04-15
[2019-03-19 15:40:06,473] {bash_operator.py:123} INFO - Parameter I passed in
[2019-03-19 15:40:06,473] {bash_operator.py:123} INFO - 2017-04-15
[2019-03-19 15:40:06,473] {bash_operator.py:123} INFO - Parameter I passed in
[2019-03-19 15:40:06,473] {bash_operator.py:127} INFO - Command exited with return code 0
[2019-03-19 15:40:10,472] {logging_mixin.py:95} INFO - [2019-03-19 15:40:10,471] {jobs.py:2527} INFO - Task exited with return code 0
