[2019-03-21 18:16:27,253] {models.py:1359} INFO - Dependencies all met for <TaskInstance: tutorial.print_date 2017-09-28T00:00:00+00:00 [queued]>
[2019-03-21 18:16:27,256] {models.py:1359} INFO - Dependencies all met for <TaskInstance: tutorial.print_date 2017-09-28T00:00:00+00:00 [queued]>
[2019-03-21 18:16:27,256] {models.py:1571} INFO - 
--------------------------------------------------------------------------------
Starting attempt 1 of 2
--------------------------------------------------------------------------------

[2019-03-21 18:16:27,273] {models.py:1593} INFO - Executing <Task(BashOperator): print_date> on 2017-09-28T00:00:00+00:00
[2019-03-21 18:16:27,273] {base_task_runner.py:118} INFO - Running: ['bash', '-c', 'airflow run tutorial print_date 2017-09-28T00:00:00+00:00 --job_id 1773 --raw -sd DAGS_FOLDER/tutorial.py --cfg_path /tmp/tmps1cx57hs']
[2019-03-21 18:16:27,908] {base_task_runner.py:101} INFO - Job 1773: Subtask print_date [2019-03-21 18:16:27,907] {__init__.py:51} INFO - Using executor SequentialExecutor
[2019-03-21 18:16:28,135] {base_task_runner.py:101} INFO - Job 1773: Subtask print_date [2019-03-21 18:16:28,134] {models.py:273} INFO - Filling up the DagBag from /home/rsandroni/airflow/dags/tutorial.py
[2019-03-21 18:16:28,150] {base_task_runner.py:101} INFO - Job 1773: Subtask print_date [2019-03-21 18:16:28,149] {cli.py:520} INFO - Running <TaskInstance: tutorial.print_date 2017-09-28T00:00:00+00:00 [running]> on host IADAIRP1.globalrs.rack.space
[2019-03-21 18:16:28,162] {bash_operator.py:77} INFO - Tmp dir root location: 
 /tmp
[2019-03-21 18:16:28,162] {bash_operator.py:86} INFO - Exporting the following env vars:
AIRFLOW_CTX_DAG_ID=tutorial
AIRFLOW_CTX_TASK_ID=print_date
AIRFLOW_CTX_EXECUTION_DATE=2017-09-28T00:00:00+00:00
AIRFLOW_CTX_DAG_RUN_ID=scheduled__2017-09-28T00:00:00+00:00
[2019-03-21 18:16:28,162] {bash_operator.py:100} INFO - Temporary script location: /tmp/airflowtmp_j98yozf/print_dateer0001d4
[2019-03-21 18:16:28,162] {bash_operator.py:110} INFO - Running command: date
[2019-03-21 18:16:28,168] {bash_operator.py:119} INFO - Output:
[2019-03-21 18:16:28,170] {bash_operator.py:123} INFO - Qui Mar 21 18:16:28 -03 2019
[2019-03-21 18:16:28,170] {bash_operator.py:127} INFO - Command exited with return code 0
[2019-03-21 18:16:32,259] {logging_mixin.py:95} INFO - [2019-03-21 18:16:32,258] {jobs.py:2527} INFO - Task exited with return code 0
