[2019-03-19 15:02:40,127] {models.py:1359} INFO - Dependencies all met for <TaskInstance: tutorial.print_date 2017-01-24T00:00:00+00:00 [queued]>
[2019-03-19 15:02:40,129] {models.py:1359} INFO - Dependencies all met for <TaskInstance: tutorial.print_date 2017-01-24T00:00:00+00:00 [queued]>
[2019-03-19 15:02:40,130] {models.py:1571} INFO - 
--------------------------------------------------------------------------------
Starting attempt 1 of 2
--------------------------------------------------------------------------------

[2019-03-19 15:02:40,196] {models.py:1593} INFO - Executing <Task(BashOperator): print_date> on 2017-01-24T00:00:00+00:00
[2019-03-19 15:02:40,196] {base_task_runner.py:118} INFO - Running: ['bash', '-c', 'airflow run tutorial print_date 2017-01-24T00:00:00+00:00 --job_id 1212 --raw -sd DAGS_FOLDER/tutorial.py --cfg_path /tmp/tmp1smn6ax6']
[2019-03-19 15:02:41,059] {base_task_runner.py:101} INFO - Job 1212: Subtask print_date [2019-03-19 15:02:41,055] {__init__.py:51} INFO - Using executor SequentialExecutor
[2019-03-19 15:02:41,417] {base_task_runner.py:101} INFO - Job 1212: Subtask print_date [2019-03-19 15:02:41,411] {models.py:273} INFO - Filling up the DagBag from /home/rsandroni/airflow/dags/tutorial.py
[2019-03-19 15:02:41,463] {base_task_runner.py:101} INFO - Job 1212: Subtask print_date [2019-03-19 15:02:41,460] {cli.py:520} INFO - Running <TaskInstance: tutorial.print_date 2017-01-24T00:00:00+00:00 [running]> on host IADAIRP1.globalrs.rack.space
[2019-03-19 15:02:41,502] {bash_operator.py:77} INFO - Tmp dir root location: 
 /tmp
[2019-03-19 15:02:41,503] {bash_operator.py:86} INFO - Exporting the following env vars:
AIRFLOW_CTX_DAG_ID=tutorial
AIRFLOW_CTX_TASK_ID=print_date
AIRFLOW_CTX_EXECUTION_DATE=2017-01-24T00:00:00+00:00
AIRFLOW_CTX_DAG_RUN_ID=scheduled__2017-01-24T00:00:00+00:00
[2019-03-19 15:02:41,503] {bash_operator.py:100} INFO - Temporary script location: /tmp/airflowtmpbw2jmn_2/print_daterihpx3k_
[2019-03-19 15:02:41,503] {bash_operator.py:110} INFO - Running command: date
[2019-03-19 15:02:41,532] {bash_operator.py:119} INFO - Output:
[2019-03-19 15:02:41,560] {bash_operator.py:123} INFO - Ter Mar 19 15:02:41 -03 2019
[2019-03-19 15:02:41,561] {bash_operator.py:127} INFO - Command exited with return code 0
[2019-03-19 15:02:45,050] {logging_mixin.py:95} INFO - [2019-03-19 15:02:45,049] {jobs.py:2527} INFO - Task exited with return code 0
