[2019-03-21 17:47:25,936] {models.py:1359} INFO - Dependencies all met for <TaskInstance: tutorial.print_date 2017-08-10T00:00:00+00:00 [queued]>
[2019-03-21 17:47:25,939] {models.py:1359} INFO - Dependencies all met for <TaskInstance: tutorial.print_date 2017-08-10T00:00:00+00:00 [queued]>
[2019-03-21 17:47:25,939] {models.py:1571} INFO - 
--------------------------------------------------------------------------------
Starting attempt 1 of 2
--------------------------------------------------------------------------------

[2019-03-21 17:47:25,973] {models.py:1593} INFO - Executing <Task(BashOperator): print_date> on 2017-08-10T00:00:00+00:00
[2019-03-21 17:47:25,973] {base_task_runner.py:118} INFO - Running: ['bash', '-c', 'airflow run tutorial print_date 2017-08-10T00:00:00+00:00 --job_id 1653 --raw -sd DAGS_FOLDER/tutorial.py --cfg_path /tmp/tmpzzw2de_k']
[2019-03-21 17:47:26,789] {base_task_runner.py:101} INFO - Job 1653: Subtask print_date [2019-03-21 17:47:26,788] {__init__.py:51} INFO - Using executor SequentialExecutor
[2019-03-21 17:47:27,209] {base_task_runner.py:101} INFO - Job 1653: Subtask print_date [2019-03-21 17:47:27,207] {models.py:273} INFO - Filling up the DagBag from /home/rsandroni/airflow/dags/tutorial.py
[2019-03-21 17:47:27,249] {base_task_runner.py:101} INFO - Job 1653: Subtask print_date [2019-03-21 17:47:27,245] {cli.py:520} INFO - Running <TaskInstance: tutorial.print_date 2017-08-10T00:00:00+00:00 [running]> on host IADAIRP1.globalrs.rack.space
[2019-03-21 17:47:27,265] {bash_operator.py:77} INFO - Tmp dir root location: 
 /tmp
[2019-03-21 17:47:27,265] {bash_operator.py:86} INFO - Exporting the following env vars:
AIRFLOW_CTX_DAG_ID=tutorial
AIRFLOW_CTX_TASK_ID=print_date
AIRFLOW_CTX_EXECUTION_DATE=2017-08-10T00:00:00+00:00
AIRFLOW_CTX_DAG_RUN_ID=scheduled__2017-08-10T00:00:00+00:00
[2019-03-21 17:47:27,266] {bash_operator.py:100} INFO - Temporary script location: /tmp/airflowtmp35uju3i9/print_dateb1dn5ax0
[2019-03-21 17:47:27,266] {bash_operator.py:110} INFO - Running command: date
[2019-03-21 17:47:27,299] {bash_operator.py:119} INFO - Output:
[2019-03-21 17:47:27,333] {bash_operator.py:123} INFO - Qui Mar 21 17:47:27 -03 2019
[2019-03-21 17:47:27,344] {bash_operator.py:127} INFO - Command exited with return code 0
[2019-03-21 17:47:30,914] {logging_mixin.py:95} INFO - [2019-03-21 17:47:30,913] {jobs.py:2527} INFO - Task exited with return code 0
