[2019-03-21 21:42:25,698] {models.py:1359} INFO - Dependencies all met for <TaskInstance: tutorial.templated 2018-03-09T00:00:00+00:00 [queued]>
[2019-03-21 21:42:25,702] {models.py:1359} INFO - Dependencies all met for <TaskInstance: tutorial.templated 2018-03-09T00:00:00+00:00 [queued]>
[2019-03-21 21:42:25,702] {models.py:1571} INFO - 
--------------------------------------------------------------------------------
Starting attempt 1 of 2
--------------------------------------------------------------------------------

[2019-03-21 21:42:25,716] {models.py:1593} INFO - Executing <Task(BashOperator): templated> on 2018-03-09T00:00:00+00:00
[2019-03-21 21:42:25,717] {base_task_runner.py:118} INFO - Running: ['bash', '-c', 'airflow run tutorial templated 2018-03-09T00:00:00+00:00 --job_id 2099 --raw -sd DAGS_FOLDER/example_dags/tutorial.py --cfg_path /tmp/tmpvlgkb6xd']
[2019-03-21 21:42:26,350] {base_task_runner.py:101} INFO - Job 2099: Subtask templated [2019-03-21 21:42:26,349] {__init__.py:51} INFO - Using executor SequentialExecutor
[2019-03-21 21:42:26,580] {base_task_runner.py:101} INFO - Job 2099: Subtask templated [2019-03-21 21:42:26,579] {models.py:273} INFO - Filling up the DagBag from /home/rsandroni/airflow/dags/example_dags/tutorial.py
[2019-03-21 21:42:26,643] {base_task_runner.py:101} INFO - Job 2099: Subtask templated [2019-03-21 21:42:26,642] {cli.py:520} INFO - Running <TaskInstance: tutorial.templated 2018-03-09T00:00:00+00:00 [running]> on host IADAIRP1.globalrs.rack.space
[2019-03-21 21:42:26,658] {bash_operator.py:77} INFO - Tmp dir root location: 
 /tmp
[2019-03-21 21:42:26,659] {bash_operator.py:86} INFO - Exporting the following env vars:
AIRFLOW_CTX_DAG_ID=tutorial
AIRFLOW_CTX_TASK_ID=templated
AIRFLOW_CTX_EXECUTION_DATE=2018-03-09T00:00:00+00:00
AIRFLOW_CTX_DAG_RUN_ID=scheduled__2018-03-09T00:00:00+00:00
[2019-03-21 21:42:26,659] {bash_operator.py:100} INFO - Temporary script location: /tmp/airflowtmpn8kwimyf/templated2ald01wo
[2019-03-21 21:42:26,659] {bash_operator.py:110} INFO - Running command: 

    echo "2018-03-09"
    echo "2018-03-16"
    echo "Parameter I passed in"

    echo "2018-03-09"
    echo "2018-03-16"
    echo "Parameter I passed in"

    echo "2018-03-09"
    echo "2018-03-16"
    echo "Parameter I passed in"

    echo "2018-03-09"
    echo "2018-03-16"
    echo "Parameter I passed in"

    echo "2018-03-09"
    echo "2018-03-16"
    echo "Parameter I passed in"

[2019-03-21 21:42:26,665] {bash_operator.py:119} INFO - Output:
[2019-03-21 21:42:26,666] {bash_operator.py:123} INFO - 2018-03-09
[2019-03-21 21:42:26,666] {bash_operator.py:123} INFO - 2018-03-16
[2019-03-21 21:42:26,666] {bash_operator.py:123} INFO - Parameter I passed in
[2019-03-21 21:42:26,666] {bash_operator.py:123} INFO - 2018-03-09
[2019-03-21 21:42:26,666] {bash_operator.py:123} INFO - 2018-03-16
[2019-03-21 21:42:26,666] {bash_operator.py:123} INFO - Parameter I passed in
[2019-03-21 21:42:26,666] {bash_operator.py:123} INFO - 2018-03-09
[2019-03-21 21:42:26,666] {bash_operator.py:123} INFO - 2018-03-16
[2019-03-21 21:42:26,666] {bash_operator.py:123} INFO - Parameter I passed in
[2019-03-21 21:42:26,666] {bash_operator.py:123} INFO - 2018-03-09
[2019-03-21 21:42:26,666] {bash_operator.py:123} INFO - 2018-03-16
[2019-03-21 21:42:26,666] {bash_operator.py:123} INFO - Parameter I passed in
[2019-03-21 21:42:26,666] {bash_operator.py:123} INFO - 2018-03-09
[2019-03-21 21:42:26,667] {bash_operator.py:123} INFO - 2018-03-16
[2019-03-21 21:42:26,667] {bash_operator.py:123} INFO - Parameter I passed in
[2019-03-21 21:42:26,667] {bash_operator.py:127} INFO - Command exited with return code 0
[2019-03-21 21:42:30,697] {logging_mixin.py:95} INFO - [2019-03-21 21:42:30,697] {jobs.py:2527} INFO - Task exited with return code 0
