[2019-03-22 00:43:14,133] {models.py:1359} INFO - Dependencies all met for <TaskInstance: tutorial.print_date 2018-07-26T00:00:00+00:00 [queued]>
[2019-03-22 00:43:14,139] {models.py:1359} INFO - Dependencies all met for <TaskInstance: tutorial.print_date 2018-07-26T00:00:00+00:00 [queued]>
[2019-03-22 00:43:14,139] {models.py:1571} INFO - 
--------------------------------------------------------------------------------
Starting attempt 1 of 2
--------------------------------------------------------------------------------

[2019-03-22 00:43:14,188] {models.py:1593} INFO - Executing <Task(BashOperator): print_date> on 2018-07-26T00:00:00+00:00
[2019-03-22 00:43:14,188] {base_task_runner.py:118} INFO - Running: ['bash', '-c', 'airflow run tutorial print_date 2018-07-26T00:00:00+00:00 --job_id 2376 --raw -sd DAGS_FOLDER/tutorial.py --cfg_path /tmp/tmp9vfwvmuh']
[2019-03-22 00:43:15,369] {base_task_runner.py:101} INFO - Job 2376: Subtask print_date [2019-03-22 00:43:15,367] {__init__.py:51} INFO - Using executor SequentialExecutor
[2019-03-22 00:43:15,867] {base_task_runner.py:101} INFO - Job 2376: Subtask print_date [2019-03-22 00:43:15,861] {models.py:273} INFO - Filling up the DagBag from /home/rsandroni/airflow/dags/tutorial.py
[2019-03-22 00:43:15,883] {base_task_runner.py:101} INFO - Job 2376: Subtask print_date [2019-03-22 00:43:15,879] {cli.py:520} INFO - Running <TaskInstance: tutorial.print_date 2018-07-26T00:00:00+00:00 [running]> on host IADAIRP1.globalrs.rack.space
[2019-03-22 00:43:15,937] {bash_operator.py:77} INFO - Tmp dir root location: 
 /tmp
[2019-03-22 00:43:15,938] {bash_operator.py:86} INFO - Exporting the following env vars:
AIRFLOW_CTX_DAG_ID=tutorial
AIRFLOW_CTX_TASK_ID=print_date
AIRFLOW_CTX_EXECUTION_DATE=2018-07-26T00:00:00+00:00
AIRFLOW_CTX_DAG_RUN_ID=scheduled__2018-07-26T00:00:00+00:00
[2019-03-22 00:43:15,938] {bash_operator.py:100} INFO - Temporary script location: /tmp/airflowtmpr7j54ctf/print_date_qcacp8l
[2019-03-22 00:43:15,938] {bash_operator.py:110} INFO - Running command: date
[2019-03-22 00:43:15,978] {bash_operator.py:119} INFO - Output:
[2019-03-22 00:43:15,995] {bash_operator.py:123} INFO - Sex Mar 22 00:43:15 -03 2019
[2019-03-22 00:43:15,995] {bash_operator.py:127} INFO - Command exited with return code 0
[2019-03-22 00:43:19,139] {logging_mixin.py:95} INFO - [2019-03-22 00:43:19,138] {jobs.py:2527} INFO - Task exited with return code 0
