[2019-03-19 12:53:59,505] {models.py:1359} INFO - Dependencies all met for <TaskInstance: tutorial.print_date 2016-05-01T00:00:00+00:00 [queued]>
[2019-03-19 12:53:59,507] {models.py:1359} INFO - Dependencies all met for <TaskInstance: tutorial.print_date 2016-05-01T00:00:00+00:00 [queued]>
[2019-03-19 12:53:59,507] {models.py:1571} INFO - 
--------------------------------------------------------------------------------
Starting attempt 1 of 2
--------------------------------------------------------------------------------

[2019-03-19 12:53:59,569] {models.py:1593} INFO - Executing <Task(BashOperator): print_date> on 2016-05-01T00:00:00+00:00
[2019-03-19 12:53:59,569] {base_task_runner.py:118} INFO - Running: ['bash', '-c', 'airflow run tutorial print_date 2016-05-01T00:00:00+00:00 --job_id 674 --raw -sd DAGS_FOLDER/sql_server_load.py --cfg_path /tmp/tmpokc_zx0q']
[2019-03-19 12:54:00,565] {base_task_runner.py:101} INFO - Job 674: Subtask print_date [2019-03-19 12:54:00,564] {__init__.py:51} INFO - Using executor SequentialExecutor
[2019-03-19 12:54:00,940] {base_task_runner.py:101} INFO - Job 674: Subtask print_date [2019-03-19 12:54:00,931] {models.py:273} INFO - Filling up the DagBag from /home/rsandroni/airflow/dags/sql_server_load.py
[2019-03-19 12:54:00,973] {base_task_runner.py:101} INFO - Job 674: Subtask print_date [2019-03-19 12:54:00,972] {cli.py:520} INFO - Running <TaskInstance: tutorial.print_date 2016-05-01T00:00:00+00:00 [running]> on host IADAIRP1.globalrs.rack.space
[2019-03-19 12:54:01,008] {bash_operator.py:77} INFO - Tmp dir root location: 
 /tmp
[2019-03-19 12:54:01,008] {bash_operator.py:86} INFO - Exporting the following env vars:
AIRFLOW_CTX_DAG_ID=tutorial
AIRFLOW_CTX_TASK_ID=print_date
AIRFLOW_CTX_EXECUTION_DATE=2016-05-01T00:00:00+00:00
AIRFLOW_CTX_DAG_RUN_ID=scheduled__2016-05-01T00:00:00+00:00
[2019-03-19 12:54:01,009] {bash_operator.py:100} INFO - Temporary script location: /tmp/airflowtmp16dsd_u5/print_dateuh0a3ilc
[2019-03-19 12:54:01,009] {bash_operator.py:110} INFO - Running command: date
[2019-03-19 12:54:01,043] {bash_operator.py:119} INFO - Output:
[2019-03-19 12:54:01,069] {bash_operator.py:123} INFO - Ter Mar 19 12:54:01 -03 2019
[2019-03-19 12:54:01,069] {bash_operator.py:127} INFO - Command exited with return code 0
[2019-03-19 12:54:04,471] {logging_mixin.py:95} INFO - [2019-03-19 12:54:04,470] {jobs.py:2527} INFO - Task exited with return code 0
