[2019-03-19 15:02:46,208] {models.py:1359} INFO - Dependencies all met for <TaskInstance: tutorial.print_date 2017-01-25T00:00:00+00:00 [queued]>
[2019-03-19 15:02:46,211] {models.py:1359} INFO - Dependencies all met for <TaskInstance: tutorial.print_date 2017-01-25T00:00:00+00:00 [queued]>
[2019-03-19 15:02:46,211] {models.py:1571} INFO - 
--------------------------------------------------------------------------------
Starting attempt 1 of 2
--------------------------------------------------------------------------------

[2019-03-19 15:02:46,233] {models.py:1593} INFO - Executing <Task(BashOperator): print_date> on 2017-01-25T00:00:00+00:00
[2019-03-19 15:02:46,233] {base_task_runner.py:118} INFO - Running: ['bash', '-c', 'airflow run tutorial print_date 2017-01-25T00:00:00+00:00 --job_id 1213 --raw -sd DAGS_FOLDER/tutorial.py --cfg_path /tmp/tmpd9za9oa8']
[2019-03-19 15:02:46,920] {base_task_runner.py:101} INFO - Job 1213: Subtask print_date [2019-03-19 15:02:46,917] {__init__.py:51} INFO - Using executor SequentialExecutor
[2019-03-19 15:02:47,200] {base_task_runner.py:101} INFO - Job 1213: Subtask print_date [2019-03-19 15:02:47,200] {models.py:273} INFO - Filling up the DagBag from /home/rsandroni/airflow/dags/tutorial.py
[2019-03-19 15:02:47,226] {base_task_runner.py:101} INFO - Job 1213: Subtask print_date [2019-03-19 15:02:47,222] {cli.py:520} INFO - Running <TaskInstance: tutorial.print_date 2017-01-25T00:00:00+00:00 [running]> on host IADAIRP1.globalrs.rack.space
[2019-03-19 15:02:47,238] {bash_operator.py:77} INFO - Tmp dir root location: 
 /tmp
[2019-03-19 15:02:47,238] {bash_operator.py:86} INFO - Exporting the following env vars:
AIRFLOW_CTX_DAG_ID=tutorial
AIRFLOW_CTX_TASK_ID=print_date
AIRFLOW_CTX_EXECUTION_DATE=2017-01-25T00:00:00+00:00
AIRFLOW_CTX_DAG_RUN_ID=scheduled__2017-01-25T00:00:00+00:00
[2019-03-19 15:02:47,239] {bash_operator.py:100} INFO - Temporary script location: /tmp/airflowtmpau9txfnx/print_dateg0qt6woy
[2019-03-19 15:02:47,239] {bash_operator.py:110} INFO - Running command: date
[2019-03-19 15:02:47,244] {bash_operator.py:119} INFO - Output:
[2019-03-19 15:02:47,246] {bash_operator.py:123} INFO - Ter Mar 19 15:02:47 -03 2019
[2019-03-19 15:02:47,246] {bash_operator.py:127} INFO - Command exited with return code 0
[2019-03-19 15:02:51,245] {logging_mixin.py:95} INFO - [2019-03-19 15:02:51,244] {jobs.py:2527} INFO - Task exited with return code 0
