[2019-03-21 23:06:00,787] {models.py:1359} INFO - Dependencies all met for <TaskInstance: tutorial.print_date 2018-05-13T00:00:00+00:00 [queued]>
[2019-03-21 23:06:00,790] {models.py:1359} INFO - Dependencies all met for <TaskInstance: tutorial.print_date 2018-05-13T00:00:00+00:00 [queued]>
[2019-03-21 23:06:00,790] {models.py:1571} INFO - 
--------------------------------------------------------------------------------
Starting attempt 1 of 2
--------------------------------------------------------------------------------

[2019-03-21 23:06:00,804] {models.py:1593} INFO - Executing <Task(BashOperator): print_date> on 2018-05-13T00:00:00+00:00
[2019-03-21 23:06:00,804] {base_task_runner.py:118} INFO - Running: ['bash', '-c', 'airflow run tutorial print_date 2018-05-13T00:00:00+00:00 --job_id 2228 --raw -sd DAGS_FOLDER/tutorial.py --cfg_path /tmp/tmp7_on43ns']
[2019-03-21 23:06:01,443] {base_task_runner.py:101} INFO - Job 2228: Subtask print_date [2019-03-21 23:06:01,443] {__init__.py:51} INFO - Using executor SequentialExecutor
[2019-03-21 23:06:01,674] {base_task_runner.py:101} INFO - Job 2228: Subtask print_date [2019-03-21 23:06:01,674] {models.py:273} INFO - Filling up the DagBag from /home/rsandroni/airflow/dags/tutorial.py
[2019-03-21 23:06:01,690] {base_task_runner.py:101} INFO - Job 2228: Subtask print_date [2019-03-21 23:06:01,690] {cli.py:520} INFO - Running <TaskInstance: tutorial.print_date 2018-05-13T00:00:00+00:00 [running]> on host IADAIRP1.globalrs.rack.space
[2019-03-21 23:06:01,704] {bash_operator.py:77} INFO - Tmp dir root location: 
 /tmp
[2019-03-21 23:06:01,704] {bash_operator.py:86} INFO - Exporting the following env vars:
AIRFLOW_CTX_DAG_ID=tutorial
AIRFLOW_CTX_TASK_ID=print_date
AIRFLOW_CTX_EXECUTION_DATE=2018-05-13T00:00:00+00:00
AIRFLOW_CTX_DAG_RUN_ID=scheduled__2018-05-13T00:00:00+00:00
[2019-03-21 23:06:01,705] {bash_operator.py:100} INFO - Temporary script location: /tmp/airflowtmpl5lzt_86/print_daten9bkqr2n
[2019-03-21 23:06:01,705] {bash_operator.py:110} INFO - Running command: date
[2019-03-21 23:06:01,710] {bash_operator.py:119} INFO - Output:
[2019-03-21 23:06:01,712] {bash_operator.py:123} INFO - Qui Mar 21 23:06:01 -03 2019
[2019-03-21 23:06:01,713] {bash_operator.py:127} INFO - Command exited with return code 0
[2019-03-21 23:06:05,791] {logging_mixin.py:95} INFO - [2019-03-21 23:06:05,790] {jobs.py:2527} INFO - Task exited with return code 0
