[2019-03-19 11:01:07,621] {models.py:1359} INFO - Dependencies all met for <TaskInstance: tutorial.templated 2015-08-28T00:00:00+00:00 [queued]>
[2019-03-19 11:01:07,626] {models.py:1359} INFO - Dependencies all met for <TaskInstance: tutorial.templated 2015-08-28T00:00:00+00:00 [queued]>
[2019-03-19 11:01:07,626] {models.py:1571} INFO - 
--------------------------------------------------------------------------------
Starting attempt 1 of 2
--------------------------------------------------------------------------------

[2019-03-19 11:01:07,640] {models.py:1593} INFO - Executing <Task(BashOperator): templated> on 2015-08-28T00:00:00+00:00
[2019-03-19 11:01:07,640] {base_task_runner.py:118} INFO - Running: ['bash', '-c', 'airflow run tutorial templated 2015-08-28T00:00:00+00:00 --job_id 183 --raw -sd DAGS_FOLDER/example_dags/tutorial.py --cfg_path /tmp/tmp3mh3yjiw']
[2019-03-19 11:01:08,241] {base_task_runner.py:101} INFO - Job 183: Subtask templated [2019-03-19 11:01:08,240] {__init__.py:51} INFO - Using executor SequentialExecutor
[2019-03-19 11:01:08,472] {base_task_runner.py:101} INFO - Job 183: Subtask templated [2019-03-19 11:01:08,471] {models.py:273} INFO - Filling up the DagBag from /home/rsandroni/airflow/dags/example_dags/tutorial.py
[2019-03-19 11:01:08,512] {base_task_runner.py:101} INFO - Job 183: Subtask templated [2019-03-19 11:01:08,511] {cli.py:520} INFO - Running <TaskInstance: tutorial.templated 2015-08-28T00:00:00+00:00 [running]> on host IADAIRP1.globalrs.rack.space
[2019-03-19 11:01:08,527] {bash_operator.py:77} INFO - Tmp dir root location: 
 /tmp
[2019-03-19 11:01:08,527] {bash_operator.py:86} INFO - Exporting the following env vars:
AIRFLOW_CTX_DAG_ID=tutorial
AIRFLOW_CTX_TASK_ID=templated
AIRFLOW_CTX_EXECUTION_DATE=2015-08-28T00:00:00+00:00
AIRFLOW_CTX_DAG_RUN_ID=scheduled__2015-08-28T00:00:00+00:00
[2019-03-19 11:01:08,528] {bash_operator.py:100} INFO - Temporary script location: /tmp/airflowtmpvdhkgfvo/templatedpwpc9qk5
[2019-03-19 11:01:08,528] {bash_operator.py:110} INFO - Running command: 

    echo "2015-08-28"
    echo "2015-09-04"
    echo "Parameter I passed in"

    echo "2015-08-28"
    echo "2015-09-04"
    echo "Parameter I passed in"

    echo "2015-08-28"
    echo "2015-09-04"
    echo "Parameter I passed in"

    echo "2015-08-28"
    echo "2015-09-04"
    echo "Parameter I passed in"

    echo "2015-08-28"
    echo "2015-09-04"
    echo "Parameter I passed in"

[2019-03-19 11:01:08,533] {bash_operator.py:119} INFO - Output:
[2019-03-19 11:01:08,534] {bash_operator.py:123} INFO - 2015-08-28
[2019-03-19 11:01:08,534] {bash_operator.py:123} INFO - 2015-09-04
[2019-03-19 11:01:08,534] {bash_operator.py:123} INFO - Parameter I passed in
[2019-03-19 11:01:08,534] {bash_operator.py:123} INFO - 2015-08-28
[2019-03-19 11:01:08,534] {bash_operator.py:123} INFO - 2015-09-04
[2019-03-19 11:01:08,534] {bash_operator.py:123} INFO - Parameter I passed in
[2019-03-19 11:01:08,534] {bash_operator.py:123} INFO - 2015-08-28
[2019-03-19 11:01:08,534] {bash_operator.py:123} INFO - 2015-09-04
[2019-03-19 11:01:08,534] {bash_operator.py:123} INFO - Parameter I passed in
[2019-03-19 11:01:08,534] {bash_operator.py:123} INFO - 2015-08-28
[2019-03-19 11:01:08,534] {bash_operator.py:123} INFO - 2015-09-04
[2019-03-19 11:01:08,534] {bash_operator.py:123} INFO - Parameter I passed in
[2019-03-19 11:01:08,534] {bash_operator.py:123} INFO - 2015-08-28
[2019-03-19 11:01:08,534] {bash_operator.py:123} INFO - 2015-09-04
[2019-03-19 11:01:08,535] {bash_operator.py:123} INFO - Parameter I passed in
[2019-03-19 11:01:08,535] {bash_operator.py:127} INFO - Command exited with return code 0
[2019-03-19 11:01:12,631] {logging_mixin.py:95} INFO - [2019-03-19 11:01:12,630] {jobs.py:2527} INFO - Task exited with return code 0
