[2019-03-22 01:09:41,936] {models.py:1359} INFO - Dependencies all met for <TaskInstance: tutorial.print_date 2018-08-15T00:00:00+00:00 [queued]>
[2019-03-22 01:09:41,939] {models.py:1359} INFO - Dependencies all met for <TaskInstance: tutorial.print_date 2018-08-15T00:00:00+00:00 [queued]>
[2019-03-22 01:09:41,940] {models.py:1571} INFO - 
--------------------------------------------------------------------------------
Starting attempt 1 of 2
--------------------------------------------------------------------------------

[2019-03-22 01:09:41,952] {models.py:1593} INFO - Executing <Task(BashOperator): print_date> on 2018-08-15T00:00:00+00:00
[2019-03-22 01:09:41,953] {base_task_runner.py:118} INFO - Running: ['bash', '-c', 'airflow run tutorial print_date 2018-08-15T00:00:00+00:00 --job_id 2416 --raw -sd DAGS_FOLDER/tutorial.py --cfg_path /tmp/tmpiy2jnk91']
[2019-03-22 01:09:42,609] {base_task_runner.py:101} INFO - Job 2416: Subtask print_date [2019-03-22 01:09:42,608] {__init__.py:51} INFO - Using executor SequentialExecutor
[2019-03-22 01:09:42,901] {base_task_runner.py:101} INFO - Job 2416: Subtask print_date [2019-03-22 01:09:42,895] {models.py:273} INFO - Filling up the DagBag from /home/rsandroni/airflow/dags/tutorial.py
[2019-03-22 01:09:42,912] {base_task_runner.py:101} INFO - Job 2416: Subtask print_date [2019-03-22 01:09:42,911] {cli.py:520} INFO - Running <TaskInstance: tutorial.print_date 2018-08-15T00:00:00+00:00 [running]> on host IADAIRP1.globalrs.rack.space
[2019-03-22 01:09:42,926] {bash_operator.py:77} INFO - Tmp dir root location: 
 /tmp
[2019-03-22 01:09:42,926] {bash_operator.py:86} INFO - Exporting the following env vars:
AIRFLOW_CTX_DAG_ID=tutorial
AIRFLOW_CTX_TASK_ID=print_date
AIRFLOW_CTX_EXECUTION_DATE=2018-08-15T00:00:00+00:00
AIRFLOW_CTX_DAG_RUN_ID=scheduled__2018-08-15T00:00:00+00:00
[2019-03-22 01:09:42,927] {bash_operator.py:100} INFO - Temporary script location: /tmp/airflowtmp6xvvbse2/print_daterwagxamo
[2019-03-22 01:09:42,927] {bash_operator.py:110} INFO - Running command: date
[2019-03-22 01:09:42,938] {bash_operator.py:119} INFO - Output:
[2019-03-22 01:09:42,945] {bash_operator.py:123} INFO - Sex Mar 22 01:09:42 -03 2019
[2019-03-22 01:09:42,946] {bash_operator.py:127} INFO - Command exited with return code 0
[2019-03-22 01:09:46,944] {logging_mixin.py:95} INFO - [2019-03-22 01:09:46,944] {jobs.py:2527} INFO - Task exited with return code 0
