[2019-03-21 20:21:04,890] {models.py:1359} INFO - Dependencies all met for <TaskInstance: tutorial.templated 2018-01-06T00:00:00+00:00 [queued]>
[2019-03-21 20:21:04,895] {models.py:1359} INFO - Dependencies all met for <TaskInstance: tutorial.templated 2018-01-06T00:00:00+00:00 [queued]>
[2019-03-21 20:21:04,895] {models.py:1571} INFO - 
--------------------------------------------------------------------------------
Starting attempt 1 of 2
--------------------------------------------------------------------------------

[2019-03-21 20:21:04,941] {models.py:1593} INFO - Executing <Task(BashOperator): templated> on 2018-01-06T00:00:00+00:00
[2019-03-21 20:21:04,941] {base_task_runner.py:118} INFO - Running: ['bash', '-c', 'airflow run tutorial templated 2018-01-06T00:00:00+00:00 --job_id 1975 --raw -sd DAGS_FOLDER/example_dags/tutorial.py --cfg_path /tmp/tmp8331qjgd']
[2019-03-21 20:21:05,750] {base_task_runner.py:101} INFO - Job 1975: Subtask templated [2019-03-21 20:21:05,746] {__init__.py:51} INFO - Using executor SequentialExecutor
[2019-03-21 20:21:06,055] {base_task_runner.py:101} INFO - Job 1975: Subtask templated [2019-03-21 20:21:06,051] {models.py:273} INFO - Filling up the DagBag from /home/rsandroni/airflow/dags/example_dags/tutorial.py
[2019-03-21 20:21:06,122] {base_task_runner.py:101} INFO - Job 1975: Subtask templated [2019-03-21 20:21:06,122] {cli.py:520} INFO - Running <TaskInstance: tutorial.templated 2018-01-06T00:00:00+00:00 [running]> on host IADAIRP1.globalrs.rack.space
[2019-03-21 20:21:06,160] {bash_operator.py:77} INFO - Tmp dir root location: 
 /tmp
[2019-03-21 20:21:06,160] {bash_operator.py:86} INFO - Exporting the following env vars:
AIRFLOW_CTX_DAG_ID=tutorial
AIRFLOW_CTX_TASK_ID=templated
AIRFLOW_CTX_EXECUTION_DATE=2018-01-06T00:00:00+00:00
AIRFLOW_CTX_DAG_RUN_ID=scheduled__2018-01-06T00:00:00+00:00
[2019-03-21 20:21:06,160] {bash_operator.py:100} INFO - Temporary script location: /tmp/airflowtmpa2_6dlpi/templatedgxarlzjt
[2019-03-21 20:21:06,161] {bash_operator.py:110} INFO - Running command: 

    echo "2018-01-06"
    echo "2018-01-13"
    echo "Parameter I passed in"

    echo "2018-01-06"
    echo "2018-01-13"
    echo "Parameter I passed in"

    echo "2018-01-06"
    echo "2018-01-13"
    echo "Parameter I passed in"

    echo "2018-01-06"
    echo "2018-01-13"
    echo "Parameter I passed in"

    echo "2018-01-06"
    echo "2018-01-13"
    echo "Parameter I passed in"

[2019-03-21 20:21:06,168] {bash_operator.py:119} INFO - Output:
[2019-03-21 20:21:06,170] {bash_operator.py:123} INFO - 2018-01-06
[2019-03-21 20:21:06,170] {bash_operator.py:123} INFO - 2018-01-13
[2019-03-21 20:21:06,170] {bash_operator.py:123} INFO - Parameter I passed in
[2019-03-21 20:21:06,170] {bash_operator.py:123} INFO - 2018-01-06
[2019-03-21 20:21:06,170] {bash_operator.py:123} INFO - 2018-01-13
[2019-03-21 20:21:06,170] {bash_operator.py:123} INFO - Parameter I passed in
[2019-03-21 20:21:06,170] {bash_operator.py:123} INFO - 2018-01-06
[2019-03-21 20:21:06,170] {bash_operator.py:123} INFO - 2018-01-13
[2019-03-21 20:21:06,170] {bash_operator.py:123} INFO - Parameter I passed in
[2019-03-21 20:21:06,170] {bash_operator.py:123} INFO - 2018-01-06
[2019-03-21 20:21:06,170] {bash_operator.py:123} INFO - 2018-01-13
[2019-03-21 20:21:06,170] {bash_operator.py:123} INFO - Parameter I passed in
[2019-03-21 20:21:06,170] {bash_operator.py:123} INFO - 2018-01-06
[2019-03-21 20:21:06,170] {bash_operator.py:123} INFO - 2018-01-13
[2019-03-21 20:21:06,170] {bash_operator.py:123} INFO - Parameter I passed in
[2019-03-21 20:21:06,170] {bash_operator.py:127} INFO - Command exited with return code 0
[2019-03-21 20:21:09,942] {logging_mixin.py:95} INFO - [2019-03-21 20:21:09,941] {jobs.py:2527} INFO - Task exited with return code 0
