[2019-03-22 00:00:14,585] {models.py:1359} INFO - Dependencies all met for <TaskInstance: tutorial.templated 2018-06-23T00:00:00+00:00 [queued]>
[2019-03-22 00:00:14,591] {models.py:1359} INFO - Dependencies all met for <TaskInstance: tutorial.templated 2018-06-23T00:00:00+00:00 [queued]>
[2019-03-22 00:00:14,591] {models.py:1571} INFO - 
--------------------------------------------------------------------------------
Starting attempt 1 of 2
--------------------------------------------------------------------------------

[2019-03-22 00:00:14,627] {models.py:1593} INFO - Executing <Task(BashOperator): templated> on 2018-06-23T00:00:00+00:00
[2019-03-22 00:00:14,627] {base_task_runner.py:118} INFO - Running: ['bash', '-c', 'airflow run tutorial templated 2018-06-23T00:00:00+00:00 --job_id 2311 --raw -sd DAGS_FOLDER/example_dags/tutorial.py --cfg_path /tmp/tmp49_7sxl_']
[2019-03-22 00:00:15,327] {base_task_runner.py:101} INFO - Job 2311: Subtask templated [2019-03-22 00:00:15,327] {__init__.py:51} INFO - Using executor SequentialExecutor
[2019-03-22 00:00:15,592] {base_task_runner.py:101} INFO - Job 2311: Subtask templated [2019-03-22 00:00:15,591] {models.py:273} INFO - Filling up the DagBag from /home/rsandroni/airflow/dags/example_dags/tutorial.py
[2019-03-22 00:00:15,656] {base_task_runner.py:101} INFO - Job 2311: Subtask templated [2019-03-22 00:00:15,655] {cli.py:520} INFO - Running <TaskInstance: tutorial.templated 2018-06-23T00:00:00+00:00 [running]> on host IADAIRP1.globalrs.rack.space
[2019-03-22 00:00:15,672] {bash_operator.py:77} INFO - Tmp dir root location: 
 /tmp
[2019-03-22 00:00:15,672] {bash_operator.py:86} INFO - Exporting the following env vars:
AIRFLOW_CTX_DAG_ID=tutorial
AIRFLOW_CTX_TASK_ID=templated
AIRFLOW_CTX_EXECUTION_DATE=2018-06-23T00:00:00+00:00
AIRFLOW_CTX_DAG_RUN_ID=scheduled__2018-06-23T00:00:00+00:00
[2019-03-22 00:00:15,673] {bash_operator.py:100} INFO - Temporary script location: /tmp/airflowtmp249j220q/templatedc__qz05w
[2019-03-22 00:00:15,673] {bash_operator.py:110} INFO - Running command: 

    echo "2018-06-23"
    echo "2018-06-30"
    echo "Parameter I passed in"

    echo "2018-06-23"
    echo "2018-06-30"
    echo "Parameter I passed in"

    echo "2018-06-23"
    echo "2018-06-30"
    echo "Parameter I passed in"

    echo "2018-06-23"
    echo "2018-06-30"
    echo "Parameter I passed in"

    echo "2018-06-23"
    echo "2018-06-30"
    echo "Parameter I passed in"

[2019-03-22 00:00:15,678] {bash_operator.py:119} INFO - Output:
[2019-03-22 00:00:15,680] {bash_operator.py:123} INFO - 2018-06-23
[2019-03-22 00:00:15,680] {bash_operator.py:123} INFO - 2018-06-30
[2019-03-22 00:00:15,680] {bash_operator.py:123} INFO - Parameter I passed in
[2019-03-22 00:00:15,680] {bash_operator.py:123} INFO - 2018-06-23
[2019-03-22 00:00:15,680] {bash_operator.py:123} INFO - 2018-06-30
[2019-03-22 00:00:15,680] {bash_operator.py:123} INFO - Parameter I passed in
[2019-03-22 00:00:15,680] {bash_operator.py:123} INFO - 2018-06-23
[2019-03-22 00:00:15,680] {bash_operator.py:123} INFO - 2018-06-30
[2019-03-22 00:00:15,680] {bash_operator.py:123} INFO - Parameter I passed in
[2019-03-22 00:00:15,680] {bash_operator.py:123} INFO - 2018-06-23
[2019-03-22 00:00:15,680] {bash_operator.py:123} INFO - 2018-06-30
[2019-03-22 00:00:15,680] {bash_operator.py:123} INFO - Parameter I passed in
[2019-03-22 00:00:15,680] {bash_operator.py:123} INFO - 2018-06-23
[2019-03-22 00:00:15,680] {bash_operator.py:123} INFO - 2018-06-30
[2019-03-22 00:00:15,680] {bash_operator.py:123} INFO - Parameter I passed in
[2019-03-22 00:00:15,680] {bash_operator.py:127} INFO - Command exited with return code 0
[2019-03-22 00:00:19,549] {logging_mixin.py:95} INFO - [2019-03-22 00:00:19,548] {jobs.py:2527} INFO - Task exited with return code 0
