[2019-03-19 12:02:17,923] {models.py:1359} INFO - Dependencies all met for <TaskInstance: tutorial.print_date 2016-01-11T00:00:00+00:00 [queued]>
[2019-03-19 12:02:17,925] {models.py:1359} INFO - Dependencies all met for <TaskInstance: tutorial.print_date 2016-01-11T00:00:00+00:00 [queued]>
[2019-03-19 12:02:17,925] {models.py:1571} INFO - 
--------------------------------------------------------------------------------
Starting attempt 1 of 2
--------------------------------------------------------------------------------

[2019-03-19 12:02:17,943] {models.py:1593} INFO - Executing <Task(BashOperator): print_date> on 2016-01-11T00:00:00+00:00
[2019-03-19 12:02:17,943] {base_task_runner.py:118} INFO - Running: ['bash', '-c', 'airflow run tutorial print_date 2016-01-11T00:00:00+00:00 --job_id 452 --raw -sd DAGS_FOLDER/sql_server_load.py --cfg_path /tmp/tmpf2ojeoji']
[2019-03-19 12:02:18,559] {base_task_runner.py:101} INFO - Job 452: Subtask print_date [2019-03-19 12:02:18,559] {__init__.py:51} INFO - Using executor SequentialExecutor
[2019-03-19 12:02:18,792] {base_task_runner.py:101} INFO - Job 452: Subtask print_date [2019-03-19 12:02:18,792] {models.py:273} INFO - Filling up the DagBag from /home/rsandroni/airflow/dags/sql_server_load.py
[2019-03-19 12:02:18,811] {base_task_runner.py:101} INFO - Job 452: Subtask print_date [2019-03-19 12:02:18,810] {cli.py:520} INFO - Running <TaskInstance: tutorial.print_date 2016-01-11T00:00:00+00:00 [running]> on host IADAIRP1.globalrs.rack.space
[2019-03-19 12:02:18,823] {bash_operator.py:77} INFO - Tmp dir root location: 
 /tmp
[2019-03-19 12:02:18,824] {bash_operator.py:86} INFO - Exporting the following env vars:
AIRFLOW_CTX_DAG_ID=tutorial
AIRFLOW_CTX_TASK_ID=print_date
AIRFLOW_CTX_EXECUTION_DATE=2016-01-11T00:00:00+00:00
AIRFLOW_CTX_DAG_RUN_ID=scheduled__2016-01-11T00:00:00+00:00
[2019-03-19 12:02:18,824] {bash_operator.py:100} INFO - Temporary script location: /tmp/airflowtmpym0tfkfn/print_daten5m4imma
[2019-03-19 12:02:18,825] {bash_operator.py:110} INFO - Running command: date
[2019-03-19 12:02:18,830] {bash_operator.py:119} INFO - Output:
[2019-03-19 12:02:18,832] {bash_operator.py:123} INFO - Ter Mar 19 12:02:18 -03 2019
[2019-03-19 12:02:18,832] {bash_operator.py:127} INFO - Command exited with return code 0
[2019-03-19 12:02:22,932] {logging_mixin.py:95} INFO - [2019-03-19 12:02:22,932] {jobs.py:2527} INFO - Task exited with return code 0
