[2019-03-22 02:20:26,986] {models.py:1359} INFO - Dependencies all met for <TaskInstance: tutorial.templated 2018-10-06T00:00:00+00:00 [queued]>
[2019-03-22 02:20:26,991] {models.py:1359} INFO - Dependencies all met for <TaskInstance: tutorial.templated 2018-10-06T00:00:00+00:00 [queued]>
[2019-03-22 02:20:26,991] {models.py:1571} INFO - 
--------------------------------------------------------------------------------
Starting attempt 1 of 2
--------------------------------------------------------------------------------

[2019-03-22 02:20:27,004] {models.py:1593} INFO - Executing <Task(BashOperator): templated> on 2018-10-06T00:00:00+00:00
[2019-03-22 02:20:27,004] {base_task_runner.py:118} INFO - Running: ['bash', '-c', 'airflow run tutorial templated 2018-10-06T00:00:00+00:00 --job_id 2522 --raw -sd DAGS_FOLDER/example_dags/tutorial.py --cfg_path /tmp/tmpek6n9cp6']
[2019-03-22 02:20:27,704] {base_task_runner.py:101} INFO - Job 2522: Subtask templated [2019-03-22 02:20:27,704] {__init__.py:51} INFO - Using executor SequentialExecutor
[2019-03-22 02:20:27,970] {base_task_runner.py:101} INFO - Job 2522: Subtask templated [2019-03-22 02:20:27,969] {models.py:273} INFO - Filling up the DagBag from /home/rsandroni/airflow/dags/example_dags/tutorial.py
[2019-03-22 02:20:28,050] {base_task_runner.py:101} INFO - Job 2522: Subtask templated [2019-03-22 02:20:28,045] {cli.py:520} INFO - Running <TaskInstance: tutorial.templated 2018-10-06T00:00:00+00:00 [running]> on host IADAIRP1.globalrs.rack.space
[2019-03-22 02:20:28,065] {bash_operator.py:77} INFO - Tmp dir root location: 
 /tmp
[2019-03-22 02:20:28,065] {bash_operator.py:86} INFO - Exporting the following env vars:
AIRFLOW_CTX_DAG_ID=tutorial
AIRFLOW_CTX_TASK_ID=templated
AIRFLOW_CTX_EXECUTION_DATE=2018-10-06T00:00:00+00:00
AIRFLOW_CTX_DAG_RUN_ID=scheduled__2018-10-06T00:00:00+00:00
[2019-03-22 02:20:28,066] {bash_operator.py:100} INFO - Temporary script location: /tmp/airflowtmpyc783t1s/templatedsi8ji91r
[2019-03-22 02:20:28,066] {bash_operator.py:110} INFO - Running command: 

    echo "2018-10-06"
    echo "2018-10-13"
    echo "Parameter I passed in"

    echo "2018-10-06"
    echo "2018-10-13"
    echo "Parameter I passed in"

    echo "2018-10-06"
    echo "2018-10-13"
    echo "Parameter I passed in"

    echo "2018-10-06"
    echo "2018-10-13"
    echo "Parameter I passed in"

    echo "2018-10-06"
    echo "2018-10-13"
    echo "Parameter I passed in"

[2019-03-22 02:20:28,072] {bash_operator.py:119} INFO - Output:
[2019-03-22 02:20:28,073] {bash_operator.py:123} INFO - 2018-10-06
[2019-03-22 02:20:28,073] {bash_operator.py:123} INFO - 2018-10-13
[2019-03-22 02:20:28,073] {bash_operator.py:123} INFO - Parameter I passed in
[2019-03-22 02:20:28,073] {bash_operator.py:123} INFO - 2018-10-06
[2019-03-22 02:20:28,073] {bash_operator.py:123} INFO - 2018-10-13
[2019-03-22 02:20:28,073] {bash_operator.py:123} INFO - Parameter I passed in
[2019-03-22 02:20:28,073] {bash_operator.py:123} INFO - 2018-10-06
[2019-03-22 02:20:28,073] {bash_operator.py:123} INFO - 2018-10-13
[2019-03-22 02:20:28,073] {bash_operator.py:123} INFO - Parameter I passed in
[2019-03-22 02:20:28,073] {bash_operator.py:123} INFO - 2018-10-06
[2019-03-22 02:20:28,073] {bash_operator.py:123} INFO - 2018-10-13
[2019-03-22 02:20:28,073] {bash_operator.py:123} INFO - Parameter I passed in
[2019-03-22 02:20:28,073] {bash_operator.py:123} INFO - 2018-10-06
[2019-03-22 02:20:28,073] {bash_operator.py:123} INFO - 2018-10-13
[2019-03-22 02:20:28,073] {bash_operator.py:123} INFO - Parameter I passed in
[2019-03-22 02:20:28,073] {bash_operator.py:127} INFO - Command exited with return code 0
[2019-03-22 02:20:32,049] {logging_mixin.py:95} INFO - [2019-03-22 02:20:32,049] {jobs.py:2527} INFO - Task exited with return code 0
