[2019-03-22 05:21:04,969] {models.py:1359} INFO - Dependencies all met for <TaskInstance: tutorial.print_date 2019-02-21T00:00:00+00:00 [queued]>
[2019-03-22 05:21:04,973] {models.py:1359} INFO - Dependencies all met for <TaskInstance: tutorial.print_date 2019-02-21T00:00:00+00:00 [queued]>
[2019-03-22 05:21:04,974] {models.py:1571} INFO - 
--------------------------------------------------------------------------------
Starting attempt 1 of 2
--------------------------------------------------------------------------------

[2019-03-22 05:21:05,010] {models.py:1593} INFO - Executing <Task(BashOperator): print_date> on 2019-02-21T00:00:00+00:00
[2019-03-22 05:21:05,010] {base_task_runner.py:118} INFO - Running: ['bash', '-c', 'airflow run tutorial print_date 2019-02-21T00:00:00+00:00 --job_id 2796 --raw -sd DAGS_FOLDER/tutorial.py --cfg_path /tmp/tmpuv77qaf1']
[2019-03-22 05:21:05,821] {base_task_runner.py:101} INFO - Job 2796: Subtask print_date [2019-03-22 05:21:05,815] {__init__.py:51} INFO - Using executor SequentialExecutor
[2019-03-22 05:21:06,173] {base_task_runner.py:101} INFO - Job 2796: Subtask print_date [2019-03-22 05:21:06,168] {models.py:273} INFO - Filling up the DagBag from /home/rsandroni/airflow/dags/tutorial.py
[2019-03-22 05:21:06,199] {base_task_runner.py:101} INFO - Job 2796: Subtask print_date [2019-03-22 05:21:06,198] {cli.py:520} INFO - Running <TaskInstance: tutorial.print_date 2019-02-21T00:00:00+00:00 [running]> on host IADAIRP1.globalrs.rack.space
[2019-03-22 05:21:06,239] {bash_operator.py:77} INFO - Tmp dir root location: 
 /tmp
[2019-03-22 05:21:06,239] {bash_operator.py:86} INFO - Exporting the following env vars:
AIRFLOW_CTX_DAG_ID=tutorial
AIRFLOW_CTX_TASK_ID=print_date
AIRFLOW_CTX_EXECUTION_DATE=2019-02-21T00:00:00+00:00
AIRFLOW_CTX_DAG_RUN_ID=scheduled__2019-02-21T00:00:00+00:00
[2019-03-22 05:21:06,240] {bash_operator.py:100} INFO - Temporary script location: /tmp/airflowtmp8u6z72b5/print_date634f8cqv
[2019-03-22 05:21:06,240] {bash_operator.py:110} INFO - Running command: date
[2019-03-22 05:21:06,283] {bash_operator.py:119} INFO - Output:
[2019-03-22 05:21:06,293] {bash_operator.py:123} INFO - Sex Mar 22 05:21:06 -03 2019
[2019-03-22 05:21:06,293] {bash_operator.py:127} INFO - Command exited with return code 0
[2019-03-22 05:21:09,939] {logging_mixin.py:95} INFO - [2019-03-22 05:21:09,938] {jobs.py:2527} INFO - Task exited with return code 0
