[2019-03-21 20:58:34,828] {models.py:1359} INFO - Dependencies all met for <TaskInstance: tutorial.print_date 2018-02-05T00:00:00+00:00 [queued]>
[2019-03-21 20:58:34,833] {models.py:1359} INFO - Dependencies all met for <TaskInstance: tutorial.print_date 2018-02-05T00:00:00+00:00 [queued]>
[2019-03-21 20:58:34,833] {models.py:1571} INFO - 
--------------------------------------------------------------------------------
Starting attempt 1 of 2
--------------------------------------------------------------------------------

[2019-03-21 20:58:34,908] {models.py:1593} INFO - Executing <Task(BashOperator): print_date> on 2018-02-05T00:00:00+00:00
[2019-03-21 20:58:34,908] {base_task_runner.py:118} INFO - Running: ['bash', '-c', 'airflow run tutorial print_date 2018-02-05T00:00:00+00:00 --job_id 2033 --raw -sd DAGS_FOLDER/tutorial.py --cfg_path /tmp/tmpbzx5g5a0']
[2019-03-21 20:58:35,883] {base_task_runner.py:101} INFO - Job 2033: Subtask print_date [2019-03-21 20:58:35,872] {__init__.py:51} INFO - Using executor SequentialExecutor
[2019-03-21 20:58:36,226] {base_task_runner.py:101} INFO - Job 2033: Subtask print_date [2019-03-21 20:58:36,221] {models.py:273} INFO - Filling up the DagBag from /home/rsandroni/airflow/dags/tutorial.py
[2019-03-21 20:58:36,239] {base_task_runner.py:101} INFO - Job 2033: Subtask print_date [2019-03-21 20:58:36,238] {cli.py:520} INFO - Running <TaskInstance: tutorial.print_date 2018-02-05T00:00:00+00:00 [running]> on host IADAIRP1.globalrs.rack.space
[2019-03-21 20:58:36,254] {bash_operator.py:77} INFO - Tmp dir root location: 
 /tmp
[2019-03-21 20:58:36,254] {bash_operator.py:86} INFO - Exporting the following env vars:
AIRFLOW_CTX_DAG_ID=tutorial
AIRFLOW_CTX_TASK_ID=print_date
AIRFLOW_CTX_EXECUTION_DATE=2018-02-05T00:00:00+00:00
AIRFLOW_CTX_DAG_RUN_ID=scheduled__2018-02-05T00:00:00+00:00
[2019-03-21 20:58:36,254] {bash_operator.py:100} INFO - Temporary script location: /tmp/airflowtmpa5ii7xwk/print_dateg66d80m4
[2019-03-21 20:58:36,254] {bash_operator.py:110} INFO - Running command: date
[2019-03-21 20:58:36,307] {bash_operator.py:119} INFO - Output:
[2019-03-21 20:58:36,333] {bash_operator.py:123} INFO - Qui Mar 21 20:58:36 -03 2019
[2019-03-21 20:58:36,333] {bash_operator.py:127} INFO - Command exited with return code 0
[2019-03-21 20:58:39,819] {logging_mixin.py:95} INFO - [2019-03-21 20:58:39,817] {jobs.py:2527} INFO - Task exited with return code 0
