[2019-03-22 05:50:26,326] {models.py:1359} INFO - Dependencies all met for <TaskInstance: tutorial.print_date 2019-03-15T00:00:00+00:00 [queued]>
[2019-03-22 05:50:26,329] {models.py:1359} INFO - Dependencies all met for <TaskInstance: tutorial.print_date 2019-03-15T00:00:00+00:00 [queued]>
[2019-03-22 05:50:26,330] {models.py:1571} INFO - 
--------------------------------------------------------------------------------
Starting attempt 1 of 2
--------------------------------------------------------------------------------

[2019-03-22 05:50:26,352] {models.py:1593} INFO - Executing <Task(BashOperator): print_date> on 2019-03-15T00:00:00+00:00
[2019-03-22 05:50:26,352] {base_task_runner.py:118} INFO - Running: ['bash', '-c', 'airflow run tutorial print_date 2019-03-15T00:00:00+00:00 --job_id 2840 --raw -sd DAGS_FOLDER/tutorial.py --cfg_path /tmp/tmplhpr0dcr']
[2019-03-22 05:50:27,007] {base_task_runner.py:101} INFO - Job 2840: Subtask print_date [2019-03-22 05:50:27,006] {__init__.py:51} INFO - Using executor SequentialExecutor
[2019-03-22 05:50:27,267] {base_task_runner.py:101} INFO - Job 2840: Subtask print_date [2019-03-22 05:50:27,266] {models.py:273} INFO - Filling up the DagBag from /home/rsandroni/airflow/dags/tutorial.py
[2019-03-22 05:50:27,282] {base_task_runner.py:101} INFO - Job 2840: Subtask print_date [2019-03-22 05:50:27,281] {cli.py:520} INFO - Running <TaskInstance: tutorial.print_date 2019-03-15T00:00:00+00:00 [running]> on host IADAIRP1.globalrs.rack.space
[2019-03-22 05:50:27,294] {bash_operator.py:77} INFO - Tmp dir root location: 
 /tmp
[2019-03-22 05:50:27,295] {bash_operator.py:86} INFO - Exporting the following env vars:
AIRFLOW_CTX_DAG_ID=tutorial
AIRFLOW_CTX_TASK_ID=print_date
AIRFLOW_CTX_EXECUTION_DATE=2019-03-15T00:00:00+00:00
AIRFLOW_CTX_DAG_RUN_ID=scheduled__2019-03-15T00:00:00+00:00
[2019-03-22 05:50:27,295] {bash_operator.py:100} INFO - Temporary script location: /tmp/airflowtmpuisqrhvo/print_datewlt_vtl8
[2019-03-22 05:50:27,295] {bash_operator.py:110} INFO - Running command: date
[2019-03-22 05:50:27,300] {bash_operator.py:119} INFO - Output:
[2019-03-22 05:50:27,303] {bash_operator.py:123} INFO - Sex Mar 22 05:50:27 -03 2019
[2019-03-22 05:50:27,303] {bash_operator.py:127} INFO - Command exited with return code 0
[2019-03-22 05:50:31,376] {logging_mixin.py:95} INFO - [2019-03-22 05:50:31,375] {jobs.py:2527} INFO - Task exited with return code 0
