[2019-03-19 13:00:06,944] {models.py:1359} INFO - Dependencies all met for <TaskInstance: tutorial.print_date 2016-05-13T00:00:00+00:00 [queued]>
[2019-03-19 13:00:06,946] {models.py:1359} INFO - Dependencies all met for <TaskInstance: tutorial.print_date 2016-05-13T00:00:00+00:00 [queued]>
[2019-03-19 13:00:06,946] {models.py:1571} INFO - 
--------------------------------------------------------------------------------
Starting attempt 1 of 2
--------------------------------------------------------------------------------

[2019-03-19 13:00:06,958] {models.py:1593} INFO - Executing <Task(BashOperator): print_date> on 2016-05-13T00:00:00+00:00
[2019-03-19 13:00:06,958] {base_task_runner.py:118} INFO - Running: ['bash', '-c', 'airflow run tutorial print_date 2016-05-13T00:00:00+00:00 --job_id 698 --raw -sd DAGS_FOLDER/sql_server_load.py --cfg_path /tmp/tmpm_uyyuyt']
[2019-03-19 13:00:07,578] {base_task_runner.py:101} INFO - Job 698: Subtask print_date [2019-03-19 13:00:07,577] {__init__.py:51} INFO - Using executor SequentialExecutor
[2019-03-19 13:00:07,838] {base_task_runner.py:101} INFO - Job 698: Subtask print_date [2019-03-19 13:00:07,837] {models.py:273} INFO - Filling up the DagBag from /home/rsandroni/airflow/dags/sql_server_load.py
[2019-03-19 13:00:07,855] {base_task_runner.py:101} INFO - Job 698: Subtask print_date [2019-03-19 13:00:07,855] {cli.py:520} INFO - Running <TaskInstance: tutorial.print_date 2016-05-13T00:00:00+00:00 [running]> on host IADAIRP1.globalrs.rack.space
[2019-03-19 13:00:07,867] {bash_operator.py:77} INFO - Tmp dir root location: 
 /tmp
[2019-03-19 13:00:07,868] {bash_operator.py:86} INFO - Exporting the following env vars:
AIRFLOW_CTX_DAG_ID=tutorial
AIRFLOW_CTX_TASK_ID=print_date
AIRFLOW_CTX_EXECUTION_DATE=2016-05-13T00:00:00+00:00
AIRFLOW_CTX_DAG_RUN_ID=scheduled__2016-05-13T00:00:00+00:00
[2019-03-19 13:00:07,868] {bash_operator.py:100} INFO - Temporary script location: /tmp/airflowtmp98v1bim2/print_datehyycvp3q
[2019-03-19 13:00:07,868] {bash_operator.py:110} INFO - Running command: date
[2019-03-19 13:00:07,874] {bash_operator.py:119} INFO - Output:
[2019-03-19 13:00:07,877] {bash_operator.py:123} INFO - Ter Mar 19 13:00:07 -03 2019
[2019-03-19 13:00:07,877] {bash_operator.py:127} INFO - Command exited with return code 0
[2019-03-19 13:00:11,980] {logging_mixin.py:95} INFO - [2019-03-19 13:00:11,979] {jobs.py:2527} INFO - Task exited with return code 0
