[2019-03-22 04:04:20,850] {models.py:1359} INFO - Dependencies all met for <TaskInstance: tutorial.print_date 2018-12-26T00:00:00+00:00 [queued]>
[2019-03-22 04:04:20,853] {models.py:1359} INFO - Dependencies all met for <TaskInstance: tutorial.print_date 2018-12-26T00:00:00+00:00 [queued]>
[2019-03-22 04:04:20,853] {models.py:1571} INFO - 
--------------------------------------------------------------------------------
Starting attempt 1 of 2
--------------------------------------------------------------------------------

[2019-03-22 04:04:20,870] {models.py:1593} INFO - Executing <Task(BashOperator): print_date> on 2018-12-26T00:00:00+00:00
[2019-03-22 04:04:20,870] {base_task_runner.py:118} INFO - Running: ['bash', '-c', 'airflow run tutorial print_date 2018-12-26T00:00:00+00:00 --job_id 2681 --raw -sd DAGS_FOLDER/tutorial.py --cfg_path /tmp/tmpqr38iuj7']
[2019-03-22 04:04:21,519] {base_task_runner.py:101} INFO - Job 2681: Subtask print_date [2019-03-22 04:04:21,519] {__init__.py:51} INFO - Using executor SequentialExecutor
[2019-03-22 04:04:21,856] {base_task_runner.py:101} INFO - Job 2681: Subtask print_date [2019-03-22 04:04:21,855] {models.py:273} INFO - Filling up the DagBag from /home/rsandroni/airflow/dags/tutorial.py
[2019-03-22 04:04:21,871] {base_task_runner.py:101} INFO - Job 2681: Subtask print_date [2019-03-22 04:04:21,870] {cli.py:520} INFO - Running <TaskInstance: tutorial.print_date 2018-12-26T00:00:00+00:00 [running]> on host IADAIRP1.globalrs.rack.space
[2019-03-22 04:04:21,884] {bash_operator.py:77} INFO - Tmp dir root location: 
 /tmp
[2019-03-22 04:04:21,884] {bash_operator.py:86} INFO - Exporting the following env vars:
AIRFLOW_CTX_DAG_ID=tutorial
AIRFLOW_CTX_TASK_ID=print_date
AIRFLOW_CTX_EXECUTION_DATE=2018-12-26T00:00:00+00:00
AIRFLOW_CTX_DAG_RUN_ID=scheduled__2018-12-26T00:00:00+00:00
[2019-03-22 04:04:21,885] {bash_operator.py:100} INFO - Temporary script location: /tmp/airflowtmp3imk5063/print_datejnlbcmns
[2019-03-22 04:04:21,885] {bash_operator.py:110} INFO - Running command: date
[2019-03-22 04:04:21,890] {bash_operator.py:119} INFO - Output:
[2019-03-22 04:04:21,892] {bash_operator.py:123} INFO - Sex Mar 22 04:04:21 -03 2019
[2019-03-22 04:04:21,893] {bash_operator.py:127} INFO - Command exited with return code 0
[2019-03-22 04:04:25,851] {logging_mixin.py:95} INFO - [2019-03-22 04:04:25,850] {jobs.py:2527} INFO - Task exited with return code 0
