[2019-03-22 03:50:24,814] {models.py:1359} INFO - Dependencies all met for <TaskInstance: tutorial.templated 2018-12-13T00:00:00+00:00 [queued]>
[2019-03-22 03:50:24,819] {models.py:1359} INFO - Dependencies all met for <TaskInstance: tutorial.templated 2018-12-13T00:00:00+00:00 [queued]>
[2019-03-22 03:50:24,819] {models.py:1571} INFO - 
--------------------------------------------------------------------------------
Starting attempt 1 of 2
--------------------------------------------------------------------------------

[2019-03-22 03:50:24,832] {models.py:1593} INFO - Executing <Task(BashOperator): templated> on 2018-12-13T00:00:00+00:00
[2019-03-22 03:50:24,832] {base_task_runner.py:118} INFO - Running: ['bash', '-c', 'airflow run tutorial templated 2018-12-13T00:00:00+00:00 --job_id 2658 --raw -sd DAGS_FOLDER/example_dags/tutorial.py --cfg_path /tmp/tmpjoa43ney']
[2019-03-22 03:50:25,485] {base_task_runner.py:101} INFO - Job 2658: Subtask templated [2019-03-22 03:50:25,484] {__init__.py:51} INFO - Using executor SequentialExecutor
[2019-03-22 03:50:25,749] {base_task_runner.py:101} INFO - Job 2658: Subtask templated [2019-03-22 03:50:25,748] {models.py:273} INFO - Filling up the DagBag from /home/rsandroni/airflow/dags/example_dags/tutorial.py
[2019-03-22 03:50:25,816] {base_task_runner.py:101} INFO - Job 2658: Subtask templated [2019-03-22 03:50:25,815] {cli.py:520} INFO - Running <TaskInstance: tutorial.templated 2018-12-13T00:00:00+00:00 [running]> on host IADAIRP1.globalrs.rack.space
[2019-03-22 03:50:25,835] {bash_operator.py:77} INFO - Tmp dir root location: 
 /tmp
[2019-03-22 03:50:25,836] {bash_operator.py:86} INFO - Exporting the following env vars:
AIRFLOW_CTX_DAG_ID=tutorial
AIRFLOW_CTX_TASK_ID=templated
AIRFLOW_CTX_EXECUTION_DATE=2018-12-13T00:00:00+00:00
AIRFLOW_CTX_DAG_RUN_ID=scheduled__2018-12-13T00:00:00+00:00
[2019-03-22 03:50:25,836] {bash_operator.py:100} INFO - Temporary script location: /tmp/airflowtmp2r4jubiq/templatedlg9b1asq
[2019-03-22 03:50:25,836] {bash_operator.py:110} INFO - Running command: 

    echo "2018-12-13"
    echo "2018-12-20"
    echo "Parameter I passed in"

    echo "2018-12-13"
    echo "2018-12-20"
    echo "Parameter I passed in"

    echo "2018-12-13"
    echo "2018-12-20"
    echo "Parameter I passed in"

    echo "2018-12-13"
    echo "2018-12-20"
    echo "Parameter I passed in"

    echo "2018-12-13"
    echo "2018-12-20"
    echo "Parameter I passed in"

[2019-03-22 03:50:25,844] {bash_operator.py:119} INFO - Output:
[2019-03-22 03:50:25,851] {bash_operator.py:123} INFO - 2018-12-13
[2019-03-22 03:50:25,851] {bash_operator.py:123} INFO - 2018-12-20
[2019-03-22 03:50:25,852] {bash_operator.py:123} INFO - Parameter I passed in
[2019-03-22 03:50:25,852] {bash_operator.py:123} INFO - 2018-12-13
[2019-03-22 03:50:25,852] {bash_operator.py:123} INFO - 2018-12-20
[2019-03-22 03:50:25,852] {bash_operator.py:123} INFO - Parameter I passed in
[2019-03-22 03:50:25,852] {bash_operator.py:123} INFO - 2018-12-13
[2019-03-22 03:50:25,852] {bash_operator.py:123} INFO - 2018-12-20
[2019-03-22 03:50:25,852] {bash_operator.py:123} INFO - Parameter I passed in
[2019-03-22 03:50:25,852] {bash_operator.py:123} INFO - 2018-12-13
[2019-03-22 03:50:25,852] {bash_operator.py:123} INFO - 2018-12-20
[2019-03-22 03:50:25,852] {bash_operator.py:123} INFO - Parameter I passed in
[2019-03-22 03:50:25,852] {bash_operator.py:123} INFO - 2018-12-13
[2019-03-22 03:50:25,852] {bash_operator.py:123} INFO - 2018-12-20
[2019-03-22 03:50:25,853] {bash_operator.py:123} INFO - Parameter I passed in
[2019-03-22 03:50:25,853] {bash_operator.py:127} INFO - Command exited with return code 0
[2019-03-22 03:50:29,893] {logging_mixin.py:95} INFO - [2019-03-22 03:50:29,893] {jobs.py:2527} INFO - Task exited with return code 0
