[2019-03-19 11:54:36,445] {models.py:1359} INFO - Dependencies all met for <TaskInstance: tutorial.templated 2015-12-22T00:00:00+00:00 [queued]>
[2019-03-19 11:54:36,449] {models.py:1359} INFO - Dependencies all met for <TaskInstance: tutorial.templated 2015-12-22T00:00:00+00:00 [queued]>
[2019-03-19 11:54:36,450] {models.py:1571} INFO - 
--------------------------------------------------------------------------------
Starting attempt 1 of 2
--------------------------------------------------------------------------------

[2019-03-19 11:54:36,465] {models.py:1593} INFO - Executing <Task(BashOperator): templated> on 2015-12-22T00:00:00+00:00
[2019-03-19 11:54:36,465] {base_task_runner.py:118} INFO - Running: ['bash', '-c', 'airflow run tutorial templated 2015-12-22T00:00:00+00:00 --job_id 417 --raw -sd DAGS_FOLDER/sql_server_load.py --cfg_path /tmp/tmp42zx_y88']
[2019-03-19 11:54:37,081] {base_task_runner.py:101} INFO - Job 417: Subtask templated [2019-03-19 11:54:37,080] {__init__.py:51} INFO - Using executor SequentialExecutor
[2019-03-19 11:54:37,343] {base_task_runner.py:101} INFO - Job 417: Subtask templated [2019-03-19 11:54:37,342] {models.py:273} INFO - Filling up the DagBag from /home/rsandroni/airflow/dags/sql_server_load.py
[2019-03-19 11:54:37,362] {base_task_runner.py:101} INFO - Job 417: Subtask templated [2019-03-19 11:54:37,361] {cli.py:520} INFO - Running <TaskInstance: tutorial.templated 2015-12-22T00:00:00+00:00 [running]> on host IADAIRP1.globalrs.rack.space
[2019-03-19 11:54:37,378] {bash_operator.py:77} INFO - Tmp dir root location: 
 /tmp
[2019-03-19 11:54:37,378] {bash_operator.py:86} INFO - Exporting the following env vars:
AIRFLOW_CTX_DAG_ID=tutorial
AIRFLOW_CTX_TASK_ID=templated
AIRFLOW_CTX_EXECUTION_DATE=2015-12-22T00:00:00+00:00
AIRFLOW_CTX_DAG_RUN_ID=scheduled__2015-12-22T00:00:00+00:00
[2019-03-19 11:54:37,378] {bash_operator.py:100} INFO - Temporary script location: /tmp/airflowtmp2_aawvw2/templatedr937zzqh
[2019-03-19 11:54:37,378] {bash_operator.py:110} INFO - Running command: 
    
        echo "2015-12-22"
        echo "Parameter I passed in"
    
        echo "2015-12-22"
        echo "Parameter I passed in"
    
        echo "2015-12-22"
        echo "Parameter I passed in"
    
        echo "2015-12-22"
        echo "Parameter I passed in"
    
        echo "2015-12-22"
        echo "Parameter I passed in"
    
    
[2019-03-19 11:54:37,384] {bash_operator.py:119} INFO - Output:
[2019-03-19 11:54:37,385] {bash_operator.py:123} INFO - 2015-12-22
[2019-03-19 11:54:37,385] {bash_operator.py:123} INFO - Parameter I passed in
[2019-03-19 11:54:37,385] {bash_operator.py:123} INFO - 2015-12-22
[2019-03-19 11:54:37,385] {bash_operator.py:123} INFO - Parameter I passed in
[2019-03-19 11:54:37,385] {bash_operator.py:123} INFO - 2015-12-22
[2019-03-19 11:54:37,385] {bash_operator.py:123} INFO - Parameter I passed in
[2019-03-19 11:54:37,385] {bash_operator.py:123} INFO - 2015-12-22
[2019-03-19 11:54:37,385] {bash_operator.py:123} INFO - Parameter I passed in
[2019-03-19 11:54:37,385] {bash_operator.py:123} INFO - 2015-12-22
[2019-03-19 11:54:37,385] {bash_operator.py:123} INFO - Parameter I passed in
[2019-03-19 11:54:37,385] {bash_operator.py:127} INFO - Command exited with return code 0
[2019-03-19 11:54:41,465] {logging_mixin.py:95} INFO - [2019-03-19 11:54:41,465] {jobs.py:2527} INFO - Task exited with return code 0
