[2019-03-19 11:20:56,654] {models.py:1359} INFO - Dependencies all met for <TaskInstance: tutorial.templated 2015-10-05T00:00:00+00:00 [queued]>
[2019-03-19 11:20:56,658] {models.py:1359} INFO - Dependencies all met for <TaskInstance: tutorial.templated 2015-10-05T00:00:00+00:00 [queued]>
[2019-03-19 11:20:56,658] {models.py:1571} INFO - 
--------------------------------------------------------------------------------
Starting attempt 1 of 2
--------------------------------------------------------------------------------

[2019-03-19 11:20:56,675] {models.py:1593} INFO - Executing <Task(BashOperator): templated> on 2015-10-05T00:00:00+00:00
[2019-03-19 11:20:56,675] {base_task_runner.py:118} INFO - Running: ['bash', '-c', 'airflow run tutorial templated 2015-10-05T00:00:00+00:00 --job_id 261 --raw -sd DAGS_FOLDER/sql_server_load.py --cfg_path /tmp/tmpqjz0l7n6']
[2019-03-19 11:20:57,274] {base_task_runner.py:101} INFO - Job 261: Subtask templated [2019-03-19 11:20:57,273] {__init__.py:51} INFO - Using executor SequentialExecutor
[2019-03-19 11:20:57,527] {base_task_runner.py:101} INFO - Job 261: Subtask templated [2019-03-19 11:20:57,526] {models.py:273} INFO - Filling up the DagBag from /home/rsandroni/airflow/dags/sql_server_load.py
[2019-03-19 11:20:57,547] {base_task_runner.py:101} INFO - Job 261: Subtask templated [2019-03-19 11:20:57,546] {cli.py:520} INFO - Running <TaskInstance: tutorial.templated 2015-10-05T00:00:00+00:00 [running]> on host IADAIRP1.globalrs.rack.space
[2019-03-19 11:20:57,562] {bash_operator.py:77} INFO - Tmp dir root location: 
 /tmp
[2019-03-19 11:20:57,562] {bash_operator.py:86} INFO - Exporting the following env vars:
AIRFLOW_CTX_DAG_ID=tutorial
AIRFLOW_CTX_TASK_ID=templated
AIRFLOW_CTX_EXECUTION_DATE=2015-10-05T00:00:00+00:00
AIRFLOW_CTX_DAG_RUN_ID=scheduled__2015-10-05T00:00:00+00:00
[2019-03-19 11:20:57,562] {bash_operator.py:100} INFO - Temporary script location: /tmp/airflowtmpk302wh2i/templatedepvr82tp
[2019-03-19 11:20:57,562] {bash_operator.py:110} INFO - Running command: 
    
        echo "2015-10-05"
        echo "Parameter I passed in"
    
        echo "2015-10-05"
        echo "Parameter I passed in"
    
        echo "2015-10-05"
        echo "Parameter I passed in"
    
        echo "2015-10-05"
        echo "Parameter I passed in"
    
        echo "2015-10-05"
        echo "Parameter I passed in"
    
    
[2019-03-19 11:20:57,567] {bash_operator.py:119} INFO - Output:
[2019-03-19 11:20:57,569] {bash_operator.py:123} INFO - 2015-10-05
[2019-03-19 11:20:57,569] {bash_operator.py:123} INFO - Parameter I passed in
[2019-03-19 11:20:57,569] {bash_operator.py:123} INFO - 2015-10-05
[2019-03-19 11:20:57,569] {bash_operator.py:123} INFO - Parameter I passed in
[2019-03-19 11:20:57,569] {bash_operator.py:123} INFO - 2015-10-05
[2019-03-19 11:20:57,569] {bash_operator.py:123} INFO - Parameter I passed in
[2019-03-19 11:20:57,569] {bash_operator.py:123} INFO - 2015-10-05
[2019-03-19 11:20:57,569] {bash_operator.py:123} INFO - Parameter I passed in
[2019-03-19 11:20:57,569] {bash_operator.py:123} INFO - 2015-10-05
[2019-03-19 11:20:57,569] {bash_operator.py:123} INFO - Parameter I passed in
[2019-03-19 11:20:57,569] {bash_operator.py:127} INFO - Command exited with return code 0
[2019-03-19 11:21:01,658] {logging_mixin.py:95} INFO - [2019-03-19 11:21:01,657] {jobs.py:2527} INFO - Task exited with return code 0
