[2019-03-19 11:27:24,703] {models.py:1359} INFO - Dependencies all met for <TaskInstance: tutorial.templated 2015-10-20T00:00:00+00:00 [queued]>
[2019-03-19 11:27:24,707] {models.py:1359} INFO - Dependencies all met for <TaskInstance: tutorial.templated 2015-10-20T00:00:00+00:00 [queued]>
[2019-03-19 11:27:24,707] {models.py:1571} INFO - 
--------------------------------------------------------------------------------
Starting attempt 1 of 2
--------------------------------------------------------------------------------

[2019-03-19 11:27:24,722] {models.py:1593} INFO - Executing <Task(BashOperator): templated> on 2015-10-20T00:00:00+00:00
[2019-03-19 11:27:24,722] {base_task_runner.py:118} INFO - Running: ['bash', '-c', 'airflow run tutorial templated 2015-10-20T00:00:00+00:00 --job_id 291 --raw -sd DAGS_FOLDER/sql_server_load.py --cfg_path /tmp/tmpi5zav57t']
[2019-03-19 11:27:25,326] {base_task_runner.py:101} INFO - Job 291: Subtask templated [2019-03-19 11:27:25,325] {__init__.py:51} INFO - Using executor SequentialExecutor
[2019-03-19 11:27:25,544] {base_task_runner.py:101} INFO - Job 291: Subtask templated [2019-03-19 11:27:25,544] {models.py:273} INFO - Filling up the DagBag from /home/rsandroni/airflow/dags/sql_server_load.py
[2019-03-19 11:27:25,563] {base_task_runner.py:101} INFO - Job 291: Subtask templated [2019-03-19 11:27:25,562] {cli.py:520} INFO - Running <TaskInstance: tutorial.templated 2015-10-20T00:00:00+00:00 [running]> on host IADAIRP1.globalrs.rack.space
[2019-03-19 11:27:25,576] {bash_operator.py:77} INFO - Tmp dir root location: 
 /tmp
[2019-03-19 11:27:25,576] {bash_operator.py:86} INFO - Exporting the following env vars:
AIRFLOW_CTX_DAG_ID=tutorial
AIRFLOW_CTX_TASK_ID=templated
AIRFLOW_CTX_EXECUTION_DATE=2015-10-20T00:00:00+00:00
AIRFLOW_CTX_DAG_RUN_ID=scheduled__2015-10-20T00:00:00+00:00
[2019-03-19 11:27:25,576] {bash_operator.py:100} INFO - Temporary script location: /tmp/airflowtmplz0nrkz9/templated2b7q8qxc
[2019-03-19 11:27:25,576] {bash_operator.py:110} INFO - Running command: 
    
        echo "2015-10-20"
        echo "Parameter I passed in"
    
        echo "2015-10-20"
        echo "Parameter I passed in"
    
        echo "2015-10-20"
        echo "Parameter I passed in"
    
        echo "2015-10-20"
        echo "Parameter I passed in"
    
        echo "2015-10-20"
        echo "Parameter I passed in"
    
    
[2019-03-19 11:27:25,581] {bash_operator.py:119} INFO - Output:
[2019-03-19 11:27:25,583] {bash_operator.py:123} INFO - 2015-10-20
[2019-03-19 11:27:25,583] {bash_operator.py:123} INFO - Parameter I passed in
[2019-03-19 11:27:25,583] {bash_operator.py:123} INFO - 2015-10-20
[2019-03-19 11:27:25,583] {bash_operator.py:123} INFO - Parameter I passed in
[2019-03-19 11:27:25,583] {bash_operator.py:123} INFO - 2015-10-20
[2019-03-19 11:27:25,583] {bash_operator.py:123} INFO - Parameter I passed in
[2019-03-19 11:27:25,583] {bash_operator.py:123} INFO - 2015-10-20
[2019-03-19 11:27:25,583] {bash_operator.py:123} INFO - Parameter I passed in
[2019-03-19 11:27:25,583] {bash_operator.py:123} INFO - 2015-10-20
[2019-03-19 11:27:25,583] {bash_operator.py:123} INFO - Parameter I passed in
[2019-03-19 11:27:25,583] {bash_operator.py:127} INFO - Command exited with return code 0
[2019-03-19 11:27:29,710] {logging_mixin.py:95} INFO - [2019-03-19 11:27:29,709] {jobs.py:2527} INFO - Task exited with return code 0
