[2019-03-21 17:22:58,713] {models.py:1359} INFO - Dependencies all met for <TaskInstance: tutorial.templated 2017-07-04T00:00:00+00:00 [queued]>
[2019-03-21 17:22:58,717] {models.py:1359} INFO - Dependencies all met for <TaskInstance: tutorial.templated 2017-07-04T00:00:00+00:00 [queued]>
[2019-03-21 17:22:58,717] {models.py:1571} INFO - 
--------------------------------------------------------------------------------
Starting attempt 1 of 2
--------------------------------------------------------------------------------

[2019-03-21 17:22:58,733] {models.py:1593} INFO - Executing <Task(BashOperator): templated> on 2017-07-04T00:00:00+00:00
[2019-03-21 17:22:58,733] {base_task_runner.py:118} INFO - Running: ['bash', '-c', 'airflow run tutorial templated 2017-07-04T00:00:00+00:00 --job_id 1562 --raw -sd DAGS_FOLDER/example_dags/tutorial.py --cfg_path /tmp/tmphn35m9jz']
[2019-03-21 17:22:59,385] {base_task_runner.py:101} INFO - Job 1562: Subtask templated [2019-03-21 17:22:59,384] {__init__.py:51} INFO - Using executor SequentialExecutor
[2019-03-21 17:22:59,624] {base_task_runner.py:101} INFO - Job 1562: Subtask templated [2019-03-21 17:22:59,623] {models.py:273} INFO - Filling up the DagBag from /home/rsandroni/airflow/dags/example_dags/tutorial.py
[2019-03-21 17:22:59,689] {base_task_runner.py:101} INFO - Job 1562: Subtask templated [2019-03-21 17:22:59,688] {cli.py:520} INFO - Running <TaskInstance: tutorial.templated 2017-07-04T00:00:00+00:00 [running]> on host IADAIRP1.globalrs.rack.space
[2019-03-21 17:22:59,704] {bash_operator.py:77} INFO - Tmp dir root location: 
 /tmp
[2019-03-21 17:22:59,705] {bash_operator.py:86} INFO - Exporting the following env vars:
AIRFLOW_CTX_DAG_ID=tutorial
AIRFLOW_CTX_TASK_ID=templated
AIRFLOW_CTX_EXECUTION_DATE=2017-07-04T00:00:00+00:00
AIRFLOW_CTX_DAG_RUN_ID=scheduled__2017-07-04T00:00:00+00:00
[2019-03-21 17:22:59,705] {bash_operator.py:100} INFO - Temporary script location: /tmp/airflowtmpxktbzhp4/templatedy8i17qo5
[2019-03-21 17:22:59,705] {bash_operator.py:110} INFO - Running command: 

    echo "2017-07-04"
    echo "2017-07-11"
    echo "Parameter I passed in"

    echo "2017-07-04"
    echo "2017-07-11"
    echo "Parameter I passed in"

    echo "2017-07-04"
    echo "2017-07-11"
    echo "Parameter I passed in"

    echo "2017-07-04"
    echo "2017-07-11"
    echo "Parameter I passed in"

    echo "2017-07-04"
    echo "2017-07-11"
    echo "Parameter I passed in"

[2019-03-21 17:22:59,711] {bash_operator.py:119} INFO - Output:
[2019-03-21 17:22:59,712] {bash_operator.py:123} INFO - 2017-07-04
[2019-03-21 17:22:59,712] {bash_operator.py:123} INFO - 2017-07-11
[2019-03-21 17:22:59,712] {bash_operator.py:123} INFO - Parameter I passed in
[2019-03-21 17:22:59,712] {bash_operator.py:123} INFO - 2017-07-04
[2019-03-21 17:22:59,712] {bash_operator.py:123} INFO - 2017-07-11
[2019-03-21 17:22:59,712] {bash_operator.py:123} INFO - Parameter I passed in
[2019-03-21 17:22:59,712] {bash_operator.py:123} INFO - 2017-07-04
[2019-03-21 17:22:59,712] {bash_operator.py:123} INFO - 2017-07-11
[2019-03-21 17:22:59,712] {bash_operator.py:123} INFO - Parameter I passed in
[2019-03-21 17:22:59,712] {bash_operator.py:123} INFO - 2017-07-04
[2019-03-21 17:22:59,712] {bash_operator.py:123} INFO - 2017-07-11
[2019-03-21 17:22:59,712] {bash_operator.py:123} INFO - Parameter I passed in
[2019-03-21 17:22:59,712] {bash_operator.py:123} INFO - 2017-07-04
[2019-03-21 17:22:59,712] {bash_operator.py:123} INFO - 2017-07-11
[2019-03-21 17:22:59,712] {bash_operator.py:123} INFO - Parameter I passed in
[2019-03-21 17:22:59,713] {bash_operator.py:127} INFO - Command exited with return code 0
[2019-03-21 17:23:03,713] {logging_mixin.py:95} INFO - [2019-03-21 17:23:03,713] {jobs.py:2527} INFO - Task exited with return code 0
