[2019-03-21 22:14:04,397] {models.py:1359} INFO - Dependencies all met for <TaskInstance: tutorial.print_date 2018-04-03T00:00:00+00:00 [queued]>
[2019-03-21 22:14:04,399] {models.py:1359} INFO - Dependencies all met for <TaskInstance: tutorial.print_date 2018-04-03T00:00:00+00:00 [queued]>
[2019-03-21 22:14:04,400] {models.py:1571} INFO - 
--------------------------------------------------------------------------------
Starting attempt 1 of 2
--------------------------------------------------------------------------------

[2019-03-21 22:14:04,415] {models.py:1593} INFO - Executing <Task(BashOperator): print_date> on 2018-04-03T00:00:00+00:00
[2019-03-21 22:14:04,415] {base_task_runner.py:118} INFO - Running: ['bash', '-c', 'airflow run tutorial print_date 2018-04-03T00:00:00+00:00 --job_id 2148 --raw -sd DAGS_FOLDER/tutorial.py --cfg_path /tmp/tmp9wb1cfgh']
[2019-03-21 22:14:05,046] {base_task_runner.py:101} INFO - Job 2148: Subtask print_date [2019-03-21 22:14:05,045] {__init__.py:51} INFO - Using executor SequentialExecutor
[2019-03-21 22:14:05,283] {base_task_runner.py:101} INFO - Job 2148: Subtask print_date [2019-03-21 22:14:05,282] {models.py:273} INFO - Filling up the DagBag from /home/rsandroni/airflow/dags/tutorial.py
[2019-03-21 22:14:05,298] {base_task_runner.py:101} INFO - Job 2148: Subtask print_date [2019-03-21 22:14:05,298] {cli.py:520} INFO - Running <TaskInstance: tutorial.print_date 2018-04-03T00:00:00+00:00 [running]> on host IADAIRP1.globalrs.rack.space
[2019-03-21 22:14:05,311] {bash_operator.py:77} INFO - Tmp dir root location: 
 /tmp
[2019-03-21 22:14:05,311] {bash_operator.py:86} INFO - Exporting the following env vars:
AIRFLOW_CTX_DAG_ID=tutorial
AIRFLOW_CTX_TASK_ID=print_date
AIRFLOW_CTX_EXECUTION_DATE=2018-04-03T00:00:00+00:00
AIRFLOW_CTX_DAG_RUN_ID=scheduled__2018-04-03T00:00:00+00:00
[2019-03-21 22:14:05,312] {bash_operator.py:100} INFO - Temporary script location: /tmp/airflowtmprvlec8a6/print_date0nfir86v
[2019-03-21 22:14:05,312] {bash_operator.py:110} INFO - Running command: date
[2019-03-21 22:14:05,317] {bash_operator.py:119} INFO - Output:
[2019-03-21 22:14:05,319] {bash_operator.py:123} INFO - Qui Mar 21 22:14:05 -03 2019
[2019-03-21 22:14:05,320] {bash_operator.py:127} INFO - Command exited with return code 0
[2019-03-21 22:14:09,395] {logging_mixin.py:95} INFO - [2019-03-21 22:14:09,395] {jobs.py:2527} INFO - Task exited with return code 0
