[2019-03-22 04:19:33,265] {models.py:1359} INFO - Dependencies all met for <TaskInstance: tutorial.templated 2019-01-05T00:00:00+00:00 [queued]>
[2019-03-22 04:19:33,273] {models.py:1359} INFO - Dependencies all met for <TaskInstance: tutorial.templated 2019-01-05T00:00:00+00:00 [queued]>
[2019-03-22 04:19:33,273] {models.py:1571} INFO - 
--------------------------------------------------------------------------------
Starting attempt 1 of 2
--------------------------------------------------------------------------------

[2019-03-22 04:19:33,327] {models.py:1593} INFO - Executing <Task(BashOperator): templated> on 2019-01-05T00:00:00+00:00
[2019-03-22 04:19:33,327] {base_task_runner.py:118} INFO - Running: ['bash', '-c', 'airflow run tutorial templated 2019-01-05T00:00:00+00:00 --job_id 2703 --raw -sd DAGS_FOLDER/example_dags/tutorial.py --cfg_path /tmp/tmpqf226fx7']
[2019-03-22 04:19:34,103] {base_task_runner.py:101} INFO - Job 2703: Subtask templated [2019-03-22 04:19:34,093] {__init__.py:51} INFO - Using executor SequentialExecutor
[2019-03-22 04:19:34,474] {base_task_runner.py:101} INFO - Job 2703: Subtask templated [2019-03-22 04:19:34,468] {models.py:273} INFO - Filling up the DagBag from /home/rsandroni/airflow/dags/example_dags/tutorial.py
[2019-03-22 04:19:34,625] {base_task_runner.py:101} INFO - Job 2703: Subtask templated [2019-03-22 04:19:34,621] {cli.py:520} INFO - Running <TaskInstance: tutorial.templated 2019-01-05T00:00:00+00:00 [running]> on host IADAIRP1.globalrs.rack.space
[2019-03-22 04:19:34,656] {bash_operator.py:77} INFO - Tmp dir root location: 
 /tmp
[2019-03-22 04:19:34,657] {bash_operator.py:86} INFO - Exporting the following env vars:
AIRFLOW_CTX_DAG_ID=tutorial
AIRFLOW_CTX_TASK_ID=templated
AIRFLOW_CTX_EXECUTION_DATE=2019-01-05T00:00:00+00:00
AIRFLOW_CTX_DAG_RUN_ID=scheduled__2019-01-05T00:00:00+00:00
[2019-03-22 04:19:34,658] {bash_operator.py:100} INFO - Temporary script location: /tmp/airflowtmpoz7biqvp/templated82jfmjcr
[2019-03-22 04:19:34,658] {bash_operator.py:110} INFO - Running command: 

    echo "2019-01-05"
    echo "2019-01-12"
    echo "Parameter I passed in"

    echo "2019-01-05"
    echo "2019-01-12"
    echo "Parameter I passed in"

    echo "2019-01-05"
    echo "2019-01-12"
    echo "Parameter I passed in"

    echo "2019-01-05"
    echo "2019-01-12"
    echo "Parameter I passed in"

    echo "2019-01-05"
    echo "2019-01-12"
    echo "Parameter I passed in"

[2019-03-22 04:19:34,712] {bash_operator.py:119} INFO - Output:
[2019-03-22 04:19:34,713] {bash_operator.py:123} INFO - 2019-01-05
[2019-03-22 04:19:34,713] {bash_operator.py:123} INFO - 2019-01-12
[2019-03-22 04:19:34,713] {bash_operator.py:123} INFO - Parameter I passed in
[2019-03-22 04:19:34,713] {bash_operator.py:123} INFO - 2019-01-05
[2019-03-22 04:19:34,713] {bash_operator.py:123} INFO - 2019-01-12
[2019-03-22 04:19:34,713] {bash_operator.py:123} INFO - Parameter I passed in
[2019-03-22 04:19:34,713] {bash_operator.py:123} INFO - 2019-01-05
[2019-03-22 04:19:34,713] {bash_operator.py:123} INFO - 2019-01-12
[2019-03-22 04:19:34,713] {bash_operator.py:123} INFO - Parameter I passed in
[2019-03-22 04:19:34,713] {bash_operator.py:123} INFO - 2019-01-05
[2019-03-22 04:19:34,713] {bash_operator.py:123} INFO - 2019-01-12
[2019-03-22 04:19:34,713] {bash_operator.py:123} INFO - Parameter I passed in
[2019-03-22 04:19:34,713] {bash_operator.py:123} INFO - 2019-01-05
[2019-03-22 04:19:34,713] {bash_operator.py:123} INFO - 2019-01-12
[2019-03-22 04:19:34,713] {bash_operator.py:123} INFO - Parameter I passed in
[2019-03-22 04:19:34,713] {bash_operator.py:127} INFO - Command exited with return code 0
[2019-03-22 04:19:38,266] {logging_mixin.py:95} INFO - [2019-03-22 04:19:38,265] {jobs.py:2527} INFO - Task exited with return code 0
