[2019-03-21 19:08:45,586] {models.py:1359} INFO - Dependencies all met for <TaskInstance: tutorial.print_date 2017-11-13T00:00:00+00:00 [queued]>
[2019-03-21 19:08:45,588] {models.py:1359} INFO - Dependencies all met for <TaskInstance: tutorial.print_date 2017-11-13T00:00:00+00:00 [queued]>
[2019-03-21 19:08:45,588] {models.py:1571} INFO - 
--------------------------------------------------------------------------------
Starting attempt 1 of 2
--------------------------------------------------------------------------------

[2019-03-21 19:08:45,602] {models.py:1593} INFO - Executing <Task(BashOperator): print_date> on 2017-11-13T00:00:00+00:00
[2019-03-21 19:08:45,602] {base_task_runner.py:118} INFO - Running: ['bash', '-c', 'airflow run tutorial print_date 2017-11-13T00:00:00+00:00 --job_id 1865 --raw -sd DAGS_FOLDER/tutorial.py --cfg_path /tmp/tmp0l_b7ho8']
[2019-03-21 19:08:46,244] {base_task_runner.py:101} INFO - Job 1865: Subtask print_date [2019-03-21 19:08:46,243] {__init__.py:51} INFO - Using executor SequentialExecutor
[2019-03-21 19:08:46,475] {base_task_runner.py:101} INFO - Job 1865: Subtask print_date [2019-03-21 19:08:46,474] {models.py:273} INFO - Filling up the DagBag from /home/rsandroni/airflow/dags/tutorial.py
[2019-03-21 19:08:46,490] {base_task_runner.py:101} INFO - Job 1865: Subtask print_date [2019-03-21 19:08:46,490] {cli.py:520} INFO - Running <TaskInstance: tutorial.print_date 2017-11-13T00:00:00+00:00 [running]> on host IADAIRP1.globalrs.rack.space
[2019-03-21 19:08:46,503] {bash_operator.py:77} INFO - Tmp dir root location: 
 /tmp
[2019-03-21 19:08:46,504] {bash_operator.py:86} INFO - Exporting the following env vars:
AIRFLOW_CTX_DAG_ID=tutorial
AIRFLOW_CTX_TASK_ID=print_date
AIRFLOW_CTX_EXECUTION_DATE=2017-11-13T00:00:00+00:00
AIRFLOW_CTX_DAG_RUN_ID=scheduled__2017-11-13T00:00:00+00:00
[2019-03-21 19:08:46,504] {bash_operator.py:100} INFO - Temporary script location: /tmp/airflowtmpm844ghic/print_datetzafmhm2
[2019-03-21 19:08:46,504] {bash_operator.py:110} INFO - Running command: date
[2019-03-21 19:08:46,510] {bash_operator.py:119} INFO - Output:
[2019-03-21 19:08:46,512] {bash_operator.py:123} INFO - Qui Mar 21 19:08:46 -03 2019
[2019-03-21 19:08:46,512] {bash_operator.py:127} INFO - Command exited with return code 0
[2019-03-21 19:08:50,590] {logging_mixin.py:95} INFO - [2019-03-21 19:08:50,590] {jobs.py:2527} INFO - Task exited with return code 0
