[2019-03-21 20:47:54,434] {models.py:1359} INFO - Dependencies all met for <TaskInstance: tutorial.print_date 2018-01-27T00:00:00+00:00 [queued]>
[2019-03-21 20:47:54,438] {models.py:1359} INFO - Dependencies all met for <TaskInstance: tutorial.print_date 2018-01-27T00:00:00+00:00 [queued]>
[2019-03-21 20:47:54,438] {models.py:1571} INFO - 
--------------------------------------------------------------------------------
Starting attempt 1 of 2
--------------------------------------------------------------------------------

[2019-03-21 20:47:54,492] {models.py:1593} INFO - Executing <Task(BashOperator): print_date> on 2018-01-27T00:00:00+00:00
[2019-03-21 20:47:54,492] {base_task_runner.py:118} INFO - Running: ['bash', '-c', 'airflow run tutorial print_date 2018-01-27T00:00:00+00:00 --job_id 2016 --raw -sd DAGS_FOLDER/tutorial.py --cfg_path /tmp/tmpvz7dxdqo']
[2019-03-21 20:47:55,339] {base_task_runner.py:101} INFO - Job 2016: Subtask print_date [2019-03-21 20:47:55,337] {__init__.py:51} INFO - Using executor SequentialExecutor
[2019-03-21 20:47:55,825] {base_task_runner.py:101} INFO - Job 2016: Subtask print_date [2019-03-21 20:47:55,824] {models.py:273} INFO - Filling up the DagBag from /home/rsandroni/airflow/dags/tutorial.py
[2019-03-21 20:47:55,853] {base_task_runner.py:101} INFO - Job 2016: Subtask print_date [2019-03-21 20:47:55,852] {cli.py:520} INFO - Running <TaskInstance: tutorial.print_date 2018-01-27T00:00:00+00:00 [running]> on host IADAIRP1.globalrs.rack.space
[2019-03-21 20:47:55,889] {bash_operator.py:77} INFO - Tmp dir root location: 
 /tmp
[2019-03-21 20:47:55,889] {bash_operator.py:86} INFO - Exporting the following env vars:
AIRFLOW_CTX_DAG_ID=tutorial
AIRFLOW_CTX_TASK_ID=print_date
AIRFLOW_CTX_EXECUTION_DATE=2018-01-27T00:00:00+00:00
AIRFLOW_CTX_DAG_RUN_ID=scheduled__2018-01-27T00:00:00+00:00
[2019-03-21 20:47:55,890] {bash_operator.py:100} INFO - Temporary script location: /tmp/airflowtmpl2m0p3w7/print_datebxdlg7rg
[2019-03-21 20:47:55,890] {bash_operator.py:110} INFO - Running command: date
[2019-03-21 20:47:55,922] {bash_operator.py:119} INFO - Output:
[2019-03-21 20:47:55,938] {bash_operator.py:123} INFO - Qui Mar 21 20:47:55 -03 2019
[2019-03-21 20:47:55,938] {bash_operator.py:127} INFO - Command exited with return code 0
[2019-03-21 20:47:59,407] {logging_mixin.py:95} INFO - [2019-03-21 20:47:59,406] {jobs.py:2527} INFO - Task exited with return code 0
