[2019-03-22 04:19:26,788] {models.py:1359} INFO - Dependencies all met for <TaskInstance: tutorial.templated 2019-01-04T00:00:00+00:00 [queued]>
[2019-03-22 04:19:26,794] {models.py:1359} INFO - Dependencies all met for <TaskInstance: tutorial.templated 2019-01-04T00:00:00+00:00 [queued]>
[2019-03-22 04:19:26,794] {models.py:1571} INFO - 
--------------------------------------------------------------------------------
Starting attempt 1 of 2
--------------------------------------------------------------------------------

[2019-03-22 04:19:26,866] {models.py:1593} INFO - Executing <Task(BashOperator): templated> on 2019-01-04T00:00:00+00:00
[2019-03-22 04:19:26,866] {base_task_runner.py:118} INFO - Running: ['bash', '-c', 'airflow run tutorial templated 2019-01-04T00:00:00+00:00 --job_id 2702 --raw -sd DAGS_FOLDER/example_dags/tutorial.py --cfg_path /tmp/tmph_ayaaui']
[2019-03-22 04:19:28,412] {base_task_runner.py:101} INFO - Job 2702: Subtask templated [2019-03-22 04:19:28,410] {__init__.py:51} INFO - Using executor SequentialExecutor
[2019-03-22 04:19:29,036] {base_task_runner.py:101} INFO - Job 2702: Subtask templated [2019-03-22 04:19:29,029] {models.py:273} INFO - Filling up the DagBag from /home/rsandroni/airflow/dags/example_dags/tutorial.py
[2019-03-22 04:19:29,215] {base_task_runner.py:101} INFO - Job 2702: Subtask templated [2019-03-22 04:19:29,211] {cli.py:520} INFO - Running <TaskInstance: tutorial.templated 2019-01-04T00:00:00+00:00 [running]> on host IADAIRP1.globalrs.rack.space
[2019-03-22 04:19:29,261] {bash_operator.py:77} INFO - Tmp dir root location: 
 /tmp
[2019-03-22 04:19:29,261] {bash_operator.py:86} INFO - Exporting the following env vars:
AIRFLOW_CTX_DAG_ID=tutorial
AIRFLOW_CTX_TASK_ID=templated
AIRFLOW_CTX_EXECUTION_DATE=2019-01-04T00:00:00+00:00
AIRFLOW_CTX_DAG_RUN_ID=scheduled__2019-01-04T00:00:00+00:00
[2019-03-22 04:19:29,262] {bash_operator.py:100} INFO - Temporary script location: /tmp/airflowtmp595d8yfi/templatedt1zns0nb
[2019-03-22 04:19:29,262] {bash_operator.py:110} INFO - Running command: 

    echo "2019-01-04"
    echo "2019-01-11"
    echo "Parameter I passed in"

    echo "2019-01-04"
    echo "2019-01-11"
    echo "Parameter I passed in"

    echo "2019-01-04"
    echo "2019-01-11"
    echo "Parameter I passed in"

    echo "2019-01-04"
    echo "2019-01-11"
    echo "Parameter I passed in"

    echo "2019-01-04"
    echo "2019-01-11"
    echo "Parameter I passed in"

[2019-03-22 04:19:29,311] {bash_operator.py:119} INFO - Output:
[2019-03-22 04:19:29,311] {bash_operator.py:123} INFO - 2019-01-04
[2019-03-22 04:19:29,311] {bash_operator.py:123} INFO - 2019-01-11
[2019-03-22 04:19:29,311] {bash_operator.py:123} INFO - Parameter I passed in
[2019-03-22 04:19:29,311] {bash_operator.py:123} INFO - 2019-01-04
[2019-03-22 04:19:29,311] {bash_operator.py:123} INFO - 2019-01-11
[2019-03-22 04:19:29,311] {bash_operator.py:123} INFO - Parameter I passed in
[2019-03-22 04:19:29,311] {bash_operator.py:123} INFO - 2019-01-04
[2019-03-22 04:19:29,311] {bash_operator.py:123} INFO - 2019-01-11
[2019-03-22 04:19:29,311] {bash_operator.py:123} INFO - Parameter I passed in
[2019-03-22 04:19:29,311] {bash_operator.py:123} INFO - 2019-01-04
[2019-03-22 04:19:29,311] {bash_operator.py:123} INFO - 2019-01-11
[2019-03-22 04:19:29,311] {bash_operator.py:123} INFO - Parameter I passed in
[2019-03-22 04:19:29,312] {bash_operator.py:123} INFO - 2019-01-04
[2019-03-22 04:19:29,312] {bash_operator.py:123} INFO - 2019-01-11
[2019-03-22 04:19:29,312] {bash_operator.py:123} INFO - Parameter I passed in
[2019-03-22 04:19:29,312] {bash_operator.py:127} INFO - Command exited with return code 0
[2019-03-22 04:19:31,719] {logging_mixin.py:95} INFO - [2019-03-22 04:19:31,718] {jobs.py:2527} INFO - Task exited with return code 0
