[2019-03-21 17:30:52,974] {models.py:1359} INFO - Dependencies all met for <TaskInstance: tutorial.templated 2017-07-16T00:00:00+00:00 [queued]>
[2019-03-21 17:30:52,979] {models.py:1359} INFO - Dependencies all met for <TaskInstance: tutorial.templated 2017-07-16T00:00:00+00:00 [queued]>
[2019-03-21 17:30:52,979] {models.py:1571} INFO - 
--------------------------------------------------------------------------------
Starting attempt 1 of 2
--------------------------------------------------------------------------------

[2019-03-21 17:30:52,994] {models.py:1593} INFO - Executing <Task(BashOperator): templated> on 2017-07-16T00:00:00+00:00
[2019-03-21 17:30:52,994] {base_task_runner.py:118} INFO - Running: ['bash', '-c', 'airflow run tutorial templated 2017-07-16T00:00:00+00:00 --job_id 1592 --raw -sd DAGS_FOLDER/example_dags/tutorial.py --cfg_path /tmp/tmp5pwc7dp0']
[2019-03-21 17:30:53,667] {base_task_runner.py:101} INFO - Job 1592: Subtask templated [2019-03-21 17:30:53,666] {__init__.py:51} INFO - Using executor SequentialExecutor
[2019-03-21 17:30:53,938] {base_task_runner.py:101} INFO - Job 1592: Subtask templated [2019-03-21 17:30:53,937] {models.py:273} INFO - Filling up the DagBag from /home/rsandroni/airflow/dags/example_dags/tutorial.py
[2019-03-21 17:30:54,002] {base_task_runner.py:101} INFO - Job 1592: Subtask templated [2019-03-21 17:30:54,001] {cli.py:520} INFO - Running <TaskInstance: tutorial.templated 2017-07-16T00:00:00+00:00 [running]> on host IADAIRP1.globalrs.rack.space
[2019-03-21 17:30:54,018] {bash_operator.py:77} INFO - Tmp dir root location: 
 /tmp
[2019-03-21 17:30:54,019] {bash_operator.py:86} INFO - Exporting the following env vars:
AIRFLOW_CTX_DAG_ID=tutorial
AIRFLOW_CTX_TASK_ID=templated
AIRFLOW_CTX_EXECUTION_DATE=2017-07-16T00:00:00+00:00
AIRFLOW_CTX_DAG_RUN_ID=scheduled__2017-07-16T00:00:00+00:00
[2019-03-21 17:30:54,019] {bash_operator.py:100} INFO - Temporary script location: /tmp/airflowtmpyeptwxb5/templated0fq_f2nj
[2019-03-21 17:30:54,019] {bash_operator.py:110} INFO - Running command: 

    echo "2017-07-16"
    echo "2017-07-23"
    echo "Parameter I passed in"

    echo "2017-07-16"
    echo "2017-07-23"
    echo "Parameter I passed in"

    echo "2017-07-16"
    echo "2017-07-23"
    echo "Parameter I passed in"

    echo "2017-07-16"
    echo "2017-07-23"
    echo "Parameter I passed in"

    echo "2017-07-16"
    echo "2017-07-23"
    echo "Parameter I passed in"

[2019-03-21 17:30:54,025] {bash_operator.py:119} INFO - Output:
[2019-03-21 17:30:54,027] {bash_operator.py:123} INFO - 2017-07-16
[2019-03-21 17:30:54,027] {bash_operator.py:123} INFO - 2017-07-23
[2019-03-21 17:30:54,027] {bash_operator.py:123} INFO - Parameter I passed in
[2019-03-21 17:30:54,027] {bash_operator.py:123} INFO - 2017-07-16
[2019-03-21 17:30:54,027] {bash_operator.py:123} INFO - 2017-07-23
[2019-03-21 17:30:54,027] {bash_operator.py:123} INFO - Parameter I passed in
[2019-03-21 17:30:54,027] {bash_operator.py:123} INFO - 2017-07-16
[2019-03-21 17:30:54,027] {bash_operator.py:123} INFO - 2017-07-23
[2019-03-21 17:30:54,027] {bash_operator.py:123} INFO - Parameter I passed in
[2019-03-21 17:30:54,027] {bash_operator.py:123} INFO - 2017-07-16
[2019-03-21 17:30:54,027] {bash_operator.py:123} INFO - 2017-07-23
[2019-03-21 17:30:54,027] {bash_operator.py:123} INFO - Parameter I passed in
[2019-03-21 17:30:54,027] {bash_operator.py:123} INFO - 2017-07-16
[2019-03-21 17:30:54,027] {bash_operator.py:123} INFO - 2017-07-23
[2019-03-21 17:30:54,027] {bash_operator.py:123} INFO - Parameter I passed in
[2019-03-21 17:30:54,027] {bash_operator.py:127} INFO - Command exited with return code 0
[2019-03-21 17:30:57,984] {logging_mixin.py:95} INFO - [2019-03-21 17:30:57,983] {jobs.py:2527} INFO - Task exited with return code 0
