[2019-03-19 15:04:24,508] {models.py:1359} INFO - Dependencies all met for <TaskInstance: tutorial.print_date 2017-01-29T00:00:00+00:00 [queued]>
[2019-03-19 15:04:24,511] {models.py:1359} INFO - Dependencies all met for <TaskInstance: tutorial.print_date 2017-01-29T00:00:00+00:00 [queued]>
[2019-03-19 15:04:24,511] {models.py:1571} INFO - 
--------------------------------------------------------------------------------
Starting attempt 1 of 2
--------------------------------------------------------------------------------

[2019-03-19 15:04:24,529] {models.py:1593} INFO - Executing <Task(BashOperator): print_date> on 2017-01-29T00:00:00+00:00
[2019-03-19 15:04:24,530] {base_task_runner.py:118} INFO - Running: ['bash', '-c', 'airflow run tutorial print_date 2017-01-29T00:00:00+00:00 --job_id 1220 --raw -sd DAGS_FOLDER/sql_server_load.py --cfg_path /tmp/tmp90hgiw97']
[2019-03-19 15:04:25,141] {base_task_runner.py:101} INFO - Job 1220: Subtask print_date [2019-03-19 15:04:25,141] {__init__.py:51} INFO - Using executor SequentialExecutor
[2019-03-19 15:04:25,401] {base_task_runner.py:101} INFO - Job 1220: Subtask print_date [2019-03-19 15:04:25,400] {models.py:273} INFO - Filling up the DagBag from /home/rsandroni/airflow/dags/sql_server_load.py
[2019-03-19 15:04:25,422] {base_task_runner.py:101} INFO - Job 1220: Subtask print_date [2019-03-19 15:04:25,422] {cli.py:520} INFO - Running <TaskInstance: tutorial.print_date 2017-01-29T00:00:00+00:00 [running]> on host IADAIRP1.globalrs.rack.space
[2019-03-19 15:04:25,436] {bash_operator.py:77} INFO - Tmp dir root location: 
 /tmp
[2019-03-19 15:04:25,436] {bash_operator.py:86} INFO - Exporting the following env vars:
AIRFLOW_CTX_DAG_ID=tutorial
AIRFLOW_CTX_TASK_ID=print_date
AIRFLOW_CTX_EXECUTION_DATE=2017-01-29T00:00:00+00:00
AIRFLOW_CTX_DAG_RUN_ID=scheduled__2017-01-29T00:00:00+00:00
[2019-03-19 15:04:25,436] {bash_operator.py:100} INFO - Temporary script location: /tmp/airflowtmp5niggyyy/print_dateqtik9oze
[2019-03-19 15:04:25,436] {bash_operator.py:110} INFO - Running command: date
[2019-03-19 15:04:25,441] {bash_operator.py:119} INFO - Output:
[2019-03-19 15:04:25,443] {bash_operator.py:123} INFO - Ter Mar 19 15:04:25 -03 2019
[2019-03-19 15:04:25,443] {bash_operator.py:127} INFO - Command exited with return code 0
[2019-03-19 15:04:29,517] {logging_mixin.py:95} INFO - [2019-03-19 15:04:29,516] {jobs.py:2527} INFO - Task exited with return code 0
