[2019-03-22 01:25:37,148] {models.py:1359} INFO - Dependencies all met for <TaskInstance: tutorial.print_date 2018-08-27T00:00:00+00:00 [queued]>
[2019-03-22 01:25:37,153] {models.py:1359} INFO - Dependencies all met for <TaskInstance: tutorial.print_date 2018-08-27T00:00:00+00:00 [queued]>
[2019-03-22 01:25:37,153] {models.py:1571} INFO - 
--------------------------------------------------------------------------------
Starting attempt 1 of 2
--------------------------------------------------------------------------------

[2019-03-22 01:25:37,221] {models.py:1593} INFO - Executing <Task(BashOperator): print_date> on 2018-08-27T00:00:00+00:00
[2019-03-22 01:25:37,221] {base_task_runner.py:118} INFO - Running: ['bash', '-c', 'airflow run tutorial print_date 2018-08-27T00:00:00+00:00 --job_id 2440 --raw -sd DAGS_FOLDER/tutorial.py --cfg_path /tmp/tmp1rws1xia']
[2019-03-22 01:25:40,467] {base_task_runner.py:101} INFO - Job 2440: Subtask print_date [2019-03-22 01:25:40,444] {__init__.py:51} INFO - Using executor SequentialExecutor
[2019-03-22 01:25:41,105] {base_task_runner.py:101} INFO - Job 2440: Subtask print_date [2019-03-22 01:25:41,101] {models.py:273} INFO - Filling up the DagBag from /home/rsandroni/airflow/dags/tutorial.py
[2019-03-22 01:25:41,178] {base_task_runner.py:101} INFO - Job 2440: Subtask print_date [2019-03-22 01:25:41,172] {cli.py:520} INFO - Running <TaskInstance: tutorial.print_date 2018-08-27T00:00:00+00:00 [running]> on host IADAIRP1.globalrs.rack.space
[2019-03-22 01:25:41,226] {bash_operator.py:77} INFO - Tmp dir root location: 
 /tmp
[2019-03-22 01:25:41,227] {bash_operator.py:86} INFO - Exporting the following env vars:
AIRFLOW_CTX_DAG_ID=tutorial
AIRFLOW_CTX_TASK_ID=print_date
AIRFLOW_CTX_EXECUTION_DATE=2018-08-27T00:00:00+00:00
AIRFLOW_CTX_DAG_RUN_ID=scheduled__2018-08-27T00:00:00+00:00
[2019-03-22 01:25:41,227] {bash_operator.py:100} INFO - Temporary script location: /tmp/airflowtmp1mra5yy1/print_date1c__j123
[2019-03-22 01:25:41,227] {bash_operator.py:110} INFO - Running command: date
[2019-03-22 01:25:41,273] {bash_operator.py:119} INFO - Output:
[2019-03-22 01:25:41,310] {bash_operator.py:123} INFO - Sex Mar 22 01:25:41 -03 2019
[2019-03-22 01:25:41,311] {bash_operator.py:127} INFO - Command exited with return code 0
[2019-03-22 01:25:42,172] {logging_mixin.py:95} INFO - [2019-03-22 01:25:42,171] {jobs.py:2527} INFO - Task exited with return code 0
