[2019-03-19 14:17:12,156] {models.py:1359} INFO - Dependencies all met for <TaskInstance: tutorial.print_date 2016-10-21T00:00:00+00:00 [queued]>
[2019-03-19 14:17:12,159] {models.py:1359} INFO - Dependencies all met for <TaskInstance: tutorial.print_date 2016-10-21T00:00:00+00:00 [queued]>
[2019-03-19 14:17:12,159] {models.py:1571} INFO - 
--------------------------------------------------------------------------------
Starting attempt 1 of 2
--------------------------------------------------------------------------------

[2019-03-19 14:17:12,231] {models.py:1593} INFO - Executing <Task(BashOperator): print_date> on 2016-10-21T00:00:00+00:00
[2019-03-19 14:17:12,231] {base_task_runner.py:118} INFO - Running: ['bash', '-c', 'airflow run tutorial print_date 2016-10-21T00:00:00+00:00 --job_id 1021 --raw -sd DAGS_FOLDER/tutorial.py --cfg_path /tmp/tmpit8bsmoa']
[2019-03-19 14:17:13,432] {base_task_runner.py:101} INFO - Job 1021: Subtask print_date [2019-03-19 14:17:13,432] {__init__.py:51} INFO - Using executor SequentialExecutor
[2019-03-19 14:17:13,784] {base_task_runner.py:101} INFO - Job 1021: Subtask print_date [2019-03-19 14:17:13,783] {models.py:273} INFO - Filling up the DagBag from /home/rsandroni/airflow/dags/tutorial.py
[2019-03-19 14:17:13,825] {base_task_runner.py:101} INFO - Job 1021: Subtask print_date [2019-03-19 14:17:13,824] {cli.py:520} INFO - Running <TaskInstance: tutorial.print_date 2016-10-21T00:00:00+00:00 [running]> on host IADAIRP1.globalrs.rack.space
[2019-03-19 14:17:13,849] {bash_operator.py:77} INFO - Tmp dir root location: 
 /tmp
[2019-03-19 14:17:13,849] {bash_operator.py:86} INFO - Exporting the following env vars:
AIRFLOW_CTX_DAG_ID=tutorial
AIRFLOW_CTX_TASK_ID=print_date
AIRFLOW_CTX_EXECUTION_DATE=2016-10-21T00:00:00+00:00
AIRFLOW_CTX_DAG_RUN_ID=scheduled__2016-10-21T00:00:00+00:00
[2019-03-19 14:17:13,850] {bash_operator.py:100} INFO - Temporary script location: /tmp/airflowtmpwzt3l761/print_dateo8_llkms
[2019-03-19 14:17:13,850] {bash_operator.py:110} INFO - Running command: date
[2019-03-19 14:17:13,894] {bash_operator.py:119} INFO - Output:
[2019-03-19 14:17:13,929] {bash_operator.py:123} INFO - Ter Mar 19 14:17:13 -03 2019
[2019-03-19 14:17:13,929] {bash_operator.py:127} INFO - Command exited with return code 0
[2019-03-19 14:17:17,083] {logging_mixin.py:95} INFO - [2019-03-19 14:17:17,082] {jobs.py:2527} INFO - Task exited with return code 0
