[2019-03-21 18:29:42,105] {models.py:1359} INFO - Dependencies all met for <TaskInstance: tutorial.print_date 2017-10-13T00:00:00+00:00 [queued]>
[2019-03-21 18:29:42,107] {models.py:1359} INFO - Dependencies all met for <TaskInstance: tutorial.print_date 2017-10-13T00:00:00+00:00 [queued]>
[2019-03-21 18:29:42,107] {models.py:1571} INFO - 
--------------------------------------------------------------------------------
Starting attempt 1 of 2
--------------------------------------------------------------------------------

[2019-03-21 18:29:42,126] {models.py:1593} INFO - Executing <Task(BashOperator): print_date> on 2017-10-13T00:00:00+00:00
[2019-03-21 18:29:42,127] {base_task_runner.py:118} INFO - Running: ['bash', '-c', 'airflow run tutorial print_date 2017-10-13T00:00:00+00:00 --job_id 1804 --raw -sd DAGS_FOLDER/tutorial.py --cfg_path /tmp/tmpfttiamru']
[2019-03-21 18:29:42,780] {base_task_runner.py:101} INFO - Job 1804: Subtask print_date [2019-03-21 18:29:42,780] {__init__.py:51} INFO - Using executor SequentialExecutor
[2019-03-21 18:29:43,010] {base_task_runner.py:101} INFO - Job 1804: Subtask print_date [2019-03-21 18:29:43,009] {models.py:273} INFO - Filling up the DagBag from /home/rsandroni/airflow/dags/tutorial.py
[2019-03-21 18:29:43,025] {base_task_runner.py:101} INFO - Job 1804: Subtask print_date [2019-03-21 18:29:43,025] {cli.py:520} INFO - Running <TaskInstance: tutorial.print_date 2017-10-13T00:00:00+00:00 [running]> on host IADAIRP1.globalrs.rack.space
[2019-03-21 18:29:43,038] {bash_operator.py:77} INFO - Tmp dir root location: 
 /tmp
[2019-03-21 18:29:43,038] {bash_operator.py:86} INFO - Exporting the following env vars:
AIRFLOW_CTX_DAG_ID=tutorial
AIRFLOW_CTX_TASK_ID=print_date
AIRFLOW_CTX_EXECUTION_DATE=2017-10-13T00:00:00+00:00
AIRFLOW_CTX_DAG_RUN_ID=scheduled__2017-10-13T00:00:00+00:00
[2019-03-21 18:29:43,038] {bash_operator.py:100} INFO - Temporary script location: /tmp/airflowtmprc54adid/print_dateikz1yn94
[2019-03-21 18:29:43,038] {bash_operator.py:110} INFO - Running command: date
[2019-03-21 18:29:43,045] {bash_operator.py:119} INFO - Output:
[2019-03-21 18:29:43,047] {bash_operator.py:123} INFO - Qui Mar 21 18:29:43 -03 2019
[2019-03-21 18:29:43,047] {bash_operator.py:127} INFO - Command exited with return code 0
[2019-03-21 18:29:47,106] {logging_mixin.py:95} INFO - [2019-03-21 18:29:47,105] {jobs.py:2527} INFO - Task exited with return code 0
