[2019-03-22 03:13:18,592] {models.py:1359} INFO - Dependencies all met for <TaskInstance: tutorial.templated 2018-11-15T00:00:00+00:00 [queued]>
[2019-03-22 03:13:18,597] {models.py:1359} INFO - Dependencies all met for <TaskInstance: tutorial.templated 2018-11-15T00:00:00+00:00 [queued]>
[2019-03-22 03:13:18,598] {models.py:1571} INFO - 
--------------------------------------------------------------------------------
Starting attempt 1 of 2
--------------------------------------------------------------------------------

[2019-03-22 03:13:18,612] {models.py:1593} INFO - Executing <Task(BashOperator): templated> on 2018-11-15T00:00:00+00:00
[2019-03-22 03:13:18,613] {base_task_runner.py:118} INFO - Running: ['bash', '-c', 'airflow run tutorial templated 2018-11-15T00:00:00+00:00 --job_id 2602 --raw -sd DAGS_FOLDER/example_dags/tutorial.py --cfg_path /tmp/tmpijb7ey1c']
[2019-03-22 03:13:19,249] {base_task_runner.py:101} INFO - Job 2602: Subtask templated [2019-03-22 03:13:19,249] {__init__.py:51} INFO - Using executor SequentialExecutor
[2019-03-22 03:13:19,519] {base_task_runner.py:101} INFO - Job 2602: Subtask templated [2019-03-22 03:13:19,518] {models.py:273} INFO - Filling up the DagBag from /home/rsandroni/airflow/dags/example_dags/tutorial.py
[2019-03-22 03:13:19,592] {base_task_runner.py:101} INFO - Job 2602: Subtask templated [2019-03-22 03:13:19,592] {cli.py:520} INFO - Running <TaskInstance: tutorial.templated 2018-11-15T00:00:00+00:00 [running]> on host IADAIRP1.globalrs.rack.space
[2019-03-22 03:13:19,610] {bash_operator.py:77} INFO - Tmp dir root location: 
 /tmp
[2019-03-22 03:13:19,610] {bash_operator.py:86} INFO - Exporting the following env vars:
AIRFLOW_CTX_DAG_ID=tutorial
AIRFLOW_CTX_TASK_ID=templated
AIRFLOW_CTX_EXECUTION_DATE=2018-11-15T00:00:00+00:00
AIRFLOW_CTX_DAG_RUN_ID=scheduled__2018-11-15T00:00:00+00:00
[2019-03-22 03:13:19,611] {bash_operator.py:100} INFO - Temporary script location: /tmp/airflowtmpiux62ojo/templated9slnrrgc
[2019-03-22 03:13:19,611] {bash_operator.py:110} INFO - Running command: 

    echo "2018-11-15"
    echo "2018-11-22"
    echo "Parameter I passed in"

    echo "2018-11-15"
    echo "2018-11-22"
    echo "Parameter I passed in"

    echo "2018-11-15"
    echo "2018-11-22"
    echo "Parameter I passed in"

    echo "2018-11-15"
    echo "2018-11-22"
    echo "Parameter I passed in"

    echo "2018-11-15"
    echo "2018-11-22"
    echo "Parameter I passed in"

[2019-03-22 03:13:19,617] {bash_operator.py:119} INFO - Output:
[2019-03-22 03:13:19,618] {bash_operator.py:123} INFO - 2018-11-15
[2019-03-22 03:13:19,618] {bash_operator.py:123} INFO - 2018-11-22
[2019-03-22 03:13:19,618] {bash_operator.py:123} INFO - Parameter I passed in
[2019-03-22 03:13:19,618] {bash_operator.py:123} INFO - 2018-11-15
[2019-03-22 03:13:19,618] {bash_operator.py:123} INFO - 2018-11-22
[2019-03-22 03:13:19,618] {bash_operator.py:123} INFO - Parameter I passed in
[2019-03-22 03:13:19,618] {bash_operator.py:123} INFO - 2018-11-15
[2019-03-22 03:13:19,618] {bash_operator.py:123} INFO - 2018-11-22
[2019-03-22 03:13:19,618] {bash_operator.py:123} INFO - Parameter I passed in
[2019-03-22 03:13:19,618] {bash_operator.py:123} INFO - 2018-11-15
[2019-03-22 03:13:19,618] {bash_operator.py:123} INFO - 2018-11-22
[2019-03-22 03:13:19,618] {bash_operator.py:123} INFO - Parameter I passed in
[2019-03-22 03:13:19,618] {bash_operator.py:123} INFO - 2018-11-15
[2019-03-22 03:13:19,618] {bash_operator.py:123} INFO - 2018-11-22
[2019-03-22 03:13:19,618] {bash_operator.py:123} INFO - Parameter I passed in
[2019-03-22 03:13:19,619] {bash_operator.py:127} INFO - Command exited with return code 0
[2019-03-22 03:13:23,622] {logging_mixin.py:95} INFO - [2019-03-22 03:13:23,621] {jobs.py:2527} INFO - Task exited with return code 0
