[2019-03-19 12:37:05,011] {models.py:1359} INFO - Dependencies all met for <TaskInstance: tutorial.print_date 2016-03-29T00:00:00+00:00 [queued]>
[2019-03-19 12:37:05,013] {models.py:1359} INFO - Dependencies all met for <TaskInstance: tutorial.print_date 2016-03-29T00:00:00+00:00 [queued]>
[2019-03-19 12:37:05,013] {models.py:1571} INFO - 
--------------------------------------------------------------------------------
Starting attempt 1 of 2
--------------------------------------------------------------------------------

[2019-03-19 12:37:05,094] {models.py:1593} INFO - Executing <Task(BashOperator): print_date> on 2016-03-29T00:00:00+00:00
[2019-03-19 12:37:05,094] {base_task_runner.py:118} INFO - Running: ['bash', '-c', 'airflow run tutorial print_date 2016-03-29T00:00:00+00:00 --job_id 608 --raw -sd DAGS_FOLDER/sql_server_load.py --cfg_path /tmp/tmpg5rb4b4q']
[2019-03-19 12:37:06,551] {base_task_runner.py:101} INFO - Job 608: Subtask print_date [2019-03-19 12:37:06,551] {__init__.py:51} INFO - Using executor SequentialExecutor
[2019-03-19 12:37:07,062] {base_task_runner.py:101} INFO - Job 608: Subtask print_date [2019-03-19 12:37:07,061] {models.py:273} INFO - Filling up the DagBag from /home/rsandroni/airflow/dags/sql_server_load.py
[2019-03-19 12:37:07,120] {base_task_runner.py:101} INFO - Job 608: Subtask print_date [2019-03-19 12:37:07,117] {cli.py:520} INFO - Running <TaskInstance: tutorial.print_date 2016-03-29T00:00:00+00:00 [running]> on host IADAIRP1.globalrs.rack.space
[2019-03-19 12:37:07,136] {bash_operator.py:77} INFO - Tmp dir root location: 
 /tmp
[2019-03-19 12:37:07,137] {bash_operator.py:86} INFO - Exporting the following env vars:
AIRFLOW_CTX_DAG_ID=tutorial
AIRFLOW_CTX_TASK_ID=print_date
AIRFLOW_CTX_EXECUTION_DATE=2016-03-29T00:00:00+00:00
AIRFLOW_CTX_DAG_RUN_ID=scheduled__2016-03-29T00:00:00+00:00
[2019-03-19 12:37:07,137] {bash_operator.py:100} INFO - Temporary script location: /tmp/airflowtmpkmnxeaff/print_dateb3ri_h_5
[2019-03-19 12:37:07,137] {bash_operator.py:110} INFO - Running command: date
[2019-03-19 12:37:07,202] {bash_operator.py:119} INFO - Output:
[2019-03-19 12:37:07,223] {bash_operator.py:123} INFO - Ter Mar 19 12:37:07 -03 2019
[2019-03-19 12:37:07,230] {bash_operator.py:127} INFO - Command exited with return code 0
[2019-03-19 12:37:09,989] {logging_mixin.py:95} INFO - [2019-03-19 12:37:09,988] {jobs.py:2527} INFO - Task exited with return code 0
