[2019-03-19 12:17:02,689] {models.py:1359} INFO - Dependencies all met for <TaskInstance: tutorial.templated 2016-02-13T00:00:00+00:00 [queued]>
[2019-03-19 12:17:02,693] {models.py:1359} INFO - Dependencies all met for <TaskInstance: tutorial.templated 2016-02-13T00:00:00+00:00 [queued]>
[2019-03-19 12:17:02,693] {models.py:1571} INFO - 
--------------------------------------------------------------------------------
Starting attempt 1 of 2
--------------------------------------------------------------------------------

[2019-03-19 12:17:02,713] {models.py:1593} INFO - Executing <Task(BashOperator): templated> on 2016-02-13T00:00:00+00:00
[2019-03-19 12:17:02,713] {base_task_runner.py:118} INFO - Running: ['bash', '-c', 'airflow run tutorial templated 2016-02-13T00:00:00+00:00 --job_id 521 --raw -sd DAGS_FOLDER/example_dags/tutorial.py --cfg_path /tmp/tmpbs4otbxl']
[2019-03-19 12:17:03,332] {base_task_runner.py:101} INFO - Job 521: Subtask templated [2019-03-19 12:17:03,331] {__init__.py:51} INFO - Using executor SequentialExecutor
[2019-03-19 12:17:03,563] {base_task_runner.py:101} INFO - Job 521: Subtask templated [2019-03-19 12:17:03,562] {models.py:273} INFO - Filling up the DagBag from /home/rsandroni/airflow/dags/example_dags/tutorial.py
[2019-03-19 12:17:03,604] {base_task_runner.py:101} INFO - Job 521: Subtask templated [2019-03-19 12:17:03,604] {cli.py:520} INFO - Running <TaskInstance: tutorial.templated 2016-02-13T00:00:00+00:00 [running]> on host IADAIRP1.globalrs.rack.space
[2019-03-19 12:17:03,622] {bash_operator.py:77} INFO - Tmp dir root location: 
 /tmp
[2019-03-19 12:17:03,622] {bash_operator.py:86} INFO - Exporting the following env vars:
AIRFLOW_CTX_DAG_ID=tutorial
AIRFLOW_CTX_TASK_ID=templated
AIRFLOW_CTX_EXECUTION_DATE=2016-02-13T00:00:00+00:00
AIRFLOW_CTX_DAG_RUN_ID=scheduled__2016-02-13T00:00:00+00:00
[2019-03-19 12:17:03,623] {bash_operator.py:100} INFO - Temporary script location: /tmp/airflowtmpnahkrlkr/templated9d03qk0o
[2019-03-19 12:17:03,623] {bash_operator.py:110} INFO - Running command: 

    echo "2016-02-13"
    echo "2016-02-20"
    echo "Parameter I passed in"

    echo "2016-02-13"
    echo "2016-02-20"
    echo "Parameter I passed in"

    echo "2016-02-13"
    echo "2016-02-20"
    echo "Parameter I passed in"

    echo "2016-02-13"
    echo "2016-02-20"
    echo "Parameter I passed in"

    echo "2016-02-13"
    echo "2016-02-20"
    echo "Parameter I passed in"

[2019-03-19 12:17:03,628] {bash_operator.py:119} INFO - Output:
[2019-03-19 12:17:03,629] {bash_operator.py:123} INFO - 2016-02-13
[2019-03-19 12:17:03,629] {bash_operator.py:123} INFO - 2016-02-20
[2019-03-19 12:17:03,629] {bash_operator.py:123} INFO - Parameter I passed in
[2019-03-19 12:17:03,629] {bash_operator.py:123} INFO - 2016-02-13
[2019-03-19 12:17:03,629] {bash_operator.py:123} INFO - 2016-02-20
[2019-03-19 12:17:03,629] {bash_operator.py:123} INFO - Parameter I passed in
[2019-03-19 12:17:03,629] {bash_operator.py:123} INFO - 2016-02-13
[2019-03-19 12:17:03,630] {bash_operator.py:123} INFO - 2016-02-20
[2019-03-19 12:17:03,630] {bash_operator.py:123} INFO - Parameter I passed in
[2019-03-19 12:17:03,630] {bash_operator.py:123} INFO - 2016-02-13
[2019-03-19 12:17:03,630] {bash_operator.py:123} INFO - 2016-02-20
[2019-03-19 12:17:03,630] {bash_operator.py:123} INFO - Parameter I passed in
[2019-03-19 12:17:03,630] {bash_operator.py:123} INFO - 2016-02-13
[2019-03-19 12:17:03,630] {bash_operator.py:123} INFO - 2016-02-20
[2019-03-19 12:17:03,630] {bash_operator.py:123} INFO - Parameter I passed in
[2019-03-19 12:17:03,630] {bash_operator.py:127} INFO - Command exited with return code 0
[2019-03-19 12:17:07,687] {logging_mixin.py:95} INFO - [2019-03-19 12:17:07,687] {jobs.py:2527} INFO - Task exited with return code 0
