[2019-03-19 10:16:27,581] {models.py:1359} INFO - Dependencies all met for <TaskInstance: tutorial.templated 2015-06-03T00:00:00+00:00 [queued]>
[2019-03-19 10:16:27,586] {models.py:1359} INFO - Dependencies all met for <TaskInstance: tutorial.templated 2015-06-03T00:00:00+00:00 [queued]>
[2019-03-19 10:16:27,586] {models.py:1571} INFO - 
--------------------------------------------------------------------------------
Starting attempt 1 of 2
--------------------------------------------------------------------------------

[2019-03-19 10:16:27,607] {models.py:1593} INFO - Executing <Task(BashOperator): templated> on 2015-06-03T00:00:00+00:00
[2019-03-19 10:16:27,607] {base_task_runner.py:118} INFO - Running: ['bash', '-c', 'airflow run tutorial templated 2015-06-03T00:00:00+00:00 --job_id 11 --raw -sd DAGS_FOLDER/example_dags/tutorial.py --cfg_path /tmp/tmpcex0pbo0']
[2019-03-19 10:16:28,213] {base_task_runner.py:101} INFO - Job 11: Subtask templated [2019-03-19 10:16:28,213] {__init__.py:51} INFO - Using executor SequentialExecutor
[2019-03-19 10:16:28,433] {base_task_runner.py:101} INFO - Job 11: Subtask templated [2019-03-19 10:16:28,433] {models.py:273} INFO - Filling up the DagBag from /home/rsandroni/airflow/dags/example_dags/tutorial.py
[2019-03-19 10:16:28,473] {base_task_runner.py:101} INFO - Job 11: Subtask templated [2019-03-19 10:16:28,473] {cli.py:520} INFO - Running <TaskInstance: tutorial.templated 2015-06-03T00:00:00+00:00 [running]> on host IADAIRP1.globalrs.rack.space
[2019-03-19 10:16:28,488] {bash_operator.py:77} INFO - Tmp dir root location: 
 /tmp
[2019-03-19 10:16:28,488] {bash_operator.py:86} INFO - Exporting the following env vars:
AIRFLOW_CTX_DAG_ID=tutorial
AIRFLOW_CTX_TASK_ID=templated
AIRFLOW_CTX_EXECUTION_DATE=2015-06-03T00:00:00+00:00
AIRFLOW_CTX_DAG_RUN_ID=scheduled__2015-06-03T00:00:00+00:00
[2019-03-19 10:16:28,489] {bash_operator.py:100} INFO - Temporary script location: /tmp/airflowtmpy5u2avf8/templatedjraoax6p
[2019-03-19 10:16:28,489] {bash_operator.py:110} INFO - Running command: 

    echo "2015-06-03"
    echo "2015-06-10"
    echo "Parameter I passed in"

    echo "2015-06-03"
    echo "2015-06-10"
    echo "Parameter I passed in"

    echo "2015-06-03"
    echo "2015-06-10"
    echo "Parameter I passed in"

    echo "2015-06-03"
    echo "2015-06-10"
    echo "Parameter I passed in"

    echo "2015-06-03"
    echo "2015-06-10"
    echo "Parameter I passed in"

[2019-03-19 10:16:28,494] {bash_operator.py:119} INFO - Output:
[2019-03-19 10:16:28,495] {bash_operator.py:123} INFO - 2015-06-03
[2019-03-19 10:16:28,495] {bash_operator.py:123} INFO - 2015-06-10
[2019-03-19 10:16:28,495] {bash_operator.py:123} INFO - Parameter I passed in
[2019-03-19 10:16:28,495] {bash_operator.py:123} INFO - 2015-06-03
[2019-03-19 10:16:28,495] {bash_operator.py:123} INFO - 2015-06-10
[2019-03-19 10:16:28,495] {bash_operator.py:123} INFO - Parameter I passed in
[2019-03-19 10:16:28,495] {bash_operator.py:123} INFO - 2015-06-03
[2019-03-19 10:16:28,495] {bash_operator.py:123} INFO - 2015-06-10
[2019-03-19 10:16:28,495] {bash_operator.py:123} INFO - Parameter I passed in
[2019-03-19 10:16:28,496] {bash_operator.py:123} INFO - 2015-06-03
[2019-03-19 10:16:28,496] {bash_operator.py:123} INFO - 2015-06-10
[2019-03-19 10:16:28,496] {bash_operator.py:123} INFO - Parameter I passed in
[2019-03-19 10:16:28,496] {bash_operator.py:123} INFO - 2015-06-03
[2019-03-19 10:16:28,496] {bash_operator.py:123} INFO - 2015-06-10
[2019-03-19 10:16:28,496] {bash_operator.py:123} INFO - Parameter I passed in
[2019-03-19 10:16:28,496] {bash_operator.py:127} INFO - Command exited with return code 0
[2019-03-19 10:16:32,585] {logging_mixin.py:95} INFO - [2019-03-19 10:16:32,584] {jobs.py:2527} INFO - Task exited with return code 0
