[2019-03-22 01:54:46,462] {models.py:1359} INFO - Dependencies all met for <TaskInstance: tutorial.print_date 2018-09-18T00:00:00+00:00 [queued]>
[2019-03-22 01:54:46,466] {models.py:1359} INFO - Dependencies all met for <TaskInstance: tutorial.print_date 2018-09-18T00:00:00+00:00 [queued]>
[2019-03-22 01:54:46,466] {models.py:1571} INFO - 
--------------------------------------------------------------------------------
Starting attempt 1 of 2
--------------------------------------------------------------------------------

[2019-03-22 01:54:46,537] {models.py:1593} INFO - Executing <Task(BashOperator): print_date> on 2018-09-18T00:00:00+00:00
[2019-03-22 01:54:46,537] {base_task_runner.py:118} INFO - Running: ['bash', '-c', 'airflow run tutorial print_date 2018-09-18T00:00:00+00:00 --job_id 2484 --raw -sd DAGS_FOLDER/tutorial.py --cfg_path /tmp/tmp7o6ugrhz']
[2019-03-22 01:54:47,269] {base_task_runner.py:101} INFO - Job 2484: Subtask print_date [2019-03-22 01:54:47,268] {__init__.py:51} INFO - Using executor SequentialExecutor
[2019-03-22 01:54:47,601] {base_task_runner.py:101} INFO - Job 2484: Subtask print_date [2019-03-22 01:54:47,600] {models.py:273} INFO - Filling up the DagBag from /home/rsandroni/airflow/dags/tutorial.py
[2019-03-22 01:54:47,661] {base_task_runner.py:101} INFO - Job 2484: Subtask print_date [2019-03-22 01:54:47,660] {cli.py:520} INFO - Running <TaskInstance: tutorial.print_date 2018-09-18T00:00:00+00:00 [running]> on host IADAIRP1.globalrs.rack.space
[2019-03-22 01:54:47,675] {bash_operator.py:77} INFO - Tmp dir root location: 
 /tmp
[2019-03-22 01:54:47,675] {bash_operator.py:86} INFO - Exporting the following env vars:
AIRFLOW_CTX_DAG_ID=tutorial
AIRFLOW_CTX_TASK_ID=print_date
AIRFLOW_CTX_EXECUTION_DATE=2018-09-18T00:00:00+00:00
AIRFLOW_CTX_DAG_RUN_ID=scheduled__2018-09-18T00:00:00+00:00
[2019-03-22 01:54:47,675] {bash_operator.py:100} INFO - Temporary script location: /tmp/airflowtmpjmcm_ja9/print_dateb4_rah3p
[2019-03-22 01:54:47,676] {bash_operator.py:110} INFO - Running command: date
[2019-03-22 01:54:47,681] {bash_operator.py:119} INFO - Output:
[2019-03-22 01:54:47,683] {bash_operator.py:123} INFO - Sex Mar 22 01:54:47 -03 2019
[2019-03-22 01:54:47,683] {bash_operator.py:127} INFO - Command exited with return code 0
[2019-03-22 01:54:51,426] {logging_mixin.py:95} INFO - [2019-03-22 01:54:51,425] {jobs.py:2527} INFO - Task exited with return code 0
