[2019-03-22 05:47:48,873] {models.py:1359} INFO - Dependencies all met for <TaskInstance: tutorial.print_date 2019-03-13T00:00:00+00:00 [queued]>
[2019-03-22 05:47:48,877] {models.py:1359} INFO - Dependencies all met for <TaskInstance: tutorial.print_date 2019-03-13T00:00:00+00:00 [queued]>
[2019-03-22 05:47:48,878] {models.py:1571} INFO - 
--------------------------------------------------------------------------------
Starting attempt 1 of 2
--------------------------------------------------------------------------------

[2019-03-22 05:47:48,960] {models.py:1593} INFO - Executing <Task(BashOperator): print_date> on 2019-03-13T00:00:00+00:00
[2019-03-22 05:47:48,960] {base_task_runner.py:118} INFO - Running: ['bash', '-c', 'airflow run tutorial print_date 2019-03-13T00:00:00+00:00 --job_id 2836 --raw -sd DAGS_FOLDER/tutorial.py --cfg_path /tmp/tmpls59413m']
[2019-03-22 05:47:49,700] {base_task_runner.py:101} INFO - Job 2836: Subtask print_date [2019-03-22 05:47:49,699] {__init__.py:51} INFO - Using executor SequentialExecutor
[2019-03-22 05:47:50,072] {base_task_runner.py:101} INFO - Job 2836: Subtask print_date [2019-03-22 05:47:50,071] {models.py:273} INFO - Filling up the DagBag from /home/rsandroni/airflow/dags/tutorial.py
[2019-03-22 05:47:50,116] {base_task_runner.py:101} INFO - Job 2836: Subtask print_date [2019-03-22 05:47:50,112] {cli.py:520} INFO - Running <TaskInstance: tutorial.print_date 2019-03-13T00:00:00+00:00 [running]> on host IADAIRP1.globalrs.rack.space
[2019-03-22 05:47:50,142] {bash_operator.py:77} INFO - Tmp dir root location: 
 /tmp
[2019-03-22 05:47:50,142] {bash_operator.py:86} INFO - Exporting the following env vars:
AIRFLOW_CTX_DAG_ID=tutorial
AIRFLOW_CTX_TASK_ID=print_date
AIRFLOW_CTX_EXECUTION_DATE=2019-03-13T00:00:00+00:00
AIRFLOW_CTX_DAG_RUN_ID=scheduled__2019-03-13T00:00:00+00:00
[2019-03-22 05:47:50,143] {bash_operator.py:100} INFO - Temporary script location: /tmp/airflowtmpq1gx7m6u/print_dateyekicp4s
[2019-03-22 05:47:50,143] {bash_operator.py:110} INFO - Running command: date
[2019-03-22 05:47:50,155] {bash_operator.py:119} INFO - Output:
[2019-03-22 05:47:50,171] {bash_operator.py:123} INFO - Sex Mar 22 05:47:50 -03 2019
[2019-03-22 05:47:50,172] {bash_operator.py:127} INFO - Command exited with return code 0
[2019-03-22 05:47:53,830] {logging_mixin.py:95} INFO - [2019-03-22 05:47:53,829] {jobs.py:2527} INFO - Task exited with return code 0
