[2019-03-19 11:18:21,397] {models.py:1359} INFO - Dependencies all met for <TaskInstance: tutorial.templated 2015-09-29T00:00:00+00:00 [queued]>
[2019-03-19 11:18:21,401] {models.py:1359} INFO - Dependencies all met for <TaskInstance: tutorial.templated 2015-09-29T00:00:00+00:00 [queued]>
[2019-03-19 11:18:21,401] {models.py:1571} INFO - 
--------------------------------------------------------------------------------
Starting attempt 1 of 2
--------------------------------------------------------------------------------

[2019-03-19 11:18:21,418] {models.py:1593} INFO - Executing <Task(BashOperator): templated> on 2015-09-29T00:00:00+00:00
[2019-03-19 11:18:21,418] {base_task_runner.py:118} INFO - Running: ['bash', '-c', 'airflow run tutorial templated 2015-09-29T00:00:00+00:00 --job_id 249 --raw -sd DAGS_FOLDER/sql_server_load.py --cfg_path /tmp/tmpx8cg_6qc']
[2019-03-19 11:18:22,089] {base_task_runner.py:101} INFO - Job 249: Subtask templated [2019-03-19 11:18:22,084] {__init__.py:51} INFO - Using executor SequentialExecutor
[2019-03-19 11:18:22,357] {base_task_runner.py:101} INFO - Job 249: Subtask templated [2019-03-19 11:18:22,355] {models.py:273} INFO - Filling up the DagBag from /home/rsandroni/airflow/dags/sql_server_load.py
[2019-03-19 11:18:22,373] {base_task_runner.py:101} INFO - Job 249: Subtask templated [2019-03-19 11:18:22,373] {cli.py:520} INFO - Running <TaskInstance: tutorial.templated 2015-09-29T00:00:00+00:00 [running]> on host IADAIRP1.globalrs.rack.space
[2019-03-19 11:18:22,387] {bash_operator.py:77} INFO - Tmp dir root location: 
 /tmp
[2019-03-19 11:18:22,387] {bash_operator.py:86} INFO - Exporting the following env vars:
AIRFLOW_CTX_DAG_ID=tutorial
AIRFLOW_CTX_TASK_ID=templated
AIRFLOW_CTX_EXECUTION_DATE=2015-09-29T00:00:00+00:00
AIRFLOW_CTX_DAG_RUN_ID=scheduled__2015-09-29T00:00:00+00:00
[2019-03-19 11:18:22,388] {bash_operator.py:100} INFO - Temporary script location: /tmp/airflowtmpnaoihx6p/templatedm0y0fn61
[2019-03-19 11:18:22,388] {bash_operator.py:110} INFO - Running command: 
    
        echo "2015-09-29"
        echo "Parameter I passed in"
    
        echo "2015-09-29"
        echo "Parameter I passed in"
    
        echo "2015-09-29"
        echo "Parameter I passed in"
    
        echo "2015-09-29"
        echo "Parameter I passed in"
    
        echo "2015-09-29"
        echo "Parameter I passed in"
    
    
[2019-03-19 11:18:22,393] {bash_operator.py:119} INFO - Output:
[2019-03-19 11:18:22,394] {bash_operator.py:123} INFO - 2015-09-29
[2019-03-19 11:18:22,394] {bash_operator.py:123} INFO - Parameter I passed in
[2019-03-19 11:18:22,394] {bash_operator.py:123} INFO - 2015-09-29
[2019-03-19 11:18:22,394] {bash_operator.py:123} INFO - Parameter I passed in
[2019-03-19 11:18:22,395] {bash_operator.py:123} INFO - 2015-09-29
[2019-03-19 11:18:22,395] {bash_operator.py:123} INFO - Parameter I passed in
[2019-03-19 11:18:22,395] {bash_operator.py:123} INFO - 2015-09-29
[2019-03-19 11:18:22,395] {bash_operator.py:123} INFO - Parameter I passed in
[2019-03-19 11:18:22,395] {bash_operator.py:123} INFO - 2015-09-29
[2019-03-19 11:18:22,395] {bash_operator.py:123} INFO - Parameter I passed in
[2019-03-19 11:18:22,395] {bash_operator.py:127} INFO - Command exited with return code 0
[2019-03-19 11:18:26,402] {logging_mixin.py:95} INFO - [2019-03-19 11:18:26,401] {jobs.py:2527} INFO - Task exited with return code 0
