[2019-03-21 17:51:21,693] {models.py:1359} INFO - Dependencies all met for <TaskInstance: tutorial.print_date 2017-08-17T00:00:00+00:00 [queued]>
[2019-03-21 17:51:21,696] {models.py:1359} INFO - Dependencies all met for <TaskInstance: tutorial.print_date 2017-08-17T00:00:00+00:00 [queued]>
[2019-03-21 17:51:21,696] {models.py:1571} INFO - 
--------------------------------------------------------------------------------
Starting attempt 1 of 2
--------------------------------------------------------------------------------

[2019-03-21 17:51:21,714] {models.py:1593} INFO - Executing <Task(BashOperator): print_date> on 2017-08-17T00:00:00+00:00
[2019-03-21 17:51:21,714] {base_task_runner.py:118} INFO - Running: ['bash', '-c', 'airflow run tutorial print_date 2017-08-17T00:00:00+00:00 --job_id 1669 --raw -sd DAGS_FOLDER/tutorial.py --cfg_path /tmp/tmpnpfb9zzu']
[2019-03-21 17:51:22,354] {base_task_runner.py:101} INFO - Job 1669: Subtask print_date [2019-03-21 17:51:22,353] {__init__.py:51} INFO - Using executor SequentialExecutor
[2019-03-21 17:51:22,620] {base_task_runner.py:101} INFO - Job 1669: Subtask print_date [2019-03-21 17:51:22,617] {models.py:273} INFO - Filling up the DagBag from /home/rsandroni/airflow/dags/tutorial.py
[2019-03-21 17:51:22,637] {base_task_runner.py:101} INFO - Job 1669: Subtask print_date [2019-03-21 17:51:22,634] {cli.py:520} INFO - Running <TaskInstance: tutorial.print_date 2017-08-17T00:00:00+00:00 [running]> on host IADAIRP1.globalrs.rack.space
[2019-03-21 17:51:22,648] {bash_operator.py:77} INFO - Tmp dir root location: 
 /tmp
[2019-03-21 17:51:22,648] {bash_operator.py:86} INFO - Exporting the following env vars:
AIRFLOW_CTX_DAG_ID=tutorial
AIRFLOW_CTX_TASK_ID=print_date
AIRFLOW_CTX_EXECUTION_DATE=2017-08-17T00:00:00+00:00
AIRFLOW_CTX_DAG_RUN_ID=scheduled__2017-08-17T00:00:00+00:00
[2019-03-21 17:51:22,649] {bash_operator.py:100} INFO - Temporary script location: /tmp/airflowtmp46m6tffa/print_datef64a77cp
[2019-03-21 17:51:22,649] {bash_operator.py:110} INFO - Running command: date
[2019-03-21 17:51:22,655] {bash_operator.py:119} INFO - Output:
[2019-03-21 17:51:22,657] {bash_operator.py:123} INFO - Qui Mar 21 17:51:22 -03 2019
[2019-03-21 17:51:22,657] {bash_operator.py:127} INFO - Command exited with return code 0
[2019-03-21 17:51:26,693] {logging_mixin.py:95} INFO - [2019-03-21 17:51:26,692] {jobs.py:2527} INFO - Task exited with return code 0
