[2019-03-19 13:50:50,058] {models.py:1359} INFO - Dependencies all met for <TaskInstance: tutorial.templated 2016-08-28T00:00:00+00:00 [queued]>
[2019-03-19 13:50:50,063] {models.py:1359} INFO - Dependencies all met for <TaskInstance: tutorial.templated 2016-08-28T00:00:00+00:00 [queued]>
[2019-03-19 13:50:50,063] {models.py:1571} INFO - 
--------------------------------------------------------------------------------
Starting attempt 1 of 2
--------------------------------------------------------------------------------

[2019-03-19 13:50:50,127] {models.py:1593} INFO - Executing <Task(BashOperator): templated> on 2016-08-28T00:00:00+00:00
[2019-03-19 13:50:50,127] {base_task_runner.py:118} INFO - Running: ['bash', '-c', 'airflow run tutorial templated 2016-08-28T00:00:00+00:00 --job_id 916 --raw -sd DAGS_FOLDER/sql_server_load.py --cfg_path /tmp/tmp5rvs6ktc']
[2019-03-19 13:50:52,019] {base_task_runner.py:101} INFO - Job 916: Subtask templated [2019-03-19 13:50:52,015] {__init__.py:51} INFO - Using executor SequentialExecutor
[2019-03-19 13:50:52,655] {base_task_runner.py:101} INFO - Job 916: Subtask templated [2019-03-19 13:50:52,655] {models.py:273} INFO - Filling up the DagBag from /home/rsandroni/airflow/dags/sql_server_load.py
[2019-03-19 13:50:52,708] {base_task_runner.py:101} INFO - Job 916: Subtask templated [2019-03-19 13:50:52,707] {cli.py:520} INFO - Running <TaskInstance: tutorial.templated 2016-08-28T00:00:00+00:00 [running]> on host IADAIRP1.globalrs.rack.space
[2019-03-19 13:50:52,735] {bash_operator.py:77} INFO - Tmp dir root location: 
 /tmp
[2019-03-19 13:50:52,735] {bash_operator.py:86} INFO - Exporting the following env vars:
AIRFLOW_CTX_DAG_ID=tutorial
AIRFLOW_CTX_TASK_ID=templated
AIRFLOW_CTX_EXECUTION_DATE=2016-08-28T00:00:00+00:00
AIRFLOW_CTX_DAG_RUN_ID=scheduled__2016-08-28T00:00:00+00:00
[2019-03-19 13:50:52,735] {bash_operator.py:100} INFO - Temporary script location: /tmp/airflowtmpprl1nl6_/templated1e0tyww6
[2019-03-19 13:50:52,735] {bash_operator.py:110} INFO - Running command: 
    
        echo "2016-08-28"
        echo "Parameter I passed in"
    
        echo "2016-08-28"
        echo "Parameter I passed in"
    
        echo "2016-08-28"
        echo "Parameter I passed in"
    
        echo "2016-08-28"
        echo "Parameter I passed in"
    
        echo "2016-08-28"
        echo "Parameter I passed in"
    
    
[2019-03-19 13:50:52,797] {bash_operator.py:119} INFO - Output:
[2019-03-19 13:50:52,798] {bash_operator.py:123} INFO - 2016-08-28
[2019-03-19 13:50:52,798] {bash_operator.py:123} INFO - Parameter I passed in
[2019-03-19 13:50:52,798] {bash_operator.py:123} INFO - 2016-08-28
[2019-03-19 13:50:52,798] {bash_operator.py:123} INFO - Parameter I passed in
[2019-03-19 13:50:52,798] {bash_operator.py:123} INFO - 2016-08-28
[2019-03-19 13:50:52,798] {bash_operator.py:123} INFO - Parameter I passed in
[2019-03-19 13:50:52,798] {bash_operator.py:123} INFO - 2016-08-28
[2019-03-19 13:50:52,798] {bash_operator.py:123} INFO - Parameter I passed in
[2019-03-19 13:50:52,798] {bash_operator.py:123} INFO - 2016-08-28
[2019-03-19 13:50:52,798] {bash_operator.py:123} INFO - Parameter I passed in
[2019-03-19 13:50:52,798] {bash_operator.py:127} INFO - Command exited with return code 0
[2019-03-19 13:50:55,051] {logging_mixin.py:95} INFO - [2019-03-19 13:50:55,051] {jobs.py:2527} INFO - Task exited with return code 0
