[2019-03-21 21:09:09,740] {models.py:1359} INFO - Dependencies all met for <TaskInstance: tutorial.print_date 2018-02-12T00:00:00+00:00 [queued]>
[2019-03-21 21:09:09,742] {models.py:1359} INFO - Dependencies all met for <TaskInstance: tutorial.print_date 2018-02-12T00:00:00+00:00 [queued]>
[2019-03-21 21:09:09,743] {models.py:1571} INFO - 
--------------------------------------------------------------------------------
Starting attempt 1 of 2
--------------------------------------------------------------------------------

[2019-03-21 21:09:09,756] {models.py:1593} INFO - Executing <Task(BashOperator): print_date> on 2018-02-12T00:00:00+00:00
[2019-03-21 21:09:09,756] {base_task_runner.py:118} INFO - Running: ['bash', '-c', 'airflow run tutorial print_date 2018-02-12T00:00:00+00:00 --job_id 2048 --raw -sd DAGS_FOLDER/tutorial.py --cfg_path /tmp/tmpnedarg4j']
[2019-03-21 21:09:10,390] {base_task_runner.py:101} INFO - Job 2048: Subtask print_date [2019-03-21 21:09:10,389] {__init__.py:51} INFO - Using executor SequentialExecutor
[2019-03-21 21:09:10,620] {base_task_runner.py:101} INFO - Job 2048: Subtask print_date [2019-03-21 21:09:10,620] {models.py:273} INFO - Filling up the DagBag from /home/rsandroni/airflow/dags/tutorial.py
[2019-03-21 21:09:10,636] {base_task_runner.py:101} INFO - Job 2048: Subtask print_date [2019-03-21 21:09:10,636] {cli.py:520} INFO - Running <TaskInstance: tutorial.print_date 2018-02-12T00:00:00+00:00 [running]> on host IADAIRP1.globalrs.rack.space
[2019-03-21 21:09:10,649] {bash_operator.py:77} INFO - Tmp dir root location: 
 /tmp
[2019-03-21 21:09:10,649] {bash_operator.py:86} INFO - Exporting the following env vars:
AIRFLOW_CTX_DAG_ID=tutorial
AIRFLOW_CTX_TASK_ID=print_date
AIRFLOW_CTX_EXECUTION_DATE=2018-02-12T00:00:00+00:00
AIRFLOW_CTX_DAG_RUN_ID=scheduled__2018-02-12T00:00:00+00:00
[2019-03-21 21:09:10,649] {bash_operator.py:100} INFO - Temporary script location: /tmp/airflowtmpiwzt4kxg/print_datene3h_w4f
[2019-03-21 21:09:10,649] {bash_operator.py:110} INFO - Running command: date
[2019-03-21 21:09:10,655] {bash_operator.py:119} INFO - Output:
[2019-03-21 21:09:10,657] {bash_operator.py:123} INFO - Qui Mar 21 21:09:10 -03 2019
[2019-03-21 21:09:10,657] {bash_operator.py:127} INFO - Command exited with return code 0
[2019-03-21 21:09:14,743] {logging_mixin.py:95} INFO - [2019-03-21 21:09:14,742] {jobs.py:2527} INFO - Task exited with return code 0
