[2019-03-19 15:00:19,008] {models.py:1359} INFO - Dependencies all met for <TaskInstance: tutorial.print_date 2017-01-20T00:00:00+00:00 [queued]>
[2019-03-19 15:00:19,010] {models.py:1359} INFO - Dependencies all met for <TaskInstance: tutorial.print_date 2017-01-20T00:00:00+00:00 [queued]>
[2019-03-19 15:00:19,010] {models.py:1571} INFO - 
--------------------------------------------------------------------------------
Starting attempt 1 of 2
--------------------------------------------------------------------------------

[2019-03-19 15:00:19,098] {models.py:1593} INFO - Executing <Task(BashOperator): print_date> on 2017-01-20T00:00:00+00:00
[2019-03-19 15:00:19,098] {base_task_runner.py:118} INFO - Running: ['bash', '-c', 'airflow run tutorial print_date 2017-01-20T00:00:00+00:00 --job_id 1202 --raw -sd DAGS_FOLDER/sql_server_load.py --cfg_path /tmp/tmpr99dak5m']
[2019-03-19 15:00:20,084] {base_task_runner.py:101} INFO - Job 1202: Subtask print_date [2019-03-19 15:00:20,084] {__init__.py:51} INFO - Using executor SequentialExecutor
[2019-03-19 15:00:20,501] {base_task_runner.py:101} INFO - Job 1202: Subtask print_date [2019-03-19 15:00:20,500] {models.py:273} INFO - Filling up the DagBag from /home/rsandroni/airflow/dags/sql_server_load.py
[2019-03-19 15:00:20,524] {base_task_runner.py:101} INFO - Job 1202: Subtask print_date [2019-03-19 15:00:20,523] {cli.py:520} INFO - Running <TaskInstance: tutorial.print_date 2017-01-20T00:00:00+00:00 [running]> on host IADAIRP1.globalrs.rack.space
[2019-03-19 15:00:20,538] {bash_operator.py:77} INFO - Tmp dir root location: 
 /tmp
[2019-03-19 15:00:20,538] {bash_operator.py:86} INFO - Exporting the following env vars:
AIRFLOW_CTX_DAG_ID=tutorial
AIRFLOW_CTX_TASK_ID=print_date
AIRFLOW_CTX_EXECUTION_DATE=2017-01-20T00:00:00+00:00
AIRFLOW_CTX_DAG_RUN_ID=scheduled__2017-01-20T00:00:00+00:00
[2019-03-19 15:00:20,539] {bash_operator.py:100} INFO - Temporary script location: /tmp/airflowtmp7lul559r/print_date43s05nt2
[2019-03-19 15:00:20,539] {bash_operator.py:110} INFO - Running command: date
[2019-03-19 15:00:20,545] {bash_operator.py:119} INFO - Output:
[2019-03-19 15:00:20,547] {bash_operator.py:123} INFO - Ter Mar 19 15:00:20 -03 2019
[2019-03-19 15:00:20,547] {bash_operator.py:127} INFO - Command exited with return code 0
[2019-03-19 15:00:23,977] {logging_mixin.py:95} INFO - [2019-03-19 15:00:23,976] {jobs.py:2527} INFO - Task exited with return code 0
