[2019-03-21 22:36:51,084] {models.py:1359} INFO - Dependencies all met for <TaskInstance: tutorial.templated 2018-04-19T00:00:00+00:00 [queued]>
[2019-03-21 22:36:51,089] {models.py:1359} INFO - Dependencies all met for <TaskInstance: tutorial.templated 2018-04-19T00:00:00+00:00 [queued]>
[2019-03-21 22:36:51,089] {models.py:1571} INFO - 
--------------------------------------------------------------------------------
Starting attempt 1 of 2
--------------------------------------------------------------------------------

[2019-03-21 22:36:51,108] {models.py:1593} INFO - Executing <Task(BashOperator): templated> on 2018-04-19T00:00:00+00:00
[2019-03-21 22:36:51,108] {base_task_runner.py:118} INFO - Running: ['bash', '-c', 'airflow run tutorial templated 2018-04-19T00:00:00+00:00 --job_id 2182 --raw -sd DAGS_FOLDER/example_dags/tutorial.py --cfg_path /tmp/tmp1_z0q0kr']
[2019-03-21 22:36:51,738] {base_task_runner.py:101} INFO - Job 2182: Subtask templated [2019-03-21 22:36:51,738] {__init__.py:51} INFO - Using executor SequentialExecutor
[2019-03-21 22:36:51,972] {base_task_runner.py:101} INFO - Job 2182: Subtask templated [2019-03-21 22:36:51,971] {models.py:273} INFO - Filling up the DagBag from /home/rsandroni/airflow/dags/example_dags/tutorial.py
[2019-03-21 22:36:52,036] {base_task_runner.py:101} INFO - Job 2182: Subtask templated [2019-03-21 22:36:52,036] {cli.py:520} INFO - Running <TaskInstance: tutorial.templated 2018-04-19T00:00:00+00:00 [running]> on host IADAIRP1.globalrs.rack.space
[2019-03-21 22:36:52,052] {bash_operator.py:77} INFO - Tmp dir root location: 
 /tmp
[2019-03-21 22:36:52,052] {bash_operator.py:86} INFO - Exporting the following env vars:
AIRFLOW_CTX_DAG_ID=tutorial
AIRFLOW_CTX_TASK_ID=templated
AIRFLOW_CTX_EXECUTION_DATE=2018-04-19T00:00:00+00:00
AIRFLOW_CTX_DAG_RUN_ID=scheduled__2018-04-19T00:00:00+00:00
[2019-03-21 22:36:52,053] {bash_operator.py:100} INFO - Temporary script location: /tmp/airflowtmp9xgz1244/templated5pj0jtnw
[2019-03-21 22:36:52,053] {bash_operator.py:110} INFO - Running command: 

    echo "2018-04-19"
    echo "2018-04-26"
    echo "Parameter I passed in"

    echo "2018-04-19"
    echo "2018-04-26"
    echo "Parameter I passed in"

    echo "2018-04-19"
    echo "2018-04-26"
    echo "Parameter I passed in"

    echo "2018-04-19"
    echo "2018-04-26"
    echo "Parameter I passed in"

    echo "2018-04-19"
    echo "2018-04-26"
    echo "Parameter I passed in"

[2019-03-21 22:36:52,058] {bash_operator.py:119} INFO - Output:
[2019-03-21 22:36:52,060] {bash_operator.py:123} INFO - 2018-04-19
[2019-03-21 22:36:52,060] {bash_operator.py:123} INFO - 2018-04-26
[2019-03-21 22:36:52,060] {bash_operator.py:123} INFO - Parameter I passed in
[2019-03-21 22:36:52,060] {bash_operator.py:123} INFO - 2018-04-19
[2019-03-21 22:36:52,060] {bash_operator.py:123} INFO - 2018-04-26
[2019-03-21 22:36:52,060] {bash_operator.py:123} INFO - Parameter I passed in
[2019-03-21 22:36:52,060] {bash_operator.py:123} INFO - 2018-04-19
[2019-03-21 22:36:52,060] {bash_operator.py:123} INFO - 2018-04-26
[2019-03-21 22:36:52,060] {bash_operator.py:123} INFO - Parameter I passed in
[2019-03-21 22:36:52,060] {bash_operator.py:123} INFO - 2018-04-19
[2019-03-21 22:36:52,060] {bash_operator.py:123} INFO - 2018-04-26
[2019-03-21 22:36:52,060] {bash_operator.py:123} INFO - Parameter I passed in
[2019-03-21 22:36:52,060] {bash_operator.py:123} INFO - 2018-04-19
[2019-03-21 22:36:52,060] {bash_operator.py:123} INFO - 2018-04-26
[2019-03-21 22:36:52,060] {bash_operator.py:123} INFO - Parameter I passed in
[2019-03-21 22:36:52,060] {bash_operator.py:127} INFO - Command exited with return code 0
[2019-03-21 22:36:56,087] {logging_mixin.py:95} INFO - [2019-03-21 22:36:56,086] {jobs.py:2527} INFO - Task exited with return code 0
