[2019-03-22 03:11:17,720] {models.py:1359} INFO - Dependencies all met for <TaskInstance: tutorial.print_date 2018-11-15T00:00:00+00:00 [queued]>
[2019-03-22 03:11:17,726] {models.py:1359} INFO - Dependencies all met for <TaskInstance: tutorial.print_date 2018-11-15T00:00:00+00:00 [queued]>
[2019-03-22 03:11:17,726] {models.py:1571} INFO - 
--------------------------------------------------------------------------------
Starting attempt 1 of 2
--------------------------------------------------------------------------------

[2019-03-22 03:11:17,775] {models.py:1593} INFO - Executing <Task(BashOperator): print_date> on 2018-11-15T00:00:00+00:00
[2019-03-22 03:11:17,775] {base_task_runner.py:118} INFO - Running: ['bash', '-c', 'airflow run tutorial print_date 2018-11-15T00:00:00+00:00 --job_id 2600 --raw -sd DAGS_FOLDER/tutorial.py --cfg_path /tmp/tmpqgc47yz3']
[2019-03-22 03:11:18,584] {base_task_runner.py:101} INFO - Job 2600: Subtask print_date [2019-03-22 03:11:18,583] {__init__.py:51} INFO - Using executor SequentialExecutor
[2019-03-22 03:11:18,905] {base_task_runner.py:101} INFO - Job 2600: Subtask print_date [2019-03-22 03:11:18,900] {models.py:273} INFO - Filling up the DagBag from /home/rsandroni/airflow/dags/tutorial.py
[2019-03-22 03:11:18,924] {base_task_runner.py:101} INFO - Job 2600: Subtask print_date [2019-03-22 03:11:18,918] {cli.py:520} INFO - Running <TaskInstance: tutorial.print_date 2018-11-15T00:00:00+00:00 [running]> on host IADAIRP1.globalrs.rack.space
[2019-03-22 03:11:18,939] {bash_operator.py:77} INFO - Tmp dir root location: 
 /tmp
[2019-03-22 03:11:18,939] {bash_operator.py:86} INFO - Exporting the following env vars:
AIRFLOW_CTX_DAG_ID=tutorial
AIRFLOW_CTX_TASK_ID=print_date
AIRFLOW_CTX_EXECUTION_DATE=2018-11-15T00:00:00+00:00
AIRFLOW_CTX_DAG_RUN_ID=scheduled__2018-11-15T00:00:00+00:00
[2019-03-22 03:11:18,940] {bash_operator.py:100} INFO - Temporary script location: /tmp/airflowtmpxv_q59hp/print_datevl07ysh7
[2019-03-22 03:11:18,940] {bash_operator.py:110} INFO - Running command: date
[2019-03-22 03:11:18,952] {bash_operator.py:119} INFO - Output:
[2019-03-22 03:11:18,958] {bash_operator.py:123} INFO - Sex Mar 22 03:11:18 -03 2019
[2019-03-22 03:11:18,962] {bash_operator.py:127} INFO - Command exited with return code 0
[2019-03-22 03:11:22,642] {logging_mixin.py:95} INFO - [2019-03-22 03:11:22,641] {jobs.py:2527} INFO - Task exited with return code 0
