[2019-03-19 13:18:21,756] {models.py:1359} INFO - Dependencies all met for <TaskInstance: tutorial.templated 2016-06-18T00:00:00+00:00 [queued]>
[2019-03-19 13:18:21,760] {models.py:1359} INFO - Dependencies all met for <TaskInstance: tutorial.templated 2016-06-18T00:00:00+00:00 [queued]>
[2019-03-19 13:18:21,761] {models.py:1571} INFO - 
--------------------------------------------------------------------------------
Starting attempt 1 of 2
--------------------------------------------------------------------------------

[2019-03-19 13:18:21,800] {models.py:1593} INFO - Executing <Task(BashOperator): templated> on 2016-06-18T00:00:00+00:00
[2019-03-19 13:18:21,800] {base_task_runner.py:118} INFO - Running: ['bash', '-c', 'airflow run tutorial templated 2016-06-18T00:00:00+00:00 --job_id 773 --raw -sd DAGS_FOLDER/example_dags/tutorial.py --cfg_path /tmp/tmp__lf3woq']
[2019-03-19 13:18:22,584] {base_task_runner.py:101} INFO - Job 773: Subtask templated [2019-03-19 13:18:22,583] {__init__.py:51} INFO - Using executor SequentialExecutor
[2019-03-19 13:18:22,962] {base_task_runner.py:101} INFO - Job 773: Subtask templated [2019-03-19 13:18:22,957] {models.py:273} INFO - Filling up the DagBag from /home/rsandroni/airflow/dags/example_dags/tutorial.py
[2019-03-19 13:18:23,033] {base_task_runner.py:101} INFO - Job 773: Subtask templated [2019-03-19 13:18:23,024] {cli.py:520} INFO - Running <TaskInstance: tutorial.templated 2016-06-18T00:00:00+00:00 [running]> on host IADAIRP1.globalrs.rack.space
[2019-03-19 13:18:23,068] {bash_operator.py:77} INFO - Tmp dir root location: 
 /tmp
[2019-03-19 13:18:23,068] {bash_operator.py:86} INFO - Exporting the following env vars:
AIRFLOW_CTX_DAG_ID=tutorial
AIRFLOW_CTX_TASK_ID=templated
AIRFLOW_CTX_EXECUTION_DATE=2016-06-18T00:00:00+00:00
AIRFLOW_CTX_DAG_RUN_ID=scheduled__2016-06-18T00:00:00+00:00
[2019-03-19 13:18:23,069] {bash_operator.py:100} INFO - Temporary script location: /tmp/airflowtmplzj90txw/templatedai2r5_98
[2019-03-19 13:18:23,069] {bash_operator.py:110} INFO - Running command: 

    echo "2016-06-18"
    echo "2016-06-25"
    echo "Parameter I passed in"

    echo "2016-06-18"
    echo "2016-06-25"
    echo "Parameter I passed in"

    echo "2016-06-18"
    echo "2016-06-25"
    echo "Parameter I passed in"

    echo "2016-06-18"
    echo "2016-06-25"
    echo "Parameter I passed in"

    echo "2016-06-18"
    echo "2016-06-25"
    echo "Parameter I passed in"

[2019-03-19 13:18:23,098] {bash_operator.py:119} INFO - Output:
[2019-03-19 13:18:23,098] {bash_operator.py:123} INFO - 2016-06-18
[2019-03-19 13:18:23,098] {bash_operator.py:123} INFO - 2016-06-25
[2019-03-19 13:18:23,098] {bash_operator.py:123} INFO - Parameter I passed in
[2019-03-19 13:18:23,098] {bash_operator.py:123} INFO - 2016-06-18
[2019-03-19 13:18:23,098] {bash_operator.py:123} INFO - 2016-06-25
[2019-03-19 13:18:23,098] {bash_operator.py:123} INFO - Parameter I passed in
[2019-03-19 13:18:23,098] {bash_operator.py:123} INFO - 2016-06-18
[2019-03-19 13:18:23,098] {bash_operator.py:123} INFO - 2016-06-25
[2019-03-19 13:18:23,098] {bash_operator.py:123} INFO - Parameter I passed in
[2019-03-19 13:18:23,098] {bash_operator.py:123} INFO - 2016-06-18
[2019-03-19 13:18:23,099] {bash_operator.py:123} INFO - 2016-06-25
[2019-03-19 13:18:23,099] {bash_operator.py:123} INFO - Parameter I passed in
[2019-03-19 13:18:23,099] {bash_operator.py:123} INFO - 2016-06-18
[2019-03-19 13:18:23,099] {bash_operator.py:123} INFO - 2016-06-25
[2019-03-19 13:18:23,099] {bash_operator.py:123} INFO - Parameter I passed in
[2019-03-19 13:18:23,099] {bash_operator.py:127} INFO - Command exited with return code 0
[2019-03-19 13:18:26,727] {logging_mixin.py:95} INFO - [2019-03-19 13:18:26,726] {jobs.py:2527} INFO - Task exited with return code 0
