[2019-03-19 11:37:18,276] {models.py:1359} INFO - Dependencies all met for <TaskInstance: tutorial.print_date 2015-11-13T00:00:00+00:00 [queued]>
[2019-03-19 11:37:18,277] {models.py:1359} INFO - Dependencies all met for <TaskInstance: tutorial.print_date 2015-11-13T00:00:00+00:00 [queued]>
[2019-03-19 11:37:18,278] {models.py:1571} INFO - 
--------------------------------------------------------------------------------
Starting attempt 1 of 2
--------------------------------------------------------------------------------

[2019-03-19 11:37:18,295] {models.py:1593} INFO - Executing <Task(BashOperator): print_date> on 2015-11-13T00:00:00+00:00
[2019-03-19 11:37:18,295] {base_task_runner.py:118} INFO - Running: ['bash', '-c', 'airflow run tutorial print_date 2015-11-13T00:00:00+00:00 --job_id 336 --raw -sd DAGS_FOLDER/tutorial.py --cfg_path /tmp/tmp75be1ud_']
[2019-03-19 11:37:18,900] {base_task_runner.py:101} INFO - Job 336: Subtask print_date [2019-03-19 11:37:18,899] {__init__.py:51} INFO - Using executor SequentialExecutor
[2019-03-19 11:37:19,117] {base_task_runner.py:101} INFO - Job 336: Subtask print_date [2019-03-19 11:37:19,117] {models.py:273} INFO - Filling up the DagBag from /home/rsandroni/airflow/dags/tutorial.py
[2019-03-19 11:37:19,132] {base_task_runner.py:101} INFO - Job 336: Subtask print_date [2019-03-19 11:37:19,132] {cli.py:520} INFO - Running <TaskInstance: tutorial.print_date 2015-11-13T00:00:00+00:00 [running]> on host IADAIRP1.globalrs.rack.space
[2019-03-19 11:37:19,144] {bash_operator.py:77} INFO - Tmp dir root location: 
 /tmp
[2019-03-19 11:37:19,144] {bash_operator.py:86} INFO - Exporting the following env vars:
AIRFLOW_CTX_DAG_ID=tutorial
AIRFLOW_CTX_TASK_ID=print_date
AIRFLOW_CTX_EXECUTION_DATE=2015-11-13T00:00:00+00:00
AIRFLOW_CTX_DAG_RUN_ID=scheduled__2015-11-13T00:00:00+00:00
[2019-03-19 11:37:19,145] {bash_operator.py:100} INFO - Temporary script location: /tmp/airflowtmp3w_vi8ok/print_dateoynlpvhe
[2019-03-19 11:37:19,145] {bash_operator.py:110} INFO - Running command: date
[2019-03-19 11:37:19,149] {bash_operator.py:119} INFO - Output:
[2019-03-19 11:37:19,151] {bash_operator.py:123} INFO - Ter Mar 19 11:37:19 -03 2019
[2019-03-19 11:37:19,151] {bash_operator.py:127} INFO - Command exited with return code 0
[2019-03-19 11:37:23,278] {logging_mixin.py:95} INFO - [2019-03-19 11:37:23,277] {jobs.py:2527} INFO - Task exited with return code 0
