[2019-03-22 04:46:33,718] {models.py:1359} INFO - Dependencies all met for <TaskInstance: tutorial.print_date 2019-01-26T00:00:00+00:00 [queued]>
[2019-03-22 04:46:33,721] {models.py:1359} INFO - Dependencies all met for <TaskInstance: tutorial.print_date 2019-01-26T00:00:00+00:00 [queued]>
[2019-03-22 04:46:33,722] {models.py:1571} INFO - 
--------------------------------------------------------------------------------
Starting attempt 1 of 2
--------------------------------------------------------------------------------

[2019-03-22 04:46:33,797] {models.py:1593} INFO - Executing <Task(BashOperator): print_date> on 2019-01-26T00:00:00+00:00
[2019-03-22 04:46:33,797] {base_task_runner.py:118} INFO - Running: ['bash', '-c', 'airflow run tutorial print_date 2019-01-26T00:00:00+00:00 --job_id 2744 --raw -sd DAGS_FOLDER/tutorial.py --cfg_path /tmp/tmp34glohxb']
[2019-03-22 04:46:35,435] {base_task_runner.py:101} INFO - Job 2744: Subtask print_date [2019-03-22 04:46:35,434] {__init__.py:51} INFO - Using executor SequentialExecutor
[2019-03-22 04:46:36,058] {base_task_runner.py:101} INFO - Job 2744: Subtask print_date [2019-03-22 04:46:36,050] {models.py:273} INFO - Filling up the DagBag from /home/rsandroni/airflow/dags/tutorial.py
[2019-03-22 04:46:36,106] {base_task_runner.py:101} INFO - Job 2744: Subtask print_date [2019-03-22 04:46:36,093] {cli.py:520} INFO - Running <TaskInstance: tutorial.print_date 2019-01-26T00:00:00+00:00 [running]> on host IADAIRP1.globalrs.rack.space
[2019-03-22 04:46:36,127] {bash_operator.py:77} INFO - Tmp dir root location: 
 /tmp
[2019-03-22 04:46:36,127] {bash_operator.py:86} INFO - Exporting the following env vars:
AIRFLOW_CTX_DAG_ID=tutorial
AIRFLOW_CTX_TASK_ID=print_date
AIRFLOW_CTX_EXECUTION_DATE=2019-01-26T00:00:00+00:00
AIRFLOW_CTX_DAG_RUN_ID=scheduled__2019-01-26T00:00:00+00:00
[2019-03-22 04:46:36,128] {bash_operator.py:100} INFO - Temporary script location: /tmp/airflowtmp1nrq6e3h/print_dateooe80y95
[2019-03-22 04:46:36,128] {bash_operator.py:110} INFO - Running command: date
[2019-03-22 04:46:36,189] {bash_operator.py:119} INFO - Output:
[2019-03-22 04:46:36,230] {bash_operator.py:123} INFO - Sex Mar 22 04:46:36 -03 2019
[2019-03-22 04:46:36,230] {bash_operator.py:127} INFO - Command exited with return code 0
[2019-03-22 04:46:38,673] {logging_mixin.py:95} INFO - [2019-03-22 04:46:38,672] {jobs.py:2527} INFO - Task exited with return code 0
