[2019-03-21 18:39:30,117] {models.py:1359} INFO - Dependencies all met for <TaskInstance: tutorial.templated 2017-10-19T00:00:00+00:00 [queued]>
[2019-03-21 18:39:30,121] {models.py:1359} INFO - Dependencies all met for <TaskInstance: tutorial.templated 2017-10-19T00:00:00+00:00 [queued]>
[2019-03-21 18:39:30,122] {models.py:1571} INFO - 
--------------------------------------------------------------------------------
Starting attempt 1 of 2
--------------------------------------------------------------------------------

[2019-03-21 18:39:30,141] {models.py:1593} INFO - Executing <Task(BashOperator): templated> on 2017-10-19T00:00:00+00:00
[2019-03-21 18:39:30,142] {base_task_runner.py:118} INFO - Running: ['bash', '-c', 'airflow run tutorial templated 2017-10-19T00:00:00+00:00 --job_id 1818 --raw -sd DAGS_FOLDER/example_dags/tutorial.py --cfg_path /tmp/tmp5os5geap']
[2019-03-21 18:39:30,781] {base_task_runner.py:101} INFO - Job 1818: Subtask templated [2019-03-21 18:39:30,780] {__init__.py:51} INFO - Using executor SequentialExecutor
[2019-03-21 18:39:31,008] {base_task_runner.py:101} INFO - Job 1818: Subtask templated [2019-03-21 18:39:31,008] {models.py:273} INFO - Filling up the DagBag from /home/rsandroni/airflow/dags/example_dags/tutorial.py
[2019-03-21 18:39:31,073] {base_task_runner.py:101} INFO - Job 1818: Subtask templated [2019-03-21 18:39:31,072] {cli.py:520} INFO - Running <TaskInstance: tutorial.templated 2017-10-19T00:00:00+00:00 [running]> on host IADAIRP1.globalrs.rack.space
[2019-03-21 18:39:31,088] {bash_operator.py:77} INFO - Tmp dir root location: 
 /tmp
[2019-03-21 18:39:31,089] {bash_operator.py:86} INFO - Exporting the following env vars:
AIRFLOW_CTX_DAG_ID=tutorial
AIRFLOW_CTX_TASK_ID=templated
AIRFLOW_CTX_EXECUTION_DATE=2017-10-19T00:00:00+00:00
AIRFLOW_CTX_DAG_RUN_ID=scheduled__2017-10-19T00:00:00+00:00
[2019-03-21 18:39:31,089] {bash_operator.py:100} INFO - Temporary script location: /tmp/airflowtmp241ss0qp/templatedq7ej30nm
[2019-03-21 18:39:31,089] {bash_operator.py:110} INFO - Running command: 

    echo "2017-10-19"
    echo "2017-10-26"
    echo "Parameter I passed in"

    echo "2017-10-19"
    echo "2017-10-26"
    echo "Parameter I passed in"

    echo "2017-10-19"
    echo "2017-10-26"
    echo "Parameter I passed in"

    echo "2017-10-19"
    echo "2017-10-26"
    echo "Parameter I passed in"

    echo "2017-10-19"
    echo "2017-10-26"
    echo "Parameter I passed in"

[2019-03-21 18:39:31,095] {bash_operator.py:119} INFO - Output:
[2019-03-21 18:39:31,096] {bash_operator.py:123} INFO - 2017-10-19
[2019-03-21 18:39:31,096] {bash_operator.py:123} INFO - 2017-10-26
[2019-03-21 18:39:31,096] {bash_operator.py:123} INFO - Parameter I passed in
[2019-03-21 18:39:31,096] {bash_operator.py:123} INFO - 2017-10-19
[2019-03-21 18:39:31,096] {bash_operator.py:123} INFO - 2017-10-26
[2019-03-21 18:39:31,096] {bash_operator.py:123} INFO - Parameter I passed in
[2019-03-21 18:39:31,096] {bash_operator.py:123} INFO - 2017-10-19
[2019-03-21 18:39:31,096] {bash_operator.py:123} INFO - 2017-10-26
[2019-03-21 18:39:31,096] {bash_operator.py:123} INFO - Parameter I passed in
[2019-03-21 18:39:31,096] {bash_operator.py:123} INFO - 2017-10-19
[2019-03-21 18:39:31,096] {bash_operator.py:123} INFO - 2017-10-26
[2019-03-21 18:39:31,096] {bash_operator.py:123} INFO - Parameter I passed in
[2019-03-21 18:39:31,096] {bash_operator.py:123} INFO - 2017-10-19
[2019-03-21 18:39:31,097] {bash_operator.py:123} INFO - 2017-10-26
[2019-03-21 18:39:31,097] {bash_operator.py:123} INFO - Parameter I passed in
[2019-03-21 18:39:31,097] {bash_operator.py:127} INFO - Command exited with return code 0
[2019-03-21 18:39:35,117] {logging_mixin.py:95} INFO - [2019-03-21 18:39:35,116] {jobs.py:2527} INFO - Task exited with return code 0
