[2019-03-21 21:37:08,052] {models.py:1359} INFO - Dependencies all met for <TaskInstance: tutorial.templated 2018-03-04T00:00:00+00:00 [queued]>
[2019-03-21 21:37:08,057] {models.py:1359} INFO - Dependencies all met for <TaskInstance: tutorial.templated 2018-03-04T00:00:00+00:00 [queued]>
[2019-03-21 21:37:08,057] {models.py:1571} INFO - 
--------------------------------------------------------------------------------
Starting attempt 1 of 2
--------------------------------------------------------------------------------

[2019-03-21 21:37:08,073] {models.py:1593} INFO - Executing <Task(BashOperator): templated> on 2018-03-04T00:00:00+00:00
[2019-03-21 21:37:08,073] {base_task_runner.py:118} INFO - Running: ['bash', '-c', 'airflow run tutorial templated 2018-03-04T00:00:00+00:00 --job_id 2090 --raw -sd DAGS_FOLDER/example_dags/tutorial.py --cfg_path /tmp/tmpi6tx4zs6']
[2019-03-21 21:37:08,706] {base_task_runner.py:101} INFO - Job 2090: Subtask templated [2019-03-21 21:37:08,705] {__init__.py:51} INFO - Using executor SequentialExecutor
[2019-03-21 21:37:08,937] {base_task_runner.py:101} INFO - Job 2090: Subtask templated [2019-03-21 21:37:08,937] {models.py:273} INFO - Filling up the DagBag from /home/rsandroni/airflow/dags/example_dags/tutorial.py
[2019-03-21 21:37:09,001] {base_task_runner.py:101} INFO - Job 2090: Subtask templated [2019-03-21 21:37:09,001] {cli.py:520} INFO - Running <TaskInstance: tutorial.templated 2018-03-04T00:00:00+00:00 [running]> on host IADAIRP1.globalrs.rack.space
[2019-03-21 21:37:09,017] {bash_operator.py:77} INFO - Tmp dir root location: 
 /tmp
[2019-03-21 21:37:09,018] {bash_operator.py:86} INFO - Exporting the following env vars:
AIRFLOW_CTX_DAG_ID=tutorial
AIRFLOW_CTX_TASK_ID=templated
AIRFLOW_CTX_EXECUTION_DATE=2018-03-04T00:00:00+00:00
AIRFLOW_CTX_DAG_RUN_ID=scheduled__2018-03-04T00:00:00+00:00
[2019-03-21 21:37:09,019] {bash_operator.py:100} INFO - Temporary script location: /tmp/airflowtmp_lum3yua/templatedompgwsfk
[2019-03-21 21:37:09,019] {bash_operator.py:110} INFO - Running command: 

    echo "2018-03-04"
    echo "2018-03-11"
    echo "Parameter I passed in"

    echo "2018-03-04"
    echo "2018-03-11"
    echo "Parameter I passed in"

    echo "2018-03-04"
    echo "2018-03-11"
    echo "Parameter I passed in"

    echo "2018-03-04"
    echo "2018-03-11"
    echo "Parameter I passed in"

    echo "2018-03-04"
    echo "2018-03-11"
    echo "Parameter I passed in"

[2019-03-21 21:37:09,024] {bash_operator.py:119} INFO - Output:
[2019-03-21 21:37:09,025] {bash_operator.py:123} INFO - 2018-03-04
[2019-03-21 21:37:09,025] {bash_operator.py:123} INFO - 2018-03-11
[2019-03-21 21:37:09,025] {bash_operator.py:123} INFO - Parameter I passed in
[2019-03-21 21:37:09,026] {bash_operator.py:123} INFO - 2018-03-04
[2019-03-21 21:37:09,026] {bash_operator.py:123} INFO - 2018-03-11
[2019-03-21 21:37:09,026] {bash_operator.py:123} INFO - Parameter I passed in
[2019-03-21 21:37:09,026] {bash_operator.py:123} INFO - 2018-03-04
[2019-03-21 21:37:09,026] {bash_operator.py:123} INFO - 2018-03-11
[2019-03-21 21:37:09,026] {bash_operator.py:123} INFO - Parameter I passed in
[2019-03-21 21:37:09,026] {bash_operator.py:123} INFO - 2018-03-04
[2019-03-21 21:37:09,026] {bash_operator.py:123} INFO - 2018-03-11
[2019-03-21 21:37:09,026] {bash_operator.py:123} INFO - Parameter I passed in
[2019-03-21 21:37:09,026] {bash_operator.py:123} INFO - 2018-03-04
[2019-03-21 21:37:09,026] {bash_operator.py:123} INFO - 2018-03-11
[2019-03-21 21:37:09,026] {bash_operator.py:123} INFO - Parameter I passed in
[2019-03-21 21:37:09,026] {bash_operator.py:127} INFO - Command exited with return code 0
[2019-03-21 21:37:13,059] {logging_mixin.py:95} INFO - [2019-03-21 21:37:13,058] {jobs.py:2527} INFO - Task exited with return code 0
