[2019-03-19 10:47:34,865] {models.py:1359} INFO - Dependencies all met for <TaskInstance: tutorial.print_date 2015-08-03T00:00:00+00:00 [queued]>
[2019-03-19 10:47:34,866] {models.py:1359} INFO - Dependencies all met for <TaskInstance: tutorial.print_date 2015-08-03T00:00:00+00:00 [queued]>
[2019-03-19 10:47:34,866] {models.py:1571} INFO - 
--------------------------------------------------------------------------------
Starting attempt 1 of 2
--------------------------------------------------------------------------------

[2019-03-19 10:47:34,880] {models.py:1593} INFO - Executing <Task(BashOperator): print_date> on 2015-08-03T00:00:00+00:00
[2019-03-19 10:47:34,880] {base_task_runner.py:118} INFO - Running: ['bash', '-c', 'airflow run tutorial print_date 2015-08-03T00:00:00+00:00 --job_id 132 --raw -sd DAGS_FOLDER/tutorial.py --cfg_path /tmp/tmpo8sbg47k']
[2019-03-19 10:47:35,505] {base_task_runner.py:101} INFO - Job 132: Subtask print_date [2019-03-19 10:47:35,505] {__init__.py:51} INFO - Using executor SequentialExecutor
[2019-03-19 10:47:35,729] {base_task_runner.py:101} INFO - Job 132: Subtask print_date [2019-03-19 10:47:35,728] {models.py:273} INFO - Filling up the DagBag from /home/rsandroni/airflow/dags/tutorial.py
[2019-03-19 10:47:35,744] {base_task_runner.py:101} INFO - Job 132: Subtask print_date [2019-03-19 10:47:35,744] {cli.py:520} INFO - Running <TaskInstance: tutorial.print_date 2015-08-03T00:00:00+00:00 [running]> on host IADAIRP1.globalrs.rack.space
[2019-03-19 10:47:35,757] {bash_operator.py:77} INFO - Tmp dir root location: 
 /tmp
[2019-03-19 10:47:35,757] {bash_operator.py:86} INFO - Exporting the following env vars:
AIRFLOW_CTX_DAG_ID=tutorial
AIRFLOW_CTX_TASK_ID=print_date
AIRFLOW_CTX_EXECUTION_DATE=2015-08-03T00:00:00+00:00
AIRFLOW_CTX_DAG_RUN_ID=scheduled__2015-08-03T00:00:00+00:00
[2019-03-19 10:47:35,758] {bash_operator.py:100} INFO - Temporary script location: /tmp/airflowtmp_2cf2c3p/print_date2ofqs33z
[2019-03-19 10:47:35,758] {bash_operator.py:110} INFO - Running command: date
[2019-03-19 10:47:35,763] {bash_operator.py:119} INFO - Output:
[2019-03-19 10:47:35,765] {bash_operator.py:123} INFO - Ter Mar 19 10:47:35 -03 2019
[2019-03-19 10:47:35,765] {bash_operator.py:127} INFO - Command exited with return code 0
[2019-03-19 10:47:39,872] {logging_mixin.py:95} INFO - [2019-03-19 10:47:39,871] {jobs.py:2527} INFO - Task exited with return code 0
