[2019-03-19 14:10:44,165] {models.py:1359} INFO - Dependencies all met for <TaskInstance: tutorial.templated 2016-10-07T00:00:00+00:00 [queued]>
[2019-03-19 14:10:44,169] {models.py:1359} INFO - Dependencies all met for <TaskInstance: tutorial.templated 2016-10-07T00:00:00+00:00 [queued]>
[2019-03-19 14:10:44,169] {models.py:1571} INFO - 
--------------------------------------------------------------------------------
Starting attempt 1 of 2
--------------------------------------------------------------------------------

[2019-03-19 14:10:44,229] {models.py:1593} INFO - Executing <Task(BashOperator): templated> on 2016-10-07T00:00:00+00:00
[2019-03-19 14:10:44,229] {base_task_runner.py:118} INFO - Running: ['bash', '-c', 'airflow run tutorial templated 2016-10-07T00:00:00+00:00 --job_id 995 --raw -sd DAGS_FOLDER/example_dags/tutorial.py --cfg_path /tmp/tmpomrpt549']
[2019-03-19 14:10:44,960] {base_task_runner.py:101} INFO - Job 995: Subtask templated [2019-03-19 14:10:44,959] {__init__.py:51} INFO - Using executor SequentialExecutor
[2019-03-19 14:10:45,296] {base_task_runner.py:101} INFO - Job 995: Subtask templated [2019-03-19 14:10:45,289] {models.py:273} INFO - Filling up the DagBag from /home/rsandroni/airflow/dags/example_dags/tutorial.py
[2019-03-19 14:10:45,399] {base_task_runner.py:101} INFO - Job 995: Subtask templated [2019-03-19 14:10:45,398] {cli.py:520} INFO - Running <TaskInstance: tutorial.templated 2016-10-07T00:00:00+00:00 [running]> on host IADAIRP1.globalrs.rack.space
[2019-03-19 14:10:45,438] {bash_operator.py:77} INFO - Tmp dir root location: 
 /tmp
[2019-03-19 14:10:45,439] {bash_operator.py:86} INFO - Exporting the following env vars:
AIRFLOW_CTX_DAG_ID=tutorial
AIRFLOW_CTX_TASK_ID=templated
AIRFLOW_CTX_EXECUTION_DATE=2016-10-07T00:00:00+00:00
AIRFLOW_CTX_DAG_RUN_ID=scheduled__2016-10-07T00:00:00+00:00
[2019-03-19 14:10:45,439] {bash_operator.py:100} INFO - Temporary script location: /tmp/airflowtmplffojqqa/templatedv49kf52i
[2019-03-19 14:10:45,439] {bash_operator.py:110} INFO - Running command: 

    echo "2016-10-07"
    echo "2016-10-14"
    echo "Parameter I passed in"

    echo "2016-10-07"
    echo "2016-10-14"
    echo "Parameter I passed in"

    echo "2016-10-07"
    echo "2016-10-14"
    echo "Parameter I passed in"

    echo "2016-10-07"
    echo "2016-10-14"
    echo "Parameter I passed in"

    echo "2016-10-07"
    echo "2016-10-14"
    echo "Parameter I passed in"

[2019-03-19 14:10:45,469] {bash_operator.py:119} INFO - Output:
[2019-03-19 14:10:45,480] {bash_operator.py:123} INFO - 2016-10-07
[2019-03-19 14:10:45,480] {bash_operator.py:123} INFO - 2016-10-14
[2019-03-19 14:10:45,481] {bash_operator.py:123} INFO - Parameter I passed in
[2019-03-19 14:10:45,481] {bash_operator.py:123} INFO - 2016-10-07
[2019-03-19 14:10:45,481] {bash_operator.py:123} INFO - 2016-10-14
[2019-03-19 14:10:45,481] {bash_operator.py:123} INFO - Parameter I passed in
[2019-03-19 14:10:45,481] {bash_operator.py:123} INFO - 2016-10-07
[2019-03-19 14:10:45,481] {bash_operator.py:123} INFO - 2016-10-14
[2019-03-19 14:10:45,481] {bash_operator.py:123} INFO - Parameter I passed in
[2019-03-19 14:10:45,481] {bash_operator.py:123} INFO - 2016-10-07
[2019-03-19 14:10:45,481] {bash_operator.py:123} INFO - 2016-10-14
[2019-03-19 14:10:45,481] {bash_operator.py:123} INFO - Parameter I passed in
[2019-03-19 14:10:45,481] {bash_operator.py:123} INFO - 2016-10-07
[2019-03-19 14:10:45,481] {bash_operator.py:123} INFO - 2016-10-14
[2019-03-19 14:10:45,481] {bash_operator.py:123} INFO - Parameter I passed in
[2019-03-19 14:10:45,481] {bash_operator.py:127} INFO - Command exited with return code 0
[2019-03-19 14:10:49,089] {logging_mixin.py:95} INFO - [2019-03-19 14:10:49,088] {jobs.py:2527} INFO - Task exited with return code 0
