[2019-03-19 10:15:14,188] {models.py:1359} INFO - Dependencies all met for <TaskInstance: tutorial.sleep 2019-03-19T13:14:22.341563+00:00 [queued]>
[2019-03-19 10:15:14,191] {models.py:1359} INFO - Dependencies all met for <TaskInstance: tutorial.sleep 2019-03-19T13:14:22.341563+00:00 [queued]>
[2019-03-19 10:15:14,191] {models.py:1571} INFO - 
--------------------------------------------------------------------------------
Starting attempt 1 of 2
--------------------------------------------------------------------------------

[2019-03-19 10:15:14,202] {models.py:1593} INFO - Executing <Task(BashOperator): sleep> on 2019-03-19T13:14:22.341563+00:00
[2019-03-19 10:15:14,203] {base_task_runner.py:118} INFO - Running: ['bash', '-c', 'airflow run tutorial sleep 2019-03-19T13:14:22.341563+00:00 --job_id 6 --raw -sd DAGS_FOLDER/example_dags/tutorial.py --cfg_path /tmp/tmp4gom58gw']
[2019-03-19 10:15:14,806] {base_task_runner.py:101} INFO - Job 6: Subtask sleep [2019-03-19 10:15:14,806] {__init__.py:51} INFO - Using executor SequentialExecutor
[2019-03-19 10:15:15,021] {base_task_runner.py:101} INFO - Job 6: Subtask sleep [2019-03-19 10:15:15,021] {models.py:273} INFO - Filling up the DagBag from /home/rsandroni/airflow/dags/example_dags/tutorial.py
[2019-03-19 10:15:15,061] {base_task_runner.py:101} INFO - Job 6: Subtask sleep [2019-03-19 10:15:15,061] {cli.py:520} INFO - Running <TaskInstance: tutorial.sleep 2019-03-19T13:14:22.341563+00:00 [running]> on host IADAIRP1.globalrs.rack.space
[2019-03-19 10:15:15,073] {bash_operator.py:77} INFO - Tmp dir root location: 
 /tmp
[2019-03-19 10:15:15,073] {bash_operator.py:86} INFO - Exporting the following env vars:
AIRFLOW_CTX_DAG_ID=tutorial
AIRFLOW_CTX_TASK_ID=sleep
AIRFLOW_CTX_EXECUTION_DATE=2019-03-19T13:14:22.341563+00:00
AIRFLOW_CTX_DAG_RUN_ID=manual__2019-03-19T13:14:22.341563+00:00
[2019-03-19 10:15:15,074] {bash_operator.py:100} INFO - Temporary script location: /tmp/airflowtmpwq5qcdem/sleepaqjjhrgk
[2019-03-19 10:15:15,074] {bash_operator.py:110} INFO - Running command: sleep 5
[2019-03-19 10:15:15,079] {bash_operator.py:119} INFO - Output:
[2019-03-19 10:15:20,086] {bash_operator.py:127} INFO - Command exited with return code 0
[2019-03-19 10:15:24,198] {logging_mixin.py:95} INFO - [2019-03-19 10:15:24,197] {jobs.py:2527} INFO - Task exited with return code 0
