[2019-03-19 12:01:27,378] {models.py:1359} INFO - Dependencies all met for <TaskInstance: tutorial.templated 2016-01-08T00:00:00+00:00 [queued]>
[2019-03-19 12:01:27,381] {models.py:1359} INFO - Dependencies all met for <TaskInstance: tutorial.templated 2016-01-08T00:00:00+00:00 [queued]>
[2019-03-19 12:01:27,382] {models.py:1571} INFO - 
--------------------------------------------------------------------------------
Starting attempt 1 of 2
--------------------------------------------------------------------------------

[2019-03-19 12:01:27,409] {models.py:1593} INFO - Executing <Task(BashOperator): templated> on 2016-01-08T00:00:00+00:00
[2019-03-19 12:01:27,409] {base_task_runner.py:118} INFO - Running: ['bash', '-c', 'airflow run tutorial templated 2016-01-08T00:00:00+00:00 --job_id 449 --raw -sd DAGS_FOLDER/example_dags/tutorial.py --cfg_path /tmp/tmpq4bd_y5n']
[2019-03-19 12:01:28,024] {base_task_runner.py:101} INFO - Job 449: Subtask templated [2019-03-19 12:01:28,024] {__init__.py:51} INFO - Using executor SequentialExecutor
[2019-03-19 12:01:28,260] {base_task_runner.py:101} INFO - Job 449: Subtask templated [2019-03-19 12:01:28,259] {models.py:273} INFO - Filling up the DagBag from /home/rsandroni/airflow/dags/example_dags/tutorial.py
[2019-03-19 12:01:28,303] {base_task_runner.py:101} INFO - Job 449: Subtask templated [2019-03-19 12:01:28,300] {cli.py:520} INFO - Running <TaskInstance: tutorial.templated 2016-01-08T00:00:00+00:00 [running]> on host IADAIRP1.globalrs.rack.space
[2019-03-19 12:01:28,318] {bash_operator.py:77} INFO - Tmp dir root location: 
 /tmp
[2019-03-19 12:01:28,319] {bash_operator.py:86} INFO - Exporting the following env vars:
AIRFLOW_CTX_DAG_ID=tutorial
AIRFLOW_CTX_TASK_ID=templated
AIRFLOW_CTX_EXECUTION_DATE=2016-01-08T00:00:00+00:00
AIRFLOW_CTX_DAG_RUN_ID=scheduled__2016-01-08T00:00:00+00:00
[2019-03-19 12:01:28,319] {bash_operator.py:100} INFO - Temporary script location: /tmp/airflowtmpna06ues4/templated2oyo10ds
[2019-03-19 12:01:28,319] {bash_operator.py:110} INFO - Running command: 

    echo "2016-01-08"
    echo "2016-01-15"
    echo "Parameter I passed in"

    echo "2016-01-08"
    echo "2016-01-15"
    echo "Parameter I passed in"

    echo "2016-01-08"
    echo "2016-01-15"
    echo "Parameter I passed in"

    echo "2016-01-08"
    echo "2016-01-15"
    echo "Parameter I passed in"

    echo "2016-01-08"
    echo "2016-01-15"
    echo "Parameter I passed in"

[2019-03-19 12:01:28,324] {bash_operator.py:119} INFO - Output:
[2019-03-19 12:01:28,325] {bash_operator.py:123} INFO - 2016-01-08
[2019-03-19 12:01:28,325] {bash_operator.py:123} INFO - 2016-01-15
[2019-03-19 12:01:28,325] {bash_operator.py:123} INFO - Parameter I passed in
[2019-03-19 12:01:28,326] {bash_operator.py:123} INFO - 2016-01-08
[2019-03-19 12:01:28,326] {bash_operator.py:123} INFO - 2016-01-15
[2019-03-19 12:01:28,326] {bash_operator.py:123} INFO - Parameter I passed in
[2019-03-19 12:01:28,326] {bash_operator.py:123} INFO - 2016-01-08
[2019-03-19 12:01:28,326] {bash_operator.py:123} INFO - 2016-01-15
[2019-03-19 12:01:28,326] {bash_operator.py:123} INFO - Parameter I passed in
[2019-03-19 12:01:28,326] {bash_operator.py:123} INFO - 2016-01-08
[2019-03-19 12:01:28,326] {bash_operator.py:123} INFO - 2016-01-15
[2019-03-19 12:01:28,326] {bash_operator.py:123} INFO - Parameter I passed in
[2019-03-19 12:01:28,326] {bash_operator.py:123} INFO - 2016-01-08
[2019-03-19 12:01:28,326] {bash_operator.py:123} INFO - 2016-01-15
[2019-03-19 12:01:28,326] {bash_operator.py:123} INFO - Parameter I passed in
[2019-03-19 12:01:28,326] {bash_operator.py:127} INFO - Command exited with return code 0
[2019-03-19 12:01:32,379] {logging_mixin.py:95} INFO - [2019-03-19 12:01:32,378] {jobs.py:2527} INFO - Task exited with return code 0
