[2019-03-21 17:10:16,398] {models.py:1359} INFO - Dependencies all met for <TaskInstance: tutorial.print_date 2017-06-13T00:00:00+00:00 [queued]>
[2019-03-21 17:10:16,400] {models.py:1359} INFO - Dependencies all met for <TaskInstance: tutorial.print_date 2017-06-13T00:00:00+00:00 [queued]>
[2019-03-21 17:10:16,400] {models.py:1571} INFO - 
--------------------------------------------------------------------------------
Starting attempt 1 of 2
--------------------------------------------------------------------------------

[2019-03-21 17:10:16,417] {models.py:1593} INFO - Executing <Task(BashOperator): print_date> on 2017-06-13T00:00:00+00:00
[2019-03-21 17:10:16,417] {base_task_runner.py:118} INFO - Running: ['bash', '-c', 'airflow run tutorial print_date 2017-06-13T00:00:00+00:00 --job_id 1508 --raw -sd DAGS_FOLDER/tutorial.py --cfg_path /tmp/tmp_cuopjjg']
[2019-03-21 17:10:17,056] {base_task_runner.py:101} INFO - Job 1508: Subtask print_date [2019-03-21 17:10:17,055] {__init__.py:51} INFO - Using executor SequentialExecutor
[2019-03-21 17:10:17,317] {base_task_runner.py:101} INFO - Job 1508: Subtask print_date [2019-03-21 17:10:17,316] {models.py:273} INFO - Filling up the DagBag from /home/rsandroni/airflow/dags/tutorial.py
[2019-03-21 17:10:17,333] {base_task_runner.py:101} INFO - Job 1508: Subtask print_date [2019-03-21 17:10:17,333] {cli.py:520} INFO - Running <TaskInstance: tutorial.print_date 2017-06-13T00:00:00+00:00 [running]> on host IADAIRP1.globalrs.rack.space
[2019-03-21 17:10:17,347] {bash_operator.py:77} INFO - Tmp dir root location: 
 /tmp
[2019-03-21 17:10:17,347] {bash_operator.py:86} INFO - Exporting the following env vars:
AIRFLOW_CTX_DAG_ID=tutorial
AIRFLOW_CTX_TASK_ID=print_date
AIRFLOW_CTX_EXECUTION_DATE=2017-06-13T00:00:00+00:00
AIRFLOW_CTX_DAG_RUN_ID=scheduled__2017-06-13T00:00:00+00:00
[2019-03-21 17:10:17,348] {bash_operator.py:100} INFO - Temporary script location: /tmp/airflowtmp6gn780tu/print_datewg8tv2aa
[2019-03-21 17:10:17,348] {bash_operator.py:110} INFO - Running command: date
[2019-03-21 17:10:17,353] {bash_operator.py:119} INFO - Output:
[2019-03-21 17:10:17,355] {bash_operator.py:123} INFO - Qui Mar 21 17:10:17 -03 2019
[2019-03-21 17:10:17,356] {bash_operator.py:127} INFO - Command exited with return code 0
[2019-03-21 17:10:21,401] {logging_mixin.py:95} INFO - [2019-03-21 17:10:21,400] {jobs.py:2527} INFO - Task exited with return code 0
