[2019-03-19 14:49:43,951] {models.py:1359} INFO - Dependencies all met for <TaskInstance: tutorial.templated 2016-12-27T00:00:00+00:00 [queued]>
[2019-03-19 14:49:43,955] {models.py:1359} INFO - Dependencies all met for <TaskInstance: tutorial.templated 2016-12-27T00:00:00+00:00 [queued]>
[2019-03-19 14:49:43,956] {models.py:1571} INFO - 
--------------------------------------------------------------------------------
Starting attempt 1 of 2
--------------------------------------------------------------------------------

[2019-03-19 14:49:43,975] {models.py:1593} INFO - Executing <Task(BashOperator): templated> on 2016-12-27T00:00:00+00:00
[2019-03-19 14:49:43,975] {base_task_runner.py:118} INFO - Running: ['bash', '-c', 'airflow run tutorial templated 2016-12-27T00:00:00+00:00 --job_id 1157 --raw -sd DAGS_FOLDER/example_dags/tutorial.py --cfg_path /tmp/tmpv9_hh5ka']
[2019-03-19 14:49:44,642] {base_task_runner.py:101} INFO - Job 1157: Subtask templated [2019-03-19 14:49:44,641] {__init__.py:51} INFO - Using executor SequentialExecutor
[2019-03-19 14:49:45,007] {base_task_runner.py:101} INFO - Job 1157: Subtask templated [2019-03-19 14:49:45,002] {models.py:273} INFO - Filling up the DagBag from /home/rsandroni/airflow/dags/example_dags/tutorial.py
[2019-03-19 14:49:45,094] {base_task_runner.py:101} INFO - Job 1157: Subtask templated [2019-03-19 14:49:45,091] {cli.py:520} INFO - Running <TaskInstance: tutorial.templated 2016-12-27T00:00:00+00:00 [running]> on host IADAIRP1.globalrs.rack.space
[2019-03-19 14:49:45,141] {bash_operator.py:77} INFO - Tmp dir root location: 
 /tmp
[2019-03-19 14:49:45,141] {bash_operator.py:86} INFO - Exporting the following env vars:
AIRFLOW_CTX_DAG_ID=tutorial
AIRFLOW_CTX_TASK_ID=templated
AIRFLOW_CTX_EXECUTION_DATE=2016-12-27T00:00:00+00:00
AIRFLOW_CTX_DAG_RUN_ID=scheduled__2016-12-27T00:00:00+00:00
[2019-03-19 14:49:45,142] {bash_operator.py:100} INFO - Temporary script location: /tmp/airflowtmp4x417eyg/templatedp5tud_9i
[2019-03-19 14:49:45,142] {bash_operator.py:110} INFO - Running command: 

    echo "2016-12-27"
    echo "2017-01-03"
    echo "Parameter I passed in"

    echo "2016-12-27"
    echo "2017-01-03"
    echo "Parameter I passed in"

    echo "2016-12-27"
    echo "2017-01-03"
    echo "Parameter I passed in"

    echo "2016-12-27"
    echo "2017-01-03"
    echo "Parameter I passed in"

    echo "2016-12-27"
    echo "2017-01-03"
    echo "Parameter I passed in"

[2019-03-19 14:49:45,176] {bash_operator.py:119} INFO - Output:
[2019-03-19 14:49:45,187] {bash_operator.py:123} INFO - 2016-12-27
[2019-03-19 14:49:45,187] {bash_operator.py:123} INFO - 2017-01-03
[2019-03-19 14:49:45,188] {bash_operator.py:123} INFO - Parameter I passed in
[2019-03-19 14:49:45,188] {bash_operator.py:123} INFO - 2016-12-27
[2019-03-19 14:49:45,188] {bash_operator.py:123} INFO - 2017-01-03
[2019-03-19 14:49:45,188] {bash_operator.py:123} INFO - Parameter I passed in
[2019-03-19 14:49:45,188] {bash_operator.py:123} INFO - 2016-12-27
[2019-03-19 14:49:45,188] {bash_operator.py:123} INFO - 2017-01-03
[2019-03-19 14:49:45,188] {bash_operator.py:123} INFO - Parameter I passed in
[2019-03-19 14:49:45,188] {bash_operator.py:123} INFO - 2016-12-27
[2019-03-19 14:49:45,188] {bash_operator.py:123} INFO - 2017-01-03
[2019-03-19 14:49:45,188] {bash_operator.py:123} INFO - Parameter I passed in
[2019-03-19 14:49:45,188] {bash_operator.py:123} INFO - 2016-12-27
[2019-03-19 14:49:45,188] {bash_operator.py:123} INFO - 2017-01-03
[2019-03-19 14:49:45,188] {bash_operator.py:123} INFO - Parameter I passed in
[2019-03-19 14:49:45,188] {bash_operator.py:127} INFO - Command exited with return code 0
[2019-03-19 14:49:48,925] {logging_mixin.py:95} INFO - [2019-03-19 14:49:48,924] {jobs.py:2527} INFO - Task exited with return code 0
