[2019-03-22 02:12:33,480] {models.py:1359} INFO - Dependencies all met for <TaskInstance: tutorial.templated 2018-09-30T00:00:00+00:00 [queued]>
[2019-03-22 02:12:33,485] {models.py:1359} INFO - Dependencies all met for <TaskInstance: tutorial.templated 2018-09-30T00:00:00+00:00 [queued]>
[2019-03-22 02:12:33,485] {models.py:1571} INFO - 
--------------------------------------------------------------------------------
Starting attempt 1 of 2
--------------------------------------------------------------------------------

[2019-03-22 02:12:33,511] {models.py:1593} INFO - Executing <Task(BashOperator): templated> on 2018-09-30T00:00:00+00:00
[2019-03-22 02:12:33,511] {base_task_runner.py:118} INFO - Running: ['bash', '-c', 'airflow run tutorial templated 2018-09-30T00:00:00+00:00 --job_id 2510 --raw -sd DAGS_FOLDER/example_dags/tutorial.py --cfg_path /tmp/tmpwtu2a7o5']
[2019-03-22 02:12:34,547] {base_task_runner.py:101} INFO - Job 2510: Subtask templated [2019-03-22 02:12:34,546] {__init__.py:51} INFO - Using executor SequentialExecutor
[2019-03-22 02:12:35,042] {base_task_runner.py:101} INFO - Job 2510: Subtask templated [2019-03-22 02:12:35,041] {models.py:273} INFO - Filling up the DagBag from /home/rsandroni/airflow/dags/example_dags/tutorial.py
[2019-03-22 02:12:35,179] {base_task_runner.py:101} INFO - Job 2510: Subtask templated [2019-03-22 02:12:35,175] {cli.py:520} INFO - Running <TaskInstance: tutorial.templated 2018-09-30T00:00:00+00:00 [running]> on host IADAIRP1.globalrs.rack.space
[2019-03-22 02:12:35,217] {bash_operator.py:77} INFO - Tmp dir root location: 
 /tmp
[2019-03-22 02:12:35,218] {bash_operator.py:86} INFO - Exporting the following env vars:
AIRFLOW_CTX_DAG_ID=tutorial
AIRFLOW_CTX_TASK_ID=templated
AIRFLOW_CTX_EXECUTION_DATE=2018-09-30T00:00:00+00:00
AIRFLOW_CTX_DAG_RUN_ID=scheduled__2018-09-30T00:00:00+00:00
[2019-03-22 02:12:35,218] {bash_operator.py:100} INFO - Temporary script location: /tmp/airflowtmpp2qfbwon/templated56wuakhs
[2019-03-22 02:12:35,218] {bash_operator.py:110} INFO - Running command: 

    echo "2018-09-30"
    echo "2018-10-07"
    echo "Parameter I passed in"

    echo "2018-09-30"
    echo "2018-10-07"
    echo "Parameter I passed in"

    echo "2018-09-30"
    echo "2018-10-07"
    echo "Parameter I passed in"

    echo "2018-09-30"
    echo "2018-10-07"
    echo "Parameter I passed in"

    echo "2018-09-30"
    echo "2018-10-07"
    echo "Parameter I passed in"

[2019-03-22 02:12:35,237] {bash_operator.py:119} INFO - Output:
[2019-03-22 02:12:35,238] {bash_operator.py:123} INFO - 2018-09-30
[2019-03-22 02:12:35,238] {bash_operator.py:123} INFO - 2018-10-07
[2019-03-22 02:12:35,238] {bash_operator.py:123} INFO - Parameter I passed in
[2019-03-22 02:12:35,238] {bash_operator.py:123} INFO - 2018-09-30
[2019-03-22 02:12:35,238] {bash_operator.py:123} INFO - 2018-10-07
[2019-03-22 02:12:35,238] {bash_operator.py:123} INFO - Parameter I passed in
[2019-03-22 02:12:35,238] {bash_operator.py:123} INFO - 2018-09-30
[2019-03-22 02:12:35,238] {bash_operator.py:123} INFO - 2018-10-07
[2019-03-22 02:12:35,238] {bash_operator.py:123} INFO - Parameter I passed in
[2019-03-22 02:12:35,238] {bash_operator.py:123} INFO - 2018-09-30
[2019-03-22 02:12:35,238] {bash_operator.py:123} INFO - 2018-10-07
[2019-03-22 02:12:35,238] {bash_operator.py:123} INFO - Parameter I passed in
[2019-03-22 02:12:35,238] {bash_operator.py:123} INFO - 2018-09-30
[2019-03-22 02:12:35,238] {bash_operator.py:123} INFO - 2018-10-07
[2019-03-22 02:12:35,238] {bash_operator.py:123} INFO - Parameter I passed in
[2019-03-22 02:12:35,238] {bash_operator.py:127} INFO - Command exited with return code 0
[2019-03-22 02:12:38,446] {logging_mixin.py:95} INFO - [2019-03-22 02:12:38,445] {jobs.py:2527} INFO - Task exited with return code 0
