[2019-03-21 18:39:36,199] {models.py:1359} INFO - Dependencies all met for <TaskInstance: tutorial.templated 2017-10-20T00:00:00+00:00 [queued]>
[2019-03-21 18:39:36,204] {models.py:1359} INFO - Dependencies all met for <TaskInstance: tutorial.templated 2017-10-20T00:00:00+00:00 [queued]>
[2019-03-21 18:39:36,204] {models.py:1571} INFO - 
--------------------------------------------------------------------------------
Starting attempt 1 of 2
--------------------------------------------------------------------------------

[2019-03-21 18:39:36,220] {models.py:1593} INFO - Executing <Task(BashOperator): templated> on 2017-10-20T00:00:00+00:00
[2019-03-21 18:39:36,220] {base_task_runner.py:118} INFO - Running: ['bash', '-c', 'airflow run tutorial templated 2017-10-20T00:00:00+00:00 --job_id 1819 --raw -sd DAGS_FOLDER/example_dags/tutorial.py --cfg_path /tmp/tmpd63du08_']
[2019-03-21 18:39:36,860] {base_task_runner.py:101} INFO - Job 1819: Subtask templated [2019-03-21 18:39:36,859] {__init__.py:51} INFO - Using executor SequentialExecutor
[2019-03-21 18:39:37,089] {base_task_runner.py:101} INFO - Job 1819: Subtask templated [2019-03-21 18:39:37,088] {models.py:273} INFO - Filling up the DagBag from /home/rsandroni/airflow/dags/example_dags/tutorial.py
[2019-03-21 18:39:37,153] {base_task_runner.py:101} INFO - Job 1819: Subtask templated [2019-03-21 18:39:37,152] {cli.py:520} INFO - Running <TaskInstance: tutorial.templated 2017-10-20T00:00:00+00:00 [running]> on host IADAIRP1.globalrs.rack.space
[2019-03-21 18:39:37,169] {bash_operator.py:77} INFO - Tmp dir root location: 
 /tmp
[2019-03-21 18:39:37,170] {bash_operator.py:86} INFO - Exporting the following env vars:
AIRFLOW_CTX_DAG_ID=tutorial
AIRFLOW_CTX_TASK_ID=templated
AIRFLOW_CTX_EXECUTION_DATE=2017-10-20T00:00:00+00:00
AIRFLOW_CTX_DAG_RUN_ID=scheduled__2017-10-20T00:00:00+00:00
[2019-03-21 18:39:37,170] {bash_operator.py:100} INFO - Temporary script location: /tmp/airflowtmputdc1jlx/templatedltmv6riw
[2019-03-21 18:39:37,171] {bash_operator.py:110} INFO - Running command: 

    echo "2017-10-20"
    echo "2017-10-27"
    echo "Parameter I passed in"

    echo "2017-10-20"
    echo "2017-10-27"
    echo "Parameter I passed in"

    echo "2017-10-20"
    echo "2017-10-27"
    echo "Parameter I passed in"

    echo "2017-10-20"
    echo "2017-10-27"
    echo "Parameter I passed in"

    echo "2017-10-20"
    echo "2017-10-27"
    echo "Parameter I passed in"

[2019-03-21 18:39:37,177] {bash_operator.py:119} INFO - Output:
[2019-03-21 18:39:37,178] {bash_operator.py:123} INFO - 2017-10-20
[2019-03-21 18:39:37,179] {bash_operator.py:123} INFO - 2017-10-27
[2019-03-21 18:39:37,179] {bash_operator.py:123} INFO - Parameter I passed in
[2019-03-21 18:39:37,179] {bash_operator.py:123} INFO - 2017-10-20
[2019-03-21 18:39:37,179] {bash_operator.py:123} INFO - 2017-10-27
[2019-03-21 18:39:37,179] {bash_operator.py:123} INFO - Parameter I passed in
[2019-03-21 18:39:37,179] {bash_operator.py:123} INFO - 2017-10-20
[2019-03-21 18:39:37,179] {bash_operator.py:123} INFO - 2017-10-27
[2019-03-21 18:39:37,179] {bash_operator.py:123} INFO - Parameter I passed in
[2019-03-21 18:39:37,179] {bash_operator.py:123} INFO - 2017-10-20
[2019-03-21 18:39:37,179] {bash_operator.py:123} INFO - 2017-10-27
[2019-03-21 18:39:37,179] {bash_operator.py:123} INFO - Parameter I passed in
[2019-03-21 18:39:37,179] {bash_operator.py:123} INFO - 2017-10-20
[2019-03-21 18:39:37,179] {bash_operator.py:123} INFO - 2017-10-27
[2019-03-21 18:39:37,179] {bash_operator.py:123} INFO - Parameter I passed in
[2019-03-21 18:39:37,179] {bash_operator.py:127} INFO - Command exited with return code 0
[2019-03-21 18:39:41,203] {logging_mixin.py:95} INFO - [2019-03-21 18:39:41,202] {jobs.py:2527} INFO - Task exited with return code 0
