[2019-03-22 01:46:49,444] {models.py:1359} INFO - Dependencies all met for <TaskInstance: tutorial.print_date 2018-09-12T00:00:00+00:00 [queued]>
[2019-03-22 01:46:49,448] {models.py:1359} INFO - Dependencies all met for <TaskInstance: tutorial.print_date 2018-09-12T00:00:00+00:00 [queued]>
[2019-03-22 01:46:49,448] {models.py:1571} INFO - 
--------------------------------------------------------------------------------
Starting attempt 1 of 2
--------------------------------------------------------------------------------

[2019-03-22 01:46:49,505] {models.py:1593} INFO - Executing <Task(BashOperator): print_date> on 2018-09-12T00:00:00+00:00
[2019-03-22 01:46:49,505] {base_task_runner.py:118} INFO - Running: ['bash', '-c', 'airflow run tutorial print_date 2018-09-12T00:00:00+00:00 --job_id 2472 --raw -sd DAGS_FOLDER/tutorial.py --cfg_path /tmp/tmp0yrsje48']
[2019-03-22 01:46:50,400] {base_task_runner.py:101} INFO - Job 2472: Subtask print_date [2019-03-22 01:46:50,395] {__init__.py:51} INFO - Using executor SequentialExecutor
[2019-03-22 01:46:50,848] {base_task_runner.py:101} INFO - Job 2472: Subtask print_date [2019-03-22 01:46:50,847] {models.py:273} INFO - Filling up the DagBag from /home/rsandroni/airflow/dags/tutorial.py
[2019-03-22 01:46:50,870] {base_task_runner.py:101} INFO - Job 2472: Subtask print_date [2019-03-22 01:46:50,870] {cli.py:520} INFO - Running <TaskInstance: tutorial.print_date 2018-09-12T00:00:00+00:00 [running]> on host IADAIRP1.globalrs.rack.space
[2019-03-22 01:46:50,890] {bash_operator.py:77} INFO - Tmp dir root location: 
 /tmp
[2019-03-22 01:46:50,890] {bash_operator.py:86} INFO - Exporting the following env vars:
AIRFLOW_CTX_DAG_ID=tutorial
AIRFLOW_CTX_TASK_ID=print_date
AIRFLOW_CTX_EXECUTION_DATE=2018-09-12T00:00:00+00:00
AIRFLOW_CTX_DAG_RUN_ID=scheduled__2018-09-12T00:00:00+00:00
[2019-03-22 01:46:50,890] {bash_operator.py:100} INFO - Temporary script location: /tmp/airflowtmp7dmb8ee5/print_datefha_6u_s
[2019-03-22 01:46:50,890] {bash_operator.py:110} INFO - Running command: date
[2019-03-22 01:46:50,919] {bash_operator.py:119} INFO - Output:
[2019-03-22 01:46:50,940] {bash_operator.py:123} INFO - Sex Mar 22 01:46:50 -03 2019
[2019-03-22 01:46:50,941] {bash_operator.py:127} INFO - Command exited with return code 0
[2019-03-22 01:46:54,390] {logging_mixin.py:95} INFO - [2019-03-22 01:46:54,389] {jobs.py:2527} INFO - Task exited with return code 0
