[2019-03-21 18:02:03,224] {models.py:1359} INFO - Dependencies all met for <TaskInstance: tutorial.print_date 2017-09-03T00:00:00+00:00 [queued]>
[2019-03-21 18:02:03,227] {models.py:1359} INFO - Dependencies all met for <TaskInstance: tutorial.print_date 2017-09-03T00:00:00+00:00 [queued]>
[2019-03-21 18:02:03,227] {models.py:1571} INFO - 
--------------------------------------------------------------------------------
Starting attempt 1 of 2
--------------------------------------------------------------------------------

[2019-03-21 18:02:03,241] {models.py:1593} INFO - Executing <Task(BashOperator): print_date> on 2017-09-03T00:00:00+00:00
[2019-03-21 18:02:03,241] {base_task_runner.py:118} INFO - Running: ['bash', '-c', 'airflow run tutorial print_date 2017-09-03T00:00:00+00:00 --job_id 1713 --raw -sd DAGS_FOLDER/tutorial.py --cfg_path /tmp/tmpghqa8fmf']
[2019-03-21 18:02:03,866] {base_task_runner.py:101} INFO - Job 1713: Subtask print_date [2019-03-21 18:02:03,865] {__init__.py:51} INFO - Using executor SequentialExecutor
[2019-03-21 18:02:04,094] {base_task_runner.py:101} INFO - Job 1713: Subtask print_date [2019-03-21 18:02:04,094] {models.py:273} INFO - Filling up the DagBag from /home/rsandroni/airflow/dags/tutorial.py
[2019-03-21 18:02:04,109] {base_task_runner.py:101} INFO - Job 1713: Subtask print_date [2019-03-21 18:02:04,109] {cli.py:520} INFO - Running <TaskInstance: tutorial.print_date 2017-09-03T00:00:00+00:00 [running]> on host IADAIRP1.globalrs.rack.space
[2019-03-21 18:02:04,121] {bash_operator.py:77} INFO - Tmp dir root location: 
 /tmp
[2019-03-21 18:02:04,121] {bash_operator.py:86} INFO - Exporting the following env vars:
AIRFLOW_CTX_DAG_ID=tutorial
AIRFLOW_CTX_TASK_ID=print_date
AIRFLOW_CTX_EXECUTION_DATE=2017-09-03T00:00:00+00:00
AIRFLOW_CTX_DAG_RUN_ID=scheduled__2017-09-03T00:00:00+00:00
[2019-03-21 18:02:04,122] {bash_operator.py:100} INFO - Temporary script location: /tmp/airflowtmph7fbo4gv/print_date6x_dl9ep
[2019-03-21 18:02:04,122] {bash_operator.py:110} INFO - Running command: date
[2019-03-21 18:02:04,127] {bash_operator.py:119} INFO - Output:
[2019-03-21 18:02:04,129] {bash_operator.py:123} INFO - Qui Mar 21 18:02:04 -03 2019
[2019-03-21 18:02:04,129] {bash_operator.py:127} INFO - Command exited with return code 0
[2019-03-21 18:02:08,229] {logging_mixin.py:95} INFO - [2019-03-21 18:02:08,228] {jobs.py:2527} INFO - Task exited with return code 0
