[2019-03-19 14:22:53,499] {models.py:1359} INFO - Dependencies all met for <TaskInstance: tutorial.print_date 2016-11-01T00:00:00+00:00 [queued]>
[2019-03-19 14:22:53,502] {models.py:1359} INFO - Dependencies all met for <TaskInstance: tutorial.print_date 2016-11-01T00:00:00+00:00 [queued]>
[2019-03-19 14:22:53,502] {models.py:1571} INFO - 
--------------------------------------------------------------------------------
Starting attempt 1 of 2
--------------------------------------------------------------------------------

[2019-03-19 14:22:53,564] {models.py:1593} INFO - Executing <Task(BashOperator): print_date> on 2016-11-01T00:00:00+00:00
[2019-03-19 14:22:53,564] {base_task_runner.py:118} INFO - Running: ['bash', '-c', 'airflow run tutorial print_date 2016-11-01T00:00:00+00:00 --job_id 1044 --raw -sd DAGS_FOLDER/tutorial.py --cfg_path /tmp/tmptcjpy_7v']
[2019-03-19 14:22:55,702] {base_task_runner.py:101} INFO - Job 1044: Subtask print_date [2019-03-19 14:22:55,701] {__init__.py:51} INFO - Using executor SequentialExecutor
[2019-03-19 14:22:56,820] {base_task_runner.py:101} INFO - Job 1044: Subtask print_date [2019-03-19 14:22:56,812] {models.py:273} INFO - Filling up the DagBag from /home/rsandroni/airflow/dags/tutorial.py
[2019-03-19 14:22:56,862] {base_task_runner.py:101} INFO - Job 1044: Subtask print_date [2019-03-19 14:22:56,858] {cli.py:520} INFO - Running <TaskInstance: tutorial.print_date 2016-11-01T00:00:00+00:00 [running]> on host IADAIRP1.globalrs.rack.space
[2019-03-19 14:22:56,904] {bash_operator.py:77} INFO - Tmp dir root location: 
 /tmp
[2019-03-19 14:22:56,904] {bash_operator.py:86} INFO - Exporting the following env vars:
AIRFLOW_CTX_DAG_ID=tutorial
AIRFLOW_CTX_TASK_ID=print_date
AIRFLOW_CTX_EXECUTION_DATE=2016-11-01T00:00:00+00:00
AIRFLOW_CTX_DAG_RUN_ID=scheduled__2016-11-01T00:00:00+00:00
[2019-03-19 14:22:56,904] {bash_operator.py:100} INFO - Temporary script location: /tmp/airflowtmpjbrss062/print_date58kvejiz
[2019-03-19 14:22:56,904] {bash_operator.py:110} INFO - Running command: date
[2019-03-19 14:22:56,956] {bash_operator.py:119} INFO - Output:
[2019-03-19 14:22:56,986] {bash_operator.py:123} INFO - Ter Mar 19 14:22:56 -03 2019
[2019-03-19 14:22:56,987] {bash_operator.py:127} INFO - Command exited with return code 0
[2019-03-19 14:22:58,467] {logging_mixin.py:95} INFO - [2019-03-19 14:22:58,467] {jobs.py:2527} INFO - Task exited with return code 0
