[2019-03-19 12:44:42,763] {models.py:1359} INFO - Dependencies all met for <TaskInstance: tutorial.print_date 2016-04-13T00:00:00+00:00 [queued]>
[2019-03-19 12:44:42,765] {models.py:1359} INFO - Dependencies all met for <TaskInstance: tutorial.print_date 2016-04-13T00:00:00+00:00 [queued]>
[2019-03-19 12:44:42,765] {models.py:1571} INFO - 
--------------------------------------------------------------------------------
Starting attempt 1 of 2
--------------------------------------------------------------------------------

[2019-03-19 12:44:42,827] {models.py:1593} INFO - Executing <Task(BashOperator): print_date> on 2016-04-13T00:00:00+00:00
[2019-03-19 12:44:42,827] {base_task_runner.py:118} INFO - Running: ['bash', '-c', 'airflow run tutorial print_date 2016-04-13T00:00:00+00:00 --job_id 638 --raw -sd DAGS_FOLDER/sql_server_load.py --cfg_path /tmp/tmps6au15iq']
[2019-03-19 12:44:43,877] {base_task_runner.py:101} INFO - Job 638: Subtask print_date [2019-03-19 12:44:43,876] {__init__.py:51} INFO - Using executor SequentialExecutor
[2019-03-19 12:44:44,450] {base_task_runner.py:101} INFO - Job 638: Subtask print_date [2019-03-19 12:44:44,450] {models.py:273} INFO - Filling up the DagBag from /home/rsandroni/airflow/dags/sql_server_load.py
[2019-03-19 12:44:44,481] {base_task_runner.py:101} INFO - Job 638: Subtask print_date [2019-03-19 12:44:44,480] {cli.py:520} INFO - Running <TaskInstance: tutorial.print_date 2016-04-13T00:00:00+00:00 [running]> on host IADAIRP1.globalrs.rack.space
[2019-03-19 12:44:44,515] {bash_operator.py:77} INFO - Tmp dir root location: 
 /tmp
[2019-03-19 12:44:44,515] {bash_operator.py:86} INFO - Exporting the following env vars:
AIRFLOW_CTX_DAG_ID=tutorial
AIRFLOW_CTX_TASK_ID=print_date
AIRFLOW_CTX_EXECUTION_DATE=2016-04-13T00:00:00+00:00
AIRFLOW_CTX_DAG_RUN_ID=scheduled__2016-04-13T00:00:00+00:00
[2019-03-19 12:44:44,515] {bash_operator.py:100} INFO - Temporary script location: /tmp/airflowtmp_kqt1y7t/print_datek9xl7xxa
[2019-03-19 12:44:44,515] {bash_operator.py:110} INFO - Running command: date
[2019-03-19 12:44:44,545] {bash_operator.py:119} INFO - Output:
[2019-03-19 12:44:44,567] {bash_operator.py:123} INFO - Ter Mar 19 12:44:44 -03 2019
[2019-03-19 12:44:44,567] {bash_operator.py:127} INFO - Command exited with return code 0
[2019-03-19 12:44:47,773] {logging_mixin.py:95} INFO - [2019-03-19 12:44:47,773] {jobs.py:2527} INFO - Task exited with return code 0
