[2019-03-22 04:41:13,367] {models.py:1359} INFO - Dependencies all met for <TaskInstance: tutorial.print_date 2019-01-22T00:00:00+00:00 [queued]>
[2019-03-22 04:41:13,370] {models.py:1359} INFO - Dependencies all met for <TaskInstance: tutorial.print_date 2019-01-22T00:00:00+00:00 [queued]>
[2019-03-22 04:41:13,371] {models.py:1571} INFO - 
--------------------------------------------------------------------------------
Starting attempt 1 of 2
--------------------------------------------------------------------------------

[2019-03-22 04:41:13,387] {models.py:1593} INFO - Executing <Task(BashOperator): print_date> on 2019-01-22T00:00:00+00:00
[2019-03-22 04:41:13,387] {base_task_runner.py:118} INFO - Running: ['bash', '-c', 'airflow run tutorial print_date 2019-01-22T00:00:00+00:00 --job_id 2736 --raw -sd DAGS_FOLDER/tutorial.py --cfg_path /tmp/tmpk22k4fcq']
[2019-03-22 04:41:14,053] {base_task_runner.py:101} INFO - Job 2736: Subtask print_date [2019-03-22 04:41:14,052] {__init__.py:51} INFO - Using executor SequentialExecutor
[2019-03-22 04:41:14,339] {base_task_runner.py:101} INFO - Job 2736: Subtask print_date [2019-03-22 04:41:14,332] {models.py:273} INFO - Filling up the DagBag from /home/rsandroni/airflow/dags/tutorial.py
[2019-03-22 04:41:14,360] {base_task_runner.py:101} INFO - Job 2736: Subtask print_date [2019-03-22 04:41:14,360] {cli.py:520} INFO - Running <TaskInstance: tutorial.print_date 2019-01-22T00:00:00+00:00 [running]> on host IADAIRP1.globalrs.rack.space
[2019-03-22 04:41:14,376] {bash_operator.py:77} INFO - Tmp dir root location: 
 /tmp
[2019-03-22 04:41:14,376] {bash_operator.py:86} INFO - Exporting the following env vars:
AIRFLOW_CTX_DAG_ID=tutorial
AIRFLOW_CTX_TASK_ID=print_date
AIRFLOW_CTX_EXECUTION_DATE=2019-01-22T00:00:00+00:00
AIRFLOW_CTX_DAG_RUN_ID=scheduled__2019-01-22T00:00:00+00:00
[2019-03-22 04:41:14,376] {bash_operator.py:100} INFO - Temporary script location: /tmp/airflowtmpljom9dcx/print_date1u2rhk7d
[2019-03-22 04:41:14,376] {bash_operator.py:110} INFO - Running command: date
[2019-03-22 04:41:14,400] {bash_operator.py:119} INFO - Output:
[2019-03-22 04:41:14,402] {bash_operator.py:123} INFO - Sex Mar 22 04:41:14 -03 2019
[2019-03-22 04:41:14,402] {bash_operator.py:127} INFO - Command exited with return code 0
[2019-03-22 04:41:18,374] {logging_mixin.py:95} INFO - [2019-03-22 04:41:18,373] {jobs.py:2527} INFO - Task exited with return code 0
