[2019-03-21 19:26:14,759] {models.py:1359} INFO - Dependencies all met for <TaskInstance: tutorial.templated 2017-11-24T00:00:00+00:00 [queued]>
[2019-03-21 19:26:14,764] {models.py:1359} INFO - Dependencies all met for <TaskInstance: tutorial.templated 2017-11-24T00:00:00+00:00 [queued]>
[2019-03-21 19:26:14,764] {models.py:1571} INFO - 
--------------------------------------------------------------------------------
Starting attempt 1 of 2
--------------------------------------------------------------------------------

[2019-03-21 19:26:14,780] {models.py:1593} INFO - Executing <Task(BashOperator): templated> on 2017-11-24T00:00:00+00:00
[2019-03-21 19:26:14,780] {base_task_runner.py:118} INFO - Running: ['bash', '-c', 'airflow run tutorial templated 2017-11-24T00:00:00+00:00 --job_id 1890 --raw -sd DAGS_FOLDER/example_dags/tutorial.py --cfg_path /tmp/tmp3hkw34fz']
[2019-03-21 19:26:15,421] {base_task_runner.py:101} INFO - Job 1890: Subtask templated [2019-03-21 19:26:15,420] {__init__.py:51} INFO - Using executor SequentialExecutor
[2019-03-21 19:26:15,652] {base_task_runner.py:101} INFO - Job 1890: Subtask templated [2019-03-21 19:26:15,651] {models.py:273} INFO - Filling up the DagBag from /home/rsandroni/airflow/dags/example_dags/tutorial.py
[2019-03-21 19:26:15,716] {base_task_runner.py:101} INFO - Job 1890: Subtask templated [2019-03-21 19:26:15,715] {cli.py:520} INFO - Running <TaskInstance: tutorial.templated 2017-11-24T00:00:00+00:00 [running]> on host IADAIRP1.globalrs.rack.space
[2019-03-21 19:26:15,732] {bash_operator.py:77} INFO - Tmp dir root location: 
 /tmp
[2019-03-21 19:26:15,732] {bash_operator.py:86} INFO - Exporting the following env vars:
AIRFLOW_CTX_DAG_ID=tutorial
AIRFLOW_CTX_TASK_ID=templated
AIRFLOW_CTX_EXECUTION_DATE=2017-11-24T00:00:00+00:00
AIRFLOW_CTX_DAG_RUN_ID=scheduled__2017-11-24T00:00:00+00:00
[2019-03-21 19:26:15,733] {bash_operator.py:100} INFO - Temporary script location: /tmp/airflowtmplyx490ek/templated67mfhphq
[2019-03-21 19:26:15,733] {bash_operator.py:110} INFO - Running command: 

    echo "2017-11-24"
    echo "2017-12-01"
    echo "Parameter I passed in"

    echo "2017-11-24"
    echo "2017-12-01"
    echo "Parameter I passed in"

    echo "2017-11-24"
    echo "2017-12-01"
    echo "Parameter I passed in"

    echo "2017-11-24"
    echo "2017-12-01"
    echo "Parameter I passed in"

    echo "2017-11-24"
    echo "2017-12-01"
    echo "Parameter I passed in"

[2019-03-21 19:26:15,739] {bash_operator.py:119} INFO - Output:
[2019-03-21 19:26:15,740] {bash_operator.py:123} INFO - 2017-11-24
[2019-03-21 19:26:15,740] {bash_operator.py:123} INFO - 2017-12-01
[2019-03-21 19:26:15,740] {bash_operator.py:123} INFO - Parameter I passed in
[2019-03-21 19:26:15,740] {bash_operator.py:123} INFO - 2017-11-24
[2019-03-21 19:26:15,740] {bash_operator.py:123} INFO - 2017-12-01
[2019-03-21 19:26:15,740] {bash_operator.py:123} INFO - Parameter I passed in
[2019-03-21 19:26:15,740] {bash_operator.py:123} INFO - 2017-11-24
[2019-03-21 19:26:15,740] {bash_operator.py:123} INFO - 2017-12-01
[2019-03-21 19:26:15,740] {bash_operator.py:123} INFO - Parameter I passed in
[2019-03-21 19:26:15,740] {bash_operator.py:123} INFO - 2017-11-24
[2019-03-21 19:26:15,740] {bash_operator.py:123} INFO - 2017-12-01
[2019-03-21 19:26:15,740] {bash_operator.py:123} INFO - Parameter I passed in
[2019-03-21 19:26:15,740] {bash_operator.py:123} INFO - 2017-11-24
[2019-03-21 19:26:15,740] {bash_operator.py:123} INFO - 2017-12-01
[2019-03-21 19:26:15,740] {bash_operator.py:123} INFO - Parameter I passed in
[2019-03-21 19:26:15,740] {bash_operator.py:127} INFO - Command exited with return code 0
[2019-03-21 19:26:19,765] {logging_mixin.py:95} INFO - [2019-03-21 19:26:19,764] {jobs.py:2527} INFO - Task exited with return code 0
