[2019-03-19 11:37:24,270] {models.py:1359} INFO - Dependencies all met for <TaskInstance: tutorial.print_date 2015-11-14T00:00:00+00:00 [queued]>
[2019-03-19 11:37:24,272] {models.py:1359} INFO - Dependencies all met for <TaskInstance: tutorial.print_date 2015-11-14T00:00:00+00:00 [queued]>
[2019-03-19 11:37:24,272] {models.py:1571} INFO - 
--------------------------------------------------------------------------------
Starting attempt 1 of 2
--------------------------------------------------------------------------------

[2019-03-19 11:37:24,290] {models.py:1593} INFO - Executing <Task(BashOperator): print_date> on 2015-11-14T00:00:00+00:00
[2019-03-19 11:37:24,290] {base_task_runner.py:118} INFO - Running: ['bash', '-c', 'airflow run tutorial print_date 2015-11-14T00:00:00+00:00 --job_id 337 --raw -sd DAGS_FOLDER/tutorial.py --cfg_path /tmp/tmpy0879k5u']
[2019-03-19 11:37:24,892] {base_task_runner.py:101} INFO - Job 337: Subtask print_date [2019-03-19 11:37:24,892] {__init__.py:51} INFO - Using executor SequentialExecutor
[2019-03-19 11:37:25,115] {base_task_runner.py:101} INFO - Job 337: Subtask print_date [2019-03-19 11:37:25,115] {models.py:273} INFO - Filling up the DagBag from /home/rsandroni/airflow/dags/tutorial.py
[2019-03-19 11:37:25,132] {base_task_runner.py:101} INFO - Job 337: Subtask print_date [2019-03-19 11:37:25,129] {cli.py:520} INFO - Running <TaskInstance: tutorial.print_date 2015-11-14T00:00:00+00:00 [running]> on host IADAIRP1.globalrs.rack.space
[2019-03-19 11:37:25,144] {bash_operator.py:77} INFO - Tmp dir root location: 
 /tmp
[2019-03-19 11:37:25,144] {bash_operator.py:86} INFO - Exporting the following env vars:
AIRFLOW_CTX_DAG_ID=tutorial
AIRFLOW_CTX_TASK_ID=print_date
AIRFLOW_CTX_EXECUTION_DATE=2015-11-14T00:00:00+00:00
AIRFLOW_CTX_DAG_RUN_ID=scheduled__2015-11-14T00:00:00+00:00
[2019-03-19 11:37:25,145] {bash_operator.py:100} INFO - Temporary script location: /tmp/airflowtmp4vc64doz/print_dateldoy14wm
[2019-03-19 11:37:25,145] {bash_operator.py:110} INFO - Running command: date
[2019-03-19 11:37:25,150] {bash_operator.py:119} INFO - Output:
[2019-03-19 11:37:25,152] {bash_operator.py:123} INFO - Ter Mar 19 11:37:25 -03 2019
[2019-03-19 11:37:25,152] {bash_operator.py:127} INFO - Command exited with return code 0
[2019-03-19 11:37:29,276] {logging_mixin.py:95} INFO - [2019-03-19 11:37:29,275] {jobs.py:2527} INFO - Task exited with return code 0
