[2019-03-19 13:13:53,641] {models.py:1359} INFO - Dependencies all met for <TaskInstance: tutorial.templated 2016-06-09T00:00:00+00:00 [queued]>
[2019-03-19 13:13:53,646] {models.py:1359} INFO - Dependencies all met for <TaskInstance: tutorial.templated 2016-06-09T00:00:00+00:00 [queued]>
[2019-03-19 13:13:53,646] {models.py:1571} INFO - 
--------------------------------------------------------------------------------
Starting attempt 1 of 2
--------------------------------------------------------------------------------

[2019-03-19 13:13:53,680] {models.py:1593} INFO - Executing <Task(BashOperator): templated> on 2016-06-09T00:00:00+00:00
[2019-03-19 13:13:53,680] {base_task_runner.py:118} INFO - Running: ['bash', '-c', 'airflow run tutorial templated 2016-06-09T00:00:00+00:00 --job_id 755 --raw -sd DAGS_FOLDER/example_dags/tutorial.py --cfg_path /tmp/tmpvtqxbltm']
[2019-03-19 13:13:54,405] {base_task_runner.py:101} INFO - Job 755: Subtask templated [2019-03-19 13:13:54,404] {__init__.py:51} INFO - Using executor SequentialExecutor
[2019-03-19 13:13:54,767] {base_task_runner.py:101} INFO - Job 755: Subtask templated [2019-03-19 13:13:54,766] {models.py:273} INFO - Filling up the DagBag from /home/rsandroni/airflow/dags/example_dags/tutorial.py
[2019-03-19 13:13:54,808] {base_task_runner.py:101} INFO - Job 755: Subtask templated [2019-03-19 13:13:54,808] {cli.py:520} INFO - Running <TaskInstance: tutorial.templated 2016-06-09T00:00:00+00:00 [running]> on host IADAIRP1.globalrs.rack.space
[2019-03-19 13:13:54,828] {bash_operator.py:77} INFO - Tmp dir root location: 
 /tmp
[2019-03-19 13:13:54,828] {bash_operator.py:86} INFO - Exporting the following env vars:
AIRFLOW_CTX_DAG_ID=tutorial
AIRFLOW_CTX_TASK_ID=templated
AIRFLOW_CTX_EXECUTION_DATE=2016-06-09T00:00:00+00:00
AIRFLOW_CTX_DAG_RUN_ID=scheduled__2016-06-09T00:00:00+00:00
[2019-03-19 13:13:54,828] {bash_operator.py:100} INFO - Temporary script location: /tmp/airflowtmpayiwt4y3/templated2kuca2kg
[2019-03-19 13:13:54,828] {bash_operator.py:110} INFO - Running command: 

    echo "2016-06-09"
    echo "2016-06-16"
    echo "Parameter I passed in"

    echo "2016-06-09"
    echo "2016-06-16"
    echo "Parameter I passed in"

    echo "2016-06-09"
    echo "2016-06-16"
    echo "Parameter I passed in"

    echo "2016-06-09"
    echo "2016-06-16"
    echo "Parameter I passed in"

    echo "2016-06-09"
    echo "2016-06-16"
    echo "Parameter I passed in"

[2019-03-19 13:13:54,838] {bash_operator.py:119} INFO - Output:
[2019-03-19 13:13:54,839] {bash_operator.py:123} INFO - 2016-06-09
[2019-03-19 13:13:54,839] {bash_operator.py:123} INFO - 2016-06-16
[2019-03-19 13:13:54,839] {bash_operator.py:123} INFO - Parameter I passed in
[2019-03-19 13:13:54,839] {bash_operator.py:123} INFO - 2016-06-09
[2019-03-19 13:13:54,839] {bash_operator.py:123} INFO - 2016-06-16
[2019-03-19 13:13:54,839] {bash_operator.py:123} INFO - Parameter I passed in
[2019-03-19 13:13:54,839] {bash_operator.py:123} INFO - 2016-06-09
[2019-03-19 13:13:54,839] {bash_operator.py:123} INFO - 2016-06-16
[2019-03-19 13:13:54,839] {bash_operator.py:123} INFO - Parameter I passed in
[2019-03-19 13:13:54,839] {bash_operator.py:123} INFO - 2016-06-09
[2019-03-19 13:13:54,839] {bash_operator.py:123} INFO - 2016-06-16
[2019-03-19 13:13:54,839] {bash_operator.py:123} INFO - Parameter I passed in
[2019-03-19 13:13:54,839] {bash_operator.py:123} INFO - 2016-06-09
[2019-03-19 13:13:54,839] {bash_operator.py:123} INFO - 2016-06-16
[2019-03-19 13:13:54,839] {bash_operator.py:123} INFO - Parameter I passed in
[2019-03-19 13:13:54,839] {bash_operator.py:127} INFO - Command exited with return code 0
[2019-03-19 13:13:58,655] {logging_mixin.py:95} INFO - [2019-03-19 13:13:58,654] {jobs.py:2527} INFO - Task exited with return code 0
