[2019-03-22 02:57:34,274] {models.py:1359} INFO - Dependencies all met for <TaskInstance: tutorial.templated 2018-11-04T00:00:00+00:00 [queued]>
[2019-03-22 02:57:34,279] {models.py:1359} INFO - Dependencies all met for <TaskInstance: tutorial.templated 2018-11-04T00:00:00+00:00 [queued]>
[2019-03-22 02:57:34,280] {models.py:1571} INFO - 
--------------------------------------------------------------------------------
Starting attempt 1 of 2
--------------------------------------------------------------------------------

[2019-03-22 02:57:34,308] {models.py:1593} INFO - Executing <Task(BashOperator): templated> on 2018-11-04T00:00:00+00:00
[2019-03-22 02:57:34,308] {base_task_runner.py:118} INFO - Running: ['bash', '-c', 'airflow run tutorial templated 2018-11-04T00:00:00+00:00 --job_id 2579 --raw -sd DAGS_FOLDER/example_dags/tutorial.py --cfg_path /tmp/tmp_scs4fr4']
[2019-03-22 02:57:34,956] {base_task_runner.py:101} INFO - Job 2579: Subtask templated [2019-03-22 02:57:34,955] {__init__.py:51} INFO - Using executor SequentialExecutor
[2019-03-22 02:57:35,192] {base_task_runner.py:101} INFO - Job 2579: Subtask templated [2019-03-22 02:57:35,191] {models.py:273} INFO - Filling up the DagBag from /home/rsandroni/airflow/dags/example_dags/tutorial.py
[2019-03-22 02:57:35,257] {base_task_runner.py:101} INFO - Job 2579: Subtask templated [2019-03-22 02:57:35,257] {cli.py:520} INFO - Running <TaskInstance: tutorial.templated 2018-11-04T00:00:00+00:00 [running]> on host IADAIRP1.globalrs.rack.space
[2019-03-22 02:57:35,275] {bash_operator.py:77} INFO - Tmp dir root location: 
 /tmp
[2019-03-22 02:57:35,275] {bash_operator.py:86} INFO - Exporting the following env vars:
AIRFLOW_CTX_DAG_ID=tutorial
AIRFLOW_CTX_TASK_ID=templated
AIRFLOW_CTX_EXECUTION_DATE=2018-11-04T00:00:00+00:00
AIRFLOW_CTX_DAG_RUN_ID=scheduled__2018-11-04T00:00:00+00:00
[2019-03-22 02:57:35,276] {bash_operator.py:100} INFO - Temporary script location: /tmp/airflowtmput0qybe5/templatedip490n8w
[2019-03-22 02:57:35,276] {bash_operator.py:110} INFO - Running command: 

    echo "2018-11-04"
    echo "2018-11-11"
    echo "Parameter I passed in"

    echo "2018-11-04"
    echo "2018-11-11"
    echo "Parameter I passed in"

    echo "2018-11-04"
    echo "2018-11-11"
    echo "Parameter I passed in"

    echo "2018-11-04"
    echo "2018-11-11"
    echo "Parameter I passed in"

    echo "2018-11-04"
    echo "2018-11-11"
    echo "Parameter I passed in"

[2019-03-22 02:57:35,281] {bash_operator.py:119} INFO - Output:
[2019-03-22 02:57:35,282] {bash_operator.py:123} INFO - 2018-11-04
[2019-03-22 02:57:35,283] {bash_operator.py:123} INFO - 2018-11-11
[2019-03-22 02:57:35,283] {bash_operator.py:123} INFO - Parameter I passed in
[2019-03-22 02:57:35,283] {bash_operator.py:123} INFO - 2018-11-04
[2019-03-22 02:57:35,283] {bash_operator.py:123} INFO - 2018-11-11
[2019-03-22 02:57:35,283] {bash_operator.py:123} INFO - Parameter I passed in
[2019-03-22 02:57:35,283] {bash_operator.py:123} INFO - 2018-11-04
[2019-03-22 02:57:35,283] {bash_operator.py:123} INFO - 2018-11-11
[2019-03-22 02:57:35,283] {bash_operator.py:123} INFO - Parameter I passed in
[2019-03-22 02:57:35,283] {bash_operator.py:123} INFO - 2018-11-04
[2019-03-22 02:57:35,283] {bash_operator.py:123} INFO - 2018-11-11
[2019-03-22 02:57:35,283] {bash_operator.py:123} INFO - Parameter I passed in
[2019-03-22 02:57:35,283] {bash_operator.py:123} INFO - 2018-11-04
[2019-03-22 02:57:35,283] {bash_operator.py:123} INFO - 2018-11-11
[2019-03-22 02:57:35,283] {bash_operator.py:123} INFO - Parameter I passed in
[2019-03-22 02:57:35,283] {bash_operator.py:127} INFO - Command exited with return code 0
[2019-03-22 02:57:39,289] {logging_mixin.py:95} INFO - [2019-03-22 02:57:39,287] {jobs.py:2527} INFO - Task exited with return code 0
