[2019-03-22 03:47:52,063] {models.py:1359} INFO - Dependencies all met for <TaskInstance: tutorial.templated 2018-12-12T00:00:00+00:00 [queued]>
[2019-03-22 03:47:52,068] {models.py:1359} INFO - Dependencies all met for <TaskInstance: tutorial.templated 2018-12-12T00:00:00+00:00 [queued]>
[2019-03-22 03:47:52,069] {models.py:1571} INFO - 
--------------------------------------------------------------------------------
Starting attempt 1 of 2
--------------------------------------------------------------------------------

[2019-03-22 03:47:52,139] {models.py:1593} INFO - Executing <Task(BashOperator): templated> on 2018-12-12T00:00:00+00:00
[2019-03-22 03:47:52,139] {base_task_runner.py:118} INFO - Running: ['bash', '-c', 'airflow run tutorial templated 2018-12-12T00:00:00+00:00 --job_id 2655 --raw -sd DAGS_FOLDER/example_dags/tutorial.py --cfg_path /tmp/tmpfk_ihwjn']
[2019-03-22 03:47:53,455] {base_task_runner.py:101} INFO - Job 2655: Subtask templated [2019-03-22 03:47:53,446] {__init__.py:51} INFO - Using executor SequentialExecutor
[2019-03-22 03:47:54,101] {base_task_runner.py:101} INFO - Job 2655: Subtask templated [2019-03-22 03:47:54,092] {models.py:273} INFO - Filling up the DagBag from /home/rsandroni/airflow/dags/example_dags/tutorial.py
[2019-03-22 03:47:54,271] {base_task_runner.py:101} INFO - Job 2655: Subtask templated [2019-03-22 03:47:54,265] {cli.py:520} INFO - Running <TaskInstance: tutorial.templated 2018-12-12T00:00:00+00:00 [running]> on host IADAIRP1.globalrs.rack.space
[2019-03-22 03:47:54,313] {bash_operator.py:77} INFO - Tmp dir root location: 
 /tmp
[2019-03-22 03:47:54,313] {bash_operator.py:86} INFO - Exporting the following env vars:
AIRFLOW_CTX_DAG_ID=tutorial
AIRFLOW_CTX_TASK_ID=templated
AIRFLOW_CTX_EXECUTION_DATE=2018-12-12T00:00:00+00:00
AIRFLOW_CTX_DAG_RUN_ID=scheduled__2018-12-12T00:00:00+00:00
[2019-03-22 03:47:54,314] {bash_operator.py:100} INFO - Temporary script location: /tmp/airflowtmpqgl06cyo/templatedq225wsls
[2019-03-22 03:47:54,314] {bash_operator.py:110} INFO - Running command: 

    echo "2018-12-12"
    echo "2018-12-19"
    echo "Parameter I passed in"

    echo "2018-12-12"
    echo "2018-12-19"
    echo "Parameter I passed in"

    echo "2018-12-12"
    echo "2018-12-19"
    echo "Parameter I passed in"

    echo "2018-12-12"
    echo "2018-12-19"
    echo "Parameter I passed in"

    echo "2018-12-12"
    echo "2018-12-19"
    echo "Parameter I passed in"

[2019-03-22 03:47:54,356] {bash_operator.py:119} INFO - Output:
[2019-03-22 03:47:54,356] {bash_operator.py:123} INFO - 2018-12-12
[2019-03-22 03:47:54,356] {bash_operator.py:123} INFO - 2018-12-19
[2019-03-22 03:47:54,356] {bash_operator.py:123} INFO - Parameter I passed in
[2019-03-22 03:47:54,356] {bash_operator.py:123} INFO - 2018-12-12
[2019-03-22 03:47:54,356] {bash_operator.py:123} INFO - 2018-12-19
[2019-03-22 03:47:54,356] {bash_operator.py:123} INFO - Parameter I passed in
[2019-03-22 03:47:54,356] {bash_operator.py:123} INFO - 2018-12-12
[2019-03-22 03:47:54,356] {bash_operator.py:123} INFO - 2018-12-19
[2019-03-22 03:47:54,356] {bash_operator.py:123} INFO - Parameter I passed in
[2019-03-22 03:47:54,356] {bash_operator.py:123} INFO - 2018-12-12
[2019-03-22 03:47:54,356] {bash_operator.py:123} INFO - 2018-12-19
[2019-03-22 03:47:54,357] {bash_operator.py:123} INFO - Parameter I passed in
[2019-03-22 03:47:54,357] {bash_operator.py:123} INFO - 2018-12-12
[2019-03-22 03:47:54,357] {bash_operator.py:123} INFO - 2018-12-19
[2019-03-22 03:47:54,357] {bash_operator.py:123} INFO - Parameter I passed in
[2019-03-22 03:47:54,357] {bash_operator.py:127} INFO - Command exited with return code 0
[2019-03-22 03:47:57,070] {logging_mixin.py:95} INFO - [2019-03-22 03:47:57,069] {jobs.py:2527} INFO - Task exited with return code 0
