[2019-03-19 12:00:09,421] {models.py:1359} INFO - Dependencies all met for <TaskInstance: tutorial.templated 2016-01-05T00:00:00+00:00 [queued]>
[2019-03-19 12:00:09,425] {models.py:1359} INFO - Dependencies all met for <TaskInstance: tutorial.templated 2016-01-05T00:00:00+00:00 [queued]>
[2019-03-19 12:00:09,425] {models.py:1571} INFO - 
--------------------------------------------------------------------------------
Starting attempt 1 of 2
--------------------------------------------------------------------------------

[2019-03-19 12:00:09,440] {models.py:1593} INFO - Executing <Task(BashOperator): templated> on 2016-01-05T00:00:00+00:00
[2019-03-19 12:00:09,440] {base_task_runner.py:118} INFO - Running: ['bash', '-c', 'airflow run tutorial templated 2016-01-05T00:00:00+00:00 --job_id 443 --raw -sd DAGS_FOLDER/example_dags/tutorial.py --cfg_path /tmp/tmpou9ej83b']
[2019-03-19 12:00:10,061] {base_task_runner.py:101} INFO - Job 443: Subtask templated [2019-03-19 12:00:10,061] {__init__.py:51} INFO - Using executor SequentialExecutor
[2019-03-19 12:00:10,292] {base_task_runner.py:101} INFO - Job 443: Subtask templated [2019-03-19 12:00:10,291] {models.py:273} INFO - Filling up the DagBag from /home/rsandroni/airflow/dags/example_dags/tutorial.py
[2019-03-19 12:00:10,333] {base_task_runner.py:101} INFO - Job 443: Subtask templated [2019-03-19 12:00:10,332] {cli.py:520} INFO - Running <TaskInstance: tutorial.templated 2016-01-05T00:00:00+00:00 [running]> on host IADAIRP1.globalrs.rack.space
[2019-03-19 12:00:10,351] {bash_operator.py:77} INFO - Tmp dir root location: 
 /tmp
[2019-03-19 12:00:10,352] {bash_operator.py:86} INFO - Exporting the following env vars:
AIRFLOW_CTX_DAG_ID=tutorial
AIRFLOW_CTX_TASK_ID=templated
AIRFLOW_CTX_EXECUTION_DATE=2016-01-05T00:00:00+00:00
AIRFLOW_CTX_DAG_RUN_ID=scheduled__2016-01-05T00:00:00+00:00
[2019-03-19 12:00:10,352] {bash_operator.py:100} INFO - Temporary script location: /tmp/airflowtmpwkh8i_te/templatedawenpql8
[2019-03-19 12:00:10,352] {bash_operator.py:110} INFO - Running command: 

    echo "2016-01-05"
    echo "2016-01-12"
    echo "Parameter I passed in"

    echo "2016-01-05"
    echo "2016-01-12"
    echo "Parameter I passed in"

    echo "2016-01-05"
    echo "2016-01-12"
    echo "Parameter I passed in"

    echo "2016-01-05"
    echo "2016-01-12"
    echo "Parameter I passed in"

    echo "2016-01-05"
    echo "2016-01-12"
    echo "Parameter I passed in"

[2019-03-19 12:00:10,357] {bash_operator.py:119} INFO - Output:
[2019-03-19 12:00:10,359] {bash_operator.py:123} INFO - 2016-01-05
[2019-03-19 12:00:10,359] {bash_operator.py:123} INFO - 2016-01-12
[2019-03-19 12:00:10,359] {bash_operator.py:123} INFO - Parameter I passed in
[2019-03-19 12:00:10,359] {bash_operator.py:123} INFO - 2016-01-05
[2019-03-19 12:00:10,359] {bash_operator.py:123} INFO - 2016-01-12
[2019-03-19 12:00:10,359] {bash_operator.py:123} INFO - Parameter I passed in
[2019-03-19 12:00:10,359] {bash_operator.py:123} INFO - 2016-01-05
[2019-03-19 12:00:10,359] {bash_operator.py:123} INFO - 2016-01-12
[2019-03-19 12:00:10,359] {bash_operator.py:123} INFO - Parameter I passed in
[2019-03-19 12:00:10,359] {bash_operator.py:123} INFO - 2016-01-05
[2019-03-19 12:00:10,359] {bash_operator.py:123} INFO - 2016-01-12
[2019-03-19 12:00:10,359] {bash_operator.py:123} INFO - Parameter I passed in
[2019-03-19 12:00:10,359] {bash_operator.py:123} INFO - 2016-01-05
[2019-03-19 12:00:10,359] {bash_operator.py:123} INFO - 2016-01-12
[2019-03-19 12:00:10,359] {bash_operator.py:123} INFO - Parameter I passed in
[2019-03-19 12:00:10,359] {bash_operator.py:127} INFO - Command exited with return code 0
[2019-03-19 12:00:14,421] {logging_mixin.py:95} INFO - [2019-03-19 12:00:14,421] {jobs.py:2527} INFO - Task exited with return code 0
