[2019-03-21 17:09:04,477] {models.py:1359} INFO - Dependencies all met for <TaskInstance: tutorial.print_date 2017-06-11T00:00:00+00:00 [queued]>
[2019-03-21 17:09:04,480] {models.py:1359} INFO - Dependencies all met for <TaskInstance: tutorial.print_date 2017-06-11T00:00:00+00:00 [queued]>
[2019-03-21 17:09:04,480] {models.py:1571} INFO - 
--------------------------------------------------------------------------------
Starting attempt 1 of 2
--------------------------------------------------------------------------------

[2019-03-21 17:09:04,499] {models.py:1593} INFO - Executing <Task(BashOperator): print_date> on 2017-06-11T00:00:00+00:00
[2019-03-21 17:09:04,499] {base_task_runner.py:118} INFO - Running: ['bash', '-c', 'airflow run tutorial print_date 2017-06-11T00:00:00+00:00 --job_id 1503 --raw -sd DAGS_FOLDER/tutorial.py --cfg_path /tmp/tmp5jogas5i']
[2019-03-21 17:09:05,138] {base_task_runner.py:101} INFO - Job 1503: Subtask print_date [2019-03-21 17:09:05,137] {__init__.py:51} INFO - Using executor SequentialExecutor
[2019-03-21 17:09:05,371] {base_task_runner.py:101} INFO - Job 1503: Subtask print_date [2019-03-21 17:09:05,370] {models.py:273} INFO - Filling up the DagBag from /home/rsandroni/airflow/dags/tutorial.py
[2019-03-21 17:09:05,387] {base_task_runner.py:101} INFO - Job 1503: Subtask print_date [2019-03-21 17:09:05,387] {cli.py:520} INFO - Running <TaskInstance: tutorial.print_date 2017-06-11T00:00:00+00:00 [running]> on host IADAIRP1.globalrs.rack.space
[2019-03-21 17:09:05,400] {bash_operator.py:77} INFO - Tmp dir root location: 
 /tmp
[2019-03-21 17:09:05,401] {bash_operator.py:86} INFO - Exporting the following env vars:
AIRFLOW_CTX_DAG_ID=tutorial
AIRFLOW_CTX_TASK_ID=print_date
AIRFLOW_CTX_EXECUTION_DATE=2017-06-11T00:00:00+00:00
AIRFLOW_CTX_DAG_RUN_ID=scheduled__2017-06-11T00:00:00+00:00
[2019-03-21 17:09:05,401] {bash_operator.py:100} INFO - Temporary script location: /tmp/airflowtmpyozq7z7k/print_datevp803jr_
[2019-03-21 17:09:05,401] {bash_operator.py:110} INFO - Running command: date
[2019-03-21 17:09:05,407] {bash_operator.py:119} INFO - Output:
[2019-03-21 17:09:05,408] {bash_operator.py:123} INFO - Qui Mar 21 17:09:05 -03 2019
[2019-03-21 17:09:05,409] {bash_operator.py:127} INFO - Command exited with return code 0
[2019-03-21 17:09:09,477] {logging_mixin.py:95} INFO - [2019-03-21 17:09:09,476] {jobs.py:2527} INFO - Task exited with return code 0
