[2019-03-19 13:18:59,596] {models.py:1359} INFO - Dependencies all met for <TaskInstance: tutorial.print_date 2016-06-20T00:00:00+00:00 [queued]>
[2019-03-19 13:18:59,598] {models.py:1359} INFO - Dependencies all met for <TaskInstance: tutorial.print_date 2016-06-20T00:00:00+00:00 [queued]>
[2019-03-19 13:18:59,599] {models.py:1571} INFO - 
--------------------------------------------------------------------------------
Starting attempt 1 of 2
--------------------------------------------------------------------------------

[2019-03-19 13:18:59,660] {models.py:1593} INFO - Executing <Task(BashOperator): print_date> on 2016-06-20T00:00:00+00:00
[2019-03-19 13:18:59,660] {base_task_runner.py:118} INFO - Running: ['bash', '-c', 'airflow run tutorial print_date 2016-06-20T00:00:00+00:00 --job_id 775 --raw -sd DAGS_FOLDER/tutorial.py --cfg_path /tmp/tmpz4ee1i6t']
[2019-03-19 13:19:01,513] {base_task_runner.py:101} INFO - Job 775: Subtask print_date [2019-03-19 13:19:01,513] {__init__.py:51} INFO - Using executor SequentialExecutor
[2019-03-19 13:19:02,132] {base_task_runner.py:101} INFO - Job 775: Subtask print_date [2019-03-19 13:19:02,125] {models.py:273} INFO - Filling up the DagBag from /home/rsandroni/airflow/dags/tutorial.py
[2019-03-19 13:19:02,172] {base_task_runner.py:101} INFO - Job 775: Subtask print_date [2019-03-19 13:19:02,159] {cli.py:520} INFO - Running <TaskInstance: tutorial.print_date 2016-06-20T00:00:00+00:00 [running]> on host IADAIRP1.globalrs.rack.space
[2019-03-19 13:19:02,203] {bash_operator.py:77} INFO - Tmp dir root location: 
 /tmp
[2019-03-19 13:19:02,203] {bash_operator.py:86} INFO - Exporting the following env vars:
AIRFLOW_CTX_DAG_ID=tutorial
AIRFLOW_CTX_TASK_ID=print_date
AIRFLOW_CTX_EXECUTION_DATE=2016-06-20T00:00:00+00:00
AIRFLOW_CTX_DAG_RUN_ID=scheduled__2016-06-20T00:00:00+00:00
[2019-03-19 13:19:02,203] {bash_operator.py:100} INFO - Temporary script location: /tmp/airflowtmphkcsdlu6/print_datejr0n0lat
[2019-03-19 13:19:02,203] {bash_operator.py:110} INFO - Running command: date
[2019-03-19 13:19:02,257] {bash_operator.py:119} INFO - Output:
[2019-03-19 13:19:02,279] {bash_operator.py:123} INFO - Ter Mar 19 13:19:02 -03 2019
[2019-03-19 13:19:02,287] {bash_operator.py:127} INFO - Command exited with return code 0
[2019-03-19 13:19:04,593] {logging_mixin.py:95} INFO - [2019-03-19 13:19:04,593] {jobs.py:2527} INFO - Task exited with return code 0
