[2019-03-21 18:16:58,588] {models.py:1359} INFO - Dependencies all met for <TaskInstance: tutorial.templated 2017-09-28T00:00:00+00:00 [queued]>
[2019-03-21 18:16:58,592] {models.py:1359} INFO - Dependencies all met for <TaskInstance: tutorial.templated 2017-09-28T00:00:00+00:00 [queued]>
[2019-03-21 18:16:58,593] {models.py:1571} INFO - 
--------------------------------------------------------------------------------
Starting attempt 1 of 2
--------------------------------------------------------------------------------

[2019-03-21 18:16:58,607] {models.py:1593} INFO - Executing <Task(BashOperator): templated> on 2017-09-28T00:00:00+00:00
[2019-03-21 18:16:58,607] {base_task_runner.py:118} INFO - Running: ['bash', '-c', 'airflow run tutorial templated 2017-09-28T00:00:00+00:00 --job_id 1775 --raw -sd DAGS_FOLDER/example_dags/tutorial.py --cfg_path /tmp/tmpw7rqzu_4']
[2019-03-21 18:16:59,241] {base_task_runner.py:101} INFO - Job 1775: Subtask templated [2019-03-21 18:16:59,240] {__init__.py:51} INFO - Using executor SequentialExecutor
[2019-03-21 18:16:59,472] {base_task_runner.py:101} INFO - Job 1775: Subtask templated [2019-03-21 18:16:59,471] {models.py:273} INFO - Filling up the DagBag from /home/rsandroni/airflow/dags/example_dags/tutorial.py
[2019-03-21 18:16:59,536] {base_task_runner.py:101} INFO - Job 1775: Subtask templated [2019-03-21 18:16:59,536] {cli.py:520} INFO - Running <TaskInstance: tutorial.templated 2017-09-28T00:00:00+00:00 [running]> on host IADAIRP1.globalrs.rack.space
[2019-03-21 18:16:59,553] {bash_operator.py:77} INFO - Tmp dir root location: 
 /tmp
[2019-03-21 18:16:59,553] {bash_operator.py:86} INFO - Exporting the following env vars:
AIRFLOW_CTX_DAG_ID=tutorial
AIRFLOW_CTX_TASK_ID=templated
AIRFLOW_CTX_EXECUTION_DATE=2017-09-28T00:00:00+00:00
AIRFLOW_CTX_DAG_RUN_ID=scheduled__2017-09-28T00:00:00+00:00
[2019-03-21 18:16:59,553] {bash_operator.py:100} INFO - Temporary script location: /tmp/airflowtmp5ljfckyu/templatedwuyuc9y4
[2019-03-21 18:16:59,554] {bash_operator.py:110} INFO - Running command: 

    echo "2017-09-28"
    echo "2017-10-05"
    echo "Parameter I passed in"

    echo "2017-09-28"
    echo "2017-10-05"
    echo "Parameter I passed in"

    echo "2017-09-28"
    echo "2017-10-05"
    echo "Parameter I passed in"

    echo "2017-09-28"
    echo "2017-10-05"
    echo "Parameter I passed in"

    echo "2017-09-28"
    echo "2017-10-05"
    echo "Parameter I passed in"

[2019-03-21 18:16:59,559] {bash_operator.py:119} INFO - Output:
[2019-03-21 18:16:59,560] {bash_operator.py:123} INFO - 2017-09-28
[2019-03-21 18:16:59,560] {bash_operator.py:123} INFO - 2017-10-05
[2019-03-21 18:16:59,560] {bash_operator.py:123} INFO - Parameter I passed in
[2019-03-21 18:16:59,560] {bash_operator.py:123} INFO - 2017-09-28
[2019-03-21 18:16:59,560] {bash_operator.py:123} INFO - 2017-10-05
[2019-03-21 18:16:59,561] {bash_operator.py:123} INFO - Parameter I passed in
[2019-03-21 18:16:59,561] {bash_operator.py:123} INFO - 2017-09-28
[2019-03-21 18:16:59,561] {bash_operator.py:123} INFO - 2017-10-05
[2019-03-21 18:16:59,561] {bash_operator.py:123} INFO - Parameter I passed in
[2019-03-21 18:16:59,561] {bash_operator.py:123} INFO - 2017-09-28
[2019-03-21 18:16:59,561] {bash_operator.py:123} INFO - 2017-10-05
[2019-03-21 18:16:59,561] {bash_operator.py:123} INFO - Parameter I passed in
[2019-03-21 18:16:59,561] {bash_operator.py:123} INFO - 2017-09-28
[2019-03-21 18:16:59,561] {bash_operator.py:123} INFO - 2017-10-05
[2019-03-21 18:16:59,561] {bash_operator.py:123} INFO - Parameter I passed in
[2019-03-21 18:16:59,561] {bash_operator.py:127} INFO - Command exited with return code 0
[2019-03-21 18:17:03,586] {logging_mixin.py:95} INFO - [2019-03-21 18:17:03,585] {jobs.py:2527} INFO - Task exited with return code 0
