[2019-03-21 21:11:51,539] {models.py:1359} INFO - Dependencies all met for <TaskInstance: tutorial.print_date 2018-02-15T00:00:00+00:00 [queued]>
[2019-03-21 21:11:51,542] {models.py:1359} INFO - Dependencies all met for <TaskInstance: tutorial.print_date 2018-02-15T00:00:00+00:00 [queued]>
[2019-03-21 21:11:51,542] {models.py:1571} INFO - 
--------------------------------------------------------------------------------
Starting attempt 1 of 2
--------------------------------------------------------------------------------

[2019-03-21 21:11:51,558] {models.py:1593} INFO - Executing <Task(BashOperator): print_date> on 2018-02-15T00:00:00+00:00
[2019-03-21 21:11:51,558] {base_task_runner.py:118} INFO - Running: ['bash', '-c', 'airflow run tutorial print_date 2018-02-15T00:00:00+00:00 --job_id 2053 --raw -sd DAGS_FOLDER/tutorial.py --cfg_path /tmp/tmpg8o6fbg7']
[2019-03-21 21:11:52,191] {base_task_runner.py:101} INFO - Job 2053: Subtask print_date [2019-03-21 21:11:52,190] {__init__.py:51} INFO - Using executor SequentialExecutor
[2019-03-21 21:11:52,419] {base_task_runner.py:101} INFO - Job 2053: Subtask print_date [2019-03-21 21:11:52,418] {models.py:273} INFO - Filling up the DagBag from /home/rsandroni/airflow/dags/tutorial.py
[2019-03-21 21:11:52,433] {base_task_runner.py:101} INFO - Job 2053: Subtask print_date [2019-03-21 21:11:52,433] {cli.py:520} INFO - Running <TaskInstance: tutorial.print_date 2018-02-15T00:00:00+00:00 [running]> on host IADAIRP1.globalrs.rack.space
[2019-03-21 21:11:52,446] {bash_operator.py:77} INFO - Tmp dir root location: 
 /tmp
[2019-03-21 21:11:52,446] {bash_operator.py:86} INFO - Exporting the following env vars:
AIRFLOW_CTX_DAG_ID=tutorial
AIRFLOW_CTX_TASK_ID=print_date
AIRFLOW_CTX_EXECUTION_DATE=2018-02-15T00:00:00+00:00
AIRFLOW_CTX_DAG_RUN_ID=scheduled__2018-02-15T00:00:00+00:00
[2019-03-21 21:11:52,447] {bash_operator.py:100} INFO - Temporary script location: /tmp/airflowtmpnskuo5qf/print_datem69hnglt
[2019-03-21 21:11:52,447] {bash_operator.py:110} INFO - Running command: date
[2019-03-21 21:11:52,452] {bash_operator.py:119} INFO - Output:
[2019-03-21 21:11:52,454] {bash_operator.py:123} INFO - Qui Mar 21 21:11:52 -03 2019
[2019-03-21 21:11:52,454] {bash_operator.py:127} INFO - Command exited with return code 0
[2019-03-21 21:11:56,541] {logging_mixin.py:95} INFO - [2019-03-21 21:11:56,540] {jobs.py:2527} INFO - Task exited with return code 0
