[2019-03-21 23:44:28,070] {models.py:1359} INFO - Dependencies all met for <TaskInstance: tutorial.templated 2018-06-11T00:00:00+00:00 [queued]>
[2019-03-21 23:44:28,074] {models.py:1359} INFO - Dependencies all met for <TaskInstance: tutorial.templated 2018-06-11T00:00:00+00:00 [queued]>
[2019-03-21 23:44:28,075] {models.py:1571} INFO - 
--------------------------------------------------------------------------------
Starting attempt 1 of 2
--------------------------------------------------------------------------------

[2019-03-21 23:44:28,094] {models.py:1593} INFO - Executing <Task(BashOperator): templated> on 2018-06-11T00:00:00+00:00
[2019-03-21 23:44:28,095] {base_task_runner.py:118} INFO - Running: ['bash', '-c', 'airflow run tutorial templated 2018-06-11T00:00:00+00:00 --job_id 2287 --raw -sd DAGS_FOLDER/example_dags/tutorial.py --cfg_path /tmp/tmpuq8h1_ua']
[2019-03-21 23:44:28,726] {base_task_runner.py:101} INFO - Job 2287: Subtask templated [2019-03-21 23:44:28,725] {__init__.py:51} INFO - Using executor SequentialExecutor
[2019-03-21 23:44:28,956] {base_task_runner.py:101} INFO - Job 2287: Subtask templated [2019-03-21 23:44:28,955] {models.py:273} INFO - Filling up the DagBag from /home/rsandroni/airflow/dags/example_dags/tutorial.py
[2019-03-21 23:44:29,018] {base_task_runner.py:101} INFO - Job 2287: Subtask templated [2019-03-21 23:44:29,018] {cli.py:520} INFO - Running <TaskInstance: tutorial.templated 2018-06-11T00:00:00+00:00 [running]> on host IADAIRP1.globalrs.rack.space
[2019-03-21 23:44:29,034] {bash_operator.py:77} INFO - Tmp dir root location: 
 /tmp
[2019-03-21 23:44:29,035] {bash_operator.py:86} INFO - Exporting the following env vars:
AIRFLOW_CTX_DAG_ID=tutorial
AIRFLOW_CTX_TASK_ID=templated
AIRFLOW_CTX_EXECUTION_DATE=2018-06-11T00:00:00+00:00
AIRFLOW_CTX_DAG_RUN_ID=scheduled__2018-06-11T00:00:00+00:00
[2019-03-21 23:44:29,035] {bash_operator.py:100} INFO - Temporary script location: /tmp/airflowtmpdea442x6/templateddlf5t69z
[2019-03-21 23:44:29,035] {bash_operator.py:110} INFO - Running command: 

    echo "2018-06-11"
    echo "2018-06-18"
    echo "Parameter I passed in"

    echo "2018-06-11"
    echo "2018-06-18"
    echo "Parameter I passed in"

    echo "2018-06-11"
    echo "2018-06-18"
    echo "Parameter I passed in"

    echo "2018-06-11"
    echo "2018-06-18"
    echo "Parameter I passed in"

    echo "2018-06-11"
    echo "2018-06-18"
    echo "Parameter I passed in"

[2019-03-21 23:44:29,041] {bash_operator.py:119} INFO - Output:
[2019-03-21 23:44:29,042] {bash_operator.py:123} INFO - 2018-06-11
[2019-03-21 23:44:29,042] {bash_operator.py:123} INFO - 2018-06-18
[2019-03-21 23:44:29,042] {bash_operator.py:123} INFO - Parameter I passed in
[2019-03-21 23:44:29,042] {bash_operator.py:123} INFO - 2018-06-11
[2019-03-21 23:44:29,042] {bash_operator.py:123} INFO - 2018-06-18
[2019-03-21 23:44:29,042] {bash_operator.py:123} INFO - Parameter I passed in
[2019-03-21 23:44:29,042] {bash_operator.py:123} INFO - 2018-06-11
[2019-03-21 23:44:29,042] {bash_operator.py:123} INFO - 2018-06-18
[2019-03-21 23:44:29,042] {bash_operator.py:123} INFO - Parameter I passed in
[2019-03-21 23:44:29,042] {bash_operator.py:123} INFO - 2018-06-11
[2019-03-21 23:44:29,042] {bash_operator.py:123} INFO - 2018-06-18
[2019-03-21 23:44:29,042] {bash_operator.py:123} INFO - Parameter I passed in
[2019-03-21 23:44:29,042] {bash_operator.py:123} INFO - 2018-06-11
[2019-03-21 23:44:29,042] {bash_operator.py:123} INFO - 2018-06-18
[2019-03-21 23:44:29,042] {bash_operator.py:123} INFO - Parameter I passed in
[2019-03-21 23:44:29,042] {bash_operator.py:127} INFO - Command exited with return code 0
[2019-03-21 23:44:33,072] {logging_mixin.py:95} INFO - [2019-03-21 23:44:33,071] {jobs.py:2527} INFO - Task exited with return code 0
