[2019-03-19 11:29:03,508] {models.py:1359} INFO - Dependencies all met for <TaskInstance: tutorial.templated 2015-10-25T00:00:00+00:00 [queued]>
[2019-03-19 11:29:03,512] {models.py:1359} INFO - Dependencies all met for <TaskInstance: tutorial.templated 2015-10-25T00:00:00+00:00 [queued]>
[2019-03-19 11:29:03,512] {models.py:1571} INFO - 
--------------------------------------------------------------------------------
Starting attempt 1 of 2
--------------------------------------------------------------------------------

[2019-03-19 11:29:03,525] {models.py:1593} INFO - Executing <Task(BashOperator): templated> on 2015-10-25T00:00:00+00:00
[2019-03-19 11:29:03,525] {base_task_runner.py:118} INFO - Running: ['bash', '-c', 'airflow run tutorial templated 2015-10-25T00:00:00+00:00 --job_id 299 --raw -sd DAGS_FOLDER/example_dags/tutorial.py --cfg_path /tmp/tmpzjpnv6ow']
[2019-03-19 11:29:04,124] {base_task_runner.py:101} INFO - Job 299: Subtask templated [2019-03-19 11:29:04,124] {__init__.py:51} INFO - Using executor SequentialExecutor
[2019-03-19 11:29:04,342] {base_task_runner.py:101} INFO - Job 299: Subtask templated [2019-03-19 11:29:04,341] {models.py:273} INFO - Filling up the DagBag from /home/rsandroni/airflow/dags/example_dags/tutorial.py
[2019-03-19 11:29:04,381] {base_task_runner.py:101} INFO - Job 299: Subtask templated [2019-03-19 11:29:04,381] {cli.py:520} INFO - Running <TaskInstance: tutorial.templated 2015-10-25T00:00:00+00:00 [running]> on host IADAIRP1.globalrs.rack.space
[2019-03-19 11:29:04,397] {bash_operator.py:77} INFO - Tmp dir root location: 
 /tmp
[2019-03-19 11:29:04,397] {bash_operator.py:86} INFO - Exporting the following env vars:
AIRFLOW_CTX_DAG_ID=tutorial
AIRFLOW_CTX_TASK_ID=templated
AIRFLOW_CTX_EXECUTION_DATE=2015-10-25T00:00:00+00:00
AIRFLOW_CTX_DAG_RUN_ID=scheduled__2015-10-25T00:00:00+00:00
[2019-03-19 11:29:04,398] {bash_operator.py:100} INFO - Temporary script location: /tmp/airflowtmp7pvgt682/templatedr8x01gk3
[2019-03-19 11:29:04,398] {bash_operator.py:110} INFO - Running command: 

    echo "2015-10-25"
    echo "2015-11-01"
    echo "Parameter I passed in"

    echo "2015-10-25"
    echo "2015-11-01"
    echo "Parameter I passed in"

    echo "2015-10-25"
    echo "2015-11-01"
    echo "Parameter I passed in"

    echo "2015-10-25"
    echo "2015-11-01"
    echo "Parameter I passed in"

    echo "2015-10-25"
    echo "2015-11-01"
    echo "Parameter I passed in"

[2019-03-19 11:29:04,403] {bash_operator.py:119} INFO - Output:
[2019-03-19 11:29:04,404] {bash_operator.py:123} INFO - 2015-10-25
[2019-03-19 11:29:04,404] {bash_operator.py:123} INFO - 2015-11-01
[2019-03-19 11:29:04,404] {bash_operator.py:123} INFO - Parameter I passed in
[2019-03-19 11:29:04,404] {bash_operator.py:123} INFO - 2015-10-25
[2019-03-19 11:29:04,404] {bash_operator.py:123} INFO - 2015-11-01
[2019-03-19 11:29:04,404] {bash_operator.py:123} INFO - Parameter I passed in
[2019-03-19 11:29:04,404] {bash_operator.py:123} INFO - 2015-10-25
[2019-03-19 11:29:04,405] {bash_operator.py:123} INFO - 2015-11-01
[2019-03-19 11:29:04,405] {bash_operator.py:123} INFO - Parameter I passed in
[2019-03-19 11:29:04,405] {bash_operator.py:123} INFO - 2015-10-25
[2019-03-19 11:29:04,405] {bash_operator.py:123} INFO - 2015-11-01
[2019-03-19 11:29:04,405] {bash_operator.py:123} INFO - Parameter I passed in
[2019-03-19 11:29:04,405] {bash_operator.py:123} INFO - 2015-10-25
[2019-03-19 11:29:04,405] {bash_operator.py:123} INFO - 2015-11-01
[2019-03-19 11:29:04,405] {bash_operator.py:123} INFO - Parameter I passed in
[2019-03-19 11:29:04,405] {bash_operator.py:127} INFO - Command exited with return code 0
[2019-03-19 11:29:08,512] {logging_mixin.py:95} INFO - [2019-03-19 11:29:08,511] {jobs.py:2527} INFO - Task exited with return code 0
