[2019-03-22 01:30:27,406] {models.py:1359} INFO - Dependencies all met for <TaskInstance: tutorial.templated 2018-08-30T00:00:00+00:00 [queued]>
[2019-03-22 01:30:27,414] {models.py:1359} INFO - Dependencies all met for <TaskInstance: tutorial.templated 2018-08-30T00:00:00+00:00 [queued]>
[2019-03-22 01:30:27,414] {models.py:1571} INFO - 
--------------------------------------------------------------------------------
Starting attempt 1 of 2
--------------------------------------------------------------------------------

[2019-03-22 01:30:27,452] {models.py:1593} INFO - Executing <Task(BashOperator): templated> on 2018-08-30T00:00:00+00:00
[2019-03-22 01:30:27,452] {base_task_runner.py:118} INFO - Running: ['bash', '-c', 'airflow run tutorial templated 2018-08-30T00:00:00+00:00 --job_id 2447 --raw -sd DAGS_FOLDER/example_dags/tutorial.py --cfg_path /tmp/tmp5s2_woz4']
[2019-03-22 01:30:28,318] {base_task_runner.py:101} INFO - Job 2447: Subtask templated [2019-03-22 01:30:28,317] {__init__.py:51} INFO - Using executor SequentialExecutor
[2019-03-22 01:30:28,668] {base_task_runner.py:101} INFO - Job 2447: Subtask templated [2019-03-22 01:30:28,667] {models.py:273} INFO - Filling up the DagBag from /home/rsandroni/airflow/dags/example_dags/tutorial.py
[2019-03-22 01:30:28,744] {base_task_runner.py:101} INFO - Job 2447: Subtask templated [2019-03-22 01:30:28,743] {cli.py:520} INFO - Running <TaskInstance: tutorial.templated 2018-08-30T00:00:00+00:00 [running]> on host IADAIRP1.globalrs.rack.space
[2019-03-22 01:30:28,764] {bash_operator.py:77} INFO - Tmp dir root location: 
 /tmp
[2019-03-22 01:30:28,764] {bash_operator.py:86} INFO - Exporting the following env vars:
AIRFLOW_CTX_DAG_ID=tutorial
AIRFLOW_CTX_TASK_ID=templated
AIRFLOW_CTX_EXECUTION_DATE=2018-08-30T00:00:00+00:00
AIRFLOW_CTX_DAG_RUN_ID=scheduled__2018-08-30T00:00:00+00:00
[2019-03-22 01:30:28,765] {bash_operator.py:100} INFO - Temporary script location: /tmp/airflowtmpt9twltch/templated19cv4fap
[2019-03-22 01:30:28,765] {bash_operator.py:110} INFO - Running command: 

    echo "2018-08-30"
    echo "2018-09-06"
    echo "Parameter I passed in"

    echo "2018-08-30"
    echo "2018-09-06"
    echo "Parameter I passed in"

    echo "2018-08-30"
    echo "2018-09-06"
    echo "Parameter I passed in"

    echo "2018-08-30"
    echo "2018-09-06"
    echo "Parameter I passed in"

    echo "2018-08-30"
    echo "2018-09-06"
    echo "Parameter I passed in"

[2019-03-22 01:30:28,771] {bash_operator.py:119} INFO - Output:
[2019-03-22 01:30:28,773] {bash_operator.py:123} INFO - 2018-08-30
[2019-03-22 01:30:28,773] {bash_operator.py:123} INFO - 2018-09-06
[2019-03-22 01:30:28,773] {bash_operator.py:123} INFO - Parameter I passed in
[2019-03-22 01:30:28,773] {bash_operator.py:123} INFO - 2018-08-30
[2019-03-22 01:30:28,773] {bash_operator.py:123} INFO - 2018-09-06
[2019-03-22 01:30:28,773] {bash_operator.py:123} INFO - Parameter I passed in
[2019-03-22 01:30:28,773] {bash_operator.py:123} INFO - 2018-08-30
[2019-03-22 01:30:28,773] {bash_operator.py:123} INFO - 2018-09-06
[2019-03-22 01:30:28,773] {bash_operator.py:123} INFO - Parameter I passed in
[2019-03-22 01:30:28,773] {bash_operator.py:123} INFO - 2018-08-30
[2019-03-22 01:30:28,774] {bash_operator.py:123} INFO - 2018-09-06
[2019-03-22 01:30:28,774] {bash_operator.py:123} INFO - Parameter I passed in
[2019-03-22 01:30:28,774] {bash_operator.py:123} INFO - 2018-08-30
[2019-03-22 01:30:28,774] {bash_operator.py:123} INFO - 2018-09-06
[2019-03-22 01:30:28,774] {bash_operator.py:123} INFO - Parameter I passed in
[2019-03-22 01:30:28,774] {bash_operator.py:127} INFO - Command exited with return code 0
[2019-03-22 01:30:32,373] {logging_mixin.py:95} INFO - [2019-03-22 01:30:32,372] {jobs.py:2527} INFO - Task exited with return code 0
