[2019-03-24 21:04:09,532] {models.py:1359} INFO - Dependencies all met for <TaskInstance: tutorial.sleep 2019-03-24T00:00:00+00:00 [queued]>
[2019-03-24 21:04:09,537] {models.py:1359} INFO - Dependencies all met for <TaskInstance: tutorial.sleep 2019-03-24T00:00:00+00:00 [queued]>
[2019-03-24 21:04:09,537] {models.py:1571} INFO - 
--------------------------------------------------------------------------------
Starting attempt 1 of 2
--------------------------------------------------------------------------------

[2019-03-24 21:04:09,551] {models.py:1593} INFO - Executing <Task(BashOperator): sleep> on 2019-03-24T00:00:00+00:00
[2019-03-24 21:04:09,551] {base_task_runner.py:118} INFO - Running: ['bash', '-c', 'airflow run tutorial sleep 2019-03-24T00:00:00+00:00 --job_id 2864 --raw -sd DAGS_FOLDER/example_dags/tutorial.py --cfg_path /tmp/tmpkgpqrbpe']
[2019-03-24 21:04:10,187] {base_task_runner.py:101} INFO - Job 2864: Subtask sleep [2019-03-24 21:04:10,186] {__init__.py:51} INFO - Using executor SequentialExecutor
[2019-03-24 21:04:10,472] {base_task_runner.py:101} INFO - Job 2864: Subtask sleep [2019-03-24 21:04:10,471] {models.py:273} INFO - Filling up the DagBag from /home/rsandroni/airflow/dags/example_dags/tutorial.py
[2019-03-24 21:04:10,544] {base_task_runner.py:101} INFO - Job 2864: Subtask sleep [2019-03-24 21:04:10,538] {cli.py:520} INFO - Running <TaskInstance: tutorial.sleep 2019-03-24T00:00:00+00:00 [running]> on host IADAIRP1.globalrs.rack.space
[2019-03-24 21:04:10,575] {bash_operator.py:77} INFO - Tmp dir root location: 
 /tmp
[2019-03-24 21:04:10,575] {bash_operator.py:86} INFO - Exporting the following env vars:
AIRFLOW_CTX_DAG_ID=tutorial
AIRFLOW_CTX_TASK_ID=sleep
AIRFLOW_CTX_EXECUTION_DATE=2019-03-24T00:00:00+00:00
AIRFLOW_CTX_DAG_RUN_ID=scheduled__2019-03-24T00:00:00+00:00
[2019-03-24 21:04:10,575] {bash_operator.py:100} INFO - Temporary script location: /tmp/airflowtmp29lidurx/sleepwvct13tf
[2019-03-24 21:04:10,576] {bash_operator.py:110} INFO - Running command: sleep 5
[2019-03-24 21:04:10,584] {bash_operator.py:119} INFO - Output:
[2019-03-24 21:04:15,585] {bash_operator.py:127} INFO - Command exited with return code 0
[2019-03-24 21:04:19,540] {logging_mixin.py:95} INFO - [2019-03-24 21:04:19,539] {jobs.py:2527} INFO - Task exited with return code 0
