[2019-03-22 01:11:43,508] {models.py:1359} INFO - Dependencies all met for <TaskInstance: tutorial.templated 2018-08-15T00:00:00+00:00 [queued]>
[2019-03-22 01:11:43,515] {models.py:1359} INFO - Dependencies all met for <TaskInstance: tutorial.templated 2018-08-15T00:00:00+00:00 [queued]>
[2019-03-22 01:11:43,516] {models.py:1571} INFO - 
--------------------------------------------------------------------------------
Starting attempt 1 of 2
--------------------------------------------------------------------------------

[2019-03-22 01:11:43,557] {models.py:1593} INFO - Executing <Task(BashOperator): templated> on 2018-08-15T00:00:00+00:00
[2019-03-22 01:11:43,558] {base_task_runner.py:118} INFO - Running: ['bash', '-c', 'airflow run tutorial templated 2018-08-15T00:00:00+00:00 --job_id 2418 --raw -sd DAGS_FOLDER/example_dags/tutorial.py --cfg_path /tmp/tmppgp3m8id']
[2019-03-22 01:11:44,305] {base_task_runner.py:101} INFO - Job 2418: Subtask templated [2019-03-22 01:11:44,304] {__init__.py:51} INFO - Using executor SequentialExecutor
[2019-03-22 01:11:44,651] {base_task_runner.py:101} INFO - Job 2418: Subtask templated [2019-03-22 01:11:44,650] {models.py:273} INFO - Filling up the DagBag from /home/rsandroni/airflow/dags/example_dags/tutorial.py
[2019-03-22 01:11:44,790] {base_task_runner.py:101} INFO - Job 2418: Subtask templated [2019-03-22 01:11:44,789] {cli.py:520} INFO - Running <TaskInstance: tutorial.templated 2018-08-15T00:00:00+00:00 [running]> on host IADAIRP1.globalrs.rack.space
[2019-03-22 01:11:44,834] {bash_operator.py:77} INFO - Tmp dir root location: 
 /tmp
[2019-03-22 01:11:44,834] {bash_operator.py:86} INFO - Exporting the following env vars:
AIRFLOW_CTX_DAG_ID=tutorial
AIRFLOW_CTX_TASK_ID=templated
AIRFLOW_CTX_EXECUTION_DATE=2018-08-15T00:00:00+00:00
AIRFLOW_CTX_DAG_RUN_ID=scheduled__2018-08-15T00:00:00+00:00
[2019-03-22 01:11:44,835] {bash_operator.py:100} INFO - Temporary script location: /tmp/airflowtmpn6uxzkcf/templated171ps3q1
[2019-03-22 01:11:44,835] {bash_operator.py:110} INFO - Running command: 

    echo "2018-08-15"
    echo "2018-08-22"
    echo "Parameter I passed in"

    echo "2018-08-15"
    echo "2018-08-22"
    echo "Parameter I passed in"

    echo "2018-08-15"
    echo "2018-08-22"
    echo "Parameter I passed in"

    echo "2018-08-15"
    echo "2018-08-22"
    echo "Parameter I passed in"

    echo "2018-08-15"
    echo "2018-08-22"
    echo "Parameter I passed in"

[2019-03-22 01:11:44,881] {bash_operator.py:119} INFO - Output:
[2019-03-22 01:11:44,883] {bash_operator.py:123} INFO - 2018-08-15
[2019-03-22 01:11:44,883] {bash_operator.py:123} INFO - 2018-08-22
[2019-03-22 01:11:44,883] {bash_operator.py:123} INFO - Parameter I passed in
[2019-03-22 01:11:44,883] {bash_operator.py:123} INFO - 2018-08-15
[2019-03-22 01:11:44,883] {bash_operator.py:123} INFO - 2018-08-22
[2019-03-22 01:11:44,883] {bash_operator.py:123} INFO - Parameter I passed in
[2019-03-22 01:11:44,883] {bash_operator.py:123} INFO - 2018-08-15
[2019-03-22 01:11:44,883] {bash_operator.py:123} INFO - 2018-08-22
[2019-03-22 01:11:44,883] {bash_operator.py:123} INFO - Parameter I passed in
[2019-03-22 01:11:44,883] {bash_operator.py:123} INFO - 2018-08-15
[2019-03-22 01:11:44,884] {bash_operator.py:123} INFO - 2018-08-22
[2019-03-22 01:11:44,884] {bash_operator.py:123} INFO - Parameter I passed in
[2019-03-22 01:11:44,884] {bash_operator.py:123} INFO - 2018-08-15
[2019-03-22 01:11:44,884] {bash_operator.py:123} INFO - 2018-08-22
[2019-03-22 01:11:44,884] {bash_operator.py:123} INFO - Parameter I passed in
[2019-03-22 01:11:44,884] {bash_operator.py:127} INFO - Command exited with return code 0
[2019-03-22 01:11:48,486] {logging_mixin.py:95} INFO - [2019-03-22 01:11:48,485] {jobs.py:2527} INFO - Task exited with return code 0
