[2019-03-19 11:05:50,468] {models.py:1359} INFO - Dependencies all met for <TaskInstance: tutorial.print_date 2015-09-06T00:00:00+00:00 [queued]>
[2019-03-19 11:05:50,469] {models.py:1359} INFO - Dependencies all met for <TaskInstance: tutorial.print_date 2015-09-06T00:00:00+00:00 [queued]>
[2019-03-19 11:05:50,469] {models.py:1571} INFO - 
--------------------------------------------------------------------------------
Starting attempt 1 of 2
--------------------------------------------------------------------------------

[2019-03-19 11:05:50,486] {models.py:1593} INFO - Executing <Task(BashOperator): print_date> on 2015-09-06T00:00:00+00:00
[2019-03-19 11:05:50,486] {base_task_runner.py:118} INFO - Running: ['bash', '-c', 'airflow run tutorial print_date 2015-09-06T00:00:00+00:00 --job_id 200 --raw -sd DAGS_FOLDER/tutorial.py --cfg_path /tmp/tmpej5ek56f']
[2019-03-19 11:05:51,094] {base_task_runner.py:101} INFO - Job 200: Subtask print_date [2019-03-19 11:05:51,093] {__init__.py:51} INFO - Using executor SequentialExecutor
[2019-03-19 11:05:51,312] {base_task_runner.py:101} INFO - Job 200: Subtask print_date [2019-03-19 11:05:51,312] {models.py:273} INFO - Filling up the DagBag from /home/rsandroni/airflow/dags/tutorial.py
[2019-03-19 11:05:51,327] {base_task_runner.py:101} INFO - Job 200: Subtask print_date [2019-03-19 11:05:51,327] {cli.py:520} INFO - Running <TaskInstance: tutorial.print_date 2015-09-06T00:00:00+00:00 [running]> on host IADAIRP1.globalrs.rack.space
[2019-03-19 11:05:51,342] {bash_operator.py:77} INFO - Tmp dir root location: 
 /tmp
[2019-03-19 11:05:51,342] {bash_operator.py:86} INFO - Exporting the following env vars:
AIRFLOW_CTX_DAG_ID=tutorial
AIRFLOW_CTX_TASK_ID=print_date
AIRFLOW_CTX_EXECUTION_DATE=2015-09-06T00:00:00+00:00
AIRFLOW_CTX_DAG_RUN_ID=scheduled__2015-09-06T00:00:00+00:00
[2019-03-19 11:05:51,343] {bash_operator.py:100} INFO - Temporary script location: /tmp/airflowtmpgnttlz87/print_date15tr0kga
[2019-03-19 11:05:51,343] {bash_operator.py:110} INFO - Running command: date
[2019-03-19 11:05:51,348] {bash_operator.py:119} INFO - Output:
[2019-03-19 11:05:51,350] {bash_operator.py:123} INFO - Ter Mar 19 11:05:51 -03 2019
[2019-03-19 11:05:51,350] {bash_operator.py:127} INFO - Command exited with return code 0
[2019-03-19 11:05:55,475] {logging_mixin.py:95} INFO - [2019-03-19 11:05:55,474] {jobs.py:2527} INFO - Task exited with return code 0
