[2019-03-21 18:06:57,123] {models.py:1359} INFO - Dependencies all met for <TaskInstance: tutorial.print_date 2017-09-12T00:00:00+00:00 [queued]>
[2019-03-21 18:06:57,125] {models.py:1359} INFO - Dependencies all met for <TaskInstance: tutorial.print_date 2017-09-12T00:00:00+00:00 [queued]>
[2019-03-21 18:06:57,125] {models.py:1571} INFO - 
--------------------------------------------------------------------------------
Starting attempt 1 of 2
--------------------------------------------------------------------------------

[2019-03-21 18:06:57,143] {models.py:1593} INFO - Executing <Task(BashOperator): print_date> on 2017-09-12T00:00:00+00:00
[2019-03-21 18:06:57,143] {base_task_runner.py:118} INFO - Running: ['bash', '-c', 'airflow run tutorial print_date 2017-09-12T00:00:00+00:00 --job_id 1734 --raw -sd DAGS_FOLDER/tutorial.py --cfg_path /tmp/tmpt8l3v8gr']
[2019-03-21 18:06:57,779] {base_task_runner.py:101} INFO - Job 1734: Subtask print_date [2019-03-21 18:06:57,778] {__init__.py:51} INFO - Using executor SequentialExecutor
[2019-03-21 18:06:58,013] {base_task_runner.py:101} INFO - Job 1734: Subtask print_date [2019-03-21 18:06:58,012] {models.py:273} INFO - Filling up the DagBag from /home/rsandroni/airflow/dags/tutorial.py
[2019-03-21 18:06:58,030] {base_task_runner.py:101} INFO - Job 1734: Subtask print_date [2019-03-21 18:06:58,027] {cli.py:520} INFO - Running <TaskInstance: tutorial.print_date 2017-09-12T00:00:00+00:00 [running]> on host IADAIRP1.globalrs.rack.space
[2019-03-21 18:06:58,040] {bash_operator.py:77} INFO - Tmp dir root location: 
 /tmp
[2019-03-21 18:06:58,040] {bash_operator.py:86} INFO - Exporting the following env vars:
AIRFLOW_CTX_DAG_ID=tutorial
AIRFLOW_CTX_TASK_ID=print_date
AIRFLOW_CTX_EXECUTION_DATE=2017-09-12T00:00:00+00:00
AIRFLOW_CTX_DAG_RUN_ID=scheduled__2017-09-12T00:00:00+00:00
[2019-03-21 18:06:58,041] {bash_operator.py:100} INFO - Temporary script location: /tmp/airflowtmpusp7l037/print_dategyyuee3v
[2019-03-21 18:06:58,041] {bash_operator.py:110} INFO - Running command: date
[2019-03-21 18:06:58,046] {bash_operator.py:119} INFO - Output:
[2019-03-21 18:06:58,049] {bash_operator.py:123} INFO - Qui Mar 21 18:06:58 -03 2019
[2019-03-21 18:06:58,049] {bash_operator.py:127} INFO - Command exited with return code 0
[2019-03-21 18:07:02,126] {logging_mixin.py:95} INFO - [2019-03-21 18:07:02,125] {jobs.py:2527} INFO - Task exited with return code 0
