[2019-03-21 21:32:02,537] {models.py:1359} INFO - Dependencies all met for <TaskInstance: tutorial.templated 2018-03-01T00:00:00+00:00 [queued]>
[2019-03-21 21:32:02,541] {models.py:1359} INFO - Dependencies all met for <TaskInstance: tutorial.templated 2018-03-01T00:00:00+00:00 [queued]>
[2019-03-21 21:32:02,542] {models.py:1571} INFO - 
--------------------------------------------------------------------------------
Starting attempt 1 of 2
--------------------------------------------------------------------------------

[2019-03-21 21:32:02,559] {models.py:1593} INFO - Executing <Task(BashOperator): templated> on 2018-03-01T00:00:00+00:00
[2019-03-21 21:32:02,559] {base_task_runner.py:118} INFO - Running: ['bash', '-c', 'airflow run tutorial templated 2018-03-01T00:00:00+00:00 --job_id 2083 --raw -sd DAGS_FOLDER/example_dags/tutorial.py --cfg_path /tmp/tmp852r3oa7']
[2019-03-21 21:32:03,194] {base_task_runner.py:101} INFO - Job 2083: Subtask templated [2019-03-21 21:32:03,193] {__init__.py:51} INFO - Using executor SequentialExecutor
[2019-03-21 21:32:03,436] {base_task_runner.py:101} INFO - Job 2083: Subtask templated [2019-03-21 21:32:03,436] {models.py:273} INFO - Filling up the DagBag from /home/rsandroni/airflow/dags/example_dags/tutorial.py
[2019-03-21 21:32:03,501] {base_task_runner.py:101} INFO - Job 2083: Subtask templated [2019-03-21 21:32:03,501] {cli.py:520} INFO - Running <TaskInstance: tutorial.templated 2018-03-01T00:00:00+00:00 [running]> on host IADAIRP1.globalrs.rack.space
[2019-03-21 21:32:03,518] {bash_operator.py:77} INFO - Tmp dir root location: 
 /tmp
[2019-03-21 21:32:03,518] {bash_operator.py:86} INFO - Exporting the following env vars:
AIRFLOW_CTX_DAG_ID=tutorial
AIRFLOW_CTX_TASK_ID=templated
AIRFLOW_CTX_EXECUTION_DATE=2018-03-01T00:00:00+00:00
AIRFLOW_CTX_DAG_RUN_ID=scheduled__2018-03-01T00:00:00+00:00
[2019-03-21 21:32:03,519] {bash_operator.py:100} INFO - Temporary script location: /tmp/airflowtmpwfo727z3/templatedqxjdbtyz
[2019-03-21 21:32:03,519] {bash_operator.py:110} INFO - Running command: 

    echo "2018-03-01"
    echo "2018-03-08"
    echo "Parameter I passed in"

    echo "2018-03-01"
    echo "2018-03-08"
    echo "Parameter I passed in"

    echo "2018-03-01"
    echo "2018-03-08"
    echo "Parameter I passed in"

    echo "2018-03-01"
    echo "2018-03-08"
    echo "Parameter I passed in"

    echo "2018-03-01"
    echo "2018-03-08"
    echo "Parameter I passed in"

[2019-03-21 21:32:03,524] {bash_operator.py:119} INFO - Output:
[2019-03-21 21:32:03,525] {bash_operator.py:123} INFO - 2018-03-01
[2019-03-21 21:32:03,525] {bash_operator.py:123} INFO - 2018-03-08
[2019-03-21 21:32:03,525] {bash_operator.py:123} INFO - Parameter I passed in
[2019-03-21 21:32:03,526] {bash_operator.py:123} INFO - 2018-03-01
[2019-03-21 21:32:03,526] {bash_operator.py:123} INFO - 2018-03-08
[2019-03-21 21:32:03,526] {bash_operator.py:123} INFO - Parameter I passed in
[2019-03-21 21:32:03,526] {bash_operator.py:123} INFO - 2018-03-01
[2019-03-21 21:32:03,526] {bash_operator.py:123} INFO - 2018-03-08
[2019-03-21 21:32:03,526] {bash_operator.py:123} INFO - Parameter I passed in
[2019-03-21 21:32:03,526] {bash_operator.py:123} INFO - 2018-03-01
[2019-03-21 21:32:03,526] {bash_operator.py:123} INFO - 2018-03-08
[2019-03-21 21:32:03,526] {bash_operator.py:123} INFO - Parameter I passed in
[2019-03-21 21:32:03,526] {bash_operator.py:123} INFO - 2018-03-01
[2019-03-21 21:32:03,526] {bash_operator.py:123} INFO - 2018-03-08
[2019-03-21 21:32:03,526] {bash_operator.py:123} INFO - Parameter I passed in
[2019-03-21 21:32:03,526] {bash_operator.py:127} INFO - Command exited with return code 0
[2019-03-21 21:32:07,542] {logging_mixin.py:95} INFO - [2019-03-21 21:32:07,541] {jobs.py:2527} INFO - Task exited with return code 0
