[2019-03-22 04:22:10,580] {models.py:1359} INFO - Dependencies all met for <TaskInstance: tutorial.templated 2019-01-07T00:00:00+00:00 [queued]>
[2019-03-22 04:22:10,585] {models.py:1359} INFO - Dependencies all met for <TaskInstance: tutorial.templated 2019-01-07T00:00:00+00:00 [queued]>
[2019-03-22 04:22:10,585] {models.py:1571} INFO - 
--------------------------------------------------------------------------------
Starting attempt 1 of 2
--------------------------------------------------------------------------------

[2019-03-22 04:22:10,601] {models.py:1593} INFO - Executing <Task(BashOperator): templated> on 2019-01-07T00:00:00+00:00
[2019-03-22 04:22:10,601] {base_task_runner.py:118} INFO - Running: ['bash', '-c', 'airflow run tutorial templated 2019-01-07T00:00:00+00:00 --job_id 2707 --raw -sd DAGS_FOLDER/example_dags/tutorial.py --cfg_path /tmp/tmpnpqrbvx7']
[2019-03-22 04:22:11,245] {base_task_runner.py:101} INFO - Job 2707: Subtask templated [2019-03-22 04:22:11,244] {__init__.py:51} INFO - Using executor SequentialExecutor
[2019-03-22 04:22:11,532] {base_task_runner.py:101} INFO - Job 2707: Subtask templated [2019-03-22 04:22:11,530] {models.py:273} INFO - Filling up the DagBag from /home/rsandroni/airflow/dags/example_dags/tutorial.py
[2019-03-22 04:22:11,601] {base_task_runner.py:101} INFO - Job 2707: Subtask templated [2019-03-22 04:22:11,598] {cli.py:520} INFO - Running <TaskInstance: tutorial.templated 2019-01-07T00:00:00+00:00 [running]> on host IADAIRP1.globalrs.rack.space
[2019-03-22 04:22:11,622] {bash_operator.py:77} INFO - Tmp dir root location: 
 /tmp
[2019-03-22 04:22:11,622] {bash_operator.py:86} INFO - Exporting the following env vars:
AIRFLOW_CTX_DAG_ID=tutorial
AIRFLOW_CTX_TASK_ID=templated
AIRFLOW_CTX_EXECUTION_DATE=2019-01-07T00:00:00+00:00
AIRFLOW_CTX_DAG_RUN_ID=scheduled__2019-01-07T00:00:00+00:00
[2019-03-22 04:22:11,623] {bash_operator.py:100} INFO - Temporary script location: /tmp/airflowtmpzs5e38x4/templated8po4x8hv
[2019-03-22 04:22:11,623] {bash_operator.py:110} INFO - Running command: 

    echo "2019-01-07"
    echo "2019-01-14"
    echo "Parameter I passed in"

    echo "2019-01-07"
    echo "2019-01-14"
    echo "Parameter I passed in"

    echo "2019-01-07"
    echo "2019-01-14"
    echo "Parameter I passed in"

    echo "2019-01-07"
    echo "2019-01-14"
    echo "Parameter I passed in"

    echo "2019-01-07"
    echo "2019-01-14"
    echo "Parameter I passed in"

[2019-03-22 04:22:11,629] {bash_operator.py:119} INFO - Output:
[2019-03-22 04:22:11,630] {bash_operator.py:123} INFO - 2019-01-07
[2019-03-22 04:22:11,630] {bash_operator.py:123} INFO - 2019-01-14
[2019-03-22 04:22:11,630] {bash_operator.py:123} INFO - Parameter I passed in
[2019-03-22 04:22:11,631] {bash_operator.py:123} INFO - 2019-01-07
[2019-03-22 04:22:11,631] {bash_operator.py:123} INFO - 2019-01-14
[2019-03-22 04:22:11,631] {bash_operator.py:123} INFO - Parameter I passed in
[2019-03-22 04:22:11,631] {bash_operator.py:123} INFO - 2019-01-07
[2019-03-22 04:22:11,631] {bash_operator.py:123} INFO - 2019-01-14
[2019-03-22 04:22:11,631] {bash_operator.py:123} INFO - Parameter I passed in
[2019-03-22 04:22:11,631] {bash_operator.py:123} INFO - 2019-01-07
[2019-03-22 04:22:11,631] {bash_operator.py:123} INFO - 2019-01-14
[2019-03-22 04:22:11,631] {bash_operator.py:123} INFO - Parameter I passed in
[2019-03-22 04:22:11,631] {bash_operator.py:123} INFO - 2019-01-07
[2019-03-22 04:22:11,631] {bash_operator.py:123} INFO - 2019-01-14
[2019-03-22 04:22:11,631] {bash_operator.py:123} INFO - Parameter I passed in
[2019-03-22 04:22:11,631] {bash_operator.py:127} INFO - Command exited with return code 0
[2019-03-22 04:22:15,651] {logging_mixin.py:95} INFO - [2019-03-22 04:22:15,650] {jobs.py:2527} INFO - Task exited with return code 0
