[2019-03-19 14:46:12,092] {models.py:1359} INFO - Dependencies all met for <TaskInstance: tutorial.print_date 2016-12-20T00:00:00+00:00 [queued]>
[2019-03-19 14:46:12,094] {models.py:1359} INFO - Dependencies all met for <TaskInstance: tutorial.print_date 2016-12-20T00:00:00+00:00 [queued]>
[2019-03-19 14:46:12,094] {models.py:1571} INFO - 
--------------------------------------------------------------------------------
Starting attempt 1 of 2
--------------------------------------------------------------------------------

[2019-03-19 14:46:12,107] {models.py:1593} INFO - Executing <Task(BashOperator): print_date> on 2016-12-20T00:00:00+00:00
[2019-03-19 14:46:12,107] {base_task_runner.py:118} INFO - Running: ['bash', '-c', 'airflow run tutorial print_date 2016-12-20T00:00:00+00:00 --job_id 1141 --raw -sd DAGS_FOLDER/tutorial.py --cfg_path /tmp/tmpug4cfr9w']
[2019-03-19 14:46:12,758] {base_task_runner.py:101} INFO - Job 1141: Subtask print_date [2019-03-19 14:46:12,757] {__init__.py:51} INFO - Using executor SequentialExecutor
[2019-03-19 14:46:13,044] {base_task_runner.py:101} INFO - Job 1141: Subtask print_date [2019-03-19 14:46:13,043] {models.py:273} INFO - Filling up the DagBag from /home/rsandroni/airflow/dags/tutorial.py
[2019-03-19 14:46:13,059] {base_task_runner.py:101} INFO - Job 1141: Subtask print_date [2019-03-19 14:46:13,059] {cli.py:520} INFO - Running <TaskInstance: tutorial.print_date 2016-12-20T00:00:00+00:00 [running]> on host IADAIRP1.globalrs.rack.space
[2019-03-19 14:46:13,072] {bash_operator.py:77} INFO - Tmp dir root location: 
 /tmp
[2019-03-19 14:46:13,072] {bash_operator.py:86} INFO - Exporting the following env vars:
AIRFLOW_CTX_DAG_ID=tutorial
AIRFLOW_CTX_TASK_ID=print_date
AIRFLOW_CTX_EXECUTION_DATE=2016-12-20T00:00:00+00:00
AIRFLOW_CTX_DAG_RUN_ID=scheduled__2016-12-20T00:00:00+00:00
[2019-03-19 14:46:13,072] {bash_operator.py:100} INFO - Temporary script location: /tmp/airflowtmpyzfum536/print_datewpagxf_r
[2019-03-19 14:46:13,072] {bash_operator.py:110} INFO - Running command: date
[2019-03-19 14:46:13,078] {bash_operator.py:119} INFO - Output:
[2019-03-19 14:46:13,080] {bash_operator.py:123} INFO - Ter Mar 19 14:46:13 -03 2019
[2019-03-19 14:46:13,080] {bash_operator.py:127} INFO - Command exited with return code 0
[2019-03-19 14:46:17,096] {logging_mixin.py:95} INFO - [2019-03-19 14:46:17,096] {jobs.py:2527} INFO - Task exited with return code 0
