[2019-03-22 04:54:02,204] {models.py:1359} INFO - Dependencies all met for <TaskInstance: tutorial.templated 2019-01-31T00:00:00+00:00 [queued]>
[2019-03-22 04:54:02,209] {models.py:1359} INFO - Dependencies all met for <TaskInstance: tutorial.templated 2019-01-31T00:00:00+00:00 [queued]>
[2019-03-22 04:54:02,209] {models.py:1571} INFO - 
--------------------------------------------------------------------------------
Starting attempt 1 of 2
--------------------------------------------------------------------------------

[2019-03-22 04:54:02,229] {models.py:1593} INFO - Executing <Task(BashOperator): templated> on 2019-01-31T00:00:00+00:00
[2019-03-22 04:54:02,229] {base_task_runner.py:118} INFO - Running: ['bash', '-c', 'airflow run tutorial templated 2019-01-31T00:00:00+00:00 --job_id 2755 --raw -sd DAGS_FOLDER/example_dags/tutorial.py --cfg_path /tmp/tmpmswmv9re']
[2019-03-22 04:54:02,892] {base_task_runner.py:101} INFO - Job 2755: Subtask templated [2019-03-22 04:54:02,891] {__init__.py:51} INFO - Using executor SequentialExecutor
[2019-03-22 04:54:03,205] {base_task_runner.py:101} INFO - Job 2755: Subtask templated [2019-03-22 04:54:03,203] {models.py:273} INFO - Filling up the DagBag from /home/rsandroni/airflow/dags/example_dags/tutorial.py
[2019-03-22 04:54:03,300] {base_task_runner.py:101} INFO - Job 2755: Subtask templated [2019-03-22 04:54:03,299] {cli.py:520} INFO - Running <TaskInstance: tutorial.templated 2019-01-31T00:00:00+00:00 [running]> on host IADAIRP1.globalrs.rack.space
[2019-03-22 04:54:03,323] {bash_operator.py:77} INFO - Tmp dir root location: 
 /tmp
[2019-03-22 04:54:03,323] {bash_operator.py:86} INFO - Exporting the following env vars:
AIRFLOW_CTX_DAG_ID=tutorial
AIRFLOW_CTX_TASK_ID=templated
AIRFLOW_CTX_EXECUTION_DATE=2019-01-31T00:00:00+00:00
AIRFLOW_CTX_DAG_RUN_ID=scheduled__2019-01-31T00:00:00+00:00
[2019-03-22 04:54:03,324] {bash_operator.py:100} INFO - Temporary script location: /tmp/airflowtmp_x2b3vnx/templatedqm3sryk9
[2019-03-22 04:54:03,324] {bash_operator.py:110} INFO - Running command: 

    echo "2019-01-31"
    echo "2019-02-07"
    echo "Parameter I passed in"

    echo "2019-01-31"
    echo "2019-02-07"
    echo "Parameter I passed in"

    echo "2019-01-31"
    echo "2019-02-07"
    echo "Parameter I passed in"

    echo "2019-01-31"
    echo "2019-02-07"
    echo "Parameter I passed in"

    echo "2019-01-31"
    echo "2019-02-07"
    echo "Parameter I passed in"

[2019-03-22 04:54:03,332] {bash_operator.py:119} INFO - Output:
[2019-03-22 04:54:03,332] {bash_operator.py:123} INFO - 2019-01-31
[2019-03-22 04:54:03,332] {bash_operator.py:123} INFO - 2019-02-07
[2019-03-22 04:54:03,332] {bash_operator.py:123} INFO - Parameter I passed in
[2019-03-22 04:54:03,332] {bash_operator.py:123} INFO - 2019-01-31
[2019-03-22 04:54:03,332] {bash_operator.py:123} INFO - 2019-02-07
[2019-03-22 04:54:03,332] {bash_operator.py:123} INFO - Parameter I passed in
[2019-03-22 04:54:03,332] {bash_operator.py:123} INFO - 2019-01-31
[2019-03-22 04:54:03,332] {bash_operator.py:123} INFO - 2019-02-07
[2019-03-22 04:54:03,332] {bash_operator.py:123} INFO - Parameter I passed in
[2019-03-22 04:54:03,332] {bash_operator.py:123} INFO - 2019-01-31
[2019-03-22 04:54:03,333] {bash_operator.py:123} INFO - 2019-02-07
[2019-03-22 04:54:03,333] {bash_operator.py:123} INFO - Parameter I passed in
[2019-03-22 04:54:03,333] {bash_operator.py:123} INFO - 2019-01-31
[2019-03-22 04:54:03,333] {bash_operator.py:123} INFO - 2019-02-07
[2019-03-22 04:54:03,333] {bash_operator.py:123} INFO - Parameter I passed in
[2019-03-22 04:54:03,333] {bash_operator.py:127} INFO - Command exited with return code 0
[2019-03-22 04:54:07,182] {logging_mixin.py:95} INFO - [2019-03-22 04:54:07,182] {jobs.py:2527} INFO - Task exited with return code 0
