[2019-03-21 20:21:40,964] {models.py:1359} INFO - Dependencies all met for <TaskInstance: tutorial.print_date 2018-01-08T00:00:00+00:00 [queued]>
[2019-03-21 20:21:40,966] {models.py:1359} INFO - Dependencies all met for <TaskInstance: tutorial.print_date 2018-01-08T00:00:00+00:00 [queued]>
[2019-03-21 20:21:40,967] {models.py:1571} INFO - 
--------------------------------------------------------------------------------
Starting attempt 1 of 2
--------------------------------------------------------------------------------

[2019-03-21 20:21:40,983] {models.py:1593} INFO - Executing <Task(BashOperator): print_date> on 2018-01-08T00:00:00+00:00
[2019-03-21 20:21:40,983] {base_task_runner.py:118} INFO - Running: ['bash', '-c', 'airflow run tutorial print_date 2018-01-08T00:00:00+00:00 --job_id 1977 --raw -sd DAGS_FOLDER/tutorial.py --cfg_path /tmp/tmpce2osgl1']
[2019-03-21 20:21:41,629] {base_task_runner.py:101} INFO - Job 1977: Subtask print_date [2019-03-21 20:21:41,628] {__init__.py:51} INFO - Using executor SequentialExecutor
[2019-03-21 20:21:41,897] {base_task_runner.py:101} INFO - Job 1977: Subtask print_date [2019-03-21 20:21:41,896] {models.py:273} INFO - Filling up the DagBag from /home/rsandroni/airflow/dags/tutorial.py
[2019-03-21 20:21:41,912] {base_task_runner.py:101} INFO - Job 1977: Subtask print_date [2019-03-21 20:21:41,911] {cli.py:520} INFO - Running <TaskInstance: tutorial.print_date 2018-01-08T00:00:00+00:00 [running]> on host IADAIRP1.globalrs.rack.space
[2019-03-21 20:21:41,924] {bash_operator.py:77} INFO - Tmp dir root location: 
 /tmp
[2019-03-21 20:21:41,925] {bash_operator.py:86} INFO - Exporting the following env vars:
AIRFLOW_CTX_DAG_ID=tutorial
AIRFLOW_CTX_TASK_ID=print_date
AIRFLOW_CTX_EXECUTION_DATE=2018-01-08T00:00:00+00:00
AIRFLOW_CTX_DAG_RUN_ID=scheduled__2018-01-08T00:00:00+00:00
[2019-03-21 20:21:41,925] {bash_operator.py:100} INFO - Temporary script location: /tmp/airflowtmp3r8d3smp/print_date3nspgyxb
[2019-03-21 20:21:41,925] {bash_operator.py:110} INFO - Running command: date
[2019-03-21 20:21:41,931] {bash_operator.py:119} INFO - Output:
[2019-03-21 20:21:41,933] {bash_operator.py:123} INFO - Qui Mar 21 20:21:41 -03 2019
[2019-03-21 20:21:41,933] {bash_operator.py:127} INFO - Command exited with return code 0
[2019-03-21 20:21:45,976] {logging_mixin.py:95} INFO - [2019-03-21 20:21:45,975] {jobs.py:2527} INFO - Task exited with return code 0
