[2019-03-22 04:59:13,450] {models.py:1359} INFO - Dependencies all met for <TaskInstance: tutorial.templated 2019-02-03T00:00:00+00:00 [queued]>
[2019-03-22 04:59:13,455] {models.py:1359} INFO - Dependencies all met for <TaskInstance: tutorial.templated 2019-02-03T00:00:00+00:00 [queued]>
[2019-03-22 04:59:13,456] {models.py:1571} INFO - 
--------------------------------------------------------------------------------
Starting attempt 1 of 2
--------------------------------------------------------------------------------

[2019-03-22 04:59:13,526] {models.py:1593} INFO - Executing <Task(BashOperator): templated> on 2019-02-03T00:00:00+00:00
[2019-03-22 04:59:13,526] {base_task_runner.py:118} INFO - Running: ['bash', '-c', 'airflow run tutorial templated 2019-02-03T00:00:00+00:00 --job_id 2762 --raw -sd DAGS_FOLDER/example_dags/tutorial.py --cfg_path /tmp/tmpbufbaqkf']
[2019-03-22 04:59:15,117] {base_task_runner.py:101} INFO - Job 2762: Subtask templated [2019-03-22 04:59:15,115] {__init__.py:51} INFO - Using executor SequentialExecutor
[2019-03-22 04:59:15,696] {base_task_runner.py:101} INFO - Job 2762: Subtask templated [2019-03-22 04:59:15,688] {models.py:273} INFO - Filling up the DagBag from /home/rsandroni/airflow/dags/example_dags/tutorial.py
[2019-03-22 04:59:15,869] {base_task_runner.py:101} INFO - Job 2762: Subtask templated [2019-03-22 04:59:15,868] {cli.py:520} INFO - Running <TaskInstance: tutorial.templated 2019-02-03T00:00:00+00:00 [running]> on host IADAIRP1.globalrs.rack.space
[2019-03-22 04:59:15,918] {bash_operator.py:77} INFO - Tmp dir root location: 
 /tmp
[2019-03-22 04:59:15,919] {bash_operator.py:86} INFO - Exporting the following env vars:
AIRFLOW_CTX_DAG_ID=tutorial
AIRFLOW_CTX_TASK_ID=templated
AIRFLOW_CTX_EXECUTION_DATE=2019-02-03T00:00:00+00:00
AIRFLOW_CTX_DAG_RUN_ID=scheduled__2019-02-03T00:00:00+00:00
[2019-03-22 04:59:15,919] {bash_operator.py:100} INFO - Temporary script location: /tmp/airflowtmpn30zk6kn/templated9yjnjeue
[2019-03-22 04:59:15,920] {bash_operator.py:110} INFO - Running command: 

    echo "2019-02-03"
    echo "2019-02-10"
    echo "Parameter I passed in"

    echo "2019-02-03"
    echo "2019-02-10"
    echo "Parameter I passed in"

    echo "2019-02-03"
    echo "2019-02-10"
    echo "Parameter I passed in"

    echo "2019-02-03"
    echo "2019-02-10"
    echo "Parameter I passed in"

    echo "2019-02-03"
    echo "2019-02-10"
    echo "Parameter I passed in"

[2019-03-22 04:59:15,977] {bash_operator.py:119} INFO - Output:
[2019-03-22 04:59:15,986] {bash_operator.py:123} INFO - 2019-02-03
[2019-03-22 04:59:15,986] {bash_operator.py:123} INFO - 2019-02-10
[2019-03-22 04:59:15,986] {bash_operator.py:123} INFO - Parameter I passed in
[2019-03-22 04:59:15,986] {bash_operator.py:123} INFO - 2019-02-03
[2019-03-22 04:59:15,986] {bash_operator.py:123} INFO - 2019-02-10
[2019-03-22 04:59:15,986] {bash_operator.py:123} INFO - Parameter I passed in
[2019-03-22 04:59:15,986] {bash_operator.py:123} INFO - 2019-02-03
[2019-03-22 04:59:15,986] {bash_operator.py:123} INFO - 2019-02-10
[2019-03-22 04:59:15,986] {bash_operator.py:123} INFO - Parameter I passed in
[2019-03-22 04:59:15,987] {bash_operator.py:123} INFO - 2019-02-03
[2019-03-22 04:59:15,987] {bash_operator.py:123} INFO - 2019-02-10
[2019-03-22 04:59:15,987] {bash_operator.py:123} INFO - Parameter I passed in
[2019-03-22 04:59:15,987] {bash_operator.py:123} INFO - 2019-02-03
[2019-03-22 04:59:15,987] {bash_operator.py:123} INFO - 2019-02-10
[2019-03-22 04:59:15,987] {bash_operator.py:123} INFO - Parameter I passed in
[2019-03-22 04:59:15,987] {bash_operator.py:127} INFO - Command exited with return code 0
[2019-03-22 04:59:18,440] {logging_mixin.py:95} INFO - [2019-03-22 04:59:18,439] {jobs.py:2527} INFO - Task exited with return code 0
