[2019-03-19 12:28:17,207] {models.py:1359} INFO - Dependencies all met for <TaskInstance: tutorial.print_date 2016-03-11T00:00:00+00:00 [queued]>
[2019-03-19 12:28:17,208] {models.py:1359} INFO - Dependencies all met for <TaskInstance: tutorial.print_date 2016-03-11T00:00:00+00:00 [queued]>
[2019-03-19 12:28:17,209] {models.py:1571} INFO - 
--------------------------------------------------------------------------------
Starting attempt 1 of 2
--------------------------------------------------------------------------------

[2019-03-19 12:28:17,224] {models.py:1593} INFO - Executing <Task(BashOperator): print_date> on 2016-03-11T00:00:00+00:00
[2019-03-19 12:28:17,225] {base_task_runner.py:118} INFO - Running: ['bash', '-c', 'airflow run tutorial print_date 2016-03-11T00:00:00+00:00 --job_id 572 --raw -sd DAGS_FOLDER/sql_server_load.py --cfg_path /tmp/tmp75c1l7zy']
[2019-03-19 12:28:17,830] {base_task_runner.py:101} INFO - Job 572: Subtask print_date [2019-03-19 12:28:17,829] {__init__.py:51} INFO - Using executor SequentialExecutor
[2019-03-19 12:28:18,050] {base_task_runner.py:101} INFO - Job 572: Subtask print_date [2019-03-19 12:28:18,049] {models.py:273} INFO - Filling up the DagBag from /home/rsandroni/airflow/dags/sql_server_load.py
[2019-03-19 12:28:18,068] {base_task_runner.py:101} INFO - Job 572: Subtask print_date [2019-03-19 12:28:18,068] {cli.py:520} INFO - Running <TaskInstance: tutorial.print_date 2016-03-11T00:00:00+00:00 [running]> on host IADAIRP1.globalrs.rack.space
[2019-03-19 12:28:18,080] {bash_operator.py:77} INFO - Tmp dir root location: 
 /tmp
[2019-03-19 12:28:18,081] {bash_operator.py:86} INFO - Exporting the following env vars:
AIRFLOW_CTX_DAG_ID=tutorial
AIRFLOW_CTX_TASK_ID=print_date
AIRFLOW_CTX_EXECUTION_DATE=2016-03-11T00:00:00+00:00
AIRFLOW_CTX_DAG_RUN_ID=scheduled__2016-03-11T00:00:00+00:00
[2019-03-19 12:28:18,081] {bash_operator.py:100} INFO - Temporary script location: /tmp/airflowtmpjfpgj92c/print_date8d877kz6
[2019-03-19 12:28:18,081] {bash_operator.py:110} INFO - Running command: date
[2019-03-19 12:28:18,086] {bash_operator.py:119} INFO - Output:
[2019-03-19 12:28:18,089] {bash_operator.py:123} INFO - Ter Mar 19 12:28:18 -03 2019
[2019-03-19 12:28:18,089] {bash_operator.py:127} INFO - Command exited with return code 0
[2019-03-19 12:28:22,207] {logging_mixin.py:95} INFO - [2019-03-19 12:28:22,206] {jobs.py:2527} INFO - Task exited with return code 0
