[2019-03-22 00:22:07,177] {models.py:1359} INFO - Dependencies all met for <TaskInstance: tutorial.print_date 2018-07-11T00:00:00+00:00 [queued]>
[2019-03-22 00:22:07,183] {models.py:1359} INFO - Dependencies all met for <TaskInstance: tutorial.print_date 2018-07-11T00:00:00+00:00 [queued]>
[2019-03-22 00:22:07,183] {models.py:1571} INFO - 
--------------------------------------------------------------------------------
Starting attempt 1 of 2
--------------------------------------------------------------------------------

[2019-03-22 00:22:07,255] {models.py:1593} INFO - Executing <Task(BashOperator): print_date> on 2018-07-11T00:00:00+00:00
[2019-03-22 00:22:07,256] {base_task_runner.py:118} INFO - Running: ['bash', '-c', 'airflow run tutorial print_date 2018-07-11T00:00:00+00:00 --job_id 2345 --raw -sd DAGS_FOLDER/tutorial.py --cfg_path /tmp/tmpit07x38n']
[2019-03-22 00:22:08,631] {base_task_runner.py:101} INFO - Job 2345: Subtask print_date [2019-03-22 00:22:08,626] {__init__.py:51} INFO - Using executor SequentialExecutor
[2019-03-22 00:22:09,007] {base_task_runner.py:101} INFO - Job 2345: Subtask print_date [2019-03-22 00:22:09,006] {models.py:273} INFO - Filling up the DagBag from /home/rsandroni/airflow/dags/tutorial.py
[2019-03-22 00:22:09,061] {base_task_runner.py:101} INFO - Job 2345: Subtask print_date [2019-03-22 00:22:09,055] {cli.py:520} INFO - Running <TaskInstance: tutorial.print_date 2018-07-11T00:00:00+00:00 [running]> on host IADAIRP1.globalrs.rack.space
[2019-03-22 00:22:09,109] {bash_operator.py:77} INFO - Tmp dir root location: 
 /tmp
[2019-03-22 00:22:09,109] {bash_operator.py:86} INFO - Exporting the following env vars:
AIRFLOW_CTX_DAG_ID=tutorial
AIRFLOW_CTX_TASK_ID=print_date
AIRFLOW_CTX_EXECUTION_DATE=2018-07-11T00:00:00+00:00
AIRFLOW_CTX_DAG_RUN_ID=scheduled__2018-07-11T00:00:00+00:00
[2019-03-22 00:22:09,110] {bash_operator.py:100} INFO - Temporary script location: /tmp/airflowtmpt7g_catw/print_date64iiwh_z
[2019-03-22 00:22:09,110] {bash_operator.py:110} INFO - Running command: date
[2019-03-22 00:22:09,161] {bash_operator.py:119} INFO - Output:
[2019-03-22 00:22:09,162] {bash_operator.py:123} INFO - Sex Mar 22 00:22:09 -03 2019
[2019-03-22 00:22:09,170] {bash_operator.py:127} INFO - Command exited with return code 0
[2019-03-22 00:22:12,132] {logging_mixin.py:95} INFO - [2019-03-22 00:22:12,131] {jobs.py:2527} INFO - Task exited with return code 0
