[2019-03-19 12:03:20,686] {models.py:1359} INFO - Dependencies all met for <TaskInstance: tutorial.print_date 2016-01-13T00:00:00+00:00 [queued]>
[2019-03-19 12:03:20,688] {models.py:1359} INFO - Dependencies all met for <TaskInstance: tutorial.print_date 2016-01-13T00:00:00+00:00 [queued]>
[2019-03-19 12:03:20,689] {models.py:1571} INFO - 
--------------------------------------------------------------------------------
Starting attempt 1 of 2
--------------------------------------------------------------------------------

[2019-03-19 12:03:20,710] {models.py:1593} INFO - Executing <Task(BashOperator): print_date> on 2016-01-13T00:00:00+00:00
[2019-03-19 12:03:20,710] {base_task_runner.py:118} INFO - Running: ['bash', '-c', 'airflow run tutorial print_date 2016-01-13T00:00:00+00:00 --job_id 457 --raw -sd DAGS_FOLDER/tutorial.py --cfg_path /tmp/tmpcgy5i2je']
[2019-03-19 12:03:21,336] {base_task_runner.py:101} INFO - Job 457: Subtask print_date [2019-03-19 12:03:21,335] {__init__.py:51} INFO - Using executor SequentialExecutor
[2019-03-19 12:03:21,580] {base_task_runner.py:101} INFO - Job 457: Subtask print_date [2019-03-19 12:03:21,580] {models.py:273} INFO - Filling up the DagBag from /home/rsandroni/airflow/dags/tutorial.py
[2019-03-19 12:03:21,597] {base_task_runner.py:101} INFO - Job 457: Subtask print_date [2019-03-19 12:03:21,597] {cli.py:520} INFO - Running <TaskInstance: tutorial.print_date 2016-01-13T00:00:00+00:00 [running]> on host IADAIRP1.globalrs.rack.space
[2019-03-19 12:03:21,611] {bash_operator.py:77} INFO - Tmp dir root location: 
 /tmp
[2019-03-19 12:03:21,611] {bash_operator.py:86} INFO - Exporting the following env vars:
AIRFLOW_CTX_DAG_ID=tutorial
AIRFLOW_CTX_TASK_ID=print_date
AIRFLOW_CTX_EXECUTION_DATE=2016-01-13T00:00:00+00:00
AIRFLOW_CTX_DAG_RUN_ID=scheduled__2016-01-13T00:00:00+00:00
[2019-03-19 12:03:21,612] {bash_operator.py:100} INFO - Temporary script location: /tmp/airflowtmp5kd9r2ja/print_datepx862hri
[2019-03-19 12:03:21,612] {bash_operator.py:110} INFO - Running command: date
[2019-03-19 12:03:21,617] {bash_operator.py:119} INFO - Output:
[2019-03-19 12:03:21,619] {bash_operator.py:123} INFO - Ter Mar 19 12:03:21 -03 2019
[2019-03-19 12:03:21,619] {bash_operator.py:127} INFO - Command exited with return code 0
[2019-03-19 12:03:25,692] {logging_mixin.py:95} INFO - [2019-03-19 12:03:25,691] {jobs.py:2527} INFO - Task exited with return code 0
