[2019-03-19 13:32:40,526] {models.py:1359} INFO - Dependencies all met for <TaskInstance: tutorial.print_date 2016-07-19T00:00:00+00:00 [queued]>
[2019-03-19 13:32:40,528] {models.py:1359} INFO - Dependencies all met for <TaskInstance: tutorial.print_date 2016-07-19T00:00:00+00:00 [queued]>
[2019-03-19 13:32:40,528] {models.py:1571} INFO - 
--------------------------------------------------------------------------------
Starting attempt 1 of 2
--------------------------------------------------------------------------------

[2019-03-19 13:32:40,547] {models.py:1593} INFO - Executing <Task(BashOperator): print_date> on 2016-07-19T00:00:00+00:00
[2019-03-19 13:32:40,547] {base_task_runner.py:118} INFO - Running: ['bash', '-c', 'airflow run tutorial print_date 2016-07-19T00:00:00+00:00 --job_id 834 --raw -sd DAGS_FOLDER/tutorial.py --cfg_path /tmp/tmpx0fqbd8j']
[2019-03-19 13:32:41,157] {base_task_runner.py:101} INFO - Job 834: Subtask print_date [2019-03-19 13:32:41,157] {__init__.py:51} INFO - Using executor SequentialExecutor
[2019-03-19 13:32:41,388] {base_task_runner.py:101} INFO - Job 834: Subtask print_date [2019-03-19 13:32:41,387] {models.py:273} INFO - Filling up the DagBag from /home/rsandroni/airflow/dags/tutorial.py
[2019-03-19 13:32:41,403] {base_task_runner.py:101} INFO - Job 834: Subtask print_date [2019-03-19 13:32:41,403] {cli.py:520} INFO - Running <TaskInstance: tutorial.print_date 2016-07-19T00:00:00+00:00 [running]> on host IADAIRP1.globalrs.rack.space
[2019-03-19 13:32:41,415] {bash_operator.py:77} INFO - Tmp dir root location: 
 /tmp
[2019-03-19 13:32:41,415] {bash_operator.py:86} INFO - Exporting the following env vars:
AIRFLOW_CTX_DAG_ID=tutorial
AIRFLOW_CTX_TASK_ID=print_date
AIRFLOW_CTX_EXECUTION_DATE=2016-07-19T00:00:00+00:00
AIRFLOW_CTX_DAG_RUN_ID=scheduled__2016-07-19T00:00:00+00:00
[2019-03-19 13:32:41,416] {bash_operator.py:100} INFO - Temporary script location: /tmp/airflowtmpe17lcyva/print_date_8sy_b87
[2019-03-19 13:32:41,416] {bash_operator.py:110} INFO - Running command: date
[2019-03-19 13:32:41,421] {bash_operator.py:119} INFO - Output:
[2019-03-19 13:32:41,423] {bash_operator.py:123} INFO - Ter Mar 19 13:32:41 -03 2019
[2019-03-19 13:32:41,423] {bash_operator.py:127} INFO - Command exited with return code 0
[2019-03-19 13:32:45,525] {logging_mixin.py:95} INFO - [2019-03-19 13:32:45,524] {jobs.py:2527} INFO - Task exited with return code 0
