[2019-03-19 15:08:36,208] {models.py:1359} INFO - Dependencies all met for <TaskInstance: tutorial.templated 2017-02-05T00:00:00+00:00 [queued]>
[2019-03-19 15:08:36,214] {models.py:1359} INFO - Dependencies all met for <TaskInstance: tutorial.templated 2017-02-05T00:00:00+00:00 [queued]>
[2019-03-19 15:08:36,214] {models.py:1571} INFO - 
--------------------------------------------------------------------------------
Starting attempt 1 of 2
--------------------------------------------------------------------------------

[2019-03-19 15:08:36,285] {models.py:1593} INFO - Executing <Task(BashOperator): templated> on 2017-02-05T00:00:00+00:00
[2019-03-19 15:08:36,285] {base_task_runner.py:118} INFO - Running: ['bash', '-c', 'airflow run tutorial templated 2017-02-05T00:00:00+00:00 --job_id 1239 --raw -sd DAGS_FOLDER/sql_server_load.py --cfg_path /tmp/tmpe7a4cdsc']
[2019-03-19 15:08:37,397] {base_task_runner.py:101} INFO - Job 1239: Subtask templated [2019-03-19 15:08:37,396] {__init__.py:51} INFO - Using executor SequentialExecutor
[2019-03-19 15:08:37,714] {base_task_runner.py:101} INFO - Job 1239: Subtask templated [2019-03-19 15:08:37,705] {models.py:273} INFO - Filling up the DagBag from /home/rsandroni/airflow/dags/sql_server_load.py
[2019-03-19 15:08:37,726] {base_task_runner.py:101} INFO - Job 1239: Subtask templated [2019-03-19 15:08:37,725] {cli.py:520} INFO - Running <TaskInstance: tutorial.templated 2017-02-05T00:00:00+00:00 [running]> on host IADAIRP1.globalrs.rack.space
[2019-03-19 15:08:37,763] {bash_operator.py:77} INFO - Tmp dir root location: 
 /tmp
[2019-03-19 15:08:37,763] {bash_operator.py:86} INFO - Exporting the following env vars:
AIRFLOW_CTX_DAG_ID=tutorial
AIRFLOW_CTX_TASK_ID=templated
AIRFLOW_CTX_EXECUTION_DATE=2017-02-05T00:00:00+00:00
AIRFLOW_CTX_DAG_RUN_ID=scheduled__2017-02-05T00:00:00+00:00
[2019-03-19 15:08:37,764] {bash_operator.py:100} INFO - Temporary script location: /tmp/airflowtmp9idrn8uc/templatednxgg906t
[2019-03-19 15:08:37,764] {bash_operator.py:110} INFO - Running command: 
    
        echo "2017-02-05"
        echo "Parameter I passed in"
    
        echo "2017-02-05"
        echo "Parameter I passed in"
    
        echo "2017-02-05"
        echo "Parameter I passed in"
    
        echo "2017-02-05"
        echo "Parameter I passed in"
    
        echo "2017-02-05"
        echo "Parameter I passed in"
    
    
[2019-03-19 15:08:37,785] {bash_operator.py:119} INFO - Output:
[2019-03-19 15:08:37,786] {bash_operator.py:123} INFO - 2017-02-05
[2019-03-19 15:08:37,786] {bash_operator.py:123} INFO - Parameter I passed in
[2019-03-19 15:08:37,786] {bash_operator.py:123} INFO - 2017-02-05
[2019-03-19 15:08:37,786] {bash_operator.py:123} INFO - Parameter I passed in
[2019-03-19 15:08:37,786] {bash_operator.py:123} INFO - 2017-02-05
[2019-03-19 15:08:37,786] {bash_operator.py:123} INFO - Parameter I passed in
[2019-03-19 15:08:37,786] {bash_operator.py:123} INFO - 2017-02-05
[2019-03-19 15:08:37,786] {bash_operator.py:123} INFO - Parameter I passed in
[2019-03-19 15:08:37,786] {bash_operator.py:123} INFO - 2017-02-05
[2019-03-19 15:08:37,786] {bash_operator.py:123} INFO - Parameter I passed in
[2019-03-19 15:08:37,786] {bash_operator.py:127} INFO - Command exited with return code 0
[2019-03-19 15:08:41,109] {logging_mixin.py:95} INFO - [2019-03-19 15:08:41,108] {jobs.py:2527} INFO - Task exited with return code 0
