[2019-03-19 12:29:47,549] {models.py:1359} INFO - Dependencies all met for <TaskInstance: tutorial.templated 2016-03-13T00:00:00+00:00 [queued]>
[2019-03-19 12:29:47,554] {models.py:1359} INFO - Dependencies all met for <TaskInstance: tutorial.templated 2016-03-13T00:00:00+00:00 [queued]>
[2019-03-19 12:29:47,554] {models.py:1571} INFO - 
--------------------------------------------------------------------------------
Starting attempt 1 of 2
--------------------------------------------------------------------------------

[2019-03-19 12:29:47,568] {models.py:1593} INFO - Executing <Task(BashOperator): templated> on 2016-03-13T00:00:00+00:00
[2019-03-19 12:29:47,569] {base_task_runner.py:118} INFO - Running: ['bash', '-c', 'airflow run tutorial templated 2016-03-13T00:00:00+00:00 --job_id 580 --raw -sd DAGS_FOLDER/sql_server_load.py --cfg_path /tmp/tmpuqd6k_x3']
[2019-03-19 12:29:48,174] {base_task_runner.py:101} INFO - Job 580: Subtask templated [2019-03-19 12:29:48,173] {__init__.py:51} INFO - Using executor SequentialExecutor
[2019-03-19 12:29:48,399] {base_task_runner.py:101} INFO - Job 580: Subtask templated [2019-03-19 12:29:48,399] {models.py:273} INFO - Filling up the DagBag from /home/rsandroni/airflow/dags/sql_server_load.py
[2019-03-19 12:29:48,417] {base_task_runner.py:101} INFO - Job 580: Subtask templated [2019-03-19 12:29:48,416] {cli.py:520} INFO - Running <TaskInstance: tutorial.templated 2016-03-13T00:00:00+00:00 [running]> on host IADAIRP1.globalrs.rack.space
[2019-03-19 12:29:48,431] {bash_operator.py:77} INFO - Tmp dir root location: 
 /tmp
[2019-03-19 12:29:48,431] {bash_operator.py:86} INFO - Exporting the following env vars:
AIRFLOW_CTX_DAG_ID=tutorial
AIRFLOW_CTX_TASK_ID=templated
AIRFLOW_CTX_EXECUTION_DATE=2016-03-13T00:00:00+00:00
AIRFLOW_CTX_DAG_RUN_ID=scheduled__2016-03-13T00:00:00+00:00
[2019-03-19 12:29:48,432] {bash_operator.py:100} INFO - Temporary script location: /tmp/airflowtmpvkfdo96y/templated5_g1t7kv
[2019-03-19 12:29:48,432] {bash_operator.py:110} INFO - Running command: 
    
        echo "2016-03-13"
        echo "Parameter I passed in"
    
        echo "2016-03-13"
        echo "Parameter I passed in"
    
        echo "2016-03-13"
        echo "Parameter I passed in"
    
        echo "2016-03-13"
        echo "Parameter I passed in"
    
        echo "2016-03-13"
        echo "Parameter I passed in"
    
    
[2019-03-19 12:29:48,437] {bash_operator.py:119} INFO - Output:
[2019-03-19 12:29:48,438] {bash_operator.py:123} INFO - 2016-03-13
[2019-03-19 12:29:48,438] {bash_operator.py:123} INFO - Parameter I passed in
[2019-03-19 12:29:48,438] {bash_operator.py:123} INFO - 2016-03-13
[2019-03-19 12:29:48,438] {bash_operator.py:123} INFO - Parameter I passed in
[2019-03-19 12:29:48,438] {bash_operator.py:123} INFO - 2016-03-13
[2019-03-19 12:29:48,438] {bash_operator.py:123} INFO - Parameter I passed in
[2019-03-19 12:29:48,438] {bash_operator.py:123} INFO - 2016-03-13
[2019-03-19 12:29:48,438] {bash_operator.py:123} INFO - Parameter I passed in
[2019-03-19 12:29:48,439] {bash_operator.py:123} INFO - 2016-03-13
[2019-03-19 12:29:48,439] {bash_operator.py:123} INFO - Parameter I passed in
[2019-03-19 12:29:48,439] {bash_operator.py:127} INFO - Command exited with return code 0
[2019-03-19 12:29:52,550] {logging_mixin.py:95} INFO - [2019-03-19 12:29:52,550] {jobs.py:2527} INFO - Task exited with return code 0
