[2019-03-22 00:45:18,707] {models.py:1359} INFO - Dependencies all met for <TaskInstance: tutorial.templated 2018-07-26T00:00:00+00:00 [queued]>
[2019-03-22 00:45:18,712] {models.py:1359} INFO - Dependencies all met for <TaskInstance: tutorial.templated 2018-07-26T00:00:00+00:00 [queued]>
[2019-03-22 00:45:18,712] {models.py:1571} INFO - 
--------------------------------------------------------------------------------
Starting attempt 1 of 2
--------------------------------------------------------------------------------

[2019-03-22 00:45:18,726] {models.py:1593} INFO - Executing <Task(BashOperator): templated> on 2018-07-26T00:00:00+00:00
[2019-03-22 00:45:18,726] {base_task_runner.py:118} INFO - Running: ['bash', '-c', 'airflow run tutorial templated 2018-07-26T00:00:00+00:00 --job_id 2378 --raw -sd DAGS_FOLDER/example_dags/tutorial.py --cfg_path /tmp/tmp__03eib4']
[2019-03-22 00:45:19,374] {base_task_runner.py:101} INFO - Job 2378: Subtask templated [2019-03-22 00:45:19,373] {__init__.py:51} INFO - Using executor SequentialExecutor
[2019-03-22 00:45:19,792] {base_task_runner.py:101} INFO - Job 2378: Subtask templated [2019-03-22 00:45:19,775] {models.py:273} INFO - Filling up the DagBag from /home/rsandroni/airflow/dags/example_dags/tutorial.py
[2019-03-22 00:45:19,847] {base_task_runner.py:101} INFO - Job 2378: Subtask templated [2019-03-22 00:45:19,847] {cli.py:520} INFO - Running <TaskInstance: tutorial.templated 2018-07-26T00:00:00+00:00 [running]> on host IADAIRP1.globalrs.rack.space
[2019-03-22 00:45:19,881] {bash_operator.py:77} INFO - Tmp dir root location: 
 /tmp
[2019-03-22 00:45:19,882] {bash_operator.py:86} INFO - Exporting the following env vars:
AIRFLOW_CTX_DAG_ID=tutorial
AIRFLOW_CTX_TASK_ID=templated
AIRFLOW_CTX_EXECUTION_DATE=2018-07-26T00:00:00+00:00
AIRFLOW_CTX_DAG_RUN_ID=scheduled__2018-07-26T00:00:00+00:00
[2019-03-22 00:45:19,882] {bash_operator.py:100} INFO - Temporary script location: /tmp/airflowtmpf577gb50/templatedocevksqe
[2019-03-22 00:45:19,882] {bash_operator.py:110} INFO - Running command: 

    echo "2018-07-26"
    echo "2018-08-02"
    echo "Parameter I passed in"

    echo "2018-07-26"
    echo "2018-08-02"
    echo "Parameter I passed in"

    echo "2018-07-26"
    echo "2018-08-02"
    echo "Parameter I passed in"

    echo "2018-07-26"
    echo "2018-08-02"
    echo "Parameter I passed in"

    echo "2018-07-26"
    echo "2018-08-02"
    echo "Parameter I passed in"

[2019-03-22 00:45:19,890] {bash_operator.py:119} INFO - Output:
[2019-03-22 00:45:19,891] {bash_operator.py:123} INFO - 2018-07-26
[2019-03-22 00:45:19,891] {bash_operator.py:123} INFO - 2018-08-02
[2019-03-22 00:45:19,891] {bash_operator.py:123} INFO - Parameter I passed in
[2019-03-22 00:45:19,891] {bash_operator.py:123} INFO - 2018-07-26
[2019-03-22 00:45:19,892] {bash_operator.py:123} INFO - 2018-08-02
[2019-03-22 00:45:19,892] {bash_operator.py:123} INFO - Parameter I passed in
[2019-03-22 00:45:19,892] {bash_operator.py:123} INFO - 2018-07-26
[2019-03-22 00:45:19,892] {bash_operator.py:123} INFO - 2018-08-02
[2019-03-22 00:45:19,892] {bash_operator.py:123} INFO - Parameter I passed in
[2019-03-22 00:45:19,892] {bash_operator.py:123} INFO - 2018-07-26
[2019-03-22 00:45:19,892] {bash_operator.py:123} INFO - 2018-08-02
[2019-03-22 00:45:19,892] {bash_operator.py:123} INFO - Parameter I passed in
[2019-03-22 00:45:19,892] {bash_operator.py:123} INFO - 2018-07-26
[2019-03-22 00:45:19,892] {bash_operator.py:123} INFO - 2018-08-02
[2019-03-22 00:45:19,892] {bash_operator.py:123} INFO - Parameter I passed in
[2019-03-22 00:45:19,892] {bash_operator.py:127} INFO - Command exited with return code 0
[2019-03-22 00:45:23,703] {logging_mixin.py:95} INFO - [2019-03-22 00:45:23,702] {jobs.py:2527} INFO - Task exited with return code 0
