[2019-03-21 19:41:55,812] {models.py:1359} INFO - Dependencies all met for <TaskInstance: tutorial.templated 2017-12-07T00:00:00+00:00 [queued]>
[2019-03-21 19:41:55,816] {models.py:1359} INFO - Dependencies all met for <TaskInstance: tutorial.templated 2017-12-07T00:00:00+00:00 [queued]>
[2019-03-21 19:41:55,816] {models.py:1571} INFO - 
--------------------------------------------------------------------------------
Starting attempt 1 of 2
--------------------------------------------------------------------------------

[2019-03-21 19:41:55,829] {models.py:1593} INFO - Executing <Task(BashOperator): templated> on 2017-12-07T00:00:00+00:00
[2019-03-21 19:41:55,830] {base_task_runner.py:118} INFO - Running: ['bash', '-c', 'airflow run tutorial templated 2017-12-07T00:00:00+00:00 --job_id 1915 --raw -sd DAGS_FOLDER/example_dags/tutorial.py --cfg_path /tmp/tmpolo5zaec']
[2019-03-21 19:41:56,469] {base_task_runner.py:101} INFO - Job 1915: Subtask templated [2019-03-21 19:41:56,468] {__init__.py:51} INFO - Using executor SequentialExecutor
[2019-03-21 19:41:56,697] {base_task_runner.py:101} INFO - Job 1915: Subtask templated [2019-03-21 19:41:56,696] {models.py:273} INFO - Filling up the DagBag from /home/rsandroni/airflow/dags/example_dags/tutorial.py
[2019-03-21 19:41:56,761] {base_task_runner.py:101} INFO - Job 1915: Subtask templated [2019-03-21 19:41:56,761] {cli.py:520} INFO - Running <TaskInstance: tutorial.templated 2017-12-07T00:00:00+00:00 [running]> on host IADAIRP1.globalrs.rack.space
[2019-03-21 19:41:56,778] {bash_operator.py:77} INFO - Tmp dir root location: 
 /tmp
[2019-03-21 19:41:56,779] {bash_operator.py:86} INFO - Exporting the following env vars:
AIRFLOW_CTX_DAG_ID=tutorial
AIRFLOW_CTX_TASK_ID=templated
AIRFLOW_CTX_EXECUTION_DATE=2017-12-07T00:00:00+00:00
AIRFLOW_CTX_DAG_RUN_ID=scheduled__2017-12-07T00:00:00+00:00
[2019-03-21 19:41:56,779] {bash_operator.py:100} INFO - Temporary script location: /tmp/airflowtmpm2mcwes0/templated_4ty222k
[2019-03-21 19:41:56,779] {bash_operator.py:110} INFO - Running command: 

    echo "2017-12-07"
    echo "2017-12-14"
    echo "Parameter I passed in"

    echo "2017-12-07"
    echo "2017-12-14"
    echo "Parameter I passed in"

    echo "2017-12-07"
    echo "2017-12-14"
    echo "Parameter I passed in"

    echo "2017-12-07"
    echo "2017-12-14"
    echo "Parameter I passed in"

    echo "2017-12-07"
    echo "2017-12-14"
    echo "Parameter I passed in"

[2019-03-21 19:41:56,786] {bash_operator.py:119} INFO - Output:
[2019-03-21 19:41:56,787] {bash_operator.py:123} INFO - 2017-12-07
[2019-03-21 19:41:56,787] {bash_operator.py:123} INFO - 2017-12-14
[2019-03-21 19:41:56,787] {bash_operator.py:123} INFO - Parameter I passed in
[2019-03-21 19:41:56,787] {bash_operator.py:123} INFO - 2017-12-07
[2019-03-21 19:41:56,787] {bash_operator.py:123} INFO - 2017-12-14
[2019-03-21 19:41:56,787] {bash_operator.py:123} INFO - Parameter I passed in
[2019-03-21 19:41:56,787] {bash_operator.py:123} INFO - 2017-12-07
[2019-03-21 19:41:56,787] {bash_operator.py:123} INFO - 2017-12-14
[2019-03-21 19:41:56,788] {bash_operator.py:123} INFO - Parameter I passed in
[2019-03-21 19:41:56,788] {bash_operator.py:123} INFO - 2017-12-07
[2019-03-21 19:41:56,788] {bash_operator.py:123} INFO - 2017-12-14
[2019-03-21 19:41:56,788] {bash_operator.py:123} INFO - Parameter I passed in
[2019-03-21 19:41:56,788] {bash_operator.py:123} INFO - 2017-12-07
[2019-03-21 19:41:56,788] {bash_operator.py:123} INFO - 2017-12-14
[2019-03-21 19:41:56,788] {bash_operator.py:123} INFO - Parameter I passed in
[2019-03-21 19:41:56,788] {bash_operator.py:127} INFO - Command exited with return code 0
[2019-03-21 19:42:00,814] {logging_mixin.py:95} INFO - [2019-03-21 19:42:00,814] {jobs.py:2527} INFO - Task exited with return code 0
