[2019-03-19 10:58:52,776] {models.py:1359} INFO - Dependencies all met for <TaskInstance: tutorial.templated 2015-08-23T00:00:00+00:00 [queued]>
[2019-03-19 10:58:52,780] {models.py:1359} INFO - Dependencies all met for <TaskInstance: tutorial.templated 2015-08-23T00:00:00+00:00 [queued]>
[2019-03-19 10:58:52,780] {models.py:1571} INFO - 
--------------------------------------------------------------------------------
Starting attempt 1 of 2
--------------------------------------------------------------------------------

[2019-03-19 10:58:52,795] {models.py:1593} INFO - Executing <Task(BashOperator): templated> on 2015-08-23T00:00:00+00:00
[2019-03-19 10:58:52,795] {base_task_runner.py:118} INFO - Running: ['bash', '-c', 'airflow run tutorial templated 2015-08-23T00:00:00+00:00 --job_id 174 --raw -sd DAGS_FOLDER/example_dags/tutorial.py --cfg_path /tmp/tmpdctud0k8']
[2019-03-19 10:58:53,419] {base_task_runner.py:101} INFO - Job 174: Subtask templated [2019-03-19 10:58:53,418] {__init__.py:51} INFO - Using executor SequentialExecutor
[2019-03-19 10:58:53,674] {base_task_runner.py:101} INFO - Job 174: Subtask templated [2019-03-19 10:58:53,673] {models.py:273} INFO - Filling up the DagBag from /home/rsandroni/airflow/dags/example_dags/tutorial.py
[2019-03-19 10:58:53,714] {base_task_runner.py:101} INFO - Job 174: Subtask templated [2019-03-19 10:58:53,714] {cli.py:520} INFO - Running <TaskInstance: tutorial.templated 2015-08-23T00:00:00+00:00 [running]> on host IADAIRP1.globalrs.rack.space
[2019-03-19 10:58:53,731] {bash_operator.py:77} INFO - Tmp dir root location: 
 /tmp
[2019-03-19 10:58:53,731] {bash_operator.py:86} INFO - Exporting the following env vars:
AIRFLOW_CTX_DAG_ID=tutorial
AIRFLOW_CTX_TASK_ID=templated
AIRFLOW_CTX_EXECUTION_DATE=2015-08-23T00:00:00+00:00
AIRFLOW_CTX_DAG_RUN_ID=scheduled__2015-08-23T00:00:00+00:00
[2019-03-19 10:58:53,732] {bash_operator.py:100} INFO - Temporary script location: /tmp/airflowtmpa2tp9pke/templated904g_5x1
[2019-03-19 10:58:53,732] {bash_operator.py:110} INFO - Running command: 

    echo "2015-08-23"
    echo "2015-08-30"
    echo "Parameter I passed in"

    echo "2015-08-23"
    echo "2015-08-30"
    echo "Parameter I passed in"

    echo "2015-08-23"
    echo "2015-08-30"
    echo "Parameter I passed in"

    echo "2015-08-23"
    echo "2015-08-30"
    echo "Parameter I passed in"

    echo "2015-08-23"
    echo "2015-08-30"
    echo "Parameter I passed in"

[2019-03-19 10:58:53,738] {bash_operator.py:119} INFO - Output:
[2019-03-19 10:58:53,739] {bash_operator.py:123} INFO - 2015-08-23
[2019-03-19 10:58:53,739] {bash_operator.py:123} INFO - 2015-08-30
[2019-03-19 10:58:53,739] {bash_operator.py:123} INFO - Parameter I passed in
[2019-03-19 10:58:53,739] {bash_operator.py:123} INFO - 2015-08-23
[2019-03-19 10:58:53,739] {bash_operator.py:123} INFO - 2015-08-30
[2019-03-19 10:58:53,739] {bash_operator.py:123} INFO - Parameter I passed in
[2019-03-19 10:58:53,739] {bash_operator.py:123} INFO - 2015-08-23
[2019-03-19 10:58:53,740] {bash_operator.py:123} INFO - 2015-08-30
[2019-03-19 10:58:53,740] {bash_operator.py:123} INFO - Parameter I passed in
[2019-03-19 10:58:53,740] {bash_operator.py:123} INFO - 2015-08-23
[2019-03-19 10:58:53,740] {bash_operator.py:123} INFO - 2015-08-30
[2019-03-19 10:58:53,740] {bash_operator.py:123} INFO - Parameter I passed in
[2019-03-19 10:58:53,740] {bash_operator.py:123} INFO - 2015-08-23
[2019-03-19 10:58:53,740] {bash_operator.py:123} INFO - 2015-08-30
[2019-03-19 10:58:53,740] {bash_operator.py:123} INFO - Parameter I passed in
[2019-03-19 10:58:53,740] {bash_operator.py:127} INFO - Command exited with return code 0
[2019-03-19 10:58:57,781] {logging_mixin.py:95} INFO - [2019-03-19 10:58:57,780] {jobs.py:2527} INFO - Task exited with return code 0
