[2019-03-22 05:47:12,308] {models.py:1359} INFO - Dependencies all met for <TaskInstance: tutorial.templated 2019-03-11T00:00:00+00:00 [queued]>
[2019-03-22 05:47:12,317] {models.py:1359} INFO - Dependencies all met for <TaskInstance: tutorial.templated 2019-03-11T00:00:00+00:00 [queued]>
[2019-03-22 05:47:12,317] {models.py:1571} INFO - 
--------------------------------------------------------------------------------
Starting attempt 1 of 2
--------------------------------------------------------------------------------

[2019-03-22 05:47:12,402] {models.py:1593} INFO - Executing <Task(BashOperator): templated> on 2019-03-11T00:00:00+00:00
[2019-03-22 05:47:12,402] {base_task_runner.py:118} INFO - Running: ['bash', '-c', 'airflow run tutorial templated 2019-03-11T00:00:00+00:00 --job_id 2834 --raw -sd DAGS_FOLDER/example_dags/tutorial.py --cfg_path /tmp/tmpdj8dtput']
[2019-03-22 05:47:13,194] {base_task_runner.py:101} INFO - Job 2834: Subtask templated [2019-03-22 05:47:13,190] {__init__.py:51} INFO - Using executor SequentialExecutor
[2019-03-22 05:47:13,532] {base_task_runner.py:101} INFO - Job 2834: Subtask templated [2019-03-22 05:47:13,531] {models.py:273} INFO - Filling up the DagBag from /home/rsandroni/airflow/dags/example_dags/tutorial.py
[2019-03-22 05:47:13,754] {base_task_runner.py:101} INFO - Job 2834: Subtask templated [2019-03-22 05:47:13,744] {cli.py:520} INFO - Running <TaskInstance: tutorial.templated 2019-03-11T00:00:00+00:00 [running]> on host IADAIRP1.globalrs.rack.space
[2019-03-22 05:47:13,791] {bash_operator.py:77} INFO - Tmp dir root location: 
 /tmp
[2019-03-22 05:47:13,791] {bash_operator.py:86} INFO - Exporting the following env vars:
AIRFLOW_CTX_DAG_ID=tutorial
AIRFLOW_CTX_TASK_ID=templated
AIRFLOW_CTX_EXECUTION_DATE=2019-03-11T00:00:00+00:00
AIRFLOW_CTX_DAG_RUN_ID=scheduled__2019-03-11T00:00:00+00:00
[2019-03-22 05:47:13,792] {bash_operator.py:100} INFO - Temporary script location: /tmp/airflowtmpm1tn0c4i/templated5s24h_60
[2019-03-22 05:47:13,792] {bash_operator.py:110} INFO - Running command: 

    echo "2019-03-11"
    echo "2019-03-18"
    echo "Parameter I passed in"

    echo "2019-03-11"
    echo "2019-03-18"
    echo "Parameter I passed in"

    echo "2019-03-11"
    echo "2019-03-18"
    echo "Parameter I passed in"

    echo "2019-03-11"
    echo "2019-03-18"
    echo "Parameter I passed in"

    echo "2019-03-11"
    echo "2019-03-18"
    echo "Parameter I passed in"

[2019-03-22 05:47:13,829] {bash_operator.py:119} INFO - Output:
[2019-03-22 05:47:13,830] {bash_operator.py:123} INFO - 2019-03-11
[2019-03-22 05:47:13,830] {bash_operator.py:123} INFO - 2019-03-18
[2019-03-22 05:47:13,830] {bash_operator.py:123} INFO - Parameter I passed in
[2019-03-22 05:47:13,830] {bash_operator.py:123} INFO - 2019-03-11
[2019-03-22 05:47:13,830] {bash_operator.py:123} INFO - 2019-03-18
[2019-03-22 05:47:13,830] {bash_operator.py:123} INFO - Parameter I passed in
[2019-03-22 05:47:13,830] {bash_operator.py:123} INFO - 2019-03-11
[2019-03-22 05:47:13,830] {bash_operator.py:123} INFO - 2019-03-18
[2019-03-22 05:47:13,830] {bash_operator.py:123} INFO - Parameter I passed in
[2019-03-22 05:47:13,830] {bash_operator.py:123} INFO - 2019-03-11
[2019-03-22 05:47:13,830] {bash_operator.py:123} INFO - 2019-03-18
[2019-03-22 05:47:13,830] {bash_operator.py:123} INFO - Parameter I passed in
[2019-03-22 05:47:13,830] {bash_operator.py:123} INFO - 2019-03-11
[2019-03-22 05:47:13,831] {bash_operator.py:123} INFO - 2019-03-18
[2019-03-22 05:47:13,831] {bash_operator.py:123} INFO - Parameter I passed in
[2019-03-22 05:47:13,831] {bash_operator.py:127} INFO - Command exited with return code 0
[2019-03-22 05:47:17,273] {logging_mixin.py:95} INFO - [2019-03-22 05:47:17,273] {jobs.py:2527} INFO - Task exited with return code 0
