[2019-03-19 14:49:22,502] {models.py:1359} INFO - Dependencies all met for <TaskInstance: tutorial.templated 2016-12-25T00:00:00+00:00 [queued]>
[2019-03-19 14:49:22,507] {models.py:1359} INFO - Dependencies all met for <TaskInstance: tutorial.templated 2016-12-25T00:00:00+00:00 [queued]>
[2019-03-19 14:49:22,508] {models.py:1571} INFO - 
--------------------------------------------------------------------------------
Starting attempt 1 of 2
--------------------------------------------------------------------------------

[2019-03-19 14:49:22,576] {models.py:1593} INFO - Executing <Task(BashOperator): templated> on 2016-12-25T00:00:00+00:00
[2019-03-19 14:49:22,576] {base_task_runner.py:118} INFO - Running: ['bash', '-c', 'airflow run tutorial templated 2016-12-25T00:00:00+00:00 --job_id 1155 --raw -sd DAGS_FOLDER/sql_server_load.py --cfg_path /tmp/tmp_4qmrj5t']
[2019-03-19 14:49:23,477] {base_task_runner.py:101} INFO - Job 1155: Subtask templated [2019-03-19 14:49:23,471] {__init__.py:51} INFO - Using executor SequentialExecutor
[2019-03-19 14:49:23,875] {base_task_runner.py:101} INFO - Job 1155: Subtask templated [2019-03-19 14:49:23,869] {models.py:273} INFO - Filling up the DagBag from /home/rsandroni/airflow/dags/sql_server_load.py
[2019-03-19 14:49:23,919] {base_task_runner.py:101} INFO - Job 1155: Subtask templated [2019-03-19 14:49:23,918] {cli.py:520} INFO - Running <TaskInstance: tutorial.templated 2016-12-25T00:00:00+00:00 [running]> on host IADAIRP1.globalrs.rack.space
[2019-03-19 14:49:23,955] {bash_operator.py:77} INFO - Tmp dir root location: 
 /tmp
[2019-03-19 14:49:23,955] {bash_operator.py:86} INFO - Exporting the following env vars:
AIRFLOW_CTX_DAG_ID=tutorial
AIRFLOW_CTX_TASK_ID=templated
AIRFLOW_CTX_EXECUTION_DATE=2016-12-25T00:00:00+00:00
AIRFLOW_CTX_DAG_RUN_ID=scheduled__2016-12-25T00:00:00+00:00
[2019-03-19 14:49:23,955] {bash_operator.py:100} INFO - Temporary script location: /tmp/airflowtmpk982ufv9/templatednrrakku6
[2019-03-19 14:49:23,956] {bash_operator.py:110} INFO - Running command: 
    
        echo "2016-12-25"
        echo "Parameter I passed in"
    
        echo "2016-12-25"
        echo "Parameter I passed in"
    
        echo "2016-12-25"
        echo "Parameter I passed in"
    
        echo "2016-12-25"
        echo "Parameter I passed in"
    
        echo "2016-12-25"
        echo "Parameter I passed in"
    
    
[2019-03-19 14:49:23,993] {bash_operator.py:119} INFO - Output:
[2019-03-19 14:49:23,994] {bash_operator.py:123} INFO - 2016-12-25
[2019-03-19 14:49:23,994] {bash_operator.py:123} INFO - Parameter I passed in
[2019-03-19 14:49:23,994] {bash_operator.py:123} INFO - 2016-12-25
[2019-03-19 14:49:23,994] {bash_operator.py:123} INFO - Parameter I passed in
[2019-03-19 14:49:23,994] {bash_operator.py:123} INFO - 2016-12-25
[2019-03-19 14:49:23,994] {bash_operator.py:123} INFO - Parameter I passed in
[2019-03-19 14:49:23,994] {bash_operator.py:123} INFO - 2016-12-25
[2019-03-19 14:49:23,994] {bash_operator.py:123} INFO - Parameter I passed in
[2019-03-19 14:49:23,994] {bash_operator.py:123} INFO - 2016-12-25
[2019-03-19 14:49:23,994] {bash_operator.py:123} INFO - Parameter I passed in
[2019-03-19 14:49:23,994] {bash_operator.py:127} INFO - Command exited with return code 0
[2019-03-19 14:49:27,434] {logging_mixin.py:95} INFO - [2019-03-19 14:49:27,434] {jobs.py:2527} INFO - Task exited with return code 0
