[2019-03-19 12:07:57,055] {models.py:1359} INFO - Dependencies all met for <TaskInstance: tutorial.templated 2016-01-23T00:00:00+00:00 [queued]>
[2019-03-19 12:07:57,059] {models.py:1359} INFO - Dependencies all met for <TaskInstance: tutorial.templated 2016-01-23T00:00:00+00:00 [queued]>
[2019-03-19 12:07:57,059] {models.py:1571} INFO - 
--------------------------------------------------------------------------------
Starting attempt 1 of 2
--------------------------------------------------------------------------------

[2019-03-19 12:07:57,076] {models.py:1593} INFO - Executing <Task(BashOperator): templated> on 2016-01-23T00:00:00+00:00
[2019-03-19 12:07:57,076] {base_task_runner.py:118} INFO - Running: ['bash', '-c', 'airflow run tutorial templated 2016-01-23T00:00:00+00:00 --job_id 479 --raw -sd DAGS_FOLDER/example_dags/tutorial.py --cfg_path /tmp/tmps_obwvhl']
[2019-03-19 12:07:57,692] {base_task_runner.py:101} INFO - Job 479: Subtask templated [2019-03-19 12:07:57,692] {__init__.py:51} INFO - Using executor SequentialExecutor
[2019-03-19 12:07:57,923] {base_task_runner.py:101} INFO - Job 479: Subtask templated [2019-03-19 12:07:57,923] {models.py:273} INFO - Filling up the DagBag from /home/rsandroni/airflow/dags/example_dags/tutorial.py
[2019-03-19 12:07:57,965] {base_task_runner.py:101} INFO - Job 479: Subtask templated [2019-03-19 12:07:57,964] {cli.py:520} INFO - Running <TaskInstance: tutorial.templated 2016-01-23T00:00:00+00:00 [running]> on host IADAIRP1.globalrs.rack.space
[2019-03-19 12:07:57,983] {bash_operator.py:77} INFO - Tmp dir root location: 
 /tmp
[2019-03-19 12:07:57,984] {bash_operator.py:86} INFO - Exporting the following env vars:
AIRFLOW_CTX_DAG_ID=tutorial
AIRFLOW_CTX_TASK_ID=templated
AIRFLOW_CTX_EXECUTION_DATE=2016-01-23T00:00:00+00:00
AIRFLOW_CTX_DAG_RUN_ID=scheduled__2016-01-23T00:00:00+00:00
[2019-03-19 12:07:57,984] {bash_operator.py:100} INFO - Temporary script location: /tmp/airflowtmpnjrpaizp/templatedmtx8yr02
[2019-03-19 12:07:57,984] {bash_operator.py:110} INFO - Running command: 

    echo "2016-01-23"
    echo "2016-01-30"
    echo "Parameter I passed in"

    echo "2016-01-23"
    echo "2016-01-30"
    echo "Parameter I passed in"

    echo "2016-01-23"
    echo "2016-01-30"
    echo "Parameter I passed in"

    echo "2016-01-23"
    echo "2016-01-30"
    echo "Parameter I passed in"

    echo "2016-01-23"
    echo "2016-01-30"
    echo "Parameter I passed in"

[2019-03-19 12:07:57,989] {bash_operator.py:119} INFO - Output:
[2019-03-19 12:07:57,990] {bash_operator.py:123} INFO - 2016-01-23
[2019-03-19 12:07:57,990] {bash_operator.py:123} INFO - 2016-01-30
[2019-03-19 12:07:57,991] {bash_operator.py:123} INFO - Parameter I passed in
[2019-03-19 12:07:57,991] {bash_operator.py:123} INFO - 2016-01-23
[2019-03-19 12:07:57,991] {bash_operator.py:123} INFO - 2016-01-30
[2019-03-19 12:07:57,991] {bash_operator.py:123} INFO - Parameter I passed in
[2019-03-19 12:07:57,991] {bash_operator.py:123} INFO - 2016-01-23
[2019-03-19 12:07:57,991] {bash_operator.py:123} INFO - 2016-01-30
[2019-03-19 12:07:57,991] {bash_operator.py:123} INFO - Parameter I passed in
[2019-03-19 12:07:57,991] {bash_operator.py:123} INFO - 2016-01-23
[2019-03-19 12:07:57,991] {bash_operator.py:123} INFO - 2016-01-30
[2019-03-19 12:07:57,991] {bash_operator.py:123} INFO - Parameter I passed in
[2019-03-19 12:07:57,991] {bash_operator.py:123} INFO - 2016-01-23
[2019-03-19 12:07:57,991] {bash_operator.py:123} INFO - 2016-01-30
[2019-03-19 12:07:57,991] {bash_operator.py:123} INFO - Parameter I passed in
[2019-03-19 12:07:57,991] {bash_operator.py:127} INFO - Command exited with return code 0
[2019-03-19 12:08:02,050] {logging_mixin.py:95} INFO - [2019-03-19 12:08:02,049] {jobs.py:2527} INFO - Task exited with return code 0
