[2019-03-22 00:27:28,358] {models.py:1359} INFO - Dependencies all met for <TaskInstance: tutorial.print_date 2018-07-15T00:00:00+00:00 [queued]>
[2019-03-22 00:27:28,361] {models.py:1359} INFO - Dependencies all met for <TaskInstance: tutorial.print_date 2018-07-15T00:00:00+00:00 [queued]>
[2019-03-22 00:27:28,362] {models.py:1571} INFO - 
--------------------------------------------------------------------------------
Starting attempt 1 of 2
--------------------------------------------------------------------------------

[2019-03-22 00:27:28,377] {models.py:1593} INFO - Executing <Task(BashOperator): print_date> on 2018-07-15T00:00:00+00:00
[2019-03-22 00:27:28,377] {base_task_runner.py:118} INFO - Running: ['bash', '-c', 'airflow run tutorial print_date 2018-07-15T00:00:00+00:00 --job_id 2353 --raw -sd DAGS_FOLDER/tutorial.py --cfg_path /tmp/tmp1xylwzti']
[2019-03-22 00:27:29,075] {base_task_runner.py:101} INFO - Job 2353: Subtask print_date [2019-03-22 00:27:29,074] {__init__.py:51} INFO - Using executor SequentialExecutor
[2019-03-22 00:27:29,358] {base_task_runner.py:101} INFO - Job 2353: Subtask print_date [2019-03-22 00:27:29,357] {models.py:273} INFO - Filling up the DagBag from /home/rsandroni/airflow/dags/tutorial.py
[2019-03-22 00:27:29,377] {base_task_runner.py:101} INFO - Job 2353: Subtask print_date [2019-03-22 00:27:29,374] {cli.py:520} INFO - Running <TaskInstance: tutorial.print_date 2018-07-15T00:00:00+00:00 [running]> on host IADAIRP1.globalrs.rack.space
[2019-03-22 00:27:29,389] {bash_operator.py:77} INFO - Tmp dir root location: 
 /tmp
[2019-03-22 00:27:29,389] {bash_operator.py:86} INFO - Exporting the following env vars:
AIRFLOW_CTX_DAG_ID=tutorial
AIRFLOW_CTX_TASK_ID=print_date
AIRFLOW_CTX_EXECUTION_DATE=2018-07-15T00:00:00+00:00
AIRFLOW_CTX_DAG_RUN_ID=scheduled__2018-07-15T00:00:00+00:00
[2019-03-22 00:27:29,390] {bash_operator.py:100} INFO - Temporary script location: /tmp/airflowtmpc_ggzuet/print_datery6lc575
[2019-03-22 00:27:29,390] {bash_operator.py:110} INFO - Running command: date
[2019-03-22 00:27:29,395] {bash_operator.py:119} INFO - Output:
[2019-03-22 00:27:29,398] {bash_operator.py:123} INFO - Sex Mar 22 00:27:29 -03 2019
[2019-03-22 00:27:29,398] {bash_operator.py:127} INFO - Command exited with return code 0
[2019-03-22 00:27:33,400] {logging_mixin.py:95} INFO - [2019-03-22 00:27:33,399] {jobs.py:2527} INFO - Task exited with return code 0
