[2019-03-19 10:34:11,154] {models.py:1359} INFO - Dependencies all met for <TaskInstance: tutorial.templated 2015-07-08T00:00:00+00:00 [queued]>
[2019-03-19 10:34:11,159] {models.py:1359} INFO - Dependencies all met for <TaskInstance: tutorial.templated 2015-07-08T00:00:00+00:00 [queued]>
[2019-03-19 10:34:11,159] {models.py:1571} INFO - 
--------------------------------------------------------------------------------
Starting attempt 1 of 2
--------------------------------------------------------------------------------

[2019-03-19 10:34:11,175] {models.py:1593} INFO - Executing <Task(BashOperator): templated> on 2015-07-08T00:00:00+00:00
[2019-03-19 10:34:11,175] {base_task_runner.py:118} INFO - Running: ['bash', '-c', 'airflow run tutorial templated 2015-07-08T00:00:00+00:00 --job_id 82 --raw -sd DAGS_FOLDER/example_dags/tutorial.py --cfg_path /tmp/tmpt3mlergp']
[2019-03-19 10:34:11,785] {base_task_runner.py:101} INFO - Job 82: Subtask templated [2019-03-19 10:34:11,784] {__init__.py:51} INFO - Using executor SequentialExecutor
[2019-03-19 10:34:12,043] {base_task_runner.py:101} INFO - Job 82: Subtask templated [2019-03-19 10:34:12,042] {models.py:273} INFO - Filling up the DagBag from /home/rsandroni/airflow/dags/example_dags/tutorial.py
[2019-03-19 10:34:12,084] {base_task_runner.py:101} INFO - Job 82: Subtask templated [2019-03-19 10:34:12,084] {cli.py:520} INFO - Running <TaskInstance: tutorial.templated 2015-07-08T00:00:00+00:00 [running]> on host IADAIRP1.globalrs.rack.space
[2019-03-19 10:34:12,100] {bash_operator.py:77} INFO - Tmp dir root location: 
 /tmp
[2019-03-19 10:34:12,100] {bash_operator.py:86} INFO - Exporting the following env vars:
AIRFLOW_CTX_DAG_ID=tutorial
AIRFLOW_CTX_TASK_ID=templated
AIRFLOW_CTX_EXECUTION_DATE=2015-07-08T00:00:00+00:00
AIRFLOW_CTX_DAG_RUN_ID=scheduled__2015-07-08T00:00:00+00:00
[2019-03-19 10:34:12,101] {bash_operator.py:100} INFO - Temporary script location: /tmp/airflowtmphu9igrxx/templatedrfgc1rwz
[2019-03-19 10:34:12,101] {bash_operator.py:110} INFO - Running command: 

    echo "2015-07-08"
    echo "2015-07-15"
    echo "Parameter I passed in"

    echo "2015-07-08"
    echo "2015-07-15"
    echo "Parameter I passed in"

    echo "2015-07-08"
    echo "2015-07-15"
    echo "Parameter I passed in"

    echo "2015-07-08"
    echo "2015-07-15"
    echo "Parameter I passed in"

    echo "2015-07-08"
    echo "2015-07-15"
    echo "Parameter I passed in"

[2019-03-19 10:34:12,106] {bash_operator.py:119} INFO - Output:
[2019-03-19 10:34:12,107] {bash_operator.py:123} INFO - 2015-07-08
[2019-03-19 10:34:12,107] {bash_operator.py:123} INFO - 2015-07-15
[2019-03-19 10:34:12,107] {bash_operator.py:123} INFO - Parameter I passed in
[2019-03-19 10:34:12,107] {bash_operator.py:123} INFO - 2015-07-08
[2019-03-19 10:34:12,107] {bash_operator.py:123} INFO - 2015-07-15
[2019-03-19 10:34:12,107] {bash_operator.py:123} INFO - Parameter I passed in
[2019-03-19 10:34:12,107] {bash_operator.py:123} INFO - 2015-07-08
[2019-03-19 10:34:12,107] {bash_operator.py:123} INFO - 2015-07-15
[2019-03-19 10:34:12,107] {bash_operator.py:123} INFO - Parameter I passed in
[2019-03-19 10:34:12,107] {bash_operator.py:123} INFO - 2015-07-08
[2019-03-19 10:34:12,107] {bash_operator.py:123} INFO - 2015-07-15
[2019-03-19 10:34:12,107] {bash_operator.py:123} INFO - Parameter I passed in
[2019-03-19 10:34:12,107] {bash_operator.py:123} INFO - 2015-07-08
[2019-03-19 10:34:12,107] {bash_operator.py:123} INFO - 2015-07-15
[2019-03-19 10:34:12,107] {bash_operator.py:123} INFO - Parameter I passed in
[2019-03-19 10:34:12,107] {bash_operator.py:127} INFO - Command exited with return code 0
[2019-03-19 10:34:16,156] {logging_mixin.py:95} INFO - [2019-03-19 10:34:16,155] {jobs.py:2527} INFO - Task exited with return code 0
