[2019-03-19 15:24:31,057] {models.py:1359} INFO - Dependencies all met for <TaskInstance: tutorial.print_date 2017-03-13T00:00:00+00:00 [queued]>
[2019-03-19 15:24:31,060] {models.py:1359} INFO - Dependencies all met for <TaskInstance: tutorial.print_date 2017-03-13T00:00:00+00:00 [queued]>
[2019-03-19 15:24:31,060] {models.py:1571} INFO - 
--------------------------------------------------------------------------------
Starting attempt 1 of 2
--------------------------------------------------------------------------------

[2019-03-19 15:24:31,143] {models.py:1593} INFO - Executing <Task(BashOperator): print_date> on 2017-03-13T00:00:00+00:00
[2019-03-19 15:24:31,143] {base_task_runner.py:118} INFO - Running: ['bash', '-c', 'airflow run tutorial print_date 2017-03-13T00:00:00+00:00 --job_id 1308 --raw -sd DAGS_FOLDER/tutorial.py --cfg_path /tmp/tmpmx2mloay']
[2019-03-19 15:24:31,813] {base_task_runner.py:101} INFO - Job 1308: Subtask print_date [2019-03-19 15:24:31,812] {__init__.py:51} INFO - Using executor SequentialExecutor
[2019-03-19 15:24:32,175] {base_task_runner.py:101} INFO - Job 1308: Subtask print_date [2019-03-19 15:24:32,169] {models.py:273} INFO - Filling up the DagBag from /home/rsandroni/airflow/dags/tutorial.py
[2019-03-19 15:24:32,229] {base_task_runner.py:101} INFO - Job 1308: Subtask print_date [2019-03-19 15:24:32,223] {cli.py:520} INFO - Running <TaskInstance: tutorial.print_date 2017-03-13T00:00:00+00:00 [running]> on host IADAIRP1.globalrs.rack.space
[2019-03-19 15:24:32,254] {bash_operator.py:77} INFO - Tmp dir root location: 
 /tmp
[2019-03-19 15:24:32,255] {bash_operator.py:86} INFO - Exporting the following env vars:
AIRFLOW_CTX_DAG_ID=tutorial
AIRFLOW_CTX_TASK_ID=print_date
AIRFLOW_CTX_EXECUTION_DATE=2017-03-13T00:00:00+00:00
AIRFLOW_CTX_DAG_RUN_ID=scheduled__2017-03-13T00:00:00+00:00
[2019-03-19 15:24:32,255] {bash_operator.py:100} INFO - Temporary script location: /tmp/airflowtmp8tk8zz3a/print_dater0gsklfb
[2019-03-19 15:24:32,255] {bash_operator.py:110} INFO - Running command: date
[2019-03-19 15:24:32,306] {bash_operator.py:119} INFO - Output:
[2019-03-19 15:24:32,323] {bash_operator.py:123} INFO - Ter Mar 19 15:24:32 -03 2019
[2019-03-19 15:24:32,324] {bash_operator.py:127} INFO - Command exited with return code 0
[2019-03-19 15:24:36,075] {logging_mixin.py:95} INFO - [2019-03-19 15:24:36,074] {jobs.py:2527} INFO - Task exited with return code 0
