[2019-03-21 23:52:44,730] {models.py:1359} INFO - Dependencies all met for <TaskInstance: tutorial.print_date 2018-06-18T00:00:00+00:00 [queued]>
[2019-03-21 23:52:44,733] {models.py:1359} INFO - Dependencies all met for <TaskInstance: tutorial.print_date 2018-06-18T00:00:00+00:00 [queued]>
[2019-03-21 23:52:44,733] {models.py:1571} INFO - 
--------------------------------------------------------------------------------
Starting attempt 1 of 2
--------------------------------------------------------------------------------

[2019-03-21 23:52:44,745] {models.py:1593} INFO - Executing <Task(BashOperator): print_date> on 2018-06-18T00:00:00+00:00
[2019-03-21 23:52:44,745] {base_task_runner.py:118} INFO - Running: ['bash', '-c', 'airflow run tutorial print_date 2018-06-18T00:00:00+00:00 --job_id 2300 --raw -sd DAGS_FOLDER/tutorial.py --cfg_path /tmp/tmpigjy511g']
[2019-03-21 23:52:45,378] {base_task_runner.py:101} INFO - Job 2300: Subtask print_date [2019-03-21 23:52:45,377] {__init__.py:51} INFO - Using executor SequentialExecutor
[2019-03-21 23:52:45,607] {base_task_runner.py:101} INFO - Job 2300: Subtask print_date [2019-03-21 23:52:45,607] {models.py:273} INFO - Filling up the DagBag from /home/rsandroni/airflow/dags/tutorial.py
[2019-03-21 23:52:45,623] {base_task_runner.py:101} INFO - Job 2300: Subtask print_date [2019-03-21 23:52:45,622] {cli.py:520} INFO - Running <TaskInstance: tutorial.print_date 2018-06-18T00:00:00+00:00 [running]> on host IADAIRP1.globalrs.rack.space
[2019-03-21 23:52:45,635] {bash_operator.py:77} INFO - Tmp dir root location: 
 /tmp
[2019-03-21 23:52:45,635] {bash_operator.py:86} INFO - Exporting the following env vars:
AIRFLOW_CTX_DAG_ID=tutorial
AIRFLOW_CTX_TASK_ID=print_date
AIRFLOW_CTX_EXECUTION_DATE=2018-06-18T00:00:00+00:00
AIRFLOW_CTX_DAG_RUN_ID=scheduled__2018-06-18T00:00:00+00:00
[2019-03-21 23:52:45,635] {bash_operator.py:100} INFO - Temporary script location: /tmp/airflowtmppjw7v9rr/print_date04fwzrwr
[2019-03-21 23:52:45,635] {bash_operator.py:110} INFO - Running command: date
[2019-03-21 23:52:45,641] {bash_operator.py:119} INFO - Output:
[2019-03-21 23:52:45,643] {bash_operator.py:123} INFO - Qui Mar 21 23:52:45 -03 2019
[2019-03-21 23:52:45,643] {bash_operator.py:127} INFO - Command exited with return code 0
[2019-03-21 23:52:49,739] {logging_mixin.py:95} INFO - [2019-03-21 23:52:49,738] {jobs.py:2527} INFO - Task exited with return code 0
