[2019-03-22 01:35:36,765] {models.py:1359} INFO - Dependencies all met for <TaskInstance: tutorial.templated 2018-09-02T00:00:00+00:00 [queued]>
[2019-03-22 01:35:36,782] {models.py:1359} INFO - Dependencies all met for <TaskInstance: tutorial.templated 2018-09-02T00:00:00+00:00 [queued]>
[2019-03-22 01:35:36,783] {models.py:1571} INFO - 
--------------------------------------------------------------------------------
Starting attempt 1 of 2
--------------------------------------------------------------------------------

[2019-03-22 01:35:36,842] {models.py:1593} INFO - Executing <Task(BashOperator): templated> on 2018-09-02T00:00:00+00:00
[2019-03-22 01:35:36,842] {base_task_runner.py:118} INFO - Running: ['bash', '-c', 'airflow run tutorial templated 2018-09-02T00:00:00+00:00 --job_id 2454 --raw -sd DAGS_FOLDER/example_dags/tutorial.py --cfg_path /tmp/tmpwq5sdknq']
[2019-03-22 01:35:38,915] {base_task_runner.py:101} INFO - Job 2454: Subtask templated [2019-03-22 01:35:38,914] {__init__.py:51} INFO - Using executor SequentialExecutor
[2019-03-22 01:35:39,552] {base_task_runner.py:101} INFO - Job 2454: Subtask templated [2019-03-22 01:35:39,545] {models.py:273} INFO - Filling up the DagBag from /home/rsandroni/airflow/dags/example_dags/tutorial.py
[2019-03-22 01:35:39,734] {base_task_runner.py:101} INFO - Job 2454: Subtask templated [2019-03-22 01:35:39,730] {cli.py:520} INFO - Running <TaskInstance: tutorial.templated 2018-09-02T00:00:00+00:00 [running]> on host IADAIRP1.globalrs.rack.space
[2019-03-22 01:35:39,774] {bash_operator.py:77} INFO - Tmp dir root location: 
 /tmp
[2019-03-22 01:35:39,774] {bash_operator.py:86} INFO - Exporting the following env vars:
AIRFLOW_CTX_DAG_ID=tutorial
AIRFLOW_CTX_TASK_ID=templated
AIRFLOW_CTX_EXECUTION_DATE=2018-09-02T00:00:00+00:00
AIRFLOW_CTX_DAG_RUN_ID=scheduled__2018-09-02T00:00:00+00:00
[2019-03-22 01:35:39,775] {bash_operator.py:100} INFO - Temporary script location: /tmp/airflowtmp4wc1xxe0/templatednd80ctaq
[2019-03-22 01:35:39,775] {bash_operator.py:110} INFO - Running command: 

    echo "2018-09-02"
    echo "2018-09-09"
    echo "Parameter I passed in"

    echo "2018-09-02"
    echo "2018-09-09"
    echo "Parameter I passed in"

    echo "2018-09-02"
    echo "2018-09-09"
    echo "Parameter I passed in"

    echo "2018-09-02"
    echo "2018-09-09"
    echo "Parameter I passed in"

    echo "2018-09-02"
    echo "2018-09-09"
    echo "Parameter I passed in"

[2019-03-22 01:35:39,867] {bash_operator.py:119} INFO - Output:
[2019-03-22 01:35:39,876] {bash_operator.py:123} INFO - 2018-09-02
[2019-03-22 01:35:39,876] {bash_operator.py:123} INFO - 2018-09-09
[2019-03-22 01:35:39,876] {bash_operator.py:123} INFO - Parameter I passed in
[2019-03-22 01:35:39,876] {bash_operator.py:123} INFO - 2018-09-02
[2019-03-22 01:35:39,876] {bash_operator.py:123} INFO - 2018-09-09
[2019-03-22 01:35:39,876] {bash_operator.py:123} INFO - Parameter I passed in
[2019-03-22 01:35:39,876] {bash_operator.py:123} INFO - 2018-09-02
[2019-03-22 01:35:39,876] {bash_operator.py:123} INFO - 2018-09-09
[2019-03-22 01:35:39,876] {bash_operator.py:123} INFO - Parameter I passed in
[2019-03-22 01:35:39,877] {bash_operator.py:123} INFO - 2018-09-02
[2019-03-22 01:35:39,877] {bash_operator.py:123} INFO - 2018-09-09
[2019-03-22 01:35:39,877] {bash_operator.py:123} INFO - Parameter I passed in
[2019-03-22 01:35:39,877] {bash_operator.py:123} INFO - 2018-09-02
[2019-03-22 01:35:39,877] {bash_operator.py:123} INFO - 2018-09-09
[2019-03-22 01:35:39,877] {bash_operator.py:123} INFO - Parameter I passed in
[2019-03-22 01:35:39,877] {bash_operator.py:127} INFO - Command exited with return code 0
[2019-03-22 01:35:41,800] {logging_mixin.py:95} INFO - [2019-03-22 01:35:41,799] {jobs.py:2527} INFO - Task exited with return code 0
