[2019-03-22 01:59:31,079] {models.py:1359} INFO - Dependencies all met for <TaskInstance: tutorial.templated 2018-09-21T00:00:00+00:00 [queued]>
[2019-03-22 01:59:31,084] {models.py:1359} INFO - Dependencies all met for <TaskInstance: tutorial.templated 2018-09-21T00:00:00+00:00 [queued]>
[2019-03-22 01:59:31,084] {models.py:1571} INFO - 
--------------------------------------------------------------------------------
Starting attempt 1 of 2
--------------------------------------------------------------------------------

[2019-03-22 01:59:31,161] {models.py:1593} INFO - Executing <Task(BashOperator): templated> on 2018-09-21T00:00:00+00:00
[2019-03-22 01:59:31,161] {base_task_runner.py:118} INFO - Running: ['bash', '-c', 'airflow run tutorial templated 2018-09-21T00:00:00+00:00 --job_id 2491 --raw -sd DAGS_FOLDER/example_dags/tutorial.py --cfg_path /tmp/tmpkihsqcmx']
[2019-03-22 01:59:32,144] {base_task_runner.py:101} INFO - Job 2491: Subtask templated [2019-03-22 01:59:32,143] {__init__.py:51} INFO - Using executor SequentialExecutor
[2019-03-22 01:59:32,451] {base_task_runner.py:101} INFO - Job 2491: Subtask templated [2019-03-22 01:59:32,447] {models.py:273} INFO - Filling up the DagBag from /home/rsandroni/airflow/dags/example_dags/tutorial.py
[2019-03-22 01:59:32,551] {base_task_runner.py:101} INFO - Job 2491: Subtask templated [2019-03-22 01:59:32,550] {cli.py:520} INFO - Running <TaskInstance: tutorial.templated 2018-09-21T00:00:00+00:00 [running]> on host IADAIRP1.globalrs.rack.space
[2019-03-22 01:59:32,581] {bash_operator.py:77} INFO - Tmp dir root location: 
 /tmp
[2019-03-22 01:59:32,582] {bash_operator.py:86} INFO - Exporting the following env vars:
AIRFLOW_CTX_DAG_ID=tutorial
AIRFLOW_CTX_TASK_ID=templated
AIRFLOW_CTX_EXECUTION_DATE=2018-09-21T00:00:00+00:00
AIRFLOW_CTX_DAG_RUN_ID=scheduled__2018-09-21T00:00:00+00:00
[2019-03-22 01:59:32,582] {bash_operator.py:100} INFO - Temporary script location: /tmp/airflowtmpbnctpsok/templated6gt50n7n
[2019-03-22 01:59:32,582] {bash_operator.py:110} INFO - Running command: 

    echo "2018-09-21"
    echo "2018-09-28"
    echo "Parameter I passed in"

    echo "2018-09-21"
    echo "2018-09-28"
    echo "Parameter I passed in"

    echo "2018-09-21"
    echo "2018-09-28"
    echo "Parameter I passed in"

    echo "2018-09-21"
    echo "2018-09-28"
    echo "Parameter I passed in"

    echo "2018-09-21"
    echo "2018-09-28"
    echo "Parameter I passed in"

[2019-03-22 01:59:32,590] {bash_operator.py:119} INFO - Output:
[2019-03-22 01:59:32,590] {bash_operator.py:123} INFO - 2018-09-21
[2019-03-22 01:59:32,590] {bash_operator.py:123} INFO - 2018-09-28
[2019-03-22 01:59:32,590] {bash_operator.py:123} INFO - Parameter I passed in
[2019-03-22 01:59:32,590] {bash_operator.py:123} INFO - 2018-09-21
[2019-03-22 01:59:32,590] {bash_operator.py:123} INFO - 2018-09-28
[2019-03-22 01:59:32,590] {bash_operator.py:123} INFO - Parameter I passed in
[2019-03-22 01:59:32,590] {bash_operator.py:123} INFO - 2018-09-21
[2019-03-22 01:59:32,590] {bash_operator.py:123} INFO - 2018-09-28
[2019-03-22 01:59:32,590] {bash_operator.py:123} INFO - Parameter I passed in
[2019-03-22 01:59:32,590] {bash_operator.py:123} INFO - 2018-09-21
[2019-03-22 01:59:32,590] {bash_operator.py:123} INFO - 2018-09-28
[2019-03-22 01:59:32,591] {bash_operator.py:123} INFO - Parameter I passed in
[2019-03-22 01:59:32,591] {bash_operator.py:123} INFO - 2018-09-21
[2019-03-22 01:59:32,591] {bash_operator.py:123} INFO - 2018-09-28
[2019-03-22 01:59:32,591] {bash_operator.py:123} INFO - Parameter I passed in
[2019-03-22 01:59:32,591] {bash_operator.py:127} INFO - Command exited with return code 0
[2019-03-22 01:59:35,991] {logging_mixin.py:95} INFO - [2019-03-22 01:59:35,990] {jobs.py:2527} INFO - Task exited with return code 0
