[2019-03-19 11:41:59,583] {models.py:1359} INFO - Dependencies all met for <TaskInstance: tutorial.templated 2015-11-24T00:00:00+00:00 [queued]>
[2019-03-19 11:41:59,586] {models.py:1359} INFO - Dependencies all met for <TaskInstance: tutorial.templated 2015-11-24T00:00:00+00:00 [queued]>
[2019-03-19 11:41:59,587] {models.py:1571} INFO - 
--------------------------------------------------------------------------------
Starting attempt 1 of 2
--------------------------------------------------------------------------------

[2019-03-19 11:41:59,615] {models.py:1593} INFO - Executing <Task(BashOperator): templated> on 2015-11-24T00:00:00+00:00
[2019-03-19 11:41:59,616] {base_task_runner.py:118} INFO - Running: ['bash', '-c', 'airflow run tutorial templated 2015-11-24T00:00:00+00:00 --job_id 359 --raw -sd DAGS_FOLDER/example_dags/tutorial.py --cfg_path /tmp/tmp2otq52s2']
[2019-03-19 11:42:00,230] {base_task_runner.py:101} INFO - Job 359: Subtask templated [2019-03-19 11:42:00,229] {__init__.py:51} INFO - Using executor SequentialExecutor
[2019-03-19 11:42:00,454] {base_task_runner.py:101} INFO - Job 359: Subtask templated [2019-03-19 11:42:00,454] {models.py:273} INFO - Filling up the DagBag from /home/rsandroni/airflow/dags/example_dags/tutorial.py
[2019-03-19 11:42:00,494] {base_task_runner.py:101} INFO - Job 359: Subtask templated [2019-03-19 11:42:00,494] {cli.py:520} INFO - Running <TaskInstance: tutorial.templated 2015-11-24T00:00:00+00:00 [running]> on host IADAIRP1.globalrs.rack.space
[2019-03-19 11:42:00,511] {bash_operator.py:77} INFO - Tmp dir root location: 
 /tmp
[2019-03-19 11:42:00,511] {bash_operator.py:86} INFO - Exporting the following env vars:
AIRFLOW_CTX_DAG_ID=tutorial
AIRFLOW_CTX_TASK_ID=templated
AIRFLOW_CTX_EXECUTION_DATE=2015-11-24T00:00:00+00:00
AIRFLOW_CTX_DAG_RUN_ID=scheduled__2015-11-24T00:00:00+00:00
[2019-03-19 11:42:00,512] {bash_operator.py:100} INFO - Temporary script location: /tmp/airflowtmpajh_cyc3/templated2tk3n57u
[2019-03-19 11:42:00,512] {bash_operator.py:110} INFO - Running command: 

    echo "2015-11-24"
    echo "2015-12-01"
    echo "Parameter I passed in"

    echo "2015-11-24"
    echo "2015-12-01"
    echo "Parameter I passed in"

    echo "2015-11-24"
    echo "2015-12-01"
    echo "Parameter I passed in"

    echo "2015-11-24"
    echo "2015-12-01"
    echo "Parameter I passed in"

    echo "2015-11-24"
    echo "2015-12-01"
    echo "Parameter I passed in"

[2019-03-19 11:42:00,517] {bash_operator.py:119} INFO - Output:
[2019-03-19 11:42:00,518] {bash_operator.py:123} INFO - 2015-11-24
[2019-03-19 11:42:00,518] {bash_operator.py:123} INFO - 2015-12-01
[2019-03-19 11:42:00,518] {bash_operator.py:123} INFO - Parameter I passed in
[2019-03-19 11:42:00,518] {bash_operator.py:123} INFO - 2015-11-24
[2019-03-19 11:42:00,518] {bash_operator.py:123} INFO - 2015-12-01
[2019-03-19 11:42:00,518] {bash_operator.py:123} INFO - Parameter I passed in
[2019-03-19 11:42:00,518] {bash_operator.py:123} INFO - 2015-11-24
[2019-03-19 11:42:00,518] {bash_operator.py:123} INFO - 2015-12-01
[2019-03-19 11:42:00,518] {bash_operator.py:123} INFO - Parameter I passed in
[2019-03-19 11:42:00,518] {bash_operator.py:123} INFO - 2015-11-24
[2019-03-19 11:42:00,518] {bash_operator.py:123} INFO - 2015-12-01
[2019-03-19 11:42:00,518] {bash_operator.py:123} INFO - Parameter I passed in
[2019-03-19 11:42:00,518] {bash_operator.py:123} INFO - 2015-11-24
[2019-03-19 11:42:00,518] {bash_operator.py:123} INFO - 2015-12-01
[2019-03-19 11:42:00,519] {bash_operator.py:123} INFO - Parameter I passed in
[2019-03-19 11:42:00,519] {bash_operator.py:127} INFO - Command exited with return code 0
[2019-03-19 11:42:04,583] {logging_mixin.py:95} INFO - [2019-03-19 11:42:04,582] {jobs.py:2527} INFO - Task exited with return code 0
