[2019-03-19 12:52:26,692] {models.py:1359} INFO - Dependencies all met for <TaskInstance: tutorial.templated 2016-04-26T00:00:00+00:00 [queued]>
[2019-03-19 12:52:26,700] {models.py:1359} INFO - Dependencies all met for <TaskInstance: tutorial.templated 2016-04-26T00:00:00+00:00 [queued]>
[2019-03-19 12:52:26,700] {models.py:1571} INFO - 
--------------------------------------------------------------------------------
Starting attempt 1 of 2
--------------------------------------------------------------------------------

[2019-03-19 12:52:26,765] {models.py:1593} INFO - Executing <Task(BashOperator): templated> on 2016-04-26T00:00:00+00:00
[2019-03-19 12:52:26,766] {base_task_runner.py:118} INFO - Running: ['bash', '-c', 'airflow run tutorial templated 2016-04-26T00:00:00+00:00 --job_id 669 --raw -sd DAGS_FOLDER/sql_server_load.py --cfg_path /tmp/tmp9f4ts4ev']
[2019-03-19 12:52:28,012] {base_task_runner.py:101} INFO - Job 669: Subtask templated [2019-03-19 12:52:28,006] {__init__.py:51} INFO - Using executor SequentialExecutor
[2019-03-19 12:52:28,618] {base_task_runner.py:101} INFO - Job 669: Subtask templated [2019-03-19 12:52:28,611] {models.py:273} INFO - Filling up the DagBag from /home/rsandroni/airflow/dags/sql_server_load.py
[2019-03-19 12:52:28,660] {base_task_runner.py:101} INFO - Job 669: Subtask templated [2019-03-19 12:52:28,656] {cli.py:520} INFO - Running <TaskInstance: tutorial.templated 2016-04-26T00:00:00+00:00 [running]> on host IADAIRP1.globalrs.rack.space
[2019-03-19 12:52:28,696] {bash_operator.py:77} INFO - Tmp dir root location: 
 /tmp
[2019-03-19 12:52:28,696] {bash_operator.py:86} INFO - Exporting the following env vars:
AIRFLOW_CTX_DAG_ID=tutorial
AIRFLOW_CTX_TASK_ID=templated
AIRFLOW_CTX_EXECUTION_DATE=2016-04-26T00:00:00+00:00
AIRFLOW_CTX_DAG_RUN_ID=scheduled__2016-04-26T00:00:00+00:00
[2019-03-19 12:52:28,697] {bash_operator.py:100} INFO - Temporary script location: /tmp/airflowtmplg_wwrai/templateddelfd3w8
[2019-03-19 12:52:28,697] {bash_operator.py:110} INFO - Running command: 
    
        echo "2016-04-26"
        echo "Parameter I passed in"
    
        echo "2016-04-26"
        echo "Parameter I passed in"
    
        echo "2016-04-26"
        echo "Parameter I passed in"
    
        echo "2016-04-26"
        echo "Parameter I passed in"
    
        echo "2016-04-26"
        echo "Parameter I passed in"
    
    
[2019-03-19 12:52:28,761] {bash_operator.py:119} INFO - Output:
[2019-03-19 12:52:28,761] {bash_operator.py:123} INFO - 2016-04-26
[2019-03-19 12:52:28,761] {bash_operator.py:123} INFO - Parameter I passed in
[2019-03-19 12:52:28,761] {bash_operator.py:123} INFO - 2016-04-26
[2019-03-19 12:52:28,761] {bash_operator.py:123} INFO - Parameter I passed in
[2019-03-19 12:52:28,761] {bash_operator.py:123} INFO - 2016-04-26
[2019-03-19 12:52:28,761] {bash_operator.py:123} INFO - Parameter I passed in
[2019-03-19 12:52:28,761] {bash_operator.py:123} INFO - 2016-04-26
[2019-03-19 12:52:28,761] {bash_operator.py:123} INFO - Parameter I passed in
[2019-03-19 12:52:28,761] {bash_operator.py:123} INFO - 2016-04-26
[2019-03-19 12:52:28,761] {bash_operator.py:123} INFO - Parameter I passed in
[2019-03-19 12:52:28,762] {bash_operator.py:127} INFO - Command exited with return code 0
[2019-03-19 12:52:31,694] {logging_mixin.py:95} INFO - [2019-03-19 12:52:31,693] {jobs.py:2527} INFO - Task exited with return code 0
