[2019-03-19 13:07:19,956] {models.py:1359} INFO - Dependencies all met for <TaskInstance: tutorial.print_date 2016-05-27T00:00:00+00:00 [queued]>
[2019-03-19 13:07:19,958] {models.py:1359} INFO - Dependencies all met for <TaskInstance: tutorial.print_date 2016-05-27T00:00:00+00:00 [queued]>
[2019-03-19 13:07:19,958] {models.py:1571} INFO - 
--------------------------------------------------------------------------------
Starting attempt 1 of 2
--------------------------------------------------------------------------------

[2019-03-19 13:07:20,020] {models.py:1593} INFO - Executing <Task(BashOperator): print_date> on 2016-05-27T00:00:00+00:00
[2019-03-19 13:07:20,020] {base_task_runner.py:118} INFO - Running: ['bash', '-c', 'airflow run tutorial print_date 2016-05-27T00:00:00+00:00 --job_id 727 --raw -sd DAGS_FOLDER/tutorial.py --cfg_path /tmp/tmp5h1vntya']
[2019-03-19 13:07:20,886] {base_task_runner.py:101} INFO - Job 727: Subtask print_date [2019-03-19 13:07:20,885] {__init__.py:51} INFO - Using executor SequentialExecutor
[2019-03-19 13:07:21,238] {base_task_runner.py:101} INFO - Job 727: Subtask print_date [2019-03-19 13:07:21,237] {models.py:273} INFO - Filling up the DagBag from /home/rsandroni/airflow/dags/tutorial.py
[2019-03-19 13:07:21,266] {base_task_runner.py:101} INFO - Job 727: Subtask print_date [2019-03-19 13:07:21,265] {cli.py:520} INFO - Running <TaskInstance: tutorial.print_date 2016-05-27T00:00:00+00:00 [running]> on host IADAIRP1.globalrs.rack.space
[2019-03-19 13:07:21,306] {bash_operator.py:77} INFO - Tmp dir root location: 
 /tmp
[2019-03-19 13:07:21,306] {bash_operator.py:86} INFO - Exporting the following env vars:
AIRFLOW_CTX_DAG_ID=tutorial
AIRFLOW_CTX_TASK_ID=print_date
AIRFLOW_CTX_EXECUTION_DATE=2016-05-27T00:00:00+00:00
AIRFLOW_CTX_DAG_RUN_ID=scheduled__2016-05-27T00:00:00+00:00
[2019-03-19 13:07:21,306] {bash_operator.py:100} INFO - Temporary script location: /tmp/airflowtmpu1szw3_i/print_dateutxw3bgv
[2019-03-19 13:07:21,306] {bash_operator.py:110} INFO - Running command: date
[2019-03-19 13:07:21,362] {bash_operator.py:119} INFO - Output:
[2019-03-19 13:07:21,378] {bash_operator.py:123} INFO - Ter Mar 19 13:07:21 -03 2019
[2019-03-19 13:07:21,379] {bash_operator.py:127} INFO - Command exited with return code 0
[2019-03-19 13:07:24,955] {logging_mixin.py:95} INFO - [2019-03-19 13:07:24,954] {jobs.py:2527} INFO - Task exited with return code 0
