[2019-03-19 10:22:02,137] {models.py:1359} INFO - Dependencies all met for <TaskInstance: tutorial.templated 2015-06-15T00:00:00+00:00 [queued]>
[2019-03-19 10:22:02,142] {models.py:1359} INFO - Dependencies all met for <TaskInstance: tutorial.templated 2015-06-15T00:00:00+00:00 [queued]>
[2019-03-19 10:22:02,142] {models.py:1571} INFO - 
--------------------------------------------------------------------------------
Starting attempt 1 of 2
--------------------------------------------------------------------------------

[2019-03-19 10:22:02,153] {models.py:1593} INFO - Executing <Task(BashOperator): templated> on 2015-06-15T00:00:00+00:00
[2019-03-19 10:22:02,153] {base_task_runner.py:118} INFO - Running: ['bash', '-c', 'airflow run tutorial templated 2015-06-15T00:00:00+00:00 --job_id 35 --raw -sd DAGS_FOLDER/example_dags/tutorial.py --cfg_path /tmp/tmp0s31kl65']
[2019-03-19 10:22:02,763] {base_task_runner.py:101} INFO - Job 35: Subtask templated [2019-03-19 10:22:02,763] {__init__.py:51} INFO - Using executor SequentialExecutor
[2019-03-19 10:22:02,985] {base_task_runner.py:101} INFO - Job 35: Subtask templated [2019-03-19 10:22:02,984] {models.py:273} INFO - Filling up the DagBag from /home/rsandroni/airflow/dags/example_dags/tutorial.py
[2019-03-19 10:22:03,025] {base_task_runner.py:101} INFO - Job 35: Subtask templated [2019-03-19 10:22:03,025] {cli.py:520} INFO - Running <TaskInstance: tutorial.templated 2015-06-15T00:00:00+00:00 [running]> on host IADAIRP1.globalrs.rack.space
[2019-03-19 10:22:03,040] {bash_operator.py:77} INFO - Tmp dir root location: 
 /tmp
[2019-03-19 10:22:03,040] {bash_operator.py:86} INFO - Exporting the following env vars:
AIRFLOW_CTX_DAG_ID=tutorial
AIRFLOW_CTX_TASK_ID=templated
AIRFLOW_CTX_EXECUTION_DATE=2015-06-15T00:00:00+00:00
AIRFLOW_CTX_DAG_RUN_ID=scheduled__2015-06-15T00:00:00+00:00
[2019-03-19 10:22:03,041] {bash_operator.py:100} INFO - Temporary script location: /tmp/airflowtmpfqf9vorq/templated4j1nush4
[2019-03-19 10:22:03,041] {bash_operator.py:110} INFO - Running command: 

    echo "2015-06-15"
    echo "2015-06-22"
    echo "Parameter I passed in"

    echo "2015-06-15"
    echo "2015-06-22"
    echo "Parameter I passed in"

    echo "2015-06-15"
    echo "2015-06-22"
    echo "Parameter I passed in"

    echo "2015-06-15"
    echo "2015-06-22"
    echo "Parameter I passed in"

    echo "2015-06-15"
    echo "2015-06-22"
    echo "Parameter I passed in"

[2019-03-19 10:22:03,046] {bash_operator.py:119} INFO - Output:
[2019-03-19 10:22:03,048] {bash_operator.py:123} INFO - 2015-06-15
[2019-03-19 10:22:03,048] {bash_operator.py:123} INFO - 2015-06-22
[2019-03-19 10:22:03,048] {bash_operator.py:123} INFO - Parameter I passed in
[2019-03-19 10:22:03,048] {bash_operator.py:123} INFO - 2015-06-15
[2019-03-19 10:22:03,048] {bash_operator.py:123} INFO - 2015-06-22
[2019-03-19 10:22:03,048] {bash_operator.py:123} INFO - Parameter I passed in
[2019-03-19 10:22:03,048] {bash_operator.py:123} INFO - 2015-06-15
[2019-03-19 10:22:03,048] {bash_operator.py:123} INFO - 2015-06-22
[2019-03-19 10:22:03,048] {bash_operator.py:123} INFO - Parameter I passed in
[2019-03-19 10:22:03,048] {bash_operator.py:123} INFO - 2015-06-15
[2019-03-19 10:22:03,048] {bash_operator.py:123} INFO - 2015-06-22
[2019-03-19 10:22:03,048] {bash_operator.py:123} INFO - Parameter I passed in
[2019-03-19 10:22:03,048] {bash_operator.py:123} INFO - 2015-06-15
[2019-03-19 10:22:03,048] {bash_operator.py:123} INFO - 2015-06-22
[2019-03-19 10:22:03,048] {bash_operator.py:123} INFO - Parameter I passed in
[2019-03-19 10:22:03,048] {bash_operator.py:127} INFO - Command exited with return code 0
[2019-03-19 10:22:07,138] {logging_mixin.py:95} INFO - [2019-03-19 10:22:07,137] {jobs.py:2527} INFO - Task exited with return code 0
