[2019-03-19 14:35:29,919] {models.py:1359} INFO - Dependencies all met for <TaskInstance: tutorial.templated 2016-11-26T00:00:00+00:00 [queued]>
[2019-03-19 14:35:29,924] {models.py:1359} INFO - Dependencies all met for <TaskInstance: tutorial.templated 2016-11-26T00:00:00+00:00 [queued]>
[2019-03-19 14:35:29,925] {models.py:1571} INFO - 
--------------------------------------------------------------------------------
Starting attempt 1 of 2
--------------------------------------------------------------------------------

[2019-03-19 14:35:29,980] {models.py:1593} INFO - Executing <Task(BashOperator): templated> on 2016-11-26T00:00:00+00:00
[2019-03-19 14:35:29,980] {base_task_runner.py:118} INFO - Running: ['bash', '-c', 'airflow run tutorial templated 2016-11-26T00:00:00+00:00 --job_id 1096 --raw -sd DAGS_FOLDER/sql_server_load.py --cfg_path /tmp/tmpabzvh91u']
[2019-03-19 14:35:30,831] {base_task_runner.py:101} INFO - Job 1096: Subtask templated [2019-03-19 14:35:30,824] {__init__.py:51} INFO - Using executor SequentialExecutor
[2019-03-19 14:35:31,197] {base_task_runner.py:101} INFO - Job 1096: Subtask templated [2019-03-19 14:35:31,197] {models.py:273} INFO - Filling up the DagBag from /home/rsandroni/airflow/dags/sql_server_load.py
[2019-03-19 14:35:31,257] {base_task_runner.py:101} INFO - Job 1096: Subtask templated [2019-03-19 14:35:31,256] {cli.py:520} INFO - Running <TaskInstance: tutorial.templated 2016-11-26T00:00:00+00:00 [running]> on host IADAIRP1.globalrs.rack.space
[2019-03-19 14:35:31,300] {bash_operator.py:77} INFO - Tmp dir root location: 
 /tmp
[2019-03-19 14:35:31,300] {bash_operator.py:86} INFO - Exporting the following env vars:
AIRFLOW_CTX_DAG_ID=tutorial
AIRFLOW_CTX_TASK_ID=templated
AIRFLOW_CTX_EXECUTION_DATE=2016-11-26T00:00:00+00:00
AIRFLOW_CTX_DAG_RUN_ID=scheduled__2016-11-26T00:00:00+00:00
[2019-03-19 14:35:31,301] {bash_operator.py:100} INFO - Temporary script location: /tmp/airflowtmpbswbqsq7/templated3lkxz7m0
[2019-03-19 14:35:31,301] {bash_operator.py:110} INFO - Running command: 
    
        echo "2016-11-26"
        echo "Parameter I passed in"
    
        echo "2016-11-26"
        echo "Parameter I passed in"
    
        echo "2016-11-26"
        echo "Parameter I passed in"
    
        echo "2016-11-26"
        echo "Parameter I passed in"
    
        echo "2016-11-26"
        echo "Parameter I passed in"
    
    
[2019-03-19 14:35:31,325] {bash_operator.py:119} INFO - Output:
[2019-03-19 14:35:31,334] {bash_operator.py:123} INFO - 2016-11-26
[2019-03-19 14:35:31,335] {bash_operator.py:123} INFO - Parameter I passed in
[2019-03-19 14:35:31,335] {bash_operator.py:123} INFO - 2016-11-26
[2019-03-19 14:35:31,335] {bash_operator.py:123} INFO - Parameter I passed in
[2019-03-19 14:35:31,335] {bash_operator.py:123} INFO - 2016-11-26
[2019-03-19 14:35:31,335] {bash_operator.py:123} INFO - Parameter I passed in
[2019-03-19 14:35:31,335] {bash_operator.py:123} INFO - 2016-11-26
[2019-03-19 14:35:31,335] {bash_operator.py:123} INFO - Parameter I passed in
[2019-03-19 14:35:31,335] {bash_operator.py:123} INFO - 2016-11-26
[2019-03-19 14:35:31,335] {bash_operator.py:123} INFO - Parameter I passed in
[2019-03-19 14:35:31,335] {bash_operator.py:127} INFO - Command exited with return code 0
[2019-03-19 14:35:34,832] {logging_mixin.py:95} INFO - [2019-03-19 14:35:34,831] {jobs.py:2527} INFO - Task exited with return code 0
