[2019-03-19 15:20:56,234] {models.py:1359} INFO - Dependencies all met for <TaskInstance: tutorial.templated 2017-03-04T00:00:00+00:00 [queued]>
[2019-03-19 15:20:56,239] {models.py:1359} INFO - Dependencies all met for <TaskInstance: tutorial.templated 2017-03-04T00:00:00+00:00 [queued]>
[2019-03-19 15:20:56,240] {models.py:1571} INFO - 
--------------------------------------------------------------------------------
Starting attempt 1 of 2
--------------------------------------------------------------------------------

[2019-03-19 15:20:56,262] {models.py:1593} INFO - Executing <Task(BashOperator): templated> on 2017-03-04T00:00:00+00:00
[2019-03-19 15:20:56,262] {base_task_runner.py:118} INFO - Running: ['bash', '-c', 'airflow run tutorial templated 2017-03-04T00:00:00+00:00 --job_id 1293 --raw -sd DAGS_FOLDER/sql_server_load.py --cfg_path /tmp/tmpnl8pzgzq']
[2019-03-19 15:20:56,946] {base_task_runner.py:101} INFO - Job 1293: Subtask templated [2019-03-19 15:20:56,945] {__init__.py:51} INFO - Using executor SequentialExecutor
[2019-03-19 15:20:57,215] {base_task_runner.py:101} INFO - Job 1293: Subtask templated [2019-03-19 15:20:57,214] {models.py:273} INFO - Filling up the DagBag from /home/rsandroni/airflow/dags/sql_server_load.py
[2019-03-19 15:20:57,233] {base_task_runner.py:101} INFO - Job 1293: Subtask templated [2019-03-19 15:20:57,233] {cli.py:520} INFO - Running <TaskInstance: tutorial.templated 2017-03-04T00:00:00+00:00 [running]> on host IADAIRP1.globalrs.rack.space
[2019-03-19 15:20:57,249] {bash_operator.py:77} INFO - Tmp dir root location: 
 /tmp
[2019-03-19 15:20:57,249] {bash_operator.py:86} INFO - Exporting the following env vars:
AIRFLOW_CTX_DAG_ID=tutorial
AIRFLOW_CTX_TASK_ID=templated
AIRFLOW_CTX_EXECUTION_DATE=2017-03-04T00:00:00+00:00
AIRFLOW_CTX_DAG_RUN_ID=scheduled__2017-03-04T00:00:00+00:00
[2019-03-19 15:20:57,249] {bash_operator.py:100} INFO - Temporary script location: /tmp/airflowtmporjk2c9r/templatedwpmhdqr2
[2019-03-19 15:20:57,249] {bash_operator.py:110} INFO - Running command: 
    
        echo "2017-03-04"
        echo "Parameter I passed in"
    
        echo "2017-03-04"
        echo "Parameter I passed in"
    
        echo "2017-03-04"
        echo "Parameter I passed in"
    
        echo "2017-03-04"
        echo "Parameter I passed in"
    
        echo "2017-03-04"
        echo "Parameter I passed in"
    
    
[2019-03-19 15:20:57,255] {bash_operator.py:119} INFO - Output:
[2019-03-19 15:20:57,256] {bash_operator.py:123} INFO - 2017-03-04
[2019-03-19 15:20:57,256] {bash_operator.py:123} INFO - Parameter I passed in
[2019-03-19 15:20:57,256] {bash_operator.py:123} INFO - 2017-03-04
[2019-03-19 15:20:57,256] {bash_operator.py:123} INFO - Parameter I passed in
[2019-03-19 15:20:57,256] {bash_operator.py:123} INFO - 2017-03-04
[2019-03-19 15:20:57,256] {bash_operator.py:123} INFO - Parameter I passed in
[2019-03-19 15:20:57,256] {bash_operator.py:123} INFO - 2017-03-04
[2019-03-19 15:20:57,257] {bash_operator.py:123} INFO - Parameter I passed in
[2019-03-19 15:20:57,257] {bash_operator.py:123} INFO - 2017-03-04
[2019-03-19 15:20:57,257] {bash_operator.py:123} INFO - Parameter I passed in
[2019-03-19 15:20:57,257] {bash_operator.py:127} INFO - Command exited with return code 0
[2019-03-19 15:21:01,235] {logging_mixin.py:95} INFO - [2019-03-19 15:21:01,234] {jobs.py:2527} INFO - Task exited with return code 0
