[2019-03-19 10:40:43,542] {models.py:1359} INFO - Dependencies all met for <TaskInstance: tutorial.templated 2015-07-21T00:00:00+00:00 [queued]>
[2019-03-19 10:40:43,546] {models.py:1359} INFO - Dependencies all met for <TaskInstance: tutorial.templated 2015-07-21T00:00:00+00:00 [queued]>
[2019-03-19 10:40:43,546] {models.py:1571} INFO - 
--------------------------------------------------------------------------------
Starting attempt 1 of 2
--------------------------------------------------------------------------------

[2019-03-19 10:40:43,557] {models.py:1593} INFO - Executing <Task(BashOperator): templated> on 2015-07-21T00:00:00+00:00
[2019-03-19 10:40:43,557] {base_task_runner.py:118} INFO - Running: ['bash', '-c', 'airflow run tutorial templated 2015-07-21T00:00:00+00:00 --job_id 107 --raw -sd DAGS_FOLDER/example_dags/tutorial.py --cfg_path /tmp/tmpsg65vpmp']
[2019-03-19 10:40:44,162] {base_task_runner.py:101} INFO - Job 107: Subtask templated [2019-03-19 10:40:44,161] {__init__.py:51} INFO - Using executor SequentialExecutor
[2019-03-19 10:40:44,381] {base_task_runner.py:101} INFO - Job 107: Subtask templated [2019-03-19 10:40:44,381] {models.py:273} INFO - Filling up the DagBag from /home/rsandroni/airflow/dags/example_dags/tutorial.py
[2019-03-19 10:40:44,422] {base_task_runner.py:101} INFO - Job 107: Subtask templated [2019-03-19 10:40:44,422] {cli.py:520} INFO - Running <TaskInstance: tutorial.templated 2015-07-21T00:00:00+00:00 [running]> on host IADAIRP1.globalrs.rack.space
[2019-03-19 10:40:44,437] {bash_operator.py:77} INFO - Tmp dir root location: 
 /tmp
[2019-03-19 10:40:44,437] {bash_operator.py:86} INFO - Exporting the following env vars:
AIRFLOW_CTX_DAG_ID=tutorial
AIRFLOW_CTX_TASK_ID=templated
AIRFLOW_CTX_EXECUTION_DATE=2015-07-21T00:00:00+00:00
AIRFLOW_CTX_DAG_RUN_ID=scheduled__2015-07-21T00:00:00+00:00
[2019-03-19 10:40:44,438] {bash_operator.py:100} INFO - Temporary script location: /tmp/airflowtmp6rylxwkh/templatedn9g6k9n8
[2019-03-19 10:40:44,438] {bash_operator.py:110} INFO - Running command: 

    echo "2015-07-21"
    echo "2015-07-28"
    echo "Parameter I passed in"

    echo "2015-07-21"
    echo "2015-07-28"
    echo "Parameter I passed in"

    echo "2015-07-21"
    echo "2015-07-28"
    echo "Parameter I passed in"

    echo "2015-07-21"
    echo "2015-07-28"
    echo "Parameter I passed in"

    echo "2015-07-21"
    echo "2015-07-28"
    echo "Parameter I passed in"

[2019-03-19 10:40:44,443] {bash_operator.py:119} INFO - Output:
[2019-03-19 10:40:44,444] {bash_operator.py:123} INFO - 2015-07-21
[2019-03-19 10:40:44,444] {bash_operator.py:123} INFO - 2015-07-28
[2019-03-19 10:40:44,444] {bash_operator.py:123} INFO - Parameter I passed in
[2019-03-19 10:40:44,444] {bash_operator.py:123} INFO - 2015-07-21
[2019-03-19 10:40:44,444] {bash_operator.py:123} INFO - 2015-07-28
[2019-03-19 10:40:44,444] {bash_operator.py:123} INFO - Parameter I passed in
[2019-03-19 10:40:44,444] {bash_operator.py:123} INFO - 2015-07-21
[2019-03-19 10:40:44,444] {bash_operator.py:123} INFO - 2015-07-28
[2019-03-19 10:40:44,445] {bash_operator.py:123} INFO - Parameter I passed in
[2019-03-19 10:40:44,445] {bash_operator.py:123} INFO - 2015-07-21
[2019-03-19 10:40:44,445] {bash_operator.py:123} INFO - 2015-07-28
[2019-03-19 10:40:44,445] {bash_operator.py:123} INFO - Parameter I passed in
[2019-03-19 10:40:44,445] {bash_operator.py:123} INFO - 2015-07-21
[2019-03-19 10:40:44,445] {bash_operator.py:123} INFO - 2015-07-28
[2019-03-19 10:40:44,445] {bash_operator.py:123} INFO - Parameter I passed in
[2019-03-19 10:40:44,445] {bash_operator.py:127} INFO - Command exited with return code 0
[2019-03-19 10:40:48,550] {logging_mixin.py:95} INFO - [2019-03-19 10:40:48,549] {jobs.py:2527} INFO - Task exited with return code 0
