[2019-03-21 21:16:21,771] {models.py:1359} INFO - Dependencies all met for <TaskInstance: tutorial.templated 2018-02-16T00:00:00+00:00 [queued]>
[2019-03-21 21:16:21,776] {models.py:1359} INFO - Dependencies all met for <TaskInstance: tutorial.templated 2018-02-16T00:00:00+00:00 [queued]>
[2019-03-21 21:16:21,776] {models.py:1571} INFO - 
--------------------------------------------------------------------------------
Starting attempt 1 of 2
--------------------------------------------------------------------------------

[2019-03-21 21:16:21,788] {models.py:1593} INFO - Executing <Task(BashOperator): templated> on 2018-02-16T00:00:00+00:00
[2019-03-21 21:16:21,788] {base_task_runner.py:118} INFO - Running: ['bash', '-c', 'airflow run tutorial templated 2018-02-16T00:00:00+00:00 --job_id 2058 --raw -sd DAGS_FOLDER/example_dags/tutorial.py --cfg_path /tmp/tmprzu54n4_']
[2019-03-21 21:16:22,419] {base_task_runner.py:101} INFO - Job 2058: Subtask templated [2019-03-21 21:16:22,418] {__init__.py:51} INFO - Using executor SequentialExecutor
[2019-03-21 21:16:22,646] {base_task_runner.py:101} INFO - Job 2058: Subtask templated [2019-03-21 21:16:22,645] {models.py:273} INFO - Filling up the DagBag from /home/rsandroni/airflow/dags/example_dags/tutorial.py
[2019-03-21 21:16:22,709] {base_task_runner.py:101} INFO - Job 2058: Subtask templated [2019-03-21 21:16:22,709] {cli.py:520} INFO - Running <TaskInstance: tutorial.templated 2018-02-16T00:00:00+00:00 [running]> on host IADAIRP1.globalrs.rack.space
[2019-03-21 21:16:22,725] {bash_operator.py:77} INFO - Tmp dir root location: 
 /tmp
[2019-03-21 21:16:22,726] {bash_operator.py:86} INFO - Exporting the following env vars:
AIRFLOW_CTX_DAG_ID=tutorial
AIRFLOW_CTX_TASK_ID=templated
AIRFLOW_CTX_EXECUTION_DATE=2018-02-16T00:00:00+00:00
AIRFLOW_CTX_DAG_RUN_ID=scheduled__2018-02-16T00:00:00+00:00
[2019-03-21 21:16:22,726] {bash_operator.py:100} INFO - Temporary script location: /tmp/airflowtmpa2nzeadj/templated_u2l484f
[2019-03-21 21:16:22,726] {bash_operator.py:110} INFO - Running command: 

    echo "2018-02-16"
    echo "2018-02-23"
    echo "Parameter I passed in"

    echo "2018-02-16"
    echo "2018-02-23"
    echo "Parameter I passed in"

    echo "2018-02-16"
    echo "2018-02-23"
    echo "Parameter I passed in"

    echo "2018-02-16"
    echo "2018-02-23"
    echo "Parameter I passed in"

    echo "2018-02-16"
    echo "2018-02-23"
    echo "Parameter I passed in"

[2019-03-21 21:16:22,732] {bash_operator.py:119} INFO - Output:
[2019-03-21 21:16:22,733] {bash_operator.py:123} INFO - 2018-02-16
[2019-03-21 21:16:22,733] {bash_operator.py:123} INFO - 2018-02-23
[2019-03-21 21:16:22,733] {bash_operator.py:123} INFO - Parameter I passed in
[2019-03-21 21:16:22,733] {bash_operator.py:123} INFO - 2018-02-16
[2019-03-21 21:16:22,733] {bash_operator.py:123} INFO - 2018-02-23
[2019-03-21 21:16:22,733] {bash_operator.py:123} INFO - Parameter I passed in
[2019-03-21 21:16:22,733] {bash_operator.py:123} INFO - 2018-02-16
[2019-03-21 21:16:22,733] {bash_operator.py:123} INFO - 2018-02-23
[2019-03-21 21:16:22,733] {bash_operator.py:123} INFO - Parameter I passed in
[2019-03-21 21:16:22,733] {bash_operator.py:123} INFO - 2018-02-16
[2019-03-21 21:16:22,733] {bash_operator.py:123} INFO - 2018-02-23
[2019-03-21 21:16:22,734] {bash_operator.py:123} INFO - Parameter I passed in
[2019-03-21 21:16:22,734] {bash_operator.py:123} INFO - 2018-02-16
[2019-03-21 21:16:22,734] {bash_operator.py:123} INFO - 2018-02-23
[2019-03-21 21:16:22,734] {bash_operator.py:123} INFO - Parameter I passed in
[2019-03-21 21:16:22,734] {bash_operator.py:127} INFO - Command exited with return code 0
[2019-03-21 21:16:26,773] {logging_mixin.py:95} INFO - [2019-03-21 21:16:26,772] {jobs.py:2527} INFO - Task exited with return code 0
