[2019-03-19 14:58:05,593] {models.py:1359} INFO - Dependencies all met for <TaskInstance: tutorial.templated 2017-01-14T00:00:00+00:00 [queued]>
[2019-03-19 14:58:05,597] {models.py:1359} INFO - Dependencies all met for <TaskInstance: tutorial.templated 2017-01-14T00:00:00+00:00 [queued]>
[2019-03-19 14:58:05,598] {models.py:1571} INFO - 
--------------------------------------------------------------------------------
Starting attempt 1 of 2
--------------------------------------------------------------------------------

[2019-03-19 14:58:05,665] {models.py:1593} INFO - Executing <Task(BashOperator): templated> on 2017-01-14T00:00:00+00:00
[2019-03-19 14:58:05,665] {base_task_runner.py:118} INFO - Running: ['bash', '-c', 'airflow run tutorial templated 2017-01-14T00:00:00+00:00 --job_id 1193 --raw -sd DAGS_FOLDER/example_dags/tutorial.py --cfg_path /tmp/tmpbohbgl1j']
[2019-03-19 14:58:06,560] {base_task_runner.py:101} INFO - Job 1193: Subtask templated [2019-03-19 14:58:06,559] {__init__.py:51} INFO - Using executor SequentialExecutor
[2019-03-19 14:58:06,980] {base_task_runner.py:101} INFO - Job 1193: Subtask templated [2019-03-19 14:58:06,974] {models.py:273} INFO - Filling up the DagBag from /home/rsandroni/airflow/dags/example_dags/tutorial.py
[2019-03-19 14:58:07,065] {base_task_runner.py:101} INFO - Job 1193: Subtask templated [2019-03-19 14:58:07,064] {cli.py:520} INFO - Running <TaskInstance: tutorial.templated 2017-01-14T00:00:00+00:00 [running]> on host IADAIRP1.globalrs.rack.space
[2019-03-19 14:58:07,095] {bash_operator.py:77} INFO - Tmp dir root location: 
 /tmp
[2019-03-19 14:58:07,096] {bash_operator.py:86} INFO - Exporting the following env vars:
AIRFLOW_CTX_DAG_ID=tutorial
AIRFLOW_CTX_TASK_ID=templated
AIRFLOW_CTX_EXECUTION_DATE=2017-01-14T00:00:00+00:00
AIRFLOW_CTX_DAG_RUN_ID=scheduled__2017-01-14T00:00:00+00:00
[2019-03-19 14:58:07,096] {bash_operator.py:100} INFO - Temporary script location: /tmp/airflowtmpgeivuxfk/templatedwa4407vl
[2019-03-19 14:58:07,096] {bash_operator.py:110} INFO - Running command: 

    echo "2017-01-14"
    echo "2017-01-21"
    echo "Parameter I passed in"

    echo "2017-01-14"
    echo "2017-01-21"
    echo "Parameter I passed in"

    echo "2017-01-14"
    echo "2017-01-21"
    echo "Parameter I passed in"

    echo "2017-01-14"
    echo "2017-01-21"
    echo "Parameter I passed in"

    echo "2017-01-14"
    echo "2017-01-21"
    echo "Parameter I passed in"

[2019-03-19 14:58:07,106] {bash_operator.py:119} INFO - Output:
[2019-03-19 14:58:07,107] {bash_operator.py:123} INFO - 2017-01-14
[2019-03-19 14:58:07,107] {bash_operator.py:123} INFO - 2017-01-21
[2019-03-19 14:58:07,107] {bash_operator.py:123} INFO - Parameter I passed in
[2019-03-19 14:58:07,107] {bash_operator.py:123} INFO - 2017-01-14
[2019-03-19 14:58:07,107] {bash_operator.py:123} INFO - 2017-01-21
[2019-03-19 14:58:07,107] {bash_operator.py:123} INFO - Parameter I passed in
[2019-03-19 14:58:07,107] {bash_operator.py:123} INFO - 2017-01-14
[2019-03-19 14:58:07,107] {bash_operator.py:123} INFO - 2017-01-21
[2019-03-19 14:58:07,107] {bash_operator.py:123} INFO - Parameter I passed in
[2019-03-19 14:58:07,107] {bash_operator.py:123} INFO - 2017-01-14
[2019-03-19 14:58:07,107] {bash_operator.py:123} INFO - 2017-01-21
[2019-03-19 14:58:07,107] {bash_operator.py:123} INFO - Parameter I passed in
[2019-03-19 14:58:07,107] {bash_operator.py:123} INFO - 2017-01-14
[2019-03-19 14:58:07,107] {bash_operator.py:123} INFO - 2017-01-21
[2019-03-19 14:58:07,107] {bash_operator.py:123} INFO - Parameter I passed in
[2019-03-19 14:58:07,107] {bash_operator.py:127} INFO - Command exited with return code 0
[2019-03-19 14:58:10,663] {logging_mixin.py:95} INFO - [2019-03-19 14:58:10,662] {jobs.py:2527} INFO - Task exited with return code 0
