[2019-03-22 05:13:11,943] {models.py:1359} INFO - Dependencies all met for <TaskInstance: tutorial.print_date 2019-02-16T00:00:00+00:00 [queued]>
[2019-03-22 05:13:11,947] {models.py:1359} INFO - Dependencies all met for <TaskInstance: tutorial.print_date 2019-02-16T00:00:00+00:00 [queued]>
[2019-03-22 05:13:11,947] {models.py:1571} INFO - 
--------------------------------------------------------------------------------
Starting attempt 1 of 2
--------------------------------------------------------------------------------

[2019-03-22 05:13:11,960] {models.py:1593} INFO - Executing <Task(BashOperator): print_date> on 2019-02-16T00:00:00+00:00
[2019-03-22 05:13:11,961] {base_task_runner.py:118} INFO - Running: ['bash', '-c', 'airflow run tutorial print_date 2019-02-16T00:00:00+00:00 --job_id 2785 --raw -sd DAGS_FOLDER/tutorial.py --cfg_path /tmp/tmpsnz9gpxe']
[2019-03-22 05:13:12,770] {base_task_runner.py:101} INFO - Job 2785: Subtask print_date [2019-03-22 05:13:12,762] {__init__.py:51} INFO - Using executor SequentialExecutor
[2019-03-22 05:13:13,150] {base_task_runner.py:101} INFO - Job 2785: Subtask print_date [2019-03-22 05:13:13,143] {models.py:273} INFO - Filling up the DagBag from /home/rsandroni/airflow/dags/tutorial.py
[2019-03-22 05:13:13,174] {base_task_runner.py:101} INFO - Job 2785: Subtask print_date [2019-03-22 05:13:13,171] {cli.py:520} INFO - Running <TaskInstance: tutorial.print_date 2019-02-16T00:00:00+00:00 [running]> on host IADAIRP1.globalrs.rack.space
[2019-03-22 05:13:13,195] {bash_operator.py:77} INFO - Tmp dir root location: 
 /tmp
[2019-03-22 05:13:13,195] {bash_operator.py:86} INFO - Exporting the following env vars:
AIRFLOW_CTX_DAG_ID=tutorial
AIRFLOW_CTX_TASK_ID=print_date
AIRFLOW_CTX_EXECUTION_DATE=2019-02-16T00:00:00+00:00
AIRFLOW_CTX_DAG_RUN_ID=scheduled__2019-02-16T00:00:00+00:00
[2019-03-22 05:13:13,195] {bash_operator.py:100} INFO - Temporary script location: /tmp/airflowtmp2vvm7_1x/print_date2v2ugsp6
[2019-03-22 05:13:13,195] {bash_operator.py:110} INFO - Running command: date
[2019-03-22 05:13:13,201] {bash_operator.py:119} INFO - Output:
[2019-03-22 05:13:13,203] {bash_operator.py:123} INFO - Sex Mar 22 05:13:13 -03 2019
[2019-03-22 05:13:13,203] {bash_operator.py:127} INFO - Command exited with return code 0
[2019-03-22 05:13:16,943] {logging_mixin.py:95} INFO - [2019-03-22 05:13:16,942] {jobs.py:2527} INFO - Task exited with return code 0
