[2019-03-21 18:17:33,915] {models.py:1359} INFO - Dependencies all met for <TaskInstance: tutorial.print_date 2017-09-30T00:00:00+00:00 [queued]>
[2019-03-21 18:17:33,918] {models.py:1359} INFO - Dependencies all met for <TaskInstance: tutorial.print_date 2017-09-30T00:00:00+00:00 [queued]>
[2019-03-21 18:17:33,918] {models.py:1571} INFO - 
--------------------------------------------------------------------------------
Starting attempt 1 of 2
--------------------------------------------------------------------------------

[2019-03-21 18:17:33,932] {models.py:1593} INFO - Executing <Task(BashOperator): print_date> on 2017-09-30T00:00:00+00:00
[2019-03-21 18:17:33,932] {base_task_runner.py:118} INFO - Running: ['bash', '-c', 'airflow run tutorial print_date 2017-09-30T00:00:00+00:00 --job_id 1777 --raw -sd DAGS_FOLDER/tutorial.py --cfg_path /tmp/tmpbvhum08h']
[2019-03-21 18:17:34,568] {base_task_runner.py:101} INFO - Job 1777: Subtask print_date [2019-03-21 18:17:34,567] {__init__.py:51} INFO - Using executor SequentialExecutor
[2019-03-21 18:17:34,800] {base_task_runner.py:101} INFO - Job 1777: Subtask print_date [2019-03-21 18:17:34,799] {models.py:273} INFO - Filling up the DagBag from /home/rsandroni/airflow/dags/tutorial.py
[2019-03-21 18:17:34,815] {base_task_runner.py:101} INFO - Job 1777: Subtask print_date [2019-03-21 18:17:34,814] {cli.py:520} INFO - Running <TaskInstance: tutorial.print_date 2017-09-30T00:00:00+00:00 [running]> on host IADAIRP1.globalrs.rack.space
[2019-03-21 18:17:34,828] {bash_operator.py:77} INFO - Tmp dir root location: 
 /tmp
[2019-03-21 18:17:34,828] {bash_operator.py:86} INFO - Exporting the following env vars:
AIRFLOW_CTX_DAG_ID=tutorial
AIRFLOW_CTX_TASK_ID=print_date
AIRFLOW_CTX_EXECUTION_DATE=2017-09-30T00:00:00+00:00
AIRFLOW_CTX_DAG_RUN_ID=scheduled__2017-09-30T00:00:00+00:00
[2019-03-21 18:17:34,828] {bash_operator.py:100} INFO - Temporary script location: /tmp/airflowtmp1f56g3f8/print_datey3w4x14q
[2019-03-21 18:17:34,828] {bash_operator.py:110} INFO - Running command: date
[2019-03-21 18:17:34,834] {bash_operator.py:119} INFO - Output:
[2019-03-21 18:17:34,836] {bash_operator.py:123} INFO - Qui Mar 21 18:17:34 -03 2019
[2019-03-21 18:17:34,836] {bash_operator.py:127} INFO - Command exited with return code 0
[2019-03-21 18:17:38,925] {logging_mixin.py:95} INFO - [2019-03-21 18:17:38,924] {jobs.py:2527} INFO - Task exited with return code 0
