[2019-03-19 14:36:38,342] {models.py:1359} INFO - Dependencies all met for <TaskInstance: tutorial.print_date 2016-11-30T00:00:00+00:00 [queued]>
[2019-03-19 14:36:38,344] {models.py:1359} INFO - Dependencies all met for <TaskInstance: tutorial.print_date 2016-11-30T00:00:00+00:00 [queued]>
[2019-03-19 14:36:38,344] {models.py:1571} INFO - 
--------------------------------------------------------------------------------
Starting attempt 1 of 2
--------------------------------------------------------------------------------

[2019-03-19 14:36:38,360] {models.py:1593} INFO - Executing <Task(BashOperator): print_date> on 2016-11-30T00:00:00+00:00
[2019-03-19 14:36:38,361] {base_task_runner.py:118} INFO - Running: ['bash', '-c', 'airflow run tutorial print_date 2016-11-30T00:00:00+00:00 --job_id 1100 --raw -sd DAGS_FOLDER/sql_server_load.py --cfg_path /tmp/tmpolou2klz']
[2019-03-19 14:36:39,005] {base_task_runner.py:101} INFO - Job 1100: Subtask print_date [2019-03-19 14:36:39,004] {__init__.py:51} INFO - Using executor SequentialExecutor
[2019-03-19 14:36:39,273] {base_task_runner.py:101} INFO - Job 1100: Subtask print_date [2019-03-19 14:36:39,272] {models.py:273} INFO - Filling up the DagBag from /home/rsandroni/airflow/dags/sql_server_load.py
[2019-03-19 14:36:39,294] {base_task_runner.py:101} INFO - Job 1100: Subtask print_date [2019-03-19 14:36:39,294] {cli.py:520} INFO - Running <TaskInstance: tutorial.print_date 2016-11-30T00:00:00+00:00 [running]> on host IADAIRP1.globalrs.rack.space
[2019-03-19 14:36:39,308] {bash_operator.py:77} INFO - Tmp dir root location: 
 /tmp
[2019-03-19 14:36:39,308] {bash_operator.py:86} INFO - Exporting the following env vars:
AIRFLOW_CTX_DAG_ID=tutorial
AIRFLOW_CTX_TASK_ID=print_date
AIRFLOW_CTX_EXECUTION_DATE=2016-11-30T00:00:00+00:00
AIRFLOW_CTX_DAG_RUN_ID=scheduled__2016-11-30T00:00:00+00:00
[2019-03-19 14:36:39,309] {bash_operator.py:100} INFO - Temporary script location: /tmp/airflowtmp16ddcuv2/print_date9caa05m4
[2019-03-19 14:36:39,309] {bash_operator.py:110} INFO - Running command: date
[2019-03-19 14:36:39,314] {bash_operator.py:119} INFO - Output:
[2019-03-19 14:36:39,316] {bash_operator.py:123} INFO - Ter Mar 19 14:36:39 -03 2019
[2019-03-19 14:36:39,316] {bash_operator.py:127} INFO - Command exited with return code 0
[2019-03-19 14:36:43,344] {logging_mixin.py:95} INFO - [2019-03-19 14:36:43,343] {jobs.py:2527} INFO - Task exited with return code 0
