[2019-03-21 22:42:08,767] {models.py:1359} INFO - Dependencies all met for <TaskInstance: tutorial.templated 2018-04-24T00:00:00+00:00 [queued]>
[2019-03-21 22:42:08,772] {models.py:1359} INFO - Dependencies all met for <TaskInstance: tutorial.templated 2018-04-24T00:00:00+00:00 [queued]>
[2019-03-21 22:42:08,772] {models.py:1571} INFO - 
--------------------------------------------------------------------------------
Starting attempt 1 of 2
--------------------------------------------------------------------------------

[2019-03-21 22:42:08,788] {models.py:1593} INFO - Executing <Task(BashOperator): templated> on 2018-04-24T00:00:00+00:00
[2019-03-21 22:42:08,788] {base_task_runner.py:118} INFO - Running: ['bash', '-c', 'airflow run tutorial templated 2018-04-24T00:00:00+00:00 --job_id 2191 --raw -sd DAGS_FOLDER/example_dags/tutorial.py --cfg_path /tmp/tmpgvkrus3n']
[2019-03-21 22:42:09,420] {base_task_runner.py:101} INFO - Job 2191: Subtask templated [2019-03-21 22:42:09,419] {__init__.py:51} INFO - Using executor SequentialExecutor
[2019-03-21 22:42:09,695] {base_task_runner.py:101} INFO - Job 2191: Subtask templated [2019-03-21 22:42:09,694] {models.py:273} INFO - Filling up the DagBag from /home/rsandroni/airflow/dags/example_dags/tutorial.py
[2019-03-21 22:42:09,759] {base_task_runner.py:101} INFO - Job 2191: Subtask templated [2019-03-21 22:42:09,758] {cli.py:520} INFO - Running <TaskInstance: tutorial.templated 2018-04-24T00:00:00+00:00 [running]> on host IADAIRP1.globalrs.rack.space
[2019-03-21 22:42:09,775] {bash_operator.py:77} INFO - Tmp dir root location: 
 /tmp
[2019-03-21 22:42:09,775] {bash_operator.py:86} INFO - Exporting the following env vars:
AIRFLOW_CTX_DAG_ID=tutorial
AIRFLOW_CTX_TASK_ID=templated
AIRFLOW_CTX_EXECUTION_DATE=2018-04-24T00:00:00+00:00
AIRFLOW_CTX_DAG_RUN_ID=scheduled__2018-04-24T00:00:00+00:00
[2019-03-21 22:42:09,776] {bash_operator.py:100} INFO - Temporary script location: /tmp/airflowtmpfuoa4_91/templated2ctjn4w9
[2019-03-21 22:42:09,776] {bash_operator.py:110} INFO - Running command: 

    echo "2018-04-24"
    echo "2018-05-01"
    echo "Parameter I passed in"

    echo "2018-04-24"
    echo "2018-05-01"
    echo "Parameter I passed in"

    echo "2018-04-24"
    echo "2018-05-01"
    echo "Parameter I passed in"

    echo "2018-04-24"
    echo "2018-05-01"
    echo "Parameter I passed in"

    echo "2018-04-24"
    echo "2018-05-01"
    echo "Parameter I passed in"

[2019-03-21 22:42:09,781] {bash_operator.py:119} INFO - Output:
[2019-03-21 22:42:09,783] {bash_operator.py:123} INFO - 2018-04-24
[2019-03-21 22:42:09,783] {bash_operator.py:123} INFO - 2018-05-01
[2019-03-21 22:42:09,783] {bash_operator.py:123} INFO - Parameter I passed in
[2019-03-21 22:42:09,783] {bash_operator.py:123} INFO - 2018-04-24
[2019-03-21 22:42:09,783] {bash_operator.py:123} INFO - 2018-05-01
[2019-03-21 22:42:09,783] {bash_operator.py:123} INFO - Parameter I passed in
[2019-03-21 22:42:09,783] {bash_operator.py:123} INFO - 2018-04-24
[2019-03-21 22:42:09,783] {bash_operator.py:123} INFO - 2018-05-01
[2019-03-21 22:42:09,783] {bash_operator.py:123} INFO - Parameter I passed in
[2019-03-21 22:42:09,783] {bash_operator.py:123} INFO - 2018-04-24
[2019-03-21 22:42:09,783] {bash_operator.py:123} INFO - 2018-05-01
[2019-03-21 22:42:09,783] {bash_operator.py:123} INFO - Parameter I passed in
[2019-03-21 22:42:09,783] {bash_operator.py:123} INFO - 2018-04-24
[2019-03-21 22:42:09,783] {bash_operator.py:123} INFO - 2018-05-01
[2019-03-21 22:42:09,783] {bash_operator.py:123} INFO - Parameter I passed in
[2019-03-21 22:42:09,783] {bash_operator.py:127} INFO - Command exited with return code 0
[2019-03-21 22:42:13,762] {logging_mixin.py:95} INFO - [2019-03-21 22:42:13,761] {jobs.py:2527} INFO - Task exited with return code 0
