[2019-03-21 22:08:23,487] {models.py:1359} INFO - Dependencies all met for <TaskInstance: tutorial.templated 2018-03-29T00:00:00+00:00 [queued]>
[2019-03-21 22:08:23,492] {models.py:1359} INFO - Dependencies all met for <TaskInstance: tutorial.templated 2018-03-29T00:00:00+00:00 [queued]>
[2019-03-21 22:08:23,492] {models.py:1571} INFO - 
--------------------------------------------------------------------------------
Starting attempt 1 of 2
--------------------------------------------------------------------------------

[2019-03-21 22:08:23,507] {models.py:1593} INFO - Executing <Task(BashOperator): templated> on 2018-03-29T00:00:00+00:00
[2019-03-21 22:08:23,507] {base_task_runner.py:118} INFO - Running: ['bash', '-c', 'airflow run tutorial templated 2018-03-29T00:00:00+00:00 --job_id 2139 --raw -sd DAGS_FOLDER/example_dags/tutorial.py --cfg_path /tmp/tmp5tvjblbt']
[2019-03-21 22:08:24,138] {base_task_runner.py:101} INFO - Job 2139: Subtask templated [2019-03-21 22:08:24,137] {__init__.py:51} INFO - Using executor SequentialExecutor
[2019-03-21 22:08:24,365] {base_task_runner.py:101} INFO - Job 2139: Subtask templated [2019-03-21 22:08:24,364] {models.py:273} INFO - Filling up the DagBag from /home/rsandroni/airflow/dags/example_dags/tutorial.py
[2019-03-21 22:08:24,429] {base_task_runner.py:101} INFO - Job 2139: Subtask templated [2019-03-21 22:08:24,429] {cli.py:520} INFO - Running <TaskInstance: tutorial.templated 2018-03-29T00:00:00+00:00 [running]> on host IADAIRP1.globalrs.rack.space
[2019-03-21 22:08:24,445] {bash_operator.py:77} INFO - Tmp dir root location: 
 /tmp
[2019-03-21 22:08:24,446] {bash_operator.py:86} INFO - Exporting the following env vars:
AIRFLOW_CTX_DAG_ID=tutorial
AIRFLOW_CTX_TASK_ID=templated
AIRFLOW_CTX_EXECUTION_DATE=2018-03-29T00:00:00+00:00
AIRFLOW_CTX_DAG_RUN_ID=scheduled__2018-03-29T00:00:00+00:00
[2019-03-21 22:08:24,446] {bash_operator.py:100} INFO - Temporary script location: /tmp/airflowtmpfl8n8ore/templated6cuwfrng
[2019-03-21 22:08:24,446] {bash_operator.py:110} INFO - Running command: 

    echo "2018-03-29"
    echo "2018-04-05"
    echo "Parameter I passed in"

    echo "2018-03-29"
    echo "2018-04-05"
    echo "Parameter I passed in"

    echo "2018-03-29"
    echo "2018-04-05"
    echo "Parameter I passed in"

    echo "2018-03-29"
    echo "2018-04-05"
    echo "Parameter I passed in"

    echo "2018-03-29"
    echo "2018-04-05"
    echo "Parameter I passed in"

[2019-03-21 22:08:24,452] {bash_operator.py:119} INFO - Output:
[2019-03-21 22:08:24,453] {bash_operator.py:123} INFO - 2018-03-29
[2019-03-21 22:08:24,453] {bash_operator.py:123} INFO - 2018-04-05
[2019-03-21 22:08:24,453] {bash_operator.py:123} INFO - Parameter I passed in
[2019-03-21 22:08:24,453] {bash_operator.py:123} INFO - 2018-03-29
[2019-03-21 22:08:24,453] {bash_operator.py:123} INFO - 2018-04-05
[2019-03-21 22:08:24,453] {bash_operator.py:123} INFO - Parameter I passed in
[2019-03-21 22:08:24,453] {bash_operator.py:123} INFO - 2018-03-29
[2019-03-21 22:08:24,453] {bash_operator.py:123} INFO - 2018-04-05
[2019-03-21 22:08:24,453] {bash_operator.py:123} INFO - Parameter I passed in
[2019-03-21 22:08:24,453] {bash_operator.py:123} INFO - 2018-03-29
[2019-03-21 22:08:24,453] {bash_operator.py:123} INFO - 2018-04-05
[2019-03-21 22:08:24,454] {bash_operator.py:123} INFO - Parameter I passed in
[2019-03-21 22:08:24,454] {bash_operator.py:123} INFO - 2018-03-29
[2019-03-21 22:08:24,454] {bash_operator.py:123} INFO - 2018-04-05
[2019-03-21 22:08:24,454] {bash_operator.py:123} INFO - Parameter I passed in
[2019-03-21 22:08:24,454] {bash_operator.py:127} INFO - Command exited with return code 0
[2019-03-21 22:08:28,489] {logging_mixin.py:95} INFO - [2019-03-21 22:08:28,488] {jobs.py:2527} INFO - Task exited with return code 0
