[2019-03-22 03:45:07,580] {models.py:1359} INFO - Dependencies all met for <TaskInstance: tutorial.templated 2018-12-09T00:00:00+00:00 [queued]>
[2019-03-22 03:45:07,586] {models.py:1359} INFO - Dependencies all met for <TaskInstance: tutorial.templated 2018-12-09T00:00:00+00:00 [queued]>
[2019-03-22 03:45:07,586] {models.py:1571} INFO - 
--------------------------------------------------------------------------------
Starting attempt 1 of 2
--------------------------------------------------------------------------------

[2019-03-22 03:45:07,622] {models.py:1593} INFO - Executing <Task(BashOperator): templated> on 2018-12-09T00:00:00+00:00
[2019-03-22 03:45:07,622] {base_task_runner.py:118} INFO - Running: ['bash', '-c', 'airflow run tutorial templated 2018-12-09T00:00:00+00:00 --job_id 2650 --raw -sd DAGS_FOLDER/example_dags/tutorial.py --cfg_path /tmp/tmpf8537z0k']
[2019-03-22 03:45:08,333] {base_task_runner.py:101} INFO - Job 2650: Subtask templated [2019-03-22 03:45:08,332] {__init__.py:51} INFO - Using executor SequentialExecutor
[2019-03-22 03:45:08,639] {base_task_runner.py:101} INFO - Job 2650: Subtask templated [2019-03-22 03:45:08,638] {models.py:273} INFO - Filling up the DagBag from /home/rsandroni/airflow/dags/example_dags/tutorial.py
[2019-03-22 03:45:08,745] {base_task_runner.py:101} INFO - Job 2650: Subtask templated [2019-03-22 03:45:08,741] {cli.py:520} INFO - Running <TaskInstance: tutorial.templated 2018-12-09T00:00:00+00:00 [running]> on host IADAIRP1.globalrs.rack.space
[2019-03-22 03:45:08,761] {bash_operator.py:77} INFO - Tmp dir root location: 
 /tmp
[2019-03-22 03:45:08,762] {bash_operator.py:86} INFO - Exporting the following env vars:
AIRFLOW_CTX_DAG_ID=tutorial
AIRFLOW_CTX_TASK_ID=templated
AIRFLOW_CTX_EXECUTION_DATE=2018-12-09T00:00:00+00:00
AIRFLOW_CTX_DAG_RUN_ID=scheduled__2018-12-09T00:00:00+00:00
[2019-03-22 03:45:08,762] {bash_operator.py:100} INFO - Temporary script location: /tmp/airflowtmp798gsoas/templatedy4ogbavj
[2019-03-22 03:45:08,762] {bash_operator.py:110} INFO - Running command: 

    echo "2018-12-09"
    echo "2018-12-16"
    echo "Parameter I passed in"

    echo "2018-12-09"
    echo "2018-12-16"
    echo "Parameter I passed in"

    echo "2018-12-09"
    echo "2018-12-16"
    echo "Parameter I passed in"

    echo "2018-12-09"
    echo "2018-12-16"
    echo "Parameter I passed in"

    echo "2018-12-09"
    echo "2018-12-16"
    echo "Parameter I passed in"

[2019-03-22 03:45:08,794] {bash_operator.py:119} INFO - Output:
[2019-03-22 03:45:08,794] {bash_operator.py:123} INFO - 2018-12-09
[2019-03-22 03:45:08,794] {bash_operator.py:123} INFO - 2018-12-16
[2019-03-22 03:45:08,794] {bash_operator.py:123} INFO - Parameter I passed in
[2019-03-22 03:45:08,794] {bash_operator.py:123} INFO - 2018-12-09
[2019-03-22 03:45:08,795] {bash_operator.py:123} INFO - 2018-12-16
[2019-03-22 03:45:08,795] {bash_operator.py:123} INFO - Parameter I passed in
[2019-03-22 03:45:08,795] {bash_operator.py:123} INFO - 2018-12-09
[2019-03-22 03:45:08,795] {bash_operator.py:123} INFO - 2018-12-16
[2019-03-22 03:45:08,795] {bash_operator.py:123} INFO - Parameter I passed in
[2019-03-22 03:45:08,795] {bash_operator.py:123} INFO - 2018-12-09
[2019-03-22 03:45:08,795] {bash_operator.py:123} INFO - 2018-12-16
[2019-03-22 03:45:08,795] {bash_operator.py:123} INFO - Parameter I passed in
[2019-03-22 03:45:08,795] {bash_operator.py:123} INFO - 2018-12-09
[2019-03-22 03:45:08,795] {bash_operator.py:123} INFO - 2018-12-16
[2019-03-22 03:45:08,795] {bash_operator.py:123} INFO - Parameter I passed in
[2019-03-22 03:45:08,795] {bash_operator.py:127} INFO - Command exited with return code 0
[2019-03-22 03:45:12,575] {logging_mixin.py:95} INFO - [2019-03-22 03:45:12,574] {jobs.py:2527} INFO - Task exited with return code 0
