[2019-03-21 17:40:53,017] {models.py:1359} INFO - Dependencies all met for <TaskInstance: tutorial.print_date 2017-08-01T00:00:00+00:00 [queued]>
[2019-03-21 17:40:53,021] {models.py:1359} INFO - Dependencies all met for <TaskInstance: tutorial.print_date 2017-08-01T00:00:00+00:00 [queued]>
[2019-03-21 17:40:53,021] {models.py:1571} INFO - 
--------------------------------------------------------------------------------
Starting attempt 1 of 2
--------------------------------------------------------------------------------

[2019-03-21 17:40:53,094] {models.py:1593} INFO - Executing <Task(BashOperator): print_date> on 2017-08-01T00:00:00+00:00
[2019-03-21 17:40:53,094] {base_task_runner.py:118} INFO - Running: ['bash', '-c', 'airflow run tutorial print_date 2017-08-01T00:00:00+00:00 --job_id 1629 --raw -sd DAGS_FOLDER/tutorial.py --cfg_path /tmp/tmpx_e89lj3']
[2019-03-21 17:40:54,583] {base_task_runner.py:101} INFO - Job 1629: Subtask print_date [2019-03-21 17:40:54,582] {__init__.py:51} INFO - Using executor SequentialExecutor
[2019-03-21 17:40:55,276] {base_task_runner.py:101} INFO - Job 1629: Subtask print_date [2019-03-21 17:40:55,275] {models.py:273} INFO - Filling up the DagBag from /home/rsandroni/airflow/dags/tutorial.py
[2019-03-21 17:40:55,333] {base_task_runner.py:101} INFO - Job 1629: Subtask print_date [2019-03-21 17:40:55,330] {cli.py:520} INFO - Running <TaskInstance: tutorial.print_date 2017-08-01T00:00:00+00:00 [running]> on host IADAIRP1.globalrs.rack.space
[2019-03-21 17:40:55,372] {bash_operator.py:77} INFO - Tmp dir root location: 
 /tmp
[2019-03-21 17:40:55,372] {bash_operator.py:86} INFO - Exporting the following env vars:
AIRFLOW_CTX_DAG_ID=tutorial
AIRFLOW_CTX_TASK_ID=print_date
AIRFLOW_CTX_EXECUTION_DATE=2017-08-01T00:00:00+00:00
AIRFLOW_CTX_DAG_RUN_ID=scheduled__2017-08-01T00:00:00+00:00
[2019-03-21 17:40:55,373] {bash_operator.py:100} INFO - Temporary script location: /tmp/airflowtmphuiixm3u/print_date7dmdcjfd
[2019-03-21 17:40:55,373] {bash_operator.py:110} INFO - Running command: date
[2019-03-21 17:40:55,424] {bash_operator.py:119} INFO - Output:
[2019-03-21 17:40:55,435] {bash_operator.py:123} INFO - Qui Mar 21 17:40:55 -03 2019
[2019-03-21 17:40:55,435] {bash_operator.py:127} INFO - Command exited with return code 0
[2019-03-21 17:40:57,996] {logging_mixin.py:95} INFO - [2019-03-21 17:40:57,996] {jobs.py:2527} INFO - Task exited with return code 0
