[2019-03-22 04:06:16,247] {models.py:1359} INFO - Dependencies all met for <TaskInstance: tutorial.templated 2018-12-25T00:00:00+00:00 [queued]>
[2019-03-22 04:06:16,254] {models.py:1359} INFO - Dependencies all met for <TaskInstance: tutorial.templated 2018-12-25T00:00:00+00:00 [queued]>
[2019-03-22 04:06:16,255] {models.py:1571} INFO - 
--------------------------------------------------------------------------------
Starting attempt 1 of 2
--------------------------------------------------------------------------------

[2019-03-22 04:06:16,300] {models.py:1593} INFO - Executing <Task(BashOperator): templated> on 2018-12-25T00:00:00+00:00
[2019-03-22 04:06:16,301] {base_task_runner.py:118} INFO - Running: ['bash', '-c', 'airflow run tutorial templated 2018-12-25T00:00:00+00:00 --job_id 2682 --raw -sd DAGS_FOLDER/example_dags/tutorial.py --cfg_path /tmp/tmpndfd4l1l']
[2019-03-22 04:06:17,075] {base_task_runner.py:101} INFO - Job 2682: Subtask templated [2019-03-22 04:06:17,074] {__init__.py:51} INFO - Using executor SequentialExecutor
[2019-03-22 04:06:17,494] {base_task_runner.py:101} INFO - Job 2682: Subtask templated [2019-03-22 04:06:17,490] {models.py:273} INFO - Filling up the DagBag from /home/rsandroni/airflow/dags/example_dags/tutorial.py
[2019-03-22 04:06:17,571] {base_task_runner.py:101} INFO - Job 2682: Subtask templated [2019-03-22 04:06:17,570] {cli.py:520} INFO - Running <TaskInstance: tutorial.templated 2018-12-25T00:00:00+00:00 [running]> on host IADAIRP1.globalrs.rack.space
[2019-03-22 04:06:17,593] {bash_operator.py:77} INFO - Tmp dir root location: 
 /tmp
[2019-03-22 04:06:17,594] {bash_operator.py:86} INFO - Exporting the following env vars:
AIRFLOW_CTX_DAG_ID=tutorial
AIRFLOW_CTX_TASK_ID=templated
AIRFLOW_CTX_EXECUTION_DATE=2018-12-25T00:00:00+00:00
AIRFLOW_CTX_DAG_RUN_ID=scheduled__2018-12-25T00:00:00+00:00
[2019-03-22 04:06:17,594] {bash_operator.py:100} INFO - Temporary script location: /tmp/airflowtmpp2bdqkxc/templatedzl6p9m4b
[2019-03-22 04:06:17,594] {bash_operator.py:110} INFO - Running command: 

    echo "2018-12-25"
    echo "2019-01-01"
    echo "Parameter I passed in"

    echo "2018-12-25"
    echo "2019-01-01"
    echo "Parameter I passed in"

    echo "2018-12-25"
    echo "2019-01-01"
    echo "Parameter I passed in"

    echo "2018-12-25"
    echo "2019-01-01"
    echo "Parameter I passed in"

    echo "2018-12-25"
    echo "2019-01-01"
    echo "Parameter I passed in"

[2019-03-22 04:06:17,600] {bash_operator.py:119} INFO - Output:
[2019-03-22 04:06:17,601] {bash_operator.py:123} INFO - 2018-12-25
[2019-03-22 04:06:17,601] {bash_operator.py:123} INFO - 2019-01-01
[2019-03-22 04:06:17,601] {bash_operator.py:123} INFO - Parameter I passed in
[2019-03-22 04:06:17,601] {bash_operator.py:123} INFO - 2018-12-25
[2019-03-22 04:06:17,601] {bash_operator.py:123} INFO - 2019-01-01
[2019-03-22 04:06:17,601] {bash_operator.py:123} INFO - Parameter I passed in
[2019-03-22 04:06:17,601] {bash_operator.py:123} INFO - 2018-12-25
[2019-03-22 04:06:17,601] {bash_operator.py:123} INFO - 2019-01-01
[2019-03-22 04:06:17,601] {bash_operator.py:123} INFO - Parameter I passed in
[2019-03-22 04:06:17,601] {bash_operator.py:123} INFO - 2018-12-25
[2019-03-22 04:06:17,601] {bash_operator.py:123} INFO - 2019-01-01
[2019-03-22 04:06:17,601] {bash_operator.py:123} INFO - Parameter I passed in
[2019-03-22 04:06:17,601] {bash_operator.py:123} INFO - 2018-12-25
[2019-03-22 04:06:17,601] {bash_operator.py:123} INFO - 2019-01-01
[2019-03-22 04:06:17,602] {bash_operator.py:123} INFO - Parameter I passed in
[2019-03-22 04:06:17,602] {bash_operator.py:127} INFO - Command exited with return code 0
[2019-03-22 04:06:21,301] {logging_mixin.py:95} INFO - [2019-03-22 04:06:21,300] {jobs.py:2527} INFO - Task exited with return code 0
