[2019-03-19 10:24:37,282] {models.py:1359} INFO - Dependencies all met for <TaskInstance: tutorial.templated 2015-06-21T00:00:00+00:00 [queued]>
[2019-03-19 10:24:37,287] {models.py:1359} INFO - Dependencies all met for <TaskInstance: tutorial.templated 2015-06-21T00:00:00+00:00 [queued]>
[2019-03-19 10:24:37,287] {models.py:1571} INFO - 
--------------------------------------------------------------------------------
Starting attempt 1 of 2
--------------------------------------------------------------------------------

[2019-03-19 10:24:37,299] {models.py:1593} INFO - Executing <Task(BashOperator): templated> on 2015-06-21T00:00:00+00:00
[2019-03-19 10:24:37,300] {base_task_runner.py:118} INFO - Running: ['bash', '-c', 'airflow run tutorial templated 2015-06-21T00:00:00+00:00 --job_id 47 --raw -sd DAGS_FOLDER/example_dags/tutorial.py --cfg_path /tmp/tmp68xihj8i']
[2019-03-19 10:24:37,900] {base_task_runner.py:101} INFO - Job 47: Subtask templated [2019-03-19 10:24:37,899] {__init__.py:51} INFO - Using executor SequentialExecutor
[2019-03-19 10:24:38,126] {base_task_runner.py:101} INFO - Job 47: Subtask templated [2019-03-19 10:24:38,125] {models.py:273} INFO - Filling up the DagBag from /home/rsandroni/airflow/dags/example_dags/tutorial.py
[2019-03-19 10:24:38,166] {base_task_runner.py:101} INFO - Job 47: Subtask templated [2019-03-19 10:24:38,166] {cli.py:520} INFO - Running <TaskInstance: tutorial.templated 2015-06-21T00:00:00+00:00 [running]> on host IADAIRP1.globalrs.rack.space
[2019-03-19 10:24:38,181] {bash_operator.py:77} INFO - Tmp dir root location: 
 /tmp
[2019-03-19 10:24:38,181] {bash_operator.py:86} INFO - Exporting the following env vars:
AIRFLOW_CTX_DAG_ID=tutorial
AIRFLOW_CTX_TASK_ID=templated
AIRFLOW_CTX_EXECUTION_DATE=2015-06-21T00:00:00+00:00
AIRFLOW_CTX_DAG_RUN_ID=scheduled__2015-06-21T00:00:00+00:00
[2019-03-19 10:24:38,182] {bash_operator.py:100} INFO - Temporary script location: /tmp/airflowtmpx8uyca4m/templatedbll2t9cy
[2019-03-19 10:24:38,182] {bash_operator.py:110} INFO - Running command: 

    echo "2015-06-21"
    echo "2015-06-28"
    echo "Parameter I passed in"

    echo "2015-06-21"
    echo "2015-06-28"
    echo "Parameter I passed in"

    echo "2015-06-21"
    echo "2015-06-28"
    echo "Parameter I passed in"

    echo "2015-06-21"
    echo "2015-06-28"
    echo "Parameter I passed in"

    echo "2015-06-21"
    echo "2015-06-28"
    echo "Parameter I passed in"

[2019-03-19 10:24:38,187] {bash_operator.py:119} INFO - Output:
[2019-03-19 10:24:38,188] {bash_operator.py:123} INFO - 2015-06-21
[2019-03-19 10:24:38,188] {bash_operator.py:123} INFO - 2015-06-28
[2019-03-19 10:24:38,188] {bash_operator.py:123} INFO - Parameter I passed in
[2019-03-19 10:24:38,188] {bash_operator.py:123} INFO - 2015-06-21
[2019-03-19 10:24:38,188] {bash_operator.py:123} INFO - 2015-06-28
[2019-03-19 10:24:38,188] {bash_operator.py:123} INFO - Parameter I passed in
[2019-03-19 10:24:38,188] {bash_operator.py:123} INFO - 2015-06-21
[2019-03-19 10:24:38,189] {bash_operator.py:123} INFO - 2015-06-28
[2019-03-19 10:24:38,189] {bash_operator.py:123} INFO - Parameter I passed in
[2019-03-19 10:24:38,189] {bash_operator.py:123} INFO - 2015-06-21
[2019-03-19 10:24:38,189] {bash_operator.py:123} INFO - 2015-06-28
[2019-03-19 10:24:38,189] {bash_operator.py:123} INFO - Parameter I passed in
[2019-03-19 10:24:38,189] {bash_operator.py:123} INFO - 2015-06-21
[2019-03-19 10:24:38,189] {bash_operator.py:123} INFO - 2015-06-28
[2019-03-19 10:24:38,189] {bash_operator.py:123} INFO - Parameter I passed in
[2019-03-19 10:24:38,189] {bash_operator.py:127} INFO - Command exited with return code 0
[2019-03-19 10:24:42,283] {logging_mixin.py:95} INFO - [2019-03-19 10:24:42,282] {jobs.py:2527} INFO - Task exited with return code 0
