[2019-03-21 21:45:01,468] {models.py:1359} INFO - Dependencies all met for <TaskInstance: tutorial.templated 2018-03-11T00:00:00+00:00 [queued]>
[2019-03-21 21:45:01,473] {models.py:1359} INFO - Dependencies all met for <TaskInstance: tutorial.templated 2018-03-11T00:00:00+00:00 [queued]>
[2019-03-21 21:45:01,473] {models.py:1571} INFO - 
--------------------------------------------------------------------------------
Starting attempt 1 of 2
--------------------------------------------------------------------------------

[2019-03-21 21:45:01,487] {models.py:1593} INFO - Executing <Task(BashOperator): templated> on 2018-03-11T00:00:00+00:00
[2019-03-21 21:45:01,487] {base_task_runner.py:118} INFO - Running: ['bash', '-c', 'airflow run tutorial templated 2018-03-11T00:00:00+00:00 --job_id 2103 --raw -sd DAGS_FOLDER/example_dags/tutorial.py --cfg_path /tmp/tmppoo9zadj']
[2019-03-21 21:45:02,122] {base_task_runner.py:101} INFO - Job 2103: Subtask templated [2019-03-21 21:45:02,121] {__init__.py:51} INFO - Using executor SequentialExecutor
[2019-03-21 21:45:02,354] {base_task_runner.py:101} INFO - Job 2103: Subtask templated [2019-03-21 21:45:02,353] {models.py:273} INFO - Filling up the DagBag from /home/rsandroni/airflow/dags/example_dags/tutorial.py
[2019-03-21 21:45:02,418] {base_task_runner.py:101} INFO - Job 2103: Subtask templated [2019-03-21 21:45:02,417] {cli.py:520} INFO - Running <TaskInstance: tutorial.templated 2018-03-11T00:00:00+00:00 [running]> on host IADAIRP1.globalrs.rack.space
[2019-03-21 21:45:02,435] {bash_operator.py:77} INFO - Tmp dir root location: 
 /tmp
[2019-03-21 21:45:02,435] {bash_operator.py:86} INFO - Exporting the following env vars:
AIRFLOW_CTX_DAG_ID=tutorial
AIRFLOW_CTX_TASK_ID=templated
AIRFLOW_CTX_EXECUTION_DATE=2018-03-11T00:00:00+00:00
AIRFLOW_CTX_DAG_RUN_ID=scheduled__2018-03-11T00:00:00+00:00
[2019-03-21 21:45:02,436] {bash_operator.py:100} INFO - Temporary script location: /tmp/airflowtmp4txx8yuc/templatedgi7u_4rd
[2019-03-21 21:45:02,436] {bash_operator.py:110} INFO - Running command: 

    echo "2018-03-11"
    echo "2018-03-18"
    echo "Parameter I passed in"

    echo "2018-03-11"
    echo "2018-03-18"
    echo "Parameter I passed in"

    echo "2018-03-11"
    echo "2018-03-18"
    echo "Parameter I passed in"

    echo "2018-03-11"
    echo "2018-03-18"
    echo "Parameter I passed in"

    echo "2018-03-11"
    echo "2018-03-18"
    echo "Parameter I passed in"

[2019-03-21 21:45:02,441] {bash_operator.py:119} INFO - Output:
[2019-03-21 21:45:02,443] {bash_operator.py:123} INFO - 2018-03-11
[2019-03-21 21:45:02,443] {bash_operator.py:123} INFO - 2018-03-18
[2019-03-21 21:45:02,443] {bash_operator.py:123} INFO - Parameter I passed in
[2019-03-21 21:45:02,443] {bash_operator.py:123} INFO - 2018-03-11
[2019-03-21 21:45:02,443] {bash_operator.py:123} INFO - 2018-03-18
[2019-03-21 21:45:02,443] {bash_operator.py:123} INFO - Parameter I passed in
[2019-03-21 21:45:02,443] {bash_operator.py:123} INFO - 2018-03-11
[2019-03-21 21:45:02,443] {bash_operator.py:123} INFO - 2018-03-18
[2019-03-21 21:45:02,443] {bash_operator.py:123} INFO - Parameter I passed in
[2019-03-21 21:45:02,443] {bash_operator.py:123} INFO - 2018-03-11
[2019-03-21 21:45:02,443] {bash_operator.py:123} INFO - 2018-03-18
[2019-03-21 21:45:02,443] {bash_operator.py:123} INFO - Parameter I passed in
[2019-03-21 21:45:02,443] {bash_operator.py:123} INFO - 2018-03-11
[2019-03-21 21:45:02,443] {bash_operator.py:123} INFO - 2018-03-18
[2019-03-21 21:45:02,443] {bash_operator.py:123} INFO - Parameter I passed in
[2019-03-21 21:45:02,443] {bash_operator.py:127} INFO - Command exited with return code 0
[2019-03-21 21:45:06,472] {logging_mixin.py:95} INFO - [2019-03-21 21:45:06,471] {jobs.py:2527} INFO - Task exited with return code 0
