[2019-03-19 15:17:09,785] {models.py:1359} INFO - Dependencies all met for <TaskInstance: tutorial.templated 2017-02-25T00:00:00+00:00 [queued]>
[2019-03-19 15:17:09,789] {models.py:1359} INFO - Dependencies all met for <TaskInstance: tutorial.templated 2017-02-25T00:00:00+00:00 [queued]>
[2019-03-19 15:17:09,790] {models.py:1571} INFO - 
--------------------------------------------------------------------------------
Starting attempt 1 of 2
--------------------------------------------------------------------------------

[2019-03-19 15:17:09,803] {models.py:1593} INFO - Executing <Task(BashOperator): templated> on 2017-02-25T00:00:00+00:00
[2019-03-19 15:17:09,803] {base_task_runner.py:118} INFO - Running: ['bash', '-c', 'airflow run tutorial templated 2017-02-25T00:00:00+00:00 --job_id 1277 --raw -sd DAGS_FOLDER/example_dags/tutorial.py --cfg_path /tmp/tmp38or6dpo']
[2019-03-19 15:17:10,430] {base_task_runner.py:101} INFO - Job 1277: Subtask templated [2019-03-19 15:17:10,430] {__init__.py:51} INFO - Using executor SequentialExecutor
[2019-03-19 15:17:10,702] {base_task_runner.py:101} INFO - Job 1277: Subtask templated [2019-03-19 15:17:10,701] {models.py:273} INFO - Filling up the DagBag from /home/rsandroni/airflow/dags/example_dags/tutorial.py
[2019-03-19 15:17:10,747] {base_task_runner.py:101} INFO - Job 1277: Subtask templated [2019-03-19 15:17:10,744] {cli.py:520} INFO - Running <TaskInstance: tutorial.templated 2017-02-25T00:00:00+00:00 [running]> on host IADAIRP1.globalrs.rack.space
[2019-03-19 15:17:10,763] {bash_operator.py:77} INFO - Tmp dir root location: 
 /tmp
[2019-03-19 15:17:10,763] {bash_operator.py:86} INFO - Exporting the following env vars:
AIRFLOW_CTX_DAG_ID=tutorial
AIRFLOW_CTX_TASK_ID=templated
AIRFLOW_CTX_EXECUTION_DATE=2017-02-25T00:00:00+00:00
AIRFLOW_CTX_DAG_RUN_ID=scheduled__2017-02-25T00:00:00+00:00
[2019-03-19 15:17:10,764] {bash_operator.py:100} INFO - Temporary script location: /tmp/airflowtmp2t040vzm/templatedtl59lrig
[2019-03-19 15:17:10,764] {bash_operator.py:110} INFO - Running command: 

    echo "2017-02-25"
    echo "2017-03-04"
    echo "Parameter I passed in"

    echo "2017-02-25"
    echo "2017-03-04"
    echo "Parameter I passed in"

    echo "2017-02-25"
    echo "2017-03-04"
    echo "Parameter I passed in"

    echo "2017-02-25"
    echo "2017-03-04"
    echo "Parameter I passed in"

    echo "2017-02-25"
    echo "2017-03-04"
    echo "Parameter I passed in"

[2019-03-19 15:17:10,769] {bash_operator.py:119} INFO - Output:
[2019-03-19 15:17:10,770] {bash_operator.py:123} INFO - 2017-02-25
[2019-03-19 15:17:10,770] {bash_operator.py:123} INFO - 2017-03-04
[2019-03-19 15:17:10,770] {bash_operator.py:123} INFO - Parameter I passed in
[2019-03-19 15:17:10,770] {bash_operator.py:123} INFO - 2017-02-25
[2019-03-19 15:17:10,770] {bash_operator.py:123} INFO - 2017-03-04
[2019-03-19 15:17:10,770] {bash_operator.py:123} INFO - Parameter I passed in
[2019-03-19 15:17:10,770] {bash_operator.py:123} INFO - 2017-02-25
[2019-03-19 15:17:10,770] {bash_operator.py:123} INFO - 2017-03-04
[2019-03-19 15:17:10,771] {bash_operator.py:123} INFO - Parameter I passed in
[2019-03-19 15:17:10,771] {bash_operator.py:123} INFO - 2017-02-25
[2019-03-19 15:17:10,771] {bash_operator.py:123} INFO - 2017-03-04
[2019-03-19 15:17:10,771] {bash_operator.py:123} INFO - Parameter I passed in
[2019-03-19 15:17:10,771] {bash_operator.py:123} INFO - 2017-02-25
[2019-03-19 15:17:10,771] {bash_operator.py:123} INFO - 2017-03-04
[2019-03-19 15:17:10,771] {bash_operator.py:123} INFO - Parameter I passed in
[2019-03-19 15:17:10,771] {bash_operator.py:127} INFO - Command exited with return code 0
[2019-03-19 15:17:14,793] {logging_mixin.py:95} INFO - [2019-03-19 15:17:14,792] {jobs.py:2527} INFO - Task exited with return code 0
