[2019-03-19 14:26:18,228] {models.py:1359} INFO - Dependencies all met for <TaskInstance: tutorial.print_date 2016-11-09T00:00:00+00:00 [queued]>
[2019-03-19 14:26:18,230] {models.py:1359} INFO - Dependencies all met for <TaskInstance: tutorial.print_date 2016-11-09T00:00:00+00:00 [queued]>
[2019-03-19 14:26:18,230] {models.py:1571} INFO - 
--------------------------------------------------------------------------------
Starting attempt 1 of 2
--------------------------------------------------------------------------------

[2019-03-19 14:26:18,243] {models.py:1593} INFO - Executing <Task(BashOperator): print_date> on 2016-11-09T00:00:00+00:00
[2019-03-19 14:26:18,243] {base_task_runner.py:118} INFO - Running: ['bash', '-c', 'airflow run tutorial print_date 2016-11-09T00:00:00+00:00 --job_id 1058 --raw -sd DAGS_FOLDER/sql_server_load.py --cfg_path /tmp/tmp8v4xyzsc']
[2019-03-19 14:26:18,855] {base_task_runner.py:101} INFO - Job 1058: Subtask print_date [2019-03-19 14:26:18,854] {__init__.py:51} INFO - Using executor SequentialExecutor
[2019-03-19 14:26:19,139] {base_task_runner.py:101} INFO - Job 1058: Subtask print_date [2019-03-19 14:26:19,139] {models.py:273} INFO - Filling up the DagBag from /home/rsandroni/airflow/dags/sql_server_load.py
[2019-03-19 14:26:19,158] {base_task_runner.py:101} INFO - Job 1058: Subtask print_date [2019-03-19 14:26:19,157] {cli.py:520} INFO - Running <TaskInstance: tutorial.print_date 2016-11-09T00:00:00+00:00 [running]> on host IADAIRP1.globalrs.rack.space
[2019-03-19 14:26:19,171] {bash_operator.py:77} INFO - Tmp dir root location: 
 /tmp
[2019-03-19 14:26:19,171] {bash_operator.py:86} INFO - Exporting the following env vars:
AIRFLOW_CTX_DAG_ID=tutorial
AIRFLOW_CTX_TASK_ID=print_date
AIRFLOW_CTX_EXECUTION_DATE=2016-11-09T00:00:00+00:00
AIRFLOW_CTX_DAG_RUN_ID=scheduled__2016-11-09T00:00:00+00:00
[2019-03-19 14:26:19,172] {bash_operator.py:100} INFO - Temporary script location: /tmp/airflowtmp776c4gtk/print_datesduy6h8q
[2019-03-19 14:26:19,172] {bash_operator.py:110} INFO - Running command: date
[2019-03-19 14:26:19,177] {bash_operator.py:119} INFO - Output:
[2019-03-19 14:26:19,179] {bash_operator.py:123} INFO - Ter Mar 19 14:26:19 -03 2019
[2019-03-19 14:26:19,180] {bash_operator.py:127} INFO - Command exited with return code 0
[2019-03-19 14:26:23,296] {logging_mixin.py:95} INFO - [2019-03-19 14:26:23,296] {jobs.py:2527} INFO - Task exited with return code 0
