[2019-03-21 17:12:40,388] {models.py:1359} INFO - Dependencies all met for <TaskInstance: tutorial.print_date 2017-06-17T00:00:00+00:00 [queued]>
[2019-03-21 17:12:40,390] {models.py:1359} INFO - Dependencies all met for <TaskInstance: tutorial.print_date 2017-06-17T00:00:00+00:00 [queued]>
[2019-03-21 17:12:40,390] {models.py:1571} INFO - 
--------------------------------------------------------------------------------
Starting attempt 1 of 2
--------------------------------------------------------------------------------

[2019-03-21 17:12:40,403] {models.py:1593} INFO - Executing <Task(BashOperator): print_date> on 2017-06-17T00:00:00+00:00
[2019-03-21 17:12:40,403] {base_task_runner.py:118} INFO - Running: ['bash', '-c', 'airflow run tutorial print_date 2017-06-17T00:00:00+00:00 --job_id 1518 --raw -sd DAGS_FOLDER/tutorial.py --cfg_path /tmp/tmp_czl69sy']
[2019-03-21 17:12:41,036] {base_task_runner.py:101} INFO - Job 1518: Subtask print_date [2019-03-21 17:12:41,035] {__init__.py:51} INFO - Using executor SequentialExecutor
[2019-03-21 17:12:41,269] {base_task_runner.py:101} INFO - Job 1518: Subtask print_date [2019-03-21 17:12:41,268] {models.py:273} INFO - Filling up the DagBag from /home/rsandroni/airflow/dags/tutorial.py
[2019-03-21 17:12:41,284] {base_task_runner.py:101} INFO - Job 1518: Subtask print_date [2019-03-21 17:12:41,284] {cli.py:520} INFO - Running <TaskInstance: tutorial.print_date 2017-06-17T00:00:00+00:00 [running]> on host IADAIRP1.globalrs.rack.space
[2019-03-21 17:12:41,297] {bash_operator.py:77} INFO - Tmp dir root location: 
 /tmp
[2019-03-21 17:12:41,297] {bash_operator.py:86} INFO - Exporting the following env vars:
AIRFLOW_CTX_DAG_ID=tutorial
AIRFLOW_CTX_TASK_ID=print_date
AIRFLOW_CTX_EXECUTION_DATE=2017-06-17T00:00:00+00:00
AIRFLOW_CTX_DAG_RUN_ID=scheduled__2017-06-17T00:00:00+00:00
[2019-03-21 17:12:41,298] {bash_operator.py:100} INFO - Temporary script location: /tmp/airflowtmpgivib9ol/print_datedgx68epg
[2019-03-21 17:12:41,298] {bash_operator.py:110} INFO - Running command: date
[2019-03-21 17:12:41,303] {bash_operator.py:119} INFO - Output:
[2019-03-21 17:12:41,305] {bash_operator.py:123} INFO - Qui Mar 21 17:12:41 -03 2019
[2019-03-21 17:12:41,305] {bash_operator.py:127} INFO - Command exited with return code 0
[2019-03-21 17:12:45,390] {logging_mixin.py:95} INFO - [2019-03-21 17:12:45,390] {jobs.py:2527} INFO - Task exited with return code 0
