[2019-03-19 10:16:21,579] {models.py:1359} INFO - Dependencies all met for <TaskInstance: tutorial.templated 2015-06-02T00:00:00+00:00 [queued]>
[2019-03-19 10:16:21,584] {models.py:1359} INFO - Dependencies all met for <TaskInstance: tutorial.templated 2015-06-02T00:00:00+00:00 [queued]>
[2019-03-19 10:16:21,584] {models.py:1571} INFO - 
--------------------------------------------------------------------------------
Starting attempt 1 of 2
--------------------------------------------------------------------------------

[2019-03-19 10:16:21,596] {models.py:1593} INFO - Executing <Task(BashOperator): templated> on 2015-06-02T00:00:00+00:00
[2019-03-19 10:16:21,597] {base_task_runner.py:118} INFO - Running: ['bash', '-c', 'airflow run tutorial templated 2015-06-02T00:00:00+00:00 --job_id 10 --raw -sd DAGS_FOLDER/example_dags/tutorial.py --cfg_path /tmp/tmp6hmwsg7d']
[2019-03-19 10:16:22,200] {base_task_runner.py:101} INFO - Job 10: Subtask templated [2019-03-19 10:16:22,199] {__init__.py:51} INFO - Using executor SequentialExecutor
[2019-03-19 10:16:22,415] {base_task_runner.py:101} INFO - Job 10: Subtask templated [2019-03-19 10:16:22,415] {models.py:273} INFO - Filling up the DagBag from /home/rsandroni/airflow/dags/example_dags/tutorial.py
[2019-03-19 10:16:22,455] {base_task_runner.py:101} INFO - Job 10: Subtask templated [2019-03-19 10:16:22,455] {cli.py:520} INFO - Running <TaskInstance: tutorial.templated 2015-06-02T00:00:00+00:00 [running]> on host IADAIRP1.globalrs.rack.space
[2019-03-19 10:16:22,474] {bash_operator.py:77} INFO - Tmp dir root location: 
 /tmp
[2019-03-19 10:16:22,474] {bash_operator.py:86} INFO - Exporting the following env vars:
AIRFLOW_CTX_DAG_ID=tutorial
AIRFLOW_CTX_TASK_ID=templated
AIRFLOW_CTX_EXECUTION_DATE=2015-06-02T00:00:00+00:00
AIRFLOW_CTX_DAG_RUN_ID=scheduled__2015-06-02T00:00:00+00:00
[2019-03-19 10:16:22,474] {bash_operator.py:100} INFO - Temporary script location: /tmp/airflowtmpnz7jv8rf/templatedtvo0sly1
[2019-03-19 10:16:22,474] {bash_operator.py:110} INFO - Running command: 

    echo "2015-06-02"
    echo "2015-06-09"
    echo "Parameter I passed in"

    echo "2015-06-02"
    echo "2015-06-09"
    echo "Parameter I passed in"

    echo "2015-06-02"
    echo "2015-06-09"
    echo "Parameter I passed in"

    echo "2015-06-02"
    echo "2015-06-09"
    echo "Parameter I passed in"

    echo "2015-06-02"
    echo "2015-06-09"
    echo "Parameter I passed in"

[2019-03-19 10:16:22,480] {bash_operator.py:119} INFO - Output:
[2019-03-19 10:16:22,482] {bash_operator.py:123} INFO - 2015-06-02
[2019-03-19 10:16:22,482] {bash_operator.py:123} INFO - 2015-06-09
[2019-03-19 10:16:22,482] {bash_operator.py:123} INFO - Parameter I passed in
[2019-03-19 10:16:22,482] {bash_operator.py:123} INFO - 2015-06-02
[2019-03-19 10:16:22,482] {bash_operator.py:123} INFO - 2015-06-09
[2019-03-19 10:16:22,482] {bash_operator.py:123} INFO - Parameter I passed in
[2019-03-19 10:16:22,482] {bash_operator.py:123} INFO - 2015-06-02
[2019-03-19 10:16:22,482] {bash_operator.py:123} INFO - 2015-06-09
[2019-03-19 10:16:22,482] {bash_operator.py:123} INFO - Parameter I passed in
[2019-03-19 10:16:22,482] {bash_operator.py:123} INFO - 2015-06-02
[2019-03-19 10:16:22,482] {bash_operator.py:123} INFO - 2015-06-09
[2019-03-19 10:16:22,482] {bash_operator.py:123} INFO - Parameter I passed in
[2019-03-19 10:16:22,482] {bash_operator.py:123} INFO - 2015-06-02
[2019-03-19 10:16:22,482] {bash_operator.py:123} INFO - 2015-06-09
[2019-03-19 10:16:22,483] {bash_operator.py:123} INFO - Parameter I passed in
[2019-03-19 10:16:22,483] {bash_operator.py:127} INFO - Command exited with return code 0
[2019-03-19 10:16:26,580] {logging_mixin.py:95} INFO - [2019-03-19 10:16:26,579] {jobs.py:2527} INFO - Task exited with return code 0
