[2019-03-19 10:55:05,641] {models.py:1359} INFO - Dependencies all met for <TaskInstance: tutorial.print_date 2015-08-17T00:00:00+00:00 [queued]>
[2019-03-19 10:55:05,642] {models.py:1359} INFO - Dependencies all met for <TaskInstance: tutorial.print_date 2015-08-17T00:00:00+00:00 [queued]>
[2019-03-19 10:55:05,642] {models.py:1571} INFO - 
--------------------------------------------------------------------------------
Starting attempt 1 of 2
--------------------------------------------------------------------------------

[2019-03-19 10:55:05,656] {models.py:1593} INFO - Executing <Task(BashOperator): print_date> on 2015-08-17T00:00:00+00:00
[2019-03-19 10:55:05,656] {base_task_runner.py:118} INFO - Running: ['bash', '-c', 'airflow run tutorial print_date 2015-08-17T00:00:00+00:00 --job_id 160 --raw -sd DAGS_FOLDER/tutorial.py --cfg_path /tmp/tmpidqxbrhk']
[2019-03-19 10:55:06,266] {base_task_runner.py:101} INFO - Job 160: Subtask print_date [2019-03-19 10:55:06,266] {__init__.py:51} INFO - Using executor SequentialExecutor
[2019-03-19 10:55:06,488] {base_task_runner.py:101} INFO - Job 160: Subtask print_date [2019-03-19 10:55:06,488] {models.py:273} INFO - Filling up the DagBag from /home/rsandroni/airflow/dags/tutorial.py
[2019-03-19 10:55:06,502] {base_task_runner.py:101} INFO - Job 160: Subtask print_date [2019-03-19 10:55:06,502] {cli.py:520} INFO - Running <TaskInstance: tutorial.print_date 2015-08-17T00:00:00+00:00 [running]> on host IADAIRP1.globalrs.rack.space
[2019-03-19 10:55:06,514] {bash_operator.py:77} INFO - Tmp dir root location: 
 /tmp
[2019-03-19 10:55:06,514] {bash_operator.py:86} INFO - Exporting the following env vars:
AIRFLOW_CTX_DAG_ID=tutorial
AIRFLOW_CTX_TASK_ID=print_date
AIRFLOW_CTX_EXECUTION_DATE=2015-08-17T00:00:00+00:00
AIRFLOW_CTX_DAG_RUN_ID=scheduled__2015-08-17T00:00:00+00:00
[2019-03-19 10:55:06,514] {bash_operator.py:100} INFO - Temporary script location: /tmp/airflowtmpya87wb6a/print_date29qnngh0
[2019-03-19 10:55:06,515] {bash_operator.py:110} INFO - Running command: date
[2019-03-19 10:55:06,520] {bash_operator.py:119} INFO - Output:
[2019-03-19 10:55:06,522] {bash_operator.py:123} INFO - Ter Mar 19 10:55:06 -03 2019
[2019-03-19 10:55:06,522] {bash_operator.py:127} INFO - Command exited with return code 0
[2019-03-19 10:55:10,645] {logging_mixin.py:95} INFO - [2019-03-19 10:55:10,644] {jobs.py:2527} INFO - Task exited with return code 0
