[2019-03-22 05:23:07,606] {models.py:1359} INFO - Dependencies all met for <TaskInstance: tutorial.templated 2019-02-21T00:00:00+00:00 [queued]>
[2019-03-22 05:23:07,611] {models.py:1359} INFO - Dependencies all met for <TaskInstance: tutorial.templated 2019-02-21T00:00:00+00:00 [queued]>
[2019-03-22 05:23:07,612] {models.py:1571} INFO - 
--------------------------------------------------------------------------------
Starting attempt 1 of 2
--------------------------------------------------------------------------------

[2019-03-22 05:23:07,625] {models.py:1593} INFO - Executing <Task(BashOperator): templated> on 2019-02-21T00:00:00+00:00
[2019-03-22 05:23:07,625] {base_task_runner.py:118} INFO - Running: ['bash', '-c', 'airflow run tutorial templated 2019-02-21T00:00:00+00:00 --job_id 2798 --raw -sd DAGS_FOLDER/example_dags/tutorial.py --cfg_path /tmp/tmpc3__rqv_']
[2019-03-22 05:23:08,324] {base_task_runner.py:101} INFO - Job 2798: Subtask templated [2019-03-22 05:23:08,323] {__init__.py:51} INFO - Using executor SequentialExecutor
[2019-03-22 05:23:08,554] {base_task_runner.py:101} INFO - Job 2798: Subtask templated [2019-03-22 05:23:08,553] {models.py:273} INFO - Filling up the DagBag from /home/rsandroni/airflow/dags/example_dags/tutorial.py
[2019-03-22 05:23:08,619] {base_task_runner.py:101} INFO - Job 2798: Subtask templated [2019-03-22 05:23:08,618] {cli.py:520} INFO - Running <TaskInstance: tutorial.templated 2019-02-21T00:00:00+00:00 [running]> on host IADAIRP1.globalrs.rack.space
[2019-03-22 05:23:08,635] {bash_operator.py:77} INFO - Tmp dir root location: 
 /tmp
[2019-03-22 05:23:08,636] {bash_operator.py:86} INFO - Exporting the following env vars:
AIRFLOW_CTX_DAG_ID=tutorial
AIRFLOW_CTX_TASK_ID=templated
AIRFLOW_CTX_EXECUTION_DATE=2019-02-21T00:00:00+00:00
AIRFLOW_CTX_DAG_RUN_ID=scheduled__2019-02-21T00:00:00+00:00
[2019-03-22 05:23:08,636] {bash_operator.py:100} INFO - Temporary script location: /tmp/airflowtmp86zeaerr/templated1i7qt1cu
[2019-03-22 05:23:08,636] {bash_operator.py:110} INFO - Running command: 

    echo "2019-02-21"
    echo "2019-02-28"
    echo "Parameter I passed in"

    echo "2019-02-21"
    echo "2019-02-28"
    echo "Parameter I passed in"

    echo "2019-02-21"
    echo "2019-02-28"
    echo "Parameter I passed in"

    echo "2019-02-21"
    echo "2019-02-28"
    echo "Parameter I passed in"

    echo "2019-02-21"
    echo "2019-02-28"
    echo "Parameter I passed in"

[2019-03-22 05:23:08,642] {bash_operator.py:119} INFO - Output:
[2019-03-22 05:23:08,644] {bash_operator.py:123} INFO - 2019-02-21
[2019-03-22 05:23:08,644] {bash_operator.py:123} INFO - 2019-02-28
[2019-03-22 05:23:08,644] {bash_operator.py:123} INFO - Parameter I passed in
[2019-03-22 05:23:08,644] {bash_operator.py:123} INFO - 2019-02-21
[2019-03-22 05:23:08,644] {bash_operator.py:123} INFO - 2019-02-28
[2019-03-22 05:23:08,644] {bash_operator.py:123} INFO - Parameter I passed in
[2019-03-22 05:23:08,644] {bash_operator.py:123} INFO - 2019-02-21
[2019-03-22 05:23:08,645] {bash_operator.py:123} INFO - 2019-02-28
[2019-03-22 05:23:08,645] {bash_operator.py:123} INFO - Parameter I passed in
[2019-03-22 05:23:08,645] {bash_operator.py:123} INFO - 2019-02-21
[2019-03-22 05:23:08,645] {bash_operator.py:123} INFO - 2019-02-28
[2019-03-22 05:23:08,645] {bash_operator.py:123} INFO - Parameter I passed in
[2019-03-22 05:23:08,645] {bash_operator.py:123} INFO - 2019-02-21
[2019-03-22 05:23:08,645] {bash_operator.py:123} INFO - 2019-02-28
[2019-03-22 05:23:08,645] {bash_operator.py:123} INFO - Parameter I passed in
[2019-03-22 05:23:08,645] {bash_operator.py:127} INFO - Command exited with return code 0
[2019-03-22 05:23:12,643] {logging_mixin.py:95} INFO - [2019-03-22 05:23:12,642] {jobs.py:2527} INFO - Task exited with return code 0
