[2019-03-21 17:51:52,192] {models.py:1359} INFO - Dependencies all met for <TaskInstance: tutorial.templated 2017-08-16T00:00:00+00:00 [queued]>
[2019-03-21 17:51:52,196] {models.py:1359} INFO - Dependencies all met for <TaskInstance: tutorial.templated 2017-08-16T00:00:00+00:00 [queued]>
[2019-03-21 17:51:52,196] {models.py:1571} INFO - 
--------------------------------------------------------------------------------
Starting attempt 1 of 2
--------------------------------------------------------------------------------

[2019-03-21 17:51:52,210] {models.py:1593} INFO - Executing <Task(BashOperator): templated> on 2017-08-16T00:00:00+00:00
[2019-03-21 17:51:52,210] {base_task_runner.py:118} INFO - Running: ['bash', '-c', 'airflow run tutorial templated 2017-08-16T00:00:00+00:00 --job_id 1671 --raw -sd DAGS_FOLDER/example_dags/tutorial.py --cfg_path /tmp/tmp6ceil3fy']
[2019-03-21 17:51:52,860] {base_task_runner.py:101} INFO - Job 1671: Subtask templated [2019-03-21 17:51:52,859] {__init__.py:51} INFO - Using executor SequentialExecutor
[2019-03-21 17:51:53,145] {base_task_runner.py:101} INFO - Job 1671: Subtask templated [2019-03-21 17:51:53,144] {models.py:273} INFO - Filling up the DagBag from /home/rsandroni/airflow/dags/example_dags/tutorial.py
[2019-03-21 17:51:53,209] {base_task_runner.py:101} INFO - Job 1671: Subtask templated [2019-03-21 17:51:53,208] {cli.py:520} INFO - Running <TaskInstance: tutorial.templated 2017-08-16T00:00:00+00:00 [running]> on host IADAIRP1.globalrs.rack.space
[2019-03-21 17:51:53,225] {bash_operator.py:77} INFO - Tmp dir root location: 
 /tmp
[2019-03-21 17:51:53,226] {bash_operator.py:86} INFO - Exporting the following env vars:
AIRFLOW_CTX_DAG_ID=tutorial
AIRFLOW_CTX_TASK_ID=templated
AIRFLOW_CTX_EXECUTION_DATE=2017-08-16T00:00:00+00:00
AIRFLOW_CTX_DAG_RUN_ID=scheduled__2017-08-16T00:00:00+00:00
[2019-03-21 17:51:53,226] {bash_operator.py:100} INFO - Temporary script location: /tmp/airflowtmpobsiepte/templatedzqynzbud
[2019-03-21 17:51:53,226] {bash_operator.py:110} INFO - Running command: 

    echo "2017-08-16"
    echo "2017-08-23"
    echo "Parameter I passed in"

    echo "2017-08-16"
    echo "2017-08-23"
    echo "Parameter I passed in"

    echo "2017-08-16"
    echo "2017-08-23"
    echo "Parameter I passed in"

    echo "2017-08-16"
    echo "2017-08-23"
    echo "Parameter I passed in"

    echo "2017-08-16"
    echo "2017-08-23"
    echo "Parameter I passed in"

[2019-03-21 17:51:53,232] {bash_operator.py:119} INFO - Output:
[2019-03-21 17:51:53,233] {bash_operator.py:123} INFO - 2017-08-16
[2019-03-21 17:51:53,233] {bash_operator.py:123} INFO - 2017-08-23
[2019-03-21 17:51:53,233] {bash_operator.py:123} INFO - Parameter I passed in
[2019-03-21 17:51:53,233] {bash_operator.py:123} INFO - 2017-08-16
[2019-03-21 17:51:53,233] {bash_operator.py:123} INFO - 2017-08-23
[2019-03-21 17:51:53,233] {bash_operator.py:123} INFO - Parameter I passed in
[2019-03-21 17:51:53,233] {bash_operator.py:123} INFO - 2017-08-16
[2019-03-21 17:51:53,233] {bash_operator.py:123} INFO - 2017-08-23
[2019-03-21 17:51:53,233] {bash_operator.py:123} INFO - Parameter I passed in
[2019-03-21 17:51:53,233] {bash_operator.py:123} INFO - 2017-08-16
[2019-03-21 17:51:53,233] {bash_operator.py:123} INFO - 2017-08-23
[2019-03-21 17:51:53,233] {bash_operator.py:123} INFO - Parameter I passed in
[2019-03-21 17:51:53,233] {bash_operator.py:123} INFO - 2017-08-16
[2019-03-21 17:51:53,233] {bash_operator.py:123} INFO - 2017-08-23
[2019-03-21 17:51:53,233] {bash_operator.py:123} INFO - Parameter I passed in
[2019-03-21 17:51:53,233] {bash_operator.py:127} INFO - Command exited with return code 0
[2019-03-21 17:51:57,195] {logging_mixin.py:95} INFO - [2019-03-21 17:51:57,194] {jobs.py:2527} INFO - Task exited with return code 0
