[2019-03-22 02:09:55,583] {models.py:1359} INFO - Dependencies all met for <TaskInstance: tutorial.templated 2018-09-28T00:00:00+00:00 [queued]>
[2019-03-22 02:09:55,588] {models.py:1359} INFO - Dependencies all met for <TaskInstance: tutorial.templated 2018-09-28T00:00:00+00:00 [queued]>
[2019-03-22 02:09:55,588] {models.py:1571} INFO - 
--------------------------------------------------------------------------------
Starting attempt 1 of 2
--------------------------------------------------------------------------------

[2019-03-22 02:09:55,636] {models.py:1593} INFO - Executing <Task(BashOperator): templated> on 2018-09-28T00:00:00+00:00
[2019-03-22 02:09:55,636] {base_task_runner.py:118} INFO - Running: ['bash', '-c', 'airflow run tutorial templated 2018-09-28T00:00:00+00:00 --job_id 2506 --raw -sd DAGS_FOLDER/example_dags/tutorial.py --cfg_path /tmp/tmpgzebkoeg']
[2019-03-22 02:09:56,390] {base_task_runner.py:101} INFO - Job 2506: Subtask templated [2019-03-22 02:09:56,389] {__init__.py:51} INFO - Using executor SequentialExecutor
[2019-03-22 02:09:56,845] {base_task_runner.py:101} INFO - Job 2506: Subtask templated [2019-03-22 02:09:56,844] {models.py:273} INFO - Filling up the DagBag from /home/rsandroni/airflow/dags/example_dags/tutorial.py
[2019-03-22 02:09:56,958] {base_task_runner.py:101} INFO - Job 2506: Subtask templated [2019-03-22 02:09:56,954] {cli.py:520} INFO - Running <TaskInstance: tutorial.templated 2018-09-28T00:00:00+00:00 [running]> on host IADAIRP1.globalrs.rack.space
[2019-03-22 02:09:56,981] {bash_operator.py:77} INFO - Tmp dir root location: 
 /tmp
[2019-03-22 02:09:56,982] {bash_operator.py:86} INFO - Exporting the following env vars:
AIRFLOW_CTX_DAG_ID=tutorial
AIRFLOW_CTX_TASK_ID=templated
AIRFLOW_CTX_EXECUTION_DATE=2018-09-28T00:00:00+00:00
AIRFLOW_CTX_DAG_RUN_ID=scheduled__2018-09-28T00:00:00+00:00
[2019-03-22 02:09:56,982] {bash_operator.py:100} INFO - Temporary script location: /tmp/airflowtmpob4oj3l7/templated7un41j1u
[2019-03-22 02:09:56,982] {bash_operator.py:110} INFO - Running command: 

    echo "2018-09-28"
    echo "2018-10-05"
    echo "Parameter I passed in"

    echo "2018-09-28"
    echo "2018-10-05"
    echo "Parameter I passed in"

    echo "2018-09-28"
    echo "2018-10-05"
    echo "Parameter I passed in"

    echo "2018-09-28"
    echo "2018-10-05"
    echo "Parameter I passed in"

    echo "2018-09-28"
    echo "2018-10-05"
    echo "Parameter I passed in"

[2019-03-22 02:09:57,027] {bash_operator.py:119} INFO - Output:
[2019-03-22 02:09:57,028] {bash_operator.py:123} INFO - 2018-09-28
[2019-03-22 02:09:57,028] {bash_operator.py:123} INFO - 2018-10-05
[2019-03-22 02:09:57,028] {bash_operator.py:123} INFO - Parameter I passed in
[2019-03-22 02:09:57,028] {bash_operator.py:123} INFO - 2018-09-28
[2019-03-22 02:09:57,028] {bash_operator.py:123} INFO - 2018-10-05
[2019-03-22 02:09:57,028] {bash_operator.py:123} INFO - Parameter I passed in
[2019-03-22 02:09:57,028] {bash_operator.py:123} INFO - 2018-09-28
[2019-03-22 02:09:57,028] {bash_operator.py:123} INFO - 2018-10-05
[2019-03-22 02:09:57,028] {bash_operator.py:123} INFO - Parameter I passed in
[2019-03-22 02:09:57,028] {bash_operator.py:123} INFO - 2018-09-28
[2019-03-22 02:09:57,028] {bash_operator.py:123} INFO - 2018-10-05
[2019-03-22 02:09:57,028] {bash_operator.py:123} INFO - Parameter I passed in
[2019-03-22 02:09:57,028] {bash_operator.py:123} INFO - 2018-09-28
[2019-03-22 02:09:57,028] {bash_operator.py:123} INFO - 2018-10-05
[2019-03-22 02:09:57,028] {bash_operator.py:123} INFO - Parameter I passed in
[2019-03-22 02:09:57,028] {bash_operator.py:127} INFO - Command exited with return code 0
[2019-03-22 02:10:00,632] {logging_mixin.py:95} INFO - [2019-03-22 02:10:00,630] {jobs.py:2527} INFO - Task exited with return code 0
