[2019-03-19 15:01:18,144] {models.py:1359} INFO - Dependencies all met for <TaskInstance: tutorial.print_date 2017-01-21T00:00:00+00:00 [queued]>
[2019-03-19 15:01:18,146] {models.py:1359} INFO - Dependencies all met for <TaskInstance: tutorial.print_date 2017-01-21T00:00:00+00:00 [queued]>
[2019-03-19 15:01:18,147] {models.py:1571} INFO - 
--------------------------------------------------------------------------------
Starting attempt 1 of 2
--------------------------------------------------------------------------------

[2019-03-19 15:01:18,163] {models.py:1593} INFO - Executing <Task(BashOperator): print_date> on 2017-01-21T00:00:00+00:00
[2019-03-19 15:01:18,163] {base_task_runner.py:118} INFO - Running: ['bash', '-c', 'airflow run tutorial print_date 2017-01-21T00:00:00+00:00 --job_id 1206 --raw -sd DAGS_FOLDER/tutorial.py --cfg_path /tmp/tmpq60cbj_u']
[2019-03-19 15:01:18,789] {base_task_runner.py:101} INFO - Job 1206: Subtask print_date [2019-03-19 15:01:18,788] {__init__.py:51} INFO - Using executor SequentialExecutor
[2019-03-19 15:01:19,057] {base_task_runner.py:101} INFO - Job 1206: Subtask print_date [2019-03-19 15:01:19,056] {models.py:273} INFO - Filling up the DagBag from /home/rsandroni/airflow/dags/tutorial.py
[2019-03-19 15:01:19,072] {base_task_runner.py:101} INFO - Job 1206: Subtask print_date [2019-03-19 15:01:19,072] {cli.py:520} INFO - Running <TaskInstance: tutorial.print_date 2017-01-21T00:00:00+00:00 [running]> on host IADAIRP1.globalrs.rack.space
[2019-03-19 15:01:19,086] {bash_operator.py:77} INFO - Tmp dir root location: 
 /tmp
[2019-03-19 15:01:19,086] {bash_operator.py:86} INFO - Exporting the following env vars:
AIRFLOW_CTX_DAG_ID=tutorial
AIRFLOW_CTX_TASK_ID=print_date
AIRFLOW_CTX_EXECUTION_DATE=2017-01-21T00:00:00+00:00
AIRFLOW_CTX_DAG_RUN_ID=scheduled__2017-01-21T00:00:00+00:00
[2019-03-19 15:01:19,087] {bash_operator.py:100} INFO - Temporary script location: /tmp/airflowtmpmtv8mnpr/print_date_v33it6z
[2019-03-19 15:01:19,087] {bash_operator.py:110} INFO - Running command: date
[2019-03-19 15:01:19,092] {bash_operator.py:119} INFO - Output:
[2019-03-19 15:01:19,094] {bash_operator.py:123} INFO - Ter Mar 19 15:01:19 -03 2019
[2019-03-19 15:01:19,094] {bash_operator.py:127} INFO - Command exited with return code 0
[2019-03-19 15:01:23,152] {logging_mixin.py:95} INFO - [2019-03-19 15:01:23,151] {jobs.py:2527} INFO - Task exited with return code 0
