[2019-03-19 13:46:26,783] {models.py:1359} INFO - Dependencies all met for <TaskInstance: tutorial.templated 2016-08-20T00:00:00+00:00 [queued]>
[2019-03-19 13:46:26,787] {models.py:1359} INFO - Dependencies all met for <TaskInstance: tutorial.templated 2016-08-20T00:00:00+00:00 [queued]>
[2019-03-19 13:46:26,787] {models.py:1571} INFO - 
--------------------------------------------------------------------------------
Starting attempt 1 of 2
--------------------------------------------------------------------------------

[2019-03-19 13:46:26,804] {models.py:1593} INFO - Executing <Task(BashOperator): templated> on 2016-08-20T00:00:00+00:00
[2019-03-19 13:46:26,804] {base_task_runner.py:118} INFO - Running: ['bash', '-c', 'airflow run tutorial templated 2016-08-20T00:00:00+00:00 --job_id 899 --raw -sd DAGS_FOLDER/example_dags/tutorial.py --cfg_path /tmp/tmpt8r3iyhc']
[2019-03-19 13:46:27,418] {base_task_runner.py:101} INFO - Job 899: Subtask templated [2019-03-19 13:46:27,417] {__init__.py:51} INFO - Using executor SequentialExecutor
[2019-03-19 13:46:27,641] {base_task_runner.py:101} INFO - Job 899: Subtask templated [2019-03-19 13:46:27,641] {models.py:273} INFO - Filling up the DagBag from /home/rsandroni/airflow/dags/example_dags/tutorial.py
[2019-03-19 13:46:27,682] {base_task_runner.py:101} INFO - Job 899: Subtask templated [2019-03-19 13:46:27,682] {cli.py:520} INFO - Running <TaskInstance: tutorial.templated 2016-08-20T00:00:00+00:00 [running]> on host IADAIRP1.globalrs.rack.space
[2019-03-19 13:46:27,700] {bash_operator.py:77} INFO - Tmp dir root location: 
 /tmp
[2019-03-19 13:46:27,700] {bash_operator.py:86} INFO - Exporting the following env vars:
AIRFLOW_CTX_DAG_ID=tutorial
AIRFLOW_CTX_TASK_ID=templated
AIRFLOW_CTX_EXECUTION_DATE=2016-08-20T00:00:00+00:00
AIRFLOW_CTX_DAG_RUN_ID=scheduled__2016-08-20T00:00:00+00:00
[2019-03-19 13:46:27,700] {bash_operator.py:100} INFO - Temporary script location: /tmp/airflowtmpuqqztuvt/templated3_n_1f46
[2019-03-19 13:46:27,701] {bash_operator.py:110} INFO - Running command: 

    echo "2016-08-20"
    echo "2016-08-27"
    echo "Parameter I passed in"

    echo "2016-08-20"
    echo "2016-08-27"
    echo "Parameter I passed in"

    echo "2016-08-20"
    echo "2016-08-27"
    echo "Parameter I passed in"

    echo "2016-08-20"
    echo "2016-08-27"
    echo "Parameter I passed in"

    echo "2016-08-20"
    echo "2016-08-27"
    echo "Parameter I passed in"

[2019-03-19 13:46:27,705] {bash_operator.py:119} INFO - Output:
[2019-03-19 13:46:27,707] {bash_operator.py:123} INFO - 2016-08-20
[2019-03-19 13:46:27,707] {bash_operator.py:123} INFO - 2016-08-27
[2019-03-19 13:46:27,707] {bash_operator.py:123} INFO - Parameter I passed in
[2019-03-19 13:46:27,707] {bash_operator.py:123} INFO - 2016-08-20
[2019-03-19 13:46:27,707] {bash_operator.py:123} INFO - 2016-08-27
[2019-03-19 13:46:27,707] {bash_operator.py:123} INFO - Parameter I passed in
[2019-03-19 13:46:27,707] {bash_operator.py:123} INFO - 2016-08-20
[2019-03-19 13:46:27,707] {bash_operator.py:123} INFO - 2016-08-27
[2019-03-19 13:46:27,707] {bash_operator.py:123} INFO - Parameter I passed in
[2019-03-19 13:46:27,707] {bash_operator.py:123} INFO - 2016-08-20
[2019-03-19 13:46:27,707] {bash_operator.py:123} INFO - 2016-08-27
[2019-03-19 13:46:27,707] {bash_operator.py:123} INFO - Parameter I passed in
[2019-03-19 13:46:27,707] {bash_operator.py:123} INFO - 2016-08-20
[2019-03-19 13:46:27,707] {bash_operator.py:123} INFO - 2016-08-27
[2019-03-19 13:46:27,707] {bash_operator.py:123} INFO - Parameter I passed in
[2019-03-19 13:46:27,707] {bash_operator.py:127} INFO - Command exited with return code 0
[2019-03-19 13:46:31,790] {logging_mixin.py:95} INFO - [2019-03-19 13:46:31,790] {jobs.py:2527} INFO - Task exited with return code 0
