[2019-03-19 11:38:41,829] {models.py:1359} INFO - Dependencies all met for <TaskInstance: tutorial.print_date 2015-11-17T00:00:00+00:00 [queued]>
[2019-03-19 11:38:41,831] {models.py:1359} INFO - Dependencies all met for <TaskInstance: tutorial.print_date 2015-11-17T00:00:00+00:00 [queued]>
[2019-03-19 11:38:41,831] {models.py:1571} INFO - 
--------------------------------------------------------------------------------
Starting attempt 1 of 2
--------------------------------------------------------------------------------

[2019-03-19 11:38:41,849] {models.py:1593} INFO - Executing <Task(BashOperator): print_date> on 2015-11-17T00:00:00+00:00
[2019-03-19 11:38:41,849] {base_task_runner.py:118} INFO - Running: ['bash', '-c', 'airflow run tutorial print_date 2015-11-17T00:00:00+00:00 --job_id 343 --raw -sd DAGS_FOLDER/tutorial.py --cfg_path /tmp/tmprhvsvkzq']
[2019-03-19 11:38:42,460] {base_task_runner.py:101} INFO - Job 343: Subtask print_date [2019-03-19 11:38:42,460] {__init__.py:51} INFO - Using executor SequentialExecutor
[2019-03-19 11:38:42,705] {base_task_runner.py:101} INFO - Job 343: Subtask print_date [2019-03-19 11:38:42,705] {models.py:273} INFO - Filling up the DagBag from /home/rsandroni/airflow/dags/tutorial.py
[2019-03-19 11:38:42,720] {base_task_runner.py:101} INFO - Job 343: Subtask print_date [2019-03-19 11:38:42,720] {cli.py:520} INFO - Running <TaskInstance: tutorial.print_date 2015-11-17T00:00:00+00:00 [running]> on host IADAIRP1.globalrs.rack.space
[2019-03-19 11:38:42,733] {bash_operator.py:77} INFO - Tmp dir root location: 
 /tmp
[2019-03-19 11:38:42,733] {bash_operator.py:86} INFO - Exporting the following env vars:
AIRFLOW_CTX_DAG_ID=tutorial
AIRFLOW_CTX_TASK_ID=print_date
AIRFLOW_CTX_EXECUTION_DATE=2015-11-17T00:00:00+00:00
AIRFLOW_CTX_DAG_RUN_ID=scheduled__2015-11-17T00:00:00+00:00
[2019-03-19 11:38:42,733] {bash_operator.py:100} INFO - Temporary script location: /tmp/airflowtmprtbu_2ll/print_date08t0_vue
[2019-03-19 11:38:42,733] {bash_operator.py:110} INFO - Running command: date
[2019-03-19 11:38:42,738] {bash_operator.py:119} INFO - Output:
[2019-03-19 11:38:42,740] {bash_operator.py:123} INFO - Ter Mar 19 11:38:42 -03 2019
[2019-03-19 11:38:42,741] {bash_operator.py:127} INFO - Command exited with return code 0
[2019-03-19 11:38:46,828] {logging_mixin.py:95} INFO - [2019-03-19 11:38:46,828] {jobs.py:2527} INFO - Task exited with return code 0
