[2019-03-21 21:11:45,479] {models.py:1359} INFO - Dependencies all met for <TaskInstance: tutorial.print_date 2018-02-14T00:00:00+00:00 [queued]>
[2019-03-21 21:11:45,482] {models.py:1359} INFO - Dependencies all met for <TaskInstance: tutorial.print_date 2018-02-14T00:00:00+00:00 [queued]>
[2019-03-21 21:11:45,482] {models.py:1571} INFO - 
--------------------------------------------------------------------------------
Starting attempt 1 of 2
--------------------------------------------------------------------------------

[2019-03-21 21:11:45,497] {models.py:1593} INFO - Executing <Task(BashOperator): print_date> on 2018-02-14T00:00:00+00:00
[2019-03-21 21:11:45,497] {base_task_runner.py:118} INFO - Running: ['bash', '-c', 'airflow run tutorial print_date 2018-02-14T00:00:00+00:00 --job_id 2052 --raw -sd DAGS_FOLDER/tutorial.py --cfg_path /tmp/tmpq2y7l5s_']
[2019-03-21 21:11:46,128] {base_task_runner.py:101} INFO - Job 2052: Subtask print_date [2019-03-21 21:11:46,128] {__init__.py:51} INFO - Using executor SequentialExecutor
[2019-03-21 21:11:46,355] {base_task_runner.py:101} INFO - Job 2052: Subtask print_date [2019-03-21 21:11:46,355] {models.py:273} INFO - Filling up the DagBag from /home/rsandroni/airflow/dags/tutorial.py
[2019-03-21 21:11:46,370] {base_task_runner.py:101} INFO - Job 2052: Subtask print_date [2019-03-21 21:11:46,370] {cli.py:520} INFO - Running <TaskInstance: tutorial.print_date 2018-02-14T00:00:00+00:00 [running]> on host IADAIRP1.globalrs.rack.space
[2019-03-21 21:11:46,383] {bash_operator.py:77} INFO - Tmp dir root location: 
 /tmp
[2019-03-21 21:11:46,383] {bash_operator.py:86} INFO - Exporting the following env vars:
AIRFLOW_CTX_DAG_ID=tutorial
AIRFLOW_CTX_TASK_ID=print_date
AIRFLOW_CTX_EXECUTION_DATE=2018-02-14T00:00:00+00:00
AIRFLOW_CTX_DAG_RUN_ID=scheduled__2018-02-14T00:00:00+00:00
[2019-03-21 21:11:46,383] {bash_operator.py:100} INFO - Temporary script location: /tmp/airflowtmpwpahekcg/print_datei_nq75ug
[2019-03-21 21:11:46,383] {bash_operator.py:110} INFO - Running command: date
[2019-03-21 21:11:46,389] {bash_operator.py:119} INFO - Output:
[2019-03-21 21:11:46,391] {bash_operator.py:123} INFO - Qui Mar 21 21:11:46 -03 2019
[2019-03-21 21:11:46,391] {bash_operator.py:127} INFO - Command exited with return code 0
[2019-03-21 21:11:50,484] {logging_mixin.py:95} INFO - [2019-03-21 21:11:50,484] {jobs.py:2527} INFO - Task exited with return code 0
