[2019-03-22 02:33:50,550] {models.py:1359} INFO - Dependencies all met for <TaskInstance: tutorial.templated 2018-10-17T00:00:00+00:00 [queued]>
[2019-03-22 02:33:50,555] {models.py:1359} INFO - Dependencies all met for <TaskInstance: tutorial.templated 2018-10-17T00:00:00+00:00 [queued]>
[2019-03-22 02:33:50,555] {models.py:1571} INFO - 
--------------------------------------------------------------------------------
Starting attempt 1 of 2
--------------------------------------------------------------------------------

[2019-03-22 02:33:50,568] {models.py:1593} INFO - Executing <Task(BashOperator): templated> on 2018-10-17T00:00:00+00:00
[2019-03-22 02:33:50,568] {base_task_runner.py:118} INFO - Running: ['bash', '-c', 'airflow run tutorial templated 2018-10-17T00:00:00+00:00 --job_id 2543 --raw -sd DAGS_FOLDER/example_dags/tutorial.py --cfg_path /tmp/tmpq8agyvf_']
[2019-03-22 02:33:51,227] {base_task_runner.py:101} INFO - Job 2543: Subtask templated [2019-03-22 02:33:51,225] {__init__.py:51} INFO - Using executor SequentialExecutor
[2019-03-22 02:33:51,520] {base_task_runner.py:101} INFO - Job 2543: Subtask templated [2019-03-22 02:33:51,519] {models.py:273} INFO - Filling up the DagBag from /home/rsandroni/airflow/dags/example_dags/tutorial.py
[2019-03-22 02:33:51,634] {base_task_runner.py:101} INFO - Job 2543: Subtask templated [2019-03-22 02:33:51,633] {cli.py:520} INFO - Running <TaskInstance: tutorial.templated 2018-10-17T00:00:00+00:00 [running]> on host IADAIRP1.globalrs.rack.space
[2019-03-22 02:33:51,655] {bash_operator.py:77} INFO - Tmp dir root location: 
 /tmp
[2019-03-22 02:33:51,655] {bash_operator.py:86} INFO - Exporting the following env vars:
AIRFLOW_CTX_DAG_ID=tutorial
AIRFLOW_CTX_TASK_ID=templated
AIRFLOW_CTX_EXECUTION_DATE=2018-10-17T00:00:00+00:00
AIRFLOW_CTX_DAG_RUN_ID=scheduled__2018-10-17T00:00:00+00:00
[2019-03-22 02:33:51,656] {bash_operator.py:100} INFO - Temporary script location: /tmp/airflowtmp8l_m016e/templatedi57pul8i
[2019-03-22 02:33:51,656] {bash_operator.py:110} INFO - Running command: 

    echo "2018-10-17"
    echo "2018-10-24"
    echo "Parameter I passed in"

    echo "2018-10-17"
    echo "2018-10-24"
    echo "Parameter I passed in"

    echo "2018-10-17"
    echo "2018-10-24"
    echo "Parameter I passed in"

    echo "2018-10-17"
    echo "2018-10-24"
    echo "Parameter I passed in"

    echo "2018-10-17"
    echo "2018-10-24"
    echo "Parameter I passed in"

[2019-03-22 02:33:51,663] {bash_operator.py:119} INFO - Output:
[2019-03-22 02:33:51,664] {bash_operator.py:123} INFO - 2018-10-17
[2019-03-22 02:33:51,664] {bash_operator.py:123} INFO - 2018-10-24
[2019-03-22 02:33:51,664] {bash_operator.py:123} INFO - Parameter I passed in
[2019-03-22 02:33:51,664] {bash_operator.py:123} INFO - 2018-10-17
[2019-03-22 02:33:51,664] {bash_operator.py:123} INFO - 2018-10-24
[2019-03-22 02:33:51,665] {bash_operator.py:123} INFO - Parameter I passed in
[2019-03-22 02:33:51,665] {bash_operator.py:123} INFO - 2018-10-17
[2019-03-22 02:33:51,665] {bash_operator.py:123} INFO - 2018-10-24
[2019-03-22 02:33:51,665] {bash_operator.py:123} INFO - Parameter I passed in
[2019-03-22 02:33:51,665] {bash_operator.py:123} INFO - 2018-10-17
[2019-03-22 02:33:51,665] {bash_operator.py:123} INFO - 2018-10-24
[2019-03-22 02:33:51,665] {bash_operator.py:123} INFO - Parameter I passed in
[2019-03-22 02:33:51,665] {bash_operator.py:123} INFO - 2018-10-17
[2019-03-22 02:33:51,665] {bash_operator.py:123} INFO - 2018-10-24
[2019-03-22 02:33:51,665] {bash_operator.py:123} INFO - Parameter I passed in
[2019-03-22 02:33:51,665] {bash_operator.py:127} INFO - Command exited with return code 0
[2019-03-22 02:33:55,614] {logging_mixin.py:95} INFO - [2019-03-22 02:33:55,613] {jobs.py:2527} INFO - Task exited with return code 0
