[2019-03-22 01:20:20,668] {models.py:1359} INFO - Dependencies all met for <TaskInstance: tutorial.print_date 2018-08-23T00:00:00+00:00 [queued]>
[2019-03-22 01:20:20,671] {models.py:1359} INFO - Dependencies all met for <TaskInstance: tutorial.print_date 2018-08-23T00:00:00+00:00 [queued]>
[2019-03-22 01:20:20,671] {models.py:1571} INFO - 
--------------------------------------------------------------------------------
Starting attempt 1 of 2
--------------------------------------------------------------------------------

[2019-03-22 01:20:20,702] {models.py:1593} INFO - Executing <Task(BashOperator): print_date> on 2018-08-23T00:00:00+00:00
[2019-03-22 01:20:20,702] {base_task_runner.py:118} INFO - Running: ['bash', '-c', 'airflow run tutorial print_date 2018-08-23T00:00:00+00:00 --job_id 2432 --raw -sd DAGS_FOLDER/tutorial.py --cfg_path /tmp/tmps8ij8xnt']
[2019-03-22 01:20:21,380] {base_task_runner.py:101} INFO - Job 2432: Subtask print_date [2019-03-22 01:20:21,379] {__init__.py:51} INFO - Using executor SequentialExecutor
[2019-03-22 01:20:21,611] {base_task_runner.py:101} INFO - Job 2432: Subtask print_date [2019-03-22 01:20:21,610] {models.py:273} INFO - Filling up the DagBag from /home/rsandroni/airflow/dags/tutorial.py
[2019-03-22 01:20:21,625] {base_task_runner.py:101} INFO - Job 2432: Subtask print_date [2019-03-22 01:20:21,625] {cli.py:520} INFO - Running <TaskInstance: tutorial.print_date 2018-08-23T00:00:00+00:00 [running]> on host IADAIRP1.globalrs.rack.space
[2019-03-22 01:20:21,642] {bash_operator.py:77} INFO - Tmp dir root location: 
 /tmp
[2019-03-22 01:20:21,643] {bash_operator.py:86} INFO - Exporting the following env vars:
AIRFLOW_CTX_DAG_ID=tutorial
AIRFLOW_CTX_TASK_ID=print_date
AIRFLOW_CTX_EXECUTION_DATE=2018-08-23T00:00:00+00:00
AIRFLOW_CTX_DAG_RUN_ID=scheduled__2018-08-23T00:00:00+00:00
[2019-03-22 01:20:21,644] {bash_operator.py:100} INFO - Temporary script location: /tmp/airflowtmpdgai_zxi/print_date78bj7px5
[2019-03-22 01:20:21,644] {bash_operator.py:110} INFO - Running command: date
[2019-03-22 01:20:21,651] {bash_operator.py:119} INFO - Output:
[2019-03-22 01:20:21,653] {bash_operator.py:123} INFO - Sex Mar 22 01:20:21 -03 2019
[2019-03-22 01:20:21,653] {bash_operator.py:127} INFO - Command exited with return code 0
[2019-03-22 01:20:25,671] {logging_mixin.py:95} INFO - [2019-03-22 01:20:25,670] {jobs.py:2527} INFO - Task exited with return code 0
