[2019-03-19 12:06:11,813] {models.py:1359} INFO - Dependencies all met for <TaskInstance: tutorial.print_date 2016-01-20T00:00:00+00:00 [queued]>
[2019-03-19 12:06:11,814] {models.py:1359} INFO - Dependencies all met for <TaskInstance: tutorial.print_date 2016-01-20T00:00:00+00:00 [queued]>
[2019-03-19 12:06:11,815] {models.py:1571} INFO - 
--------------------------------------------------------------------------------
Starting attempt 1 of 2
--------------------------------------------------------------------------------

[2019-03-19 12:06:11,842] {models.py:1593} INFO - Executing <Task(BashOperator): print_date> on 2016-01-20T00:00:00+00:00
[2019-03-19 12:06:11,842] {base_task_runner.py:118} INFO - Running: ['bash', '-c', 'airflow run tutorial print_date 2016-01-20T00:00:00+00:00 --job_id 470 --raw -sd DAGS_FOLDER/sql_server_load.py --cfg_path /tmp/tmp2du87l3l']
[2019-03-19 12:06:12,461] {base_task_runner.py:101} INFO - Job 470: Subtask print_date [2019-03-19 12:06:12,460] {__init__.py:51} INFO - Using executor SequentialExecutor
[2019-03-19 12:06:12,693] {base_task_runner.py:101} INFO - Job 470: Subtask print_date [2019-03-19 12:06:12,692] {models.py:273} INFO - Filling up the DagBag from /home/rsandroni/airflow/dags/sql_server_load.py
[2019-03-19 12:06:12,711] {base_task_runner.py:101} INFO - Job 470: Subtask print_date [2019-03-19 12:06:12,711] {cli.py:520} INFO - Running <TaskInstance: tutorial.print_date 2016-01-20T00:00:00+00:00 [running]> on host IADAIRP1.globalrs.rack.space
[2019-03-19 12:06:12,724] {bash_operator.py:77} INFO - Tmp dir root location: 
 /tmp
[2019-03-19 12:06:12,724] {bash_operator.py:86} INFO - Exporting the following env vars:
AIRFLOW_CTX_DAG_ID=tutorial
AIRFLOW_CTX_TASK_ID=print_date
AIRFLOW_CTX_EXECUTION_DATE=2016-01-20T00:00:00+00:00
AIRFLOW_CTX_DAG_RUN_ID=scheduled__2016-01-20T00:00:00+00:00
[2019-03-19 12:06:12,724] {bash_operator.py:100} INFO - Temporary script location: /tmp/airflowtmpwqbht4k7/print_datetktf53ol
[2019-03-19 12:06:12,724] {bash_operator.py:110} INFO - Running command: date
[2019-03-19 12:06:12,730] {bash_operator.py:119} INFO - Output:
[2019-03-19 12:06:12,732] {bash_operator.py:123} INFO - Ter Mar 19 12:06:12 -03 2019
[2019-03-19 12:06:12,732] {bash_operator.py:127} INFO - Command exited with return code 0
[2019-03-19 12:06:16,816] {logging_mixin.py:95} INFO - [2019-03-19 12:06:16,816] {jobs.py:2527} INFO - Task exited with return code 0
