[2019-03-19 12:55:44,862] {models.py:1359} INFO - Dependencies all met for <TaskInstance: tutorial.templated 2016-05-02T00:00:00+00:00 [queued]>
[2019-03-19 12:55:44,867] {models.py:1359} INFO - Dependencies all met for <TaskInstance: tutorial.templated 2016-05-02T00:00:00+00:00 [queued]>
[2019-03-19 12:55:44,867] {models.py:1571} INFO - 
--------------------------------------------------------------------------------
Starting attempt 1 of 2
--------------------------------------------------------------------------------

[2019-03-19 12:55:44,963] {models.py:1593} INFO - Executing <Task(BashOperator): templated> on 2016-05-02T00:00:00+00:00
[2019-03-19 12:55:44,963] {base_task_runner.py:118} INFO - Running: ['bash', '-c', 'airflow run tutorial templated 2016-05-02T00:00:00+00:00 --job_id 681 --raw -sd DAGS_FOLDER/sql_server_load.py --cfg_path /tmp/tmpgll0baqq']
[2019-03-19 12:55:47,508] {base_task_runner.py:101} INFO - Job 681: Subtask templated [2019-03-19 12:55:47,507] {__init__.py:51} INFO - Using executor SequentialExecutor
[2019-03-19 12:55:48,650] {base_task_runner.py:101} INFO - Job 681: Subtask templated [2019-03-19 12:55:48,642] {models.py:273} INFO - Filling up the DagBag from /home/rsandroni/airflow/dags/sql_server_load.py
[2019-03-19 12:55:48,717] {base_task_runner.py:101} INFO - Job 681: Subtask templated [2019-03-19 12:55:48,713] {cli.py:520} INFO - Running <TaskInstance: tutorial.templated 2016-05-02T00:00:00+00:00 [running]> on host IADAIRP1.globalrs.rack.space
[2019-03-19 12:55:48,770] {bash_operator.py:77} INFO - Tmp dir root location: 
 /tmp
[2019-03-19 12:55:48,770] {bash_operator.py:86} INFO - Exporting the following env vars:
AIRFLOW_CTX_DAG_ID=tutorial
AIRFLOW_CTX_TASK_ID=templated
AIRFLOW_CTX_EXECUTION_DATE=2016-05-02T00:00:00+00:00
AIRFLOW_CTX_DAG_RUN_ID=scheduled__2016-05-02T00:00:00+00:00
[2019-03-19 12:55:48,771] {bash_operator.py:100} INFO - Temporary script location: /tmp/airflowtmp0n_0s4ov/templatedyhr10klv
[2019-03-19 12:55:48,771] {bash_operator.py:110} INFO - Running command: 
    
        echo "2016-05-02"
        echo "Parameter I passed in"
    
        echo "2016-05-02"
        echo "Parameter I passed in"
    
        echo "2016-05-02"
        echo "Parameter I passed in"
    
        echo "2016-05-02"
        echo "Parameter I passed in"
    
        echo "2016-05-02"
        echo "Parameter I passed in"
    
    
[2019-03-19 12:55:48,844] {bash_operator.py:119} INFO - Output:
[2019-03-19 12:55:48,844] {bash_operator.py:123} INFO - 2016-05-02
[2019-03-19 12:55:48,844] {bash_operator.py:123} INFO - Parameter I passed in
[2019-03-19 12:55:48,844] {bash_operator.py:123} INFO - 2016-05-02
[2019-03-19 12:55:48,844] {bash_operator.py:123} INFO - Parameter I passed in
[2019-03-19 12:55:48,844] {bash_operator.py:123} INFO - 2016-05-02
[2019-03-19 12:55:48,844] {bash_operator.py:123} INFO - Parameter I passed in
[2019-03-19 12:55:48,844] {bash_operator.py:123} INFO - 2016-05-02
[2019-03-19 12:55:48,844] {bash_operator.py:123} INFO - Parameter I passed in
[2019-03-19 12:55:48,844] {bash_operator.py:123} INFO - 2016-05-02
[2019-03-19 12:55:48,844] {bash_operator.py:123} INFO - Parameter I passed in
[2019-03-19 12:55:48,844] {bash_operator.py:127} INFO - Command exited with return code 0
[2019-03-19 12:55:49,900] {logging_mixin.py:95} INFO - [2019-03-19 12:55:49,899] {jobs.py:2527} INFO - Task exited with return code 0
