[2019-03-21 18:50:28,840] {models.py:1359} INFO - Dependencies all met for <TaskInstance: tutorial.print_date 2017-10-29T00:00:00+00:00 [queued]>
[2019-03-21 18:50:28,842] {models.py:1359} INFO - Dependencies all met for <TaskInstance: tutorial.print_date 2017-10-29T00:00:00+00:00 [queued]>
[2019-03-21 18:50:28,842] {models.py:1571} INFO - 
--------------------------------------------------------------------------------
Starting attempt 1 of 2
--------------------------------------------------------------------------------

[2019-03-21 18:50:28,857] {models.py:1593} INFO - Executing <Task(BashOperator): print_date> on 2017-10-29T00:00:00+00:00
[2019-03-21 18:50:28,857] {base_task_runner.py:118} INFO - Running: ['bash', '-c', 'airflow run tutorial print_date 2017-10-29T00:00:00+00:00 --job_id 1836 --raw -sd DAGS_FOLDER/tutorial.py --cfg_path /tmp/tmpha81dkbd']
[2019-03-21 18:50:29,497] {base_task_runner.py:101} INFO - Job 1836: Subtask print_date [2019-03-21 18:50:29,496] {__init__.py:51} INFO - Using executor SequentialExecutor
[2019-03-21 18:50:29,766] {base_task_runner.py:101} INFO - Job 1836: Subtask print_date [2019-03-21 18:50:29,766] {models.py:273} INFO - Filling up the DagBag from /home/rsandroni/airflow/dags/tutorial.py
[2019-03-21 18:50:29,782] {base_task_runner.py:101} INFO - Job 1836: Subtask print_date [2019-03-21 18:50:29,781] {cli.py:520} INFO - Running <TaskInstance: tutorial.print_date 2017-10-29T00:00:00+00:00 [running]> on host IADAIRP1.globalrs.rack.space
[2019-03-21 18:50:29,795] {bash_operator.py:77} INFO - Tmp dir root location: 
 /tmp
[2019-03-21 18:50:29,795] {bash_operator.py:86} INFO - Exporting the following env vars:
AIRFLOW_CTX_DAG_ID=tutorial
AIRFLOW_CTX_TASK_ID=print_date
AIRFLOW_CTX_EXECUTION_DATE=2017-10-29T00:00:00+00:00
AIRFLOW_CTX_DAG_RUN_ID=scheduled__2017-10-29T00:00:00+00:00
[2019-03-21 18:50:29,796] {bash_operator.py:100} INFO - Temporary script location: /tmp/airflowtmp2fjqbu64/print_datey0lp8j8e
[2019-03-21 18:50:29,796] {bash_operator.py:110} INFO - Running command: date
[2019-03-21 18:50:29,802] {bash_operator.py:119} INFO - Output:
[2019-03-21 18:50:29,803] {bash_operator.py:123} INFO - Qui Mar 21 18:50:29 -03 2019
[2019-03-21 18:50:29,804] {bash_operator.py:127} INFO - Command exited with return code 0
[2019-03-21 18:50:33,852] {logging_mixin.py:95} INFO - [2019-03-21 18:50:33,851] {jobs.py:2527} INFO - Task exited with return code 0
