[2019-03-19 14:50:51,624] {models.py:1359} INFO - Dependencies all met for <TaskInstance: tutorial.templated 2016-12-29T00:00:00+00:00 [queued]>
[2019-03-19 14:50:51,629] {models.py:1359} INFO - Dependencies all met for <TaskInstance: tutorial.templated 2016-12-29T00:00:00+00:00 [queued]>
[2019-03-19 14:50:51,629] {models.py:1571} INFO - 
--------------------------------------------------------------------------------
Starting attempt 1 of 2
--------------------------------------------------------------------------------

[2019-03-19 14:50:51,645] {models.py:1593} INFO - Executing <Task(BashOperator): templated> on 2016-12-29T00:00:00+00:00
[2019-03-19 14:50:51,645] {base_task_runner.py:118} INFO - Running: ['bash', '-c', 'airflow run tutorial templated 2016-12-29T00:00:00+00:00 --job_id 1162 --raw -sd DAGS_FOLDER/sql_server_load.py --cfg_path /tmp/tmpirgi749e']
[2019-03-19 14:50:52,298] {base_task_runner.py:101} INFO - Job 1162: Subtask templated [2019-03-19 14:50:52,298] {__init__.py:51} INFO - Using executor SequentialExecutor
[2019-03-19 14:50:52,572] {base_task_runner.py:101} INFO - Job 1162: Subtask templated [2019-03-19 14:50:52,572] {models.py:273} INFO - Filling up the DagBag from /home/rsandroni/airflow/dags/sql_server_load.py
[2019-03-19 14:50:52,594] {base_task_runner.py:101} INFO - Job 1162: Subtask templated [2019-03-19 14:50:52,591] {cli.py:520} INFO - Running <TaskInstance: tutorial.templated 2016-12-29T00:00:00+00:00 [running]> on host IADAIRP1.globalrs.rack.space
[2019-03-19 14:50:52,606] {bash_operator.py:77} INFO - Tmp dir root location: 
 /tmp
[2019-03-19 14:50:52,606] {bash_operator.py:86} INFO - Exporting the following env vars:
AIRFLOW_CTX_DAG_ID=tutorial
AIRFLOW_CTX_TASK_ID=templated
AIRFLOW_CTX_EXECUTION_DATE=2016-12-29T00:00:00+00:00
AIRFLOW_CTX_DAG_RUN_ID=scheduled__2016-12-29T00:00:00+00:00
[2019-03-19 14:50:52,607] {bash_operator.py:100} INFO - Temporary script location: /tmp/airflowtmp6vv3mhpi/templatedn081rnwv
[2019-03-19 14:50:52,607] {bash_operator.py:110} INFO - Running command: 
    
        echo "2016-12-29"
        echo "Parameter I passed in"
    
        echo "2016-12-29"
        echo "Parameter I passed in"
    
        echo "2016-12-29"
        echo "Parameter I passed in"
    
        echo "2016-12-29"
        echo "Parameter I passed in"
    
        echo "2016-12-29"
        echo "Parameter I passed in"
    
    
[2019-03-19 14:50:52,613] {bash_operator.py:119} INFO - Output:
[2019-03-19 14:50:52,614] {bash_operator.py:123} INFO - 2016-12-29
[2019-03-19 14:50:52,614] {bash_operator.py:123} INFO - Parameter I passed in
[2019-03-19 14:50:52,614] {bash_operator.py:123} INFO - 2016-12-29
[2019-03-19 14:50:52,614] {bash_operator.py:123} INFO - Parameter I passed in
[2019-03-19 14:50:52,614] {bash_operator.py:123} INFO - 2016-12-29
[2019-03-19 14:50:52,614] {bash_operator.py:123} INFO - Parameter I passed in
[2019-03-19 14:50:52,615] {bash_operator.py:123} INFO - 2016-12-29
[2019-03-19 14:50:52,615] {bash_operator.py:123} INFO - Parameter I passed in
[2019-03-19 14:50:52,615] {bash_operator.py:123} INFO - 2016-12-29
[2019-03-19 14:50:52,615] {bash_operator.py:123} INFO - Parameter I passed in
[2019-03-19 14:50:52,615] {bash_operator.py:127} INFO - Command exited with return code 0
[2019-03-19 14:50:56,625] {logging_mixin.py:95} INFO - [2019-03-19 14:50:56,624] {jobs.py:2527} INFO - Task exited with return code 0
