[2019-03-19 11:29:38,728] {models.py:1359} INFO - Dependencies all met for <TaskInstance: tutorial.print_date 2015-10-27T00:00:00+00:00 [queued]>
[2019-03-19 11:29:38,730] {models.py:1359} INFO - Dependencies all met for <TaskInstance: tutorial.print_date 2015-10-27T00:00:00+00:00 [queued]>
[2019-03-19 11:29:38,730] {models.py:1571} INFO - 
--------------------------------------------------------------------------------
Starting attempt 1 of 2
--------------------------------------------------------------------------------

[2019-03-19 11:29:38,749] {models.py:1593} INFO - Executing <Task(BashOperator): print_date> on 2015-10-27T00:00:00+00:00
[2019-03-19 11:29:38,749] {base_task_runner.py:118} INFO - Running: ['bash', '-c', 'airflow run tutorial print_date 2015-10-27T00:00:00+00:00 --job_id 301 --raw -sd DAGS_FOLDER/tutorial.py --cfg_path /tmp/tmpucyii7nz']
[2019-03-19 11:29:39,364] {base_task_runner.py:101} INFO - Job 301: Subtask print_date [2019-03-19 11:29:39,364] {__init__.py:51} INFO - Using executor SequentialExecutor
[2019-03-19 11:29:39,588] {base_task_runner.py:101} INFO - Job 301: Subtask print_date [2019-03-19 11:29:39,587] {models.py:273} INFO - Filling up the DagBag from /home/rsandroni/airflow/dags/tutorial.py
[2019-03-19 11:29:39,606] {base_task_runner.py:101} INFO - Job 301: Subtask print_date [2019-03-19 11:29:39,606] {cli.py:520} INFO - Running <TaskInstance: tutorial.print_date 2015-10-27T00:00:00+00:00 [running]> on host IADAIRP1.globalrs.rack.space
[2019-03-19 11:29:39,620] {bash_operator.py:77} INFO - Tmp dir root location: 
 /tmp
[2019-03-19 11:29:39,620] {bash_operator.py:86} INFO - Exporting the following env vars:
AIRFLOW_CTX_DAG_ID=tutorial
AIRFLOW_CTX_TASK_ID=print_date
AIRFLOW_CTX_EXECUTION_DATE=2015-10-27T00:00:00+00:00
AIRFLOW_CTX_DAG_RUN_ID=scheduled__2015-10-27T00:00:00+00:00
[2019-03-19 11:29:39,620] {bash_operator.py:100} INFO - Temporary script location: /tmp/airflowtmp_d0b3khs/print_date2yrk6egb
[2019-03-19 11:29:39,620] {bash_operator.py:110} INFO - Running command: date
[2019-03-19 11:29:39,625] {bash_operator.py:119} INFO - Output:
[2019-03-19 11:29:39,627] {bash_operator.py:123} INFO - Ter Mar 19 11:29:39 -03 2019
[2019-03-19 11:29:39,627] {bash_operator.py:127} INFO - Command exited with return code 0
[2019-03-19 11:29:43,724] {logging_mixin.py:95} INFO - [2019-03-19 11:29:43,724] {jobs.py:2527} INFO - Task exited with return code 0
