[2019-03-21 23:41:46,339] {models.py:1359} INFO - Dependencies all met for <TaskInstance: tutorial.templated 2018-06-08T00:00:00+00:00 [queued]>
[2019-03-21 23:41:46,343] {models.py:1359} INFO - Dependencies all met for <TaskInstance: tutorial.templated 2018-06-08T00:00:00+00:00 [queued]>
[2019-03-21 23:41:46,343] {models.py:1571} INFO - 
--------------------------------------------------------------------------------
Starting attempt 1 of 2
--------------------------------------------------------------------------------

[2019-03-21 23:41:46,358] {models.py:1593} INFO - Executing <Task(BashOperator): templated> on 2018-06-08T00:00:00+00:00
[2019-03-21 23:41:46,358] {base_task_runner.py:118} INFO - Running: ['bash', '-c', 'airflow run tutorial templated 2018-06-08T00:00:00+00:00 --job_id 2282 --raw -sd DAGS_FOLDER/example_dags/tutorial.py --cfg_path /tmp/tmp6m9xdwj7']
[2019-03-21 23:41:46,988] {base_task_runner.py:101} INFO - Job 2282: Subtask templated [2019-03-21 23:41:46,988] {__init__.py:51} INFO - Using executor SequentialExecutor
[2019-03-21 23:41:47,214] {base_task_runner.py:101} INFO - Job 2282: Subtask templated [2019-03-21 23:41:47,213] {models.py:273} INFO - Filling up the DagBag from /home/rsandroni/airflow/dags/example_dags/tutorial.py
[2019-03-21 23:41:47,277] {base_task_runner.py:101} INFO - Job 2282: Subtask templated [2019-03-21 23:41:47,276] {cli.py:520} INFO - Running <TaskInstance: tutorial.templated 2018-06-08T00:00:00+00:00 [running]> on host IADAIRP1.globalrs.rack.space
[2019-03-21 23:41:47,293] {bash_operator.py:77} INFO - Tmp dir root location: 
 /tmp
[2019-03-21 23:41:47,293] {bash_operator.py:86} INFO - Exporting the following env vars:
AIRFLOW_CTX_DAG_ID=tutorial
AIRFLOW_CTX_TASK_ID=templated
AIRFLOW_CTX_EXECUTION_DATE=2018-06-08T00:00:00+00:00
AIRFLOW_CTX_DAG_RUN_ID=scheduled__2018-06-08T00:00:00+00:00
[2019-03-21 23:41:47,293] {bash_operator.py:100} INFO - Temporary script location: /tmp/airflowtmpcb55j7rt/templatedgcqnciy0
[2019-03-21 23:41:47,294] {bash_operator.py:110} INFO - Running command: 

    echo "2018-06-08"
    echo "2018-06-15"
    echo "Parameter I passed in"

    echo "2018-06-08"
    echo "2018-06-15"
    echo "Parameter I passed in"

    echo "2018-06-08"
    echo "2018-06-15"
    echo "Parameter I passed in"

    echo "2018-06-08"
    echo "2018-06-15"
    echo "Parameter I passed in"

    echo "2018-06-08"
    echo "2018-06-15"
    echo "Parameter I passed in"

[2019-03-21 23:41:47,301] {bash_operator.py:119} INFO - Output:
[2019-03-21 23:41:47,301] {bash_operator.py:123} INFO - 2018-06-08
[2019-03-21 23:41:47,301] {bash_operator.py:123} INFO - 2018-06-15
[2019-03-21 23:41:47,301] {bash_operator.py:123} INFO - Parameter I passed in
[2019-03-21 23:41:47,301] {bash_operator.py:123} INFO - 2018-06-08
[2019-03-21 23:41:47,301] {bash_operator.py:123} INFO - 2018-06-15
[2019-03-21 23:41:47,301] {bash_operator.py:123} INFO - Parameter I passed in
[2019-03-21 23:41:47,301] {bash_operator.py:123} INFO - 2018-06-08
[2019-03-21 23:41:47,301] {bash_operator.py:123} INFO - 2018-06-15
[2019-03-21 23:41:47,301] {bash_operator.py:123} INFO - Parameter I passed in
[2019-03-21 23:41:47,301] {bash_operator.py:123} INFO - 2018-06-08
[2019-03-21 23:41:47,301] {bash_operator.py:123} INFO - 2018-06-15
[2019-03-21 23:41:47,301] {bash_operator.py:123} INFO - Parameter I passed in
[2019-03-21 23:41:47,301] {bash_operator.py:123} INFO - 2018-06-08
[2019-03-21 23:41:47,302] {bash_operator.py:123} INFO - 2018-06-15
[2019-03-21 23:41:47,302] {bash_operator.py:123} INFO - Parameter I passed in
[2019-03-21 23:41:47,302] {bash_operator.py:127} INFO - Command exited with return code 0
[2019-03-21 23:41:51,340] {logging_mixin.py:95} INFO - [2019-03-21 23:41:51,339] {jobs.py:2527} INFO - Task exited with return code 0
