[2019-03-19 15:24:54,026] {models.py:1359} INFO - Dependencies all met for <TaskInstance: tutorial.print_date 2017-03-15T00:00:00+00:00 [queued]>
[2019-03-19 15:24:54,028] {models.py:1359} INFO - Dependencies all met for <TaskInstance: tutorial.print_date 2017-03-15T00:00:00+00:00 [queued]>
[2019-03-19 15:24:54,029] {models.py:1571} INFO - 
--------------------------------------------------------------------------------
Starting attempt 1 of 2
--------------------------------------------------------------------------------

[2019-03-19 15:24:54,101] {models.py:1593} INFO - Executing <Task(BashOperator): print_date> on 2017-03-15T00:00:00+00:00
[2019-03-19 15:24:54,102] {base_task_runner.py:118} INFO - Running: ['bash', '-c', 'airflow run tutorial print_date 2017-03-15T00:00:00+00:00 --job_id 1310 --raw -sd DAGS_FOLDER/sql_server_load.py --cfg_path /tmp/tmpnmhu4z6x']
[2019-03-19 15:24:55,229] {base_task_runner.py:101} INFO - Job 1310: Subtask print_date [2019-03-19 15:24:55,229] {__init__.py:51} INFO - Using executor SequentialExecutor
[2019-03-19 15:24:55,531] {base_task_runner.py:101} INFO - Job 1310: Subtask print_date [2019-03-19 15:24:55,530] {models.py:273} INFO - Filling up the DagBag from /home/rsandroni/airflow/dags/sql_server_load.py
[2019-03-19 15:24:55,552] {base_task_runner.py:101} INFO - Job 1310: Subtask print_date [2019-03-19 15:24:55,552] {cli.py:520} INFO - Running <TaskInstance: tutorial.print_date 2017-03-15T00:00:00+00:00 [running]> on host IADAIRP1.globalrs.rack.space
[2019-03-19 15:24:55,568] {bash_operator.py:77} INFO - Tmp dir root location: 
 /tmp
[2019-03-19 15:24:55,568] {bash_operator.py:86} INFO - Exporting the following env vars:
AIRFLOW_CTX_DAG_ID=tutorial
AIRFLOW_CTX_TASK_ID=print_date
AIRFLOW_CTX_EXECUTION_DATE=2017-03-15T00:00:00+00:00
AIRFLOW_CTX_DAG_RUN_ID=scheduled__2017-03-15T00:00:00+00:00
[2019-03-19 15:24:55,568] {bash_operator.py:100} INFO - Temporary script location: /tmp/airflowtmp7vj6u6hp/print_date0wtqsgfu
[2019-03-19 15:24:55,568] {bash_operator.py:110} INFO - Running command: date
[2019-03-19 15:24:55,574] {bash_operator.py:119} INFO - Output:
[2019-03-19 15:24:55,576] {bash_operator.py:123} INFO - Ter Mar 19 15:24:55 -03 2019
[2019-03-19 15:24:55,576] {bash_operator.py:127} INFO - Command exited with return code 0
[2019-03-19 15:24:59,023] {logging_mixin.py:95} INFO - [2019-03-19 15:24:59,022] {jobs.py:2527} INFO - Task exited with return code 0
