[2019-03-22 05:18:25,713] {models.py:1359} INFO - Dependencies all met for <TaskInstance: tutorial.print_date 2019-02-19T00:00:00+00:00 [queued]>
[2019-03-22 05:18:25,717] {models.py:1359} INFO - Dependencies all met for <TaskInstance: tutorial.print_date 2019-02-19T00:00:00+00:00 [queued]>
[2019-03-22 05:18:25,717] {models.py:1571} INFO - 
--------------------------------------------------------------------------------
Starting attempt 1 of 2
--------------------------------------------------------------------------------

[2019-03-22 05:18:25,782] {models.py:1593} INFO - Executing <Task(BashOperator): print_date> on 2019-02-19T00:00:00+00:00
[2019-03-22 05:18:25,783] {base_task_runner.py:118} INFO - Running: ['bash', '-c', 'airflow run tutorial print_date 2019-02-19T00:00:00+00:00 --job_id 2792 --raw -sd DAGS_FOLDER/tutorial.py --cfg_path /tmp/tmphg17df6t']
[2019-03-22 05:18:26,539] {base_task_runner.py:101} INFO - Job 2792: Subtask print_date [2019-03-22 05:18:26,538] {__init__.py:51} INFO - Using executor SequentialExecutor
[2019-03-22 05:18:26,944] {base_task_runner.py:101} INFO - Job 2792: Subtask print_date [2019-03-22 05:18:26,942] {models.py:273} INFO - Filling up the DagBag from /home/rsandroni/airflow/dags/tutorial.py
[2019-03-22 05:18:26,984] {base_task_runner.py:101} INFO - Job 2792: Subtask print_date [2019-03-22 05:18:26,980] {cli.py:520} INFO - Running <TaskInstance: tutorial.print_date 2019-02-19T00:00:00+00:00 [running]> on host IADAIRP1.globalrs.rack.space
[2019-03-22 05:18:27,024] {bash_operator.py:77} INFO - Tmp dir root location: 
 /tmp
[2019-03-22 05:18:27,024] {bash_operator.py:86} INFO - Exporting the following env vars:
AIRFLOW_CTX_DAG_ID=tutorial
AIRFLOW_CTX_TASK_ID=print_date
AIRFLOW_CTX_EXECUTION_DATE=2019-02-19T00:00:00+00:00
AIRFLOW_CTX_DAG_RUN_ID=scheduled__2019-02-19T00:00:00+00:00
[2019-03-22 05:18:27,024] {bash_operator.py:100} INFO - Temporary script location: /tmp/airflowtmp8f8tslz0/print_date64_tudvt
[2019-03-22 05:18:27,024] {bash_operator.py:110} INFO - Running command: date
[2019-03-22 05:18:27,058] {bash_operator.py:119} INFO - Output:
[2019-03-22 05:18:27,078] {bash_operator.py:123} INFO - Sex Mar 22 05:18:27 -03 2019
[2019-03-22 05:18:27,078] {bash_operator.py:127} INFO - Command exited with return code 0
[2019-03-22 05:18:30,646] {logging_mixin.py:95} INFO - [2019-03-22 05:18:30,645] {jobs.py:2527} INFO - Task exited with return code 0
