[2019-03-19 14:52:31,915] {models.py:1359} INFO - Dependencies all met for <TaskInstance: tutorial.templated 2017-01-02T00:00:00+00:00 [queued]>
[2019-03-19 14:52:31,919] {models.py:1359} INFO - Dependencies all met for <TaskInstance: tutorial.templated 2017-01-02T00:00:00+00:00 [queued]>
[2019-03-19 14:52:31,919] {models.py:1571} INFO - 
--------------------------------------------------------------------------------
Starting attempt 1 of 2
--------------------------------------------------------------------------------

[2019-03-19 14:52:31,987] {models.py:1593} INFO - Executing <Task(BashOperator): templated> on 2017-01-02T00:00:00+00:00
[2019-03-19 14:52:31,987] {base_task_runner.py:118} INFO - Running: ['bash', '-c', 'airflow run tutorial templated 2017-01-02T00:00:00+00:00 --job_id 1169 --raw -sd DAGS_FOLDER/example_dags/tutorial.py --cfg_path /tmp/tmpx6mlp47m']
[2019-03-19 14:52:32,952] {base_task_runner.py:101} INFO - Job 1169: Subtask templated [2019-03-19 14:52:32,951] {__init__.py:51} INFO - Using executor SequentialExecutor
[2019-03-19 14:52:33,415] {base_task_runner.py:101} INFO - Job 1169: Subtask templated [2019-03-19 14:52:33,409] {models.py:273} INFO - Filling up the DagBag from /home/rsandroni/airflow/dags/example_dags/tutorial.py
[2019-03-19 14:52:33,503] {base_task_runner.py:101} INFO - Job 1169: Subtask templated [2019-03-19 14:52:33,502] {cli.py:520} INFO - Running <TaskInstance: tutorial.templated 2017-01-02T00:00:00+00:00 [running]> on host IADAIRP1.globalrs.rack.space
[2019-03-19 14:52:33,542] {bash_operator.py:77} INFO - Tmp dir root location: 
 /tmp
[2019-03-19 14:52:33,542] {bash_operator.py:86} INFO - Exporting the following env vars:
AIRFLOW_CTX_DAG_ID=tutorial
AIRFLOW_CTX_TASK_ID=templated
AIRFLOW_CTX_EXECUTION_DATE=2017-01-02T00:00:00+00:00
AIRFLOW_CTX_DAG_RUN_ID=scheduled__2017-01-02T00:00:00+00:00
[2019-03-19 14:52:33,542] {bash_operator.py:100} INFO - Temporary script location: /tmp/airflowtmpkw7o03l5/templatedzq6li374
[2019-03-19 14:52:33,543] {bash_operator.py:110} INFO - Running command: 

    echo "2017-01-02"
    echo "2017-01-09"
    echo "Parameter I passed in"

    echo "2017-01-02"
    echo "2017-01-09"
    echo "Parameter I passed in"

    echo "2017-01-02"
    echo "2017-01-09"
    echo "Parameter I passed in"

    echo "2017-01-02"
    echo "2017-01-09"
    echo "Parameter I passed in"

    echo "2017-01-02"
    echo "2017-01-09"
    echo "Parameter I passed in"

[2019-03-19 14:52:33,574] {bash_operator.py:119} INFO - Output:
[2019-03-19 14:52:33,575] {bash_operator.py:123} INFO - 2017-01-02
[2019-03-19 14:52:33,575] {bash_operator.py:123} INFO - 2017-01-09
[2019-03-19 14:52:33,575] {bash_operator.py:123} INFO - Parameter I passed in
[2019-03-19 14:52:33,575] {bash_operator.py:123} INFO - 2017-01-02
[2019-03-19 14:52:33,575] {bash_operator.py:123} INFO - 2017-01-09
[2019-03-19 14:52:33,575] {bash_operator.py:123} INFO - Parameter I passed in
[2019-03-19 14:52:33,575] {bash_operator.py:123} INFO - 2017-01-02
[2019-03-19 14:52:33,575] {bash_operator.py:123} INFO - 2017-01-09
[2019-03-19 14:52:33,575] {bash_operator.py:123} INFO - Parameter I passed in
[2019-03-19 14:52:33,575] {bash_operator.py:123} INFO - 2017-01-02
[2019-03-19 14:52:33,575] {bash_operator.py:123} INFO - 2017-01-09
[2019-03-19 14:52:33,575] {bash_operator.py:123} INFO - Parameter I passed in
[2019-03-19 14:52:33,575] {bash_operator.py:123} INFO - 2017-01-02
[2019-03-19 14:52:33,575] {bash_operator.py:123} INFO - 2017-01-09
[2019-03-19 14:52:33,575] {bash_operator.py:123} INFO - Parameter I passed in
[2019-03-19 14:52:33,575] {bash_operator.py:127} INFO - Command exited with return code 0
[2019-03-19 14:52:36,930] {logging_mixin.py:95} INFO - [2019-03-19 14:52:36,929] {jobs.py:2527} INFO - Task exited with return code 0
