[2019-03-21 21:39:43,839] {models.py:1359} INFO - Dependencies all met for <TaskInstance: tutorial.templated 2018-03-06T00:00:00+00:00 [queued]>
[2019-03-21 21:39:43,843] {models.py:1359} INFO - Dependencies all met for <TaskInstance: tutorial.templated 2018-03-06T00:00:00+00:00 [queued]>
[2019-03-21 21:39:43,844] {models.py:1571} INFO - 
--------------------------------------------------------------------------------
Starting attempt 1 of 2
--------------------------------------------------------------------------------

[2019-03-21 21:39:43,863] {models.py:1593} INFO - Executing <Task(BashOperator): templated> on 2018-03-06T00:00:00+00:00
[2019-03-21 21:39:43,863] {base_task_runner.py:118} INFO - Running: ['bash', '-c', 'airflow run tutorial templated 2018-03-06T00:00:00+00:00 --job_id 2094 --raw -sd DAGS_FOLDER/example_dags/tutorial.py --cfg_path /tmp/tmp71nsddzn']
[2019-03-21 21:39:44,499] {base_task_runner.py:101} INFO - Job 2094: Subtask templated [2019-03-21 21:39:44,499] {__init__.py:51} INFO - Using executor SequentialExecutor
[2019-03-21 21:39:44,728] {base_task_runner.py:101} INFO - Job 2094: Subtask templated [2019-03-21 21:39:44,727] {models.py:273} INFO - Filling up the DagBag from /home/rsandroni/airflow/dags/example_dags/tutorial.py
[2019-03-21 21:39:44,792] {base_task_runner.py:101} INFO - Job 2094: Subtask templated [2019-03-21 21:39:44,792] {cli.py:520} INFO - Running <TaskInstance: tutorial.templated 2018-03-06T00:00:00+00:00 [running]> on host IADAIRP1.globalrs.rack.space
[2019-03-21 21:39:44,809] {bash_operator.py:77} INFO - Tmp dir root location: 
 /tmp
[2019-03-21 21:39:44,809] {bash_operator.py:86} INFO - Exporting the following env vars:
AIRFLOW_CTX_DAG_ID=tutorial
AIRFLOW_CTX_TASK_ID=templated
AIRFLOW_CTX_EXECUTION_DATE=2018-03-06T00:00:00+00:00
AIRFLOW_CTX_DAG_RUN_ID=scheduled__2018-03-06T00:00:00+00:00
[2019-03-21 21:39:44,810] {bash_operator.py:100} INFO - Temporary script location: /tmp/airflowtmpwr7_a8du/templatedtv3b1klo
[2019-03-21 21:39:44,810] {bash_operator.py:110} INFO - Running command: 

    echo "2018-03-06"
    echo "2018-03-13"
    echo "Parameter I passed in"

    echo "2018-03-06"
    echo "2018-03-13"
    echo "Parameter I passed in"

    echo "2018-03-06"
    echo "2018-03-13"
    echo "Parameter I passed in"

    echo "2018-03-06"
    echo "2018-03-13"
    echo "Parameter I passed in"

    echo "2018-03-06"
    echo "2018-03-13"
    echo "Parameter I passed in"

[2019-03-21 21:39:44,815] {bash_operator.py:119} INFO - Output:
[2019-03-21 21:39:44,816] {bash_operator.py:123} INFO - 2018-03-06
[2019-03-21 21:39:44,817] {bash_operator.py:123} INFO - 2018-03-13
[2019-03-21 21:39:44,817] {bash_operator.py:123} INFO - Parameter I passed in
[2019-03-21 21:39:44,817] {bash_operator.py:123} INFO - 2018-03-06
[2019-03-21 21:39:44,817] {bash_operator.py:123} INFO - 2018-03-13
[2019-03-21 21:39:44,817] {bash_operator.py:123} INFO - Parameter I passed in
[2019-03-21 21:39:44,817] {bash_operator.py:123} INFO - 2018-03-06
[2019-03-21 21:39:44,817] {bash_operator.py:123} INFO - 2018-03-13
[2019-03-21 21:39:44,817] {bash_operator.py:123} INFO - Parameter I passed in
[2019-03-21 21:39:44,817] {bash_operator.py:123} INFO - 2018-03-06
[2019-03-21 21:39:44,817] {bash_operator.py:123} INFO - 2018-03-13
[2019-03-21 21:39:44,817] {bash_operator.py:123} INFO - Parameter I passed in
[2019-03-21 21:39:44,817] {bash_operator.py:123} INFO - 2018-03-06
[2019-03-21 21:39:44,817] {bash_operator.py:123} INFO - 2018-03-13
[2019-03-21 21:39:44,817] {bash_operator.py:123} INFO - Parameter I passed in
[2019-03-21 21:39:44,817] {bash_operator.py:127} INFO - Command exited with return code 0
[2019-03-21 21:39:48,840] {logging_mixin.py:95} INFO - [2019-03-21 21:39:48,839] {jobs.py:2527} INFO - Task exited with return code 0
