[2019-03-19 13:43:35,929] {models.py:1359} INFO - Dependencies all met for <TaskInstance: tutorial.templated 2016-08-13T00:00:00+00:00 [queued]>
[2019-03-19 13:43:35,934] {models.py:1359} INFO - Dependencies all met for <TaskInstance: tutorial.templated 2016-08-13T00:00:00+00:00 [queued]>
[2019-03-19 13:43:35,934] {models.py:1571} INFO - 
--------------------------------------------------------------------------------
Starting attempt 1 of 2
--------------------------------------------------------------------------------

[2019-03-19 13:43:35,948] {models.py:1593} INFO - Executing <Task(BashOperator): templated> on 2016-08-13T00:00:00+00:00
[2019-03-19 13:43:35,948] {base_task_runner.py:118} INFO - Running: ['bash', '-c', 'airflow run tutorial templated 2016-08-13T00:00:00+00:00 --job_id 886 --raw -sd DAGS_FOLDER/sql_server_load.py --cfg_path /tmp/tmpc4kyseyt']
[2019-03-19 13:43:36,560] {base_task_runner.py:101} INFO - Job 886: Subtask templated [2019-03-19 13:43:36,560] {__init__.py:51} INFO - Using executor SequentialExecutor
[2019-03-19 13:43:36,786] {base_task_runner.py:101} INFO - Job 886: Subtask templated [2019-03-19 13:43:36,785] {models.py:273} INFO - Filling up the DagBag from /home/rsandroni/airflow/dags/sql_server_load.py
[2019-03-19 13:43:36,806] {base_task_runner.py:101} INFO - Job 886: Subtask templated [2019-03-19 13:43:36,805] {cli.py:520} INFO - Running <TaskInstance: tutorial.templated 2016-08-13T00:00:00+00:00 [running]> on host IADAIRP1.globalrs.rack.space
[2019-03-19 13:43:36,820] {bash_operator.py:77} INFO - Tmp dir root location: 
 /tmp
[2019-03-19 13:43:36,820] {bash_operator.py:86} INFO - Exporting the following env vars:
AIRFLOW_CTX_DAG_ID=tutorial
AIRFLOW_CTX_TASK_ID=templated
AIRFLOW_CTX_EXECUTION_DATE=2016-08-13T00:00:00+00:00
AIRFLOW_CTX_DAG_RUN_ID=scheduled__2016-08-13T00:00:00+00:00
[2019-03-19 13:43:36,821] {bash_operator.py:100} INFO - Temporary script location: /tmp/airflowtmpp67cm62e/templatedjwnh69a7
[2019-03-19 13:43:36,821] {bash_operator.py:110} INFO - Running command: 
    
        echo "2016-08-13"
        echo "Parameter I passed in"
    
        echo "2016-08-13"
        echo "Parameter I passed in"
    
        echo "2016-08-13"
        echo "Parameter I passed in"
    
        echo "2016-08-13"
        echo "Parameter I passed in"
    
        echo "2016-08-13"
        echo "Parameter I passed in"
    
    
[2019-03-19 13:43:36,826] {bash_operator.py:119} INFO - Output:
[2019-03-19 13:43:36,827] {bash_operator.py:123} INFO - 2016-08-13
[2019-03-19 13:43:36,827] {bash_operator.py:123} INFO - Parameter I passed in
[2019-03-19 13:43:36,827] {bash_operator.py:123} INFO - 2016-08-13
[2019-03-19 13:43:36,827] {bash_operator.py:123} INFO - Parameter I passed in
[2019-03-19 13:43:36,827] {bash_operator.py:123} INFO - 2016-08-13
[2019-03-19 13:43:36,827] {bash_operator.py:123} INFO - Parameter I passed in
[2019-03-19 13:43:36,827] {bash_operator.py:123} INFO - 2016-08-13
[2019-03-19 13:43:36,827] {bash_operator.py:123} INFO - Parameter I passed in
[2019-03-19 13:43:36,828] {bash_operator.py:123} INFO - 2016-08-13
[2019-03-19 13:43:36,828] {bash_operator.py:123} INFO - Parameter I passed in
[2019-03-19 13:43:36,828] {bash_operator.py:127} INFO - Command exited with return code 0
[2019-03-19 13:43:40,931] {logging_mixin.py:95} INFO - [2019-03-19 13:43:40,930] {jobs.py:2527} INFO - Task exited with return code 0
