[2019-03-21 19:05:34,437] {models.py:1359} INFO - Dependencies all met for <TaskInstance: tutorial.templated 2017-11-09T00:00:00+00:00 [queued]>
[2019-03-21 19:05:34,441] {models.py:1359} INFO - Dependencies all met for <TaskInstance: tutorial.templated 2017-11-09T00:00:00+00:00 [queued]>
[2019-03-21 19:05:34,442] {models.py:1571} INFO - 
--------------------------------------------------------------------------------
Starting attempt 1 of 2
--------------------------------------------------------------------------------

[2019-03-21 19:05:34,453] {models.py:1593} INFO - Executing <Task(BashOperator): templated> on 2017-11-09T00:00:00+00:00
[2019-03-21 19:05:34,454] {base_task_runner.py:118} INFO - Running: ['bash', '-c', 'airflow run tutorial templated 2017-11-09T00:00:00+00:00 --job_id 1859 --raw -sd DAGS_FOLDER/example_dags/tutorial.py --cfg_path /tmp/tmput6g1fmm']
[2019-03-21 19:05:35,091] {base_task_runner.py:101} INFO - Job 1859: Subtask templated [2019-03-21 19:05:35,090] {__init__.py:51} INFO - Using executor SequentialExecutor
[2019-03-21 19:05:35,322] {base_task_runner.py:101} INFO - Job 1859: Subtask templated [2019-03-21 19:05:35,321] {models.py:273} INFO - Filling up the DagBag from /home/rsandroni/airflow/dags/example_dags/tutorial.py
[2019-03-21 19:05:35,387] {base_task_runner.py:101} INFO - Job 1859: Subtask templated [2019-03-21 19:05:35,386] {cli.py:520} INFO - Running <TaskInstance: tutorial.templated 2017-11-09T00:00:00+00:00 [running]> on host IADAIRP1.globalrs.rack.space
[2019-03-21 19:05:35,403] {bash_operator.py:77} INFO - Tmp dir root location: 
 /tmp
[2019-03-21 19:05:35,404] {bash_operator.py:86} INFO - Exporting the following env vars:
AIRFLOW_CTX_DAG_ID=tutorial
AIRFLOW_CTX_TASK_ID=templated
AIRFLOW_CTX_EXECUTION_DATE=2017-11-09T00:00:00+00:00
AIRFLOW_CTX_DAG_RUN_ID=scheduled__2017-11-09T00:00:00+00:00
[2019-03-21 19:05:35,404] {bash_operator.py:100} INFO - Temporary script location: /tmp/airflowtmpa0qt6h46/templatedap6mqjy_
[2019-03-21 19:05:35,404] {bash_operator.py:110} INFO - Running command: 

    echo "2017-11-09"
    echo "2017-11-16"
    echo "Parameter I passed in"

    echo "2017-11-09"
    echo "2017-11-16"
    echo "Parameter I passed in"

    echo "2017-11-09"
    echo "2017-11-16"
    echo "Parameter I passed in"

    echo "2017-11-09"
    echo "2017-11-16"
    echo "Parameter I passed in"

    echo "2017-11-09"
    echo "2017-11-16"
    echo "Parameter I passed in"

[2019-03-21 19:05:35,410] {bash_operator.py:119} INFO - Output:
[2019-03-21 19:05:35,411] {bash_operator.py:123} INFO - 2017-11-09
[2019-03-21 19:05:35,411] {bash_operator.py:123} INFO - 2017-11-16
[2019-03-21 19:05:35,411] {bash_operator.py:123} INFO - Parameter I passed in
[2019-03-21 19:05:35,411] {bash_operator.py:123} INFO - 2017-11-09
[2019-03-21 19:05:35,411] {bash_operator.py:123} INFO - 2017-11-16
[2019-03-21 19:05:35,411] {bash_operator.py:123} INFO - Parameter I passed in
[2019-03-21 19:05:35,411] {bash_operator.py:123} INFO - 2017-11-09
[2019-03-21 19:05:35,411] {bash_operator.py:123} INFO - 2017-11-16
[2019-03-21 19:05:35,411] {bash_operator.py:123} INFO - Parameter I passed in
[2019-03-21 19:05:35,411] {bash_operator.py:123} INFO - 2017-11-09
[2019-03-21 19:05:35,411] {bash_operator.py:123} INFO - 2017-11-16
[2019-03-21 19:05:35,411] {bash_operator.py:123} INFO - Parameter I passed in
[2019-03-21 19:05:35,411] {bash_operator.py:123} INFO - 2017-11-09
[2019-03-21 19:05:35,412] {bash_operator.py:123} INFO - 2017-11-16
[2019-03-21 19:05:35,412] {bash_operator.py:123} INFO - Parameter I passed in
[2019-03-21 19:05:35,412] {bash_operator.py:127} INFO - Command exited with return code 0
[2019-03-21 19:05:39,444] {logging_mixin.py:95} INFO - [2019-03-21 19:05:39,443] {jobs.py:2527} INFO - Task exited with return code 0
