[2019-03-19 13:25:19,418] {models.py:1359} INFO - Dependencies all met for <TaskInstance: tutorial.templated 2016-07-03T00:00:00+00:00 [queued]>
[2019-03-19 13:25:19,422] {models.py:1359} INFO - Dependencies all met for <TaskInstance: tutorial.templated 2016-07-03T00:00:00+00:00 [queued]>
[2019-03-19 13:25:19,422] {models.py:1571} INFO - 
--------------------------------------------------------------------------------
Starting attempt 1 of 2
--------------------------------------------------------------------------------

[2019-03-19 13:25:19,456] {models.py:1593} INFO - Executing <Task(BashOperator): templated> on 2016-07-03T00:00:00+00:00
[2019-03-19 13:25:19,457] {base_task_runner.py:118} INFO - Running: ['bash', '-c', 'airflow run tutorial templated 2016-07-03T00:00:00+00:00 --job_id 803 --raw -sd DAGS_FOLDER/example_dags/tutorial.py --cfg_path /tmp/tmpwb00b233']
[2019-03-19 13:25:20,174] {base_task_runner.py:101} INFO - Job 803: Subtask templated [2019-03-19 13:25:20,173] {__init__.py:51} INFO - Using executor SequentialExecutor
[2019-03-19 13:25:20,439] {base_task_runner.py:101} INFO - Job 803: Subtask templated [2019-03-19 13:25:20,437] {models.py:273} INFO - Filling up the DagBag from /home/rsandroni/airflow/dags/example_dags/tutorial.py
[2019-03-19 13:25:20,480] {base_task_runner.py:101} INFO - Job 803: Subtask templated [2019-03-19 13:25:20,480] {cli.py:520} INFO - Running <TaskInstance: tutorial.templated 2016-07-03T00:00:00+00:00 [running]> on host IADAIRP1.globalrs.rack.space
[2019-03-19 13:25:20,499] {bash_operator.py:77} INFO - Tmp dir root location: 
 /tmp
[2019-03-19 13:25:20,499] {bash_operator.py:86} INFO - Exporting the following env vars:
AIRFLOW_CTX_DAG_ID=tutorial
AIRFLOW_CTX_TASK_ID=templated
AIRFLOW_CTX_EXECUTION_DATE=2016-07-03T00:00:00+00:00
AIRFLOW_CTX_DAG_RUN_ID=scheduled__2016-07-03T00:00:00+00:00
[2019-03-19 13:25:20,499] {bash_operator.py:100} INFO - Temporary script location: /tmp/airflowtmpzkgozjls/templated5wa31br9
[2019-03-19 13:25:20,499] {bash_operator.py:110} INFO - Running command: 

    echo "2016-07-03"
    echo "2016-07-10"
    echo "Parameter I passed in"

    echo "2016-07-03"
    echo "2016-07-10"
    echo "Parameter I passed in"

    echo "2016-07-03"
    echo "2016-07-10"
    echo "Parameter I passed in"

    echo "2016-07-03"
    echo "2016-07-10"
    echo "Parameter I passed in"

    echo "2016-07-03"
    echo "2016-07-10"
    echo "Parameter I passed in"

[2019-03-19 13:25:20,505] {bash_operator.py:119} INFO - Output:
[2019-03-19 13:25:20,506] {bash_operator.py:123} INFO - 2016-07-03
[2019-03-19 13:25:20,506] {bash_operator.py:123} INFO - 2016-07-10
[2019-03-19 13:25:20,506] {bash_operator.py:123} INFO - Parameter I passed in
[2019-03-19 13:25:20,506] {bash_operator.py:123} INFO - 2016-07-03
[2019-03-19 13:25:20,506] {bash_operator.py:123} INFO - 2016-07-10
[2019-03-19 13:25:20,506] {bash_operator.py:123} INFO - Parameter I passed in
[2019-03-19 13:25:20,506] {bash_operator.py:123} INFO - 2016-07-03
[2019-03-19 13:25:20,506] {bash_operator.py:123} INFO - 2016-07-10
[2019-03-19 13:25:20,507] {bash_operator.py:123} INFO - Parameter I passed in
[2019-03-19 13:25:20,507] {bash_operator.py:123} INFO - 2016-07-03
[2019-03-19 13:25:20,507] {bash_operator.py:123} INFO - 2016-07-10
[2019-03-19 13:25:20,507] {bash_operator.py:123} INFO - Parameter I passed in
[2019-03-19 13:25:20,507] {bash_operator.py:123} INFO - 2016-07-03
[2019-03-19 13:25:20,507] {bash_operator.py:123} INFO - 2016-07-10
[2019-03-19 13:25:20,507] {bash_operator.py:123} INFO - Parameter I passed in
[2019-03-19 13:25:20,507] {bash_operator.py:127} INFO - Command exited with return code 0
[2019-03-19 13:25:24,488] {logging_mixin.py:95} INFO - [2019-03-19 13:25:24,488] {jobs.py:2527} INFO - Task exited with return code 0
