[2019-03-21 21:00:39,957] {models.py:1359} INFO - Dependencies all met for <TaskInstance: tutorial.templated 2018-02-05T00:00:00+00:00 [queued]>
[2019-03-21 21:00:39,963] {models.py:1359} INFO - Dependencies all met for <TaskInstance: tutorial.templated 2018-02-05T00:00:00+00:00 [queued]>
[2019-03-21 21:00:39,963] {models.py:1571} INFO - 
--------------------------------------------------------------------------------
Starting attempt 1 of 2
--------------------------------------------------------------------------------

[2019-03-21 21:00:40,028] {models.py:1593} INFO - Executing <Task(BashOperator): templated> on 2018-02-05T00:00:00+00:00
[2019-03-21 21:00:40,028] {base_task_runner.py:118} INFO - Running: ['bash', '-c', 'airflow run tutorial templated 2018-02-05T00:00:00+00:00 --job_id 2035 --raw -sd DAGS_FOLDER/example_dags/tutorial.py --cfg_path /tmp/tmp8nzg5qof']
[2019-03-21 21:00:41,993] {base_task_runner.py:101} INFO - Job 2035: Subtask templated [2019-03-21 21:00:41,993] {__init__.py:51} INFO - Using executor SequentialExecutor
[2019-03-21 21:00:42,769] {base_task_runner.py:101} INFO - Job 2035: Subtask templated [2019-03-21 21:00:42,768] {models.py:273} INFO - Filling up the DagBag from /home/rsandroni/airflow/dags/example_dags/tutorial.py
[2019-03-21 21:00:43,008] {base_task_runner.py:101} INFO - Job 2035: Subtask templated [2019-03-21 21:00:43,002] {cli.py:520} INFO - Running <TaskInstance: tutorial.templated 2018-02-05T00:00:00+00:00 [running]> on host IADAIRP1.globalrs.rack.space
[2019-03-21 21:00:43,046] {bash_operator.py:77} INFO - Tmp dir root location: 
 /tmp
[2019-03-21 21:00:43,046] {bash_operator.py:86} INFO - Exporting the following env vars:
AIRFLOW_CTX_DAG_ID=tutorial
AIRFLOW_CTX_TASK_ID=templated
AIRFLOW_CTX_EXECUTION_DATE=2018-02-05T00:00:00+00:00
AIRFLOW_CTX_DAG_RUN_ID=scheduled__2018-02-05T00:00:00+00:00
[2019-03-21 21:00:43,047] {bash_operator.py:100} INFO - Temporary script location: /tmp/airflowtmpngmjdk3j/templatediy_g4whs
[2019-03-21 21:00:43,047] {bash_operator.py:110} INFO - Running command: 

    echo "2018-02-05"
    echo "2018-02-12"
    echo "Parameter I passed in"

    echo "2018-02-05"
    echo "2018-02-12"
    echo "Parameter I passed in"

    echo "2018-02-05"
    echo "2018-02-12"
    echo "Parameter I passed in"

    echo "2018-02-05"
    echo "2018-02-12"
    echo "Parameter I passed in"

    echo "2018-02-05"
    echo "2018-02-12"
    echo "Parameter I passed in"

[2019-03-21 21:00:43,080] {bash_operator.py:119} INFO - Output:
[2019-03-21 21:00:43,091] {bash_operator.py:123} INFO - 2018-02-05
[2019-03-21 21:00:43,091] {bash_operator.py:123} INFO - 2018-02-12
[2019-03-21 21:00:43,091] {bash_operator.py:123} INFO - Parameter I passed in
[2019-03-21 21:00:43,091] {bash_operator.py:123} INFO - 2018-02-05
[2019-03-21 21:00:43,091] {bash_operator.py:123} INFO - 2018-02-12
[2019-03-21 21:00:43,091] {bash_operator.py:123} INFO - Parameter I passed in
[2019-03-21 21:00:43,091] {bash_operator.py:123} INFO - 2018-02-05
[2019-03-21 21:00:43,091] {bash_operator.py:123} INFO - 2018-02-12
[2019-03-21 21:00:43,091] {bash_operator.py:123} INFO - Parameter I passed in
[2019-03-21 21:00:43,091] {bash_operator.py:123} INFO - 2018-02-05
[2019-03-21 21:00:43,092] {bash_operator.py:123} INFO - 2018-02-12
[2019-03-21 21:00:43,092] {bash_operator.py:123} INFO - Parameter I passed in
[2019-03-21 21:00:43,092] {bash_operator.py:123} INFO - 2018-02-05
[2019-03-21 21:00:43,092] {bash_operator.py:123} INFO - 2018-02-12
[2019-03-21 21:00:43,092] {bash_operator.py:123} INFO - Parameter I passed in
[2019-03-21 21:00:43,092] {bash_operator.py:127} INFO - Command exited with return code 0
[2019-03-21 21:00:44,941] {logging_mixin.py:95} INFO - [2019-03-21 21:00:44,940] {jobs.py:2527} INFO - Task exited with return code 0
