[2019-03-21 17:56:40,179] {models.py:1359} INFO - Dependencies all met for <TaskInstance: tutorial.templated 2017-08-24T00:00:00+00:00 [queued]>
[2019-03-21 17:56:40,183] {models.py:1359} INFO - Dependencies all met for <TaskInstance: tutorial.templated 2017-08-24T00:00:00+00:00 [queued]>
[2019-03-21 17:56:40,184] {models.py:1571} INFO - 
--------------------------------------------------------------------------------
Starting attempt 1 of 2
--------------------------------------------------------------------------------

[2019-03-21 17:56:40,199] {models.py:1593} INFO - Executing <Task(BashOperator): templated> on 2017-08-24T00:00:00+00:00
[2019-03-21 17:56:40,200] {base_task_runner.py:118} INFO - Running: ['bash', '-c', 'airflow run tutorial templated 2017-08-24T00:00:00+00:00 --job_id 1691 --raw -sd DAGS_FOLDER/example_dags/tutorial.py --cfg_path /tmp/tmp9vsz4_8u']
[2019-03-21 17:56:40,835] {base_task_runner.py:101} INFO - Job 1691: Subtask templated [2019-03-21 17:56:40,834] {__init__.py:51} INFO - Using executor SequentialExecutor
[2019-03-21 17:56:41,062] {base_task_runner.py:101} INFO - Job 1691: Subtask templated [2019-03-21 17:56:41,062] {models.py:273} INFO - Filling up the DagBag from /home/rsandroni/airflow/dags/example_dags/tutorial.py
[2019-03-21 17:56:41,126] {base_task_runner.py:101} INFO - Job 1691: Subtask templated [2019-03-21 17:56:41,126] {cli.py:520} INFO - Running <TaskInstance: tutorial.templated 2017-08-24T00:00:00+00:00 [running]> on host IADAIRP1.globalrs.rack.space
[2019-03-21 17:56:41,142] {bash_operator.py:77} INFO - Tmp dir root location: 
 /tmp
[2019-03-21 17:56:41,143] {bash_operator.py:86} INFO - Exporting the following env vars:
AIRFLOW_CTX_DAG_ID=tutorial
AIRFLOW_CTX_TASK_ID=templated
AIRFLOW_CTX_EXECUTION_DATE=2017-08-24T00:00:00+00:00
AIRFLOW_CTX_DAG_RUN_ID=scheduled__2017-08-24T00:00:00+00:00
[2019-03-21 17:56:41,143] {bash_operator.py:100} INFO - Temporary script location: /tmp/airflowtmpvvl4nprk/templated4zhoebrs
[2019-03-21 17:56:41,143] {bash_operator.py:110} INFO - Running command: 

    echo "2017-08-24"
    echo "2017-08-31"
    echo "Parameter I passed in"

    echo "2017-08-24"
    echo "2017-08-31"
    echo "Parameter I passed in"

    echo "2017-08-24"
    echo "2017-08-31"
    echo "Parameter I passed in"

    echo "2017-08-24"
    echo "2017-08-31"
    echo "Parameter I passed in"

    echo "2017-08-24"
    echo "2017-08-31"
    echo "Parameter I passed in"

[2019-03-21 17:56:41,149] {bash_operator.py:119} INFO - Output:
[2019-03-21 17:56:41,150] {bash_operator.py:123} INFO - 2017-08-24
[2019-03-21 17:56:41,150] {bash_operator.py:123} INFO - 2017-08-31
[2019-03-21 17:56:41,150] {bash_operator.py:123} INFO - Parameter I passed in
[2019-03-21 17:56:41,150] {bash_operator.py:123} INFO - 2017-08-24
[2019-03-21 17:56:41,150] {bash_operator.py:123} INFO - 2017-08-31
[2019-03-21 17:56:41,151] {bash_operator.py:123} INFO - Parameter I passed in
[2019-03-21 17:56:41,151] {bash_operator.py:123} INFO - 2017-08-24
[2019-03-21 17:56:41,151] {bash_operator.py:123} INFO - 2017-08-31
[2019-03-21 17:56:41,151] {bash_operator.py:123} INFO - Parameter I passed in
[2019-03-21 17:56:41,151] {bash_operator.py:123} INFO - 2017-08-24
[2019-03-21 17:56:41,151] {bash_operator.py:123} INFO - 2017-08-31
[2019-03-21 17:56:41,151] {bash_operator.py:123} INFO - Parameter I passed in
[2019-03-21 17:56:41,151] {bash_operator.py:123} INFO - 2017-08-24
[2019-03-21 17:56:41,151] {bash_operator.py:123} INFO - 2017-08-31
[2019-03-21 17:56:41,151] {bash_operator.py:123} INFO - Parameter I passed in
[2019-03-21 17:56:41,151] {bash_operator.py:127} INFO - Command exited with return code 0
[2019-03-21 17:56:45,184] {logging_mixin.py:95} INFO - [2019-03-21 17:56:45,183] {jobs.py:2527} INFO - Task exited with return code 0
