[2019-03-22 05:23:13,812] {models.py:1359} INFO - Dependencies all met for <TaskInstance: tutorial.templated 2019-02-22T00:00:00+00:00 [queued]>
[2019-03-22 05:23:13,817] {models.py:1359} INFO - Dependencies all met for <TaskInstance: tutorial.templated 2019-02-22T00:00:00+00:00 [queued]>
[2019-03-22 05:23:13,818] {models.py:1571} INFO - 
--------------------------------------------------------------------------------
Starting attempt 1 of 2
--------------------------------------------------------------------------------

[2019-03-22 05:23:13,833] {models.py:1593} INFO - Executing <Task(BashOperator): templated> on 2019-02-22T00:00:00+00:00
[2019-03-22 05:23:13,833] {base_task_runner.py:118} INFO - Running: ['bash', '-c', 'airflow run tutorial templated 2019-02-22T00:00:00+00:00 --job_id 2799 --raw -sd DAGS_FOLDER/example_dags/tutorial.py --cfg_path /tmp/tmpec674819']
[2019-03-22 05:23:14,511] {base_task_runner.py:101} INFO - Job 2799: Subtask templated [2019-03-22 05:23:14,510] {__init__.py:51} INFO - Using executor SequentialExecutor
[2019-03-22 05:23:14,819] {base_task_runner.py:101} INFO - Job 2799: Subtask templated [2019-03-22 05:23:14,818] {models.py:273} INFO - Filling up the DagBag from /home/rsandroni/airflow/dags/example_dags/tutorial.py
[2019-03-22 05:23:14,907] {base_task_runner.py:101} INFO - Job 2799: Subtask templated [2019-03-22 05:23:14,906] {cli.py:520} INFO - Running <TaskInstance: tutorial.templated 2019-02-22T00:00:00+00:00 [running]> on host IADAIRP1.globalrs.rack.space
[2019-03-22 05:23:14,931] {bash_operator.py:77} INFO - Tmp dir root location: 
 /tmp
[2019-03-22 05:23:14,931] {bash_operator.py:86} INFO - Exporting the following env vars:
AIRFLOW_CTX_DAG_ID=tutorial
AIRFLOW_CTX_TASK_ID=templated
AIRFLOW_CTX_EXECUTION_DATE=2019-02-22T00:00:00+00:00
AIRFLOW_CTX_DAG_RUN_ID=scheduled__2019-02-22T00:00:00+00:00
[2019-03-22 05:23:14,932] {bash_operator.py:100} INFO - Temporary script location: /tmp/airflowtmphwjtx7si/templatednopa2ykf
[2019-03-22 05:23:14,932] {bash_operator.py:110} INFO - Running command: 

    echo "2019-02-22"
    echo "2019-03-01"
    echo "Parameter I passed in"

    echo "2019-02-22"
    echo "2019-03-01"
    echo "Parameter I passed in"

    echo "2019-02-22"
    echo "2019-03-01"
    echo "Parameter I passed in"

    echo "2019-02-22"
    echo "2019-03-01"
    echo "Parameter I passed in"

    echo "2019-02-22"
    echo "2019-03-01"
    echo "Parameter I passed in"

[2019-03-22 05:23:14,938] {bash_operator.py:119} INFO - Output:
[2019-03-22 05:23:14,939] {bash_operator.py:123} INFO - 2019-02-22
[2019-03-22 05:23:14,940] {bash_operator.py:123} INFO - 2019-03-01
[2019-03-22 05:23:14,940] {bash_operator.py:123} INFO - Parameter I passed in
[2019-03-22 05:23:14,940] {bash_operator.py:123} INFO - 2019-02-22
[2019-03-22 05:23:14,940] {bash_operator.py:123} INFO - 2019-03-01
[2019-03-22 05:23:14,940] {bash_operator.py:123} INFO - Parameter I passed in
[2019-03-22 05:23:14,940] {bash_operator.py:123} INFO - 2019-02-22
[2019-03-22 05:23:14,940] {bash_operator.py:123} INFO - 2019-03-01
[2019-03-22 05:23:14,940] {bash_operator.py:123} INFO - Parameter I passed in
[2019-03-22 05:23:14,940] {bash_operator.py:123} INFO - 2019-02-22
[2019-03-22 05:23:14,940] {bash_operator.py:123} INFO - 2019-03-01
[2019-03-22 05:23:14,940] {bash_operator.py:123} INFO - Parameter I passed in
[2019-03-22 05:23:14,940] {bash_operator.py:123} INFO - 2019-02-22
[2019-03-22 05:23:14,940] {bash_operator.py:123} INFO - 2019-03-01
[2019-03-22 05:23:14,940] {bash_operator.py:123} INFO - Parameter I passed in
[2019-03-22 05:23:14,940] {bash_operator.py:127} INFO - Command exited with return code 0
[2019-03-22 05:23:18,792] {logging_mixin.py:95} INFO - [2019-03-22 05:23:18,791] {jobs.py:2527} INFO - Task exited with return code 0
