[2019-03-19 14:14:33,179] {models.py:1359} INFO - Dependencies all met for <TaskInstance: tutorial.print_date 2016-10-16T00:00:00+00:00 [queued]>
[2019-03-19 14:14:33,181] {models.py:1359} INFO - Dependencies all met for <TaskInstance: tutorial.print_date 2016-10-16T00:00:00+00:00 [queued]>
[2019-03-19 14:14:33,182] {models.py:1571} INFO - 
--------------------------------------------------------------------------------
Starting attempt 1 of 2
--------------------------------------------------------------------------------

[2019-03-19 14:14:33,256] {models.py:1593} INFO - Executing <Task(BashOperator): print_date> on 2016-10-16T00:00:00+00:00
[2019-03-19 14:14:33,256] {base_task_runner.py:118} INFO - Running: ['bash', '-c', 'airflow run tutorial print_date 2016-10-16T00:00:00+00:00 --job_id 1010 --raw -sd DAGS_FOLDER/sql_server_load.py --cfg_path /tmp/tmp2v0bwf7g']
[2019-03-19 14:14:35,430] {base_task_runner.py:101} INFO - Job 1010: Subtask print_date [2019-03-19 14:14:35,425] {__init__.py:51} INFO - Using executor SequentialExecutor
[2019-03-19 14:14:36,020] {base_task_runner.py:101} INFO - Job 1010: Subtask print_date [2019-03-19 14:14:36,013] {models.py:273} INFO - Filling up the DagBag from /home/rsandroni/airflow/dags/sql_server_load.py
[2019-03-19 14:14:36,073] {base_task_runner.py:101} INFO - Job 1010: Subtask print_date [2019-03-19 14:14:36,069] {cli.py:520} INFO - Running <TaskInstance: tutorial.print_date 2016-10-16T00:00:00+00:00 [running]> on host IADAIRP1.globalrs.rack.space
[2019-03-19 14:14:36,103] {bash_operator.py:77} INFO - Tmp dir root location: 
 /tmp
[2019-03-19 14:14:36,103] {bash_operator.py:86} INFO - Exporting the following env vars:
AIRFLOW_CTX_DAG_ID=tutorial
AIRFLOW_CTX_TASK_ID=print_date
AIRFLOW_CTX_EXECUTION_DATE=2016-10-16T00:00:00+00:00
AIRFLOW_CTX_DAG_RUN_ID=scheduled__2016-10-16T00:00:00+00:00
[2019-03-19 14:14:36,103] {bash_operator.py:100} INFO - Temporary script location: /tmp/airflowtmpvdwsx4un/print_datepj_47ln5
[2019-03-19 14:14:36,104] {bash_operator.py:110} INFO - Running command: date
[2019-03-19 14:14:36,153] {bash_operator.py:119} INFO - Output:
[2019-03-19 14:14:36,187] {bash_operator.py:123} INFO - Ter Mar 19 14:14:36 -03 2019
[2019-03-19 14:14:36,188] {bash_operator.py:127} INFO - Command exited with return code 0
[2019-03-19 14:14:38,192] {logging_mixin.py:95} INFO - [2019-03-19 14:14:38,191] {jobs.py:2527} INFO - Task exited with return code 0
