[2019-03-19 12:06:39,167] {models.py:1359} INFO - Dependencies all met for <TaskInstance: tutorial.templated 2016-01-20T00:00:00+00:00 [queued]>
[2019-03-19 12:06:39,171] {models.py:1359} INFO - Dependencies all met for <TaskInstance: tutorial.templated 2016-01-20T00:00:00+00:00 [queued]>
[2019-03-19 12:06:39,171] {models.py:1571} INFO - 
--------------------------------------------------------------------------------
Starting attempt 1 of 2
--------------------------------------------------------------------------------

[2019-03-19 12:06:39,190] {models.py:1593} INFO - Executing <Task(BashOperator): templated> on 2016-01-20T00:00:00+00:00
[2019-03-19 12:06:39,191] {base_task_runner.py:118} INFO - Running: ['bash', '-c', 'airflow run tutorial templated 2016-01-20T00:00:00+00:00 --job_id 473 --raw -sd DAGS_FOLDER/example_dags/tutorial.py --cfg_path /tmp/tmpq9y8xf1u']
[2019-03-19 12:06:39,810] {base_task_runner.py:101} INFO - Job 473: Subtask templated [2019-03-19 12:06:39,809] {__init__.py:51} INFO - Using executor SequentialExecutor
[2019-03-19 12:06:40,085] {base_task_runner.py:101} INFO - Job 473: Subtask templated [2019-03-19 12:06:40,084] {models.py:273} INFO - Filling up the DagBag from /home/rsandroni/airflow/dags/example_dags/tutorial.py
[2019-03-19 12:06:40,129] {base_task_runner.py:101} INFO - Job 473: Subtask templated [2019-03-19 12:06:40,125] {cli.py:520} INFO - Running <TaskInstance: tutorial.templated 2016-01-20T00:00:00+00:00 [running]> on host IADAIRP1.globalrs.rack.space
[2019-03-19 12:06:40,144] {bash_operator.py:77} INFO - Tmp dir root location: 
 /tmp
[2019-03-19 12:06:40,144] {bash_operator.py:86} INFO - Exporting the following env vars:
AIRFLOW_CTX_DAG_ID=tutorial
AIRFLOW_CTX_TASK_ID=templated
AIRFLOW_CTX_EXECUTION_DATE=2016-01-20T00:00:00+00:00
AIRFLOW_CTX_DAG_RUN_ID=scheduled__2016-01-20T00:00:00+00:00
[2019-03-19 12:06:40,144] {bash_operator.py:100} INFO - Temporary script location: /tmp/airflowtmp69putm7t/templatedyui2onr5
[2019-03-19 12:06:40,145] {bash_operator.py:110} INFO - Running command: 

    echo "2016-01-20"
    echo "2016-01-27"
    echo "Parameter I passed in"

    echo "2016-01-20"
    echo "2016-01-27"
    echo "Parameter I passed in"

    echo "2016-01-20"
    echo "2016-01-27"
    echo "Parameter I passed in"

    echo "2016-01-20"
    echo "2016-01-27"
    echo "Parameter I passed in"

    echo "2016-01-20"
    echo "2016-01-27"
    echo "Parameter I passed in"

[2019-03-19 12:06:40,150] {bash_operator.py:119} INFO - Output:
[2019-03-19 12:06:40,151] {bash_operator.py:123} INFO - 2016-01-20
[2019-03-19 12:06:40,151] {bash_operator.py:123} INFO - 2016-01-27
[2019-03-19 12:06:40,151] {bash_operator.py:123} INFO - Parameter I passed in
[2019-03-19 12:06:40,151] {bash_operator.py:123} INFO - 2016-01-20
[2019-03-19 12:06:40,151] {bash_operator.py:123} INFO - 2016-01-27
[2019-03-19 12:06:40,151] {bash_operator.py:123} INFO - Parameter I passed in
[2019-03-19 12:06:40,151] {bash_operator.py:123} INFO - 2016-01-20
[2019-03-19 12:06:40,151] {bash_operator.py:123} INFO - 2016-01-27
[2019-03-19 12:06:40,151] {bash_operator.py:123} INFO - Parameter I passed in
[2019-03-19 12:06:40,151] {bash_operator.py:123} INFO - 2016-01-20
[2019-03-19 12:06:40,151] {bash_operator.py:123} INFO - 2016-01-27
[2019-03-19 12:06:40,151] {bash_operator.py:123} INFO - Parameter I passed in
[2019-03-19 12:06:40,151] {bash_operator.py:123} INFO - 2016-01-20
[2019-03-19 12:06:40,151] {bash_operator.py:123} INFO - 2016-01-27
[2019-03-19 12:06:40,151] {bash_operator.py:123} INFO - Parameter I passed in
[2019-03-19 12:06:40,152] {bash_operator.py:127} INFO - Command exited with return code 0
[2019-03-19 12:06:44,164] {logging_mixin.py:95} INFO - [2019-03-19 12:06:44,163] {jobs.py:2527} INFO - Task exited with return code 0
