[2019-03-21 21:05:55,726] {models.py:1359} INFO - Dependencies all met for <TaskInstance: tutorial.templated 2018-02-08T00:00:00+00:00 [queued]>
[2019-03-21 21:05:55,731] {models.py:1359} INFO - Dependencies all met for <TaskInstance: tutorial.templated 2018-02-08T00:00:00+00:00 [queued]>
[2019-03-21 21:05:55,731] {models.py:1571} INFO - 
--------------------------------------------------------------------------------
Starting attempt 1 of 2
--------------------------------------------------------------------------------

[2019-03-21 21:05:55,799] {models.py:1593} INFO - Executing <Task(BashOperator): templated> on 2018-02-08T00:00:00+00:00
[2019-03-21 21:05:55,799] {base_task_runner.py:118} INFO - Running: ['bash', '-c', 'airflow run tutorial templated 2018-02-08T00:00:00+00:00 --job_id 2042 --raw -sd DAGS_FOLDER/example_dags/tutorial.py --cfg_path /tmp/tmppi2oaty8']
[2019-03-21 21:05:56,667] {base_task_runner.py:101} INFO - Job 2042: Subtask templated [2019-03-21 21:05:56,666] {__init__.py:51} INFO - Using executor SequentialExecutor
[2019-03-21 21:05:56,992] {base_task_runner.py:101} INFO - Job 2042: Subtask templated [2019-03-21 21:05:56,987] {models.py:273} INFO - Filling up the DagBag from /home/rsandroni/airflow/dags/example_dags/tutorial.py
[2019-03-21 21:05:57,074] {base_task_runner.py:101} INFO - Job 2042: Subtask templated [2019-03-21 21:05:57,069] {cli.py:520} INFO - Running <TaskInstance: tutorial.templated 2018-02-08T00:00:00+00:00 [running]> on host IADAIRP1.globalrs.rack.space
[2019-03-21 21:05:57,129] {bash_operator.py:77} INFO - Tmp dir root location: 
 /tmp
[2019-03-21 21:05:57,130] {bash_operator.py:86} INFO - Exporting the following env vars:
AIRFLOW_CTX_DAG_ID=tutorial
AIRFLOW_CTX_TASK_ID=templated
AIRFLOW_CTX_EXECUTION_DATE=2018-02-08T00:00:00+00:00
AIRFLOW_CTX_DAG_RUN_ID=scheduled__2018-02-08T00:00:00+00:00
[2019-03-21 21:05:57,131] {bash_operator.py:100} INFO - Temporary script location: /tmp/airflowtmphe12m036/templated7cow3q5k
[2019-03-21 21:05:57,131] {bash_operator.py:110} INFO - Running command: 

    echo "2018-02-08"
    echo "2018-02-15"
    echo "Parameter I passed in"

    echo "2018-02-08"
    echo "2018-02-15"
    echo "Parameter I passed in"

    echo "2018-02-08"
    echo "2018-02-15"
    echo "Parameter I passed in"

    echo "2018-02-08"
    echo "2018-02-15"
    echo "Parameter I passed in"

    echo "2018-02-08"
    echo "2018-02-15"
    echo "Parameter I passed in"

[2019-03-21 21:05:57,198] {bash_operator.py:119} INFO - Output:
[2019-03-21 21:05:57,198] {bash_operator.py:123} INFO - 2018-02-08
[2019-03-21 21:05:57,198] {bash_operator.py:123} INFO - 2018-02-15
[2019-03-21 21:05:57,198] {bash_operator.py:123} INFO - Parameter I passed in
[2019-03-21 21:05:57,198] {bash_operator.py:123} INFO - 2018-02-08
[2019-03-21 21:05:57,199] {bash_operator.py:123} INFO - 2018-02-15
[2019-03-21 21:05:57,199] {bash_operator.py:123} INFO - Parameter I passed in
[2019-03-21 21:05:57,199] {bash_operator.py:123} INFO - 2018-02-08
[2019-03-21 21:05:57,199] {bash_operator.py:123} INFO - 2018-02-15
[2019-03-21 21:05:57,199] {bash_operator.py:123} INFO - Parameter I passed in
[2019-03-21 21:05:57,199] {bash_operator.py:123} INFO - 2018-02-08
[2019-03-21 21:05:57,199] {bash_operator.py:123} INFO - 2018-02-15
[2019-03-21 21:05:57,199] {bash_operator.py:123} INFO - Parameter I passed in
[2019-03-21 21:05:57,199] {bash_operator.py:123} INFO - 2018-02-08
[2019-03-21 21:05:57,199] {bash_operator.py:123} INFO - 2018-02-15
[2019-03-21 21:05:57,199] {bash_operator.py:123} INFO - Parameter I passed in
[2019-03-21 21:05:57,199] {bash_operator.py:127} INFO - Command exited with return code 0
[2019-03-21 21:06:00,709] {logging_mixin.py:95} INFO - [2019-03-21 21:06:00,708] {jobs.py:2527} INFO - Task exited with return code 0
