[2019-03-21 19:15:51,525] {models.py:1359} INFO - Dependencies all met for <TaskInstance: tutorial.templated 2017-11-16T00:00:00+00:00 [queued]>
[2019-03-21 19:15:51,529] {models.py:1359} INFO - Dependencies all met for <TaskInstance: tutorial.templated 2017-11-16T00:00:00+00:00 [queued]>
[2019-03-21 19:15:51,530] {models.py:1571} INFO - 
--------------------------------------------------------------------------------
Starting attempt 1 of 2
--------------------------------------------------------------------------------

[2019-03-21 19:15:51,550] {models.py:1593} INFO - Executing <Task(BashOperator): templated> on 2017-11-16T00:00:00+00:00
[2019-03-21 19:15:51,550] {base_task_runner.py:118} INFO - Running: ['bash', '-c', 'airflow run tutorial templated 2017-11-16T00:00:00+00:00 --job_id 1874 --raw -sd DAGS_FOLDER/example_dags/tutorial.py --cfg_path /tmp/tmp_kee12yd']
[2019-03-21 19:15:52,187] {base_task_runner.py:101} INFO - Job 1874: Subtask templated [2019-03-21 19:15:52,186] {__init__.py:51} INFO - Using executor SequentialExecutor
[2019-03-21 19:15:52,413] {base_task_runner.py:101} INFO - Job 1874: Subtask templated [2019-03-21 19:15:52,413] {models.py:273} INFO - Filling up the DagBag from /home/rsandroni/airflow/dags/example_dags/tutorial.py
[2019-03-21 19:15:52,477] {base_task_runner.py:101} INFO - Job 1874: Subtask templated [2019-03-21 19:15:52,477] {cli.py:520} INFO - Running <TaskInstance: tutorial.templated 2017-11-16T00:00:00+00:00 [running]> on host IADAIRP1.globalrs.rack.space
[2019-03-21 19:15:52,494] {bash_operator.py:77} INFO - Tmp dir root location: 
 /tmp
[2019-03-21 19:15:52,495] {bash_operator.py:86} INFO - Exporting the following env vars:
AIRFLOW_CTX_DAG_ID=tutorial
AIRFLOW_CTX_TASK_ID=templated
AIRFLOW_CTX_EXECUTION_DATE=2017-11-16T00:00:00+00:00
AIRFLOW_CTX_DAG_RUN_ID=scheduled__2017-11-16T00:00:00+00:00
[2019-03-21 19:15:52,495] {bash_operator.py:100} INFO - Temporary script location: /tmp/airflowtmpg3jmp9pz/templateddzyw4vk2
[2019-03-21 19:15:52,495] {bash_operator.py:110} INFO - Running command: 

    echo "2017-11-16"
    echo "2017-11-23"
    echo "Parameter I passed in"

    echo "2017-11-16"
    echo "2017-11-23"
    echo "Parameter I passed in"

    echo "2017-11-16"
    echo "2017-11-23"
    echo "Parameter I passed in"

    echo "2017-11-16"
    echo "2017-11-23"
    echo "Parameter I passed in"

    echo "2017-11-16"
    echo "2017-11-23"
    echo "Parameter I passed in"

[2019-03-21 19:15:52,501] {bash_operator.py:119} INFO - Output:
[2019-03-21 19:15:52,502] {bash_operator.py:123} INFO - 2017-11-16
[2019-03-21 19:15:52,502] {bash_operator.py:123} INFO - 2017-11-23
[2019-03-21 19:15:52,502] {bash_operator.py:123} INFO - Parameter I passed in
[2019-03-21 19:15:52,502] {bash_operator.py:123} INFO - 2017-11-16
[2019-03-21 19:15:52,502] {bash_operator.py:123} INFO - 2017-11-23
[2019-03-21 19:15:52,502] {bash_operator.py:123} INFO - Parameter I passed in
[2019-03-21 19:15:52,502] {bash_operator.py:123} INFO - 2017-11-16
[2019-03-21 19:15:52,502] {bash_operator.py:123} INFO - 2017-11-23
[2019-03-21 19:15:52,502] {bash_operator.py:123} INFO - Parameter I passed in
[2019-03-21 19:15:52,502] {bash_operator.py:123} INFO - 2017-11-16
[2019-03-21 19:15:52,502] {bash_operator.py:123} INFO - 2017-11-23
[2019-03-21 19:15:52,502] {bash_operator.py:123} INFO - Parameter I passed in
[2019-03-21 19:15:52,502] {bash_operator.py:123} INFO - 2017-11-16
[2019-03-21 19:15:52,502] {bash_operator.py:123} INFO - 2017-11-23
[2019-03-21 19:15:52,502] {bash_operator.py:123} INFO - Parameter I passed in
[2019-03-21 19:15:52,503] {bash_operator.py:127} INFO - Command exited with return code 0
[2019-03-21 19:15:56,522] {logging_mixin.py:95} INFO - [2019-03-21 19:15:56,521] {jobs.py:2527} INFO - Task exited with return code 0
