[2019-03-21 19:08:04,178] {models.py:1359} INFO - Dependencies all met for <TaskInstance: tutorial.templated 2017-11-10T00:00:00+00:00 [queued]>
[2019-03-21 19:08:04,182] {models.py:1359} INFO - Dependencies all met for <TaskInstance: tutorial.templated 2017-11-10T00:00:00+00:00 [queued]>
[2019-03-21 19:08:04,182] {models.py:1571} INFO - 
--------------------------------------------------------------------------------
Starting attempt 1 of 2
--------------------------------------------------------------------------------

[2019-03-21 19:08:04,199] {models.py:1593} INFO - Executing <Task(BashOperator): templated> on 2017-11-10T00:00:00+00:00
[2019-03-21 19:08:04,199] {base_task_runner.py:118} INFO - Running: ['bash', '-c', 'airflow run tutorial templated 2017-11-10T00:00:00+00:00 --job_id 1862 --raw -sd DAGS_FOLDER/example_dags/tutorial.py --cfg_path /tmp/tmp0mg53jb8']
[2019-03-21 19:08:04,845] {base_task_runner.py:101} INFO - Job 1862: Subtask templated [2019-03-21 19:08:04,844] {__init__.py:51} INFO - Using executor SequentialExecutor
[2019-03-21 19:08:05,106] {base_task_runner.py:101} INFO - Job 1862: Subtask templated [2019-03-21 19:08:05,105] {models.py:273} INFO - Filling up the DagBag from /home/rsandroni/airflow/dags/example_dags/tutorial.py
[2019-03-21 19:08:05,171] {base_task_runner.py:101} INFO - Job 1862: Subtask templated [2019-03-21 19:08:05,170] {cli.py:520} INFO - Running <TaskInstance: tutorial.templated 2017-11-10T00:00:00+00:00 [running]> on host IADAIRP1.globalrs.rack.space
[2019-03-21 19:08:05,187] {bash_operator.py:77} INFO - Tmp dir root location: 
 /tmp
[2019-03-21 19:08:05,187] {bash_operator.py:86} INFO - Exporting the following env vars:
AIRFLOW_CTX_DAG_ID=tutorial
AIRFLOW_CTX_TASK_ID=templated
AIRFLOW_CTX_EXECUTION_DATE=2017-11-10T00:00:00+00:00
AIRFLOW_CTX_DAG_RUN_ID=scheduled__2017-11-10T00:00:00+00:00
[2019-03-21 19:08:05,188] {bash_operator.py:100} INFO - Temporary script location: /tmp/airflowtmpe2kfiop0/templatedqk5qctt7
[2019-03-21 19:08:05,188] {bash_operator.py:110} INFO - Running command: 

    echo "2017-11-10"
    echo "2017-11-17"
    echo "Parameter I passed in"

    echo "2017-11-10"
    echo "2017-11-17"
    echo "Parameter I passed in"

    echo "2017-11-10"
    echo "2017-11-17"
    echo "Parameter I passed in"

    echo "2017-11-10"
    echo "2017-11-17"
    echo "Parameter I passed in"

    echo "2017-11-10"
    echo "2017-11-17"
    echo "Parameter I passed in"

[2019-03-21 19:08:05,193] {bash_operator.py:119} INFO - Output:
[2019-03-21 19:08:05,194] {bash_operator.py:123} INFO - 2017-11-10
[2019-03-21 19:08:05,195] {bash_operator.py:123} INFO - 2017-11-17
[2019-03-21 19:08:05,195] {bash_operator.py:123} INFO - Parameter I passed in
[2019-03-21 19:08:05,195] {bash_operator.py:123} INFO - 2017-11-10
[2019-03-21 19:08:05,195] {bash_operator.py:123} INFO - 2017-11-17
[2019-03-21 19:08:05,195] {bash_operator.py:123} INFO - Parameter I passed in
[2019-03-21 19:08:05,195] {bash_operator.py:123} INFO - 2017-11-10
[2019-03-21 19:08:05,195] {bash_operator.py:123} INFO - 2017-11-17
[2019-03-21 19:08:05,195] {bash_operator.py:123} INFO - Parameter I passed in
[2019-03-21 19:08:05,195] {bash_operator.py:123} INFO - 2017-11-10
[2019-03-21 19:08:05,195] {bash_operator.py:123} INFO - 2017-11-17
[2019-03-21 19:08:05,195] {bash_operator.py:123} INFO - Parameter I passed in
[2019-03-21 19:08:05,195] {bash_operator.py:123} INFO - 2017-11-10
[2019-03-21 19:08:05,195] {bash_operator.py:123} INFO - 2017-11-17
[2019-03-21 19:08:05,195] {bash_operator.py:123} INFO - Parameter I passed in
[2019-03-21 19:08:05,195] {bash_operator.py:127} INFO - Command exited with return code 0
[2019-03-21 19:08:09,179] {logging_mixin.py:95} INFO - [2019-03-21 19:08:09,178] {jobs.py:2527} INFO - Task exited with return code 0
