[2019-03-21 19:55:30,511] {models.py:1359} INFO - Dependencies all met for <TaskInstance: tutorial.print_date 2017-12-19T00:00:00+00:00 [queued]>
[2019-03-21 19:55:30,514] {models.py:1359} INFO - Dependencies all met for <TaskInstance: tutorial.print_date 2017-12-19T00:00:00+00:00 [queued]>
[2019-03-21 19:55:30,514] {models.py:1571} INFO - 
--------------------------------------------------------------------------------
Starting attempt 1 of 2
--------------------------------------------------------------------------------

[2019-03-21 19:55:30,532] {models.py:1593} INFO - Executing <Task(BashOperator): print_date> on 2017-12-19T00:00:00+00:00
[2019-03-21 19:55:30,533] {base_task_runner.py:118} INFO - Running: ['bash', '-c', 'airflow run tutorial print_date 2017-12-19T00:00:00+00:00 --job_id 1937 --raw -sd DAGS_FOLDER/tutorial.py --cfg_path /tmp/tmpf3_swrrd']
[2019-03-21 19:55:31,172] {base_task_runner.py:101} INFO - Job 1937: Subtask print_date [2019-03-21 19:55:31,171] {__init__.py:51} INFO - Using executor SequentialExecutor
[2019-03-21 19:55:31,397] {base_task_runner.py:101} INFO - Job 1937: Subtask print_date [2019-03-21 19:55:31,396] {models.py:273} INFO - Filling up the DagBag from /home/rsandroni/airflow/dags/tutorial.py
[2019-03-21 19:55:31,412] {base_task_runner.py:101} INFO - Job 1937: Subtask print_date [2019-03-21 19:55:31,412] {cli.py:520} INFO - Running <TaskInstance: tutorial.print_date 2017-12-19T00:00:00+00:00 [running]> on host IADAIRP1.globalrs.rack.space
[2019-03-21 19:55:31,425] {bash_operator.py:77} INFO - Tmp dir root location: 
 /tmp
[2019-03-21 19:55:31,425] {bash_operator.py:86} INFO - Exporting the following env vars:
AIRFLOW_CTX_DAG_ID=tutorial
AIRFLOW_CTX_TASK_ID=print_date
AIRFLOW_CTX_EXECUTION_DATE=2017-12-19T00:00:00+00:00
AIRFLOW_CTX_DAG_RUN_ID=scheduled__2017-12-19T00:00:00+00:00
[2019-03-21 19:55:31,425] {bash_operator.py:100} INFO - Temporary script location: /tmp/airflowtmpgkvvtszc/print_dategl04e7ov
[2019-03-21 19:55:31,425] {bash_operator.py:110} INFO - Running command: date
[2019-03-21 19:55:31,431] {bash_operator.py:119} INFO - Output:
[2019-03-21 19:55:31,433] {bash_operator.py:123} INFO - Qui Mar 21 19:55:31 -03 2019
[2019-03-21 19:55:31,433] {bash_operator.py:127} INFO - Command exited with return code 0
[2019-03-21 19:55:35,514] {logging_mixin.py:95} INFO - [2019-03-21 19:55:35,513] {jobs.py:2527} INFO - Task exited with return code 0
