[2019-03-21 18:42:47,415] {models.py:1359} INFO - Dependencies all met for <TaskInstance: tutorial.print_date 2017-10-24T00:00:00+00:00 [queued]>
[2019-03-21 18:42:47,418] {models.py:1359} INFO - Dependencies all met for <TaskInstance: tutorial.print_date 2017-10-24T00:00:00+00:00 [queued]>
[2019-03-21 18:42:47,418] {models.py:1571} INFO - 
--------------------------------------------------------------------------------
Starting attempt 1 of 2
--------------------------------------------------------------------------------

[2019-03-21 18:42:47,430] {models.py:1593} INFO - Executing <Task(BashOperator): print_date> on 2017-10-24T00:00:00+00:00
[2019-03-21 18:42:47,430] {base_task_runner.py:118} INFO - Running: ['bash', '-c', 'airflow run tutorial print_date 2017-10-24T00:00:00+00:00 --job_id 1825 --raw -sd DAGS_FOLDER/tutorial.py --cfg_path /tmp/tmphb3gt8v0']
[2019-03-21 18:42:48,067] {base_task_runner.py:101} INFO - Job 1825: Subtask print_date [2019-03-21 18:42:48,066] {__init__.py:51} INFO - Using executor SequentialExecutor
[2019-03-21 18:42:48,313] {base_task_runner.py:101} INFO - Job 1825: Subtask print_date [2019-03-21 18:42:48,312] {models.py:273} INFO - Filling up the DagBag from /home/rsandroni/airflow/dags/tutorial.py
[2019-03-21 18:42:48,329] {base_task_runner.py:101} INFO - Job 1825: Subtask print_date [2019-03-21 18:42:48,328] {cli.py:520} INFO - Running <TaskInstance: tutorial.print_date 2017-10-24T00:00:00+00:00 [running]> on host IADAIRP1.globalrs.rack.space
[2019-03-21 18:42:48,342] {bash_operator.py:77} INFO - Tmp dir root location: 
 /tmp
[2019-03-21 18:42:48,342] {bash_operator.py:86} INFO - Exporting the following env vars:
AIRFLOW_CTX_DAG_ID=tutorial
AIRFLOW_CTX_TASK_ID=print_date
AIRFLOW_CTX_EXECUTION_DATE=2017-10-24T00:00:00+00:00
AIRFLOW_CTX_DAG_RUN_ID=scheduled__2017-10-24T00:00:00+00:00
[2019-03-21 18:42:48,342] {bash_operator.py:100} INFO - Temporary script location: /tmp/airflowtmptlwywu_i/print_dateo87q1w_s
[2019-03-21 18:42:48,342] {bash_operator.py:110} INFO - Running command: date
[2019-03-21 18:42:48,348] {bash_operator.py:119} INFO - Output:
[2019-03-21 18:42:48,350] {bash_operator.py:123} INFO - Qui Mar 21 18:42:48 -03 2019
[2019-03-21 18:42:48,350] {bash_operator.py:127} INFO - Command exited with return code 0
[2019-03-21 18:42:52,420] {logging_mixin.py:95} INFO - [2019-03-21 18:42:52,419] {jobs.py:2527} INFO - Task exited with return code 0
