[2019-03-21 21:27:20,234] {models.py:1359} INFO - Dependencies all met for <TaskInstance: tutorial.print_date 2018-02-26T00:00:00+00:00 [queued]>
[2019-03-21 21:27:20,237] {models.py:1359} INFO - Dependencies all met for <TaskInstance: tutorial.print_date 2018-02-26T00:00:00+00:00 [queued]>
[2019-03-21 21:27:20,237] {models.py:1571} INFO - 
--------------------------------------------------------------------------------
Starting attempt 1 of 2
--------------------------------------------------------------------------------

[2019-03-21 21:27:20,252] {models.py:1593} INFO - Executing <Task(BashOperator): print_date> on 2018-02-26T00:00:00+00:00
[2019-03-21 21:27:20,252] {base_task_runner.py:118} INFO - Running: ['bash', '-c', 'airflow run tutorial print_date 2018-02-26T00:00:00+00:00 --job_id 2076 --raw -sd DAGS_FOLDER/tutorial.py --cfg_path /tmp/tmp92fx20yk']
[2019-03-21 21:27:20,883] {base_task_runner.py:101} INFO - Job 2076: Subtask print_date [2019-03-21 21:27:20,882] {__init__.py:51} INFO - Using executor SequentialExecutor
[2019-03-21 21:27:21,113] {base_task_runner.py:101} INFO - Job 2076: Subtask print_date [2019-03-21 21:27:21,112] {models.py:273} INFO - Filling up the DagBag from /home/rsandroni/airflow/dags/tutorial.py
[2019-03-21 21:27:21,128] {base_task_runner.py:101} INFO - Job 2076: Subtask print_date [2019-03-21 21:27:21,128] {cli.py:520} INFO - Running <TaskInstance: tutorial.print_date 2018-02-26T00:00:00+00:00 [running]> on host IADAIRP1.globalrs.rack.space
[2019-03-21 21:27:21,142] {bash_operator.py:77} INFO - Tmp dir root location: 
 /tmp
[2019-03-21 21:27:21,142] {bash_operator.py:86} INFO - Exporting the following env vars:
AIRFLOW_CTX_DAG_ID=tutorial
AIRFLOW_CTX_TASK_ID=print_date
AIRFLOW_CTX_EXECUTION_DATE=2018-02-26T00:00:00+00:00
AIRFLOW_CTX_DAG_RUN_ID=scheduled__2018-02-26T00:00:00+00:00
[2019-03-21 21:27:21,143] {bash_operator.py:100} INFO - Temporary script location: /tmp/airflowtmpcmj8cqcc/print_datelim2c382
[2019-03-21 21:27:21,143] {bash_operator.py:110} INFO - Running command: date
[2019-03-21 21:27:21,150] {bash_operator.py:119} INFO - Output:
[2019-03-21 21:27:21,151] {bash_operator.py:123} INFO - Qui Mar 21 21:27:21 -03 2019
[2019-03-21 21:27:21,151] {bash_operator.py:127} INFO - Command exited with return code 0
[2019-03-21 21:27:25,244] {logging_mixin.py:95} INFO - [2019-03-21 21:27:25,243] {jobs.py:2527} INFO - Task exited with return code 0
