[2019-03-22 05:42:27,223] {models.py:1359} INFO - Dependencies all met for <TaskInstance: tutorial.print_date 2019-03-09T00:00:00+00:00 [queued]>
[2019-03-22 05:42:27,227] {models.py:1359} INFO - Dependencies all met for <TaskInstance: tutorial.print_date 2019-03-09T00:00:00+00:00 [queued]>
[2019-03-22 05:42:27,227] {models.py:1571} INFO - 
--------------------------------------------------------------------------------
Starting attempt 1 of 2
--------------------------------------------------------------------------------

[2019-03-22 05:42:27,282] {models.py:1593} INFO - Executing <Task(BashOperator): print_date> on 2019-03-09T00:00:00+00:00
[2019-03-22 05:42:27,282] {base_task_runner.py:118} INFO - Running: ['bash', '-c', 'airflow run tutorial print_date 2019-03-09T00:00:00+00:00 --job_id 2828 --raw -sd DAGS_FOLDER/tutorial.py --cfg_path /tmp/tmpojdye75l']
[2019-03-22 05:42:28,794] {base_task_runner.py:101} INFO - Job 2828: Subtask print_date [2019-03-22 05:42:28,789] {__init__.py:51} INFO - Using executor SequentialExecutor
[2019-03-22 05:42:29,185] {base_task_runner.py:101} INFO - Job 2828: Subtask print_date [2019-03-22 05:42:29,177] {models.py:273} INFO - Filling up the DagBag from /home/rsandroni/airflow/dags/tutorial.py
[2019-03-22 05:42:29,225] {base_task_runner.py:101} INFO - Job 2828: Subtask print_date [2019-03-22 05:42:29,221] {cli.py:520} INFO - Running <TaskInstance: tutorial.print_date 2019-03-09T00:00:00+00:00 [running]> on host IADAIRP1.globalrs.rack.space
[2019-03-22 05:42:29,265] {bash_operator.py:77} INFO - Tmp dir root location: 
 /tmp
[2019-03-22 05:42:29,265] {bash_operator.py:86} INFO - Exporting the following env vars:
AIRFLOW_CTX_DAG_ID=tutorial
AIRFLOW_CTX_TASK_ID=print_date
AIRFLOW_CTX_EXECUTION_DATE=2019-03-09T00:00:00+00:00
AIRFLOW_CTX_DAG_RUN_ID=scheduled__2019-03-09T00:00:00+00:00
[2019-03-22 05:42:29,266] {bash_operator.py:100} INFO - Temporary script location: /tmp/airflowtmp4ho2c5u0/print_datensfaqe49
[2019-03-22 05:42:29,266] {bash_operator.py:110} INFO - Running command: date
[2019-03-22 05:42:29,331] {bash_operator.py:119} INFO - Output:
[2019-03-22 05:42:29,356] {bash_operator.py:123} INFO - Sex Mar 22 05:42:29 -03 2019
[2019-03-22 05:42:29,356] {bash_operator.py:127} INFO - Command exited with return code 0
[2019-03-22 05:42:32,242] {logging_mixin.py:95} INFO - [2019-03-22 05:42:32,241] {jobs.py:2527} INFO - Task exited with return code 0
