[2019-03-22 01:01:09,239] {models.py:1359} INFO - Dependencies all met for <TaskInstance: tutorial.templated 2018-08-07T00:00:00+00:00 [queued]>
[2019-03-22 01:01:09,244] {models.py:1359} INFO - Dependencies all met for <TaskInstance: tutorial.templated 2018-08-07T00:00:00+00:00 [queued]>
[2019-03-22 01:01:09,244] {models.py:1571} INFO - 
--------------------------------------------------------------------------------
Starting attempt 1 of 2
--------------------------------------------------------------------------------

[2019-03-22 01:01:09,262] {models.py:1593} INFO - Executing <Task(BashOperator): templated> on 2018-08-07T00:00:00+00:00
[2019-03-22 01:01:09,262] {base_task_runner.py:118} INFO - Running: ['bash', '-c', 'airflow run tutorial templated 2018-08-07T00:00:00+00:00 --job_id 2402 --raw -sd DAGS_FOLDER/example_dags/tutorial.py --cfg_path /tmp/tmpbdxahlh4']
[2019-03-22 01:01:09,981] {base_task_runner.py:101} INFO - Job 2402: Subtask templated [2019-03-22 01:01:09,980] {__init__.py:51} INFO - Using executor SequentialExecutor
[2019-03-22 01:01:10,324] {base_task_runner.py:101} INFO - Job 2402: Subtask templated [2019-03-22 01:01:10,318] {models.py:273} INFO - Filling up the DagBag from /home/rsandroni/airflow/dags/example_dags/tutorial.py
[2019-03-22 01:01:10,396] {base_task_runner.py:101} INFO - Job 2402: Subtask templated [2019-03-22 01:01:10,395] {cli.py:520} INFO - Running <TaskInstance: tutorial.templated 2018-08-07T00:00:00+00:00 [running]> on host IADAIRP1.globalrs.rack.space
[2019-03-22 01:01:10,418] {bash_operator.py:77} INFO - Tmp dir root location: 
 /tmp
[2019-03-22 01:01:10,418] {bash_operator.py:86} INFO - Exporting the following env vars:
AIRFLOW_CTX_DAG_ID=tutorial
AIRFLOW_CTX_TASK_ID=templated
AIRFLOW_CTX_EXECUTION_DATE=2018-08-07T00:00:00+00:00
AIRFLOW_CTX_DAG_RUN_ID=scheduled__2018-08-07T00:00:00+00:00
[2019-03-22 01:01:10,419] {bash_operator.py:100} INFO - Temporary script location: /tmp/airflowtmp_4fimt41/templated_oannvvs
[2019-03-22 01:01:10,419] {bash_operator.py:110} INFO - Running command: 

    echo "2018-08-07"
    echo "2018-08-14"
    echo "Parameter I passed in"

    echo "2018-08-07"
    echo "2018-08-14"
    echo "Parameter I passed in"

    echo "2018-08-07"
    echo "2018-08-14"
    echo "Parameter I passed in"

    echo "2018-08-07"
    echo "2018-08-14"
    echo "Parameter I passed in"

    echo "2018-08-07"
    echo "2018-08-14"
    echo "Parameter I passed in"

[2019-03-22 01:01:10,432] {bash_operator.py:119} INFO - Output:
[2019-03-22 01:01:10,433] {bash_operator.py:123} INFO - 2018-08-07
[2019-03-22 01:01:10,433] {bash_operator.py:123} INFO - 2018-08-14
[2019-03-22 01:01:10,433] {bash_operator.py:123} INFO - Parameter I passed in
[2019-03-22 01:01:10,434] {bash_operator.py:123} INFO - 2018-08-07
[2019-03-22 01:01:10,434] {bash_operator.py:123} INFO - 2018-08-14
[2019-03-22 01:01:10,434] {bash_operator.py:123} INFO - Parameter I passed in
[2019-03-22 01:01:10,434] {bash_operator.py:123} INFO - 2018-08-07
[2019-03-22 01:01:10,434] {bash_operator.py:123} INFO - 2018-08-14
[2019-03-22 01:01:10,434] {bash_operator.py:123} INFO - Parameter I passed in
[2019-03-22 01:01:10,434] {bash_operator.py:123} INFO - 2018-08-07
[2019-03-22 01:01:10,434] {bash_operator.py:123} INFO - 2018-08-14
[2019-03-22 01:01:10,434] {bash_operator.py:123} INFO - Parameter I passed in
[2019-03-22 01:01:10,434] {bash_operator.py:123} INFO - 2018-08-07
[2019-03-22 01:01:10,434] {bash_operator.py:123} INFO - 2018-08-14
[2019-03-22 01:01:10,434] {bash_operator.py:123} INFO - Parameter I passed in
[2019-03-22 01:01:10,434] {bash_operator.py:127} INFO - Command exited with return code 0
[2019-03-22 01:01:14,255] {logging_mixin.py:95} INFO - [2019-03-22 01:01:14,254] {jobs.py:2527} INFO - Task exited with return code 0
