[2019-03-21 17:28:09,843] {models.py:1359} INFO - Dependencies all met for <TaskInstance: tutorial.templated 2017-07-11T00:00:00+00:00 [queued]>
[2019-03-21 17:28:09,847] {models.py:1359} INFO - Dependencies all met for <TaskInstance: tutorial.templated 2017-07-11T00:00:00+00:00 [queued]>
[2019-03-21 17:28:09,847] {models.py:1571} INFO - 
--------------------------------------------------------------------------------
Starting attempt 1 of 2
--------------------------------------------------------------------------------

[2019-03-21 17:28:09,860] {models.py:1593} INFO - Executing <Task(BashOperator): templated> on 2017-07-11T00:00:00+00:00
[2019-03-21 17:28:09,861] {base_task_runner.py:118} INFO - Running: ['bash', '-c', 'airflow run tutorial templated 2017-07-11T00:00:00+00:00 --job_id 1581 --raw -sd DAGS_FOLDER/example_dags/tutorial.py --cfg_path /tmp/tmppoqqnits']
[2019-03-21 17:28:10,551] {base_task_runner.py:101} INFO - Job 1581: Subtask templated [2019-03-21 17:28:10,550] {__init__.py:51} INFO - Using executor SequentialExecutor
[2019-03-21 17:28:10,886] {base_task_runner.py:101} INFO - Job 1581: Subtask templated [2019-03-21 17:28:10,883] {models.py:273} INFO - Filling up the DagBag from /home/rsandroni/airflow/dags/example_dags/tutorial.py
[2019-03-21 17:28:10,965] {base_task_runner.py:101} INFO - Job 1581: Subtask templated [2019-03-21 17:28:10,961] {cli.py:520} INFO - Running <TaskInstance: tutorial.templated 2017-07-11T00:00:00+00:00 [running]> on host IADAIRP1.globalrs.rack.space
[2019-03-21 17:28:10,994] {bash_operator.py:77} INFO - Tmp dir root location: 
 /tmp
[2019-03-21 17:28:10,995] {bash_operator.py:86} INFO - Exporting the following env vars:
AIRFLOW_CTX_DAG_ID=tutorial
AIRFLOW_CTX_TASK_ID=templated
AIRFLOW_CTX_EXECUTION_DATE=2017-07-11T00:00:00+00:00
AIRFLOW_CTX_DAG_RUN_ID=scheduled__2017-07-11T00:00:00+00:00
[2019-03-21 17:28:10,995] {bash_operator.py:100} INFO - Temporary script location: /tmp/airflowtmpd68by9zl/templatedgwso5tob
[2019-03-21 17:28:10,995] {bash_operator.py:110} INFO - Running command: 

    echo "2017-07-11"
    echo "2017-07-18"
    echo "Parameter I passed in"

    echo "2017-07-11"
    echo "2017-07-18"
    echo "Parameter I passed in"

    echo "2017-07-11"
    echo "2017-07-18"
    echo "Parameter I passed in"

    echo "2017-07-11"
    echo "2017-07-18"
    echo "Parameter I passed in"

    echo "2017-07-11"
    echo "2017-07-18"
    echo "Parameter I passed in"

[2019-03-21 17:28:11,021] {bash_operator.py:119} INFO - Output:
[2019-03-21 17:28:11,022] {bash_operator.py:123} INFO - 2017-07-11
[2019-03-21 17:28:11,022] {bash_operator.py:123} INFO - 2017-07-18
[2019-03-21 17:28:11,022] {bash_operator.py:123} INFO - Parameter I passed in
[2019-03-21 17:28:11,022] {bash_operator.py:123} INFO - 2017-07-11
[2019-03-21 17:28:11,022] {bash_operator.py:123} INFO - 2017-07-18
[2019-03-21 17:28:11,022] {bash_operator.py:123} INFO - Parameter I passed in
[2019-03-21 17:28:11,022] {bash_operator.py:123} INFO - 2017-07-11
[2019-03-21 17:28:11,022] {bash_operator.py:123} INFO - 2017-07-18
[2019-03-21 17:28:11,022] {bash_operator.py:123} INFO - Parameter I passed in
[2019-03-21 17:28:11,022] {bash_operator.py:123} INFO - 2017-07-11
[2019-03-21 17:28:11,022] {bash_operator.py:123} INFO - 2017-07-18
[2019-03-21 17:28:11,023] {bash_operator.py:123} INFO - Parameter I passed in
[2019-03-21 17:28:11,023] {bash_operator.py:123} INFO - 2017-07-11
[2019-03-21 17:28:11,023] {bash_operator.py:123} INFO - 2017-07-18
[2019-03-21 17:28:11,023] {bash_operator.py:123} INFO - Parameter I passed in
[2019-03-21 17:28:11,023] {bash_operator.py:127} INFO - Command exited with return code 0
[2019-03-21 17:28:14,845] {logging_mixin.py:95} INFO - [2019-03-21 17:28:14,844] {jobs.py:2527} INFO - Task exited with return code 0
