[2019-03-22 03:19:15,151] {models.py:1359} INFO - Dependencies all met for <TaskInstance: tutorial.print_date 2018-11-21T00:00:00+00:00 [queued]>
[2019-03-22 03:19:15,155] {models.py:1359} INFO - Dependencies all met for <TaskInstance: tutorial.print_date 2018-11-21T00:00:00+00:00 [queued]>
[2019-03-22 03:19:15,155] {models.py:1571} INFO - 
--------------------------------------------------------------------------------
Starting attempt 1 of 2
--------------------------------------------------------------------------------

[2019-03-22 03:19:15,189] {models.py:1593} INFO - Executing <Task(BashOperator): print_date> on 2018-11-21T00:00:00+00:00
[2019-03-22 03:19:15,190] {base_task_runner.py:118} INFO - Running: ['bash', '-c', 'airflow run tutorial print_date 2018-11-21T00:00:00+00:00 --job_id 2612 --raw -sd DAGS_FOLDER/tutorial.py --cfg_path /tmp/tmpaap34nwb']
[2019-03-22 03:19:15,993] {base_task_runner.py:101} INFO - Job 2612: Subtask print_date [2019-03-22 03:19:15,988] {__init__.py:51} INFO - Using executor SequentialExecutor
[2019-03-22 03:19:16,404] {base_task_runner.py:101} INFO - Job 2612: Subtask print_date [2019-03-22 03:19:16,401] {models.py:273} INFO - Filling up the DagBag from /home/rsandroni/airflow/dags/tutorial.py
[2019-03-22 03:19:16,443] {base_task_runner.py:101} INFO - Job 2612: Subtask print_date [2019-03-22 03:19:16,440] {cli.py:520} INFO - Running <TaskInstance: tutorial.print_date 2018-11-21T00:00:00+00:00 [running]> on host IADAIRP1.globalrs.rack.space
[2019-03-22 03:19:16,477] {bash_operator.py:77} INFO - Tmp dir root location: 
 /tmp
[2019-03-22 03:19:16,477] {bash_operator.py:86} INFO - Exporting the following env vars:
AIRFLOW_CTX_DAG_ID=tutorial
AIRFLOW_CTX_TASK_ID=print_date
AIRFLOW_CTX_EXECUTION_DATE=2018-11-21T00:00:00+00:00
AIRFLOW_CTX_DAG_RUN_ID=scheduled__2018-11-21T00:00:00+00:00
[2019-03-22 03:19:16,478] {bash_operator.py:100} INFO - Temporary script location: /tmp/airflowtmpc0os38zx/print_datecii6eeii
[2019-03-22 03:19:16,478] {bash_operator.py:110} INFO - Running command: date
[2019-03-22 03:19:16,533] {bash_operator.py:119} INFO - Output:
[2019-03-22 03:19:16,550] {bash_operator.py:123} INFO - Sex Mar 22 03:19:16 -03 2019
[2019-03-22 03:19:16,558] {bash_operator.py:127} INFO - Command exited with return code 0
[2019-03-22 03:19:20,157] {logging_mixin.py:95} INFO - [2019-03-22 03:19:20,156] {jobs.py:2527} INFO - Task exited with return code 0
