[2019-03-19 10:36:57,210] {models.py:1359} INFO - Dependencies all met for <TaskInstance: tutorial.print_date 2015-07-15T00:00:00+00:00 [queued]>
[2019-03-19 10:36:57,212] {models.py:1359} INFO - Dependencies all met for <TaskInstance: tutorial.print_date 2015-07-15T00:00:00+00:00 [queued]>
[2019-03-19 10:36:57,212] {models.py:1571} INFO - 
--------------------------------------------------------------------------------
Starting attempt 1 of 2
--------------------------------------------------------------------------------

[2019-03-19 10:36:57,228] {models.py:1593} INFO - Executing <Task(BashOperator): print_date> on 2015-07-15T00:00:00+00:00
[2019-03-19 10:36:57,228] {base_task_runner.py:118} INFO - Running: ['bash', '-c', 'airflow run tutorial print_date 2015-07-15T00:00:00+00:00 --job_id 93 --raw -sd DAGS_FOLDER/tutorial.py --cfg_path /tmp/tmpy5odip73']
[2019-03-19 10:36:57,830] {base_task_runner.py:101} INFO - Job 93: Subtask print_date [2019-03-19 10:36:57,829] {__init__.py:51} INFO - Using executor SequentialExecutor
[2019-03-19 10:36:58,051] {base_task_runner.py:101} INFO - Job 93: Subtask print_date [2019-03-19 10:36:58,051] {models.py:273} INFO - Filling up the DagBag from /home/rsandroni/airflow/dags/tutorial.py
[2019-03-19 10:36:58,066] {base_task_runner.py:101} INFO - Job 93: Subtask print_date [2019-03-19 10:36:58,065] {cli.py:520} INFO - Running <TaskInstance: tutorial.print_date 2015-07-15T00:00:00+00:00 [running]> on host IADAIRP1.globalrs.rack.space
[2019-03-19 10:36:58,078] {bash_operator.py:77} INFO - Tmp dir root location: 
 /tmp
[2019-03-19 10:36:58,078] {bash_operator.py:86} INFO - Exporting the following env vars:
AIRFLOW_CTX_DAG_ID=tutorial
AIRFLOW_CTX_TASK_ID=print_date
AIRFLOW_CTX_EXECUTION_DATE=2015-07-15T00:00:00+00:00
AIRFLOW_CTX_DAG_RUN_ID=scheduled__2015-07-15T00:00:00+00:00
[2019-03-19 10:36:58,079] {bash_operator.py:100} INFO - Temporary script location: /tmp/airflowtmpfth2nhqz/print_date1xfetjn1
[2019-03-19 10:36:58,079] {bash_operator.py:110} INFO - Running command: date
[2019-03-19 10:36:58,084] {bash_operator.py:119} INFO - Output:
[2019-03-19 10:36:58,086] {bash_operator.py:123} INFO - Ter Mar 19 10:36:58 -03 2019
[2019-03-19 10:36:58,086] {bash_operator.py:127} INFO - Command exited with return code 0
[2019-03-19 10:37:02,217] {logging_mixin.py:95} INFO - [2019-03-19 10:37:02,216] {jobs.py:2527} INFO - Task exited with return code 0
