[2019-03-21 18:26:36,976] {models.py:1359} INFO - Dependencies all met for <TaskInstance: tutorial.templated 2017-10-10T00:00:00+00:00 [queued]>
[2019-03-21 18:26:36,980] {models.py:1359} INFO - Dependencies all met for <TaskInstance: tutorial.templated 2017-10-10T00:00:00+00:00 [queued]>
[2019-03-21 18:26:36,980] {models.py:1571} INFO - 
--------------------------------------------------------------------------------
Starting attempt 1 of 2
--------------------------------------------------------------------------------

[2019-03-21 18:26:36,992] {models.py:1593} INFO - Executing <Task(BashOperator): templated> on 2017-10-10T00:00:00+00:00
[2019-03-21 18:26:36,992] {base_task_runner.py:118} INFO - Running: ['bash', '-c', 'airflow run tutorial templated 2017-10-10T00:00:00+00:00 --job_id 1799 --raw -sd DAGS_FOLDER/example_dags/tutorial.py --cfg_path /tmp/tmpmr3ati8l']
[2019-03-21 18:26:37,629] {base_task_runner.py:101} INFO - Job 1799: Subtask templated [2019-03-21 18:26:37,628] {__init__.py:51} INFO - Using executor SequentialExecutor
[2019-03-21 18:26:37,856] {base_task_runner.py:101} INFO - Job 1799: Subtask templated [2019-03-21 18:26:37,855] {models.py:273} INFO - Filling up the DagBag from /home/rsandroni/airflow/dags/example_dags/tutorial.py
[2019-03-21 18:26:37,920] {base_task_runner.py:101} INFO - Job 1799: Subtask templated [2019-03-21 18:26:37,919] {cli.py:520} INFO - Running <TaskInstance: tutorial.templated 2017-10-10T00:00:00+00:00 [running]> on host IADAIRP1.globalrs.rack.space
[2019-03-21 18:26:37,935] {bash_operator.py:77} INFO - Tmp dir root location: 
 /tmp
[2019-03-21 18:26:37,936] {bash_operator.py:86} INFO - Exporting the following env vars:
AIRFLOW_CTX_DAG_ID=tutorial
AIRFLOW_CTX_TASK_ID=templated
AIRFLOW_CTX_EXECUTION_DATE=2017-10-10T00:00:00+00:00
AIRFLOW_CTX_DAG_RUN_ID=scheduled__2017-10-10T00:00:00+00:00
[2019-03-21 18:26:37,936] {bash_operator.py:100} INFO - Temporary script location: /tmp/airflowtmpemnju0bk/templatedzcvpcu6v
[2019-03-21 18:26:37,936] {bash_operator.py:110} INFO - Running command: 

    echo "2017-10-10"
    echo "2017-10-17"
    echo "Parameter I passed in"

    echo "2017-10-10"
    echo "2017-10-17"
    echo "Parameter I passed in"

    echo "2017-10-10"
    echo "2017-10-17"
    echo "Parameter I passed in"

    echo "2017-10-10"
    echo "2017-10-17"
    echo "Parameter I passed in"

    echo "2017-10-10"
    echo "2017-10-17"
    echo "Parameter I passed in"

[2019-03-21 18:26:37,942] {bash_operator.py:119} INFO - Output:
[2019-03-21 18:26:37,943] {bash_operator.py:123} INFO - 2017-10-10
[2019-03-21 18:26:37,943] {bash_operator.py:123} INFO - 2017-10-17
[2019-03-21 18:26:37,943] {bash_operator.py:123} INFO - Parameter I passed in
[2019-03-21 18:26:37,943] {bash_operator.py:123} INFO - 2017-10-10
[2019-03-21 18:26:37,943] {bash_operator.py:123} INFO - 2017-10-17
[2019-03-21 18:26:37,943] {bash_operator.py:123} INFO - Parameter I passed in
[2019-03-21 18:26:37,943] {bash_operator.py:123} INFO - 2017-10-10
[2019-03-21 18:26:37,943] {bash_operator.py:123} INFO - 2017-10-17
[2019-03-21 18:26:37,944] {bash_operator.py:123} INFO - Parameter I passed in
[2019-03-21 18:26:37,944] {bash_operator.py:123} INFO - 2017-10-10
[2019-03-21 18:26:37,944] {bash_operator.py:123} INFO - 2017-10-17
[2019-03-21 18:26:37,944] {bash_operator.py:123} INFO - Parameter I passed in
[2019-03-21 18:26:37,944] {bash_operator.py:123} INFO - 2017-10-10
[2019-03-21 18:26:37,944] {bash_operator.py:123} INFO - 2017-10-17
[2019-03-21 18:26:37,944] {bash_operator.py:123} INFO - Parameter I passed in
[2019-03-21 18:26:37,944] {bash_operator.py:127} INFO - Command exited with return code 0
[2019-03-21 18:26:41,981] {logging_mixin.py:95} INFO - [2019-03-21 18:26:41,980] {jobs.py:2527} INFO - Task exited with return code 0
