[2019-03-21 23:37:16,128] {models.py:1359} INFO - Dependencies all met for <TaskInstance: tutorial.print_date 2018-06-07T00:00:00+00:00 [queued]>
[2019-03-21 23:37:16,131] {models.py:1359} INFO - Dependencies all met for <TaskInstance: tutorial.print_date 2018-06-07T00:00:00+00:00 [queued]>
[2019-03-21 23:37:16,131] {models.py:1571} INFO - 
--------------------------------------------------------------------------------
Starting attempt 1 of 2
--------------------------------------------------------------------------------

[2019-03-21 23:37:16,147] {models.py:1593} INFO - Executing <Task(BashOperator): print_date> on 2018-06-07T00:00:00+00:00
[2019-03-21 23:37:16,147] {base_task_runner.py:118} INFO - Running: ['bash', '-c', 'airflow run tutorial print_date 2018-06-07T00:00:00+00:00 --job_id 2277 --raw -sd DAGS_FOLDER/tutorial.py --cfg_path /tmp/tmpgr23evj2']
[2019-03-21 23:37:16,782] {base_task_runner.py:101} INFO - Job 2277: Subtask print_date [2019-03-21 23:37:16,781] {__init__.py:51} INFO - Using executor SequentialExecutor
[2019-03-21 23:37:17,011] {base_task_runner.py:101} INFO - Job 2277: Subtask print_date [2019-03-21 23:37:17,010] {models.py:273} INFO - Filling up the DagBag from /home/rsandroni/airflow/dags/tutorial.py
[2019-03-21 23:37:17,026] {base_task_runner.py:101} INFO - Job 2277: Subtask print_date [2019-03-21 23:37:17,025] {cli.py:520} INFO - Running <TaskInstance: tutorial.print_date 2018-06-07T00:00:00+00:00 [running]> on host IADAIRP1.globalrs.rack.space
[2019-03-21 23:37:17,039] {bash_operator.py:77} INFO - Tmp dir root location: 
 /tmp
[2019-03-21 23:37:17,039] {bash_operator.py:86} INFO - Exporting the following env vars:
AIRFLOW_CTX_DAG_ID=tutorial
AIRFLOW_CTX_TASK_ID=print_date
AIRFLOW_CTX_EXECUTION_DATE=2018-06-07T00:00:00+00:00
AIRFLOW_CTX_DAG_RUN_ID=scheduled__2018-06-07T00:00:00+00:00
[2019-03-21 23:37:17,040] {bash_operator.py:100} INFO - Temporary script location: /tmp/airflowtmpocdzpuyj/print_date5sxm559o
[2019-03-21 23:37:17,040] {bash_operator.py:110} INFO - Running command: date
[2019-03-21 23:37:17,045] {bash_operator.py:119} INFO - Output:
[2019-03-21 23:37:17,047] {bash_operator.py:123} INFO - Qui Mar 21 23:37:17 -03 2019
[2019-03-21 23:37:17,047] {bash_operator.py:127} INFO - Command exited with return code 0
[2019-03-21 23:37:21,133] {logging_mixin.py:95} INFO - [2019-03-21 23:37:21,132] {jobs.py:2527} INFO - Task exited with return code 0
