[2019-03-19 10:54:07,183] {models.py:1359} INFO - Dependencies all met for <TaskInstance: tutorial.print_date 2015-08-16T00:00:00+00:00 [queued]>
[2019-03-19 10:54:07,185] {models.py:1359} INFO - Dependencies all met for <TaskInstance: tutorial.print_date 2015-08-16T00:00:00+00:00 [queued]>
[2019-03-19 10:54:07,185] {models.py:1571} INFO - 
--------------------------------------------------------------------------------
Starting attempt 1 of 2
--------------------------------------------------------------------------------

[2019-03-19 10:54:07,204] {models.py:1593} INFO - Executing <Task(BashOperator): print_date> on 2015-08-16T00:00:00+00:00
[2019-03-19 10:54:07,204] {base_task_runner.py:118} INFO - Running: ['bash', '-c', 'airflow run tutorial print_date 2015-08-16T00:00:00+00:00 --job_id 157 --raw -sd DAGS_FOLDER/tutorial.py --cfg_path /tmp/tmpztdaw4oz']
[2019-03-19 10:54:07,809] {base_task_runner.py:101} INFO - Job 157: Subtask print_date [2019-03-19 10:54:07,808] {__init__.py:51} INFO - Using executor SequentialExecutor
[2019-03-19 10:54:08,031] {base_task_runner.py:101} INFO - Job 157: Subtask print_date [2019-03-19 10:54:08,031] {models.py:273} INFO - Filling up the DagBag from /home/rsandroni/airflow/dags/tutorial.py
[2019-03-19 10:54:08,046] {base_task_runner.py:101} INFO - Job 157: Subtask print_date [2019-03-19 10:54:08,046] {cli.py:520} INFO - Running <TaskInstance: tutorial.print_date 2015-08-16T00:00:00+00:00 [running]> on host IADAIRP1.globalrs.rack.space
[2019-03-19 10:54:08,060] {bash_operator.py:77} INFO - Tmp dir root location: 
 /tmp
[2019-03-19 10:54:08,060] {bash_operator.py:86} INFO - Exporting the following env vars:
AIRFLOW_CTX_DAG_ID=tutorial
AIRFLOW_CTX_TASK_ID=print_date
AIRFLOW_CTX_EXECUTION_DATE=2015-08-16T00:00:00+00:00
AIRFLOW_CTX_DAG_RUN_ID=scheduled__2015-08-16T00:00:00+00:00
[2019-03-19 10:54:08,060] {bash_operator.py:100} INFO - Temporary script location: /tmp/airflowtmppctzegc2/print_dateicmnre70
[2019-03-19 10:54:08,060] {bash_operator.py:110} INFO - Running command: date
[2019-03-19 10:54:08,065] {bash_operator.py:119} INFO - Output:
[2019-03-19 10:54:08,067] {bash_operator.py:123} INFO - Ter Mar 19 10:54:08 -03 2019
[2019-03-19 10:54:08,068] {bash_operator.py:127} INFO - Command exited with return code 0
[2019-03-19 10:54:12,189] {logging_mixin.py:95} INFO - [2019-03-19 10:54:12,189] {jobs.py:2527} INFO - Task exited with return code 0
