[2019-03-22 05:31:12,542] {models.py:1359} INFO - Dependencies all met for <TaskInstance: tutorial.templated 2019-02-28T00:00:00+00:00 [queued]>
[2019-03-22 05:31:12,547] {models.py:1359} INFO - Dependencies all met for <TaskInstance: tutorial.templated 2019-02-28T00:00:00+00:00 [queued]>
[2019-03-22 05:31:12,547] {models.py:1571} INFO - 
--------------------------------------------------------------------------------
Starting attempt 1 of 2
--------------------------------------------------------------------------------

[2019-03-22 05:31:12,608] {models.py:1593} INFO - Executing <Task(BashOperator): templated> on 2019-02-28T00:00:00+00:00
[2019-03-22 05:31:12,608] {base_task_runner.py:118} INFO - Running: ['bash', '-c', 'airflow run tutorial templated 2019-02-28T00:00:00+00:00 --job_id 2811 --raw -sd DAGS_FOLDER/example_dags/tutorial.py --cfg_path /tmp/tmp7apwa59t']
[2019-03-22 05:31:16,038] {base_task_runner.py:101} INFO - Job 2811: Subtask templated [2019-03-22 05:31:16,037] {__init__.py:51} INFO - Using executor SequentialExecutor
[2019-03-22 05:31:17,057] {base_task_runner.py:101} INFO - Job 2811: Subtask templated [2019-03-22 05:31:17,051] {models.py:273} INFO - Filling up the DagBag from /home/rsandroni/airflow/dags/example_dags/tutorial.py
[2019-03-22 05:31:17,382] {base_task_runner.py:101} INFO - Job 2811: Subtask templated [2019-03-22 05:31:17,376] {cli.py:520} INFO - Running <TaskInstance: tutorial.templated 2019-02-28T00:00:00+00:00 [running]> on host IADAIRP1.globalrs.rack.space
[2019-03-22 05:31:17,416] {bash_operator.py:77} INFO - Tmp dir root location: 
 /tmp
[2019-03-22 05:31:17,416] {bash_operator.py:86} INFO - Exporting the following env vars:
AIRFLOW_CTX_DAG_ID=tutorial
AIRFLOW_CTX_TASK_ID=templated
AIRFLOW_CTX_EXECUTION_DATE=2019-02-28T00:00:00+00:00
AIRFLOW_CTX_DAG_RUN_ID=scheduled__2019-02-28T00:00:00+00:00
[2019-03-22 05:31:17,417] {bash_operator.py:100} INFO - Temporary script location: /tmp/airflowtmpmt45oa2f/templatedj866fcqj
[2019-03-22 05:31:17,417] {bash_operator.py:110} INFO - Running command: 

    echo "2019-02-28"
    echo "2019-03-07"
    echo "Parameter I passed in"

    echo "2019-02-28"
    echo "2019-03-07"
    echo "Parameter I passed in"

    echo "2019-02-28"
    echo "2019-03-07"
    echo "Parameter I passed in"

    echo "2019-02-28"
    echo "2019-03-07"
    echo "Parameter I passed in"

    echo "2019-02-28"
    echo "2019-03-07"
    echo "Parameter I passed in"

[2019-03-22 05:31:17,455] {bash_operator.py:119} INFO - Output:
[2019-03-22 05:31:17,456] {bash_operator.py:123} INFO - 2019-02-28
[2019-03-22 05:31:17,456] {bash_operator.py:123} INFO - 2019-03-07
[2019-03-22 05:31:17,456] {bash_operator.py:123} INFO - Parameter I passed in
[2019-03-22 05:31:17,456] {bash_operator.py:123} INFO - 2019-02-28
[2019-03-22 05:31:17,456] {bash_operator.py:123} INFO - 2019-03-07
[2019-03-22 05:31:17,456] {bash_operator.py:123} INFO - Parameter I passed in
[2019-03-22 05:31:17,456] {bash_operator.py:123} INFO - 2019-02-28
[2019-03-22 05:31:17,456] {bash_operator.py:123} INFO - 2019-03-07
[2019-03-22 05:31:17,456] {bash_operator.py:123} INFO - Parameter I passed in
[2019-03-22 05:31:17,456] {bash_operator.py:123} INFO - 2019-02-28
[2019-03-22 05:31:17,456] {bash_operator.py:123} INFO - 2019-03-07
[2019-03-22 05:31:17,456] {bash_operator.py:123} INFO - Parameter I passed in
[2019-03-22 05:31:17,456] {bash_operator.py:123} INFO - 2019-02-28
[2019-03-22 05:31:17,456] {bash_operator.py:123} INFO - 2019-03-07
[2019-03-22 05:31:17,456] {bash_operator.py:123} INFO - Parameter I passed in
[2019-03-22 05:31:17,456] {bash_operator.py:127} INFO - Command exited with return code 0
[2019-03-22 05:31:22,577] {logging_mixin.py:95} INFO - [2019-03-22 05:31:22,576] {jobs.py:2527} INFO - Task exited with return code 0
