[2019-03-22 03:55:43,929] {models.py:1359} INFO - Dependencies all met for <TaskInstance: tutorial.templated 2018-12-17T00:00:00+00:00 [queued]>
[2019-03-22 03:55:43,937] {models.py:1359} INFO - Dependencies all met for <TaskInstance: tutorial.templated 2018-12-17T00:00:00+00:00 [queued]>
[2019-03-22 03:55:43,938] {models.py:1571} INFO - 
--------------------------------------------------------------------------------
Starting attempt 1 of 2
--------------------------------------------------------------------------------

[2019-03-22 03:55:44,001] {models.py:1593} INFO - Executing <Task(BashOperator): templated> on 2018-12-17T00:00:00+00:00
[2019-03-22 03:55:44,001] {base_task_runner.py:118} INFO - Running: ['bash', '-c', 'airflow run tutorial templated 2018-12-17T00:00:00+00:00 --job_id 2666 --raw -sd DAGS_FOLDER/example_dags/tutorial.py --cfg_path /tmp/tmpeuji6avn']
[2019-03-22 03:55:46,388] {base_task_runner.py:101} INFO - Job 2666: Subtask templated [2019-03-22 03:55:46,387] {__init__.py:51} INFO - Using executor SequentialExecutor
[2019-03-22 03:55:46,788] {base_task_runner.py:101} INFO - Job 2666: Subtask templated [2019-03-22 03:55:46,781] {models.py:273} INFO - Filling up the DagBag from /home/rsandroni/airflow/dags/example_dags/tutorial.py
[2019-03-22 03:55:46,927] {base_task_runner.py:101} INFO - Job 2666: Subtask templated [2019-03-22 03:55:46,923] {cli.py:520} INFO - Running <TaskInstance: tutorial.templated 2018-12-17T00:00:00+00:00 [running]> on host IADAIRP1.globalrs.rack.space
[2019-03-22 03:55:46,975] {bash_operator.py:77} INFO - Tmp dir root location: 
 /tmp
[2019-03-22 03:55:46,975] {bash_operator.py:86} INFO - Exporting the following env vars:
AIRFLOW_CTX_DAG_ID=tutorial
AIRFLOW_CTX_TASK_ID=templated
AIRFLOW_CTX_EXECUTION_DATE=2018-12-17T00:00:00+00:00
AIRFLOW_CTX_DAG_RUN_ID=scheduled__2018-12-17T00:00:00+00:00
[2019-03-22 03:55:46,976] {bash_operator.py:100} INFO - Temporary script location: /tmp/airflowtmpqknxpk2u/templatedj34631r3
[2019-03-22 03:55:46,976] {bash_operator.py:110} INFO - Running command: 

    echo "2018-12-17"
    echo "2018-12-24"
    echo "Parameter I passed in"

    echo "2018-12-17"
    echo "2018-12-24"
    echo "Parameter I passed in"

    echo "2018-12-17"
    echo "2018-12-24"
    echo "Parameter I passed in"

    echo "2018-12-17"
    echo "2018-12-24"
    echo "Parameter I passed in"

    echo "2018-12-17"
    echo "2018-12-24"
    echo "Parameter I passed in"

[2019-03-22 03:55:47,038] {bash_operator.py:119} INFO - Output:
[2019-03-22 03:55:47,049] {bash_operator.py:123} INFO - 2018-12-17
[2019-03-22 03:55:47,049] {bash_operator.py:123} INFO - 2018-12-24
[2019-03-22 03:55:47,049] {bash_operator.py:123} INFO - Parameter I passed in
[2019-03-22 03:55:47,049] {bash_operator.py:123} INFO - 2018-12-17
[2019-03-22 03:55:47,049] {bash_operator.py:123} INFO - 2018-12-24
[2019-03-22 03:55:47,049] {bash_operator.py:123} INFO - Parameter I passed in
[2019-03-22 03:55:47,049] {bash_operator.py:123} INFO - 2018-12-17
[2019-03-22 03:55:47,049] {bash_operator.py:123} INFO - 2018-12-24
[2019-03-22 03:55:47,049] {bash_operator.py:123} INFO - Parameter I passed in
[2019-03-22 03:55:47,050] {bash_operator.py:123} INFO - 2018-12-17
[2019-03-22 03:55:47,050] {bash_operator.py:123} INFO - 2018-12-24
[2019-03-22 03:55:47,050] {bash_operator.py:123} INFO - Parameter I passed in
[2019-03-22 03:55:47,050] {bash_operator.py:123} INFO - 2018-12-17
[2019-03-22 03:55:47,050] {bash_operator.py:123} INFO - 2018-12-24
[2019-03-22 03:55:47,050] {bash_operator.py:123} INFO - Parameter I passed in
[2019-03-22 03:55:47,050] {bash_operator.py:127} INFO - Command exited with return code 0
[2019-03-22 03:55:48,868] {logging_mixin.py:95} INFO - [2019-03-22 03:55:48,868] {jobs.py:2527} INFO - Task exited with return code 0
