[2019-03-21 17:44:08,825] {models.py:1359} INFO - Dependencies all met for <TaskInstance: tutorial.templated 2017-08-04T00:00:00+00:00 [queued]>
[2019-03-21 17:44:08,831] {models.py:1359} INFO - Dependencies all met for <TaskInstance: tutorial.templated 2017-08-04T00:00:00+00:00 [queued]>
[2019-03-21 17:44:08,832] {models.py:1571} INFO - 
--------------------------------------------------------------------------------
Starting attempt 1 of 2
--------------------------------------------------------------------------------

[2019-03-21 17:44:08,918] {models.py:1593} INFO - Executing <Task(BashOperator): templated> on 2017-08-04T00:00:00+00:00
[2019-03-21 17:44:08,918] {base_task_runner.py:118} INFO - Running: ['bash', '-c', 'airflow run tutorial templated 2017-08-04T00:00:00+00:00 --job_id 1641 --raw -sd DAGS_FOLDER/example_dags/tutorial.py --cfg_path /tmp/tmp_80sigmj']
[2019-03-21 17:44:09,924] {base_task_runner.py:101} INFO - Job 1641: Subtask templated [2019-03-21 17:44:09,923] {__init__.py:51} INFO - Using executor SequentialExecutor
[2019-03-21 17:44:10,380] {base_task_runner.py:101} INFO - Job 1641: Subtask templated [2019-03-21 17:44:10,379] {models.py:273} INFO - Filling up the DagBag from /home/rsandroni/airflow/dags/example_dags/tutorial.py
[2019-03-21 17:44:10,464] {base_task_runner.py:101} INFO - Job 1641: Subtask templated [2019-03-21 17:44:10,454] {cli.py:520} INFO - Running <TaskInstance: tutorial.templated 2017-08-04T00:00:00+00:00 [running]> on host IADAIRP1.globalrs.rack.space
[2019-03-21 17:44:10,489] {bash_operator.py:77} INFO - Tmp dir root location: 
 /tmp
[2019-03-21 17:44:10,490] {bash_operator.py:86} INFO - Exporting the following env vars:
AIRFLOW_CTX_DAG_ID=tutorial
AIRFLOW_CTX_TASK_ID=templated
AIRFLOW_CTX_EXECUTION_DATE=2017-08-04T00:00:00+00:00
AIRFLOW_CTX_DAG_RUN_ID=scheduled__2017-08-04T00:00:00+00:00
[2019-03-21 17:44:10,491] {bash_operator.py:100} INFO - Temporary script location: /tmp/airflowtmpcj06n4bv/templatedi74wr_2_
[2019-03-21 17:44:10,491] {bash_operator.py:110} INFO - Running command: 

    echo "2017-08-04"
    echo "2017-08-11"
    echo "Parameter I passed in"

    echo "2017-08-04"
    echo "2017-08-11"
    echo "Parameter I passed in"

    echo "2017-08-04"
    echo "2017-08-11"
    echo "Parameter I passed in"

    echo "2017-08-04"
    echo "2017-08-11"
    echo "Parameter I passed in"

    echo "2017-08-04"
    echo "2017-08-11"
    echo "Parameter I passed in"

[2019-03-21 17:44:10,531] {bash_operator.py:119} INFO - Output:
[2019-03-21 17:44:10,542] {bash_operator.py:123} INFO - 2017-08-04
[2019-03-21 17:44:10,542] {bash_operator.py:123} INFO - 2017-08-11
[2019-03-21 17:44:10,542] {bash_operator.py:123} INFO - Parameter I passed in
[2019-03-21 17:44:10,542] {bash_operator.py:123} INFO - 2017-08-04
[2019-03-21 17:44:10,542] {bash_operator.py:123} INFO - 2017-08-11
[2019-03-21 17:44:10,542] {bash_operator.py:123} INFO - Parameter I passed in
[2019-03-21 17:44:10,542] {bash_operator.py:123} INFO - 2017-08-04
[2019-03-21 17:44:10,543] {bash_operator.py:123} INFO - 2017-08-11
[2019-03-21 17:44:10,543] {bash_operator.py:123} INFO - Parameter I passed in
[2019-03-21 17:44:10,543] {bash_operator.py:123} INFO - 2017-08-04
[2019-03-21 17:44:10,543] {bash_operator.py:123} INFO - 2017-08-11
[2019-03-21 17:44:10,543] {bash_operator.py:123} INFO - Parameter I passed in
[2019-03-21 17:44:10,543] {bash_operator.py:123} INFO - 2017-08-04
[2019-03-21 17:44:10,543] {bash_operator.py:123} INFO - 2017-08-11
[2019-03-21 17:44:10,543] {bash_operator.py:123} INFO - Parameter I passed in
[2019-03-21 17:44:10,543] {bash_operator.py:127} INFO - Command exited with return code 0
[2019-03-21 17:44:13,852] {logging_mixin.py:95} INFO - [2019-03-21 17:44:13,851] {jobs.py:2527} INFO - Task exited with return code 0
