[2019-03-19 13:09:08,604] {models.py:1359} INFO - Dependencies all met for <TaskInstance: tutorial.print_date 2016-05-31T00:00:00+00:00 [queued]>
[2019-03-19 13:09:08,606] {models.py:1359} INFO - Dependencies all met for <TaskInstance: tutorial.print_date 2016-05-31T00:00:00+00:00 [queued]>
[2019-03-19 13:09:08,606] {models.py:1571} INFO - 
--------------------------------------------------------------------------------
Starting attempt 1 of 2
--------------------------------------------------------------------------------

[2019-03-19 13:09:08,681] {models.py:1593} INFO - Executing <Task(BashOperator): print_date> on 2016-05-31T00:00:00+00:00
[2019-03-19 13:09:08,681] {base_task_runner.py:118} INFO - Running: ['bash', '-c', 'airflow run tutorial print_date 2016-05-31T00:00:00+00:00 --job_id 734 --raw -sd DAGS_FOLDER/sql_server_load.py --cfg_path /tmp/tmpelk3hr88']
[2019-03-19 13:09:11,279] {base_task_runner.py:101} INFO - Job 734: Subtask print_date [2019-03-19 13:09:11,279] {__init__.py:51} INFO - Using executor SequentialExecutor
[2019-03-19 13:09:11,792] {base_task_runner.py:101} INFO - Job 734: Subtask print_date [2019-03-19 13:09:11,785] {models.py:273} INFO - Filling up the DagBag from /home/rsandroni/airflow/dags/sql_server_load.py
[2019-03-19 13:09:11,834] {base_task_runner.py:101} INFO - Job 734: Subtask print_date [2019-03-19 13:09:11,834] {cli.py:520} INFO - Running <TaskInstance: tutorial.print_date 2016-05-31T00:00:00+00:00 [running]> on host IADAIRP1.globalrs.rack.space
[2019-03-19 13:09:11,867] {bash_operator.py:77} INFO - Tmp dir root location: 
 /tmp
[2019-03-19 13:09:11,868] {bash_operator.py:86} INFO - Exporting the following env vars:
AIRFLOW_CTX_DAG_ID=tutorial
AIRFLOW_CTX_TASK_ID=print_date
AIRFLOW_CTX_EXECUTION_DATE=2016-05-31T00:00:00+00:00
AIRFLOW_CTX_DAG_RUN_ID=scheduled__2016-05-31T00:00:00+00:00
[2019-03-19 13:09:11,868] {bash_operator.py:100} INFO - Temporary script location: /tmp/airflowtmp9a0ve8xm/print_date9c2l4lzl
[2019-03-19 13:09:11,868] {bash_operator.py:110} INFO - Running command: date
[2019-03-19 13:09:11,935] {bash_operator.py:119} INFO - Output:
[2019-03-19 13:09:11,950] {bash_operator.py:123} INFO - Ter Mar 19 13:09:11 -03 2019
[2019-03-19 13:09:11,955] {bash_operator.py:127} INFO - Command exited with return code 0
[2019-03-19 13:09:13,631] {logging_mixin.py:95} INFO - [2019-03-19 13:09:13,630] {jobs.py:2527} INFO - Task exited with return code 0
