[2019-03-19 14:25:24,955] {models.py:1359} INFO - Dependencies all met for <TaskInstance: tutorial.templated 2016-11-06T00:00:00+00:00 [queued]>
[2019-03-19 14:25:24,959] {models.py:1359} INFO - Dependencies all met for <TaskInstance: tutorial.templated 2016-11-06T00:00:00+00:00 [queued]>
[2019-03-19 14:25:24,960] {models.py:1571} INFO - 
--------------------------------------------------------------------------------
Starting attempt 1 of 2
--------------------------------------------------------------------------------

[2019-03-19 14:25:24,991] {models.py:1593} INFO - Executing <Task(BashOperator): templated> on 2016-11-06T00:00:00+00:00
[2019-03-19 14:25:24,991] {base_task_runner.py:118} INFO - Running: ['bash', '-c', 'airflow run tutorial templated 2016-11-06T00:00:00+00:00 --job_id 1055 --raw -sd DAGS_FOLDER/example_dags/tutorial.py --cfg_path /tmp/tmpdqvi9r1p']
[2019-03-19 14:25:25,638] {base_task_runner.py:101} INFO - Job 1055: Subtask templated [2019-03-19 14:25:25,638] {__init__.py:51} INFO - Using executor SequentialExecutor
[2019-03-19 14:25:25,924] {base_task_runner.py:101} INFO - Job 1055: Subtask templated [2019-03-19 14:25:25,923] {models.py:273} INFO - Filling up the DagBag from /home/rsandroni/airflow/dags/example_dags/tutorial.py
[2019-03-19 14:25:25,965] {base_task_runner.py:101} INFO - Job 1055: Subtask templated [2019-03-19 14:25:25,965] {cli.py:520} INFO - Running <TaskInstance: tutorial.templated 2016-11-06T00:00:00+00:00 [running]> on host IADAIRP1.globalrs.rack.space
[2019-03-19 14:25:25,983] {bash_operator.py:77} INFO - Tmp dir root location: 
 /tmp
[2019-03-19 14:25:25,983] {bash_operator.py:86} INFO - Exporting the following env vars:
AIRFLOW_CTX_DAG_ID=tutorial
AIRFLOW_CTX_TASK_ID=templated
AIRFLOW_CTX_EXECUTION_DATE=2016-11-06T00:00:00+00:00
AIRFLOW_CTX_DAG_RUN_ID=scheduled__2016-11-06T00:00:00+00:00
[2019-03-19 14:25:25,983] {bash_operator.py:100} INFO - Temporary script location: /tmp/airflowtmpzygkc8pu/templated7970nofb
[2019-03-19 14:25:25,983] {bash_operator.py:110} INFO - Running command: 

    echo "2016-11-06"
    echo "2016-11-13"
    echo "Parameter I passed in"

    echo "2016-11-06"
    echo "2016-11-13"
    echo "Parameter I passed in"

    echo "2016-11-06"
    echo "2016-11-13"
    echo "Parameter I passed in"

    echo "2016-11-06"
    echo "2016-11-13"
    echo "Parameter I passed in"

    echo "2016-11-06"
    echo "2016-11-13"
    echo "Parameter I passed in"

[2019-03-19 14:25:25,989] {bash_operator.py:119} INFO - Output:
[2019-03-19 14:25:25,990] {bash_operator.py:123} INFO - 2016-11-06
[2019-03-19 14:25:25,990] {bash_operator.py:123} INFO - 2016-11-13
[2019-03-19 14:25:25,990] {bash_operator.py:123} INFO - Parameter I passed in
[2019-03-19 14:25:25,990] {bash_operator.py:123} INFO - 2016-11-06
[2019-03-19 14:25:25,990] {bash_operator.py:123} INFO - 2016-11-13
[2019-03-19 14:25:25,990] {bash_operator.py:123} INFO - Parameter I passed in
[2019-03-19 14:25:25,990] {bash_operator.py:123} INFO - 2016-11-06
[2019-03-19 14:25:25,990] {bash_operator.py:123} INFO - 2016-11-13
[2019-03-19 14:25:25,990] {bash_operator.py:123} INFO - Parameter I passed in
[2019-03-19 14:25:25,990] {bash_operator.py:123} INFO - 2016-11-06
[2019-03-19 14:25:25,990] {bash_operator.py:123} INFO - 2016-11-13
[2019-03-19 14:25:25,990] {bash_operator.py:123} INFO - Parameter I passed in
[2019-03-19 14:25:25,991] {bash_operator.py:123} INFO - 2016-11-06
[2019-03-19 14:25:25,991] {bash_operator.py:123} INFO - 2016-11-13
[2019-03-19 14:25:25,991] {bash_operator.py:123} INFO - Parameter I passed in
[2019-03-19 14:25:25,991] {bash_operator.py:127} INFO - Command exited with return code 0
[2019-03-19 14:25:29,954] {logging_mixin.py:95} INFO - [2019-03-19 14:25:29,953] {jobs.py:2527} INFO - Task exited with return code 0
