[2019-03-19 11:52:57,386] {models.py:1359} INFO - Dependencies all met for <TaskInstance: tutorial.print_date 2015-12-20T00:00:00+00:00 [queued]>
[2019-03-19 11:52:57,388] {models.py:1359} INFO - Dependencies all met for <TaskInstance: tutorial.print_date 2015-12-20T00:00:00+00:00 [queued]>
[2019-03-19 11:52:57,388] {models.py:1571} INFO - 
--------------------------------------------------------------------------------
Starting attempt 1 of 2
--------------------------------------------------------------------------------

[2019-03-19 11:52:57,402] {models.py:1593} INFO - Executing <Task(BashOperator): print_date> on 2015-12-20T00:00:00+00:00
[2019-03-19 11:52:57,402] {base_task_runner.py:118} INFO - Running: ['bash', '-c', 'airflow run tutorial print_date 2015-12-20T00:00:00+00:00 --job_id 409 --raw -sd DAGS_FOLDER/tutorial.py --cfg_path /tmp/tmpo4t2xwiw']
[2019-03-19 11:52:58,015] {base_task_runner.py:101} INFO - Job 409: Subtask print_date [2019-03-19 11:52:58,014] {__init__.py:51} INFO - Using executor SequentialExecutor
[2019-03-19 11:52:58,240] {base_task_runner.py:101} INFO - Job 409: Subtask print_date [2019-03-19 11:52:58,239] {models.py:273} INFO - Filling up the DagBag from /home/rsandroni/airflow/dags/tutorial.py
[2019-03-19 11:52:58,256] {base_task_runner.py:101} INFO - Job 409: Subtask print_date [2019-03-19 11:52:58,254] {cli.py:520} INFO - Running <TaskInstance: tutorial.print_date 2015-12-20T00:00:00+00:00 [running]> on host IADAIRP1.globalrs.rack.space
[2019-03-19 11:52:58,267] {bash_operator.py:77} INFO - Tmp dir root location: 
 /tmp
[2019-03-19 11:52:58,267] {bash_operator.py:86} INFO - Exporting the following env vars:
AIRFLOW_CTX_DAG_ID=tutorial
AIRFLOW_CTX_TASK_ID=print_date
AIRFLOW_CTX_EXECUTION_DATE=2015-12-20T00:00:00+00:00
AIRFLOW_CTX_DAG_RUN_ID=scheduled__2015-12-20T00:00:00+00:00
[2019-03-19 11:52:58,267] {bash_operator.py:100} INFO - Temporary script location: /tmp/airflowtmp4onxauy2/print_dateruxl8thi
[2019-03-19 11:52:58,267] {bash_operator.py:110} INFO - Running command: date
[2019-03-19 11:52:58,273] {bash_operator.py:119} INFO - Output:
[2019-03-19 11:52:58,275] {bash_operator.py:123} INFO - Ter Mar 19 11:52:58 -03 2019
[2019-03-19 11:52:58,275] {bash_operator.py:127} INFO - Command exited with return code 0
[2019-03-19 11:53:02,403] {logging_mixin.py:95} INFO - [2019-03-19 11:53:02,402] {jobs.py:2527} INFO - Task exited with return code 0
