[2019-03-22 02:17:49,947] {models.py:1359} INFO - Dependencies all met for <TaskInstance: tutorial.templated 2018-10-04T00:00:00+00:00 [queued]>
[2019-03-22 02:17:49,952] {models.py:1359} INFO - Dependencies all met for <TaskInstance: tutorial.templated 2018-10-04T00:00:00+00:00 [queued]>
[2019-03-22 02:17:49,952] {models.py:1571} INFO - 
--------------------------------------------------------------------------------
Starting attempt 1 of 2
--------------------------------------------------------------------------------

[2019-03-22 02:17:50,002] {models.py:1593} INFO - Executing <Task(BashOperator): templated> on 2018-10-04T00:00:00+00:00
[2019-03-22 02:17:50,002] {base_task_runner.py:118} INFO - Running: ['bash', '-c', 'airflow run tutorial templated 2018-10-04T00:00:00+00:00 --job_id 2518 --raw -sd DAGS_FOLDER/example_dags/tutorial.py --cfg_path /tmp/tmpzbddhypb']
[2019-03-22 02:17:50,986] {base_task_runner.py:101} INFO - Job 2518: Subtask templated [2019-03-22 02:17:50,985] {__init__.py:51} INFO - Using executor SequentialExecutor
[2019-03-22 02:17:51,263] {base_task_runner.py:101} INFO - Job 2518: Subtask templated [2019-03-22 02:17:51,262] {models.py:273} INFO - Filling up the DagBag from /home/rsandroni/airflow/dags/example_dags/tutorial.py
[2019-03-22 02:17:51,327] {base_task_runner.py:101} INFO - Job 2518: Subtask templated [2019-03-22 02:17:51,327] {cli.py:520} INFO - Running <TaskInstance: tutorial.templated 2018-10-04T00:00:00+00:00 [running]> on host IADAIRP1.globalrs.rack.space
[2019-03-22 02:17:51,345] {bash_operator.py:77} INFO - Tmp dir root location: 
 /tmp
[2019-03-22 02:17:51,346] {bash_operator.py:86} INFO - Exporting the following env vars:
AIRFLOW_CTX_DAG_ID=tutorial
AIRFLOW_CTX_TASK_ID=templated
AIRFLOW_CTX_EXECUTION_DATE=2018-10-04T00:00:00+00:00
AIRFLOW_CTX_DAG_RUN_ID=scheduled__2018-10-04T00:00:00+00:00
[2019-03-22 02:17:51,346] {bash_operator.py:100} INFO - Temporary script location: /tmp/airflowtmpx5sw5p2p/templatedqu_037pv
[2019-03-22 02:17:51,346] {bash_operator.py:110} INFO - Running command: 

    echo "2018-10-04"
    echo "2018-10-11"
    echo "Parameter I passed in"

    echo "2018-10-04"
    echo "2018-10-11"
    echo "Parameter I passed in"

    echo "2018-10-04"
    echo "2018-10-11"
    echo "Parameter I passed in"

    echo "2018-10-04"
    echo "2018-10-11"
    echo "Parameter I passed in"

    echo "2018-10-04"
    echo "2018-10-11"
    echo "Parameter I passed in"

[2019-03-22 02:17:51,352] {bash_operator.py:119} INFO - Output:
[2019-03-22 02:17:51,353] {bash_operator.py:123} INFO - 2018-10-04
[2019-03-22 02:17:51,354] {bash_operator.py:123} INFO - 2018-10-11
[2019-03-22 02:17:51,354] {bash_operator.py:123} INFO - Parameter I passed in
[2019-03-22 02:17:51,354] {bash_operator.py:123} INFO - 2018-10-04
[2019-03-22 02:17:51,354] {bash_operator.py:123} INFO - 2018-10-11
[2019-03-22 02:17:51,354] {bash_operator.py:123} INFO - Parameter I passed in
[2019-03-22 02:17:51,354] {bash_operator.py:123} INFO - 2018-10-04
[2019-03-22 02:17:51,354] {bash_operator.py:123} INFO - 2018-10-11
[2019-03-22 02:17:51,354] {bash_operator.py:123} INFO - Parameter I passed in
[2019-03-22 02:17:51,354] {bash_operator.py:123} INFO - 2018-10-04
[2019-03-22 02:17:51,354] {bash_operator.py:123} INFO - 2018-10-11
[2019-03-22 02:17:51,354] {bash_operator.py:123} INFO - Parameter I passed in
[2019-03-22 02:17:51,354] {bash_operator.py:123} INFO - 2018-10-04
[2019-03-22 02:17:51,354] {bash_operator.py:123} INFO - 2018-10-11
[2019-03-22 02:17:51,354] {bash_operator.py:123} INFO - Parameter I passed in
[2019-03-22 02:17:51,354] {bash_operator.py:127} INFO - Command exited with return code 0
[2019-03-22 02:17:54,920] {logging_mixin.py:95} INFO - [2019-03-22 02:17:54,919] {jobs.py:2527} INFO - Task exited with return code 0
