[2019-03-22 00:37:29,235] {models.py:1359} INFO - Dependencies all met for <TaskInstance: tutorial.templated 2018-07-21T00:00:00+00:00 [queued]>
[2019-03-22 00:37:29,240] {models.py:1359} INFO - Dependencies all met for <TaskInstance: tutorial.templated 2018-07-21T00:00:00+00:00 [queued]>
[2019-03-22 00:37:29,240] {models.py:1571} INFO - 
--------------------------------------------------------------------------------
Starting attempt 1 of 2
--------------------------------------------------------------------------------

[2019-03-22 00:37:29,256] {models.py:1593} INFO - Executing <Task(BashOperator): templated> on 2018-07-21T00:00:00+00:00
[2019-03-22 00:37:29,256] {base_task_runner.py:118} INFO - Running: ['bash', '-c', 'airflow run tutorial templated 2018-07-21T00:00:00+00:00 --job_id 2367 --raw -sd DAGS_FOLDER/example_dags/tutorial.py --cfg_path /tmp/tmp4o5y8s98']
[2019-03-22 00:37:29,969] {base_task_runner.py:101} INFO - Job 2367: Subtask templated [2019-03-22 00:37:29,964] {__init__.py:51} INFO - Using executor SequentialExecutor
[2019-03-22 00:37:30,266] {base_task_runner.py:101} INFO - Job 2367: Subtask templated [2019-03-22 00:37:30,266] {models.py:273} INFO - Filling up the DagBag from /home/rsandroni/airflow/dags/example_dags/tutorial.py
[2019-03-22 00:37:30,367] {base_task_runner.py:101} INFO - Job 2367: Subtask templated [2019-03-22 00:37:30,365] {cli.py:520} INFO - Running <TaskInstance: tutorial.templated 2018-07-21T00:00:00+00:00 [running]> on host IADAIRP1.globalrs.rack.space
[2019-03-22 00:37:30,385] {bash_operator.py:77} INFO - Tmp dir root location: 
 /tmp
[2019-03-22 00:37:30,386] {bash_operator.py:86} INFO - Exporting the following env vars:
AIRFLOW_CTX_DAG_ID=tutorial
AIRFLOW_CTX_TASK_ID=templated
AIRFLOW_CTX_EXECUTION_DATE=2018-07-21T00:00:00+00:00
AIRFLOW_CTX_DAG_RUN_ID=scheduled__2018-07-21T00:00:00+00:00
[2019-03-22 00:37:30,386] {bash_operator.py:100} INFO - Temporary script location: /tmp/airflowtmp5k2n8_cz/templatedkxrl8mei
[2019-03-22 00:37:30,386] {bash_operator.py:110} INFO - Running command: 

    echo "2018-07-21"
    echo "2018-07-28"
    echo "Parameter I passed in"

    echo "2018-07-21"
    echo "2018-07-28"
    echo "Parameter I passed in"

    echo "2018-07-21"
    echo "2018-07-28"
    echo "Parameter I passed in"

    echo "2018-07-21"
    echo "2018-07-28"
    echo "Parameter I passed in"

    echo "2018-07-21"
    echo "2018-07-28"
    echo "Parameter I passed in"

[2019-03-22 00:37:30,396] {bash_operator.py:119} INFO - Output:
[2019-03-22 00:37:30,397] {bash_operator.py:123} INFO - 2018-07-21
[2019-03-22 00:37:30,397] {bash_operator.py:123} INFO - 2018-07-28
[2019-03-22 00:37:30,397] {bash_operator.py:123} INFO - Parameter I passed in
[2019-03-22 00:37:30,397] {bash_operator.py:123} INFO - 2018-07-21
[2019-03-22 00:37:30,397] {bash_operator.py:123} INFO - 2018-07-28
[2019-03-22 00:37:30,397] {bash_operator.py:123} INFO - Parameter I passed in
[2019-03-22 00:37:30,397] {bash_operator.py:123} INFO - 2018-07-21
[2019-03-22 00:37:30,397] {bash_operator.py:123} INFO - 2018-07-28
[2019-03-22 00:37:30,397] {bash_operator.py:123} INFO - Parameter I passed in
[2019-03-22 00:37:30,397] {bash_operator.py:123} INFO - 2018-07-21
[2019-03-22 00:37:30,397] {bash_operator.py:123} INFO - 2018-07-28
[2019-03-22 00:37:30,397] {bash_operator.py:123} INFO - Parameter I passed in
[2019-03-22 00:37:30,397] {bash_operator.py:123} INFO - 2018-07-21
[2019-03-22 00:37:30,397] {bash_operator.py:123} INFO - 2018-07-28
[2019-03-22 00:37:30,397] {bash_operator.py:123} INFO - Parameter I passed in
[2019-03-22 00:37:30,397] {bash_operator.py:127} INFO - Command exited with return code 0
[2019-03-22 00:37:34,258] {logging_mixin.py:95} INFO - [2019-03-22 00:37:34,257] {jobs.py:2527} INFO - Task exited with return code 0
