[2019-03-21 22:40:02,211] {models.py:1359} INFO - Dependencies all met for <TaskInstance: tutorial.print_date 2018-04-23T00:00:00+00:00 [queued]>
[2019-03-21 22:40:02,213] {models.py:1359} INFO - Dependencies all met for <TaskInstance: tutorial.print_date 2018-04-23T00:00:00+00:00 [queued]>
[2019-03-21 22:40:02,214] {models.py:1571} INFO - 
--------------------------------------------------------------------------------
Starting attempt 1 of 2
--------------------------------------------------------------------------------

[2019-03-21 22:40:02,225] {models.py:1593} INFO - Executing <Task(BashOperator): print_date> on 2018-04-23T00:00:00+00:00
[2019-03-21 22:40:02,225] {base_task_runner.py:118} INFO - Running: ['bash', '-c', 'airflow run tutorial print_date 2018-04-23T00:00:00+00:00 --job_id 2188 --raw -sd DAGS_FOLDER/tutorial.py --cfg_path /tmp/tmpxn85ygrh']
[2019-03-21 22:40:02,863] {base_task_runner.py:101} INFO - Job 2188: Subtask print_date [2019-03-21 22:40:02,862] {__init__.py:51} INFO - Using executor SequentialExecutor
[2019-03-21 22:40:03,097] {base_task_runner.py:101} INFO - Job 2188: Subtask print_date [2019-03-21 22:40:03,096] {models.py:273} INFO - Filling up the DagBag from /home/rsandroni/airflow/dags/tutorial.py
[2019-03-21 22:40:03,113] {base_task_runner.py:101} INFO - Job 2188: Subtask print_date [2019-03-21 22:40:03,112] {cli.py:520} INFO - Running <TaskInstance: tutorial.print_date 2018-04-23T00:00:00+00:00 [running]> on host IADAIRP1.globalrs.rack.space
[2019-03-21 22:40:03,126] {bash_operator.py:77} INFO - Tmp dir root location: 
 /tmp
[2019-03-21 22:40:03,126] {bash_operator.py:86} INFO - Exporting the following env vars:
AIRFLOW_CTX_DAG_ID=tutorial
AIRFLOW_CTX_TASK_ID=print_date
AIRFLOW_CTX_EXECUTION_DATE=2018-04-23T00:00:00+00:00
AIRFLOW_CTX_DAG_RUN_ID=scheduled__2018-04-23T00:00:00+00:00
[2019-03-21 22:40:03,127] {bash_operator.py:100} INFO - Temporary script location: /tmp/airflowtmpoburvl01/print_datejzbnx2vv
[2019-03-21 22:40:03,127] {bash_operator.py:110} INFO - Running command: date
[2019-03-21 22:40:03,133] {bash_operator.py:119} INFO - Output:
[2019-03-21 22:40:03,135] {bash_operator.py:123} INFO - Qui Mar 21 22:40:03 -03 2019
[2019-03-21 22:40:03,135] {bash_operator.py:127} INFO - Command exited with return code 0
[2019-03-21 22:40:07,220] {logging_mixin.py:95} INFO - [2019-03-21 22:40:07,219] {jobs.py:2527} INFO - Task exited with return code 0
