[2019-03-21 20:26:49,358] {models.py:1359} INFO - Dependencies all met for <TaskInstance: tutorial.print_date 2018-01-11T00:00:00+00:00 [queued]>
[2019-03-21 20:26:49,361] {models.py:1359} INFO - Dependencies all met for <TaskInstance: tutorial.print_date 2018-01-11T00:00:00+00:00 [queued]>
[2019-03-21 20:26:49,361] {models.py:1571} INFO - 
--------------------------------------------------------------------------------
Starting attempt 1 of 2
--------------------------------------------------------------------------------

[2019-03-21 20:26:49,394] {models.py:1593} INFO - Executing <Task(BashOperator): print_date> on 2018-01-11T00:00:00+00:00
[2019-03-21 20:26:49,394] {base_task_runner.py:118} INFO - Running: ['bash', '-c', 'airflow run tutorial print_date 2018-01-11T00:00:00+00:00 --job_id 1984 --raw -sd DAGS_FOLDER/tutorial.py --cfg_path /tmp/tmpc1d37lc8']
[2019-03-21 20:26:50,060] {base_task_runner.py:101} INFO - Job 1984: Subtask print_date [2019-03-21 20:26:50,060] {__init__.py:51} INFO - Using executor SequentialExecutor
[2019-03-21 20:26:50,395] {base_task_runner.py:101} INFO - Job 1984: Subtask print_date [2019-03-21 20:26:50,393] {models.py:273} INFO - Filling up the DagBag from /home/rsandroni/airflow/dags/tutorial.py
[2019-03-21 20:26:50,449] {base_task_runner.py:101} INFO - Job 1984: Subtask print_date [2019-03-21 20:26:50,445] {cli.py:520} INFO - Running <TaskInstance: tutorial.print_date 2018-01-11T00:00:00+00:00 [running]> on host IADAIRP1.globalrs.rack.space
[2019-03-21 20:26:50,461] {bash_operator.py:77} INFO - Tmp dir root location: 
 /tmp
[2019-03-21 20:26:50,462] {bash_operator.py:86} INFO - Exporting the following env vars:
AIRFLOW_CTX_DAG_ID=tutorial
AIRFLOW_CTX_TASK_ID=print_date
AIRFLOW_CTX_EXECUTION_DATE=2018-01-11T00:00:00+00:00
AIRFLOW_CTX_DAG_RUN_ID=scheduled__2018-01-11T00:00:00+00:00
[2019-03-21 20:26:50,462] {bash_operator.py:100} INFO - Temporary script location: /tmp/airflowtmpfjjws19j/print_dateeul159np
[2019-03-21 20:26:50,462] {bash_operator.py:110} INFO - Running command: date
[2019-03-21 20:26:50,469] {bash_operator.py:119} INFO - Output:
[2019-03-21 20:26:50,472] {bash_operator.py:123} INFO - Qui Mar 21 20:26:50 -03 2019
[2019-03-21 20:26:50,472] {bash_operator.py:127} INFO - Command exited with return code 0
[2019-03-21 20:26:54,341] {logging_mixin.py:95} INFO - [2019-03-21 20:26:54,341] {jobs.py:2527} INFO - Task exited with return code 0
