[2019-03-19 12:13:44,105] {models.py:1359} INFO - Dependencies all met for <TaskInstance: tutorial.print_date 2016-02-06T00:00:00+00:00 [queued]>
[2019-03-19 12:13:44,107] {models.py:1359} INFO - Dependencies all met for <TaskInstance: tutorial.print_date 2016-02-06T00:00:00+00:00 [queued]>
[2019-03-19 12:13:44,107] {models.py:1571} INFO - 
--------------------------------------------------------------------------------
Starting attempt 1 of 2
--------------------------------------------------------------------------------

[2019-03-19 12:13:44,122] {models.py:1593} INFO - Executing <Task(BashOperator): print_date> on 2016-02-06T00:00:00+00:00
[2019-03-19 12:13:44,122] {base_task_runner.py:118} INFO - Running: ['bash', '-c', 'airflow run tutorial print_date 2016-02-06T00:00:00+00:00 --job_id 505 --raw -sd DAGS_FOLDER/tutorial.py --cfg_path /tmp/tmpthbqcf50']
[2019-03-19 12:13:44,735] {base_task_runner.py:101} INFO - Job 505: Subtask print_date [2019-03-19 12:13:44,735] {__init__.py:51} INFO - Using executor SequentialExecutor
[2019-03-19 12:13:44,991] {base_task_runner.py:101} INFO - Job 505: Subtask print_date [2019-03-19 12:13:44,990] {models.py:273} INFO - Filling up the DagBag from /home/rsandroni/airflow/dags/tutorial.py
[2019-03-19 12:13:45,006] {base_task_runner.py:101} INFO - Job 505: Subtask print_date [2019-03-19 12:13:45,005] {cli.py:520} INFO - Running <TaskInstance: tutorial.print_date 2016-02-06T00:00:00+00:00 [running]> on host IADAIRP1.globalrs.rack.space
[2019-03-19 12:13:45,019] {bash_operator.py:77} INFO - Tmp dir root location: 
 /tmp
[2019-03-19 12:13:45,019] {bash_operator.py:86} INFO - Exporting the following env vars:
AIRFLOW_CTX_DAG_ID=tutorial
AIRFLOW_CTX_TASK_ID=print_date
AIRFLOW_CTX_EXECUTION_DATE=2016-02-06T00:00:00+00:00
AIRFLOW_CTX_DAG_RUN_ID=scheduled__2016-02-06T00:00:00+00:00
[2019-03-19 12:13:45,019] {bash_operator.py:100} INFO - Temporary script location: /tmp/airflowtmpzzs4r29n/print_datecxn1v36g
[2019-03-19 12:13:45,019] {bash_operator.py:110} INFO - Running command: date
[2019-03-19 12:13:45,025] {bash_operator.py:119} INFO - Output:
[2019-03-19 12:13:45,027] {bash_operator.py:123} INFO - Ter Mar 19 12:13:45 -03 2019
[2019-03-19 12:13:45,028] {bash_operator.py:127} INFO - Command exited with return code 0
[2019-03-19 12:13:49,115] {logging_mixin.py:95} INFO - [2019-03-19 12:13:49,114] {jobs.py:2527} INFO - Task exited with return code 0
