[2019-03-19 14:08:44,854] {models.py:1359} INFO - Dependencies all met for <TaskInstance: tutorial.templated 2016-10-02T00:00:00+00:00 [queued]>
[2019-03-19 14:08:44,859] {models.py:1359} INFO - Dependencies all met for <TaskInstance: tutorial.templated 2016-10-02T00:00:00+00:00 [queued]>
[2019-03-19 14:08:44,859] {models.py:1571} INFO - 
--------------------------------------------------------------------------------
Starting attempt 1 of 2
--------------------------------------------------------------------------------

[2019-03-19 14:08:44,902] {models.py:1593} INFO - Executing <Task(BashOperator): templated> on 2016-10-02T00:00:00+00:00
[2019-03-19 14:08:44,902] {base_task_runner.py:118} INFO - Running: ['bash', '-c', 'airflow run tutorial templated 2016-10-02T00:00:00+00:00 --job_id 987 --raw -sd DAGS_FOLDER/sql_server_load.py --cfg_path /tmp/tmp1lc5qhqx']
[2019-03-19 14:08:45,833] {base_task_runner.py:101} INFO - Job 987: Subtask templated [2019-03-19 14:08:45,833] {__init__.py:51} INFO - Using executor SequentialExecutor
[2019-03-19 14:08:46,240] {base_task_runner.py:101} INFO - Job 987: Subtask templated [2019-03-19 14:08:46,233] {models.py:273} INFO - Filling up the DagBag from /home/rsandroni/airflow/dags/sql_server_load.py
[2019-03-19 14:08:46,346] {base_task_runner.py:101} INFO - Job 987: Subtask templated [2019-03-19 14:08:46,342] {cli.py:520} INFO - Running <TaskInstance: tutorial.templated 2016-10-02T00:00:00+00:00 [running]> on host IADAIRP1.globalrs.rack.space
[2019-03-19 14:08:46,387] {bash_operator.py:77} INFO - Tmp dir root location: 
 /tmp
[2019-03-19 14:08:46,387] {bash_operator.py:86} INFO - Exporting the following env vars:
AIRFLOW_CTX_DAG_ID=tutorial
AIRFLOW_CTX_TASK_ID=templated
AIRFLOW_CTX_EXECUTION_DATE=2016-10-02T00:00:00+00:00
AIRFLOW_CTX_DAG_RUN_ID=scheduled__2016-10-02T00:00:00+00:00
[2019-03-19 14:08:46,388] {bash_operator.py:100} INFO - Temporary script location: /tmp/airflowtmpmd8sfcj9/templatedev66px71
[2019-03-19 14:08:46,388] {bash_operator.py:110} INFO - Running command: 
    
        echo "2016-10-02"
        echo "Parameter I passed in"
    
        echo "2016-10-02"
        echo "Parameter I passed in"
    
        echo "2016-10-02"
        echo "Parameter I passed in"
    
        echo "2016-10-02"
        echo "Parameter I passed in"
    
        echo "2016-10-02"
        echo "Parameter I passed in"
    
    
[2019-03-19 14:08:46,470] {bash_operator.py:119} INFO - Output:
[2019-03-19 14:08:46,471] {bash_operator.py:123} INFO - 2016-10-02
[2019-03-19 14:08:46,471] {bash_operator.py:123} INFO - Parameter I passed in
[2019-03-19 14:08:46,471] {bash_operator.py:123} INFO - 2016-10-02
[2019-03-19 14:08:46,471] {bash_operator.py:123} INFO - Parameter I passed in
[2019-03-19 14:08:46,471] {bash_operator.py:123} INFO - 2016-10-02
[2019-03-19 14:08:46,471] {bash_operator.py:123} INFO - Parameter I passed in
[2019-03-19 14:08:46,471] {bash_operator.py:123} INFO - 2016-10-02
[2019-03-19 14:08:46,471] {bash_operator.py:123} INFO - Parameter I passed in
[2019-03-19 14:08:46,471] {bash_operator.py:123} INFO - 2016-10-02
[2019-03-19 14:08:46,471] {bash_operator.py:123} INFO - Parameter I passed in
[2019-03-19 14:08:46,471] {bash_operator.py:127} INFO - Command exited with return code 0
[2019-03-19 14:08:49,890] {logging_mixin.py:95} INFO - [2019-03-19 14:08:49,889] {jobs.py:2527} INFO - Task exited with return code 0
