[2019-03-21 22:03:41,214] {models.py:1359} INFO - Dependencies all met for <TaskInstance: tutorial.print_date 2018-03-26T00:00:00+00:00 [queued]>
[2019-03-21 22:03:41,217] {models.py:1359} INFO - Dependencies all met for <TaskInstance: tutorial.print_date 2018-03-26T00:00:00+00:00 [queued]>
[2019-03-21 22:03:41,217] {models.py:1571} INFO - 
--------------------------------------------------------------------------------
Starting attempt 1 of 2
--------------------------------------------------------------------------------

[2019-03-21 22:03:41,229] {models.py:1593} INFO - Executing <Task(BashOperator): print_date> on 2018-03-26T00:00:00+00:00
[2019-03-21 22:03:41,230] {base_task_runner.py:118} INFO - Running: ['bash', '-c', 'airflow run tutorial print_date 2018-03-26T00:00:00+00:00 --job_id 2132 --raw -sd DAGS_FOLDER/tutorial.py --cfg_path /tmp/tmpyb3c62o8']
[2019-03-21 22:03:41,863] {base_task_runner.py:101} INFO - Job 2132: Subtask print_date [2019-03-21 22:03:41,862] {__init__.py:51} INFO - Using executor SequentialExecutor
[2019-03-21 22:03:42,089] {base_task_runner.py:101} INFO - Job 2132: Subtask print_date [2019-03-21 22:03:42,089] {models.py:273} INFO - Filling up the DagBag from /home/rsandroni/airflow/dags/tutorial.py
[2019-03-21 22:03:42,104] {base_task_runner.py:101} INFO - Job 2132: Subtask print_date [2019-03-21 22:03:42,104] {cli.py:520} INFO - Running <TaskInstance: tutorial.print_date 2018-03-26T00:00:00+00:00 [running]> on host IADAIRP1.globalrs.rack.space
[2019-03-21 22:03:42,117] {bash_operator.py:77} INFO - Tmp dir root location: 
 /tmp
[2019-03-21 22:03:42,117] {bash_operator.py:86} INFO - Exporting the following env vars:
AIRFLOW_CTX_DAG_ID=tutorial
AIRFLOW_CTX_TASK_ID=print_date
AIRFLOW_CTX_EXECUTION_DATE=2018-03-26T00:00:00+00:00
AIRFLOW_CTX_DAG_RUN_ID=scheduled__2018-03-26T00:00:00+00:00
[2019-03-21 22:03:42,117] {bash_operator.py:100} INFO - Temporary script location: /tmp/airflowtmptgy6y4hh/print_dateaex2zylq
[2019-03-21 22:03:42,117] {bash_operator.py:110} INFO - Running command: date
[2019-03-21 22:03:42,123] {bash_operator.py:119} INFO - Output:
[2019-03-21 22:03:42,125] {bash_operator.py:123} INFO - Qui Mar 21 22:03:42 -03 2019
[2019-03-21 22:03:42,125] {bash_operator.py:127} INFO - Command exited with return code 0
[2019-03-21 22:03:46,219] {logging_mixin.py:95} INFO - [2019-03-21 22:03:46,218] {jobs.py:2527} INFO - Task exited with return code 0
