[2019-03-19 14:11:14,835] {models.py:1359} INFO - Dependencies all met for <TaskInstance: tutorial.print_date 2016-10-08T00:00:00+00:00 [queued]>
[2019-03-19 14:11:14,837] {models.py:1359} INFO - Dependencies all met for <TaskInstance: tutorial.print_date 2016-10-08T00:00:00+00:00 [queued]>
[2019-03-19 14:11:14,838] {models.py:1571} INFO - 
--------------------------------------------------------------------------------
Starting attempt 1 of 2
--------------------------------------------------------------------------------

[2019-03-19 14:11:14,909] {models.py:1593} INFO - Executing <Task(BashOperator): print_date> on 2016-10-08T00:00:00+00:00
[2019-03-19 14:11:14,909] {base_task_runner.py:118} INFO - Running: ['bash', '-c', 'airflow run tutorial print_date 2016-10-08T00:00:00+00:00 --job_id 996 --raw -sd DAGS_FOLDER/tutorial.py --cfg_path /tmp/tmps1cype_v']
[2019-03-19 14:11:16,913] {base_task_runner.py:101} INFO - Job 996: Subtask print_date [2019-03-19 14:11:16,907] {__init__.py:51} INFO - Using executor SequentialExecutor
[2019-03-19 14:11:17,792] {base_task_runner.py:101} INFO - Job 996: Subtask print_date [2019-03-19 14:11:17,785] {models.py:273} INFO - Filling up the DagBag from /home/rsandroni/airflow/dags/tutorial.py
[2019-03-19 14:11:17,866] {base_task_runner.py:101} INFO - Job 996: Subtask print_date [2019-03-19 14:11:17,862] {cli.py:520} INFO - Running <TaskInstance: tutorial.print_date 2016-10-08T00:00:00+00:00 [running]> on host IADAIRP1.globalrs.rack.space
[2019-03-19 14:11:17,910] {bash_operator.py:77} INFO - Tmp dir root location: 
 /tmp
[2019-03-19 14:11:17,910] {bash_operator.py:86} INFO - Exporting the following env vars:
AIRFLOW_CTX_DAG_ID=tutorial
AIRFLOW_CTX_TASK_ID=print_date
AIRFLOW_CTX_EXECUTION_DATE=2016-10-08T00:00:00+00:00
AIRFLOW_CTX_DAG_RUN_ID=scheduled__2016-10-08T00:00:00+00:00
[2019-03-19 14:11:17,911] {bash_operator.py:100} INFO - Temporary script location: /tmp/airflowtmpdaib28wz/print_dategydylc2u
[2019-03-19 14:11:17,911] {bash_operator.py:110} INFO - Running command: date
[2019-03-19 14:11:17,984] {bash_operator.py:119} INFO - Output:
[2019-03-19 14:11:18,016] {bash_operator.py:123} INFO - Ter Mar 19 14:11:18 -03 2019
[2019-03-19 14:11:18,025] {bash_operator.py:127} INFO - Command exited with return code 0
[2019-03-19 14:11:19,824] {logging_mixin.py:95} INFO - [2019-03-19 14:11:19,823] {jobs.py:2527} INFO - Task exited with return code 0
