[2019-03-19 15:43:55,650] {models.py:1359} INFO - Dependencies all met for <TaskInstance: tutorial.print_date 2017-04-25T00:00:00+00:00 [queued]>
[2019-03-19 15:43:55,652] {models.py:1359} INFO - Dependencies all met for <TaskInstance: tutorial.print_date 2017-04-25T00:00:00+00:00 [queued]>
[2019-03-19 15:43:55,652] {models.py:1571} INFO - 
--------------------------------------------------------------------------------
Starting attempt 1 of 2
--------------------------------------------------------------------------------

[2019-03-19 15:43:55,686] {models.py:1593} INFO - Executing <Task(BashOperator): print_date> on 2017-04-25T00:00:00+00:00
[2019-03-19 15:43:55,687] {base_task_runner.py:118} INFO - Running: ['bash', '-c', 'airflow run tutorial print_date 2017-04-25T00:00:00+00:00 --job_id 1393 --raw -sd DAGS_FOLDER/tutorial.py --cfg_path /tmp/tmpyc26u1yg']
[2019-03-19 15:43:56,333] {base_task_runner.py:101} INFO - Job 1393: Subtask print_date [2019-03-19 15:43:56,332] {__init__.py:51} INFO - Using executor SequentialExecutor
[2019-03-19 15:43:56,722] {base_task_runner.py:101} INFO - Job 1393: Subtask print_date [2019-03-19 15:43:56,717] {models.py:273} INFO - Filling up the DagBag from /home/rsandroni/airflow/dags/tutorial.py
[2019-03-19 15:43:56,733] {base_task_runner.py:101} INFO - Job 1393: Subtask print_date [2019-03-19 15:43:56,733] {cli.py:520} INFO - Running <TaskInstance: tutorial.print_date 2017-04-25T00:00:00+00:00 [running]> on host IADAIRP1.globalrs.rack.space
[2019-03-19 15:43:56,748] {bash_operator.py:77} INFO - Tmp dir root location: 
 /tmp
[2019-03-19 15:43:56,748] {bash_operator.py:86} INFO - Exporting the following env vars:
AIRFLOW_CTX_DAG_ID=tutorial
AIRFLOW_CTX_TASK_ID=print_date
AIRFLOW_CTX_EXECUTION_DATE=2017-04-25T00:00:00+00:00
AIRFLOW_CTX_DAG_RUN_ID=scheduled__2017-04-25T00:00:00+00:00
[2019-03-19 15:43:56,749] {bash_operator.py:100} INFO - Temporary script location: /tmp/airflowtmppj1tos21/print_date_z_la0ku
[2019-03-19 15:43:56,749] {bash_operator.py:110} INFO - Running command: date
[2019-03-19 15:43:56,754] {bash_operator.py:119} INFO - Output:
[2019-03-19 15:43:56,756] {bash_operator.py:123} INFO - Ter Mar 19 15:43:56 -03 2019
[2019-03-19 15:43:56,756] {bash_operator.py:127} INFO - Command exited with return code 0
[2019-03-19 15:44:00,650] {logging_mixin.py:95} INFO - [2019-03-19 15:44:00,649] {jobs.py:2527} INFO - Task exited with return code 0
