[2019-03-19 13:41:50,898] {models.py:1359} INFO - Dependencies all met for <TaskInstance: tutorial.print_date 2016-08-10T00:00:00+00:00 [queued]>
[2019-03-19 13:41:50,901] {models.py:1359} INFO - Dependencies all met for <TaskInstance: tutorial.print_date 2016-08-10T00:00:00+00:00 [queued]>
[2019-03-19 13:41:50,901] {models.py:1571} INFO - 
--------------------------------------------------------------------------------
Starting attempt 1 of 2
--------------------------------------------------------------------------------

[2019-03-19 13:41:50,919] {models.py:1593} INFO - Executing <Task(BashOperator): print_date> on 2016-08-10T00:00:00+00:00
[2019-03-19 13:41:50,919] {base_task_runner.py:118} INFO - Running: ['bash', '-c', 'airflow run tutorial print_date 2016-08-10T00:00:00+00:00 --job_id 877 --raw -sd DAGS_FOLDER/tutorial.py --cfg_path /tmp/tmpbvmug5hu']
[2019-03-19 13:41:51,534] {base_task_runner.py:101} INFO - Job 877: Subtask print_date [2019-03-19 13:41:51,533] {__init__.py:51} INFO - Using executor SequentialExecutor
[2019-03-19 13:41:51,761] {base_task_runner.py:101} INFO - Job 877: Subtask print_date [2019-03-19 13:41:51,761] {models.py:273} INFO - Filling up the DagBag from /home/rsandroni/airflow/dags/tutorial.py
[2019-03-19 13:41:51,777] {base_task_runner.py:101} INFO - Job 877: Subtask print_date [2019-03-19 13:41:51,776] {cli.py:520} INFO - Running <TaskInstance: tutorial.print_date 2016-08-10T00:00:00+00:00 [running]> on host IADAIRP1.globalrs.rack.space
[2019-03-19 13:41:51,790] {bash_operator.py:77} INFO - Tmp dir root location: 
 /tmp
[2019-03-19 13:41:51,791] {bash_operator.py:86} INFO - Exporting the following env vars:
AIRFLOW_CTX_DAG_ID=tutorial
AIRFLOW_CTX_TASK_ID=print_date
AIRFLOW_CTX_EXECUTION_DATE=2016-08-10T00:00:00+00:00
AIRFLOW_CTX_DAG_RUN_ID=scheduled__2016-08-10T00:00:00+00:00
[2019-03-19 13:41:51,791] {bash_operator.py:100} INFO - Temporary script location: /tmp/airflowtmpznv3o_l9/print_datettisz4wz
[2019-03-19 13:41:51,791] {bash_operator.py:110} INFO - Running command: date
[2019-03-19 13:41:51,796] {bash_operator.py:119} INFO - Output:
[2019-03-19 13:41:51,798] {bash_operator.py:123} INFO - Ter Mar 19 13:41:51 -03 2019
[2019-03-19 13:41:51,799] {bash_operator.py:127} INFO - Command exited with return code 0
[2019-03-19 13:41:55,901] {logging_mixin.py:95} INFO - [2019-03-19 13:41:55,901] {jobs.py:2527} INFO - Task exited with return code 0
