[2019-03-21 22:14:10,492] {models.py:1359} INFO - Dependencies all met for <TaskInstance: tutorial.print_date 2018-04-04T00:00:00+00:00 [queued]>
[2019-03-21 22:14:10,494] {models.py:1359} INFO - Dependencies all met for <TaskInstance: tutorial.print_date 2018-04-04T00:00:00+00:00 [queued]>
[2019-03-21 22:14:10,495] {models.py:1571} INFO - 
--------------------------------------------------------------------------------
Starting attempt 1 of 2
--------------------------------------------------------------------------------

[2019-03-21 22:14:10,510] {models.py:1593} INFO - Executing <Task(BashOperator): print_date> on 2018-04-04T00:00:00+00:00
[2019-03-21 22:14:10,510] {base_task_runner.py:118} INFO - Running: ['bash', '-c', 'airflow run tutorial print_date 2018-04-04T00:00:00+00:00 --job_id 2149 --raw -sd DAGS_FOLDER/tutorial.py --cfg_path /tmp/tmp5vg2ka6d']
[2019-03-21 22:14:11,142] {base_task_runner.py:101} INFO - Job 2149: Subtask print_date [2019-03-21 22:14:11,141] {__init__.py:51} INFO - Using executor SequentialExecutor
[2019-03-21 22:14:11,402] {base_task_runner.py:101} INFO - Job 2149: Subtask print_date [2019-03-21 22:14:11,401] {models.py:273} INFO - Filling up the DagBag from /home/rsandroni/airflow/dags/tutorial.py
[2019-03-21 22:14:11,417] {base_task_runner.py:101} INFO - Job 2149: Subtask print_date [2019-03-21 22:14:11,417] {cli.py:520} INFO - Running <TaskInstance: tutorial.print_date 2018-04-04T00:00:00+00:00 [running]> on host IADAIRP1.globalrs.rack.space
[2019-03-21 22:14:11,429] {bash_operator.py:77} INFO - Tmp dir root location: 
 /tmp
[2019-03-21 22:14:11,430] {bash_operator.py:86} INFO - Exporting the following env vars:
AIRFLOW_CTX_DAG_ID=tutorial
AIRFLOW_CTX_TASK_ID=print_date
AIRFLOW_CTX_EXECUTION_DATE=2018-04-04T00:00:00+00:00
AIRFLOW_CTX_DAG_RUN_ID=scheduled__2018-04-04T00:00:00+00:00
[2019-03-21 22:14:11,430] {bash_operator.py:100} INFO - Temporary script location: /tmp/airflowtmpeh4hd1mk/print_dateoxg3dzmv
[2019-03-21 22:14:11,430] {bash_operator.py:110} INFO - Running command: date
[2019-03-21 22:14:11,436] {bash_operator.py:119} INFO - Output:
[2019-03-21 22:14:11,439] {bash_operator.py:123} INFO - Qui Mar 21 22:14:11 -03 2019
[2019-03-21 22:14:11,439] {bash_operator.py:127} INFO - Command exited with return code 0
[2019-03-21 22:14:15,495] {logging_mixin.py:95} INFO - [2019-03-21 22:14:15,494] {jobs.py:2527} INFO - Task exited with return code 0
