[2019-03-21 19:21:38,443] {models.py:1359} INFO - Dependencies all met for <TaskInstance: tutorial.print_date 2017-11-22T00:00:00+00:00 [queued]>
[2019-03-21 19:21:38,445] {models.py:1359} INFO - Dependencies all met for <TaskInstance: tutorial.print_date 2017-11-22T00:00:00+00:00 [queued]>
[2019-03-21 19:21:38,445] {models.py:1571} INFO - 
--------------------------------------------------------------------------------
Starting attempt 1 of 2
--------------------------------------------------------------------------------

[2019-03-21 19:21:38,463] {models.py:1593} INFO - Executing <Task(BashOperator): print_date> on 2017-11-22T00:00:00+00:00
[2019-03-21 19:21:38,463] {base_task_runner.py:118} INFO - Running: ['bash', '-c', 'airflow run tutorial print_date 2017-11-22T00:00:00+00:00 --job_id 1884 --raw -sd DAGS_FOLDER/tutorial.py --cfg_path /tmp/tmpgj3xikxb']
[2019-03-21 19:21:39,127] {base_task_runner.py:101} INFO - Job 1884: Subtask print_date [2019-03-21 19:21:39,126] {__init__.py:51} INFO - Using executor SequentialExecutor
[2019-03-21 19:21:39,367] {base_task_runner.py:101} INFO - Job 1884: Subtask print_date [2019-03-21 19:21:39,366] {models.py:273} INFO - Filling up the DagBag from /home/rsandroni/airflow/dags/tutorial.py
[2019-03-21 19:21:39,381] {base_task_runner.py:101} INFO - Job 1884: Subtask print_date [2019-03-21 19:21:39,381] {cli.py:520} INFO - Running <TaskInstance: tutorial.print_date 2017-11-22T00:00:00+00:00 [running]> on host IADAIRP1.globalrs.rack.space
[2019-03-21 19:21:39,394] {bash_operator.py:77} INFO - Tmp dir root location: 
 /tmp
[2019-03-21 19:21:39,394] {bash_operator.py:86} INFO - Exporting the following env vars:
AIRFLOW_CTX_DAG_ID=tutorial
AIRFLOW_CTX_TASK_ID=print_date
AIRFLOW_CTX_EXECUTION_DATE=2017-11-22T00:00:00+00:00
AIRFLOW_CTX_DAG_RUN_ID=scheduled__2017-11-22T00:00:00+00:00
[2019-03-21 19:21:39,395] {bash_operator.py:100} INFO - Temporary script location: /tmp/airflowtmpgx4yo11v/print_date23ca8qma
[2019-03-21 19:21:39,395] {bash_operator.py:110} INFO - Running command: date
[2019-03-21 19:21:39,401] {bash_operator.py:119} INFO - Output:
[2019-03-21 19:21:39,402] {bash_operator.py:123} INFO - Qui Mar 21 19:21:39 -03 2019
[2019-03-21 19:21:39,403] {bash_operator.py:127} INFO - Command exited with return code 0
[2019-03-21 19:21:43,446] {logging_mixin.py:95} INFO - [2019-03-21 19:21:43,445] {jobs.py:2527} INFO - Task exited with return code 0
