[2019-03-19 14:55:02,405] {models.py:1359} INFO - Dependencies all met for <TaskInstance: tutorial.templated 2017-01-07T00:00:00+00:00 [queued]>
[2019-03-19 14:55:02,410] {models.py:1359} INFO - Dependencies all met for <TaskInstance: tutorial.templated 2017-01-07T00:00:00+00:00 [queued]>
[2019-03-19 14:55:02,410] {models.py:1571} INFO - 
--------------------------------------------------------------------------------
Starting attempt 1 of 2
--------------------------------------------------------------------------------

[2019-03-19 14:55:02,465] {models.py:1593} INFO - Executing <Task(BashOperator): templated> on 2017-01-07T00:00:00+00:00
[2019-03-19 14:55:02,465] {base_task_runner.py:118} INFO - Running: ['bash', '-c', 'airflow run tutorial templated 2017-01-07T00:00:00+00:00 --job_id 1180 --raw -sd DAGS_FOLDER/sql_server_load.py --cfg_path /tmp/tmp7jgk4_vw']
[2019-03-19 14:55:03,244] {base_task_runner.py:101} INFO - Job 1180: Subtask templated [2019-03-19 14:55:03,243] {__init__.py:51} INFO - Using executor SequentialExecutor
[2019-03-19 14:55:03,602] {base_task_runner.py:101} INFO - Job 1180: Subtask templated [2019-03-19 14:55:03,601] {models.py:273} INFO - Filling up the DagBag from /home/rsandroni/airflow/dags/sql_server_load.py
[2019-03-19 14:55:03,641] {base_task_runner.py:101} INFO - Job 1180: Subtask templated [2019-03-19 14:55:03,639] {cli.py:520} INFO - Running <TaskInstance: tutorial.templated 2017-01-07T00:00:00+00:00 [running]> on host IADAIRP1.globalrs.rack.space
[2019-03-19 14:55:03,669] {bash_operator.py:77} INFO - Tmp dir root location: 
 /tmp
[2019-03-19 14:55:03,669] {bash_operator.py:86} INFO - Exporting the following env vars:
AIRFLOW_CTX_DAG_ID=tutorial
AIRFLOW_CTX_TASK_ID=templated
AIRFLOW_CTX_EXECUTION_DATE=2017-01-07T00:00:00+00:00
AIRFLOW_CTX_DAG_RUN_ID=scheduled__2017-01-07T00:00:00+00:00
[2019-03-19 14:55:03,669] {bash_operator.py:100} INFO - Temporary script location: /tmp/airflowtmpzdoa1_tt/templatedqjsubg2_
[2019-03-19 14:55:03,670] {bash_operator.py:110} INFO - Running command: 
    
        echo "2017-01-07"
        echo "Parameter I passed in"
    
        echo "2017-01-07"
        echo "Parameter I passed in"
    
        echo "2017-01-07"
        echo "Parameter I passed in"
    
        echo "2017-01-07"
        echo "Parameter I passed in"
    
        echo "2017-01-07"
        echo "Parameter I passed in"
    
    
[2019-03-19 14:55:03,701] {bash_operator.py:119} INFO - Output:
[2019-03-19 14:55:03,712] {bash_operator.py:123} INFO - 2017-01-07
[2019-03-19 14:55:03,712] {bash_operator.py:123} INFO - Parameter I passed in
[2019-03-19 14:55:03,712] {bash_operator.py:123} INFO - 2017-01-07
[2019-03-19 14:55:03,712] {bash_operator.py:123} INFO - Parameter I passed in
[2019-03-19 14:55:03,713] {bash_operator.py:123} INFO - 2017-01-07
[2019-03-19 14:55:03,713] {bash_operator.py:123} INFO - Parameter I passed in
[2019-03-19 14:55:03,713] {bash_operator.py:123} INFO - 2017-01-07
[2019-03-19 14:55:03,713] {bash_operator.py:123} INFO - Parameter I passed in
[2019-03-19 14:55:03,713] {bash_operator.py:123} INFO - 2017-01-07
[2019-03-19 14:55:03,713] {bash_operator.py:123} INFO - Parameter I passed in
[2019-03-19 14:55:03,713] {bash_operator.py:127} INFO - Command exited with return code 0
[2019-03-19 14:55:07,452] {logging_mixin.py:95} INFO - [2019-03-19 14:55:07,451] {jobs.py:2527} INFO - Task exited with return code 0
