[2019-03-19 12:37:38,043] {models.py:1359} INFO - Dependencies all met for <TaskInstance: tutorial.templated 2016-03-29T00:00:00+00:00 [queued]>
[2019-03-19 12:37:38,047] {models.py:1359} INFO - Dependencies all met for <TaskInstance: tutorial.templated 2016-03-29T00:00:00+00:00 [queued]>
[2019-03-19 12:37:38,048] {models.py:1571} INFO - 
--------------------------------------------------------------------------------
Starting attempt 1 of 2
--------------------------------------------------------------------------------

[2019-03-19 12:37:38,108] {models.py:1593} INFO - Executing <Task(BashOperator): templated> on 2016-03-29T00:00:00+00:00
[2019-03-19 12:37:38,108] {base_task_runner.py:118} INFO - Running: ['bash', '-c', 'airflow run tutorial templated 2016-03-29T00:00:00+00:00 --job_id 611 --raw -sd DAGS_FOLDER/example_dags/tutorial.py --cfg_path /tmp/tmpqdlk3vzq']
[2019-03-19 12:37:39,338] {base_task_runner.py:101} INFO - Job 611: Subtask templated [2019-03-19 12:37:39,330] {__init__.py:51} INFO - Using executor SequentialExecutor
[2019-03-19 12:37:39,747] {base_task_runner.py:101} INFO - Job 611: Subtask templated [2019-03-19 12:37:39,746] {models.py:273} INFO - Filling up the DagBag from /home/rsandroni/airflow/dags/example_dags/tutorial.py
[2019-03-19 12:37:39,843] {base_task_runner.py:101} INFO - Job 611: Subtask templated [2019-03-19 12:37:39,838] {cli.py:520} INFO - Running <TaskInstance: tutorial.templated 2016-03-29T00:00:00+00:00 [running]> on host IADAIRP1.globalrs.rack.space
[2019-03-19 12:37:39,891] {bash_operator.py:77} INFO - Tmp dir root location: 
 /tmp
[2019-03-19 12:37:39,892] {bash_operator.py:86} INFO - Exporting the following env vars:
AIRFLOW_CTX_DAG_ID=tutorial
AIRFLOW_CTX_TASK_ID=templated
AIRFLOW_CTX_EXECUTION_DATE=2016-03-29T00:00:00+00:00
AIRFLOW_CTX_DAG_RUN_ID=scheduled__2016-03-29T00:00:00+00:00
[2019-03-19 12:37:39,892] {bash_operator.py:100} INFO - Temporary script location: /tmp/airflowtmpj9m7zqxv/templatedd3jpvjrk
[2019-03-19 12:37:39,892] {bash_operator.py:110} INFO - Running command: 

    echo "2016-03-29"
    echo "2016-04-05"
    echo "Parameter I passed in"

    echo "2016-03-29"
    echo "2016-04-05"
    echo "Parameter I passed in"

    echo "2016-03-29"
    echo "2016-04-05"
    echo "Parameter I passed in"

    echo "2016-03-29"
    echo "2016-04-05"
    echo "Parameter I passed in"

    echo "2016-03-29"
    echo "2016-04-05"
    echo "Parameter I passed in"

[2019-03-19 12:37:39,941] {bash_operator.py:119} INFO - Output:
[2019-03-19 12:37:39,942] {bash_operator.py:123} INFO - 2016-03-29
[2019-03-19 12:37:39,942] {bash_operator.py:123} INFO - 2016-04-05
[2019-03-19 12:37:39,942] {bash_operator.py:123} INFO - Parameter I passed in
[2019-03-19 12:37:39,942] {bash_operator.py:123} INFO - 2016-03-29
[2019-03-19 12:37:39,942] {bash_operator.py:123} INFO - 2016-04-05
[2019-03-19 12:37:39,942] {bash_operator.py:123} INFO - Parameter I passed in
[2019-03-19 12:37:39,942] {bash_operator.py:123} INFO - 2016-03-29
[2019-03-19 12:37:39,942] {bash_operator.py:123} INFO - 2016-04-05
[2019-03-19 12:37:39,942] {bash_operator.py:123} INFO - Parameter I passed in
[2019-03-19 12:37:39,942] {bash_operator.py:123} INFO - 2016-03-29
[2019-03-19 12:37:39,942] {bash_operator.py:123} INFO - 2016-04-05
[2019-03-19 12:37:39,942] {bash_operator.py:123} INFO - Parameter I passed in
[2019-03-19 12:37:39,942] {bash_operator.py:123} INFO - 2016-03-29
[2019-03-19 12:37:39,942] {bash_operator.py:123} INFO - 2016-04-05
[2019-03-19 12:37:39,942] {bash_operator.py:123} INFO - Parameter I passed in
[2019-03-19 12:37:39,942] {bash_operator.py:127} INFO - Command exited with return code 0
[2019-03-19 12:37:43,030] {logging_mixin.py:95} INFO - [2019-03-19 12:37:43,029] {jobs.py:2527} INFO - Task exited with return code 0
