[2019-03-22 04:38:41,206] {models.py:1359} INFO - Dependencies all met for <TaskInstance: tutorial.print_date 2019-01-21T00:00:00+00:00 [queued]>
[2019-03-22 04:38:41,209] {models.py:1359} INFO - Dependencies all met for <TaskInstance: tutorial.print_date 2019-01-21T00:00:00+00:00 [queued]>
[2019-03-22 04:38:41,209] {models.py:1571} INFO - 
--------------------------------------------------------------------------------
Starting attempt 1 of 2
--------------------------------------------------------------------------------

[2019-03-22 04:38:41,225] {models.py:1593} INFO - Executing <Task(BashOperator): print_date> on 2019-01-21T00:00:00+00:00
[2019-03-22 04:38:41,225] {base_task_runner.py:118} INFO - Running: ['bash', '-c', 'airflow run tutorial print_date 2019-01-21T00:00:00+00:00 --job_id 2733 --raw -sd DAGS_FOLDER/tutorial.py --cfg_path /tmp/tmp46cg4izp']
[2019-03-22 04:38:41,868] {base_task_runner.py:101} INFO - Job 2733: Subtask print_date [2019-03-22 04:38:41,867] {__init__.py:51} INFO - Using executor SequentialExecutor
[2019-03-22 04:38:42,111] {base_task_runner.py:101} INFO - Job 2733: Subtask print_date [2019-03-22 04:38:42,110] {models.py:273} INFO - Filling up the DagBag from /home/rsandroni/airflow/dags/tutorial.py
[2019-03-22 04:38:42,127] {base_task_runner.py:101} INFO - Job 2733: Subtask print_date [2019-03-22 04:38:42,126] {cli.py:520} INFO - Running <TaskInstance: tutorial.print_date 2019-01-21T00:00:00+00:00 [running]> on host IADAIRP1.globalrs.rack.space
[2019-03-22 04:38:42,141] {bash_operator.py:77} INFO - Tmp dir root location: 
 /tmp
[2019-03-22 04:38:42,141] {bash_operator.py:86} INFO - Exporting the following env vars:
AIRFLOW_CTX_DAG_ID=tutorial
AIRFLOW_CTX_TASK_ID=print_date
AIRFLOW_CTX_EXECUTION_DATE=2019-01-21T00:00:00+00:00
AIRFLOW_CTX_DAG_RUN_ID=scheduled__2019-01-21T00:00:00+00:00
[2019-03-22 04:38:42,141] {bash_operator.py:100} INFO - Temporary script location: /tmp/airflowtmp2h4ifl1n/print_date3pthkc26
[2019-03-22 04:38:42,142] {bash_operator.py:110} INFO - Running command: date
[2019-03-22 04:38:42,147] {bash_operator.py:119} INFO - Output:
[2019-03-22 04:38:42,149] {bash_operator.py:123} INFO - Sex Mar 22 04:38:42 -03 2019
[2019-03-22 04:38:42,150] {bash_operator.py:127} INFO - Command exited with return code 0
[2019-03-22 04:38:46,224] {logging_mixin.py:95} INFO - [2019-03-22 04:38:46,224] {jobs.py:2527} INFO - Task exited with return code 0
