[2019-03-22 03:21:59,617] {models.py:1359} INFO - Dependencies all met for <TaskInstance: tutorial.print_date 2018-11-24T00:00:00+00:00 [queued]>
[2019-03-22 03:21:59,620] {models.py:1359} INFO - Dependencies all met for <TaskInstance: tutorial.print_date 2018-11-24T00:00:00+00:00 [queued]>
[2019-03-22 03:21:59,620] {models.py:1571} INFO - 
--------------------------------------------------------------------------------
Starting attempt 1 of 2
--------------------------------------------------------------------------------

[2019-03-22 03:21:59,659] {models.py:1593} INFO - Executing <Task(BashOperator): print_date> on 2018-11-24T00:00:00+00:00
[2019-03-22 03:21:59,659] {base_task_runner.py:118} INFO - Running: ['bash', '-c', 'airflow run tutorial print_date 2018-11-24T00:00:00+00:00 --job_id 2617 --raw -sd DAGS_FOLDER/tutorial.py --cfg_path /tmp/tmp2niq9va6']
[2019-03-22 03:22:00,456] {base_task_runner.py:101} INFO - Job 2617: Subtask print_date [2019-03-22 03:22:00,455] {__init__.py:51} INFO - Using executor SequentialExecutor
[2019-03-22 03:22:00,817] {base_task_runner.py:101} INFO - Job 2617: Subtask print_date [2019-03-22 03:22:00,808] {models.py:273} INFO - Filling up the DagBag from /home/rsandroni/airflow/dags/tutorial.py
[2019-03-22 03:22:00,827] {base_task_runner.py:101} INFO - Job 2617: Subtask print_date [2019-03-22 03:22:00,827] {cli.py:520} INFO - Running <TaskInstance: tutorial.print_date 2018-11-24T00:00:00+00:00 [running]> on host IADAIRP1.globalrs.rack.space
[2019-03-22 03:22:00,849] {bash_operator.py:77} INFO - Tmp dir root location: 
 /tmp
[2019-03-22 03:22:00,849] {bash_operator.py:86} INFO - Exporting the following env vars:
AIRFLOW_CTX_DAG_ID=tutorial
AIRFLOW_CTX_TASK_ID=print_date
AIRFLOW_CTX_EXECUTION_DATE=2018-11-24T00:00:00+00:00
AIRFLOW_CTX_DAG_RUN_ID=scheduled__2018-11-24T00:00:00+00:00
[2019-03-22 03:22:00,850] {bash_operator.py:100} INFO - Temporary script location: /tmp/airflowtmp33nbjqhx/print_date34gur_cq
[2019-03-22 03:22:00,850] {bash_operator.py:110} INFO - Running command: date
[2019-03-22 03:22:00,863] {bash_operator.py:119} INFO - Output:
[2019-03-22 03:22:00,864] {bash_operator.py:123} INFO - Sex Mar 22 03:22:00 -03 2019
[2019-03-22 03:22:00,865] {bash_operator.py:127} INFO - Command exited with return code 0
[2019-03-22 03:22:04,601] {logging_mixin.py:95} INFO - [2019-03-22 03:22:04,600] {jobs.py:2527} INFO - Task exited with return code 0
