[2019-03-19 15:03:31,311] {models.py:1359} INFO - Dependencies all met for <TaskInstance: tutorial.templated 2017-01-26T00:00:00+00:00 [queued]>
[2019-03-19 15:03:31,315] {models.py:1359} INFO - Dependencies all met for <TaskInstance: tutorial.templated 2017-01-26T00:00:00+00:00 [queued]>
[2019-03-19 15:03:31,315] {models.py:1571} INFO - 
--------------------------------------------------------------------------------
Starting attempt 1 of 2
--------------------------------------------------------------------------------

[2019-03-19 15:03:31,329] {models.py:1593} INFO - Executing <Task(BashOperator): templated> on 2017-01-26T00:00:00+00:00
[2019-03-19 15:03:31,329] {base_task_runner.py:118} INFO - Running: ['bash', '-c', 'airflow run tutorial templated 2017-01-26T00:00:00+00:00 --job_id 1217 --raw -sd DAGS_FOLDER/example_dags/tutorial.py --cfg_path /tmp/tmp_uyp5tvs']
[2019-03-19 15:03:31,950] {base_task_runner.py:101} INFO - Job 1217: Subtask templated [2019-03-19 15:03:31,949] {__init__.py:51} INFO - Using executor SequentialExecutor
[2019-03-19 15:03:32,244] {base_task_runner.py:101} INFO - Job 1217: Subtask templated [2019-03-19 15:03:32,243] {models.py:273} INFO - Filling up the DagBag from /home/rsandroni/airflow/dags/example_dags/tutorial.py
[2019-03-19 15:03:32,285] {base_task_runner.py:101} INFO - Job 1217: Subtask templated [2019-03-19 15:03:32,285] {cli.py:520} INFO - Running <TaskInstance: tutorial.templated 2017-01-26T00:00:00+00:00 [running]> on host IADAIRP1.globalrs.rack.space
[2019-03-19 15:03:32,304] {bash_operator.py:77} INFO - Tmp dir root location: 
 /tmp
[2019-03-19 15:03:32,305] {bash_operator.py:86} INFO - Exporting the following env vars:
AIRFLOW_CTX_DAG_ID=tutorial
AIRFLOW_CTX_TASK_ID=templated
AIRFLOW_CTX_EXECUTION_DATE=2017-01-26T00:00:00+00:00
AIRFLOW_CTX_DAG_RUN_ID=scheduled__2017-01-26T00:00:00+00:00
[2019-03-19 15:03:32,305] {bash_operator.py:100} INFO - Temporary script location: /tmp/airflowtmpogoe5kt9/templatedwu7uyzas
[2019-03-19 15:03:32,305] {bash_operator.py:110} INFO - Running command: 

    echo "2017-01-26"
    echo "2017-02-02"
    echo "Parameter I passed in"

    echo "2017-01-26"
    echo "2017-02-02"
    echo "Parameter I passed in"

    echo "2017-01-26"
    echo "2017-02-02"
    echo "Parameter I passed in"

    echo "2017-01-26"
    echo "2017-02-02"
    echo "Parameter I passed in"

    echo "2017-01-26"
    echo "2017-02-02"
    echo "Parameter I passed in"

[2019-03-19 15:03:32,328] {bash_operator.py:119} INFO - Output:
[2019-03-19 15:03:32,329] {bash_operator.py:123} INFO - 2017-01-26
[2019-03-19 15:03:32,329] {bash_operator.py:123} INFO - 2017-02-02
[2019-03-19 15:03:32,329] {bash_operator.py:123} INFO - Parameter I passed in
[2019-03-19 15:03:32,330] {bash_operator.py:123} INFO - 2017-01-26
[2019-03-19 15:03:32,330] {bash_operator.py:123} INFO - 2017-02-02
[2019-03-19 15:03:32,330] {bash_operator.py:123} INFO - Parameter I passed in
[2019-03-19 15:03:32,330] {bash_operator.py:123} INFO - 2017-01-26
[2019-03-19 15:03:32,330] {bash_operator.py:123} INFO - 2017-02-02
[2019-03-19 15:03:32,330] {bash_operator.py:123} INFO - Parameter I passed in
[2019-03-19 15:03:32,330] {bash_operator.py:123} INFO - 2017-01-26
[2019-03-19 15:03:32,330] {bash_operator.py:123} INFO - 2017-02-02
[2019-03-19 15:03:32,330] {bash_operator.py:123} INFO - Parameter I passed in
[2019-03-19 15:03:32,330] {bash_operator.py:123} INFO - 2017-01-26
[2019-03-19 15:03:32,330] {bash_operator.py:123} INFO - 2017-02-02
[2019-03-19 15:03:32,330] {bash_operator.py:123} INFO - Parameter I passed in
[2019-03-19 15:03:32,330] {bash_operator.py:127} INFO - Command exited with return code 0
[2019-03-19 15:03:36,319] {logging_mixin.py:95} INFO - [2019-03-19 15:03:36,318] {jobs.py:2527} INFO - Task exited with return code 0
