[2019-03-19 14:09:54,511] {models.py:1359} INFO - Dependencies all met for <TaskInstance: tutorial.print_date 2016-10-06T00:00:00+00:00 [queued]>
[2019-03-19 14:09:54,514] {models.py:1359} INFO - Dependencies all met for <TaskInstance: tutorial.print_date 2016-10-06T00:00:00+00:00 [queued]>
[2019-03-19 14:09:54,514] {models.py:1571} INFO - 
--------------------------------------------------------------------------------
Starting attempt 1 of 2
--------------------------------------------------------------------------------

[2019-03-19 14:09:54,570] {models.py:1593} INFO - Executing <Task(BashOperator): print_date> on 2016-10-06T00:00:00+00:00
[2019-03-19 14:09:54,571] {base_task_runner.py:118} INFO - Running: ['bash', '-c', 'airflow run tutorial print_date 2016-10-06T00:00:00+00:00 --job_id 991 --raw -sd DAGS_FOLDER/tutorial.py --cfg_path /tmp/tmp3ed80iuh']
[2019-03-19 14:09:55,985] {base_task_runner.py:101} INFO - Job 991: Subtask print_date [2019-03-19 14:09:55,984] {__init__.py:51} INFO - Using executor SequentialExecutor
[2019-03-19 14:09:56,401] {base_task_runner.py:101} INFO - Job 991: Subtask print_date [2019-03-19 14:09:56,396] {models.py:273} INFO - Filling up the DagBag from /home/rsandroni/airflow/dags/tutorial.py
[2019-03-19 14:09:56,436] {base_task_runner.py:101} INFO - Job 991: Subtask print_date [2019-03-19 14:09:56,435] {cli.py:520} INFO - Running <TaskInstance: tutorial.print_date 2016-10-06T00:00:00+00:00 [running]> on host IADAIRP1.globalrs.rack.space
[2019-03-19 14:09:56,485] {bash_operator.py:77} INFO - Tmp dir root location: 
 /tmp
[2019-03-19 14:09:56,485] {bash_operator.py:86} INFO - Exporting the following env vars:
AIRFLOW_CTX_DAG_ID=tutorial
AIRFLOW_CTX_TASK_ID=print_date
AIRFLOW_CTX_EXECUTION_DATE=2016-10-06T00:00:00+00:00
AIRFLOW_CTX_DAG_RUN_ID=scheduled__2016-10-06T00:00:00+00:00
[2019-03-19 14:09:56,485] {bash_operator.py:100} INFO - Temporary script location: /tmp/airflowtmp6cxby021/print_date6yxuxncf
[2019-03-19 14:09:56,485] {bash_operator.py:110} INFO - Running command: date
[2019-03-19 14:09:56,521] {bash_operator.py:119} INFO - Output:
[2019-03-19 14:09:56,522] {bash_operator.py:123} INFO - Ter Mar 19 14:09:56 -03 2019
[2019-03-19 14:09:56,522] {bash_operator.py:127} INFO - Command exited with return code 0
[2019-03-19 14:09:59,537] {logging_mixin.py:95} INFO - [2019-03-19 14:09:59,536] {jobs.py:2527} INFO - Task exited with return code 0
