[2019-03-19 11:44:13,624] {models.py:1359} INFO - Dependencies all met for <TaskInstance: tutorial.templated 2015-11-28T00:00:00+00:00 [queued]>
[2019-03-19 11:44:13,628] {models.py:1359} INFO - Dependencies all met for <TaskInstance: tutorial.templated 2015-11-28T00:00:00+00:00 [queued]>
[2019-03-19 11:44:13,628] {models.py:1571} INFO - 
--------------------------------------------------------------------------------
Starting attempt 1 of 2
--------------------------------------------------------------------------------

[2019-03-19 11:44:13,642] {models.py:1593} INFO - Executing <Task(BashOperator): templated> on 2015-11-28T00:00:00+00:00
[2019-03-19 11:44:13,642] {base_task_runner.py:118} INFO - Running: ['bash', '-c', 'airflow run tutorial templated 2015-11-28T00:00:00+00:00 --job_id 369 --raw -sd DAGS_FOLDER/sql_server_load.py --cfg_path /tmp/tmpxw0yoos8']
[2019-03-19 11:44:14,243] {base_task_runner.py:101} INFO - Job 369: Subtask templated [2019-03-19 11:44:14,243] {__init__.py:51} INFO - Using executor SequentialExecutor
[2019-03-19 11:44:14,462] {base_task_runner.py:101} INFO - Job 369: Subtask templated [2019-03-19 11:44:14,462] {models.py:273} INFO - Filling up the DagBag from /home/rsandroni/airflow/dags/sql_server_load.py
[2019-03-19 11:44:14,481] {base_task_runner.py:101} INFO - Job 369: Subtask templated [2019-03-19 11:44:14,481] {cli.py:520} INFO - Running <TaskInstance: tutorial.templated 2015-11-28T00:00:00+00:00 [running]> on host IADAIRP1.globalrs.rack.space
[2019-03-19 11:44:14,494] {bash_operator.py:77} INFO - Tmp dir root location: 
 /tmp
[2019-03-19 11:44:14,494] {bash_operator.py:86} INFO - Exporting the following env vars:
AIRFLOW_CTX_DAG_ID=tutorial
AIRFLOW_CTX_TASK_ID=templated
AIRFLOW_CTX_EXECUTION_DATE=2015-11-28T00:00:00+00:00
AIRFLOW_CTX_DAG_RUN_ID=scheduled__2015-11-28T00:00:00+00:00
[2019-03-19 11:44:14,495] {bash_operator.py:100} INFO - Temporary script location: /tmp/airflowtmpy7l8kdtw/templatedz_zdyair
[2019-03-19 11:44:14,495] {bash_operator.py:110} INFO - Running command: 
    
        echo "2015-11-28"
        echo "Parameter I passed in"
    
        echo "2015-11-28"
        echo "Parameter I passed in"
    
        echo "2015-11-28"
        echo "Parameter I passed in"
    
        echo "2015-11-28"
        echo "Parameter I passed in"
    
        echo "2015-11-28"
        echo "Parameter I passed in"
    
    
[2019-03-19 11:44:14,500] {bash_operator.py:119} INFO - Output:
[2019-03-19 11:44:14,501] {bash_operator.py:123} INFO - 2015-11-28
[2019-03-19 11:44:14,501] {bash_operator.py:123} INFO - Parameter I passed in
[2019-03-19 11:44:14,501] {bash_operator.py:123} INFO - 2015-11-28
[2019-03-19 11:44:14,501] {bash_operator.py:123} INFO - Parameter I passed in
[2019-03-19 11:44:14,501] {bash_operator.py:123} INFO - 2015-11-28
[2019-03-19 11:44:14,502] {bash_operator.py:123} INFO - Parameter I passed in
[2019-03-19 11:44:14,502] {bash_operator.py:123} INFO - 2015-11-28
[2019-03-19 11:44:14,502] {bash_operator.py:123} INFO - Parameter I passed in
[2019-03-19 11:44:14,502] {bash_operator.py:123} INFO - 2015-11-28
[2019-03-19 11:44:14,502] {bash_operator.py:123} INFO - Parameter I passed in
[2019-03-19 11:44:14,502] {bash_operator.py:127} INFO - Command exited with return code 0
[2019-03-19 11:44:18,631] {logging_mixin.py:95} INFO - [2019-03-19 11:44:18,630] {jobs.py:2527} INFO - Task exited with return code 0
