[2019-03-19 12:30:02,758] {models.py:1359} INFO - Dependencies all met for <TaskInstance: tutorial.templated 2016-03-14T00:00:00+00:00 [queued]>
[2019-03-19 12:30:02,762] {models.py:1359} INFO - Dependencies all met for <TaskInstance: tutorial.templated 2016-03-14T00:00:00+00:00 [queued]>
[2019-03-19 12:30:02,762] {models.py:1571} INFO - 
--------------------------------------------------------------------------------
Starting attempt 1 of 2
--------------------------------------------------------------------------------

[2019-03-19 12:30:02,777] {models.py:1593} INFO - Executing <Task(BashOperator): templated> on 2016-03-14T00:00:00+00:00
[2019-03-19 12:30:02,777] {base_task_runner.py:118} INFO - Running: ['bash', '-c', 'airflow run tutorial templated 2016-03-14T00:00:00+00:00 --job_id 581 --raw -sd DAGS_FOLDER/example_dags/tutorial.py --cfg_path /tmp/tmplk3cpvwz']
[2019-03-19 12:30:03,390] {base_task_runner.py:101} INFO - Job 581: Subtask templated [2019-03-19 12:30:03,390] {__init__.py:51} INFO - Using executor SequentialExecutor
[2019-03-19 12:30:03,618] {base_task_runner.py:101} INFO - Job 581: Subtask templated [2019-03-19 12:30:03,617] {models.py:273} INFO - Filling up the DagBag from /home/rsandroni/airflow/dags/example_dags/tutorial.py
[2019-03-19 12:30:03,660] {base_task_runner.py:101} INFO - Job 581: Subtask templated [2019-03-19 12:30:03,659] {cli.py:520} INFO - Running <TaskInstance: tutorial.templated 2016-03-14T00:00:00+00:00 [running]> on host IADAIRP1.globalrs.rack.space
[2019-03-19 12:30:03,677] {bash_operator.py:77} INFO - Tmp dir root location: 
 /tmp
[2019-03-19 12:30:03,677] {bash_operator.py:86} INFO - Exporting the following env vars:
AIRFLOW_CTX_DAG_ID=tutorial
AIRFLOW_CTX_TASK_ID=templated
AIRFLOW_CTX_EXECUTION_DATE=2016-03-14T00:00:00+00:00
AIRFLOW_CTX_DAG_RUN_ID=scheduled__2016-03-14T00:00:00+00:00
[2019-03-19 12:30:03,677] {bash_operator.py:100} INFO - Temporary script location: /tmp/airflowtmp45njnvsx/templatedbpjkpvc8
[2019-03-19 12:30:03,678] {bash_operator.py:110} INFO - Running command: 

    echo "2016-03-14"
    echo "2016-03-21"
    echo "Parameter I passed in"

    echo "2016-03-14"
    echo "2016-03-21"
    echo "Parameter I passed in"

    echo "2016-03-14"
    echo "2016-03-21"
    echo "Parameter I passed in"

    echo "2016-03-14"
    echo "2016-03-21"
    echo "Parameter I passed in"

    echo "2016-03-14"
    echo "2016-03-21"
    echo "Parameter I passed in"

[2019-03-19 12:30:03,683] {bash_operator.py:119} INFO - Output:
[2019-03-19 12:30:03,684] {bash_operator.py:123} INFO - 2016-03-14
[2019-03-19 12:30:03,684] {bash_operator.py:123} INFO - 2016-03-21
[2019-03-19 12:30:03,684] {bash_operator.py:123} INFO - Parameter I passed in
[2019-03-19 12:30:03,684] {bash_operator.py:123} INFO - 2016-03-14
[2019-03-19 12:30:03,684] {bash_operator.py:123} INFO - 2016-03-21
[2019-03-19 12:30:03,684] {bash_operator.py:123} INFO - Parameter I passed in
[2019-03-19 12:30:03,684] {bash_operator.py:123} INFO - 2016-03-14
[2019-03-19 12:30:03,684] {bash_operator.py:123} INFO - 2016-03-21
[2019-03-19 12:30:03,684] {bash_operator.py:123} INFO - Parameter I passed in
[2019-03-19 12:30:03,684] {bash_operator.py:123} INFO - 2016-03-14
[2019-03-19 12:30:03,684] {bash_operator.py:123} INFO - 2016-03-21
[2019-03-19 12:30:03,684] {bash_operator.py:123} INFO - Parameter I passed in
[2019-03-19 12:30:03,684] {bash_operator.py:123} INFO - 2016-03-14
[2019-03-19 12:30:03,685] {bash_operator.py:123} INFO - 2016-03-21
[2019-03-19 12:30:03,685] {bash_operator.py:123} INFO - Parameter I passed in
[2019-03-19 12:30:03,685] {bash_operator.py:127} INFO - Command exited with return code 0
[2019-03-19 12:30:07,758] {logging_mixin.py:95} INFO - [2019-03-19 12:30:07,758] {jobs.py:2527} INFO - Task exited with return code 0
