[2019-03-21 17:23:34,001] {models.py:1359} INFO - Dependencies all met for <TaskInstance: tutorial.print_date 2017-07-06T00:00:00+00:00 [queued]>
[2019-03-21 17:23:34,004] {models.py:1359} INFO - Dependencies all met for <TaskInstance: tutorial.print_date 2017-07-06T00:00:00+00:00 [queued]>
[2019-03-21 17:23:34,004] {models.py:1571} INFO - 
--------------------------------------------------------------------------------
Starting attempt 1 of 2
--------------------------------------------------------------------------------

[2019-03-21 17:23:34,020] {models.py:1593} INFO - Executing <Task(BashOperator): print_date> on 2017-07-06T00:00:00+00:00
[2019-03-21 17:23:34,020] {base_task_runner.py:118} INFO - Running: ['bash', '-c', 'airflow run tutorial print_date 2017-07-06T00:00:00+00:00 --job_id 1564 --raw -sd DAGS_FOLDER/tutorial.py --cfg_path /tmp/tmp55vp_6d2']
[2019-03-21 17:23:34,654] {base_task_runner.py:101} INFO - Job 1564: Subtask print_date [2019-03-21 17:23:34,653] {__init__.py:51} INFO - Using executor SequentialExecutor
[2019-03-21 17:23:34,880] {base_task_runner.py:101} INFO - Job 1564: Subtask print_date [2019-03-21 17:23:34,879] {models.py:273} INFO - Filling up the DagBag from /home/rsandroni/airflow/dags/tutorial.py
[2019-03-21 17:23:34,894] {base_task_runner.py:101} INFO - Job 1564: Subtask print_date [2019-03-21 17:23:34,894] {cli.py:520} INFO - Running <TaskInstance: tutorial.print_date 2017-07-06T00:00:00+00:00 [running]> on host IADAIRP1.globalrs.rack.space
[2019-03-21 17:23:34,906] {bash_operator.py:77} INFO - Tmp dir root location: 
 /tmp
[2019-03-21 17:23:34,906] {bash_operator.py:86} INFO - Exporting the following env vars:
AIRFLOW_CTX_DAG_ID=tutorial
AIRFLOW_CTX_TASK_ID=print_date
AIRFLOW_CTX_EXECUTION_DATE=2017-07-06T00:00:00+00:00
AIRFLOW_CTX_DAG_RUN_ID=scheduled__2017-07-06T00:00:00+00:00
[2019-03-21 17:23:34,907] {bash_operator.py:100} INFO - Temporary script location: /tmp/airflowtmpdn5_xhg_/print_dated84oec5r
[2019-03-21 17:23:34,907] {bash_operator.py:110} INFO - Running command: date
[2019-03-21 17:23:34,912] {bash_operator.py:119} INFO - Output:
[2019-03-21 17:23:34,914] {bash_operator.py:123} INFO - Qui Mar 21 17:23:34 -03 2019
[2019-03-21 17:23:34,914] {bash_operator.py:127} INFO - Command exited with return code 0
[2019-03-21 17:23:39,008] {logging_mixin.py:95} INFO - [2019-03-21 17:23:39,008] {jobs.py:2527} INFO - Task exited with return code 0
