[2019-03-21 17:30:14,445] {models.py:1359} INFO - Dependencies all met for <TaskInstance: tutorial.print_date 2017-07-16T00:00:00+00:00 [queued]>
[2019-03-21 17:30:14,447] {models.py:1359} INFO - Dependencies all met for <TaskInstance: tutorial.print_date 2017-07-16T00:00:00+00:00 [queued]>
[2019-03-21 17:30:14,447] {models.py:1571} INFO - 
--------------------------------------------------------------------------------
Starting attempt 1 of 2
--------------------------------------------------------------------------------

[2019-03-21 17:30:14,487] {models.py:1593} INFO - Executing <Task(BashOperator): print_date> on 2017-07-16T00:00:00+00:00
[2019-03-21 17:30:14,487] {base_task_runner.py:118} INFO - Running: ['bash', '-c', 'airflow run tutorial print_date 2017-07-16T00:00:00+00:00 --job_id 1589 --raw -sd DAGS_FOLDER/tutorial.py --cfg_path /tmp/tmpdw77ccvq']
[2019-03-21 17:30:15,321] {base_task_runner.py:101} INFO - Job 1589: Subtask print_date [2019-03-21 17:30:15,320] {__init__.py:51} INFO - Using executor SequentialExecutor
[2019-03-21 17:30:15,636] {base_task_runner.py:101} INFO - Job 1589: Subtask print_date [2019-03-21 17:30:15,633] {models.py:273} INFO - Filling up the DagBag from /home/rsandroni/airflow/dags/tutorial.py
[2019-03-21 17:30:15,661] {base_task_runner.py:101} INFO - Job 1589: Subtask print_date [2019-03-21 17:30:15,658] {cli.py:520} INFO - Running <TaskInstance: tutorial.print_date 2017-07-16T00:00:00+00:00 [running]> on host IADAIRP1.globalrs.rack.space
[2019-03-21 17:30:15,676] {bash_operator.py:77} INFO - Tmp dir root location: 
 /tmp
[2019-03-21 17:30:15,677] {bash_operator.py:86} INFO - Exporting the following env vars:
AIRFLOW_CTX_DAG_ID=tutorial
AIRFLOW_CTX_TASK_ID=print_date
AIRFLOW_CTX_EXECUTION_DATE=2017-07-16T00:00:00+00:00
AIRFLOW_CTX_DAG_RUN_ID=scheduled__2017-07-16T00:00:00+00:00
[2019-03-21 17:30:15,677] {bash_operator.py:100} INFO - Temporary script location: /tmp/airflowtmpuq1uzc4w/print_date_4si3ajb
[2019-03-21 17:30:15,677] {bash_operator.py:110} INFO - Running command: date
[2019-03-21 17:30:15,718] {bash_operator.py:119} INFO - Output:
[2019-03-21 17:30:15,730] {bash_operator.py:123} INFO - Qui Mar 21 17:30:15 -03 2019
[2019-03-21 17:30:15,741] {bash_operator.py:127} INFO - Command exited with return code 0
[2019-03-21 17:30:19,484] {logging_mixin.py:95} INFO - [2019-03-21 17:30:19,483] {jobs.py:2527} INFO - Task exited with return code 0
