[2019-03-22 00:13:26,955] {models.py:1359} INFO - Dependencies all met for <TaskInstance: tutorial.templated 2018-07-02T00:00:00+00:00 [queued]>
[2019-03-22 00:13:26,960] {models.py:1359} INFO - Dependencies all met for <TaskInstance: tutorial.templated 2018-07-02T00:00:00+00:00 [queued]>
[2019-03-22 00:13:26,961] {models.py:1571} INFO - 
--------------------------------------------------------------------------------
Starting attempt 1 of 2
--------------------------------------------------------------------------------

[2019-03-22 00:13:27,031] {models.py:1593} INFO - Executing <Task(BashOperator): templated> on 2018-07-02T00:00:00+00:00
[2019-03-22 00:13:27,031] {base_task_runner.py:118} INFO - Running: ['bash', '-c', 'airflow run tutorial templated 2018-07-02T00:00:00+00:00 --job_id 2330 --raw -sd DAGS_FOLDER/example_dags/tutorial.py --cfg_path /tmp/tmpgw6zqvlc']
[2019-03-22 00:13:28,264] {base_task_runner.py:101} INFO - Job 2330: Subtask templated [2019-03-22 00:13:28,263] {__init__.py:51} INFO - Using executor SequentialExecutor
[2019-03-22 00:13:28,744] {base_task_runner.py:101} INFO - Job 2330: Subtask templated [2019-03-22 00:13:28,743] {models.py:273} INFO - Filling up the DagBag from /home/rsandroni/airflow/dags/example_dags/tutorial.py
[2019-03-22 00:13:28,825] {base_task_runner.py:101} INFO - Job 2330: Subtask templated [2019-03-22 00:13:28,823] {cli.py:520} INFO - Running <TaskInstance: tutorial.templated 2018-07-02T00:00:00+00:00 [running]> on host IADAIRP1.globalrs.rack.space
[2019-03-22 00:13:28,843] {bash_operator.py:77} INFO - Tmp dir root location: 
 /tmp
[2019-03-22 00:13:28,844] {bash_operator.py:86} INFO - Exporting the following env vars:
AIRFLOW_CTX_DAG_ID=tutorial
AIRFLOW_CTX_TASK_ID=templated
AIRFLOW_CTX_EXECUTION_DATE=2018-07-02T00:00:00+00:00
AIRFLOW_CTX_DAG_RUN_ID=scheduled__2018-07-02T00:00:00+00:00
[2019-03-22 00:13:28,844] {bash_operator.py:100} INFO - Temporary script location: /tmp/airflowtmpt03w62_s/templated1939s69_
[2019-03-22 00:13:28,844] {bash_operator.py:110} INFO - Running command: 

    echo "2018-07-02"
    echo "2018-07-09"
    echo "Parameter I passed in"

    echo "2018-07-02"
    echo "2018-07-09"
    echo "Parameter I passed in"

    echo "2018-07-02"
    echo "2018-07-09"
    echo "Parameter I passed in"

    echo "2018-07-02"
    echo "2018-07-09"
    echo "Parameter I passed in"

    echo "2018-07-02"
    echo "2018-07-09"
    echo "Parameter I passed in"

[2019-03-22 00:13:28,853] {bash_operator.py:119} INFO - Output:
[2019-03-22 00:13:28,853] {bash_operator.py:123} INFO - 2018-07-02
[2019-03-22 00:13:28,853] {bash_operator.py:123} INFO - 2018-07-09
[2019-03-22 00:13:28,853] {bash_operator.py:123} INFO - Parameter I passed in
[2019-03-22 00:13:28,853] {bash_operator.py:123} INFO - 2018-07-02
[2019-03-22 00:13:28,853] {bash_operator.py:123} INFO - 2018-07-09
[2019-03-22 00:13:28,853] {bash_operator.py:123} INFO - Parameter I passed in
[2019-03-22 00:13:28,853] {bash_operator.py:123} INFO - 2018-07-02
[2019-03-22 00:13:28,853] {bash_operator.py:123} INFO - 2018-07-09
[2019-03-22 00:13:28,853] {bash_operator.py:123} INFO - Parameter I passed in
[2019-03-22 00:13:28,853] {bash_operator.py:123} INFO - 2018-07-02
[2019-03-22 00:13:28,853] {bash_operator.py:123} INFO - 2018-07-09
[2019-03-22 00:13:28,853] {bash_operator.py:123} INFO - Parameter I passed in
[2019-03-22 00:13:28,854] {bash_operator.py:123} INFO - 2018-07-02
[2019-03-22 00:13:28,854] {bash_operator.py:123} INFO - 2018-07-09
[2019-03-22 00:13:28,854] {bash_operator.py:123} INFO - Parameter I passed in
[2019-03-22 00:13:28,854] {bash_operator.py:127} INFO - Command exited with return code 0
[2019-03-22 00:13:31,887] {logging_mixin.py:95} INFO - [2019-03-22 00:13:31,887] {jobs.py:2527} INFO - Task exited with return code 0
