[2019-03-19 12:08:53,703] {models.py:1359} INFO - Dependencies all met for <TaskInstance: tutorial.templated 2016-01-24T00:00:00+00:00 [queued]>
[2019-03-19 12:08:53,708] {models.py:1359} INFO - Dependencies all met for <TaskInstance: tutorial.templated 2016-01-24T00:00:00+00:00 [queued]>
[2019-03-19 12:08:53,708] {models.py:1571} INFO - 
--------------------------------------------------------------------------------
Starting attempt 1 of 2
--------------------------------------------------------------------------------

[2019-03-19 12:08:53,725] {models.py:1593} INFO - Executing <Task(BashOperator): templated> on 2016-01-24T00:00:00+00:00
[2019-03-19 12:08:53,725] {base_task_runner.py:118} INFO - Running: ['bash', '-c', 'airflow run tutorial templated 2016-01-24T00:00:00+00:00 --job_id 483 --raw -sd DAGS_FOLDER/sql_server_load.py --cfg_path /tmp/tmpobwr31o4']
[2019-03-19 12:08:54,337] {base_task_runner.py:101} INFO - Job 483: Subtask templated [2019-03-19 12:08:54,336] {__init__.py:51} INFO - Using executor SequentialExecutor
[2019-03-19 12:08:54,569] {base_task_runner.py:101} INFO - Job 483: Subtask templated [2019-03-19 12:08:54,569] {models.py:273} INFO - Filling up the DagBag from /home/rsandroni/airflow/dags/sql_server_load.py
[2019-03-19 12:08:54,590] {base_task_runner.py:101} INFO - Job 483: Subtask templated [2019-03-19 12:08:54,588] {cli.py:520} INFO - Running <TaskInstance: tutorial.templated 2016-01-24T00:00:00+00:00 [running]> on host IADAIRP1.globalrs.rack.space
[2019-03-19 12:08:54,603] {bash_operator.py:77} INFO - Tmp dir root location: 
 /tmp
[2019-03-19 12:08:54,603] {bash_operator.py:86} INFO - Exporting the following env vars:
AIRFLOW_CTX_DAG_ID=tutorial
AIRFLOW_CTX_TASK_ID=templated
AIRFLOW_CTX_EXECUTION_DATE=2016-01-24T00:00:00+00:00
AIRFLOW_CTX_DAG_RUN_ID=scheduled__2016-01-24T00:00:00+00:00
[2019-03-19 12:08:54,603] {bash_operator.py:100} INFO - Temporary script location: /tmp/airflowtmp866zwu8f/templated791peuhn
[2019-03-19 12:08:54,603] {bash_operator.py:110} INFO - Running command: 
    
        echo "2016-01-24"
        echo "Parameter I passed in"
    
        echo "2016-01-24"
        echo "Parameter I passed in"
    
        echo "2016-01-24"
        echo "Parameter I passed in"
    
        echo "2016-01-24"
        echo "Parameter I passed in"
    
        echo "2016-01-24"
        echo "Parameter I passed in"
    
    
[2019-03-19 12:08:54,609] {bash_operator.py:119} INFO - Output:
[2019-03-19 12:08:54,610] {bash_operator.py:123} INFO - 2016-01-24
[2019-03-19 12:08:54,610] {bash_operator.py:123} INFO - Parameter I passed in
[2019-03-19 12:08:54,610] {bash_operator.py:123} INFO - 2016-01-24
[2019-03-19 12:08:54,610] {bash_operator.py:123} INFO - Parameter I passed in
[2019-03-19 12:08:54,610] {bash_operator.py:123} INFO - 2016-01-24
[2019-03-19 12:08:54,610] {bash_operator.py:123} INFO - Parameter I passed in
[2019-03-19 12:08:54,610] {bash_operator.py:123} INFO - 2016-01-24
[2019-03-19 12:08:54,610] {bash_operator.py:123} INFO - Parameter I passed in
[2019-03-19 12:08:54,610] {bash_operator.py:123} INFO - 2016-01-24
[2019-03-19 12:08:54,610] {bash_operator.py:123} INFO - Parameter I passed in
[2019-03-19 12:08:54,610] {bash_operator.py:127} INFO - Command exited with return code 0
[2019-03-19 12:08:58,702] {logging_mixin.py:95} INFO - [2019-03-19 12:08:58,702] {jobs.py:2527} INFO - Task exited with return code 0
