[2019-03-21 17:50:46,357] {models.py:1359} INFO - Dependencies all met for <TaskInstance: tutorial.templated 2017-08-15T00:00:00+00:00 [queued]>
[2019-03-21 17:50:46,361] {models.py:1359} INFO - Dependencies all met for <TaskInstance: tutorial.templated 2017-08-15T00:00:00+00:00 [queued]>
[2019-03-21 17:50:46,361] {models.py:1571} INFO - 
--------------------------------------------------------------------------------
Starting attempt 1 of 2
--------------------------------------------------------------------------------

[2019-03-21 17:50:46,378] {models.py:1593} INFO - Executing <Task(BashOperator): templated> on 2017-08-15T00:00:00+00:00
[2019-03-21 17:50:46,379] {base_task_runner.py:118} INFO - Running: ['bash', '-c', 'airflow run tutorial templated 2017-08-15T00:00:00+00:00 --job_id 1667 --raw -sd DAGS_FOLDER/example_dags/tutorial.py --cfg_path /tmp/tmp7nvzqcp3']
[2019-03-21 17:50:47,019] {base_task_runner.py:101} INFO - Job 1667: Subtask templated [2019-03-21 17:50:47,018] {__init__.py:51} INFO - Using executor SequentialExecutor
[2019-03-21 17:50:47,248] {base_task_runner.py:101} INFO - Job 1667: Subtask templated [2019-03-21 17:50:47,248] {models.py:273} INFO - Filling up the DagBag from /home/rsandroni/airflow/dags/example_dags/tutorial.py
[2019-03-21 17:50:47,315] {base_task_runner.py:101} INFO - Job 1667: Subtask templated [2019-03-21 17:50:47,315] {cli.py:520} INFO - Running <TaskInstance: tutorial.templated 2017-08-15T00:00:00+00:00 [running]> on host IADAIRP1.globalrs.rack.space
[2019-03-21 17:50:47,331] {bash_operator.py:77} INFO - Tmp dir root location: 
 /tmp
[2019-03-21 17:50:47,332] {bash_operator.py:86} INFO - Exporting the following env vars:
AIRFLOW_CTX_DAG_ID=tutorial
AIRFLOW_CTX_TASK_ID=templated
AIRFLOW_CTX_EXECUTION_DATE=2017-08-15T00:00:00+00:00
AIRFLOW_CTX_DAG_RUN_ID=scheduled__2017-08-15T00:00:00+00:00
[2019-03-21 17:50:47,332] {bash_operator.py:100} INFO - Temporary script location: /tmp/airflowtmpu7f7owb3/templatedq4bez9lg
[2019-03-21 17:50:47,332] {bash_operator.py:110} INFO - Running command: 

    echo "2017-08-15"
    echo "2017-08-22"
    echo "Parameter I passed in"

    echo "2017-08-15"
    echo "2017-08-22"
    echo "Parameter I passed in"

    echo "2017-08-15"
    echo "2017-08-22"
    echo "Parameter I passed in"

    echo "2017-08-15"
    echo "2017-08-22"
    echo "Parameter I passed in"

    echo "2017-08-15"
    echo "2017-08-22"
    echo "Parameter I passed in"

[2019-03-21 17:50:47,338] {bash_operator.py:119} INFO - Output:
[2019-03-21 17:50:47,339] {bash_operator.py:123} INFO - 2017-08-15
[2019-03-21 17:50:47,339] {bash_operator.py:123} INFO - 2017-08-22
[2019-03-21 17:50:47,339] {bash_operator.py:123} INFO - Parameter I passed in
[2019-03-21 17:50:47,339] {bash_operator.py:123} INFO - 2017-08-15
[2019-03-21 17:50:47,339] {bash_operator.py:123} INFO - 2017-08-22
[2019-03-21 17:50:47,339] {bash_operator.py:123} INFO - Parameter I passed in
[2019-03-21 17:50:47,339] {bash_operator.py:123} INFO - 2017-08-15
[2019-03-21 17:50:47,339] {bash_operator.py:123} INFO - 2017-08-22
[2019-03-21 17:50:47,339] {bash_operator.py:123} INFO - Parameter I passed in
[2019-03-21 17:50:47,339] {bash_operator.py:123} INFO - 2017-08-15
[2019-03-21 17:50:47,339] {bash_operator.py:123} INFO - 2017-08-22
[2019-03-21 17:50:47,339] {bash_operator.py:123} INFO - Parameter I passed in
[2019-03-21 17:50:47,339] {bash_operator.py:123} INFO - 2017-08-15
[2019-03-21 17:50:47,339] {bash_operator.py:123} INFO - 2017-08-22
[2019-03-21 17:50:47,340] {bash_operator.py:123} INFO - Parameter I passed in
[2019-03-21 17:50:47,340] {bash_operator.py:127} INFO - Command exited with return code 0
[2019-03-21 17:50:51,354] {logging_mixin.py:95} INFO - [2019-03-21 17:50:51,353] {jobs.py:2527} INFO - Task exited with return code 0
