[2019-03-19 14:51:08,312] {models.py:1359} INFO - Dependencies all met for <TaskInstance: tutorial.templated 2016-12-30T00:00:00+00:00 [queued]>
[2019-03-19 14:51:08,316] {models.py:1359} INFO - Dependencies all met for <TaskInstance: tutorial.templated 2016-12-30T00:00:00+00:00 [queued]>
[2019-03-19 14:51:08,316] {models.py:1571} INFO - 
--------------------------------------------------------------------------------
Starting attempt 1 of 2
--------------------------------------------------------------------------------

[2019-03-19 14:51:08,376] {models.py:1593} INFO - Executing <Task(BashOperator): templated> on 2016-12-30T00:00:00+00:00
[2019-03-19 14:51:08,377] {base_task_runner.py:118} INFO - Running: ['bash', '-c', 'airflow run tutorial templated 2016-12-30T00:00:00+00:00 --job_id 1163 --raw -sd DAGS_FOLDER/example_dags/tutorial.py --cfg_path /tmp/tmpdqdlz08v']
[2019-03-19 14:51:09,504] {base_task_runner.py:101} INFO - Job 1163: Subtask templated [2019-03-19 14:51:09,502] {__init__.py:51} INFO - Using executor SequentialExecutor
[2019-03-19 14:51:09,803] {base_task_runner.py:101} INFO - Job 1163: Subtask templated [2019-03-19 14:51:09,802] {models.py:273} INFO - Filling up the DagBag from /home/rsandroni/airflow/dags/example_dags/tutorial.py
[2019-03-19 14:51:09,845] {base_task_runner.py:101} INFO - Job 1163: Subtask templated [2019-03-19 14:51:09,843] {cli.py:520} INFO - Running <TaskInstance: tutorial.templated 2016-12-30T00:00:00+00:00 [running]> on host IADAIRP1.globalrs.rack.space
[2019-03-19 14:51:09,863] {bash_operator.py:77} INFO - Tmp dir root location: 
 /tmp
[2019-03-19 14:51:09,863] {bash_operator.py:86} INFO - Exporting the following env vars:
AIRFLOW_CTX_DAG_ID=tutorial
AIRFLOW_CTX_TASK_ID=templated
AIRFLOW_CTX_EXECUTION_DATE=2016-12-30T00:00:00+00:00
AIRFLOW_CTX_DAG_RUN_ID=scheduled__2016-12-30T00:00:00+00:00
[2019-03-19 14:51:09,864] {bash_operator.py:100} INFO - Temporary script location: /tmp/airflowtmpm4yinpz3/templateducsln52t
[2019-03-19 14:51:09,864] {bash_operator.py:110} INFO - Running command: 

    echo "2016-12-30"
    echo "2017-01-06"
    echo "Parameter I passed in"

    echo "2016-12-30"
    echo "2017-01-06"
    echo "Parameter I passed in"

    echo "2016-12-30"
    echo "2017-01-06"
    echo "Parameter I passed in"

    echo "2016-12-30"
    echo "2017-01-06"
    echo "Parameter I passed in"

    echo "2016-12-30"
    echo "2017-01-06"
    echo "Parameter I passed in"

[2019-03-19 14:51:09,869] {bash_operator.py:119} INFO - Output:
[2019-03-19 14:51:09,870] {bash_operator.py:123} INFO - 2016-12-30
[2019-03-19 14:51:09,870] {bash_operator.py:123} INFO - 2017-01-06
[2019-03-19 14:51:09,870] {bash_operator.py:123} INFO - Parameter I passed in
[2019-03-19 14:51:09,870] {bash_operator.py:123} INFO - 2016-12-30
[2019-03-19 14:51:09,870] {bash_operator.py:123} INFO - 2017-01-06
[2019-03-19 14:51:09,870] {bash_operator.py:123} INFO - Parameter I passed in
[2019-03-19 14:51:09,870] {bash_operator.py:123} INFO - 2016-12-30
[2019-03-19 14:51:09,870] {bash_operator.py:123} INFO - 2017-01-06
[2019-03-19 14:51:09,870] {bash_operator.py:123} INFO - Parameter I passed in
[2019-03-19 14:51:09,871] {bash_operator.py:123} INFO - 2016-12-30
[2019-03-19 14:51:09,871] {bash_operator.py:123} INFO - 2017-01-06
[2019-03-19 14:51:09,871] {bash_operator.py:123} INFO - Parameter I passed in
[2019-03-19 14:51:09,871] {bash_operator.py:123} INFO - 2016-12-30
[2019-03-19 14:51:09,871] {bash_operator.py:123} INFO - 2017-01-06
[2019-03-19 14:51:09,871] {bash_operator.py:123} INFO - Parameter I passed in
[2019-03-19 14:51:09,871] {bash_operator.py:127} INFO - Command exited with return code 0
[2019-03-19 14:51:13,290] {logging_mixin.py:95} INFO - [2019-03-19 14:51:13,289] {jobs.py:2527} INFO - Task exited with return code 0
