[2019-03-21 20:44:44,074] {models.py:1359} INFO - Dependencies all met for <TaskInstance: tutorial.templated 2018-01-24T00:00:00+00:00 [queued]>
[2019-03-21 20:44:44,081] {models.py:1359} INFO - Dependencies all met for <TaskInstance: tutorial.templated 2018-01-24T00:00:00+00:00 [queued]>
[2019-03-21 20:44:44,081] {models.py:1571} INFO - 
--------------------------------------------------------------------------------
Starting attempt 1 of 2
--------------------------------------------------------------------------------

[2019-03-21 20:44:44,151] {models.py:1593} INFO - Executing <Task(BashOperator): templated> on 2018-01-24T00:00:00+00:00
[2019-03-21 20:44:44,152] {base_task_runner.py:118} INFO - Running: ['bash', '-c', 'airflow run tutorial templated 2018-01-24T00:00:00+00:00 --job_id 2011 --raw -sd DAGS_FOLDER/example_dags/tutorial.py --cfg_path /tmp/tmp7wginjd7']
[2019-03-21 20:44:44,880] {base_task_runner.py:101} INFO - Job 2011: Subtask templated [2019-03-21 20:44:44,879] {__init__.py:51} INFO - Using executor SequentialExecutor
[2019-03-21 20:44:45,215] {base_task_runner.py:101} INFO - Job 2011: Subtask templated [2019-03-21 20:44:45,214] {models.py:273} INFO - Filling up the DagBag from /home/rsandroni/airflow/dags/example_dags/tutorial.py
[2019-03-21 20:44:45,304] {base_task_runner.py:101} INFO - Job 2011: Subtask templated [2019-03-21 20:44:45,303] {cli.py:520} INFO - Running <TaskInstance: tutorial.templated 2018-01-24T00:00:00+00:00 [running]> on host IADAIRP1.globalrs.rack.space
[2019-03-21 20:44:45,348] {bash_operator.py:77} INFO - Tmp dir root location: 
 /tmp
[2019-03-21 20:44:45,348] {bash_operator.py:86} INFO - Exporting the following env vars:
AIRFLOW_CTX_DAG_ID=tutorial
AIRFLOW_CTX_TASK_ID=templated
AIRFLOW_CTX_EXECUTION_DATE=2018-01-24T00:00:00+00:00
AIRFLOW_CTX_DAG_RUN_ID=scheduled__2018-01-24T00:00:00+00:00
[2019-03-21 20:44:45,349] {bash_operator.py:100} INFO - Temporary script location: /tmp/airflowtmpeyxmw9f_/templated3r5l8xvx
[2019-03-21 20:44:45,349] {bash_operator.py:110} INFO - Running command: 

    echo "2018-01-24"
    echo "2018-01-31"
    echo "Parameter I passed in"

    echo "2018-01-24"
    echo "2018-01-31"
    echo "Parameter I passed in"

    echo "2018-01-24"
    echo "2018-01-31"
    echo "Parameter I passed in"

    echo "2018-01-24"
    echo "2018-01-31"
    echo "Parameter I passed in"

    echo "2018-01-24"
    echo "2018-01-31"
    echo "Parameter I passed in"

[2019-03-21 20:44:45,359] {bash_operator.py:119} INFO - Output:
[2019-03-21 20:44:45,359] {bash_operator.py:123} INFO - 2018-01-24
[2019-03-21 20:44:45,359] {bash_operator.py:123} INFO - 2018-01-31
[2019-03-21 20:44:45,359] {bash_operator.py:123} INFO - Parameter I passed in
[2019-03-21 20:44:45,359] {bash_operator.py:123} INFO - 2018-01-24
[2019-03-21 20:44:45,360] {bash_operator.py:123} INFO - 2018-01-31
[2019-03-21 20:44:45,360] {bash_operator.py:123} INFO - Parameter I passed in
[2019-03-21 20:44:45,360] {bash_operator.py:123} INFO - 2018-01-24
[2019-03-21 20:44:45,360] {bash_operator.py:123} INFO - 2018-01-31
[2019-03-21 20:44:45,360] {bash_operator.py:123} INFO - Parameter I passed in
[2019-03-21 20:44:45,360] {bash_operator.py:123} INFO - 2018-01-24
[2019-03-21 20:44:45,360] {bash_operator.py:123} INFO - 2018-01-31
[2019-03-21 20:44:45,360] {bash_operator.py:123} INFO - Parameter I passed in
[2019-03-21 20:44:45,360] {bash_operator.py:123} INFO - 2018-01-24
[2019-03-21 20:44:45,360] {bash_operator.py:123} INFO - 2018-01-31
[2019-03-21 20:44:45,360] {bash_operator.py:123} INFO - Parameter I passed in
[2019-03-21 20:44:45,360] {bash_operator.py:127} INFO - Command exited with return code 0
[2019-03-21 20:44:49,101] {logging_mixin.py:95} INFO - [2019-03-21 20:44:49,101] {jobs.py:2527} INFO - Task exited with return code 0
