[2019-03-21 17:32:10,968] {models.py:1359} INFO - Dependencies all met for <TaskInstance: tutorial.templated 2017-07-18T00:00:00+00:00 [queued]>
[2019-03-21 17:32:10,973] {models.py:1359} INFO - Dependencies all met for <TaskInstance: tutorial.templated 2017-07-18T00:00:00+00:00 [queued]>
[2019-03-21 17:32:10,973] {models.py:1571} INFO - 
--------------------------------------------------------------------------------
Starting attempt 1 of 2
--------------------------------------------------------------------------------

[2019-03-21 17:32:11,032] {models.py:1593} INFO - Executing <Task(BashOperator): templated> on 2017-07-18T00:00:00+00:00
[2019-03-21 17:32:11,032] {base_task_runner.py:118} INFO - Running: ['bash', '-c', 'airflow run tutorial templated 2017-07-18T00:00:00+00:00 --job_id 1597 --raw -sd DAGS_FOLDER/example_dags/tutorial.py --cfg_path /tmp/tmp27fisjah']
[2019-03-21 17:32:13,583] {base_task_runner.py:101} INFO - Job 1597: Subtask templated [2019-03-21 17:32:13,582] {__init__.py:51} INFO - Using executor SequentialExecutor
[2019-03-21 17:32:14,580] {base_task_runner.py:101} INFO - Job 1597: Subtask templated [2019-03-21 17:32:14,573] {models.py:273} INFO - Filling up the DagBag from /home/rsandroni/airflow/dags/example_dags/tutorial.py
[2019-03-21 17:32:14,867] {base_task_runner.py:101} INFO - Job 1597: Subtask templated [2019-03-21 17:32:14,863] {cli.py:520} INFO - Running <TaskInstance: tutorial.templated 2017-07-18T00:00:00+00:00 [running]> on host IADAIRP1.globalrs.rack.space
[2019-03-21 17:32:14,914] {bash_operator.py:77} INFO - Tmp dir root location: 
 /tmp
[2019-03-21 17:32:14,915] {bash_operator.py:86} INFO - Exporting the following env vars:
AIRFLOW_CTX_DAG_ID=tutorial
AIRFLOW_CTX_TASK_ID=templated
AIRFLOW_CTX_EXECUTION_DATE=2017-07-18T00:00:00+00:00
AIRFLOW_CTX_DAG_RUN_ID=scheduled__2017-07-18T00:00:00+00:00
[2019-03-21 17:32:14,915] {bash_operator.py:100} INFO - Temporary script location: /tmp/airflowtmpspyc2l5e/templatedfr479pbc
[2019-03-21 17:32:14,915] {bash_operator.py:110} INFO - Running command: 

    echo "2017-07-18"
    echo "2017-07-25"
    echo "Parameter I passed in"

    echo "2017-07-18"
    echo "2017-07-25"
    echo "Parameter I passed in"

    echo "2017-07-18"
    echo "2017-07-25"
    echo "Parameter I passed in"

    echo "2017-07-18"
    echo "2017-07-25"
    echo "Parameter I passed in"

    echo "2017-07-18"
    echo "2017-07-25"
    echo "Parameter I passed in"

[2019-03-21 17:32:14,975] {bash_operator.py:119} INFO - Output:
[2019-03-21 17:32:14,976] {bash_operator.py:123} INFO - 2017-07-18
[2019-03-21 17:32:14,976] {bash_operator.py:123} INFO - 2017-07-25
[2019-03-21 17:32:14,977] {bash_operator.py:123} INFO - Parameter I passed in
[2019-03-21 17:32:14,977] {bash_operator.py:123} INFO - 2017-07-18
[2019-03-21 17:32:14,977] {bash_operator.py:123} INFO - 2017-07-25
[2019-03-21 17:32:14,977] {bash_operator.py:123} INFO - Parameter I passed in
[2019-03-21 17:32:14,977] {bash_operator.py:123} INFO - 2017-07-18
[2019-03-21 17:32:14,977] {bash_operator.py:123} INFO - 2017-07-25
[2019-03-21 17:32:14,977] {bash_operator.py:123} INFO - Parameter I passed in
[2019-03-21 17:32:14,977] {bash_operator.py:123} INFO - 2017-07-18
[2019-03-21 17:32:14,977] {bash_operator.py:123} INFO - 2017-07-25
[2019-03-21 17:32:14,977] {bash_operator.py:123} INFO - Parameter I passed in
[2019-03-21 17:32:14,977] {bash_operator.py:123} INFO - 2017-07-18
[2019-03-21 17:32:14,977] {bash_operator.py:123} INFO - 2017-07-25
[2019-03-21 17:32:14,977] {bash_operator.py:123} INFO - Parameter I passed in
[2019-03-21 17:32:14,977] {bash_operator.py:127} INFO - Command exited with return code 0
[2019-03-21 17:32:15,971] {logging_mixin.py:95} INFO - [2019-03-21 17:32:15,970] {jobs.py:2527} INFO - Task exited with return code 0
