[2019-03-21 17:13:52,284] {models.py:1359} INFO - Dependencies all met for <TaskInstance: tutorial.print_date 2017-06-19T00:00:00+00:00 [queued]>
[2019-03-21 17:13:52,287] {models.py:1359} INFO - Dependencies all met for <TaskInstance: tutorial.print_date 2017-06-19T00:00:00+00:00 [queued]>
[2019-03-21 17:13:52,287] {models.py:1571} INFO - 
--------------------------------------------------------------------------------
Starting attempt 1 of 2
--------------------------------------------------------------------------------

[2019-03-21 17:13:52,311] {models.py:1593} INFO - Executing <Task(BashOperator): print_date> on 2017-06-19T00:00:00+00:00
[2019-03-21 17:13:52,311] {base_task_runner.py:118} INFO - Running: ['bash', '-c', 'airflow run tutorial print_date 2017-06-19T00:00:00+00:00 --job_id 1523 --raw -sd DAGS_FOLDER/tutorial.py --cfg_path /tmp/tmp5owowe4r']
[2019-03-21 17:13:52,940] {base_task_runner.py:101} INFO - Job 1523: Subtask print_date [2019-03-21 17:13:52,939] {__init__.py:51} INFO - Using executor SequentialExecutor
[2019-03-21 17:13:53,171] {base_task_runner.py:101} INFO - Job 1523: Subtask print_date [2019-03-21 17:13:53,170] {models.py:273} INFO - Filling up the DagBag from /home/rsandroni/airflow/dags/tutorial.py
[2019-03-21 17:13:53,185] {base_task_runner.py:101} INFO - Job 1523: Subtask print_date [2019-03-21 17:13:53,185] {cli.py:520} INFO - Running <TaskInstance: tutorial.print_date 2017-06-19T00:00:00+00:00 [running]> on host IADAIRP1.globalrs.rack.space
[2019-03-21 17:13:53,199] {bash_operator.py:77} INFO - Tmp dir root location: 
 /tmp
[2019-03-21 17:13:53,199] {bash_operator.py:86} INFO - Exporting the following env vars:
AIRFLOW_CTX_DAG_ID=tutorial
AIRFLOW_CTX_TASK_ID=print_date
AIRFLOW_CTX_EXECUTION_DATE=2017-06-19T00:00:00+00:00
AIRFLOW_CTX_DAG_RUN_ID=scheduled__2017-06-19T00:00:00+00:00
[2019-03-21 17:13:53,200] {bash_operator.py:100} INFO - Temporary script location: /tmp/airflowtmp6puwri1a/print_date4pjp7t8u
[2019-03-21 17:13:53,200] {bash_operator.py:110} INFO - Running command: date
[2019-03-21 17:13:53,205] {bash_operator.py:119} INFO - Output:
[2019-03-21 17:13:53,207] {bash_operator.py:123} INFO - Qui Mar 21 17:13:53 -03 2019
[2019-03-21 17:13:53,207] {bash_operator.py:127} INFO - Command exited with return code 0
[2019-03-21 17:13:57,293] {logging_mixin.py:95} INFO - [2019-03-21 17:13:57,292] {jobs.py:2527} INFO - Task exited with return code 0
