[2019-03-21 18:49:59,575] {models.py:1359} INFO - Dependencies all met for <TaskInstance: tutorial.templated 2017-10-28T00:00:00+00:00 [queued]>
[2019-03-21 18:49:59,579] {models.py:1359} INFO - Dependencies all met for <TaskInstance: tutorial.templated 2017-10-28T00:00:00+00:00 [queued]>
[2019-03-21 18:49:59,580] {models.py:1571} INFO - 
--------------------------------------------------------------------------------
Starting attempt 1 of 2
--------------------------------------------------------------------------------

[2019-03-21 18:49:59,599] {models.py:1593} INFO - Executing <Task(BashOperator): templated> on 2017-10-28T00:00:00+00:00
[2019-03-21 18:49:59,600] {base_task_runner.py:118} INFO - Running: ['bash', '-c', 'airflow run tutorial templated 2017-10-28T00:00:00+00:00 --job_id 1835 --raw -sd DAGS_FOLDER/example_dags/tutorial.py --cfg_path /tmp/tmpiy9xpm5f']
[2019-03-21 18:50:00,267] {base_task_runner.py:101} INFO - Job 1835: Subtask templated [2019-03-21 18:50:00,266] {__init__.py:51} INFO - Using executor SequentialExecutor
[2019-03-21 18:50:00,511] {base_task_runner.py:101} INFO - Job 1835: Subtask templated [2019-03-21 18:50:00,510] {models.py:273} INFO - Filling up the DagBag from /home/rsandroni/airflow/dags/example_dags/tutorial.py
[2019-03-21 18:50:00,578] {base_task_runner.py:101} INFO - Job 1835: Subtask templated [2019-03-21 18:50:00,578] {cli.py:520} INFO - Running <TaskInstance: tutorial.templated 2017-10-28T00:00:00+00:00 [running]> on host IADAIRP1.globalrs.rack.space
[2019-03-21 18:50:00,594] {bash_operator.py:77} INFO - Tmp dir root location: 
 /tmp
[2019-03-21 18:50:00,594] {bash_operator.py:86} INFO - Exporting the following env vars:
AIRFLOW_CTX_DAG_ID=tutorial
AIRFLOW_CTX_TASK_ID=templated
AIRFLOW_CTX_EXECUTION_DATE=2017-10-28T00:00:00+00:00
AIRFLOW_CTX_DAG_RUN_ID=scheduled__2017-10-28T00:00:00+00:00
[2019-03-21 18:50:00,595] {bash_operator.py:100} INFO - Temporary script location: /tmp/airflowtmpkgnmn29t/templatedb04u29a6
[2019-03-21 18:50:00,595] {bash_operator.py:110} INFO - Running command: 

    echo "2017-10-28"
    echo "2017-11-04"
    echo "Parameter I passed in"

    echo "2017-10-28"
    echo "2017-11-04"
    echo "Parameter I passed in"

    echo "2017-10-28"
    echo "2017-11-04"
    echo "Parameter I passed in"

    echo "2017-10-28"
    echo "2017-11-04"
    echo "Parameter I passed in"

    echo "2017-10-28"
    echo "2017-11-04"
    echo "Parameter I passed in"

[2019-03-21 18:50:00,601] {bash_operator.py:119} INFO - Output:
[2019-03-21 18:50:00,602] {bash_operator.py:123} INFO - 2017-10-28
[2019-03-21 18:50:00,602] {bash_operator.py:123} INFO - 2017-11-04
[2019-03-21 18:50:00,602] {bash_operator.py:123} INFO - Parameter I passed in
[2019-03-21 18:50:00,602] {bash_operator.py:123} INFO - 2017-10-28
[2019-03-21 18:50:00,602] {bash_operator.py:123} INFO - 2017-11-04
[2019-03-21 18:50:00,602] {bash_operator.py:123} INFO - Parameter I passed in
[2019-03-21 18:50:00,602] {bash_operator.py:123} INFO - 2017-10-28
[2019-03-21 18:50:00,602] {bash_operator.py:123} INFO - 2017-11-04
[2019-03-21 18:50:00,602] {bash_operator.py:123} INFO - Parameter I passed in
[2019-03-21 18:50:00,602] {bash_operator.py:123} INFO - 2017-10-28
[2019-03-21 18:50:00,602] {bash_operator.py:123} INFO - 2017-11-04
[2019-03-21 18:50:00,602] {bash_operator.py:123} INFO - Parameter I passed in
[2019-03-21 18:50:00,602] {bash_operator.py:123} INFO - 2017-10-28
[2019-03-21 18:50:00,602] {bash_operator.py:123} INFO - 2017-11-04
[2019-03-21 18:50:00,602] {bash_operator.py:123} INFO - Parameter I passed in
[2019-03-21 18:50:00,603] {bash_operator.py:127} INFO - Command exited with return code 0
[2019-03-21 18:50:04,575] {logging_mixin.py:95} INFO - [2019-03-21 18:50:04,574] {jobs.py:2527} INFO - Task exited with return code 0
