[2019-03-19 15:09:35,191] {models.py:1359} INFO - Dependencies all met for <TaskInstance: tutorial.print_date 2017-02-09T00:00:00+00:00 [queued]>
[2019-03-19 15:09:35,194] {models.py:1359} INFO - Dependencies all met for <TaskInstance: tutorial.print_date 2017-02-09T00:00:00+00:00 [queued]>
[2019-03-19 15:09:35,195] {models.py:1571} INFO - 
--------------------------------------------------------------------------------
Starting attempt 1 of 2
--------------------------------------------------------------------------------

[2019-03-19 15:09:35,253] {models.py:1593} INFO - Executing <Task(BashOperator): print_date> on 2017-02-09T00:00:00+00:00
[2019-03-19 15:09:35,253] {base_task_runner.py:118} INFO - Running: ['bash', '-c', 'airflow run tutorial print_date 2017-02-09T00:00:00+00:00 --job_id 1243 --raw -sd DAGS_FOLDER/tutorial.py --cfg_path /tmp/tmp4x9rciw7']
[2019-03-19 15:09:36,872] {base_task_runner.py:101} INFO - Job 1243: Subtask print_date [2019-03-19 15:09:36,863] {__init__.py:51} INFO - Using executor SequentialExecutor
[2019-03-19 15:09:37,741] {base_task_runner.py:101} INFO - Job 1243: Subtask print_date [2019-03-19 15:09:37,733] {models.py:273} INFO - Filling up the DagBag from /home/rsandroni/airflow/dags/tutorial.py
[2019-03-19 15:09:37,777] {base_task_runner.py:101} INFO - Job 1243: Subtask print_date [2019-03-19 15:09:37,773] {cli.py:520} INFO - Running <TaskInstance: tutorial.print_date 2017-02-09T00:00:00+00:00 [running]> on host IADAIRP1.globalrs.rack.space
[2019-03-19 15:09:37,813] {bash_operator.py:77} INFO - Tmp dir root location: 
 /tmp
[2019-03-19 15:09:37,813] {bash_operator.py:86} INFO - Exporting the following env vars:
AIRFLOW_CTX_DAG_ID=tutorial
AIRFLOW_CTX_TASK_ID=print_date
AIRFLOW_CTX_EXECUTION_DATE=2017-02-09T00:00:00+00:00
AIRFLOW_CTX_DAG_RUN_ID=scheduled__2017-02-09T00:00:00+00:00
[2019-03-19 15:09:37,813] {bash_operator.py:100} INFO - Temporary script location: /tmp/airflowtmpojdvodmb/print_datejjpiuqnr
[2019-03-19 15:09:37,813] {bash_operator.py:110} INFO - Running command: date
[2019-03-19 15:09:37,846] {bash_operator.py:119} INFO - Output:
[2019-03-19 15:09:37,855] {bash_operator.py:123} INFO - Ter Mar 19 15:09:37 -03 2019
[2019-03-19 15:09:37,856] {bash_operator.py:127} INFO - Command exited with return code 0
[2019-03-19 15:09:40,130] {logging_mixin.py:95} INFO - [2019-03-19 15:09:40,130] {jobs.py:2527} INFO - Task exited with return code 0
