[2019-03-21 18:09:14,923] {models.py:1359} INFO - Dependencies all met for <TaskInstance: tutorial.print_date 2017-09-15T00:00:00+00:00 [queued]>
[2019-03-21 18:09:14,926] {models.py:1359} INFO - Dependencies all met for <TaskInstance: tutorial.print_date 2017-09-15T00:00:00+00:00 [queued]>
[2019-03-21 18:09:14,926] {models.py:1571} INFO - 
--------------------------------------------------------------------------------
Starting attempt 1 of 2
--------------------------------------------------------------------------------

[2019-03-21 18:09:14,942] {models.py:1593} INFO - Executing <Task(BashOperator): print_date> on 2017-09-15T00:00:00+00:00
[2019-03-21 18:09:14,943] {base_task_runner.py:118} INFO - Running: ['bash', '-c', 'airflow run tutorial print_date 2017-09-15T00:00:00+00:00 --job_id 1743 --raw -sd DAGS_FOLDER/tutorial.py --cfg_path /tmp/tmptw8k3z1s']
[2019-03-21 18:09:15,581] {base_task_runner.py:101} INFO - Job 1743: Subtask print_date [2019-03-21 18:09:15,580] {__init__.py:51} INFO - Using executor SequentialExecutor
[2019-03-21 18:09:15,819] {base_task_runner.py:101} INFO - Job 1743: Subtask print_date [2019-03-21 18:09:15,819] {models.py:273} INFO - Filling up the DagBag from /home/rsandroni/airflow/dags/tutorial.py
[2019-03-21 18:09:15,834] {base_task_runner.py:101} INFO - Job 1743: Subtask print_date [2019-03-21 18:09:15,834] {cli.py:520} INFO - Running <TaskInstance: tutorial.print_date 2017-09-15T00:00:00+00:00 [running]> on host IADAIRP1.globalrs.rack.space
[2019-03-21 18:09:15,847] {bash_operator.py:77} INFO - Tmp dir root location: 
 /tmp
[2019-03-21 18:09:15,847] {bash_operator.py:86} INFO - Exporting the following env vars:
AIRFLOW_CTX_DAG_ID=tutorial
AIRFLOW_CTX_TASK_ID=print_date
AIRFLOW_CTX_EXECUTION_DATE=2017-09-15T00:00:00+00:00
AIRFLOW_CTX_DAG_RUN_ID=scheduled__2017-09-15T00:00:00+00:00
[2019-03-21 18:09:15,848] {bash_operator.py:100} INFO - Temporary script location: /tmp/airflowtmptiu1gx2l/print_date96bv8ff_
[2019-03-21 18:09:15,848] {bash_operator.py:110} INFO - Running command: date
[2019-03-21 18:09:15,853] {bash_operator.py:119} INFO - Output:
[2019-03-21 18:09:15,855] {bash_operator.py:123} INFO - Qui Mar 21 18:09:15 -03 2019
[2019-03-21 18:09:15,856] {bash_operator.py:127} INFO - Command exited with return code 0
[2019-03-21 18:09:19,930] {logging_mixin.py:95} INFO - [2019-03-21 18:09:19,929] {jobs.py:2527} INFO - Task exited with return code 0
