[2019-03-19 11:34:13,911] {models.py:1359} INFO - Dependencies all met for <TaskInstance: tutorial.templated 2015-11-06T00:00:00+00:00 [queued]>
[2019-03-19 11:34:13,915] {models.py:1359} INFO - Dependencies all met for <TaskInstance: tutorial.templated 2015-11-06T00:00:00+00:00 [queued]>
[2019-03-19 11:34:13,915] {models.py:1571} INFO - 
--------------------------------------------------------------------------------
Starting attempt 1 of 2
--------------------------------------------------------------------------------

[2019-03-19 11:34:13,925] {models.py:1593} INFO - Executing <Task(BashOperator): templated> on 2015-11-06T00:00:00+00:00
[2019-03-19 11:34:13,925] {base_task_runner.py:118} INFO - Running: ['bash', '-c', 'airflow run tutorial templated 2015-11-06T00:00:00+00:00 --job_id 323 --raw -sd DAGS_FOLDER/example_dags/tutorial.py --cfg_path /tmp/tmpatyycihd']
[2019-03-19 11:34:14,527] {base_task_runner.py:101} INFO - Job 323: Subtask templated [2019-03-19 11:34:14,527] {__init__.py:51} INFO - Using executor SequentialExecutor
[2019-03-19 11:34:14,743] {base_task_runner.py:101} INFO - Job 323: Subtask templated [2019-03-19 11:34:14,742] {models.py:273} INFO - Filling up the DagBag from /home/rsandroni/airflow/dags/example_dags/tutorial.py
[2019-03-19 11:34:14,782] {base_task_runner.py:101} INFO - Job 323: Subtask templated [2019-03-19 11:34:14,781] {cli.py:520} INFO - Running <TaskInstance: tutorial.templated 2015-11-06T00:00:00+00:00 [running]> on host IADAIRP1.globalrs.rack.space
[2019-03-19 11:34:14,798] {bash_operator.py:77} INFO - Tmp dir root location: 
 /tmp
[2019-03-19 11:34:14,798] {bash_operator.py:86} INFO - Exporting the following env vars:
AIRFLOW_CTX_DAG_ID=tutorial
AIRFLOW_CTX_TASK_ID=templated
AIRFLOW_CTX_EXECUTION_DATE=2015-11-06T00:00:00+00:00
AIRFLOW_CTX_DAG_RUN_ID=scheduled__2015-11-06T00:00:00+00:00
[2019-03-19 11:34:14,798] {bash_operator.py:100} INFO - Temporary script location: /tmp/airflowtmp1t7igvqq/templatedqikx4aqu
[2019-03-19 11:34:14,798] {bash_operator.py:110} INFO - Running command: 

    echo "2015-11-06"
    echo "2015-11-13"
    echo "Parameter I passed in"

    echo "2015-11-06"
    echo "2015-11-13"
    echo "Parameter I passed in"

    echo "2015-11-06"
    echo "2015-11-13"
    echo "Parameter I passed in"

    echo "2015-11-06"
    echo "2015-11-13"
    echo "Parameter I passed in"

    echo "2015-11-06"
    echo "2015-11-13"
    echo "Parameter I passed in"

[2019-03-19 11:34:14,803] {bash_operator.py:119} INFO - Output:
[2019-03-19 11:34:14,805] {bash_operator.py:123} INFO - 2015-11-06
[2019-03-19 11:34:14,805] {bash_operator.py:123} INFO - 2015-11-13
[2019-03-19 11:34:14,805] {bash_operator.py:123} INFO - Parameter I passed in
[2019-03-19 11:34:14,805] {bash_operator.py:123} INFO - 2015-11-06
[2019-03-19 11:34:14,805] {bash_operator.py:123} INFO - 2015-11-13
[2019-03-19 11:34:14,805] {bash_operator.py:123} INFO - Parameter I passed in
[2019-03-19 11:34:14,805] {bash_operator.py:123} INFO - 2015-11-06
[2019-03-19 11:34:14,805] {bash_operator.py:123} INFO - 2015-11-13
[2019-03-19 11:34:14,805] {bash_operator.py:123} INFO - Parameter I passed in
[2019-03-19 11:34:14,805] {bash_operator.py:123} INFO - 2015-11-06
[2019-03-19 11:34:14,805] {bash_operator.py:123} INFO - 2015-11-13
[2019-03-19 11:34:14,805] {bash_operator.py:123} INFO - Parameter I passed in
[2019-03-19 11:34:14,805] {bash_operator.py:123} INFO - 2015-11-06
[2019-03-19 11:34:14,805] {bash_operator.py:123} INFO - 2015-11-13
[2019-03-19 11:34:14,805] {bash_operator.py:123} INFO - Parameter I passed in
[2019-03-19 11:34:14,805] {bash_operator.py:127} INFO - Command exited with return code 0
[2019-03-19 11:34:18,915] {logging_mixin.py:95} INFO - [2019-03-19 11:34:18,914] {jobs.py:2527} INFO - Task exited with return code 0
