[2019-03-19 15:35:34,735] {models.py:1359} INFO - Dependencies all met for <TaskInstance: tutorial.print_date 2017-04-07T00:00:00+00:00 [queued]>
[2019-03-19 15:35:34,738] {models.py:1359} INFO - Dependencies all met for <TaskInstance: tutorial.print_date 2017-04-07T00:00:00+00:00 [queued]>
[2019-03-19 15:35:34,738] {models.py:1571} INFO - 
--------------------------------------------------------------------------------
Starting attempt 1 of 2
--------------------------------------------------------------------------------

[2019-03-19 15:35:34,807] {models.py:1593} INFO - Executing <Task(BashOperator): print_date> on 2017-04-07T00:00:00+00:00
[2019-03-19 15:35:34,807] {base_task_runner.py:118} INFO - Running: ['bash', '-c', 'airflow run tutorial print_date 2017-04-07T00:00:00+00:00 --job_id 1357 --raw -sd DAGS_FOLDER/tutorial.py --cfg_path /tmp/tmp6mcxpqnx']
[2019-03-19 15:35:35,852] {base_task_runner.py:101} INFO - Job 1357: Subtask print_date [2019-03-19 15:35:35,851] {__init__.py:51} INFO - Using executor SequentialExecutor
[2019-03-19 15:35:36,253] {base_task_runner.py:101} INFO - Job 1357: Subtask print_date [2019-03-19 15:35:36,245] {models.py:273} INFO - Filling up the DagBag from /home/rsandroni/airflow/dags/tutorial.py
[2019-03-19 15:35:36,301] {base_task_runner.py:101} INFO - Job 1357: Subtask print_date [2019-03-19 15:35:36,300] {cli.py:520} INFO - Running <TaskInstance: tutorial.print_date 2017-04-07T00:00:00+00:00 [running]> on host IADAIRP1.globalrs.rack.space
[2019-03-19 15:35:36,335] {bash_operator.py:77} INFO - Tmp dir root location: 
 /tmp
[2019-03-19 15:35:36,335] {bash_operator.py:86} INFO - Exporting the following env vars:
AIRFLOW_CTX_DAG_ID=tutorial
AIRFLOW_CTX_TASK_ID=print_date
AIRFLOW_CTX_EXECUTION_DATE=2017-04-07T00:00:00+00:00
AIRFLOW_CTX_DAG_RUN_ID=scheduled__2017-04-07T00:00:00+00:00
[2019-03-19 15:35:36,335] {bash_operator.py:100} INFO - Temporary script location: /tmp/airflowtmpob3m2hj5/print_dateg1678pv_
[2019-03-19 15:35:36,335] {bash_operator.py:110} INFO - Running command: date
[2019-03-19 15:35:36,375] {bash_operator.py:119} INFO - Output:
[2019-03-19 15:35:36,386] {bash_operator.py:123} INFO - Ter Mar 19 15:35:36 -03 2019
[2019-03-19 15:35:36,386] {bash_operator.py:127} INFO - Command exited with return code 0
[2019-03-19 15:35:39,680] {logging_mixin.py:95} INFO - [2019-03-19 15:35:39,679] {jobs.py:2527} INFO - Task exited with return code 0
