[2019-03-19 13:43:08,642] {models.py:1359} INFO - Dependencies all met for <TaskInstance: tutorial.print_date 2016-08-13T00:00:00+00:00 [queued]>
[2019-03-19 13:43:08,644] {models.py:1359} INFO - Dependencies all met for <TaskInstance: tutorial.print_date 2016-08-13T00:00:00+00:00 [queued]>
[2019-03-19 13:43:08,644] {models.py:1571} INFO - 
--------------------------------------------------------------------------------
Starting attempt 1 of 2
--------------------------------------------------------------------------------

[2019-03-19 13:43:08,660] {models.py:1593} INFO - Executing <Task(BashOperator): print_date> on 2016-08-13T00:00:00+00:00
[2019-03-19 13:43:08,660] {base_task_runner.py:118} INFO - Running: ['bash', '-c', 'airflow run tutorial print_date 2016-08-13T00:00:00+00:00 --job_id 883 --raw -sd DAGS_FOLDER/tutorial.py --cfg_path /tmp/tmphvcnu9p_']
[2019-03-19 13:43:09,266] {base_task_runner.py:101} INFO - Job 883: Subtask print_date [2019-03-19 13:43:09,265] {__init__.py:51} INFO - Using executor SequentialExecutor
[2019-03-19 13:43:09,503] {base_task_runner.py:101} INFO - Job 883: Subtask print_date [2019-03-19 13:43:09,502] {models.py:273} INFO - Filling up the DagBag from /home/rsandroni/airflow/dags/tutorial.py
[2019-03-19 13:43:09,518] {base_task_runner.py:101} INFO - Job 883: Subtask print_date [2019-03-19 13:43:09,517] {cli.py:520} INFO - Running <TaskInstance: tutorial.print_date 2016-08-13T00:00:00+00:00 [running]> on host IADAIRP1.globalrs.rack.space
[2019-03-19 13:43:09,530] {bash_operator.py:77} INFO - Tmp dir root location: 
 /tmp
[2019-03-19 13:43:09,530] {bash_operator.py:86} INFO - Exporting the following env vars:
AIRFLOW_CTX_DAG_ID=tutorial
AIRFLOW_CTX_TASK_ID=print_date
AIRFLOW_CTX_EXECUTION_DATE=2016-08-13T00:00:00+00:00
AIRFLOW_CTX_DAG_RUN_ID=scheduled__2016-08-13T00:00:00+00:00
[2019-03-19 13:43:09,531] {bash_operator.py:100} INFO - Temporary script location: /tmp/airflowtmpraodkk6w/print_dates7cfb4je
[2019-03-19 13:43:09,531] {bash_operator.py:110} INFO - Running command: date
[2019-03-19 13:43:09,536] {bash_operator.py:119} INFO - Output:
[2019-03-19 13:43:09,538] {bash_operator.py:123} INFO - Ter Mar 19 13:43:09 -03 2019
[2019-03-19 13:43:09,538] {bash_operator.py:127} INFO - Command exited with return code 0
[2019-03-19 13:43:13,648] {logging_mixin.py:95} INFO - [2019-03-19 13:43:13,647] {jobs.py:2527} INFO - Task exited with return code 0
