[2019-03-22 05:53:05,270] {models.py:1359} INFO - Dependencies all met for <TaskInstance: tutorial.print_date 2019-03-17T00:00:00+00:00 [queued]>
[2019-03-22 05:53:05,273] {models.py:1359} INFO - Dependencies all met for <TaskInstance: tutorial.print_date 2019-03-17T00:00:00+00:00 [queued]>
[2019-03-22 05:53:05,273] {models.py:1571} INFO - 
--------------------------------------------------------------------------------
Starting attempt 1 of 2
--------------------------------------------------------------------------------

[2019-03-22 05:53:05,288] {models.py:1593} INFO - Executing <Task(BashOperator): print_date> on 2019-03-17T00:00:00+00:00
[2019-03-22 05:53:05,288] {base_task_runner.py:118} INFO - Running: ['bash', '-c', 'airflow run tutorial print_date 2019-03-17T00:00:00+00:00 --job_id 2844 --raw -sd DAGS_FOLDER/tutorial.py --cfg_path /tmp/tmpwi0frjdi']
[2019-03-22 05:53:05,936] {base_task_runner.py:101} INFO - Job 2844: Subtask print_date [2019-03-22 05:53:05,935] {__init__.py:51} INFO - Using executor SequentialExecutor
[2019-03-22 05:53:06,219] {base_task_runner.py:101} INFO - Job 2844: Subtask print_date [2019-03-22 05:53:06,218] {models.py:273} INFO - Filling up the DagBag from /home/rsandroni/airflow/dags/tutorial.py
[2019-03-22 05:53:06,234] {base_task_runner.py:101} INFO - Job 2844: Subtask print_date [2019-03-22 05:53:06,234] {cli.py:520} INFO - Running <TaskInstance: tutorial.print_date 2019-03-17T00:00:00+00:00 [running]> on host IADAIRP1.globalrs.rack.space
[2019-03-22 05:53:06,247] {bash_operator.py:77} INFO - Tmp dir root location: 
 /tmp
[2019-03-22 05:53:06,247] {bash_operator.py:86} INFO - Exporting the following env vars:
AIRFLOW_CTX_DAG_ID=tutorial
AIRFLOW_CTX_TASK_ID=print_date
AIRFLOW_CTX_EXECUTION_DATE=2019-03-17T00:00:00+00:00
AIRFLOW_CTX_DAG_RUN_ID=scheduled__2019-03-17T00:00:00+00:00
[2019-03-22 05:53:06,247] {bash_operator.py:100} INFO - Temporary script location: /tmp/airflowtmpmlc2fl7k/print_date0fb446c0
[2019-03-22 05:53:06,248] {bash_operator.py:110} INFO - Running command: date
[2019-03-22 05:53:06,254] {bash_operator.py:119} INFO - Output:
[2019-03-22 05:53:06,257] {bash_operator.py:123} INFO - Sex Mar 22 05:53:06 -03 2019
[2019-03-22 05:53:06,257] {bash_operator.py:127} INFO - Command exited with return code 0
[2019-03-22 05:53:10,300] {logging_mixin.py:95} INFO - [2019-03-22 05:53:10,299] {jobs.py:2527} INFO - Task exited with return code 0
