[2019-03-21 22:13:29,077] {models.py:1359} INFO - Dependencies all met for <TaskInstance: tutorial.templated 2018-04-01T00:00:00+00:00 [queued]>
[2019-03-21 22:13:29,082] {models.py:1359} INFO - Dependencies all met for <TaskInstance: tutorial.templated 2018-04-01T00:00:00+00:00 [queued]>
[2019-03-21 22:13:29,082] {models.py:1571} INFO - 
--------------------------------------------------------------------------------
Starting attempt 1 of 2
--------------------------------------------------------------------------------

[2019-03-21 22:13:29,098] {models.py:1593} INFO - Executing <Task(BashOperator): templated> on 2018-04-01T00:00:00+00:00
[2019-03-21 22:13:29,098] {base_task_runner.py:118} INFO - Running: ['bash', '-c', 'airflow run tutorial templated 2018-04-01T00:00:00+00:00 --job_id 2146 --raw -sd DAGS_FOLDER/example_dags/tutorial.py --cfg_path /tmp/tmphdiif41n']
[2019-03-21 22:13:29,733] {base_task_runner.py:101} INFO - Job 2146: Subtask templated [2019-03-21 22:13:29,733] {__init__.py:51} INFO - Using executor SequentialExecutor
[2019-03-21 22:13:29,962] {base_task_runner.py:101} INFO - Job 2146: Subtask templated [2019-03-21 22:13:29,961] {models.py:273} INFO - Filling up the DagBag from /home/rsandroni/airflow/dags/example_dags/tutorial.py
[2019-03-21 22:13:30,028] {base_task_runner.py:101} INFO - Job 2146: Subtask templated [2019-03-21 22:13:30,028] {cli.py:520} INFO - Running <TaskInstance: tutorial.templated 2018-04-01T00:00:00+00:00 [running]> on host IADAIRP1.globalrs.rack.space
[2019-03-21 22:13:30,048] {bash_operator.py:77} INFO - Tmp dir root location: 
 /tmp
[2019-03-21 22:13:30,049] {bash_operator.py:86} INFO - Exporting the following env vars:
AIRFLOW_CTX_DAG_ID=tutorial
AIRFLOW_CTX_TASK_ID=templated
AIRFLOW_CTX_EXECUTION_DATE=2018-04-01T00:00:00+00:00
AIRFLOW_CTX_DAG_RUN_ID=scheduled__2018-04-01T00:00:00+00:00
[2019-03-21 22:13:30,049] {bash_operator.py:100} INFO - Temporary script location: /tmp/airflowtmpxgisj943/templated78na1dtd
[2019-03-21 22:13:30,049] {bash_operator.py:110} INFO - Running command: 

    echo "2018-04-01"
    echo "2018-04-08"
    echo "Parameter I passed in"

    echo "2018-04-01"
    echo "2018-04-08"
    echo "Parameter I passed in"

    echo "2018-04-01"
    echo "2018-04-08"
    echo "Parameter I passed in"

    echo "2018-04-01"
    echo "2018-04-08"
    echo "Parameter I passed in"

    echo "2018-04-01"
    echo "2018-04-08"
    echo "Parameter I passed in"

[2019-03-21 22:13:30,055] {bash_operator.py:119} INFO - Output:
[2019-03-21 22:13:30,056] {bash_operator.py:123} INFO - 2018-04-01
[2019-03-21 22:13:30,057] {bash_operator.py:123} INFO - 2018-04-08
[2019-03-21 22:13:30,057] {bash_operator.py:123} INFO - Parameter I passed in
[2019-03-21 22:13:30,057] {bash_operator.py:123} INFO - 2018-04-01
[2019-03-21 22:13:30,057] {bash_operator.py:123} INFO - 2018-04-08
[2019-03-21 22:13:30,057] {bash_operator.py:123} INFO - Parameter I passed in
[2019-03-21 22:13:30,057] {bash_operator.py:123} INFO - 2018-04-01
[2019-03-21 22:13:30,057] {bash_operator.py:123} INFO - 2018-04-08
[2019-03-21 22:13:30,057] {bash_operator.py:123} INFO - Parameter I passed in
[2019-03-21 22:13:30,057] {bash_operator.py:123} INFO - 2018-04-01
[2019-03-21 22:13:30,057] {bash_operator.py:123} INFO - 2018-04-08
[2019-03-21 22:13:30,057] {bash_operator.py:123} INFO - Parameter I passed in
[2019-03-21 22:13:30,057] {bash_operator.py:123} INFO - 2018-04-01
[2019-03-21 22:13:30,057] {bash_operator.py:123} INFO - 2018-04-08
[2019-03-21 22:13:30,058] {bash_operator.py:123} INFO - Parameter I passed in
[2019-03-21 22:13:30,058] {bash_operator.py:127} INFO - Command exited with return code 0
[2019-03-21 22:13:34,076] {logging_mixin.py:95} INFO - [2019-03-21 22:13:34,076] {jobs.py:2527} INFO - Task exited with return code 0
