[2019-03-21 23:18:30,338] {models.py:1359} INFO - Dependencies all met for <TaskInstance: tutorial.templated 2018-05-22T00:00:00+00:00 [queued]>
[2019-03-21 23:18:30,343] {models.py:1359} INFO - Dependencies all met for <TaskInstance: tutorial.templated 2018-05-22T00:00:00+00:00 [queued]>
[2019-03-21 23:18:30,343] {models.py:1571} INFO - 
--------------------------------------------------------------------------------
Starting attempt 1 of 2
--------------------------------------------------------------------------------

[2019-03-21 23:18:30,358] {models.py:1593} INFO - Executing <Task(BashOperator): templated> on 2018-05-22T00:00:00+00:00
[2019-03-21 23:18:30,358] {base_task_runner.py:118} INFO - Running: ['bash', '-c', 'airflow run tutorial templated 2018-05-22T00:00:00+00:00 --job_id 2247 --raw -sd DAGS_FOLDER/example_dags/tutorial.py --cfg_path /tmp/tmpd21q3cbk']
[2019-03-21 23:18:30,991] {base_task_runner.py:101} INFO - Job 2247: Subtask templated [2019-03-21 23:18:30,990] {__init__.py:51} INFO - Using executor SequentialExecutor
[2019-03-21 23:18:31,221] {base_task_runner.py:101} INFO - Job 2247: Subtask templated [2019-03-21 23:18:31,220] {models.py:273} INFO - Filling up the DagBag from /home/rsandroni/airflow/dags/example_dags/tutorial.py
[2019-03-21 23:18:31,287] {base_task_runner.py:101} INFO - Job 2247: Subtask templated [2019-03-21 23:18:31,284] {cli.py:520} INFO - Running <TaskInstance: tutorial.templated 2018-05-22T00:00:00+00:00 [running]> on host IADAIRP1.globalrs.rack.space
[2019-03-21 23:18:31,301] {bash_operator.py:77} INFO - Tmp dir root location: 
 /tmp
[2019-03-21 23:18:31,301] {bash_operator.py:86} INFO - Exporting the following env vars:
AIRFLOW_CTX_DAG_ID=tutorial
AIRFLOW_CTX_TASK_ID=templated
AIRFLOW_CTX_EXECUTION_DATE=2018-05-22T00:00:00+00:00
AIRFLOW_CTX_DAG_RUN_ID=scheduled__2018-05-22T00:00:00+00:00
[2019-03-21 23:18:31,302] {bash_operator.py:100} INFO - Temporary script location: /tmp/airflowtmps3vfoac9/templatedmolidyhg
[2019-03-21 23:18:31,302] {bash_operator.py:110} INFO - Running command: 

    echo "2018-05-22"
    echo "2018-05-29"
    echo "Parameter I passed in"

    echo "2018-05-22"
    echo "2018-05-29"
    echo "Parameter I passed in"

    echo "2018-05-22"
    echo "2018-05-29"
    echo "Parameter I passed in"

    echo "2018-05-22"
    echo "2018-05-29"
    echo "Parameter I passed in"

    echo "2018-05-22"
    echo "2018-05-29"
    echo "Parameter I passed in"

[2019-03-21 23:18:31,308] {bash_operator.py:119} INFO - Output:
[2019-03-21 23:18:31,309] {bash_operator.py:123} INFO - 2018-05-22
[2019-03-21 23:18:31,309] {bash_operator.py:123} INFO - 2018-05-29
[2019-03-21 23:18:31,309] {bash_operator.py:123} INFO - Parameter I passed in
[2019-03-21 23:18:31,309] {bash_operator.py:123} INFO - 2018-05-22
[2019-03-21 23:18:31,309] {bash_operator.py:123} INFO - 2018-05-29
[2019-03-21 23:18:31,309] {bash_operator.py:123} INFO - Parameter I passed in
[2019-03-21 23:18:31,309] {bash_operator.py:123} INFO - 2018-05-22
[2019-03-21 23:18:31,309] {bash_operator.py:123} INFO - 2018-05-29
[2019-03-21 23:18:31,309] {bash_operator.py:123} INFO - Parameter I passed in
[2019-03-21 23:18:31,310] {bash_operator.py:123} INFO - 2018-05-22
[2019-03-21 23:18:31,310] {bash_operator.py:123} INFO - 2018-05-29
[2019-03-21 23:18:31,310] {bash_operator.py:123} INFO - Parameter I passed in
[2019-03-21 23:18:31,310] {bash_operator.py:123} INFO - 2018-05-22
[2019-03-21 23:18:31,310] {bash_operator.py:123} INFO - 2018-05-29
[2019-03-21 23:18:31,310] {bash_operator.py:123} INFO - Parameter I passed in
[2019-03-21 23:18:31,310] {bash_operator.py:127} INFO - Command exited with return code 0
[2019-03-21 23:18:35,344] {logging_mixin.py:95} INFO - [2019-03-21 23:18:35,343] {jobs.py:2527} INFO - Task exited with return code 0
