[2019-03-19 10:19:24,690] {models.py:1359} INFO - Dependencies all met for <TaskInstance: tutorial.print_date 2015-06-10T00:00:00+00:00 [queued]>
[2019-03-19 10:19:24,692] {models.py:1359} INFO - Dependencies all met for <TaskInstance: tutorial.print_date 2015-06-10T00:00:00+00:00 [queued]>
[2019-03-19 10:19:24,692] {models.py:1571} INFO - 
--------------------------------------------------------------------------------
Starting attempt 1 of 2
--------------------------------------------------------------------------------

[2019-03-19 10:19:24,705] {models.py:1593} INFO - Executing <Task(BashOperator): print_date> on 2015-06-10T00:00:00+00:00
[2019-03-19 10:19:24,705] {base_task_runner.py:118} INFO - Running: ['bash', '-c', 'airflow run tutorial print_date 2015-06-10T00:00:00+00:00 --job_id 22 --raw -sd DAGS_FOLDER/crawler.py --cfg_path /tmp/tmpwcehgfqq']
[2019-03-19 10:19:25,308] {base_task_runner.py:101} INFO - Job 22: Subtask print_date [2019-03-19 10:19:25,308] {__init__.py:51} INFO - Using executor SequentialExecutor
[2019-03-19 10:19:25,526] {base_task_runner.py:101} INFO - Job 22: Subtask print_date [2019-03-19 10:19:25,526] {models.py:273} INFO - Filling up the DagBag from /home/rsandroni/airflow/dags/crawler.py
[2019-03-19 10:19:25,541] {base_task_runner.py:101} INFO - Job 22: Subtask print_date [2019-03-19 10:19:25,540] {cli.py:520} INFO - Running <TaskInstance: tutorial.print_date 2015-06-10T00:00:00+00:00 [running]> on host IADAIRP1.globalrs.rack.space
[2019-03-19 10:19:25,552] {bash_operator.py:77} INFO - Tmp dir root location: 
 /tmp
[2019-03-19 10:19:25,553] {bash_operator.py:86} INFO - Exporting the following env vars:
AIRFLOW_CTX_DAG_ID=tutorial
AIRFLOW_CTX_TASK_ID=print_date
AIRFLOW_CTX_EXECUTION_DATE=2015-06-10T00:00:00+00:00
AIRFLOW_CTX_DAG_RUN_ID=scheduled__2015-06-10T00:00:00+00:00
[2019-03-19 10:19:25,553] {bash_operator.py:100} INFO - Temporary script location: /tmp/airflowtmpln_lz915/print_datelca7nvyn
[2019-03-19 10:19:25,553] {bash_operator.py:110} INFO - Running command: date
[2019-03-19 10:19:25,558] {bash_operator.py:119} INFO - Output:
[2019-03-19 10:19:25,560] {bash_operator.py:123} INFO - Ter Mar 19 10:19:25 -03 2019
[2019-03-19 10:19:25,560] {bash_operator.py:127} INFO - Command exited with return code 0
[2019-03-19 10:19:29,692] {logging_mixin.py:95} INFO - [2019-03-19 10:19:29,691] {jobs.py:2527} INFO - Task exited with return code 0
