[2019-03-22 04:59:55,796] {models.py:1359} INFO - Dependencies all met for <TaskInstance: tutorial.print_date 2019-02-06T00:00:00+00:00 [queued]>
[2019-03-22 04:59:55,799] {models.py:1359} INFO - Dependencies all met for <TaskInstance: tutorial.print_date 2019-02-06T00:00:00+00:00 [queued]>
[2019-03-22 04:59:55,799] {models.py:1571} INFO - 
--------------------------------------------------------------------------------
Starting attempt 1 of 2
--------------------------------------------------------------------------------

[2019-03-22 04:59:55,814] {models.py:1593} INFO - Executing <Task(BashOperator): print_date> on 2019-02-06T00:00:00+00:00
[2019-03-22 04:59:55,815] {base_task_runner.py:118} INFO - Running: ['bash', '-c', 'airflow run tutorial print_date 2019-02-06T00:00:00+00:00 --job_id 2765 --raw -sd DAGS_FOLDER/tutorial.py --cfg_path /tmp/tmp5ay8jpgh']
[2019-03-22 04:59:56,463] {base_task_runner.py:101} INFO - Job 2765: Subtask print_date [2019-03-22 04:59:56,460] {__init__.py:51} INFO - Using executor SequentialExecutor
[2019-03-22 04:59:56,717] {base_task_runner.py:101} INFO - Job 2765: Subtask print_date [2019-03-22 04:59:56,713] {models.py:273} INFO - Filling up the DagBag from /home/rsandroni/airflow/dags/tutorial.py
[2019-03-22 04:59:56,731] {base_task_runner.py:101} INFO - Job 2765: Subtask print_date [2019-03-22 04:59:56,731] {cli.py:520} INFO - Running <TaskInstance: tutorial.print_date 2019-02-06T00:00:00+00:00 [running]> on host IADAIRP1.globalrs.rack.space
[2019-03-22 04:59:56,745] {bash_operator.py:77} INFO - Tmp dir root location: 
 /tmp
[2019-03-22 04:59:56,745] {bash_operator.py:86} INFO - Exporting the following env vars:
AIRFLOW_CTX_DAG_ID=tutorial
AIRFLOW_CTX_TASK_ID=print_date
AIRFLOW_CTX_EXECUTION_DATE=2019-02-06T00:00:00+00:00
AIRFLOW_CTX_DAG_RUN_ID=scheduled__2019-02-06T00:00:00+00:00
[2019-03-22 04:59:56,746] {bash_operator.py:100} INFO - Temporary script location: /tmp/airflowtmp1o7qguq1/print_dateelxnpspy
[2019-03-22 04:59:56,746] {bash_operator.py:110} INFO - Running command: date
[2019-03-22 04:59:56,752] {bash_operator.py:119} INFO - Output:
[2019-03-22 04:59:56,754] {bash_operator.py:123} INFO - Sex Mar 22 04:59:56 -03 2019
[2019-03-22 04:59:56,754] {bash_operator.py:127} INFO - Command exited with return code 0
[2019-03-22 05:00:00,806] {logging_mixin.py:95} INFO - [2019-03-22 05:00:00,805] {jobs.py:2527} INFO - Task exited with return code 0
