[2019-03-21 22:03:05,867] {models.py:1359} INFO - Dependencies all met for <TaskInstance: tutorial.templated 2018-03-24T00:00:00+00:00 [queued]>
[2019-03-21 22:03:05,872] {models.py:1359} INFO - Dependencies all met for <TaskInstance: tutorial.templated 2018-03-24T00:00:00+00:00 [queued]>
[2019-03-21 22:03:05,872] {models.py:1571} INFO - 
--------------------------------------------------------------------------------
Starting attempt 1 of 2
--------------------------------------------------------------------------------

[2019-03-21 22:03:05,888] {models.py:1593} INFO - Executing <Task(BashOperator): templated> on 2018-03-24T00:00:00+00:00
[2019-03-21 22:03:05,888] {base_task_runner.py:118} INFO - Running: ['bash', '-c', 'airflow run tutorial templated 2018-03-24T00:00:00+00:00 --job_id 2130 --raw -sd DAGS_FOLDER/example_dags/tutorial.py --cfg_path /tmp/tmpsuobk_0d']
[2019-03-21 22:03:06,530] {base_task_runner.py:101} INFO - Job 2130: Subtask templated [2019-03-21 22:03:06,529] {__init__.py:51} INFO - Using executor SequentialExecutor
[2019-03-21 22:03:06,757] {base_task_runner.py:101} INFO - Job 2130: Subtask templated [2019-03-21 22:03:06,756] {models.py:273} INFO - Filling up the DagBag from /home/rsandroni/airflow/dags/example_dags/tutorial.py
[2019-03-21 22:03:06,819] {base_task_runner.py:101} INFO - Job 2130: Subtask templated [2019-03-21 22:03:06,819] {cli.py:520} INFO - Running <TaskInstance: tutorial.templated 2018-03-24T00:00:00+00:00 [running]> on host IADAIRP1.globalrs.rack.space
[2019-03-21 22:03:06,836] {bash_operator.py:77} INFO - Tmp dir root location: 
 /tmp
[2019-03-21 22:03:06,836] {bash_operator.py:86} INFO - Exporting the following env vars:
AIRFLOW_CTX_DAG_ID=tutorial
AIRFLOW_CTX_TASK_ID=templated
AIRFLOW_CTX_EXECUTION_DATE=2018-03-24T00:00:00+00:00
AIRFLOW_CTX_DAG_RUN_ID=scheduled__2018-03-24T00:00:00+00:00
[2019-03-21 22:03:06,837] {bash_operator.py:100} INFO - Temporary script location: /tmp/airflowtmp85xysf6b/templatedjo5fn695
[2019-03-21 22:03:06,837] {bash_operator.py:110} INFO - Running command: 

    echo "2018-03-24"
    echo "2018-03-31"
    echo "Parameter I passed in"

    echo "2018-03-24"
    echo "2018-03-31"
    echo "Parameter I passed in"

    echo "2018-03-24"
    echo "2018-03-31"
    echo "Parameter I passed in"

    echo "2018-03-24"
    echo "2018-03-31"
    echo "Parameter I passed in"

    echo "2018-03-24"
    echo "2018-03-31"
    echo "Parameter I passed in"

[2019-03-21 22:03:06,842] {bash_operator.py:119} INFO - Output:
[2019-03-21 22:03:06,843] {bash_operator.py:123} INFO - 2018-03-24
[2019-03-21 22:03:06,843] {bash_operator.py:123} INFO - 2018-03-31
[2019-03-21 22:03:06,844] {bash_operator.py:123} INFO - Parameter I passed in
[2019-03-21 22:03:06,844] {bash_operator.py:123} INFO - 2018-03-24
[2019-03-21 22:03:06,844] {bash_operator.py:123} INFO - 2018-03-31
[2019-03-21 22:03:06,844] {bash_operator.py:123} INFO - Parameter I passed in
[2019-03-21 22:03:06,844] {bash_operator.py:123} INFO - 2018-03-24
[2019-03-21 22:03:06,844] {bash_operator.py:123} INFO - 2018-03-31
[2019-03-21 22:03:06,844] {bash_operator.py:123} INFO - Parameter I passed in
[2019-03-21 22:03:06,844] {bash_operator.py:123} INFO - 2018-03-24
[2019-03-21 22:03:06,844] {bash_operator.py:123} INFO - 2018-03-31
[2019-03-21 22:03:06,844] {bash_operator.py:123} INFO - Parameter I passed in
[2019-03-21 22:03:06,844] {bash_operator.py:123} INFO - 2018-03-24
[2019-03-21 22:03:06,844] {bash_operator.py:123} INFO - 2018-03-31
[2019-03-21 22:03:06,844] {bash_operator.py:123} INFO - Parameter I passed in
[2019-03-21 22:03:06,844] {bash_operator.py:127} INFO - Command exited with return code 0
[2019-03-21 22:03:10,873] {logging_mixin.py:95} INFO - [2019-03-21 22:03:10,872] {jobs.py:2527} INFO - Task exited with return code 0
