[2019-03-21 17:15:46,875] {models.py:1359} INFO - Dependencies all met for <TaskInstance: tutorial.templated 2017-06-22T00:00:00+00:00 [queued]>
[2019-03-21 17:15:46,880] {models.py:1359} INFO - Dependencies all met for <TaskInstance: tutorial.templated 2017-06-22T00:00:00+00:00 [queued]>
[2019-03-21 17:15:46,880] {models.py:1571} INFO - 
--------------------------------------------------------------------------------
Starting attempt 1 of 2
--------------------------------------------------------------------------------

[2019-03-21 17:15:46,898] {models.py:1593} INFO - Executing <Task(BashOperator): templated> on 2017-06-22T00:00:00+00:00
[2019-03-21 17:15:46,899] {base_task_runner.py:118} INFO - Running: ['bash', '-c', 'airflow run tutorial templated 2017-06-22T00:00:00+00:00 --job_id 1532 --raw -sd DAGS_FOLDER/example_dags/tutorial.py --cfg_path /tmp/tmpbj7yzx6s']
[2019-03-21 17:15:47,539] {base_task_runner.py:101} INFO - Job 1532: Subtask templated [2019-03-21 17:15:47,538] {__init__.py:51} INFO - Using executor SequentialExecutor
[2019-03-21 17:15:47,771] {base_task_runner.py:101} INFO - Job 1532: Subtask templated [2019-03-21 17:15:47,770] {models.py:273} INFO - Filling up the DagBag from /home/rsandroni/airflow/dags/example_dags/tutorial.py
[2019-03-21 17:15:47,835] {base_task_runner.py:101} INFO - Job 1532: Subtask templated [2019-03-21 17:15:47,835] {cli.py:520} INFO - Running <TaskInstance: tutorial.templated 2017-06-22T00:00:00+00:00 [running]> on host IADAIRP1.globalrs.rack.space
[2019-03-21 17:15:47,852] {bash_operator.py:77} INFO - Tmp dir root location: 
 /tmp
[2019-03-21 17:15:47,853] {bash_operator.py:86} INFO - Exporting the following env vars:
AIRFLOW_CTX_DAG_ID=tutorial
AIRFLOW_CTX_TASK_ID=templated
AIRFLOW_CTX_EXECUTION_DATE=2017-06-22T00:00:00+00:00
AIRFLOW_CTX_DAG_RUN_ID=scheduled__2017-06-22T00:00:00+00:00
[2019-03-21 17:15:47,853] {bash_operator.py:100} INFO - Temporary script location: /tmp/airflowtmpkdae67u2/templatedp8ssy7oc
[2019-03-21 17:15:47,853] {bash_operator.py:110} INFO - Running command: 

    echo "2017-06-22"
    echo "2017-06-29"
    echo "Parameter I passed in"

    echo "2017-06-22"
    echo "2017-06-29"
    echo "Parameter I passed in"

    echo "2017-06-22"
    echo "2017-06-29"
    echo "Parameter I passed in"

    echo "2017-06-22"
    echo "2017-06-29"
    echo "Parameter I passed in"

    echo "2017-06-22"
    echo "2017-06-29"
    echo "Parameter I passed in"

[2019-03-21 17:15:47,859] {bash_operator.py:119} INFO - Output:
[2019-03-21 17:15:47,860] {bash_operator.py:123} INFO - 2017-06-22
[2019-03-21 17:15:47,860] {bash_operator.py:123} INFO - 2017-06-29
[2019-03-21 17:15:47,860] {bash_operator.py:123} INFO - Parameter I passed in
[2019-03-21 17:15:47,860] {bash_operator.py:123} INFO - 2017-06-22
[2019-03-21 17:15:47,860] {bash_operator.py:123} INFO - 2017-06-29
[2019-03-21 17:15:47,860] {bash_operator.py:123} INFO - Parameter I passed in
[2019-03-21 17:15:47,860] {bash_operator.py:123} INFO - 2017-06-22
[2019-03-21 17:15:47,860] {bash_operator.py:123} INFO - 2017-06-29
[2019-03-21 17:15:47,860] {bash_operator.py:123} INFO - Parameter I passed in
[2019-03-21 17:15:47,860] {bash_operator.py:123} INFO - 2017-06-22
[2019-03-21 17:15:47,860] {bash_operator.py:123} INFO - 2017-06-29
[2019-03-21 17:15:47,860] {bash_operator.py:123} INFO - Parameter I passed in
[2019-03-21 17:15:47,860] {bash_operator.py:123} INFO - 2017-06-22
[2019-03-21 17:15:47,860] {bash_operator.py:123} INFO - 2017-06-29
[2019-03-21 17:15:47,860] {bash_operator.py:123} INFO - Parameter I passed in
[2019-03-21 17:15:47,861] {bash_operator.py:127} INFO - Command exited with return code 0
[2019-03-21 17:15:51,877] {logging_mixin.py:95} INFO - [2019-03-21 17:15:51,876] {jobs.py:2527} INFO - Task exited with return code 0
