[2019-03-19 13:36:39,697] {models.py:1359} INFO - Dependencies all met for <TaskInstance: tutorial.print_date 2016-07-29T00:00:00+00:00 [queued]>
[2019-03-19 13:36:39,699] {models.py:1359} INFO - Dependencies all met for <TaskInstance: tutorial.print_date 2016-07-29T00:00:00+00:00 [queued]>
[2019-03-19 13:36:39,699] {models.py:1571} INFO - 
--------------------------------------------------------------------------------
Starting attempt 1 of 2
--------------------------------------------------------------------------------

[2019-03-19 13:36:39,714] {models.py:1593} INFO - Executing <Task(BashOperator): print_date> on 2016-07-29T00:00:00+00:00
[2019-03-19 13:36:39,715] {base_task_runner.py:118} INFO - Running: ['bash', '-c', 'airflow run tutorial print_date 2016-07-29T00:00:00+00:00 --job_id 853 --raw -sd DAGS_FOLDER/tutorial.py --cfg_path /tmp/tmp3hltz5y8']
[2019-03-19 13:36:40,327] {base_task_runner.py:101} INFO - Job 853: Subtask print_date [2019-03-19 13:36:40,327] {__init__.py:51} INFO - Using executor SequentialExecutor
[2019-03-19 13:36:40,552] {base_task_runner.py:101} INFO - Job 853: Subtask print_date [2019-03-19 13:36:40,552] {models.py:273} INFO - Filling up the DagBag from /home/rsandroni/airflow/dags/tutorial.py
[2019-03-19 13:36:40,567] {base_task_runner.py:101} INFO - Job 853: Subtask print_date [2019-03-19 13:36:40,567] {cli.py:520} INFO - Running <TaskInstance: tutorial.print_date 2016-07-29T00:00:00+00:00 [running]> on host IADAIRP1.globalrs.rack.space
[2019-03-19 13:36:40,580] {bash_operator.py:77} INFO - Tmp dir root location: 
 /tmp
[2019-03-19 13:36:40,580] {bash_operator.py:86} INFO - Exporting the following env vars:
AIRFLOW_CTX_DAG_ID=tutorial
AIRFLOW_CTX_TASK_ID=print_date
AIRFLOW_CTX_EXECUTION_DATE=2016-07-29T00:00:00+00:00
AIRFLOW_CTX_DAG_RUN_ID=scheduled__2016-07-29T00:00:00+00:00
[2019-03-19 13:36:40,580] {bash_operator.py:100} INFO - Temporary script location: /tmp/airflowtmp1mu5e98i/print_datee5igpk5b
[2019-03-19 13:36:40,581] {bash_operator.py:110} INFO - Running command: date
[2019-03-19 13:36:40,585] {bash_operator.py:119} INFO - Output:
[2019-03-19 13:36:40,587] {bash_operator.py:123} INFO - Ter Mar 19 13:36:40 -03 2019
[2019-03-19 13:36:40,588] {bash_operator.py:127} INFO - Command exited with return code 0
[2019-03-19 13:36:44,703] {logging_mixin.py:95} INFO - [2019-03-19 13:36:44,702] {jobs.py:2527} INFO - Task exited with return code 0
