[2019-03-22 01:59:24,589] {models.py:1359} INFO - Dependencies all met for <TaskInstance: tutorial.templated 2018-09-20T00:00:00+00:00 [queued]>
[2019-03-22 01:59:24,594] {models.py:1359} INFO - Dependencies all met for <TaskInstance: tutorial.templated 2018-09-20T00:00:00+00:00 [queued]>
[2019-03-22 01:59:24,595] {models.py:1571} INFO - 
--------------------------------------------------------------------------------
Starting attempt 1 of 2
--------------------------------------------------------------------------------

[2019-03-22 01:59:24,639] {models.py:1593} INFO - Executing <Task(BashOperator): templated> on 2018-09-20T00:00:00+00:00
[2019-03-22 01:59:24,639] {base_task_runner.py:118} INFO - Running: ['bash', '-c', 'airflow run tutorial templated 2018-09-20T00:00:00+00:00 --job_id 2490 --raw -sd DAGS_FOLDER/example_dags/tutorial.py --cfg_path /tmp/tmpihjzf7ap']
[2019-03-22 01:59:25,701] {base_task_runner.py:101} INFO - Job 2490: Subtask templated [2019-03-22 01:59:25,700] {__init__.py:51} INFO - Using executor SequentialExecutor
[2019-03-22 01:59:26,049] {base_task_runner.py:101} INFO - Job 2490: Subtask templated [2019-03-22 01:59:26,042] {models.py:273} INFO - Filling up the DagBag from /home/rsandroni/airflow/dags/example_dags/tutorial.py
[2019-03-22 01:59:26,112] {base_task_runner.py:101} INFO - Job 2490: Subtask templated [2019-03-22 01:59:26,111] {cli.py:520} INFO - Running <TaskInstance: tutorial.templated 2018-09-20T00:00:00+00:00 [running]> on host IADAIRP1.globalrs.rack.space
[2019-03-22 01:59:26,130] {bash_operator.py:77} INFO - Tmp dir root location: 
 /tmp
[2019-03-22 01:59:26,131] {bash_operator.py:86} INFO - Exporting the following env vars:
AIRFLOW_CTX_DAG_ID=tutorial
AIRFLOW_CTX_TASK_ID=templated
AIRFLOW_CTX_EXECUTION_DATE=2018-09-20T00:00:00+00:00
AIRFLOW_CTX_DAG_RUN_ID=scheduled__2018-09-20T00:00:00+00:00
[2019-03-22 01:59:26,131] {bash_operator.py:100} INFO - Temporary script location: /tmp/airflowtmpfn2jx3fw/templated5tby9q68
[2019-03-22 01:59:26,131] {bash_operator.py:110} INFO - Running command: 

    echo "2018-09-20"
    echo "2018-09-27"
    echo "Parameter I passed in"

    echo "2018-09-20"
    echo "2018-09-27"
    echo "Parameter I passed in"

    echo "2018-09-20"
    echo "2018-09-27"
    echo "Parameter I passed in"

    echo "2018-09-20"
    echo "2018-09-27"
    echo "Parameter I passed in"

    echo "2018-09-20"
    echo "2018-09-27"
    echo "Parameter I passed in"

[2019-03-22 01:59:26,150] {bash_operator.py:119} INFO - Output:
[2019-03-22 01:59:26,151] {bash_operator.py:123} INFO - 2018-09-20
[2019-03-22 01:59:26,151] {bash_operator.py:123} INFO - 2018-09-27
[2019-03-22 01:59:26,151] {bash_operator.py:123} INFO - Parameter I passed in
[2019-03-22 01:59:26,151] {bash_operator.py:123} INFO - 2018-09-20
[2019-03-22 01:59:26,151] {bash_operator.py:123} INFO - 2018-09-27
[2019-03-22 01:59:26,151] {bash_operator.py:123} INFO - Parameter I passed in
[2019-03-22 01:59:26,151] {bash_operator.py:123} INFO - 2018-09-20
[2019-03-22 01:59:26,151] {bash_operator.py:123} INFO - 2018-09-27
[2019-03-22 01:59:26,151] {bash_operator.py:123} INFO - Parameter I passed in
[2019-03-22 01:59:26,151] {bash_operator.py:123} INFO - 2018-09-20
[2019-03-22 01:59:26,151] {bash_operator.py:123} INFO - 2018-09-27
[2019-03-22 01:59:26,151] {bash_operator.py:123} INFO - Parameter I passed in
[2019-03-22 01:59:26,151] {bash_operator.py:123} INFO - 2018-09-20
[2019-03-22 01:59:26,151] {bash_operator.py:123} INFO - 2018-09-27
[2019-03-22 01:59:26,151] {bash_operator.py:123} INFO - Parameter I passed in
[2019-03-22 01:59:26,151] {bash_operator.py:127} INFO - Command exited with return code 0
[2019-03-22 01:59:29,610] {logging_mixin.py:95} INFO - [2019-03-22 01:59:29,609] {jobs.py:2527} INFO - Task exited with return code 0
