[2019-03-22 03:37:56,232] {models.py:1359} INFO - Dependencies all met for <TaskInstance: tutorial.print_date 2018-12-06T00:00:00+00:00 [queued]>
[2019-03-22 03:37:56,235] {models.py:1359} INFO - Dependencies all met for <TaskInstance: tutorial.print_date 2018-12-06T00:00:00+00:00 [queued]>
[2019-03-22 03:37:56,235] {models.py:1571} INFO - 
--------------------------------------------------------------------------------
Starting attempt 1 of 2
--------------------------------------------------------------------------------

[2019-03-22 03:37:56,248] {models.py:1593} INFO - Executing <Task(BashOperator): print_date> on 2018-12-06T00:00:00+00:00
[2019-03-22 03:37:56,249] {base_task_runner.py:118} INFO - Running: ['bash', '-c', 'airflow run tutorial print_date 2018-12-06T00:00:00+00:00 --job_id 2641 --raw -sd DAGS_FOLDER/tutorial.py --cfg_path /tmp/tmp2ce6q8hs']
[2019-03-22 03:37:56,951] {base_task_runner.py:101} INFO - Job 2641: Subtask print_date [2019-03-22 03:37:56,950] {__init__.py:51} INFO - Using executor SequentialExecutor
[2019-03-22 03:37:57,269] {base_task_runner.py:101} INFO - Job 2641: Subtask print_date [2019-03-22 03:37:57,268] {models.py:273} INFO - Filling up the DagBag from /home/rsandroni/airflow/dags/tutorial.py
[2019-03-22 03:37:57,286] {base_task_runner.py:101} INFO - Job 2641: Subtask print_date [2019-03-22 03:37:57,283] {cli.py:520} INFO - Running <TaskInstance: tutorial.print_date 2018-12-06T00:00:00+00:00 [running]> on host IADAIRP1.globalrs.rack.space
[2019-03-22 03:37:57,297] {bash_operator.py:77} INFO - Tmp dir root location: 
 /tmp
[2019-03-22 03:37:57,297] {bash_operator.py:86} INFO - Exporting the following env vars:
AIRFLOW_CTX_DAG_ID=tutorial
AIRFLOW_CTX_TASK_ID=print_date
AIRFLOW_CTX_EXECUTION_DATE=2018-12-06T00:00:00+00:00
AIRFLOW_CTX_DAG_RUN_ID=scheduled__2018-12-06T00:00:00+00:00
[2019-03-22 03:37:57,298] {bash_operator.py:100} INFO - Temporary script location: /tmp/airflowtmprh0rwhhq/print_date0l16__58
[2019-03-22 03:37:57,298] {bash_operator.py:110} INFO - Running command: date
[2019-03-22 03:37:57,304] {bash_operator.py:119} INFO - Output:
[2019-03-22 03:37:57,306] {bash_operator.py:123} INFO - Sex Mar 22 03:37:57 -03 2019
[2019-03-22 03:37:57,306] {bash_operator.py:127} INFO - Command exited with return code 0
[2019-03-22 03:38:01,311] {logging_mixin.py:95} INFO - [2019-03-22 03:38:01,309] {jobs.py:2527} INFO - Task exited with return code 0
