[2019-03-19 10:46:05,361] {models.py:1359} INFO - Dependencies all met for <TaskInstance: tutorial.templated 2015-07-31T00:00:00+00:00 [queued]>
[2019-03-19 10:46:05,366] {models.py:1359} INFO - Dependencies all met for <TaskInstance: tutorial.templated 2015-07-31T00:00:00+00:00 [queued]>
[2019-03-19 10:46:05,366] {models.py:1571} INFO - 
--------------------------------------------------------------------------------
Starting attempt 1 of 2
--------------------------------------------------------------------------------

[2019-03-19 10:46:05,387] {models.py:1593} INFO - Executing <Task(BashOperator): templated> on 2015-07-31T00:00:00+00:00
[2019-03-19 10:46:05,387] {base_task_runner.py:118} INFO - Running: ['bash', '-c', 'airflow run tutorial templated 2015-07-31T00:00:00+00:00 --job_id 127 --raw -sd DAGS_FOLDER/example_dags/tutorial.py --cfg_path /tmp/tmpo_i7v171']
[2019-03-19 10:46:05,983] {base_task_runner.py:101} INFO - Job 127: Subtask templated [2019-03-19 10:46:05,983] {__init__.py:51} INFO - Using executor SequentialExecutor
[2019-03-19 10:46:06,199] {base_task_runner.py:101} INFO - Job 127: Subtask templated [2019-03-19 10:46:06,199] {models.py:273} INFO - Filling up the DagBag from /home/rsandroni/airflow/dags/example_dags/tutorial.py
[2019-03-19 10:46:06,239] {base_task_runner.py:101} INFO - Job 127: Subtask templated [2019-03-19 10:46:06,239] {cli.py:520} INFO - Running <TaskInstance: tutorial.templated 2015-07-31T00:00:00+00:00 [running]> on host IADAIRP1.globalrs.rack.space
[2019-03-19 10:46:06,255] {bash_operator.py:77} INFO - Tmp dir root location: 
 /tmp
[2019-03-19 10:46:06,255] {bash_operator.py:86} INFO - Exporting the following env vars:
AIRFLOW_CTX_DAG_ID=tutorial
AIRFLOW_CTX_TASK_ID=templated
AIRFLOW_CTX_EXECUTION_DATE=2015-07-31T00:00:00+00:00
AIRFLOW_CTX_DAG_RUN_ID=scheduled__2015-07-31T00:00:00+00:00
[2019-03-19 10:46:06,255] {bash_operator.py:100} INFO - Temporary script location: /tmp/airflowtmpn16hwg8a/templatedrfnd_q_l
[2019-03-19 10:46:06,255] {bash_operator.py:110} INFO - Running command: 

    echo "2015-07-31"
    echo "2015-08-07"
    echo "Parameter I passed in"

    echo "2015-07-31"
    echo "2015-08-07"
    echo "Parameter I passed in"

    echo "2015-07-31"
    echo "2015-08-07"
    echo "Parameter I passed in"

    echo "2015-07-31"
    echo "2015-08-07"
    echo "Parameter I passed in"

    echo "2015-07-31"
    echo "2015-08-07"
    echo "Parameter I passed in"

[2019-03-19 10:46:06,261] {bash_operator.py:119} INFO - Output:
[2019-03-19 10:46:06,262] {bash_operator.py:123} INFO - 2015-07-31
[2019-03-19 10:46:06,262] {bash_operator.py:123} INFO - 2015-08-07
[2019-03-19 10:46:06,262] {bash_operator.py:123} INFO - Parameter I passed in
[2019-03-19 10:46:06,262] {bash_operator.py:123} INFO - 2015-07-31
[2019-03-19 10:46:06,262] {bash_operator.py:123} INFO - 2015-08-07
[2019-03-19 10:46:06,262] {bash_operator.py:123} INFO - Parameter I passed in
[2019-03-19 10:46:06,262] {bash_operator.py:123} INFO - 2015-07-31
[2019-03-19 10:46:06,262] {bash_operator.py:123} INFO - 2015-08-07
[2019-03-19 10:46:06,262] {bash_operator.py:123} INFO - Parameter I passed in
[2019-03-19 10:46:06,262] {bash_operator.py:123} INFO - 2015-07-31
[2019-03-19 10:46:06,262] {bash_operator.py:123} INFO - 2015-08-07
[2019-03-19 10:46:06,262] {bash_operator.py:123} INFO - Parameter I passed in
[2019-03-19 10:46:06,262] {bash_operator.py:123} INFO - 2015-07-31
[2019-03-19 10:46:06,262] {bash_operator.py:123} INFO - 2015-08-07
[2019-03-19 10:46:06,262] {bash_operator.py:123} INFO - Parameter I passed in
[2019-03-19 10:46:06,262] {bash_operator.py:127} INFO - Command exited with return code 0
[2019-03-19 10:46:10,362] {logging_mixin.py:95} INFO - [2019-03-19 10:46:10,361] {jobs.py:2527} INFO - Task exited with return code 0
