[2019-03-22 03:29:56,927] {models.py:1359} INFO - Dependencies all met for <TaskInstance: tutorial.print_date 2018-11-30T00:00:00+00:00 [queued]>
[2019-03-22 03:29:56,931] {models.py:1359} INFO - Dependencies all met for <TaskInstance: tutorial.print_date 2018-11-30T00:00:00+00:00 [queued]>
[2019-03-22 03:29:56,931] {models.py:1571} INFO - 
--------------------------------------------------------------------------------
Starting attempt 1 of 2
--------------------------------------------------------------------------------

[2019-03-22 03:29:57,001] {models.py:1593} INFO - Executing <Task(BashOperator): print_date> on 2018-11-30T00:00:00+00:00
[2019-03-22 03:29:57,001] {base_task_runner.py:118} INFO - Running: ['bash', '-c', 'airflow run tutorial print_date 2018-11-30T00:00:00+00:00 --job_id 2629 --raw -sd DAGS_FOLDER/tutorial.py --cfg_path /tmp/tmpnk4n05bd']
[2019-03-22 03:29:58,493] {base_task_runner.py:101} INFO - Job 2629: Subtask print_date [2019-03-22 03:29:58,483] {__init__.py:51} INFO - Using executor SequentialExecutor
[2019-03-22 03:29:59,099] {base_task_runner.py:101} INFO - Job 2629: Subtask print_date [2019-03-22 03:29:59,093] {models.py:273} INFO - Filling up the DagBag from /home/rsandroni/airflow/dags/tutorial.py
[2019-03-22 03:29:59,131] {base_task_runner.py:101} INFO - Job 2629: Subtask print_date [2019-03-22 03:29:59,131] {cli.py:520} INFO - Running <TaskInstance: tutorial.print_date 2018-11-30T00:00:00+00:00 [running]> on host IADAIRP1.globalrs.rack.space
[2019-03-22 03:29:59,147] {bash_operator.py:77} INFO - Tmp dir root location: 
 /tmp
[2019-03-22 03:29:59,147] {bash_operator.py:86} INFO - Exporting the following env vars:
AIRFLOW_CTX_DAG_ID=tutorial
AIRFLOW_CTX_TASK_ID=print_date
AIRFLOW_CTX_EXECUTION_DATE=2018-11-30T00:00:00+00:00
AIRFLOW_CTX_DAG_RUN_ID=scheduled__2018-11-30T00:00:00+00:00
[2019-03-22 03:29:59,147] {bash_operator.py:100} INFO - Temporary script location: /tmp/airflowtmpm4ggun4h/print_datemsz24iig
[2019-03-22 03:29:59,148] {bash_operator.py:110} INFO - Running command: date
[2019-03-22 03:29:59,166] {bash_operator.py:119} INFO - Output:
[2019-03-22 03:29:59,167] {bash_operator.py:123} INFO - Sex Mar 22 03:29:59 -03 2019
[2019-03-22 03:29:59,167] {bash_operator.py:127} INFO - Command exited with return code 0
[2019-03-22 03:30:01,918] {logging_mixin.py:95} INFO - [2019-03-22 03:30:01,917] {jobs.py:2527} INFO - Task exited with return code 0
