[2019-03-22 00:29:25,153] {models.py:1359} INFO - Dependencies all met for <TaskInstance: tutorial.templated 2018-07-14T00:00:00+00:00 [queued]>
[2019-03-22 00:29:25,167] {models.py:1359} INFO - Dependencies all met for <TaskInstance: tutorial.templated 2018-07-14T00:00:00+00:00 [queued]>
[2019-03-22 00:29:25,168] {models.py:1571} INFO - 
--------------------------------------------------------------------------------
Starting attempt 1 of 2
--------------------------------------------------------------------------------

[2019-03-22 00:29:25,234] {models.py:1593} INFO - Executing <Task(BashOperator): templated> on 2018-07-14T00:00:00+00:00
[2019-03-22 00:29:25,234] {base_task_runner.py:118} INFO - Running: ['bash', '-c', 'airflow run tutorial templated 2018-07-14T00:00:00+00:00 --job_id 2354 --raw -sd DAGS_FOLDER/example_dags/tutorial.py --cfg_path /tmp/tmpzk2p2d8v']
[2019-03-22 00:29:26,190] {base_task_runner.py:101} INFO - Job 2354: Subtask templated [2019-03-22 00:29:26,181] {__init__.py:51} INFO - Using executor SequentialExecutor
[2019-03-22 00:29:26,558] {base_task_runner.py:101} INFO - Job 2354: Subtask templated [2019-03-22 00:29:26,557] {models.py:273} INFO - Filling up the DagBag from /home/rsandroni/airflow/dags/example_dags/tutorial.py
[2019-03-22 00:29:26,759] {base_task_runner.py:101} INFO - Job 2354: Subtask templated [2019-03-22 00:29:26,754] {cli.py:520} INFO - Running <TaskInstance: tutorial.templated 2018-07-14T00:00:00+00:00 [running]> on host IADAIRP1.globalrs.rack.space
[2019-03-22 00:29:26,806] {bash_operator.py:77} INFO - Tmp dir root location: 
 /tmp
[2019-03-22 00:29:26,807] {bash_operator.py:86} INFO - Exporting the following env vars:
AIRFLOW_CTX_DAG_ID=tutorial
AIRFLOW_CTX_TASK_ID=templated
AIRFLOW_CTX_EXECUTION_DATE=2018-07-14T00:00:00+00:00
AIRFLOW_CTX_DAG_RUN_ID=scheduled__2018-07-14T00:00:00+00:00
[2019-03-22 00:29:26,807] {bash_operator.py:100} INFO - Temporary script location: /tmp/airflowtmpet5m77zn/templatedi468fko7
[2019-03-22 00:29:26,807] {bash_operator.py:110} INFO - Running command: 

    echo "2018-07-14"
    echo "2018-07-21"
    echo "Parameter I passed in"

    echo "2018-07-14"
    echo "2018-07-21"
    echo "Parameter I passed in"

    echo "2018-07-14"
    echo "2018-07-21"
    echo "Parameter I passed in"

    echo "2018-07-14"
    echo "2018-07-21"
    echo "Parameter I passed in"

    echo "2018-07-14"
    echo "2018-07-21"
    echo "Parameter I passed in"

[2019-03-22 00:29:26,845] {bash_operator.py:119} INFO - Output:
[2019-03-22 00:29:26,856] {bash_operator.py:123} INFO - 2018-07-14
[2019-03-22 00:29:26,856] {bash_operator.py:123} INFO - 2018-07-21
[2019-03-22 00:29:26,856] {bash_operator.py:123} INFO - Parameter I passed in
[2019-03-22 00:29:26,856] {bash_operator.py:123} INFO - 2018-07-14
[2019-03-22 00:29:26,856] {bash_operator.py:123} INFO - 2018-07-21
[2019-03-22 00:29:26,856] {bash_operator.py:123} INFO - Parameter I passed in
[2019-03-22 00:29:26,856] {bash_operator.py:123} INFO - 2018-07-14
[2019-03-22 00:29:26,856] {bash_operator.py:123} INFO - 2018-07-21
[2019-03-22 00:29:26,856] {bash_operator.py:123} INFO - Parameter I passed in
[2019-03-22 00:29:26,856] {bash_operator.py:123} INFO - 2018-07-14
[2019-03-22 00:29:26,857] {bash_operator.py:123} INFO - 2018-07-21
[2019-03-22 00:29:26,857] {bash_operator.py:123} INFO - Parameter I passed in
[2019-03-22 00:29:26,857] {bash_operator.py:123} INFO - 2018-07-14
[2019-03-22 00:29:26,857] {bash_operator.py:123} INFO - 2018-07-21
[2019-03-22 00:29:26,857] {bash_operator.py:123} INFO - Parameter I passed in
[2019-03-22 00:29:26,857] {bash_operator.py:127} INFO - Command exited with return code 0
[2019-03-22 00:29:30,158] {logging_mixin.py:95} INFO - [2019-03-22 00:29:30,157] {jobs.py:2527} INFO - Task exited with return code 0
