[2019-03-22 01:01:45,632] {models.py:1359} INFO - Dependencies all met for <TaskInstance: tutorial.print_date 2018-08-09T00:00:00+00:00 [queued]>
[2019-03-22 01:01:45,636] {models.py:1359} INFO - Dependencies all met for <TaskInstance: tutorial.print_date 2018-08-09T00:00:00+00:00 [queued]>
[2019-03-22 01:01:45,636] {models.py:1571} INFO - 
--------------------------------------------------------------------------------
Starting attempt 1 of 2
--------------------------------------------------------------------------------

[2019-03-22 01:01:45,699] {models.py:1593} INFO - Executing <Task(BashOperator): print_date> on 2018-08-09T00:00:00+00:00
[2019-03-22 01:01:45,699] {base_task_runner.py:118} INFO - Running: ['bash', '-c', 'airflow run tutorial print_date 2018-08-09T00:00:00+00:00 --job_id 2404 --raw -sd DAGS_FOLDER/tutorial.py --cfg_path /tmp/tmprcok8gks']
[2019-03-22 01:01:47,437] {base_task_runner.py:101} INFO - Job 2404: Subtask print_date [2019-03-22 01:01:47,437] {__init__.py:51} INFO - Using executor SequentialExecutor
[2019-03-22 01:01:47,955] {base_task_runner.py:101} INFO - Job 2404: Subtask print_date [2019-03-22 01:01:47,947] {models.py:273} INFO - Filling up the DagBag from /home/rsandroni/airflow/dags/tutorial.py
[2019-03-22 01:01:47,996] {base_task_runner.py:101} INFO - Job 2404: Subtask print_date [2019-03-22 01:01:47,992] {cli.py:520} INFO - Running <TaskInstance: tutorial.print_date 2018-08-09T00:00:00+00:00 [running]> on host IADAIRP1.globalrs.rack.space
[2019-03-22 01:01:48,046] {bash_operator.py:77} INFO - Tmp dir root location: 
 /tmp
[2019-03-22 01:01:48,047] {bash_operator.py:86} INFO - Exporting the following env vars:
AIRFLOW_CTX_DAG_ID=tutorial
AIRFLOW_CTX_TASK_ID=print_date
AIRFLOW_CTX_EXECUTION_DATE=2018-08-09T00:00:00+00:00
AIRFLOW_CTX_DAG_RUN_ID=scheduled__2018-08-09T00:00:00+00:00
[2019-03-22 01:01:48,047] {bash_operator.py:100} INFO - Temporary script location: /tmp/airflowtmpekw5c9s6/print_date0v4g3zcx
[2019-03-22 01:01:48,047] {bash_operator.py:110} INFO - Running command: date
[2019-03-22 01:01:48,109] {bash_operator.py:119} INFO - Output:
[2019-03-22 01:01:48,119] {bash_operator.py:123} INFO - Sex Mar 22 01:01:48 -03 2019
[2019-03-22 01:01:48,119] {bash_operator.py:127} INFO - Command exited with return code 0
[2019-03-22 01:01:50,607] {logging_mixin.py:95} INFO - [2019-03-22 01:01:50,606] {jobs.py:2527} INFO - Task exited with return code 0
