[2019-03-22 04:57:18,077] {models.py:1359} INFO - Dependencies all met for <TaskInstance: tutorial.print_date 2019-02-04T00:00:00+00:00 [queued]>
[2019-03-22 04:57:18,080] {models.py:1359} INFO - Dependencies all met for <TaskInstance: tutorial.print_date 2019-02-04T00:00:00+00:00 [queued]>
[2019-03-22 04:57:18,080] {models.py:1571} INFO - 
--------------------------------------------------------------------------------
Starting attempt 1 of 2
--------------------------------------------------------------------------------

[2019-03-22 04:57:18,112] {models.py:1593} INFO - Executing <Task(BashOperator): print_date> on 2019-02-04T00:00:00+00:00
[2019-03-22 04:57:18,112] {base_task_runner.py:118} INFO - Running: ['bash', '-c', 'airflow run tutorial print_date 2019-02-04T00:00:00+00:00 --job_id 2761 --raw -sd DAGS_FOLDER/tutorial.py --cfg_path /tmp/tmpmgjur728']
[2019-03-22 04:57:18,785] {base_task_runner.py:101} INFO - Job 2761: Subtask print_date [2019-03-22 04:57:18,784] {__init__.py:51} INFO - Using executor SequentialExecutor
[2019-03-22 04:57:19,056] {base_task_runner.py:101} INFO - Job 2761: Subtask print_date [2019-03-22 04:57:19,055] {models.py:273} INFO - Filling up the DagBag from /home/rsandroni/airflow/dags/tutorial.py
[2019-03-22 04:57:19,072] {base_task_runner.py:101} INFO - Job 2761: Subtask print_date [2019-03-22 04:57:19,072] {cli.py:520} INFO - Running <TaskInstance: tutorial.print_date 2019-02-04T00:00:00+00:00 [running]> on host IADAIRP1.globalrs.rack.space
[2019-03-22 04:57:19,097] {bash_operator.py:77} INFO - Tmp dir root location: 
 /tmp
[2019-03-22 04:57:19,098] {bash_operator.py:86} INFO - Exporting the following env vars:
AIRFLOW_CTX_DAG_ID=tutorial
AIRFLOW_CTX_TASK_ID=print_date
AIRFLOW_CTX_EXECUTION_DATE=2019-02-04T00:00:00+00:00
AIRFLOW_CTX_DAG_RUN_ID=scheduled__2019-02-04T00:00:00+00:00
[2019-03-22 04:57:19,098] {bash_operator.py:100} INFO - Temporary script location: /tmp/airflowtmprcf1vi86/print_datevn_vajzx
[2019-03-22 04:57:19,098] {bash_operator.py:110} INFO - Running command: date
[2019-03-22 04:57:19,103] {bash_operator.py:119} INFO - Output:
[2019-03-22 04:57:19,105] {bash_operator.py:123} INFO - Sex Mar 22 04:57:19 -03 2019
[2019-03-22 04:57:19,106] {bash_operator.py:127} INFO - Command exited with return code 0
[2019-03-22 04:57:23,065] {logging_mixin.py:95} INFO - [2019-03-22 04:57:23,064] {jobs.py:2527} INFO - Task exited with return code 0
