[2019-03-21 22:16:04,871] {models.py:1359} INFO - Dependencies all met for <TaskInstance: tutorial.templated 2018-04-03T00:00:00+00:00 [queued]>
[2019-03-21 22:16:04,876] {models.py:1359} INFO - Dependencies all met for <TaskInstance: tutorial.templated 2018-04-03T00:00:00+00:00 [queued]>
[2019-03-21 22:16:04,876] {models.py:1571} INFO - 
--------------------------------------------------------------------------------
Starting attempt 1 of 2
--------------------------------------------------------------------------------

[2019-03-21 22:16:04,893] {models.py:1593} INFO - Executing <Task(BashOperator): templated> on 2018-04-03T00:00:00+00:00
[2019-03-21 22:16:04,893] {base_task_runner.py:118} INFO - Running: ['bash', '-c', 'airflow run tutorial templated 2018-04-03T00:00:00+00:00 --job_id 2150 --raw -sd DAGS_FOLDER/example_dags/tutorial.py --cfg_path /tmp/tmp28nkv4wn']
[2019-03-21 22:16:05,530] {base_task_runner.py:101} INFO - Job 2150: Subtask templated [2019-03-21 22:16:05,530] {__init__.py:51} INFO - Using executor SequentialExecutor
[2019-03-21 22:16:05,769] {base_task_runner.py:101} INFO - Job 2150: Subtask templated [2019-03-21 22:16:05,768] {models.py:273} INFO - Filling up the DagBag from /home/rsandroni/airflow/dags/example_dags/tutorial.py
[2019-03-21 22:16:05,832] {base_task_runner.py:101} INFO - Job 2150: Subtask templated [2019-03-21 22:16:05,831] {cli.py:520} INFO - Running <TaskInstance: tutorial.templated 2018-04-03T00:00:00+00:00 [running]> on host IADAIRP1.globalrs.rack.space
[2019-03-21 22:16:05,848] {bash_operator.py:77} INFO - Tmp dir root location: 
 /tmp
[2019-03-21 22:16:05,849] {bash_operator.py:86} INFO - Exporting the following env vars:
AIRFLOW_CTX_DAG_ID=tutorial
AIRFLOW_CTX_TASK_ID=templated
AIRFLOW_CTX_EXECUTION_DATE=2018-04-03T00:00:00+00:00
AIRFLOW_CTX_DAG_RUN_ID=scheduled__2018-04-03T00:00:00+00:00
[2019-03-21 22:16:05,849] {bash_operator.py:100} INFO - Temporary script location: /tmp/airflowtmpu301n616/templatedsspvpuwa
[2019-03-21 22:16:05,849] {bash_operator.py:110} INFO - Running command: 

    echo "2018-04-03"
    echo "2018-04-10"
    echo "Parameter I passed in"

    echo "2018-04-03"
    echo "2018-04-10"
    echo "Parameter I passed in"

    echo "2018-04-03"
    echo "2018-04-10"
    echo "Parameter I passed in"

    echo "2018-04-03"
    echo "2018-04-10"
    echo "Parameter I passed in"

    echo "2018-04-03"
    echo "2018-04-10"
    echo "Parameter I passed in"

[2019-03-21 22:16:05,855] {bash_operator.py:119} INFO - Output:
[2019-03-21 22:16:05,856] {bash_operator.py:123} INFO - 2018-04-03
[2019-03-21 22:16:05,856] {bash_operator.py:123} INFO - 2018-04-10
[2019-03-21 22:16:05,856] {bash_operator.py:123} INFO - Parameter I passed in
[2019-03-21 22:16:05,856] {bash_operator.py:123} INFO - 2018-04-03
[2019-03-21 22:16:05,856] {bash_operator.py:123} INFO - 2018-04-10
[2019-03-21 22:16:05,856] {bash_operator.py:123} INFO - Parameter I passed in
[2019-03-21 22:16:05,856] {bash_operator.py:123} INFO - 2018-04-03
[2019-03-21 22:16:05,856] {bash_operator.py:123} INFO - 2018-04-10
[2019-03-21 22:16:05,856] {bash_operator.py:123} INFO - Parameter I passed in
[2019-03-21 22:16:05,856] {bash_operator.py:123} INFO - 2018-04-03
[2019-03-21 22:16:05,857] {bash_operator.py:123} INFO - 2018-04-10
[2019-03-21 22:16:05,857] {bash_operator.py:123} INFO - Parameter I passed in
[2019-03-21 22:16:05,857] {bash_operator.py:123} INFO - 2018-04-03
[2019-03-21 22:16:05,857] {bash_operator.py:123} INFO - 2018-04-10
[2019-03-21 22:16:05,857] {bash_operator.py:123} INFO - Parameter I passed in
[2019-03-21 22:16:05,857] {bash_operator.py:127} INFO - Command exited with return code 0
[2019-03-21 22:16:09,876] {logging_mixin.py:95} INFO - [2019-03-21 22:16:09,875] {jobs.py:2527} INFO - Task exited with return code 0
