[2019-03-19 11:12:22,884] {models.py:1359} INFO - Dependencies all met for <TaskInstance: tutorial.print_date 2015-09-19T00:00:00+00:00 [queued]>
[2019-03-19 11:12:22,886] {models.py:1359} INFO - Dependencies all met for <TaskInstance: tutorial.print_date 2015-09-19T00:00:00+00:00 [queued]>
[2019-03-19 11:12:22,886] {models.py:1571} INFO - 
--------------------------------------------------------------------------------
Starting attempt 1 of 2
--------------------------------------------------------------------------------

[2019-03-19 11:12:22,900] {models.py:1593} INFO - Executing <Task(BashOperator): print_date> on 2015-09-19T00:00:00+00:00
[2019-03-19 11:12:22,900] {base_task_runner.py:118} INFO - Running: ['bash', '-c', 'airflow run tutorial print_date 2015-09-19T00:00:00+00:00 --job_id 225 --raw -sd DAGS_FOLDER/tutorial.py --cfg_path /tmp/tmp0x53_vca']
[2019-03-19 11:12:23,501] {base_task_runner.py:101} INFO - Job 225: Subtask print_date [2019-03-19 11:12:23,500] {__init__.py:51} INFO - Using executor SequentialExecutor
[2019-03-19 11:12:23,725] {base_task_runner.py:101} INFO - Job 225: Subtask print_date [2019-03-19 11:12:23,724] {models.py:273} INFO - Filling up the DagBag from /home/rsandroni/airflow/dags/tutorial.py
[2019-03-19 11:12:23,739] {base_task_runner.py:101} INFO - Job 225: Subtask print_date [2019-03-19 11:12:23,739] {cli.py:520} INFO - Running <TaskInstance: tutorial.print_date 2015-09-19T00:00:00+00:00 [running]> on host IADAIRP1.globalrs.rack.space
[2019-03-19 11:12:23,753] {bash_operator.py:77} INFO - Tmp dir root location: 
 /tmp
[2019-03-19 11:12:23,753] {bash_operator.py:86} INFO - Exporting the following env vars:
AIRFLOW_CTX_DAG_ID=tutorial
AIRFLOW_CTX_TASK_ID=print_date
AIRFLOW_CTX_EXECUTION_DATE=2015-09-19T00:00:00+00:00
AIRFLOW_CTX_DAG_RUN_ID=scheduled__2015-09-19T00:00:00+00:00
[2019-03-19 11:12:23,753] {bash_operator.py:100} INFO - Temporary script location: /tmp/airflowtmpdd0g0imh/print_date700a8ib4
[2019-03-19 11:12:23,753] {bash_operator.py:110} INFO - Running command: date
[2019-03-19 11:12:23,758] {bash_operator.py:119} INFO - Output:
[2019-03-19 11:12:23,760] {bash_operator.py:123} INFO - Ter Mar 19 11:12:23 -03 2019
[2019-03-19 11:12:23,761] {bash_operator.py:127} INFO - Command exited with return code 0
[2019-03-19 11:12:27,891] {logging_mixin.py:95} INFO - [2019-03-19 11:12:27,890] {jobs.py:2527} INFO - Task exited with return code 0
