[2019-03-21 17:56:03,621] {models.py:1359} INFO - Dependencies all met for <TaskInstance: tutorial.print_date 2017-08-24T00:00:00+00:00 [queued]>
[2019-03-21 17:56:03,623] {models.py:1359} INFO - Dependencies all met for <TaskInstance: tutorial.print_date 2017-08-24T00:00:00+00:00 [queued]>
[2019-03-21 17:56:03,624] {models.py:1571} INFO - 
--------------------------------------------------------------------------------
Starting attempt 1 of 2
--------------------------------------------------------------------------------

[2019-03-21 17:56:03,639] {models.py:1593} INFO - Executing <Task(BashOperator): print_date> on 2017-08-24T00:00:00+00:00
[2019-03-21 17:56:03,639] {base_task_runner.py:118} INFO - Running: ['bash', '-c', 'airflow run tutorial print_date 2017-08-24T00:00:00+00:00 --job_id 1688 --raw -sd DAGS_FOLDER/tutorial.py --cfg_path /tmp/tmp4acj2544']
[2019-03-21 17:56:04,273] {base_task_runner.py:101} INFO - Job 1688: Subtask print_date [2019-03-21 17:56:04,273] {__init__.py:51} INFO - Using executor SequentialExecutor
[2019-03-21 17:56:04,512] {base_task_runner.py:101} INFO - Job 1688: Subtask print_date [2019-03-21 17:56:04,512] {models.py:273} INFO - Filling up the DagBag from /home/rsandroni/airflow/dags/tutorial.py
[2019-03-21 17:56:04,528] {base_task_runner.py:101} INFO - Job 1688: Subtask print_date [2019-03-21 17:56:04,528] {cli.py:520} INFO - Running <TaskInstance: tutorial.print_date 2017-08-24T00:00:00+00:00 [running]> on host IADAIRP1.globalrs.rack.space
[2019-03-21 17:56:04,541] {bash_operator.py:77} INFO - Tmp dir root location: 
 /tmp
[2019-03-21 17:56:04,541] {bash_operator.py:86} INFO - Exporting the following env vars:
AIRFLOW_CTX_DAG_ID=tutorial
AIRFLOW_CTX_TASK_ID=print_date
AIRFLOW_CTX_EXECUTION_DATE=2017-08-24T00:00:00+00:00
AIRFLOW_CTX_DAG_RUN_ID=scheduled__2017-08-24T00:00:00+00:00
[2019-03-21 17:56:04,542] {bash_operator.py:100} INFO - Temporary script location: /tmp/airflowtmp14wm7gpi/print_datev5yqpuco
[2019-03-21 17:56:04,542] {bash_operator.py:110} INFO - Running command: date
[2019-03-21 17:56:04,548] {bash_operator.py:119} INFO - Output:
[2019-03-21 17:56:04,550] {bash_operator.py:123} INFO - Qui Mar 21 17:56:04 -03 2019
[2019-03-21 17:56:04,550] {bash_operator.py:127} INFO - Command exited with return code 0
[2019-03-21 17:56:08,614] {logging_mixin.py:95} INFO - [2019-03-21 17:56:08,613] {jobs.py:2527} INFO - Task exited with return code 0
