[2019-03-19 15:22:39,685] {models.py:1359} INFO - Dependencies all met for <TaskInstance: tutorial.templated 2017-03-09T00:00:00+00:00 [queued]>
[2019-03-19 15:22:39,690] {models.py:1359} INFO - Dependencies all met for <TaskInstance: tutorial.templated 2017-03-09T00:00:00+00:00 [queued]>
[2019-03-19 15:22:39,690] {models.py:1571} INFO - 
--------------------------------------------------------------------------------
Starting attempt 1 of 2
--------------------------------------------------------------------------------

[2019-03-19 15:22:39,760] {models.py:1593} INFO - Executing <Task(BashOperator): templated> on 2017-03-09T00:00:00+00:00
[2019-03-19 15:22:39,761] {base_task_runner.py:118} INFO - Running: ['bash', '-c', 'airflow run tutorial templated 2017-03-09T00:00:00+00:00 --job_id 1301 --raw -sd DAGS_FOLDER/example_dags/tutorial.py --cfg_path /tmp/tmpzxhrjght']
[2019-03-19 15:22:40,979] {base_task_runner.py:101} INFO - Job 1301: Subtask templated [2019-03-19 15:22:40,979] {__init__.py:51} INFO - Using executor SequentialExecutor
[2019-03-19 15:22:41,486] {base_task_runner.py:101} INFO - Job 1301: Subtask templated [2019-03-19 15:22:41,485] {models.py:273} INFO - Filling up the DagBag from /home/rsandroni/airflow/dags/example_dags/tutorial.py
[2019-03-19 15:22:41,577] {base_task_runner.py:101} INFO - Job 1301: Subtask templated [2019-03-19 15:22:41,576] {cli.py:520} INFO - Running <TaskInstance: tutorial.templated 2017-03-09T00:00:00+00:00 [running]> on host IADAIRP1.globalrs.rack.space
[2019-03-19 15:22:41,626] {bash_operator.py:77} INFO - Tmp dir root location: 
 /tmp
[2019-03-19 15:22:41,626] {bash_operator.py:86} INFO - Exporting the following env vars:
AIRFLOW_CTX_DAG_ID=tutorial
AIRFLOW_CTX_TASK_ID=templated
AIRFLOW_CTX_EXECUTION_DATE=2017-03-09T00:00:00+00:00
AIRFLOW_CTX_DAG_RUN_ID=scheduled__2017-03-09T00:00:00+00:00
[2019-03-19 15:22:41,627] {bash_operator.py:100} INFO - Temporary script location: /tmp/airflowtmpnjzaoopy/templatede31kcnwx
[2019-03-19 15:22:41,627] {bash_operator.py:110} INFO - Running command: 

    echo "2017-03-09"
    echo "2017-03-16"
    echo "Parameter I passed in"

    echo "2017-03-09"
    echo "2017-03-16"
    echo "Parameter I passed in"

    echo "2017-03-09"
    echo "2017-03-16"
    echo "Parameter I passed in"

    echo "2017-03-09"
    echo "2017-03-16"
    echo "Parameter I passed in"

    echo "2017-03-09"
    echo "2017-03-16"
    echo "Parameter I passed in"

[2019-03-19 15:22:41,661] {bash_operator.py:119} INFO - Output:
[2019-03-19 15:22:41,662] {bash_operator.py:123} INFO - 2017-03-09
[2019-03-19 15:22:41,662] {bash_operator.py:123} INFO - 2017-03-16
[2019-03-19 15:22:41,663] {bash_operator.py:123} INFO - Parameter I passed in
[2019-03-19 15:22:41,663] {bash_operator.py:123} INFO - 2017-03-09
[2019-03-19 15:22:41,663] {bash_operator.py:123} INFO - 2017-03-16
[2019-03-19 15:22:41,663] {bash_operator.py:123} INFO - Parameter I passed in
[2019-03-19 15:22:41,663] {bash_operator.py:123} INFO - 2017-03-09
[2019-03-19 15:22:41,663] {bash_operator.py:123} INFO - 2017-03-16
[2019-03-19 15:22:41,663] {bash_operator.py:123} INFO - Parameter I passed in
[2019-03-19 15:22:41,663] {bash_operator.py:123} INFO - 2017-03-09
[2019-03-19 15:22:41,663] {bash_operator.py:123} INFO - 2017-03-16
[2019-03-19 15:22:41,663] {bash_operator.py:123} INFO - Parameter I passed in
[2019-03-19 15:22:41,663] {bash_operator.py:123} INFO - 2017-03-09
[2019-03-19 15:22:41,663] {bash_operator.py:123} INFO - 2017-03-16
[2019-03-19 15:22:41,663] {bash_operator.py:123} INFO - Parameter I passed in
[2019-03-19 15:22:41,663] {bash_operator.py:127} INFO - Command exited with return code 0
[2019-03-19 15:22:44,655] {logging_mixin.py:95} INFO - [2019-03-19 15:22:44,654] {jobs.py:2527} INFO - Task exited with return code 0
