[2019-03-21 17:29:29,508] {models.py:1359} INFO - Dependencies all met for <TaskInstance: tutorial.templated 2017-07-13T00:00:00+00:00 [queued]>
[2019-03-21 17:29:29,522] {models.py:1359} INFO - Dependencies all met for <TaskInstance: tutorial.templated 2017-07-13T00:00:00+00:00 [queued]>
[2019-03-21 17:29:29,523] {models.py:1571} INFO - 
--------------------------------------------------------------------------------
Starting attempt 1 of 2
--------------------------------------------------------------------------------

[2019-03-21 17:29:29,576] {models.py:1593} INFO - Executing <Task(BashOperator): templated> on 2017-07-13T00:00:00+00:00
[2019-03-21 17:29:29,576] {base_task_runner.py:118} INFO - Running: ['bash', '-c', 'airflow run tutorial templated 2017-07-13T00:00:00+00:00 --job_id 1586 --raw -sd DAGS_FOLDER/example_dags/tutorial.py --cfg_path /tmp/tmpnxsvussj']
[2019-03-21 17:29:30,802] {base_task_runner.py:101} INFO - Job 1586: Subtask templated [2019-03-21 17:29:30,801] {__init__.py:51} INFO - Using executor SequentialExecutor
[2019-03-21 17:29:31,407] {base_task_runner.py:101} INFO - Job 1586: Subtask templated [2019-03-21 17:29:31,400] {models.py:273} INFO - Filling up the DagBag from /home/rsandroni/airflow/dags/example_dags/tutorial.py
[2019-03-21 17:29:31,579] {base_task_runner.py:101} INFO - Job 1586: Subtask templated [2019-03-21 17:29:31,575] {cli.py:520} INFO - Running <TaskInstance: tutorial.templated 2017-07-13T00:00:00+00:00 [running]> on host IADAIRP1.globalrs.rack.space
[2019-03-21 17:29:31,608] {bash_operator.py:77} INFO - Tmp dir root location: 
 /tmp
[2019-03-21 17:29:31,609] {bash_operator.py:86} INFO - Exporting the following env vars:
AIRFLOW_CTX_DAG_ID=tutorial
AIRFLOW_CTX_TASK_ID=templated
AIRFLOW_CTX_EXECUTION_DATE=2017-07-13T00:00:00+00:00
AIRFLOW_CTX_DAG_RUN_ID=scheduled__2017-07-13T00:00:00+00:00
[2019-03-21 17:29:31,609] {bash_operator.py:100} INFO - Temporary script location: /tmp/airflowtmpn16n1cx1/templatede9rusji4
[2019-03-21 17:29:31,609] {bash_operator.py:110} INFO - Running command: 

    echo "2017-07-13"
    echo "2017-07-20"
    echo "Parameter I passed in"

    echo "2017-07-13"
    echo "2017-07-20"
    echo "Parameter I passed in"

    echo "2017-07-13"
    echo "2017-07-20"
    echo "Parameter I passed in"

    echo "2017-07-13"
    echo "2017-07-20"
    echo "Parameter I passed in"

    echo "2017-07-13"
    echo "2017-07-20"
    echo "Parameter I passed in"

[2019-03-21 17:29:31,629] {bash_operator.py:119} INFO - Output:
[2019-03-21 17:29:31,629] {bash_operator.py:123} INFO - 2017-07-13
[2019-03-21 17:29:31,629] {bash_operator.py:123} INFO - 2017-07-20
[2019-03-21 17:29:31,629] {bash_operator.py:123} INFO - Parameter I passed in
[2019-03-21 17:29:31,629] {bash_operator.py:123} INFO - 2017-07-13
[2019-03-21 17:29:31,629] {bash_operator.py:123} INFO - 2017-07-20
[2019-03-21 17:29:31,630] {bash_operator.py:123} INFO - Parameter I passed in
[2019-03-21 17:29:31,630] {bash_operator.py:123} INFO - 2017-07-13
[2019-03-21 17:29:31,630] {bash_operator.py:123} INFO - 2017-07-20
[2019-03-21 17:29:31,630] {bash_operator.py:123} INFO - Parameter I passed in
[2019-03-21 17:29:31,630] {bash_operator.py:123} INFO - 2017-07-13
[2019-03-21 17:29:31,630] {bash_operator.py:123} INFO - 2017-07-20
[2019-03-21 17:29:31,630] {bash_operator.py:123} INFO - Parameter I passed in
[2019-03-21 17:29:31,630] {bash_operator.py:123} INFO - 2017-07-13
[2019-03-21 17:29:31,630] {bash_operator.py:123} INFO - 2017-07-20
[2019-03-21 17:29:31,630] {bash_operator.py:123} INFO - Parameter I passed in
[2019-03-21 17:29:31,630] {bash_operator.py:127} INFO - Command exited with return code 0
[2019-03-21 17:29:34,471] {logging_mixin.py:95} INFO - [2019-03-21 17:29:34,470] {jobs.py:2527} INFO - Task exited with return code 0
