[2019-03-19 12:23:17,353] {models.py:1359} INFO - Dependencies all met for <TaskInstance: tutorial.templated 2016-02-27T00:00:00+00:00 [queued]>
[2019-03-19 12:23:17,358] {models.py:1359} INFO - Dependencies all met for <TaskInstance: tutorial.templated 2016-02-27T00:00:00+00:00 [queued]>
[2019-03-19 12:23:17,358] {models.py:1571} INFO - 
--------------------------------------------------------------------------------
Starting attempt 1 of 2
--------------------------------------------------------------------------------

[2019-03-19 12:23:17,374] {models.py:1593} INFO - Executing <Task(BashOperator): templated> on 2016-02-27T00:00:00+00:00
[2019-03-19 12:23:17,374] {base_task_runner.py:118} INFO - Running: ['bash', '-c', 'airflow run tutorial templated 2016-02-27T00:00:00+00:00 --job_id 550 --raw -sd DAGS_FOLDER/sql_server_load.py --cfg_path /tmp/tmp_qxfwzfj']
[2019-03-19 12:23:17,999] {base_task_runner.py:101} INFO - Job 550: Subtask templated [2019-03-19 12:23:17,998] {__init__.py:51} INFO - Using executor SequentialExecutor
[2019-03-19 12:23:18,234] {base_task_runner.py:101} INFO - Job 550: Subtask templated [2019-03-19 12:23:18,233] {models.py:273} INFO - Filling up the DagBag from /home/rsandroni/airflow/dags/sql_server_load.py
[2019-03-19 12:23:18,253] {base_task_runner.py:101} INFO - Job 550: Subtask templated [2019-03-19 12:23:18,253] {cli.py:520} INFO - Running <TaskInstance: tutorial.templated 2016-02-27T00:00:00+00:00 [running]> on host IADAIRP1.globalrs.rack.space
[2019-03-19 12:23:18,267] {bash_operator.py:77} INFO - Tmp dir root location: 
 /tmp
[2019-03-19 12:23:18,267] {bash_operator.py:86} INFO - Exporting the following env vars:
AIRFLOW_CTX_DAG_ID=tutorial
AIRFLOW_CTX_TASK_ID=templated
AIRFLOW_CTX_EXECUTION_DATE=2016-02-27T00:00:00+00:00
AIRFLOW_CTX_DAG_RUN_ID=scheduled__2016-02-27T00:00:00+00:00
[2019-03-19 12:23:18,268] {bash_operator.py:100} INFO - Temporary script location: /tmp/airflowtmppmiips79/templated_jj9l0ky
[2019-03-19 12:23:18,268] {bash_operator.py:110} INFO - Running command: 
    
        echo "2016-02-27"
        echo "Parameter I passed in"
    
        echo "2016-02-27"
        echo "Parameter I passed in"
    
        echo "2016-02-27"
        echo "Parameter I passed in"
    
        echo "2016-02-27"
        echo "Parameter I passed in"
    
        echo "2016-02-27"
        echo "Parameter I passed in"
    
    
[2019-03-19 12:23:18,273] {bash_operator.py:119} INFO - Output:
[2019-03-19 12:23:18,274] {bash_operator.py:123} INFO - 2016-02-27
[2019-03-19 12:23:18,274] {bash_operator.py:123} INFO - Parameter I passed in
[2019-03-19 12:23:18,274] {bash_operator.py:123} INFO - 2016-02-27
[2019-03-19 12:23:18,274] {bash_operator.py:123} INFO - Parameter I passed in
[2019-03-19 12:23:18,274] {bash_operator.py:123} INFO - 2016-02-27
[2019-03-19 12:23:18,274] {bash_operator.py:123} INFO - Parameter I passed in
[2019-03-19 12:23:18,274] {bash_operator.py:123} INFO - 2016-02-27
[2019-03-19 12:23:18,274] {bash_operator.py:123} INFO - Parameter I passed in
[2019-03-19 12:23:18,274] {bash_operator.py:123} INFO - 2016-02-27
[2019-03-19 12:23:18,274] {bash_operator.py:123} INFO - Parameter I passed in
[2019-03-19 12:23:18,274] {bash_operator.py:127} INFO - Command exited with return code 0
[2019-03-19 12:23:22,370] {logging_mixin.py:95} INFO - [2019-03-19 12:23:22,369] {jobs.py:2527} INFO - Task exited with return code 0
