[2019-03-19 13:23:58,578] {models.py:1359} INFO - Dependencies all met for <TaskInstance: tutorial.templated 2016-06-30T00:00:00+00:00 [queued]>
[2019-03-19 13:23:58,582] {models.py:1359} INFO - Dependencies all met for <TaskInstance: tutorial.templated 2016-06-30T00:00:00+00:00 [queued]>
[2019-03-19 13:23:58,582] {models.py:1571} INFO - 
--------------------------------------------------------------------------------
Starting attempt 1 of 2
--------------------------------------------------------------------------------

[2019-03-19 13:23:58,628] {models.py:1593} INFO - Executing <Task(BashOperator): templated> on 2016-06-30T00:00:00+00:00
[2019-03-19 13:23:58,629] {base_task_runner.py:118} INFO - Running: ['bash', '-c', 'airflow run tutorial templated 2016-06-30T00:00:00+00:00 --job_id 797 --raw -sd DAGS_FOLDER/example_dags/tutorial.py --cfg_path /tmp/tmpy27lbpkj']
[2019-03-19 13:23:59,847] {base_task_runner.py:101} INFO - Job 797: Subtask templated [2019-03-19 13:23:59,839] {__init__.py:51} INFO - Using executor SequentialExecutor
[2019-03-19 13:24:00,603] {base_task_runner.py:101} INFO - Job 797: Subtask templated [2019-03-19 13:24:00,596] {models.py:273} INFO - Filling up the DagBag from /home/rsandroni/airflow/dags/example_dags/tutorial.py
[2019-03-19 13:24:00,676] {base_task_runner.py:101} INFO - Job 797: Subtask templated [2019-03-19 13:24:00,676] {cli.py:520} INFO - Running <TaskInstance: tutorial.templated 2016-06-30T00:00:00+00:00 [running]> on host IADAIRP1.globalrs.rack.space
[2019-03-19 13:24:00,729] {bash_operator.py:77} INFO - Tmp dir root location: 
 /tmp
[2019-03-19 13:24:00,729] {bash_operator.py:86} INFO - Exporting the following env vars:
AIRFLOW_CTX_DAG_ID=tutorial
AIRFLOW_CTX_TASK_ID=templated
AIRFLOW_CTX_EXECUTION_DATE=2016-06-30T00:00:00+00:00
AIRFLOW_CTX_DAG_RUN_ID=scheduled__2016-06-30T00:00:00+00:00
[2019-03-19 13:24:00,730] {bash_operator.py:100} INFO - Temporary script location: /tmp/airflowtmp0d0dnbec/templatedlkuj5t2l
[2019-03-19 13:24:00,730] {bash_operator.py:110} INFO - Running command: 

    echo "2016-06-30"
    echo "2016-07-07"
    echo "Parameter I passed in"

    echo "2016-06-30"
    echo "2016-07-07"
    echo "Parameter I passed in"

    echo "2016-06-30"
    echo "2016-07-07"
    echo "Parameter I passed in"

    echo "2016-06-30"
    echo "2016-07-07"
    echo "Parameter I passed in"

    echo "2016-06-30"
    echo "2016-07-07"
    echo "Parameter I passed in"

[2019-03-19 13:24:00,756] {bash_operator.py:119} INFO - Output:
[2019-03-19 13:24:00,757] {bash_operator.py:123} INFO - 2016-06-30
[2019-03-19 13:24:00,757] {bash_operator.py:123} INFO - 2016-07-07
[2019-03-19 13:24:00,757] {bash_operator.py:123} INFO - Parameter I passed in
[2019-03-19 13:24:00,757] {bash_operator.py:123} INFO - 2016-06-30
[2019-03-19 13:24:00,757] {bash_operator.py:123} INFO - 2016-07-07
[2019-03-19 13:24:00,757] {bash_operator.py:123} INFO - Parameter I passed in
[2019-03-19 13:24:00,757] {bash_operator.py:123} INFO - 2016-06-30
[2019-03-19 13:24:00,757] {bash_operator.py:123} INFO - 2016-07-07
[2019-03-19 13:24:00,757] {bash_operator.py:123} INFO - Parameter I passed in
[2019-03-19 13:24:00,757] {bash_operator.py:123} INFO - 2016-06-30
[2019-03-19 13:24:00,757] {bash_operator.py:123} INFO - 2016-07-07
[2019-03-19 13:24:00,757] {bash_operator.py:123} INFO - Parameter I passed in
[2019-03-19 13:24:00,757] {bash_operator.py:123} INFO - 2016-06-30
[2019-03-19 13:24:00,757] {bash_operator.py:123} INFO - 2016-07-07
[2019-03-19 13:24:00,757] {bash_operator.py:123} INFO - Parameter I passed in
[2019-03-19 13:24:00,757] {bash_operator.py:127} INFO - Command exited with return code 0
[2019-03-19 13:24:03,579] {logging_mixin.py:95} INFO - [2019-03-19 13:24:03,579] {jobs.py:2527} INFO - Task exited with return code 0
