[2019-03-21 23:19:05,662] {models.py:1359} INFO - Dependencies all met for <TaskInstance: tutorial.print_date 2018-05-24T00:00:00+00:00 [queued]>
[2019-03-21 23:19:05,665] {models.py:1359} INFO - Dependencies all met for <TaskInstance: tutorial.print_date 2018-05-24T00:00:00+00:00 [queued]>
[2019-03-21 23:19:05,665] {models.py:1571} INFO - 
--------------------------------------------------------------------------------
Starting attempt 1 of 2
--------------------------------------------------------------------------------

[2019-03-21 23:19:05,683] {models.py:1593} INFO - Executing <Task(BashOperator): print_date> on 2018-05-24T00:00:00+00:00
[2019-03-21 23:19:05,683] {base_task_runner.py:118} INFO - Running: ['bash', '-c', 'airflow run tutorial print_date 2018-05-24T00:00:00+00:00 --job_id 2249 --raw -sd DAGS_FOLDER/tutorial.py --cfg_path /tmp/tmphe00sl5l']
[2019-03-21 23:19:06,329] {base_task_runner.py:101} INFO - Job 2249: Subtask print_date [2019-03-21 23:19:06,328] {__init__.py:51} INFO - Using executor SequentialExecutor
[2019-03-21 23:19:06,560] {base_task_runner.py:101} INFO - Job 2249: Subtask print_date [2019-03-21 23:19:06,560] {models.py:273} INFO - Filling up the DagBag from /home/rsandroni/airflow/dags/tutorial.py
[2019-03-21 23:19:06,577] {base_task_runner.py:101} INFO - Job 2249: Subtask print_date [2019-03-21 23:19:06,577] {cli.py:520} INFO - Running <TaskInstance: tutorial.print_date 2018-05-24T00:00:00+00:00 [running]> on host IADAIRP1.globalrs.rack.space
[2019-03-21 23:19:06,591] {bash_operator.py:77} INFO - Tmp dir root location: 
 /tmp
[2019-03-21 23:19:06,591] {bash_operator.py:86} INFO - Exporting the following env vars:
AIRFLOW_CTX_DAG_ID=tutorial
AIRFLOW_CTX_TASK_ID=print_date
AIRFLOW_CTX_EXECUTION_DATE=2018-05-24T00:00:00+00:00
AIRFLOW_CTX_DAG_RUN_ID=scheduled__2018-05-24T00:00:00+00:00
[2019-03-21 23:19:06,592] {bash_operator.py:100} INFO - Temporary script location: /tmp/airflowtmpwtra274n/print_datek_jzobjx
[2019-03-21 23:19:06,592] {bash_operator.py:110} INFO - Running command: date
[2019-03-21 23:19:06,597] {bash_operator.py:119} INFO - Output:
[2019-03-21 23:19:06,599] {bash_operator.py:123} INFO - Qui Mar 21 23:19:06 -03 2019
[2019-03-21 23:19:06,599] {bash_operator.py:127} INFO - Command exited with return code 0
[2019-03-21 23:19:10,663] {logging_mixin.py:95} INFO - [2019-03-21 23:19:10,662] {jobs.py:2527} INFO - Task exited with return code 0
