[2019-03-19 14:48:21,984] {models.py:1359} INFO - Dependencies all met for <TaskInstance: tutorial.templated 2016-12-24T00:00:00+00:00 [queued]>
[2019-03-19 14:48:21,988] {models.py:1359} INFO - Dependencies all met for <TaskInstance: tutorial.templated 2016-12-24T00:00:00+00:00 [queued]>
[2019-03-19 14:48:21,988] {models.py:1571} INFO - 
--------------------------------------------------------------------------------
Starting attempt 1 of 2
--------------------------------------------------------------------------------

[2019-03-19 14:48:22,004] {models.py:1593} INFO - Executing <Task(BashOperator): templated> on 2016-12-24T00:00:00+00:00
[2019-03-19 14:48:22,004] {base_task_runner.py:118} INFO - Running: ['bash', '-c', 'airflow run tutorial templated 2016-12-24T00:00:00+00:00 --job_id 1151 --raw -sd DAGS_FOLDER/example_dags/tutorial.py --cfg_path /tmp/tmp62kgs6oo']
[2019-03-19 14:48:22,671] {base_task_runner.py:101} INFO - Job 1151: Subtask templated [2019-03-19 14:48:22,670] {__init__.py:51} INFO - Using executor SequentialExecutor
[2019-03-19 14:48:22,939] {base_task_runner.py:101} INFO - Job 1151: Subtask templated [2019-03-19 14:48:22,938] {models.py:273} INFO - Filling up the DagBag from /home/rsandroni/airflow/dags/example_dags/tutorial.py
[2019-03-19 14:48:22,986] {base_task_runner.py:101} INFO - Job 1151: Subtask templated [2019-03-19 14:48:22,983] {cli.py:520} INFO - Running <TaskInstance: tutorial.templated 2016-12-24T00:00:00+00:00 [running]> on host IADAIRP1.globalrs.rack.space
[2019-03-19 14:48:23,002] {bash_operator.py:77} INFO - Tmp dir root location: 
 /tmp
[2019-03-19 14:48:23,002] {bash_operator.py:86} INFO - Exporting the following env vars:
AIRFLOW_CTX_DAG_ID=tutorial
AIRFLOW_CTX_TASK_ID=templated
AIRFLOW_CTX_EXECUTION_DATE=2016-12-24T00:00:00+00:00
AIRFLOW_CTX_DAG_RUN_ID=scheduled__2016-12-24T00:00:00+00:00
[2019-03-19 14:48:23,003] {bash_operator.py:100} INFO - Temporary script location: /tmp/airflowtmpm2o2xh3y/templatediw2jk1uw
[2019-03-19 14:48:23,003] {bash_operator.py:110} INFO - Running command: 

    echo "2016-12-24"
    echo "2016-12-31"
    echo "Parameter I passed in"

    echo "2016-12-24"
    echo "2016-12-31"
    echo "Parameter I passed in"

    echo "2016-12-24"
    echo "2016-12-31"
    echo "Parameter I passed in"

    echo "2016-12-24"
    echo "2016-12-31"
    echo "Parameter I passed in"

    echo "2016-12-24"
    echo "2016-12-31"
    echo "Parameter I passed in"

[2019-03-19 14:48:23,008] {bash_operator.py:119} INFO - Output:
[2019-03-19 14:48:23,009] {bash_operator.py:123} INFO - 2016-12-24
[2019-03-19 14:48:23,009] {bash_operator.py:123} INFO - 2016-12-31
[2019-03-19 14:48:23,009] {bash_operator.py:123} INFO - Parameter I passed in
[2019-03-19 14:48:23,010] {bash_operator.py:123} INFO - 2016-12-24
[2019-03-19 14:48:23,010] {bash_operator.py:123} INFO - 2016-12-31
[2019-03-19 14:48:23,010] {bash_operator.py:123} INFO - Parameter I passed in
[2019-03-19 14:48:23,010] {bash_operator.py:123} INFO - 2016-12-24
[2019-03-19 14:48:23,010] {bash_operator.py:123} INFO - 2016-12-31
[2019-03-19 14:48:23,010] {bash_operator.py:123} INFO - Parameter I passed in
[2019-03-19 14:48:23,010] {bash_operator.py:123} INFO - 2016-12-24
[2019-03-19 14:48:23,010] {bash_operator.py:123} INFO - 2016-12-31
[2019-03-19 14:48:23,010] {bash_operator.py:123} INFO - Parameter I passed in
[2019-03-19 14:48:23,010] {bash_operator.py:123} INFO - 2016-12-24
[2019-03-19 14:48:23,010] {bash_operator.py:123} INFO - 2016-12-31
[2019-03-19 14:48:23,010] {bash_operator.py:123} INFO - Parameter I passed in
[2019-03-19 14:48:23,010] {bash_operator.py:127} INFO - Command exited with return code 0
[2019-03-19 14:48:26,982] {logging_mixin.py:95} INFO - [2019-03-19 14:48:26,981] {jobs.py:2527} INFO - Task exited with return code 0
