[2019-03-21 20:53:07,352] {models.py:1359} INFO - Dependencies all met for <TaskInstance: tutorial.print_date 2018-01-31T00:00:00+00:00 [queued]>
[2019-03-21 20:53:07,355] {models.py:1359} INFO - Dependencies all met for <TaskInstance: tutorial.print_date 2018-01-31T00:00:00+00:00 [queued]>
[2019-03-21 20:53:07,355] {models.py:1571} INFO - 
--------------------------------------------------------------------------------
Starting attempt 1 of 2
--------------------------------------------------------------------------------

[2019-03-21 20:53:07,385] {models.py:1593} INFO - Executing <Task(BashOperator): print_date> on 2018-01-31T00:00:00+00:00
[2019-03-21 20:53:07,385] {base_task_runner.py:118} INFO - Running: ['bash', '-c', 'airflow run tutorial print_date 2018-01-31T00:00:00+00:00 --job_id 2024 --raw -sd DAGS_FOLDER/tutorial.py --cfg_path /tmp/tmpphk0wtg5']
[2019-03-21 20:53:08,025] {base_task_runner.py:101} INFO - Job 2024: Subtask print_date [2019-03-21 20:53:08,024] {__init__.py:51} INFO - Using executor SequentialExecutor
[2019-03-21 20:53:08,288] {base_task_runner.py:101} INFO - Job 2024: Subtask print_date [2019-03-21 20:53:08,287] {models.py:273} INFO - Filling up the DagBag from /home/rsandroni/airflow/dags/tutorial.py
[2019-03-21 20:53:08,304] {base_task_runner.py:101} INFO - Job 2024: Subtask print_date [2019-03-21 20:53:08,303] {cli.py:520} INFO - Running <TaskInstance: tutorial.print_date 2018-01-31T00:00:00+00:00 [running]> on host IADAIRP1.globalrs.rack.space
[2019-03-21 20:53:08,317] {bash_operator.py:77} INFO - Tmp dir root location: 
 /tmp
[2019-03-21 20:53:08,317] {bash_operator.py:86} INFO - Exporting the following env vars:
AIRFLOW_CTX_DAG_ID=tutorial
AIRFLOW_CTX_TASK_ID=print_date
AIRFLOW_CTX_EXECUTION_DATE=2018-01-31T00:00:00+00:00
AIRFLOW_CTX_DAG_RUN_ID=scheduled__2018-01-31T00:00:00+00:00
[2019-03-21 20:53:08,317] {bash_operator.py:100} INFO - Temporary script location: /tmp/airflowtmpm9qc0cfb/print_date_dnmh5c1
[2019-03-21 20:53:08,317] {bash_operator.py:110} INFO - Running command: date
[2019-03-21 20:53:08,322] {bash_operator.py:119} INFO - Output:
[2019-03-21 20:53:08,325] {bash_operator.py:123} INFO - Qui Mar 21 20:53:08 -03 2019
[2019-03-21 20:53:08,325] {bash_operator.py:127} INFO - Command exited with return code 0
[2019-03-21 20:53:12,356] {logging_mixin.py:95} INFO - [2019-03-21 20:53:12,355] {jobs.py:2527} INFO - Task exited with return code 0
