[2019-03-21 17:02:35,247] {models.py:1359} INFO - Dependencies all met for <TaskInstance: tutorial.templated 2017-05-31T00:00:00+00:00 [queued]>
[2019-03-21 17:02:35,251] {models.py:1359} INFO - Dependencies all met for <TaskInstance: tutorial.templated 2017-05-31T00:00:00+00:00 [queued]>
[2019-03-21 17:02:35,251] {models.py:1571} INFO - 
--------------------------------------------------------------------------------
Starting attempt 1 of 2
--------------------------------------------------------------------------------

[2019-03-21 17:02:35,266] {models.py:1593} INFO - Executing <Task(BashOperator): templated> on 2017-05-31T00:00:00+00:00
[2019-03-21 17:02:35,266] {base_task_runner.py:118} INFO - Running: ['bash', '-c', 'airflow run tutorial templated 2017-05-31T00:00:00+00:00 --job_id 1477 --raw -sd DAGS_FOLDER/example_dags/tutorial.py --cfg_path /tmp/tmp7_i73lpr']
[2019-03-21 17:02:35,925] {base_task_runner.py:101} INFO - Job 1477: Subtask templated [2019-03-21 17:02:35,924] {__init__.py:51} INFO - Using executor SequentialExecutor
[2019-03-21 17:02:36,160] {base_task_runner.py:101} INFO - Job 1477: Subtask templated [2019-03-21 17:02:36,159] {models.py:273} INFO - Filling up the DagBag from /home/rsandroni/airflow/dags/example_dags/tutorial.py
[2019-03-21 17:02:36,223] {base_task_runner.py:101} INFO - Job 1477: Subtask templated [2019-03-21 17:02:36,223] {cli.py:520} INFO - Running <TaskInstance: tutorial.templated 2017-05-31T00:00:00+00:00 [running]> on host IADAIRP1.globalrs.rack.space
[2019-03-21 17:02:36,240] {bash_operator.py:77} INFO - Tmp dir root location: 
 /tmp
[2019-03-21 17:02:36,241] {bash_operator.py:86} INFO - Exporting the following env vars:
AIRFLOW_CTX_DAG_ID=tutorial
AIRFLOW_CTX_TASK_ID=templated
AIRFLOW_CTX_EXECUTION_DATE=2017-05-31T00:00:00+00:00
AIRFLOW_CTX_DAG_RUN_ID=scheduled__2017-05-31T00:00:00+00:00
[2019-03-21 17:02:36,241] {bash_operator.py:100} INFO - Temporary script location: /tmp/airflowtmp_y6emnrl/templatedf1dyepr5
[2019-03-21 17:02:36,241] {bash_operator.py:110} INFO - Running command: 

    echo "2017-05-31"
    echo "2017-06-07"
    echo "Parameter I passed in"

    echo "2017-05-31"
    echo "2017-06-07"
    echo "Parameter I passed in"

    echo "2017-05-31"
    echo "2017-06-07"
    echo "Parameter I passed in"

    echo "2017-05-31"
    echo "2017-06-07"
    echo "Parameter I passed in"

    echo "2017-05-31"
    echo "2017-06-07"
    echo "Parameter I passed in"

[2019-03-21 17:02:36,247] {bash_operator.py:119} INFO - Output:
[2019-03-21 17:02:36,248] {bash_operator.py:123} INFO - 2017-05-31
[2019-03-21 17:02:36,248] {bash_operator.py:123} INFO - 2017-06-07
[2019-03-21 17:02:36,248] {bash_operator.py:123} INFO - Parameter I passed in
[2019-03-21 17:02:36,248] {bash_operator.py:123} INFO - 2017-05-31
[2019-03-21 17:02:36,248] {bash_operator.py:123} INFO - 2017-06-07
[2019-03-21 17:02:36,248] {bash_operator.py:123} INFO - Parameter I passed in
[2019-03-21 17:02:36,248] {bash_operator.py:123} INFO - 2017-05-31
[2019-03-21 17:02:36,248] {bash_operator.py:123} INFO - 2017-06-07
[2019-03-21 17:02:36,248] {bash_operator.py:123} INFO - Parameter I passed in
[2019-03-21 17:02:36,248] {bash_operator.py:123} INFO - 2017-05-31
[2019-03-21 17:02:36,248] {bash_operator.py:123} INFO - 2017-06-07
[2019-03-21 17:02:36,248] {bash_operator.py:123} INFO - Parameter I passed in
[2019-03-21 17:02:36,249] {bash_operator.py:123} INFO - 2017-05-31
[2019-03-21 17:02:36,249] {bash_operator.py:123} INFO - 2017-06-07
[2019-03-21 17:02:36,249] {bash_operator.py:123} INFO - Parameter I passed in
[2019-03-21 17:02:36,249] {bash_operator.py:127} INFO - Command exited with return code 0
[2019-03-21 17:02:40,252] {logging_mixin.py:95} INFO - [2019-03-21 17:02:40,251] {jobs.py:2527} INFO - Task exited with return code 0
