[2019-03-22 05:33:50,409] {models.py:1359} INFO - Dependencies all met for <TaskInstance: tutorial.templated 2019-03-01T00:00:00+00:00 [queued]>
[2019-03-22 05:33:50,414] {models.py:1359} INFO - Dependencies all met for <TaskInstance: tutorial.templated 2019-03-01T00:00:00+00:00 [queued]>
[2019-03-22 05:33:50,414] {models.py:1571} INFO - 
--------------------------------------------------------------------------------
Starting attempt 1 of 2
--------------------------------------------------------------------------------

[2019-03-22 05:33:50,509] {models.py:1593} INFO - Executing <Task(BashOperator): templated> on 2019-03-01T00:00:00+00:00
[2019-03-22 05:33:50,509] {base_task_runner.py:118} INFO - Running: ['bash', '-c', 'airflow run tutorial templated 2019-03-01T00:00:00+00:00 --job_id 2814 --raw -sd DAGS_FOLDER/example_dags/tutorial.py --cfg_path /tmp/tmp5cjnnbx0']
[2019-03-22 05:33:52,406] {base_task_runner.py:101} INFO - Job 2814: Subtask templated [2019-03-22 05:33:52,405] {__init__.py:51} INFO - Using executor SequentialExecutor
[2019-03-22 05:33:53,229] {base_task_runner.py:101} INFO - Job 2814: Subtask templated [2019-03-22 05:33:53,221] {models.py:273} INFO - Filling up the DagBag from /home/rsandroni/airflow/dags/example_dags/tutorial.py
[2019-03-22 05:33:53,466] {base_task_runner.py:101} INFO - Job 2814: Subtask templated [2019-03-22 05:33:53,462] {cli.py:520} INFO - Running <TaskInstance: tutorial.templated 2019-03-01T00:00:00+00:00 [running]> on host IADAIRP1.globalrs.rack.space
[2019-03-22 05:33:53,501] {bash_operator.py:77} INFO - Tmp dir root location: 
 /tmp
[2019-03-22 05:33:53,502] {bash_operator.py:86} INFO - Exporting the following env vars:
AIRFLOW_CTX_DAG_ID=tutorial
AIRFLOW_CTX_TASK_ID=templated
AIRFLOW_CTX_EXECUTION_DATE=2019-03-01T00:00:00+00:00
AIRFLOW_CTX_DAG_RUN_ID=scheduled__2019-03-01T00:00:00+00:00
[2019-03-22 05:33:53,502] {bash_operator.py:100} INFO - Temporary script location: /tmp/airflowtmptbqu2doo/templatedfxfclhas
[2019-03-22 05:33:53,502] {bash_operator.py:110} INFO - Running command: 

    echo "2019-03-01"
    echo "2019-03-08"
    echo "Parameter I passed in"

    echo "2019-03-01"
    echo "2019-03-08"
    echo "Parameter I passed in"

    echo "2019-03-01"
    echo "2019-03-08"
    echo "Parameter I passed in"

    echo "2019-03-01"
    echo "2019-03-08"
    echo "Parameter I passed in"

    echo "2019-03-01"
    echo "2019-03-08"
    echo "Parameter I passed in"

[2019-03-22 05:33:53,545] {bash_operator.py:119} INFO - Output:
[2019-03-22 05:33:53,546] {bash_operator.py:123} INFO - 2019-03-01
[2019-03-22 05:33:53,546] {bash_operator.py:123} INFO - 2019-03-08
[2019-03-22 05:33:53,546] {bash_operator.py:123} INFO - Parameter I passed in
[2019-03-22 05:33:53,546] {bash_operator.py:123} INFO - 2019-03-01
[2019-03-22 05:33:53,546] {bash_operator.py:123} INFO - 2019-03-08
[2019-03-22 05:33:53,546] {bash_operator.py:123} INFO - Parameter I passed in
[2019-03-22 05:33:53,546] {bash_operator.py:123} INFO - 2019-03-01
[2019-03-22 05:33:53,546] {bash_operator.py:123} INFO - 2019-03-08
[2019-03-22 05:33:53,546] {bash_operator.py:123} INFO - Parameter I passed in
[2019-03-22 05:33:53,546] {bash_operator.py:123} INFO - 2019-03-01
[2019-03-22 05:33:53,546] {bash_operator.py:123} INFO - 2019-03-08
[2019-03-22 05:33:53,546] {bash_operator.py:123} INFO - Parameter I passed in
[2019-03-22 05:33:53,546] {bash_operator.py:123} INFO - 2019-03-01
[2019-03-22 05:33:53,546] {bash_operator.py:123} INFO - 2019-03-08
[2019-03-22 05:33:53,546] {bash_operator.py:123} INFO - Parameter I passed in
[2019-03-22 05:33:53,546] {bash_operator.py:127} INFO - Command exited with return code 0
[2019-03-22 05:33:55,465] {logging_mixin.py:95} INFO - [2019-03-22 05:33:55,464] {jobs.py:2527} INFO - Task exited with return code 0
