[2019-03-19 13:53:15,057] {models.py:1359} INFO - Dependencies all met for <TaskInstance: tutorial.print_date 2016-09-03T00:00:00+00:00 [queued]>
[2019-03-19 13:53:15,060] {models.py:1359} INFO - Dependencies all met for <TaskInstance: tutorial.print_date 2016-09-03T00:00:00+00:00 [queued]>
[2019-03-19 13:53:15,060] {models.py:1571} INFO - 
--------------------------------------------------------------------------------
Starting attempt 1 of 2
--------------------------------------------------------------------------------

[2019-03-19 13:53:15,110] {models.py:1593} INFO - Executing <Task(BashOperator): print_date> on 2016-09-03T00:00:00+00:00
[2019-03-19 13:53:15,110] {base_task_runner.py:118} INFO - Running: ['bash', '-c', 'airflow run tutorial print_date 2016-09-03T00:00:00+00:00 --job_id 925 --raw -sd DAGS_FOLDER/tutorial.py --cfg_path /tmp/tmp9pmrf10t']
[2019-03-19 13:53:16,827] {base_task_runner.py:101} INFO - Job 925: Subtask print_date [2019-03-19 13:53:16,826] {__init__.py:51} INFO - Using executor SequentialExecutor
[2019-03-19 13:53:17,663] {base_task_runner.py:101} INFO - Job 925: Subtask print_date [2019-03-19 13:53:17,662] {models.py:273} INFO - Filling up the DagBag from /home/rsandroni/airflow/dags/tutorial.py
[2019-03-19 13:53:17,706] {base_task_runner.py:101} INFO - Job 925: Subtask print_date [2019-03-19 13:53:17,702] {cli.py:520} INFO - Running <TaskInstance: tutorial.print_date 2016-09-03T00:00:00+00:00 [running]> on host IADAIRP1.globalrs.rack.space
[2019-03-19 13:53:17,725] {bash_operator.py:77} INFO - Tmp dir root location: 
 /tmp
[2019-03-19 13:53:17,726] {bash_operator.py:86} INFO - Exporting the following env vars:
AIRFLOW_CTX_DAG_ID=tutorial
AIRFLOW_CTX_TASK_ID=print_date
AIRFLOW_CTX_EXECUTION_DATE=2016-09-03T00:00:00+00:00
AIRFLOW_CTX_DAG_RUN_ID=scheduled__2016-09-03T00:00:00+00:00
[2019-03-19 13:53:17,726] {bash_operator.py:100} INFO - Temporary script location: /tmp/airflowtmptri0t9_6/print_dateb2bl7ntz
[2019-03-19 13:53:17,726] {bash_operator.py:110} INFO - Running command: date
[2019-03-19 13:53:17,813] {bash_operator.py:119} INFO - Output:
[2019-03-19 13:53:17,836] {bash_operator.py:123} INFO - Ter Mar 19 13:53:17 -03 2019
[2019-03-19 13:53:17,837] {bash_operator.py:127} INFO - Command exited with return code 0
[2019-03-19 13:53:20,092] {logging_mixin.py:95} INFO - [2019-03-19 13:53:20,092] {jobs.py:2527} INFO - Task exited with return code 0
