[2019-03-19 14:54:25,397] {models.py:1359} INFO - Dependencies all met for <TaskInstance: tutorial.print_date 2017-01-06T00:00:00+00:00 [queued]>
[2019-03-19 14:54:25,400] {models.py:1359} INFO - Dependencies all met for <TaskInstance: tutorial.print_date 2017-01-06T00:00:00+00:00 [queued]>
[2019-03-19 14:54:25,400] {models.py:1571} INFO - 
--------------------------------------------------------------------------------
Starting attempt 1 of 2
--------------------------------------------------------------------------------

[2019-03-19 14:54:25,480] {models.py:1593} INFO - Executing <Task(BashOperator): print_date> on 2017-01-06T00:00:00+00:00
[2019-03-19 14:54:25,480] {base_task_runner.py:118} INFO - Running: ['bash', '-c', 'airflow run tutorial print_date 2017-01-06T00:00:00+00:00 --job_id 1176 --raw -sd DAGS_FOLDER/tutorial.py --cfg_path /tmp/tmptvwcdwmg']
[2019-03-19 14:54:27,402] {base_task_runner.py:101} INFO - Job 1176: Subtask print_date [2019-03-19 14:54:27,401] {__init__.py:51} INFO - Using executor SequentialExecutor
[2019-03-19 14:54:28,017] {base_task_runner.py:101} INFO - Job 1176: Subtask print_date [2019-03-19 14:54:28,012] {models.py:273} INFO - Filling up the DagBag from /home/rsandroni/airflow/dags/tutorial.py
[2019-03-19 14:54:28,058] {base_task_runner.py:101} INFO - Job 1176: Subtask print_date [2019-03-19 14:54:28,054] {cli.py:520} INFO - Running <TaskInstance: tutorial.print_date 2017-01-06T00:00:00+00:00 [running]> on host IADAIRP1.globalrs.rack.space
[2019-03-19 14:54:28,095] {bash_operator.py:77} INFO - Tmp dir root location: 
 /tmp
[2019-03-19 14:54:28,095] {bash_operator.py:86} INFO - Exporting the following env vars:
AIRFLOW_CTX_DAG_ID=tutorial
AIRFLOW_CTX_TASK_ID=print_date
AIRFLOW_CTX_EXECUTION_DATE=2017-01-06T00:00:00+00:00
AIRFLOW_CTX_DAG_RUN_ID=scheduled__2017-01-06T00:00:00+00:00
[2019-03-19 14:54:28,095] {bash_operator.py:100} INFO - Temporary script location: /tmp/airflowtmpql9f7kca/print_dateofyig_h3
[2019-03-19 14:54:28,096] {bash_operator.py:110} INFO - Running command: date
[2019-03-19 14:54:28,139] {bash_operator.py:119} INFO - Output:
[2019-03-19 14:54:28,148] {bash_operator.py:123} INFO - Ter Mar 19 14:54:28 -03 2019
[2019-03-19 14:54:28,149] {bash_operator.py:127} INFO - Command exited with return code 0
[2019-03-19 14:54:30,409] {logging_mixin.py:95} INFO - [2019-03-19 14:54:30,409] {jobs.py:2527} INFO - Task exited with return code 0
