[2019-03-22 04:30:36,069] {models.py:1359} INFO - Dependencies all met for <TaskInstance: tutorial.print_date 2019-01-14T00:00:00+00:00 [queued]>
[2019-03-22 04:30:36,073] {models.py:1359} INFO - Dependencies all met for <TaskInstance: tutorial.print_date 2019-01-14T00:00:00+00:00 [queued]>
[2019-03-22 04:30:36,073] {models.py:1571} INFO - 
--------------------------------------------------------------------------------
Starting attempt 1 of 2
--------------------------------------------------------------------------------

[2019-03-22 04:30:36,151] {models.py:1593} INFO - Executing <Task(BashOperator): print_date> on 2019-01-14T00:00:00+00:00
[2019-03-22 04:30:36,151] {base_task_runner.py:118} INFO - Running: ['bash', '-c', 'airflow run tutorial print_date 2019-01-14T00:00:00+00:00 --job_id 2720 --raw -sd DAGS_FOLDER/tutorial.py --cfg_path /tmp/tmplf9ds41n']
[2019-03-22 04:30:37,052] {base_task_runner.py:101} INFO - Job 2720: Subtask print_date [2019-03-22 04:30:37,052] {__init__.py:51} INFO - Using executor SequentialExecutor
[2019-03-22 04:30:37,494] {base_task_runner.py:101} INFO - Job 2720: Subtask print_date [2019-03-22 04:30:37,487] {models.py:273} INFO - Filling up the DagBag from /home/rsandroni/airflow/dags/tutorial.py
[2019-03-22 04:30:37,543] {base_task_runner.py:101} INFO - Job 2720: Subtask print_date [2019-03-22 04:30:37,539] {cli.py:520} INFO - Running <TaskInstance: tutorial.print_date 2019-01-14T00:00:00+00:00 [running]> on host IADAIRP1.globalrs.rack.space
[2019-03-22 04:30:37,575] {bash_operator.py:77} INFO - Tmp dir root location: 
 /tmp
[2019-03-22 04:30:37,575] {bash_operator.py:86} INFO - Exporting the following env vars:
AIRFLOW_CTX_DAG_ID=tutorial
AIRFLOW_CTX_TASK_ID=print_date
AIRFLOW_CTX_EXECUTION_DATE=2019-01-14T00:00:00+00:00
AIRFLOW_CTX_DAG_RUN_ID=scheduled__2019-01-14T00:00:00+00:00
[2019-03-22 04:30:37,575] {bash_operator.py:100} INFO - Temporary script location: /tmp/airflowtmpn7gzb8jq/print_dateaxgobo47
[2019-03-22 04:30:37,576] {bash_operator.py:110} INFO - Running command: date
[2019-03-22 04:30:37,630] {bash_operator.py:119} INFO - Output:
[2019-03-22 04:30:37,652] {bash_operator.py:123} INFO - Sex Mar 22 04:30:37 -03 2019
[2019-03-22 04:30:37,652] {bash_operator.py:127} INFO - Command exited with return code 0
[2019-03-22 04:30:41,026] {logging_mixin.py:95} INFO - [2019-03-22 04:30:41,025] {jobs.py:2527} INFO - Task exited with return code 0
