[2019-03-22 03:03:21,592] {models.py:1359} INFO - Dependencies all met for <TaskInstance: tutorial.print_date 2018-11-09T00:00:00+00:00 [queued]>
[2019-03-22 03:03:21,596] {models.py:1359} INFO - Dependencies all met for <TaskInstance: tutorial.print_date 2018-11-09T00:00:00+00:00 [queued]>
[2019-03-22 03:03:21,596] {models.py:1571} INFO - 
--------------------------------------------------------------------------------
Starting attempt 1 of 2
--------------------------------------------------------------------------------

[2019-03-22 03:03:21,611] {models.py:1593} INFO - Executing <Task(BashOperator): print_date> on 2018-11-09T00:00:00+00:00
[2019-03-22 03:03:21,612] {base_task_runner.py:118} INFO - Running: ['bash', '-c', 'airflow run tutorial print_date 2018-11-09T00:00:00+00:00 --job_id 2588 --raw -sd DAGS_FOLDER/tutorial.py --cfg_path /tmp/tmp47h6ffhd']
[2019-03-22 03:03:22,254] {base_task_runner.py:101} INFO - Job 2588: Subtask print_date [2019-03-22 03:03:22,253] {__init__.py:51} INFO - Using executor SequentialExecutor
[2019-03-22 03:03:22,554] {base_task_runner.py:101} INFO - Job 2588: Subtask print_date [2019-03-22 03:03:22,553] {models.py:273} INFO - Filling up the DagBag from /home/rsandroni/airflow/dags/tutorial.py
[2019-03-22 03:03:22,569] {base_task_runner.py:101} INFO - Job 2588: Subtask print_date [2019-03-22 03:03:22,568] {cli.py:520} INFO - Running <TaskInstance: tutorial.print_date 2018-11-09T00:00:00+00:00 [running]> on host IADAIRP1.globalrs.rack.space
[2019-03-22 03:03:22,582] {bash_operator.py:77} INFO - Tmp dir root location: 
 /tmp
[2019-03-22 03:03:22,582] {bash_operator.py:86} INFO - Exporting the following env vars:
AIRFLOW_CTX_DAG_ID=tutorial
AIRFLOW_CTX_TASK_ID=print_date
AIRFLOW_CTX_EXECUTION_DATE=2018-11-09T00:00:00+00:00
AIRFLOW_CTX_DAG_RUN_ID=scheduled__2018-11-09T00:00:00+00:00
[2019-03-22 03:03:22,583] {bash_operator.py:100} INFO - Temporary script location: /tmp/airflowtmp0cgppqli/print_date564o3lx7
[2019-03-22 03:03:22,583] {bash_operator.py:110} INFO - Running command: date
[2019-03-22 03:03:22,589] {bash_operator.py:119} INFO - Output:
[2019-03-22 03:03:22,592] {bash_operator.py:123} INFO - Sex Mar 22 03:03:22 -03 2019
[2019-03-22 03:03:22,592] {bash_operator.py:127} INFO - Command exited with return code 0
[2019-03-22 03:03:26,645] {logging_mixin.py:95} INFO - [2019-03-22 03:03:26,644] {jobs.py:2527} INFO - Task exited with return code 0
