[2019-03-19 11:58:51,434] {models.py:1359} INFO - Dependencies all met for <TaskInstance: tutorial.templated 2016-01-02T00:00:00+00:00 [queued]>
[2019-03-19 11:58:51,438] {models.py:1359} INFO - Dependencies all met for <TaskInstance: tutorial.templated 2016-01-02T00:00:00+00:00 [queued]>
[2019-03-19 11:58:51,438] {models.py:1571} INFO - 
--------------------------------------------------------------------------------
Starting attempt 1 of 2
--------------------------------------------------------------------------------

[2019-03-19 11:58:51,452] {models.py:1593} INFO - Executing <Task(BashOperator): templated> on 2016-01-02T00:00:00+00:00
[2019-03-19 11:58:51,452] {base_task_runner.py:118} INFO - Running: ['bash', '-c', 'airflow run tutorial templated 2016-01-02T00:00:00+00:00 --job_id 437 --raw -sd DAGS_FOLDER/example_dags/tutorial.py --cfg_path /tmp/tmphrajwy0i']
[2019-03-19 11:58:52,074] {base_task_runner.py:101} INFO - Job 437: Subtask templated [2019-03-19 11:58:52,073] {__init__.py:51} INFO - Using executor SequentialExecutor
[2019-03-19 11:58:52,302] {base_task_runner.py:101} INFO - Job 437: Subtask templated [2019-03-19 11:58:52,301] {models.py:273} INFO - Filling up the DagBag from /home/rsandroni/airflow/dags/example_dags/tutorial.py
[2019-03-19 11:58:52,342] {base_task_runner.py:101} INFO - Job 437: Subtask templated [2019-03-19 11:58:52,342] {cli.py:520} INFO - Running <TaskInstance: tutorial.templated 2016-01-02T00:00:00+00:00 [running]> on host IADAIRP1.globalrs.rack.space
[2019-03-19 11:58:52,360] {bash_operator.py:77} INFO - Tmp dir root location: 
 /tmp
[2019-03-19 11:58:52,360] {bash_operator.py:86} INFO - Exporting the following env vars:
AIRFLOW_CTX_DAG_ID=tutorial
AIRFLOW_CTX_TASK_ID=templated
AIRFLOW_CTX_EXECUTION_DATE=2016-01-02T00:00:00+00:00
AIRFLOW_CTX_DAG_RUN_ID=scheduled__2016-01-02T00:00:00+00:00
[2019-03-19 11:58:52,361] {bash_operator.py:100} INFO - Temporary script location: /tmp/airflowtmpgxnrszn9/templatedejxgigme
[2019-03-19 11:58:52,361] {bash_operator.py:110} INFO - Running command: 

    echo "2016-01-02"
    echo "2016-01-09"
    echo "Parameter I passed in"

    echo "2016-01-02"
    echo "2016-01-09"
    echo "Parameter I passed in"

    echo "2016-01-02"
    echo "2016-01-09"
    echo "Parameter I passed in"

    echo "2016-01-02"
    echo "2016-01-09"
    echo "Parameter I passed in"

    echo "2016-01-02"
    echo "2016-01-09"
    echo "Parameter I passed in"

[2019-03-19 11:58:52,366] {bash_operator.py:119} INFO - Output:
[2019-03-19 11:58:52,367] {bash_operator.py:123} INFO - 2016-01-02
[2019-03-19 11:58:52,367] {bash_operator.py:123} INFO - 2016-01-09
[2019-03-19 11:58:52,367] {bash_operator.py:123} INFO - Parameter I passed in
[2019-03-19 11:58:52,367] {bash_operator.py:123} INFO - 2016-01-02
[2019-03-19 11:58:52,367] {bash_operator.py:123} INFO - 2016-01-09
[2019-03-19 11:58:52,367] {bash_operator.py:123} INFO - Parameter I passed in
[2019-03-19 11:58:52,367] {bash_operator.py:123} INFO - 2016-01-02
[2019-03-19 11:58:52,367] {bash_operator.py:123} INFO - 2016-01-09
[2019-03-19 11:58:52,367] {bash_operator.py:123} INFO - Parameter I passed in
[2019-03-19 11:58:52,367] {bash_operator.py:123} INFO - 2016-01-02
[2019-03-19 11:58:52,368] {bash_operator.py:123} INFO - 2016-01-09
[2019-03-19 11:58:52,368] {bash_operator.py:123} INFO - Parameter I passed in
[2019-03-19 11:58:52,368] {bash_operator.py:123} INFO - 2016-01-02
[2019-03-19 11:58:52,368] {bash_operator.py:123} INFO - 2016-01-09
[2019-03-19 11:58:52,368] {bash_operator.py:123} INFO - Parameter I passed in
[2019-03-19 11:58:52,368] {bash_operator.py:127} INFO - Command exited with return code 0
[2019-03-19 11:58:56,438] {logging_mixin.py:95} INFO - [2019-03-19 11:58:56,438] {jobs.py:2527} INFO - Task exited with return code 0
