[2019-03-19 15:49:11,705] {models.py:1359} INFO - Dependencies all met for <TaskInstance: tutorial.print_date 2017-05-06T00:00:00+00:00 [queued]>
[2019-03-19 15:49:11,708] {models.py:1359} INFO - Dependencies all met for <TaskInstance: tutorial.print_date 2017-05-06T00:00:00+00:00 [queued]>
[2019-03-19 15:49:11,708] {models.py:1571} INFO - 
--------------------------------------------------------------------------------
Starting attempt 1 of 2
--------------------------------------------------------------------------------

[2019-03-19 15:49:11,724] {models.py:1593} INFO - Executing <Task(BashOperator): print_date> on 2017-05-06T00:00:00+00:00
[2019-03-19 15:49:11,725] {base_task_runner.py:118} INFO - Running: ['bash', '-c', 'airflow run tutorial print_date 2017-05-06T00:00:00+00:00 --job_id 1416 --raw -sd DAGS_FOLDER/tutorial.py --cfg_path /tmp/tmprq7xqsgp']
[2019-03-19 15:49:12,384] {base_task_runner.py:101} INFO - Job 1416: Subtask print_date [2019-03-19 15:49:12,383] {__init__.py:51} INFO - Using executor SequentialExecutor
[2019-03-19 15:49:12,654] {base_task_runner.py:101} INFO - Job 1416: Subtask print_date [2019-03-19 15:49:12,653] {models.py:273} INFO - Filling up the DagBag from /home/rsandroni/airflow/dags/tutorial.py
[2019-03-19 15:49:12,669] {base_task_runner.py:101} INFO - Job 1416: Subtask print_date [2019-03-19 15:49:12,669] {cli.py:520} INFO - Running <TaskInstance: tutorial.print_date 2017-05-06T00:00:00+00:00 [running]> on host IADAIRP1.globalrs.rack.space
[2019-03-19 15:49:12,682] {bash_operator.py:77} INFO - Tmp dir root location: 
 /tmp
[2019-03-19 15:49:12,682] {bash_operator.py:86} INFO - Exporting the following env vars:
AIRFLOW_CTX_DAG_ID=tutorial
AIRFLOW_CTX_TASK_ID=print_date
AIRFLOW_CTX_EXECUTION_DATE=2017-05-06T00:00:00+00:00
AIRFLOW_CTX_DAG_RUN_ID=scheduled__2017-05-06T00:00:00+00:00
[2019-03-19 15:49:12,682] {bash_operator.py:100} INFO - Temporary script location: /tmp/airflowtmpkev_omgg/print_datewg21b2rr
[2019-03-19 15:49:12,683] {bash_operator.py:110} INFO - Running command: date
[2019-03-19 15:49:12,688] {bash_operator.py:119} INFO - Output:
[2019-03-19 15:49:12,690] {bash_operator.py:123} INFO - Ter Mar 19 15:49:12 -03 2019
[2019-03-19 15:49:12,690] {bash_operator.py:127} INFO - Command exited with return code 0
[2019-03-19 15:49:16,709] {logging_mixin.py:95} INFO - [2019-03-19 15:49:16,708] {jobs.py:2527} INFO - Task exited with return code 0
