[2019-03-19 15:07:07,339] {models.py:1359} INFO - Dependencies all met for <TaskInstance: tutorial.print_date 2017-02-04T00:00:00+00:00 [queued]>
[2019-03-19 15:07:07,341] {models.py:1359} INFO - Dependencies all met for <TaskInstance: tutorial.print_date 2017-02-04T00:00:00+00:00 [queued]>
[2019-03-19 15:07:07,342] {models.py:1571} INFO - 
--------------------------------------------------------------------------------
Starting attempt 1 of 2
--------------------------------------------------------------------------------

[2019-03-19 15:07:07,411] {models.py:1593} INFO - Executing <Task(BashOperator): print_date> on 2017-02-04T00:00:00+00:00
[2019-03-19 15:07:07,411] {base_task_runner.py:118} INFO - Running: ['bash', '-c', 'airflow run tutorial print_date 2017-02-04T00:00:00+00:00 --job_id 1232 --raw -sd DAGS_FOLDER/sql_server_load.py --cfg_path /tmp/tmpu8vwyh0h']
[2019-03-19 15:07:08,184] {base_task_runner.py:101} INFO - Job 1232: Subtask print_date [2019-03-19 15:07:08,180] {__init__.py:51} INFO - Using executor SequentialExecutor
[2019-03-19 15:07:08,534] {base_task_runner.py:101} INFO - Job 1232: Subtask print_date [2019-03-19 15:07:08,528] {models.py:273} INFO - Filling up the DagBag from /home/rsandroni/airflow/dags/sql_server_load.py
[2019-03-19 15:07:08,579] {base_task_runner.py:101} INFO - Job 1232: Subtask print_date [2019-03-19 15:07:08,575] {cli.py:520} INFO - Running <TaskInstance: tutorial.print_date 2017-02-04T00:00:00+00:00 [running]> on host IADAIRP1.globalrs.rack.space
[2019-03-19 15:07:08,615] {bash_operator.py:77} INFO - Tmp dir root location: 
 /tmp
[2019-03-19 15:07:08,615] {bash_operator.py:86} INFO - Exporting the following env vars:
AIRFLOW_CTX_DAG_ID=tutorial
AIRFLOW_CTX_TASK_ID=print_date
AIRFLOW_CTX_EXECUTION_DATE=2017-02-04T00:00:00+00:00
AIRFLOW_CTX_DAG_RUN_ID=scheduled__2017-02-04T00:00:00+00:00
[2019-03-19 15:07:08,616] {bash_operator.py:100} INFO - Temporary script location: /tmp/airflowtmptgxnhkii/print_datezo9em1ke
[2019-03-19 15:07:08,616] {bash_operator.py:110} INFO - Running command: date
[2019-03-19 15:07:08,660] {bash_operator.py:119} INFO - Output:
[2019-03-19 15:07:08,690] {bash_operator.py:123} INFO - Ter Mar 19 15:07:08 -03 2019
[2019-03-19 15:07:08,693] {bash_operator.py:127} INFO - Command exited with return code 0
[2019-03-19 15:07:12,332] {logging_mixin.py:95} INFO - [2019-03-19 15:07:12,332] {jobs.py:2527} INFO - Task exited with return code 0
