[2019-03-21 18:55:05,090] {models.py:1359} INFO - Dependencies all met for <TaskInstance: tutorial.templated 2017-10-31T00:00:00+00:00 [queued]>
[2019-03-21 18:55:05,094] {models.py:1359} INFO - Dependencies all met for <TaskInstance: tutorial.templated 2017-10-31T00:00:00+00:00 [queued]>
[2019-03-21 18:55:05,095] {models.py:1571} INFO - 
--------------------------------------------------------------------------------
Starting attempt 1 of 2
--------------------------------------------------------------------------------

[2019-03-21 18:55:05,108] {models.py:1593} INFO - Executing <Task(BashOperator): templated> on 2017-10-31T00:00:00+00:00
[2019-03-21 18:55:05,109] {base_task_runner.py:118} INFO - Running: ['bash', '-c', 'airflow run tutorial templated 2017-10-31T00:00:00+00:00 --job_id 1842 --raw -sd DAGS_FOLDER/example_dags/tutorial.py --cfg_path /tmp/tmp2z591iaq']
[2019-03-21 18:55:05,757] {base_task_runner.py:101} INFO - Job 1842: Subtask templated [2019-03-21 18:55:05,757] {__init__.py:51} INFO - Using executor SequentialExecutor
[2019-03-21 18:55:05,993] {base_task_runner.py:101} INFO - Job 1842: Subtask templated [2019-03-21 18:55:05,993] {models.py:273} INFO - Filling up the DagBag from /home/rsandroni/airflow/dags/example_dags/tutorial.py
[2019-03-21 18:55:06,058] {base_task_runner.py:101} INFO - Job 1842: Subtask templated [2019-03-21 18:55:06,057] {cli.py:520} INFO - Running <TaskInstance: tutorial.templated 2017-10-31T00:00:00+00:00 [running]> on host IADAIRP1.globalrs.rack.space
[2019-03-21 18:55:06,075] {bash_operator.py:77} INFO - Tmp dir root location: 
 /tmp
[2019-03-21 18:55:06,076] {bash_operator.py:86} INFO - Exporting the following env vars:
AIRFLOW_CTX_DAG_ID=tutorial
AIRFLOW_CTX_TASK_ID=templated
AIRFLOW_CTX_EXECUTION_DATE=2017-10-31T00:00:00+00:00
AIRFLOW_CTX_DAG_RUN_ID=scheduled__2017-10-31T00:00:00+00:00
[2019-03-21 18:55:06,076] {bash_operator.py:100} INFO - Temporary script location: /tmp/airflowtmptp4pmxav/templatedkal47tvd
[2019-03-21 18:55:06,076] {bash_operator.py:110} INFO - Running command: 

    echo "2017-10-31"
    echo "2017-11-07"
    echo "Parameter I passed in"

    echo "2017-10-31"
    echo "2017-11-07"
    echo "Parameter I passed in"

    echo "2017-10-31"
    echo "2017-11-07"
    echo "Parameter I passed in"

    echo "2017-10-31"
    echo "2017-11-07"
    echo "Parameter I passed in"

    echo "2017-10-31"
    echo "2017-11-07"
    echo "Parameter I passed in"

[2019-03-21 18:55:06,082] {bash_operator.py:119} INFO - Output:
[2019-03-21 18:55:06,083] {bash_operator.py:123} INFO - 2017-10-31
[2019-03-21 18:55:06,083] {bash_operator.py:123} INFO - 2017-11-07
[2019-03-21 18:55:06,083] {bash_operator.py:123} INFO - Parameter I passed in
[2019-03-21 18:55:06,083] {bash_operator.py:123} INFO - 2017-10-31
[2019-03-21 18:55:06,083] {bash_operator.py:123} INFO - 2017-11-07
[2019-03-21 18:55:06,083] {bash_operator.py:123} INFO - Parameter I passed in
[2019-03-21 18:55:06,084] {bash_operator.py:123} INFO - 2017-10-31
[2019-03-21 18:55:06,084] {bash_operator.py:123} INFO - 2017-11-07
[2019-03-21 18:55:06,084] {bash_operator.py:123} INFO - Parameter I passed in
[2019-03-21 18:55:06,084] {bash_operator.py:123} INFO - 2017-10-31
[2019-03-21 18:55:06,084] {bash_operator.py:123} INFO - 2017-11-07
[2019-03-21 18:55:06,084] {bash_operator.py:123} INFO - Parameter I passed in
[2019-03-21 18:55:06,084] {bash_operator.py:123} INFO - 2017-10-31
[2019-03-21 18:55:06,084] {bash_operator.py:123} INFO - 2017-11-07
[2019-03-21 18:55:06,084] {bash_operator.py:123} INFO - Parameter I passed in
[2019-03-21 18:55:06,084] {bash_operator.py:127} INFO - Command exited with return code 0
[2019-03-21 18:55:10,093] {logging_mixin.py:95} INFO - [2019-03-21 18:55:10,092] {jobs.py:2527} INFO - Task exited with return code 0
