[2019-03-21 22:21:57,722] {models.py:1359} INFO - Dependencies all met for <TaskInstance: tutorial.print_date 2018-04-10T00:00:00+00:00 [queued]>
[2019-03-21 22:21:57,724] {models.py:1359} INFO - Dependencies all met for <TaskInstance: tutorial.print_date 2018-04-10T00:00:00+00:00 [queued]>
[2019-03-21 22:21:57,724] {models.py:1571} INFO - 
--------------------------------------------------------------------------------
Starting attempt 1 of 2
--------------------------------------------------------------------------------

[2019-03-21 22:21:57,739] {models.py:1593} INFO - Executing <Task(BashOperator): print_date> on 2018-04-10T00:00:00+00:00
[2019-03-21 22:21:57,739] {base_task_runner.py:118} INFO - Running: ['bash', '-c', 'airflow run tutorial print_date 2018-04-10T00:00:00+00:00 --job_id 2161 --raw -sd DAGS_FOLDER/tutorial.py --cfg_path /tmp/tmpz6zyphiy']
[2019-03-21 22:21:58,372] {base_task_runner.py:101} INFO - Job 2161: Subtask print_date [2019-03-21 22:21:58,371] {__init__.py:51} INFO - Using executor SequentialExecutor
[2019-03-21 22:21:58,602] {base_task_runner.py:101} INFO - Job 2161: Subtask print_date [2019-03-21 22:21:58,601] {models.py:273} INFO - Filling up the DagBag from /home/rsandroni/airflow/dags/tutorial.py
[2019-03-21 22:21:58,618] {base_task_runner.py:101} INFO - Job 2161: Subtask print_date [2019-03-21 22:21:58,617] {cli.py:520} INFO - Running <TaskInstance: tutorial.print_date 2018-04-10T00:00:00+00:00 [running]> on host IADAIRP1.globalrs.rack.space
[2019-03-21 22:21:58,630] {bash_operator.py:77} INFO - Tmp dir root location: 
 /tmp
[2019-03-21 22:21:58,631] {bash_operator.py:86} INFO - Exporting the following env vars:
AIRFLOW_CTX_DAG_ID=tutorial
AIRFLOW_CTX_TASK_ID=print_date
AIRFLOW_CTX_EXECUTION_DATE=2018-04-10T00:00:00+00:00
AIRFLOW_CTX_DAG_RUN_ID=scheduled__2018-04-10T00:00:00+00:00
[2019-03-21 22:21:58,631] {bash_operator.py:100} INFO - Temporary script location: /tmp/airflowtmp_ndocwch/print_date3njscrwf
[2019-03-21 22:21:58,631] {bash_operator.py:110} INFO - Running command: date
[2019-03-21 22:21:58,637] {bash_operator.py:119} INFO - Output:
[2019-03-21 22:21:58,639] {bash_operator.py:123} INFO - Qui Mar 21 22:21:58 -03 2019
[2019-03-21 22:21:58,639] {bash_operator.py:127} INFO - Command exited with return code 0
[2019-03-21 22:22:02,726] {logging_mixin.py:95} INFO - [2019-03-21 22:22:02,725] {jobs.py:2527} INFO - Task exited with return code 0
