[2019-03-21 17:16:16,118] {models.py:1359} INFO - Dependencies all met for <TaskInstance: tutorial.print_date 2017-06-23T00:00:00+00:00 [queued]>
[2019-03-21 17:16:16,120] {models.py:1359} INFO - Dependencies all met for <TaskInstance: tutorial.print_date 2017-06-23T00:00:00+00:00 [queued]>
[2019-03-21 17:16:16,120] {models.py:1571} INFO - 
--------------------------------------------------------------------------------
Starting attempt 1 of 2
--------------------------------------------------------------------------------

[2019-03-21 17:16:16,135] {models.py:1593} INFO - Executing <Task(BashOperator): print_date> on 2017-06-23T00:00:00+00:00
[2019-03-21 17:16:16,136] {base_task_runner.py:118} INFO - Running: ['bash', '-c', 'airflow run tutorial print_date 2017-06-23T00:00:00+00:00 --job_id 1533 --raw -sd DAGS_FOLDER/tutorial.py --cfg_path /tmp/tmp8y_vz6z8']
[2019-03-21 17:16:16,772] {base_task_runner.py:101} INFO - Job 1533: Subtask print_date [2019-03-21 17:16:16,771] {__init__.py:51} INFO - Using executor SequentialExecutor
[2019-03-21 17:16:17,000] {base_task_runner.py:101} INFO - Job 1533: Subtask print_date [2019-03-21 17:16:16,999] {models.py:273} INFO - Filling up the DagBag from /home/rsandroni/airflow/dags/tutorial.py
[2019-03-21 17:16:17,015] {base_task_runner.py:101} INFO - Job 1533: Subtask print_date [2019-03-21 17:16:17,014] {cli.py:520} INFO - Running <TaskInstance: tutorial.print_date 2017-06-23T00:00:00+00:00 [running]> on host IADAIRP1.globalrs.rack.space
[2019-03-21 17:16:17,027] {bash_operator.py:77} INFO - Tmp dir root location: 
 /tmp
[2019-03-21 17:16:17,027] {bash_operator.py:86} INFO - Exporting the following env vars:
AIRFLOW_CTX_DAG_ID=tutorial
AIRFLOW_CTX_TASK_ID=print_date
AIRFLOW_CTX_EXECUTION_DATE=2017-06-23T00:00:00+00:00
AIRFLOW_CTX_DAG_RUN_ID=scheduled__2017-06-23T00:00:00+00:00
[2019-03-21 17:16:17,028] {bash_operator.py:100} INFO - Temporary script location: /tmp/airflowtmpw80vy4ca/print_date82iktv0q
[2019-03-21 17:16:17,028] {bash_operator.py:110} INFO - Running command: date
[2019-03-21 17:16:17,034] {bash_operator.py:119} INFO - Output:
[2019-03-21 17:16:17,036] {bash_operator.py:123} INFO - Qui Mar 21 17:16:17 -03 2019
[2019-03-21 17:16:17,036] {bash_operator.py:127} INFO - Command exited with return code 0
[2019-03-21 17:16:21,131] {logging_mixin.py:95} INFO - [2019-03-21 17:16:21,130] {jobs.py:2527} INFO - Task exited with return code 0
