[2019-03-19 12:25:53,398] {models.py:1359} INFO - Dependencies all met for <TaskInstance: tutorial.templated 2016-03-04T00:00:00+00:00 [queued]>
[2019-03-19 12:25:53,403] {models.py:1359} INFO - Dependencies all met for <TaskInstance: tutorial.templated 2016-03-04T00:00:00+00:00 [queued]>
[2019-03-19 12:25:53,403] {models.py:1571} INFO - 
--------------------------------------------------------------------------------
Starting attempt 1 of 2
--------------------------------------------------------------------------------

[2019-03-19 12:25:53,418] {models.py:1593} INFO - Executing <Task(BashOperator): templated> on 2016-03-04T00:00:00+00:00
[2019-03-19 12:25:53,418] {base_task_runner.py:118} INFO - Running: ['bash', '-c', 'airflow run tutorial templated 2016-03-04T00:00:00+00:00 --job_id 562 --raw -sd DAGS_FOLDER/sql_server_load.py --cfg_path /tmp/tmp80seuxpp']
[2019-03-19 12:25:54,035] {base_task_runner.py:101} INFO - Job 562: Subtask templated [2019-03-19 12:25:54,035] {__init__.py:51} INFO - Using executor SequentialExecutor
[2019-03-19 12:25:54,267] {base_task_runner.py:101} INFO - Job 562: Subtask templated [2019-03-19 12:25:54,267] {models.py:273} INFO - Filling up the DagBag from /home/rsandroni/airflow/dags/sql_server_load.py
[2019-03-19 12:25:54,287] {base_task_runner.py:101} INFO - Job 562: Subtask templated [2019-03-19 12:25:54,287] {cli.py:520} INFO - Running <TaskInstance: tutorial.templated 2016-03-04T00:00:00+00:00 [running]> on host IADAIRP1.globalrs.rack.space
[2019-03-19 12:25:54,303] {bash_operator.py:77} INFO - Tmp dir root location: 
 /tmp
[2019-03-19 12:25:54,303] {bash_operator.py:86} INFO - Exporting the following env vars:
AIRFLOW_CTX_DAG_ID=tutorial
AIRFLOW_CTX_TASK_ID=templated
AIRFLOW_CTX_EXECUTION_DATE=2016-03-04T00:00:00+00:00
AIRFLOW_CTX_DAG_RUN_ID=scheduled__2016-03-04T00:00:00+00:00
[2019-03-19 12:25:54,304] {bash_operator.py:100} INFO - Temporary script location: /tmp/airflowtmp2fozda7q/templatedabafzqj1
[2019-03-19 12:25:54,304] {bash_operator.py:110} INFO - Running command: 
    
        echo "2016-03-04"
        echo "Parameter I passed in"
    
        echo "2016-03-04"
        echo "Parameter I passed in"
    
        echo "2016-03-04"
        echo "Parameter I passed in"
    
        echo "2016-03-04"
        echo "Parameter I passed in"
    
        echo "2016-03-04"
        echo "Parameter I passed in"
    
    
[2019-03-19 12:25:54,309] {bash_operator.py:119} INFO - Output:
[2019-03-19 12:25:54,310] {bash_operator.py:123} INFO - 2016-03-04
[2019-03-19 12:25:54,310] {bash_operator.py:123} INFO - Parameter I passed in
[2019-03-19 12:25:54,310] {bash_operator.py:123} INFO - 2016-03-04
[2019-03-19 12:25:54,310] {bash_operator.py:123} INFO - Parameter I passed in
[2019-03-19 12:25:54,310] {bash_operator.py:123} INFO - 2016-03-04
[2019-03-19 12:25:54,310] {bash_operator.py:123} INFO - Parameter I passed in
[2019-03-19 12:25:54,311] {bash_operator.py:123} INFO - 2016-03-04
[2019-03-19 12:25:54,311] {bash_operator.py:123} INFO - Parameter I passed in
[2019-03-19 12:25:54,311] {bash_operator.py:123} INFO - 2016-03-04
[2019-03-19 12:25:54,311] {bash_operator.py:123} INFO - Parameter I passed in
[2019-03-19 12:25:54,311] {bash_operator.py:127} INFO - Command exited with return code 0
[2019-03-19 12:25:58,399] {logging_mixin.py:95} INFO - [2019-03-19 12:25:58,399] {jobs.py:2527} INFO - Task exited with return code 0
