[2019-03-21 18:23:55,093] {models.py:1359} INFO - Dependencies all met for <TaskInstance: tutorial.templated 2017-10-07T00:00:00+00:00 [queued]>
[2019-03-21 18:23:55,097] {models.py:1359} INFO - Dependencies all met for <TaskInstance: tutorial.templated 2017-10-07T00:00:00+00:00 [queued]>
[2019-03-21 18:23:55,097] {models.py:1571} INFO - 
--------------------------------------------------------------------------------
Starting attempt 1 of 2
--------------------------------------------------------------------------------

[2019-03-21 18:23:55,112] {models.py:1593} INFO - Executing <Task(BashOperator): templated> on 2017-10-07T00:00:00+00:00
[2019-03-21 18:23:55,112] {base_task_runner.py:118} INFO - Running: ['bash', '-c', 'airflow run tutorial templated 2017-10-07T00:00:00+00:00 --job_id 1794 --raw -sd DAGS_FOLDER/example_dags/tutorial.py --cfg_path /tmp/tmpiokt1ysl']
[2019-03-21 18:23:55,748] {base_task_runner.py:101} INFO - Job 1794: Subtask templated [2019-03-21 18:23:55,747] {__init__.py:51} INFO - Using executor SequentialExecutor
[2019-03-21 18:23:55,984] {base_task_runner.py:101} INFO - Job 1794: Subtask templated [2019-03-21 18:23:55,984] {models.py:273} INFO - Filling up the DagBag from /home/rsandroni/airflow/dags/example_dags/tutorial.py
[2019-03-21 18:23:56,050] {base_task_runner.py:101} INFO - Job 1794: Subtask templated [2019-03-21 18:23:56,049] {cli.py:520} INFO - Running <TaskInstance: tutorial.templated 2017-10-07T00:00:00+00:00 [running]> on host IADAIRP1.globalrs.rack.space
[2019-03-21 18:23:56,066] {bash_operator.py:77} INFO - Tmp dir root location: 
 /tmp
[2019-03-21 18:23:56,067] {bash_operator.py:86} INFO - Exporting the following env vars:
AIRFLOW_CTX_DAG_ID=tutorial
AIRFLOW_CTX_TASK_ID=templated
AIRFLOW_CTX_EXECUTION_DATE=2017-10-07T00:00:00+00:00
AIRFLOW_CTX_DAG_RUN_ID=scheduled__2017-10-07T00:00:00+00:00
[2019-03-21 18:23:56,067] {bash_operator.py:100} INFO - Temporary script location: /tmp/airflowtmp25ykm9hr/templated3bxnxpoy
[2019-03-21 18:23:56,067] {bash_operator.py:110} INFO - Running command: 

    echo "2017-10-07"
    echo "2017-10-14"
    echo "Parameter I passed in"

    echo "2017-10-07"
    echo "2017-10-14"
    echo "Parameter I passed in"

    echo "2017-10-07"
    echo "2017-10-14"
    echo "Parameter I passed in"

    echo "2017-10-07"
    echo "2017-10-14"
    echo "Parameter I passed in"

    echo "2017-10-07"
    echo "2017-10-14"
    echo "Parameter I passed in"

[2019-03-21 18:23:56,073] {bash_operator.py:119} INFO - Output:
[2019-03-21 18:23:56,074] {bash_operator.py:123} INFO - 2017-10-07
[2019-03-21 18:23:56,074] {bash_operator.py:123} INFO - 2017-10-14
[2019-03-21 18:23:56,074] {bash_operator.py:123} INFO - Parameter I passed in
[2019-03-21 18:23:56,074] {bash_operator.py:123} INFO - 2017-10-07
[2019-03-21 18:23:56,074] {bash_operator.py:123} INFO - 2017-10-14
[2019-03-21 18:23:56,074] {bash_operator.py:123} INFO - Parameter I passed in
[2019-03-21 18:23:56,074] {bash_operator.py:123} INFO - 2017-10-07
[2019-03-21 18:23:56,074] {bash_operator.py:123} INFO - 2017-10-14
[2019-03-21 18:23:56,074] {bash_operator.py:123} INFO - Parameter I passed in
[2019-03-21 18:23:56,074] {bash_operator.py:123} INFO - 2017-10-07
[2019-03-21 18:23:56,075] {bash_operator.py:123} INFO - 2017-10-14
[2019-03-21 18:23:56,075] {bash_operator.py:123} INFO - Parameter I passed in
[2019-03-21 18:23:56,075] {bash_operator.py:123} INFO - 2017-10-07
[2019-03-21 18:23:56,075] {bash_operator.py:123} INFO - 2017-10-14
[2019-03-21 18:23:56,075] {bash_operator.py:123} INFO - Parameter I passed in
[2019-03-21 18:23:56,075] {bash_operator.py:127} INFO - Command exited with return code 0
[2019-03-21 18:24:00,099] {logging_mixin.py:95} INFO - [2019-03-21 18:24:00,098] {jobs.py:2527} INFO - Task exited with return code 0
