[2019-03-19 11:38:06,589] {models.py:1359} INFO - Dependencies all met for <TaskInstance: tutorial.templated 2015-11-15T00:00:00+00:00 [queued]>
[2019-03-19 11:38:06,593] {models.py:1359} INFO - Dependencies all met for <TaskInstance: tutorial.templated 2015-11-15T00:00:00+00:00 [queued]>
[2019-03-19 11:38:06,593] {models.py:1571} INFO - 
--------------------------------------------------------------------------------
Starting attempt 1 of 2
--------------------------------------------------------------------------------

[2019-03-19 11:38:06,617] {models.py:1593} INFO - Executing <Task(BashOperator): templated> on 2015-11-15T00:00:00+00:00
[2019-03-19 11:38:06,617] {base_task_runner.py:118} INFO - Running: ['bash', '-c', 'airflow run tutorial templated 2015-11-15T00:00:00+00:00 --job_id 341 --raw -sd DAGS_FOLDER/example_dags/tutorial.py --cfg_path /tmp/tmpwgrqo2ub']
[2019-03-19 11:38:07,217] {base_task_runner.py:101} INFO - Job 341: Subtask templated [2019-03-19 11:38:07,217] {__init__.py:51} INFO - Using executor SequentialExecutor
[2019-03-19 11:38:07,440] {base_task_runner.py:101} INFO - Job 341: Subtask templated [2019-03-19 11:38:07,439] {models.py:273} INFO - Filling up the DagBag from /home/rsandroni/airflow/dags/example_dags/tutorial.py
[2019-03-19 11:38:07,480] {base_task_runner.py:101} INFO - Job 341: Subtask templated [2019-03-19 11:38:07,480] {cli.py:520} INFO - Running <TaskInstance: tutorial.templated 2015-11-15T00:00:00+00:00 [running]> on host IADAIRP1.globalrs.rack.space
[2019-03-19 11:38:07,498] {bash_operator.py:77} INFO - Tmp dir root location: 
 /tmp
[2019-03-19 11:38:07,498] {bash_operator.py:86} INFO - Exporting the following env vars:
AIRFLOW_CTX_DAG_ID=tutorial
AIRFLOW_CTX_TASK_ID=templated
AIRFLOW_CTX_EXECUTION_DATE=2015-11-15T00:00:00+00:00
AIRFLOW_CTX_DAG_RUN_ID=scheduled__2015-11-15T00:00:00+00:00
[2019-03-19 11:38:07,499] {bash_operator.py:100} INFO - Temporary script location: /tmp/airflowtmpuhdtglfw/templatedm58poct5
[2019-03-19 11:38:07,499] {bash_operator.py:110} INFO - Running command: 

    echo "2015-11-15"
    echo "2015-11-22"
    echo "Parameter I passed in"

    echo "2015-11-15"
    echo "2015-11-22"
    echo "Parameter I passed in"

    echo "2015-11-15"
    echo "2015-11-22"
    echo "Parameter I passed in"

    echo "2015-11-15"
    echo "2015-11-22"
    echo "Parameter I passed in"

    echo "2015-11-15"
    echo "2015-11-22"
    echo "Parameter I passed in"

[2019-03-19 11:38:07,504] {bash_operator.py:119} INFO - Output:
[2019-03-19 11:38:07,505] {bash_operator.py:123} INFO - 2015-11-15
[2019-03-19 11:38:07,505] {bash_operator.py:123} INFO - 2015-11-22
[2019-03-19 11:38:07,505] {bash_operator.py:123} INFO - Parameter I passed in
[2019-03-19 11:38:07,505] {bash_operator.py:123} INFO - 2015-11-15
[2019-03-19 11:38:07,505] {bash_operator.py:123} INFO - 2015-11-22
[2019-03-19 11:38:07,505] {bash_operator.py:123} INFO - Parameter I passed in
[2019-03-19 11:38:07,505] {bash_operator.py:123} INFO - 2015-11-15
[2019-03-19 11:38:07,505] {bash_operator.py:123} INFO - 2015-11-22
[2019-03-19 11:38:07,505] {bash_operator.py:123} INFO - Parameter I passed in
[2019-03-19 11:38:07,505] {bash_operator.py:123} INFO - 2015-11-15
[2019-03-19 11:38:07,506] {bash_operator.py:123} INFO - 2015-11-22
[2019-03-19 11:38:07,506] {bash_operator.py:123} INFO - Parameter I passed in
[2019-03-19 11:38:07,506] {bash_operator.py:123} INFO - 2015-11-15
[2019-03-19 11:38:07,506] {bash_operator.py:123} INFO - 2015-11-22
[2019-03-19 11:38:07,506] {bash_operator.py:123} INFO - Parameter I passed in
[2019-03-19 11:38:07,506] {bash_operator.py:127} INFO - Command exited with return code 0
[2019-03-19 11:38:11,597] {logging_mixin.py:95} INFO - [2019-03-19 11:38:11,597] {jobs.py:2527} INFO - Task exited with return code 0
