[2019-03-21 18:17:59,215] {models.py:1359} INFO - Dependencies all met for <TaskInstance: tutorial.templated 2017-09-29T00:00:00+00:00 [queued]>
[2019-03-21 18:17:59,219] {models.py:1359} INFO - Dependencies all met for <TaskInstance: tutorial.templated 2017-09-29T00:00:00+00:00 [queued]>
[2019-03-21 18:17:59,219] {models.py:1571} INFO - 
--------------------------------------------------------------------------------
Starting attempt 1 of 2
--------------------------------------------------------------------------------

[2019-03-21 18:17:59,234] {models.py:1593} INFO - Executing <Task(BashOperator): templated> on 2017-09-29T00:00:00+00:00
[2019-03-21 18:17:59,235] {base_task_runner.py:118} INFO - Running: ['bash', '-c', 'airflow run tutorial templated 2017-09-29T00:00:00+00:00 --job_id 1778 --raw -sd DAGS_FOLDER/example_dags/tutorial.py --cfg_path /tmp/tmp1qq2fij2']
[2019-03-21 18:17:59,872] {base_task_runner.py:101} INFO - Job 1778: Subtask templated [2019-03-21 18:17:59,871] {__init__.py:51} INFO - Using executor SequentialExecutor
[2019-03-21 18:18:00,116] {base_task_runner.py:101} INFO - Job 1778: Subtask templated [2019-03-21 18:18:00,115] {models.py:273} INFO - Filling up the DagBag from /home/rsandroni/airflow/dags/example_dags/tutorial.py
[2019-03-21 18:18:00,182] {base_task_runner.py:101} INFO - Job 1778: Subtask templated [2019-03-21 18:18:00,181] {cli.py:520} INFO - Running <TaskInstance: tutorial.templated 2017-09-29T00:00:00+00:00 [running]> on host IADAIRP1.globalrs.rack.space
[2019-03-21 18:18:00,198] {bash_operator.py:77} INFO - Tmp dir root location: 
 /tmp
[2019-03-21 18:18:00,198] {bash_operator.py:86} INFO - Exporting the following env vars:
AIRFLOW_CTX_DAG_ID=tutorial
AIRFLOW_CTX_TASK_ID=templated
AIRFLOW_CTX_EXECUTION_DATE=2017-09-29T00:00:00+00:00
AIRFLOW_CTX_DAG_RUN_ID=scheduled__2017-09-29T00:00:00+00:00
[2019-03-21 18:18:00,199] {bash_operator.py:100} INFO - Temporary script location: /tmp/airflowtmp2ed47fg1/templated3w52v9a4
[2019-03-21 18:18:00,199] {bash_operator.py:110} INFO - Running command: 

    echo "2017-09-29"
    echo "2017-10-06"
    echo "Parameter I passed in"

    echo "2017-09-29"
    echo "2017-10-06"
    echo "Parameter I passed in"

    echo "2017-09-29"
    echo "2017-10-06"
    echo "Parameter I passed in"

    echo "2017-09-29"
    echo "2017-10-06"
    echo "Parameter I passed in"

    echo "2017-09-29"
    echo "2017-10-06"
    echo "Parameter I passed in"

[2019-03-21 18:18:00,204] {bash_operator.py:119} INFO - Output:
[2019-03-21 18:18:00,205] {bash_operator.py:123} INFO - 2017-09-29
[2019-03-21 18:18:00,205] {bash_operator.py:123} INFO - 2017-10-06
[2019-03-21 18:18:00,205] {bash_operator.py:123} INFO - Parameter I passed in
[2019-03-21 18:18:00,205] {bash_operator.py:123} INFO - 2017-09-29
[2019-03-21 18:18:00,206] {bash_operator.py:123} INFO - 2017-10-06
[2019-03-21 18:18:00,206] {bash_operator.py:123} INFO - Parameter I passed in
[2019-03-21 18:18:00,206] {bash_operator.py:123} INFO - 2017-09-29
[2019-03-21 18:18:00,206] {bash_operator.py:123} INFO - 2017-10-06
[2019-03-21 18:18:00,206] {bash_operator.py:123} INFO - Parameter I passed in
[2019-03-21 18:18:00,206] {bash_operator.py:123} INFO - 2017-09-29
[2019-03-21 18:18:00,206] {bash_operator.py:123} INFO - 2017-10-06
[2019-03-21 18:18:00,206] {bash_operator.py:123} INFO - Parameter I passed in
[2019-03-21 18:18:00,206] {bash_operator.py:123} INFO - 2017-09-29
[2019-03-21 18:18:00,206] {bash_operator.py:123} INFO - 2017-10-06
[2019-03-21 18:18:00,206] {bash_operator.py:123} INFO - Parameter I passed in
[2019-03-21 18:18:00,206] {bash_operator.py:127} INFO - Command exited with return code 0
[2019-03-21 18:18:04,213] {logging_mixin.py:95} INFO - [2019-03-21 18:18:04,212] {jobs.py:2527} INFO - Task exited with return code 0
