[2019-03-19 10:29:53,258] {models.py:1359} INFO - Dependencies all met for <TaskInstance: tutorial.templated 2015-06-30T00:00:00+00:00 [queued]>
[2019-03-19 10:29:53,263] {models.py:1359} INFO - Dependencies all met for <TaskInstance: tutorial.templated 2015-06-30T00:00:00+00:00 [queued]>
[2019-03-19 10:29:53,263] {models.py:1571} INFO - 
--------------------------------------------------------------------------------
Starting attempt 1 of 2
--------------------------------------------------------------------------------

[2019-03-19 10:29:53,276] {models.py:1593} INFO - Executing <Task(BashOperator): templated> on 2015-06-30T00:00:00+00:00
[2019-03-19 10:29:53,277] {base_task_runner.py:118} INFO - Running: ['bash', '-c', 'airflow run tutorial templated 2015-06-30T00:00:00+00:00 --job_id 66 --raw -sd DAGS_FOLDER/example_dags/tutorial.py --cfg_path /tmp/tmphnhjy6mj']
[2019-03-19 10:29:53,883] {base_task_runner.py:101} INFO - Job 66: Subtask templated [2019-03-19 10:29:53,883] {__init__.py:51} INFO - Using executor SequentialExecutor
[2019-03-19 10:29:54,159] {base_task_runner.py:101} INFO - Job 66: Subtask templated [2019-03-19 10:29:54,159] {models.py:273} INFO - Filling up the DagBag from /home/rsandroni/airflow/dags/example_dags/tutorial.py
[2019-03-19 10:29:54,200] {base_task_runner.py:101} INFO - Job 66: Subtask templated [2019-03-19 10:29:54,200] {cli.py:520} INFO - Running <TaskInstance: tutorial.templated 2015-06-30T00:00:00+00:00 [running]> on host IADAIRP1.globalrs.rack.space
[2019-03-19 10:29:54,215] {bash_operator.py:77} INFO - Tmp dir root location: 
 /tmp
[2019-03-19 10:29:54,215] {bash_operator.py:86} INFO - Exporting the following env vars:
AIRFLOW_CTX_DAG_ID=tutorial
AIRFLOW_CTX_TASK_ID=templated
AIRFLOW_CTX_EXECUTION_DATE=2015-06-30T00:00:00+00:00
AIRFLOW_CTX_DAG_RUN_ID=scheduled__2015-06-30T00:00:00+00:00
[2019-03-19 10:29:54,216] {bash_operator.py:100} INFO - Temporary script location: /tmp/airflowtmphopifdhz/templatedntcoyaih
[2019-03-19 10:29:54,216] {bash_operator.py:110} INFO - Running command: 

    echo "2015-06-30"
    echo "2015-07-07"
    echo "Parameter I passed in"

    echo "2015-06-30"
    echo "2015-07-07"
    echo "Parameter I passed in"

    echo "2015-06-30"
    echo "2015-07-07"
    echo "Parameter I passed in"

    echo "2015-06-30"
    echo "2015-07-07"
    echo "Parameter I passed in"

    echo "2015-06-30"
    echo "2015-07-07"
    echo "Parameter I passed in"

[2019-03-19 10:29:54,221] {bash_operator.py:119} INFO - Output:
[2019-03-19 10:29:54,222] {bash_operator.py:123} INFO - 2015-06-30
[2019-03-19 10:29:54,222] {bash_operator.py:123} INFO - 2015-07-07
[2019-03-19 10:29:54,222] {bash_operator.py:123} INFO - Parameter I passed in
[2019-03-19 10:29:54,222] {bash_operator.py:123} INFO - 2015-06-30
[2019-03-19 10:29:54,222] {bash_operator.py:123} INFO - 2015-07-07
[2019-03-19 10:29:54,222] {bash_operator.py:123} INFO - Parameter I passed in
[2019-03-19 10:29:54,222] {bash_operator.py:123} INFO - 2015-06-30
[2019-03-19 10:29:54,222] {bash_operator.py:123} INFO - 2015-07-07
[2019-03-19 10:29:54,222] {bash_operator.py:123} INFO - Parameter I passed in
[2019-03-19 10:29:54,222] {bash_operator.py:123} INFO - 2015-06-30
[2019-03-19 10:29:54,222] {bash_operator.py:123} INFO - 2015-07-07
[2019-03-19 10:29:54,223] {bash_operator.py:123} INFO - Parameter I passed in
[2019-03-19 10:29:54,223] {bash_operator.py:123} INFO - 2015-06-30
[2019-03-19 10:29:54,223] {bash_operator.py:123} INFO - 2015-07-07
[2019-03-19 10:29:54,223] {bash_operator.py:123} INFO - Parameter I passed in
[2019-03-19 10:29:54,223] {bash_operator.py:127} INFO - Command exited with return code 0
[2019-03-19 10:29:58,245] {logging_mixin.py:95} INFO - [2019-03-19 10:29:58,245] {jobs.py:2527} INFO - Task exited with return code 0
