[2019-03-22 05:37:15,003] {models.py:1359} INFO - Dependencies all met for <TaskInstance: tutorial.print_date 2019-03-06T00:00:00+00:00 [queued]>
[2019-03-22 05:37:15,006] {models.py:1359} INFO - Dependencies all met for <TaskInstance: tutorial.print_date 2019-03-06T00:00:00+00:00 [queued]>
[2019-03-22 05:37:15,006] {models.py:1571} INFO - 
--------------------------------------------------------------------------------
Starting attempt 1 of 2
--------------------------------------------------------------------------------

[2019-03-22 05:37:15,039] {models.py:1593} INFO - Executing <Task(BashOperator): print_date> on 2019-03-06T00:00:00+00:00
[2019-03-22 05:37:15,039] {base_task_runner.py:118} INFO - Running: ['bash', '-c', 'airflow run tutorial print_date 2019-03-06T00:00:00+00:00 --job_id 2821 --raw -sd DAGS_FOLDER/tutorial.py --cfg_path /tmp/tmptd9f11a6']
[2019-03-22 05:37:15,695] {base_task_runner.py:101} INFO - Job 2821: Subtask print_date [2019-03-22 05:37:15,695] {__init__.py:51} INFO - Using executor SequentialExecutor
[2019-03-22 05:37:15,969] {base_task_runner.py:101} INFO - Job 2821: Subtask print_date [2019-03-22 05:37:15,968] {models.py:273} INFO - Filling up the DagBag from /home/rsandroni/airflow/dags/tutorial.py
[2019-03-22 05:37:15,984] {base_task_runner.py:101} INFO - Job 2821: Subtask print_date [2019-03-22 05:37:15,984] {cli.py:520} INFO - Running <TaskInstance: tutorial.print_date 2019-03-06T00:00:00+00:00 [running]> on host IADAIRP1.globalrs.rack.space
[2019-03-22 05:37:15,997] {bash_operator.py:77} INFO - Tmp dir root location: 
 /tmp
[2019-03-22 05:37:15,997] {bash_operator.py:86} INFO - Exporting the following env vars:
AIRFLOW_CTX_DAG_ID=tutorial
AIRFLOW_CTX_TASK_ID=print_date
AIRFLOW_CTX_EXECUTION_DATE=2019-03-06T00:00:00+00:00
AIRFLOW_CTX_DAG_RUN_ID=scheduled__2019-03-06T00:00:00+00:00
[2019-03-22 05:37:15,998] {bash_operator.py:100} INFO - Temporary script location: /tmp/airflowtmpf7x8unki/print_date4jcd6ghj
[2019-03-22 05:37:15,998] {bash_operator.py:110} INFO - Running command: date
[2019-03-22 05:37:16,003] {bash_operator.py:119} INFO - Output:
[2019-03-22 05:37:16,005] {bash_operator.py:123} INFO - Sex Mar 22 05:37:16 -03 2019
[2019-03-22 05:37:16,005] {bash_operator.py:127} INFO - Command exited with return code 0
[2019-03-22 05:37:20,057] {logging_mixin.py:95} INFO - [2019-03-22 05:37:20,056] {jobs.py:2527} INFO - Task exited with return code 0
