[2019-03-21 19:26:56,232] {models.py:1359} INFO - Dependencies all met for <TaskInstance: tutorial.print_date 2017-11-27T00:00:00+00:00 [queued]>
[2019-03-21 19:26:56,235] {models.py:1359} INFO - Dependencies all met for <TaskInstance: tutorial.print_date 2017-11-27T00:00:00+00:00 [queued]>
[2019-03-21 19:26:56,235] {models.py:1571} INFO - 
--------------------------------------------------------------------------------
Starting attempt 1 of 2
--------------------------------------------------------------------------------

[2019-03-21 19:26:56,251] {models.py:1593} INFO - Executing <Task(BashOperator): print_date> on 2017-11-27T00:00:00+00:00
[2019-03-21 19:26:56,251] {base_task_runner.py:118} INFO - Running: ['bash', '-c', 'airflow run tutorial print_date 2017-11-27T00:00:00+00:00 --job_id 1893 --raw -sd DAGS_FOLDER/tutorial.py --cfg_path /tmp/tmpbjtpwp75']
[2019-03-21 19:26:56,886] {base_task_runner.py:101} INFO - Job 1893: Subtask print_date [2019-03-21 19:26:56,885] {__init__.py:51} INFO - Using executor SequentialExecutor
[2019-03-21 19:26:57,116] {base_task_runner.py:101} INFO - Job 1893: Subtask print_date [2019-03-21 19:26:57,115] {models.py:273} INFO - Filling up the DagBag from /home/rsandroni/airflow/dags/tutorial.py
[2019-03-21 19:26:57,131] {base_task_runner.py:101} INFO - Job 1893: Subtask print_date [2019-03-21 19:26:57,130] {cli.py:520} INFO - Running <TaskInstance: tutorial.print_date 2017-11-27T00:00:00+00:00 [running]> on host IADAIRP1.globalrs.rack.space
[2019-03-21 19:26:57,144] {bash_operator.py:77} INFO - Tmp dir root location: 
 /tmp
[2019-03-21 19:26:57,144] {bash_operator.py:86} INFO - Exporting the following env vars:
AIRFLOW_CTX_DAG_ID=tutorial
AIRFLOW_CTX_TASK_ID=print_date
AIRFLOW_CTX_EXECUTION_DATE=2017-11-27T00:00:00+00:00
AIRFLOW_CTX_DAG_RUN_ID=scheduled__2017-11-27T00:00:00+00:00
[2019-03-21 19:26:57,145] {bash_operator.py:100} INFO - Temporary script location: /tmp/airflowtmpcozyr4p2/print_date11fo5abm
[2019-03-21 19:26:57,145] {bash_operator.py:110} INFO - Running command: date
[2019-03-21 19:26:57,150] {bash_operator.py:119} INFO - Output:
[2019-03-21 19:26:57,152] {bash_operator.py:123} INFO - Qui Mar 21 19:26:57 -03 2019
[2019-03-21 19:26:57,153] {bash_operator.py:127} INFO - Command exited with return code 0
[2019-03-21 19:27:01,235] {logging_mixin.py:95} INFO - [2019-03-21 19:27:01,234] {jobs.py:2527} INFO - Task exited with return code 0
