[2019-03-22 05:20:27,260] {models.py:1359} INFO - Dependencies all met for <TaskInstance: tutorial.templated 2019-02-19T00:00:00+00:00 [queued]>
[2019-03-22 05:20:27,265] {models.py:1359} INFO - Dependencies all met for <TaskInstance: tutorial.templated 2019-02-19T00:00:00+00:00 [queued]>
[2019-03-22 05:20:27,266] {models.py:1571} INFO - 
--------------------------------------------------------------------------------
Starting attempt 1 of 2
--------------------------------------------------------------------------------

[2019-03-22 05:20:27,353] {models.py:1593} INFO - Executing <Task(BashOperator): templated> on 2019-02-19T00:00:00+00:00
[2019-03-22 05:20:27,353] {base_task_runner.py:118} INFO - Running: ['bash', '-c', 'airflow run tutorial templated 2019-02-19T00:00:00+00:00 --job_id 2794 --raw -sd DAGS_FOLDER/example_dags/tutorial.py --cfg_path /tmp/tmprh4chs0w']
[2019-03-22 05:20:28,335] {base_task_runner.py:101} INFO - Job 2794: Subtask templated [2019-03-22 05:20:28,334] {__init__.py:51} INFO - Using executor SequentialExecutor
[2019-03-22 05:20:28,672] {base_task_runner.py:101} INFO - Job 2794: Subtask templated [2019-03-22 05:20:28,667] {models.py:273} INFO - Filling up the DagBag from /home/rsandroni/airflow/dags/example_dags/tutorial.py
[2019-03-22 05:20:28,787] {base_task_runner.py:101} INFO - Job 2794: Subtask templated [2019-03-22 05:20:28,786] {cli.py:520} INFO - Running <TaskInstance: tutorial.templated 2019-02-19T00:00:00+00:00 [running]> on host IADAIRP1.globalrs.rack.space
[2019-03-22 05:20:28,837] {bash_operator.py:77} INFO - Tmp dir root location: 
 /tmp
[2019-03-22 05:20:28,837] {bash_operator.py:86} INFO - Exporting the following env vars:
AIRFLOW_CTX_DAG_ID=tutorial
AIRFLOW_CTX_TASK_ID=templated
AIRFLOW_CTX_EXECUTION_DATE=2019-02-19T00:00:00+00:00
AIRFLOW_CTX_DAG_RUN_ID=scheduled__2019-02-19T00:00:00+00:00
[2019-03-22 05:20:28,838] {bash_operator.py:100} INFO - Temporary script location: /tmp/airflowtmpgs83mgbk/templatedbg6_oo5k
[2019-03-22 05:20:28,838] {bash_operator.py:110} INFO - Running command: 

    echo "2019-02-19"
    echo "2019-02-26"
    echo "Parameter I passed in"

    echo "2019-02-19"
    echo "2019-02-26"
    echo "Parameter I passed in"

    echo "2019-02-19"
    echo "2019-02-26"
    echo "Parameter I passed in"

    echo "2019-02-19"
    echo "2019-02-26"
    echo "Parameter I passed in"

    echo "2019-02-19"
    echo "2019-02-26"
    echo "Parameter I passed in"

[2019-03-22 05:20:28,890] {bash_operator.py:119} INFO - Output:
[2019-03-22 05:20:28,901] {bash_operator.py:123} INFO - 2019-02-19
[2019-03-22 05:20:28,901] {bash_operator.py:123} INFO - 2019-02-26
[2019-03-22 05:20:28,901] {bash_operator.py:123} INFO - Parameter I passed in
[2019-03-22 05:20:28,901] {bash_operator.py:123} INFO - 2019-02-19
[2019-03-22 05:20:28,901] {bash_operator.py:123} INFO - 2019-02-26
[2019-03-22 05:20:28,901] {bash_operator.py:123} INFO - Parameter I passed in
[2019-03-22 05:20:28,901] {bash_operator.py:123} INFO - 2019-02-19
[2019-03-22 05:20:28,901] {bash_operator.py:123} INFO - 2019-02-26
[2019-03-22 05:20:28,901] {bash_operator.py:123} INFO - Parameter I passed in
[2019-03-22 05:20:28,901] {bash_operator.py:123} INFO - 2019-02-19
[2019-03-22 05:20:28,902] {bash_operator.py:123} INFO - 2019-02-26
[2019-03-22 05:20:28,902] {bash_operator.py:123} INFO - Parameter I passed in
[2019-03-22 05:20:28,902] {bash_operator.py:123} INFO - 2019-02-19
[2019-03-22 05:20:28,902] {bash_operator.py:123} INFO - 2019-02-26
[2019-03-22 05:20:28,902] {bash_operator.py:123} INFO - Parameter I passed in
[2019-03-22 05:20:28,902] {bash_operator.py:127} INFO - Command exited with return code 0
[2019-03-22 05:20:32,258] {logging_mixin.py:95} INFO - [2019-03-22 05:20:32,257] {jobs.py:2527} INFO - Task exited with return code 0
