[2019-03-21 20:13:11,674] {models.py:1359} INFO - Dependencies all met for <TaskInstance: tutorial.templated 2017-12-31T00:00:00+00:00 [queued]>
[2019-03-21 20:13:11,679] {models.py:1359} INFO - Dependencies all met for <TaskInstance: tutorial.templated 2017-12-31T00:00:00+00:00 [queued]>
[2019-03-21 20:13:11,679] {models.py:1571} INFO - 
--------------------------------------------------------------------------------
Starting attempt 1 of 2
--------------------------------------------------------------------------------

[2019-03-21 20:13:11,695] {models.py:1593} INFO - Executing <Task(BashOperator): templated> on 2017-12-31T00:00:00+00:00
[2019-03-21 20:13:11,695] {base_task_runner.py:118} INFO - Running: ['bash', '-c', 'airflow run tutorial templated 2017-12-31T00:00:00+00:00 --job_id 1963 --raw -sd DAGS_FOLDER/example_dags/tutorial.py --cfg_path /tmp/tmpygjg3t63']
[2019-03-21 20:13:12,340] {base_task_runner.py:101} INFO - Job 1963: Subtask templated [2019-03-21 20:13:12,337] {__init__.py:51} INFO - Using executor SequentialExecutor
[2019-03-21 20:13:12,600] {base_task_runner.py:101} INFO - Job 1963: Subtask templated [2019-03-21 20:13:12,599] {models.py:273} INFO - Filling up the DagBag from /home/rsandroni/airflow/dags/example_dags/tutorial.py
[2019-03-21 20:13:12,687] {base_task_runner.py:101} INFO - Job 1963: Subtask templated [2019-03-21 20:13:12,687] {cli.py:520} INFO - Running <TaskInstance: tutorial.templated 2017-12-31T00:00:00+00:00 [running]> on host IADAIRP1.globalrs.rack.space
[2019-03-21 20:13:12,703] {bash_operator.py:77} INFO - Tmp dir root location: 
 /tmp
[2019-03-21 20:13:12,703] {bash_operator.py:86} INFO - Exporting the following env vars:
AIRFLOW_CTX_DAG_ID=tutorial
AIRFLOW_CTX_TASK_ID=templated
AIRFLOW_CTX_EXECUTION_DATE=2017-12-31T00:00:00+00:00
AIRFLOW_CTX_DAG_RUN_ID=scheduled__2017-12-31T00:00:00+00:00
[2019-03-21 20:13:12,704] {bash_operator.py:100} INFO - Temporary script location: /tmp/airflowtmp8cn1qotm/templatedhw70b7wi
[2019-03-21 20:13:12,704] {bash_operator.py:110} INFO - Running command: 

    echo "2017-12-31"
    echo "2018-01-07"
    echo "Parameter I passed in"

    echo "2017-12-31"
    echo "2018-01-07"
    echo "Parameter I passed in"

    echo "2017-12-31"
    echo "2018-01-07"
    echo "Parameter I passed in"

    echo "2017-12-31"
    echo "2018-01-07"
    echo "Parameter I passed in"

    echo "2017-12-31"
    echo "2018-01-07"
    echo "Parameter I passed in"

[2019-03-21 20:13:12,709] {bash_operator.py:119} INFO - Output:
[2019-03-21 20:13:12,710] {bash_operator.py:123} INFO - 2017-12-31
[2019-03-21 20:13:12,710] {bash_operator.py:123} INFO - 2018-01-07
[2019-03-21 20:13:12,710] {bash_operator.py:123} INFO - Parameter I passed in
[2019-03-21 20:13:12,710] {bash_operator.py:123} INFO - 2017-12-31
[2019-03-21 20:13:12,711] {bash_operator.py:123} INFO - 2018-01-07
[2019-03-21 20:13:12,711] {bash_operator.py:123} INFO - Parameter I passed in
[2019-03-21 20:13:12,711] {bash_operator.py:123} INFO - 2017-12-31
[2019-03-21 20:13:12,711] {bash_operator.py:123} INFO - 2018-01-07
[2019-03-21 20:13:12,711] {bash_operator.py:123} INFO - Parameter I passed in
[2019-03-21 20:13:12,711] {bash_operator.py:123} INFO - 2017-12-31
[2019-03-21 20:13:12,711] {bash_operator.py:123} INFO - 2018-01-07
[2019-03-21 20:13:12,711] {bash_operator.py:123} INFO - Parameter I passed in
[2019-03-21 20:13:12,711] {bash_operator.py:123} INFO - 2017-12-31
[2019-03-21 20:13:12,711] {bash_operator.py:123} INFO - 2018-01-07
[2019-03-21 20:13:12,711] {bash_operator.py:123} INFO - Parameter I passed in
[2019-03-21 20:13:12,711] {bash_operator.py:127} INFO - Command exited with return code 0
[2019-03-21 20:13:16,676] {logging_mixin.py:95} INFO - [2019-03-21 20:13:16,675] {jobs.py:2527} INFO - Task exited with return code 0
