[2019-03-22 01:44:17,445] {models.py:1359} INFO - Dependencies all met for <TaskInstance: tutorial.print_date 2018-09-11T00:00:00+00:00 [queued]>
[2019-03-22 01:44:17,449] {models.py:1359} INFO - Dependencies all met for <TaskInstance: tutorial.print_date 2018-09-11T00:00:00+00:00 [queued]>
[2019-03-22 01:44:17,449] {models.py:1571} INFO - 
--------------------------------------------------------------------------------
Starting attempt 1 of 2
--------------------------------------------------------------------------------

[2019-03-22 01:44:17,514] {models.py:1593} INFO - Executing <Task(BashOperator): print_date> on 2018-09-11T00:00:00+00:00
[2019-03-22 01:44:17,514] {base_task_runner.py:118} INFO - Running: ['bash', '-c', 'airflow run tutorial print_date 2018-09-11T00:00:00+00:00 --job_id 2469 --raw -sd DAGS_FOLDER/tutorial.py --cfg_path /tmp/tmp8ajd4b6b']
[2019-03-22 01:44:19,178] {base_task_runner.py:101} INFO - Job 2469: Subtask print_date [2019-03-22 01:44:19,168] {__init__.py:51} INFO - Using executor SequentialExecutor
[2019-03-22 01:44:20,084] {base_task_runner.py:101} INFO - Job 2469: Subtask print_date [2019-03-22 01:44:20,077] {models.py:273} INFO - Filling up the DagBag from /home/rsandroni/airflow/dags/tutorial.py
[2019-03-22 01:44:20,145] {base_task_runner.py:101} INFO - Job 2469: Subtask print_date [2019-03-22 01:44:20,141] {cli.py:520} INFO - Running <TaskInstance: tutorial.print_date 2018-09-11T00:00:00+00:00 [running]> on host IADAIRP1.globalrs.rack.space
[2019-03-22 01:44:20,194] {bash_operator.py:77} INFO - Tmp dir root location: 
 /tmp
[2019-03-22 01:44:20,205] {bash_operator.py:86} INFO - Exporting the following env vars:
AIRFLOW_CTX_DAG_ID=tutorial
AIRFLOW_CTX_TASK_ID=print_date
AIRFLOW_CTX_EXECUTION_DATE=2018-09-11T00:00:00+00:00
AIRFLOW_CTX_DAG_RUN_ID=scheduled__2018-09-11T00:00:00+00:00
[2019-03-22 01:44:20,206] {bash_operator.py:100} INFO - Temporary script location: /tmp/airflowtmpv_mxkh75/print_date3zibc2k1
[2019-03-22 01:44:20,206] {bash_operator.py:110} INFO - Running command: date
[2019-03-22 01:44:20,244] {bash_operator.py:119} INFO - Output:
[2019-03-22 01:44:20,264] {bash_operator.py:123} INFO - Sex Mar 22 01:44:20 -03 2019
[2019-03-22 01:44:20,264] {bash_operator.py:127} INFO - Command exited with return code 0
[2019-03-22 01:44:22,439] {logging_mixin.py:95} INFO - [2019-03-22 01:44:22,438] {jobs.py:2527} INFO - Task exited with return code 0
