[2019-03-22 05:25:52,927] {models.py:1359} INFO - Dependencies all met for <TaskInstance: tutorial.templated 2019-02-24T00:00:00+00:00 [queued]>
[2019-03-22 05:25:52,932] {models.py:1359} INFO - Dependencies all met for <TaskInstance: tutorial.templated 2019-02-24T00:00:00+00:00 [queued]>
[2019-03-22 05:25:52,932] {models.py:1571} INFO - 
--------------------------------------------------------------------------------
Starting attempt 1 of 2
--------------------------------------------------------------------------------

[2019-03-22 05:25:52,944] {models.py:1593} INFO - Executing <Task(BashOperator): templated> on 2019-02-24T00:00:00+00:00
[2019-03-22 05:25:52,944] {base_task_runner.py:118} INFO - Running: ['bash', '-c', 'airflow run tutorial templated 2019-02-24T00:00:00+00:00 --job_id 2803 --raw -sd DAGS_FOLDER/example_dags/tutorial.py --cfg_path /tmp/tmp4da0f34q']
[2019-03-22 05:25:53,583] {base_task_runner.py:101} INFO - Job 2803: Subtask templated [2019-03-22 05:25:53,582] {__init__.py:51} INFO - Using executor SequentialExecutor
[2019-03-22 05:25:53,869] {base_task_runner.py:101} INFO - Job 2803: Subtask templated [2019-03-22 05:25:53,868] {models.py:273} INFO - Filling up the DagBag from /home/rsandroni/airflow/dags/example_dags/tutorial.py
[2019-03-22 05:25:53,933] {base_task_runner.py:101} INFO - Job 2803: Subtask templated [2019-03-22 05:25:53,932] {cli.py:520} INFO - Running <TaskInstance: tutorial.templated 2019-02-24T00:00:00+00:00 [running]> on host IADAIRP1.globalrs.rack.space
[2019-03-22 05:25:53,949] {bash_operator.py:77} INFO - Tmp dir root location: 
 /tmp
[2019-03-22 05:25:53,950] {bash_operator.py:86} INFO - Exporting the following env vars:
AIRFLOW_CTX_DAG_ID=tutorial
AIRFLOW_CTX_TASK_ID=templated
AIRFLOW_CTX_EXECUTION_DATE=2019-02-24T00:00:00+00:00
AIRFLOW_CTX_DAG_RUN_ID=scheduled__2019-02-24T00:00:00+00:00
[2019-03-22 05:25:53,950] {bash_operator.py:100} INFO - Temporary script location: /tmp/airflowtmpmg390kpn/templated2zn64zps
[2019-03-22 05:25:53,950] {bash_operator.py:110} INFO - Running command: 

    echo "2019-02-24"
    echo "2019-03-03"
    echo "Parameter I passed in"

    echo "2019-02-24"
    echo "2019-03-03"
    echo "Parameter I passed in"

    echo "2019-02-24"
    echo "2019-03-03"
    echo "Parameter I passed in"

    echo "2019-02-24"
    echo "2019-03-03"
    echo "Parameter I passed in"

    echo "2019-02-24"
    echo "2019-03-03"
    echo "Parameter I passed in"

[2019-03-22 05:25:53,956] {bash_operator.py:119} INFO - Output:
[2019-03-22 05:25:53,957] {bash_operator.py:123} INFO - 2019-02-24
[2019-03-22 05:25:53,957] {bash_operator.py:123} INFO - 2019-03-03
[2019-03-22 05:25:53,957] {bash_operator.py:123} INFO - Parameter I passed in
[2019-03-22 05:25:53,957] {bash_operator.py:123} INFO - 2019-02-24
[2019-03-22 05:25:53,957] {bash_operator.py:123} INFO - 2019-03-03
[2019-03-22 05:25:53,957] {bash_operator.py:123} INFO - Parameter I passed in
[2019-03-22 05:25:53,957] {bash_operator.py:123} INFO - 2019-02-24
[2019-03-22 05:25:53,957] {bash_operator.py:123} INFO - 2019-03-03
[2019-03-22 05:25:53,957] {bash_operator.py:123} INFO - Parameter I passed in
[2019-03-22 05:25:53,957] {bash_operator.py:123} INFO - 2019-02-24
[2019-03-22 05:25:53,958] {bash_operator.py:123} INFO - 2019-03-03
[2019-03-22 05:25:53,958] {bash_operator.py:123} INFO - Parameter I passed in
[2019-03-22 05:25:53,958] {bash_operator.py:123} INFO - 2019-02-24
[2019-03-22 05:25:53,958] {bash_operator.py:123} INFO - 2019-03-03
[2019-03-22 05:25:53,958] {bash_operator.py:123} INFO - Parameter I passed in
[2019-03-22 05:25:53,958] {bash_operator.py:127} INFO - Command exited with return code 0
[2019-03-22 05:25:57,929] {logging_mixin.py:95} INFO - [2019-03-22 05:25:57,928] {jobs.py:2527} INFO - Task exited with return code 0
