[2019-03-19 12:35:04,878] {models.py:1359} INFO - Dependencies all met for <TaskInstance: tutorial.print_date 2016-03-24T00:00:00+00:00 [queued]>
[2019-03-19 12:35:04,881] {models.py:1359} INFO - Dependencies all met for <TaskInstance: tutorial.print_date 2016-03-24T00:00:00+00:00 [queued]>
[2019-03-19 12:35:04,881] {models.py:1571} INFO - 
--------------------------------------------------------------------------------
Starting attempt 1 of 2
--------------------------------------------------------------------------------

[2019-03-19 12:35:04,966] {models.py:1593} INFO - Executing <Task(BashOperator): print_date> on 2016-03-24T00:00:00+00:00
[2019-03-19 12:35:04,966] {base_task_runner.py:118} INFO - Running: ['bash', '-c', 'airflow run tutorial print_date 2016-03-24T00:00:00+00:00 --job_id 600 --raw -sd DAGS_FOLDER/tutorial.py --cfg_path /tmp/tmpw9q9tdl6']
[2019-03-19 12:35:08,083] {base_task_runner.py:101} INFO - Job 600: Subtask print_date [2019-03-19 12:35:08,082] {__init__.py:51} INFO - Using executor SequentialExecutor
[2019-03-19 12:35:09,009] {base_task_runner.py:101} INFO - Job 600: Subtask print_date [2019-03-19 12:35:08,998] {models.py:273} INFO - Filling up the DagBag from /home/rsandroni/airflow/dags/tutorial.py
[2019-03-19 12:35:09,061] {base_task_runner.py:101} INFO - Job 600: Subtask print_date [2019-03-19 12:35:09,060] {cli.py:520} INFO - Running <TaskInstance: tutorial.print_date 2016-03-24T00:00:00+00:00 [running]> on host IADAIRP1.globalrs.rack.space
[2019-03-19 12:35:09,129] {bash_operator.py:77} INFO - Tmp dir root location: 
 /tmp
[2019-03-19 12:35:09,129] {bash_operator.py:86} INFO - Exporting the following env vars:
AIRFLOW_CTX_DAG_ID=tutorial
AIRFLOW_CTX_TASK_ID=print_date
AIRFLOW_CTX_EXECUTION_DATE=2016-03-24T00:00:00+00:00
AIRFLOW_CTX_DAG_RUN_ID=scheduled__2016-03-24T00:00:00+00:00
[2019-03-19 12:35:09,129] {bash_operator.py:100} INFO - Temporary script location: /tmp/airflowtmpplqkexma/print_dateqkrnua0l
[2019-03-19 12:35:09,130] {bash_operator.py:110} INFO - Running command: date
[2019-03-19 12:35:09,249] {bash_operator.py:119} INFO - Output:
[2019-03-19 12:35:09,281] {bash_operator.py:123} INFO - Ter Mar 19 12:35:09 -03 2019
[2019-03-19 12:35:09,282] {bash_operator.py:127} INFO - Command exited with return code 0
[2019-03-19 12:35:09,861] {logging_mixin.py:95} INFO - [2019-03-19 12:35:09,861] {jobs.py:2595} WARNING - State of this instance has been externally set to success. Taking the poison pill.
[2019-03-19 12:35:09,898] {helpers.py:250} INFO - Sending Signals.SIGTERM to GPID 92045
[2019-03-19 12:35:09,927] {helpers.py:232} INFO - Process psutil.Process(pid=92045, status='terminated') (92045) terminated with exit code -15
[2019-03-19 12:35:09,928] {logging_mixin.py:95} INFO - [2019-03-19 12:35:09,928] {jobs.py:2527} INFO - Task exited with return code 0
