[2019-03-22 01:48:51,491] {models.py:1359} INFO - Dependencies all met for <TaskInstance: tutorial.templated 2018-09-12T00:00:00+00:00 [queued]>
[2019-03-22 01:48:51,496] {models.py:1359} INFO - Dependencies all met for <TaskInstance: tutorial.templated 2018-09-12T00:00:00+00:00 [queued]>
[2019-03-22 01:48:51,496] {models.py:1571} INFO - 
--------------------------------------------------------------------------------
Starting attempt 1 of 2
--------------------------------------------------------------------------------

[2019-03-22 01:48:51,521] {models.py:1593} INFO - Executing <Task(BashOperator): templated> on 2018-09-12T00:00:00+00:00
[2019-03-22 01:48:51,521] {base_task_runner.py:118} INFO - Running: ['bash', '-c', 'airflow run tutorial templated 2018-09-12T00:00:00+00:00 --job_id 2474 --raw -sd DAGS_FOLDER/example_dags/tutorial.py --cfg_path /tmp/tmpqjbcjdb0']
[2019-03-22 01:48:52,195] {base_task_runner.py:101} INFO - Job 2474: Subtask templated [2019-03-22 01:48:52,194] {__init__.py:51} INFO - Using executor SequentialExecutor
[2019-03-22 01:48:52,460] {base_task_runner.py:101} INFO - Job 2474: Subtask templated [2019-03-22 01:48:52,459] {models.py:273} INFO - Filling up the DagBag from /home/rsandroni/airflow/dags/example_dags/tutorial.py
[2019-03-22 01:48:52,526] {base_task_runner.py:101} INFO - Job 2474: Subtask templated [2019-03-22 01:48:52,523] {cli.py:520} INFO - Running <TaskInstance: tutorial.templated 2018-09-12T00:00:00+00:00 [running]> on host IADAIRP1.globalrs.rack.space
[2019-03-22 01:48:52,539] {bash_operator.py:77} INFO - Tmp dir root location: 
 /tmp
[2019-03-22 01:48:52,540] {bash_operator.py:86} INFO - Exporting the following env vars:
AIRFLOW_CTX_DAG_ID=tutorial
AIRFLOW_CTX_TASK_ID=templated
AIRFLOW_CTX_EXECUTION_DATE=2018-09-12T00:00:00+00:00
AIRFLOW_CTX_DAG_RUN_ID=scheduled__2018-09-12T00:00:00+00:00
[2019-03-22 01:48:52,540] {bash_operator.py:100} INFO - Temporary script location: /tmp/airflowtmplqbp5660/templatedd8xuiraw
[2019-03-22 01:48:52,541] {bash_operator.py:110} INFO - Running command: 

    echo "2018-09-12"
    echo "2018-09-19"
    echo "Parameter I passed in"

    echo "2018-09-12"
    echo "2018-09-19"
    echo "Parameter I passed in"

    echo "2018-09-12"
    echo "2018-09-19"
    echo "Parameter I passed in"

    echo "2018-09-12"
    echo "2018-09-19"
    echo "Parameter I passed in"

    echo "2018-09-12"
    echo "2018-09-19"
    echo "Parameter I passed in"

[2019-03-22 01:48:52,548] {bash_operator.py:119} INFO - Output:
[2019-03-22 01:48:52,548] {bash_operator.py:123} INFO - 2018-09-12
[2019-03-22 01:48:52,548] {bash_operator.py:123} INFO - 2018-09-19
[2019-03-22 01:48:52,548] {bash_operator.py:123} INFO - Parameter I passed in
[2019-03-22 01:48:52,548] {bash_operator.py:123} INFO - 2018-09-12
[2019-03-22 01:48:52,548] {bash_operator.py:123} INFO - 2018-09-19
[2019-03-22 01:48:52,548] {bash_operator.py:123} INFO - Parameter I passed in
[2019-03-22 01:48:52,548] {bash_operator.py:123} INFO - 2018-09-12
[2019-03-22 01:48:52,548] {bash_operator.py:123} INFO - 2018-09-19
[2019-03-22 01:48:52,548] {bash_operator.py:123} INFO - Parameter I passed in
[2019-03-22 01:48:52,548] {bash_operator.py:123} INFO - 2018-09-12
[2019-03-22 01:48:52,548] {bash_operator.py:123} INFO - 2018-09-19
[2019-03-22 01:48:52,548] {bash_operator.py:123} INFO - Parameter I passed in
[2019-03-22 01:48:52,549] {bash_operator.py:123} INFO - 2018-09-12
[2019-03-22 01:48:52,549] {bash_operator.py:123} INFO - 2018-09-19
[2019-03-22 01:48:52,549] {bash_operator.py:123} INFO - Parameter I passed in
[2019-03-22 01:48:52,549] {bash_operator.py:127} INFO - Command exited with return code 0
[2019-03-22 01:48:56,490] {logging_mixin.py:95} INFO - [2019-03-22 01:48:56,490] {jobs.py:2527} INFO - Task exited with return code 0
