[2019-03-19 13:50:12,682] {models.py:1359} INFO - Dependencies all met for <TaskInstance: tutorial.print_date 2016-08-28T00:00:00+00:00 [queued]>
[2019-03-19 13:50:12,684] {models.py:1359} INFO - Dependencies all met for <TaskInstance: tutorial.print_date 2016-08-28T00:00:00+00:00 [queued]>
[2019-03-19 13:50:12,685] {models.py:1571} INFO - 
--------------------------------------------------------------------------------
Starting attempt 1 of 2
--------------------------------------------------------------------------------

[2019-03-19 13:50:12,753] {models.py:1593} INFO - Executing <Task(BashOperator): print_date> on 2016-08-28T00:00:00+00:00
[2019-03-19 13:50:12,753] {base_task_runner.py:118} INFO - Running: ['bash', '-c', 'airflow run tutorial print_date 2016-08-28T00:00:00+00:00 --job_id 913 --raw -sd DAGS_FOLDER/tutorial.py --cfg_path /tmp/tmpxuveog_p']
[2019-03-19 13:50:15,840] {base_task_runner.py:101} INFO - Job 913: Subtask print_date [2019-03-19 13:50:15,836] {__init__.py:51} INFO - Using executor SequentialExecutor
[2019-03-19 13:50:16,763] {base_task_runner.py:101} INFO - Job 913: Subtask print_date [2019-03-19 13:50:16,762] {models.py:273} INFO - Filling up the DagBag from /home/rsandroni/airflow/dags/tutorial.py
[2019-03-19 13:50:16,838] {base_task_runner.py:101} INFO - Job 913: Subtask print_date [2019-03-19 13:50:16,835] {cli.py:520} INFO - Running <TaskInstance: tutorial.print_date 2016-08-28T00:00:00+00:00 [running]> on host IADAIRP1.globalrs.rack.space
[2019-03-19 13:50:16,867] {bash_operator.py:77} INFO - Tmp dir root location: 
 /tmp
[2019-03-19 13:50:16,868] {bash_operator.py:86} INFO - Exporting the following env vars:
AIRFLOW_CTX_DAG_ID=tutorial
AIRFLOW_CTX_TASK_ID=print_date
AIRFLOW_CTX_EXECUTION_DATE=2016-08-28T00:00:00+00:00
AIRFLOW_CTX_DAG_RUN_ID=scheduled__2016-08-28T00:00:00+00:00
[2019-03-19 13:50:16,868] {bash_operator.py:100} INFO - Temporary script location: /tmp/airflowtmpv6_cixhw/print_date4cc96adg
[2019-03-19 13:50:16,868] {bash_operator.py:110} INFO - Running command: date
[2019-03-19 13:50:16,924] {bash_operator.py:119} INFO - Output:
[2019-03-19 13:50:16,970] {bash_operator.py:123} INFO - Ter Mar 19 13:50:16 -03 2019
[2019-03-19 13:50:16,971] {bash_operator.py:127} INFO - Command exited with return code 0
[2019-03-19 13:50:17,644] {logging_mixin.py:95} INFO - [2019-03-19 13:50:17,644] {jobs.py:2595} WARNING - State of this instance has been externally set to success. Taking the poison pill.
[2019-03-19 13:50:17,694] {helpers.py:250} INFO - Sending Signals.SIGTERM to GPID 6710
[2019-03-19 13:50:17,716] {helpers.py:232} INFO - Process psutil.Process(pid=6710, status='terminated') (6710) terminated with exit code -15
[2019-03-19 13:50:17,717] {logging_mixin.py:95} INFO - [2019-03-19 13:50:17,717] {jobs.py:2527} INFO - Task exited with return code 0
