[2019-03-21 18:03:57,795] {models.py:1359} INFO - Dependencies all met for <TaskInstance: tutorial.templated 2017-09-06T00:00:00+00:00 [queued]>
[2019-03-21 18:03:57,800] {models.py:1359} INFO - Dependencies all met for <TaskInstance: tutorial.templated 2017-09-06T00:00:00+00:00 [queued]>
[2019-03-21 18:03:57,800] {models.py:1571} INFO - 
--------------------------------------------------------------------------------
Starting attempt 1 of 2
--------------------------------------------------------------------------------

[2019-03-21 18:03:57,818] {models.py:1593} INFO - Executing <Task(BashOperator): templated> on 2017-09-06T00:00:00+00:00
[2019-03-21 18:03:57,819] {base_task_runner.py:118} INFO - Running: ['bash', '-c', 'airflow run tutorial templated 2017-09-06T00:00:00+00:00 --job_id 1722 --raw -sd DAGS_FOLDER/example_dags/tutorial.py --cfg_path /tmp/tmpslyv0fmp']
[2019-03-21 18:03:58,465] {base_task_runner.py:101} INFO - Job 1722: Subtask templated [2019-03-21 18:03:58,464] {__init__.py:51} INFO - Using executor SequentialExecutor
[2019-03-21 18:03:58,697] {base_task_runner.py:101} INFO - Job 1722: Subtask templated [2019-03-21 18:03:58,696] {models.py:273} INFO - Filling up the DagBag from /home/rsandroni/airflow/dags/example_dags/tutorial.py
[2019-03-21 18:03:58,761] {base_task_runner.py:101} INFO - Job 1722: Subtask templated [2019-03-21 18:03:58,760] {cli.py:520} INFO - Running <TaskInstance: tutorial.templated 2017-09-06T00:00:00+00:00 [running]> on host IADAIRP1.globalrs.rack.space
[2019-03-21 18:03:58,776] {bash_operator.py:77} INFO - Tmp dir root location: 
 /tmp
[2019-03-21 18:03:58,777] {bash_operator.py:86} INFO - Exporting the following env vars:
AIRFLOW_CTX_DAG_ID=tutorial
AIRFLOW_CTX_TASK_ID=templated
AIRFLOW_CTX_EXECUTION_DATE=2017-09-06T00:00:00+00:00
AIRFLOW_CTX_DAG_RUN_ID=scheduled__2017-09-06T00:00:00+00:00
[2019-03-21 18:03:58,777] {bash_operator.py:100} INFO - Temporary script location: /tmp/airflowtmpkw6htian/templatedkly31ywz
[2019-03-21 18:03:58,777] {bash_operator.py:110} INFO - Running command: 

    echo "2017-09-06"
    echo "2017-09-13"
    echo "Parameter I passed in"

    echo "2017-09-06"
    echo "2017-09-13"
    echo "Parameter I passed in"

    echo "2017-09-06"
    echo "2017-09-13"
    echo "Parameter I passed in"

    echo "2017-09-06"
    echo "2017-09-13"
    echo "Parameter I passed in"

    echo "2017-09-06"
    echo "2017-09-13"
    echo "Parameter I passed in"

[2019-03-21 18:03:58,783] {bash_operator.py:119} INFO - Output:
[2019-03-21 18:03:58,784] {bash_operator.py:123} INFO - 2017-09-06
[2019-03-21 18:03:58,784] {bash_operator.py:123} INFO - 2017-09-13
[2019-03-21 18:03:58,785] {bash_operator.py:123} INFO - Parameter I passed in
[2019-03-21 18:03:58,785] {bash_operator.py:123} INFO - 2017-09-06
[2019-03-21 18:03:58,785] {bash_operator.py:123} INFO - 2017-09-13
[2019-03-21 18:03:58,785] {bash_operator.py:123} INFO - Parameter I passed in
[2019-03-21 18:03:58,785] {bash_operator.py:123} INFO - 2017-09-06
[2019-03-21 18:03:58,785] {bash_operator.py:123} INFO - 2017-09-13
[2019-03-21 18:03:58,785] {bash_operator.py:123} INFO - Parameter I passed in
[2019-03-21 18:03:58,785] {bash_operator.py:123} INFO - 2017-09-06
[2019-03-21 18:03:58,785] {bash_operator.py:123} INFO - 2017-09-13
[2019-03-21 18:03:58,785] {bash_operator.py:123} INFO - Parameter I passed in
[2019-03-21 18:03:58,785] {bash_operator.py:123} INFO - 2017-09-06
[2019-03-21 18:03:58,785] {bash_operator.py:123} INFO - 2017-09-13
[2019-03-21 18:03:58,785] {bash_operator.py:123} INFO - Parameter I passed in
[2019-03-21 18:03:58,785] {bash_operator.py:127} INFO - Command exited with return code 0
[2019-03-21 18:04:02,798] {logging_mixin.py:95} INFO - [2019-03-21 18:04:02,798] {jobs.py:2527} INFO - Task exited with return code 0
