[2019-03-22 05:47:55,082] {models.py:1359} INFO - Dependencies all met for <TaskInstance: tutorial.print_date 2019-03-14T00:00:00+00:00 [queued]>
[2019-03-22 05:47:55,086] {models.py:1359} INFO - Dependencies all met for <TaskInstance: tutorial.print_date 2019-03-14T00:00:00+00:00 [queued]>
[2019-03-22 05:47:55,086] {models.py:1571} INFO - 
--------------------------------------------------------------------------------
Starting attempt 1 of 2
--------------------------------------------------------------------------------

[2019-03-22 05:47:55,098] {models.py:1593} INFO - Executing <Task(BashOperator): print_date> on 2019-03-14T00:00:00+00:00
[2019-03-22 05:47:55,098] {base_task_runner.py:118} INFO - Running: ['bash', '-c', 'airflow run tutorial print_date 2019-03-14T00:00:00+00:00 --job_id 2837 --raw -sd DAGS_FOLDER/tutorial.py --cfg_path /tmp/tmpqz8elr02']
[2019-03-22 05:47:55,751] {base_task_runner.py:101} INFO - Job 2837: Subtask print_date [2019-03-22 05:47:55,750] {__init__.py:51} INFO - Using executor SequentialExecutor
[2019-03-22 05:47:56,035] {base_task_runner.py:101} INFO - Job 2837: Subtask print_date [2019-03-22 05:47:56,034] {models.py:273} INFO - Filling up the DagBag from /home/rsandroni/airflow/dags/tutorial.py
[2019-03-22 05:47:56,055] {base_task_runner.py:101} INFO - Job 2837: Subtask print_date [2019-03-22 05:47:56,055] {cli.py:520} INFO - Running <TaskInstance: tutorial.print_date 2019-03-14T00:00:00+00:00 [running]> on host IADAIRP1.globalrs.rack.space
[2019-03-22 05:47:56,070] {bash_operator.py:77} INFO - Tmp dir root location: 
 /tmp
[2019-03-22 05:47:56,071] {bash_operator.py:86} INFO - Exporting the following env vars:
AIRFLOW_CTX_DAG_ID=tutorial
AIRFLOW_CTX_TASK_ID=print_date
AIRFLOW_CTX_EXECUTION_DATE=2019-03-14T00:00:00+00:00
AIRFLOW_CTX_DAG_RUN_ID=scheduled__2019-03-14T00:00:00+00:00
[2019-03-22 05:47:56,071] {bash_operator.py:100} INFO - Temporary script location: /tmp/airflowtmph1aj6t0g/print_datekp22guua
[2019-03-22 05:47:56,071] {bash_operator.py:110} INFO - Running command: date
[2019-03-22 05:47:56,101] {bash_operator.py:119} INFO - Output:
[2019-03-22 05:47:56,101] {bash_operator.py:123} INFO - Sex Mar 22 05:47:56 -03 2019
[2019-03-22 05:47:56,102] {bash_operator.py:127} INFO - Command exited with return code 0
[2019-03-22 05:48:00,079] {logging_mixin.py:95} INFO - [2019-03-22 05:48:00,077] {jobs.py:2527} INFO - Task exited with return code 0
