[2019-03-19 14:48:59,575] {models.py:1359} INFO - Dependencies all met for <TaskInstance: tutorial.print_date 2016-12-26T00:00:00+00:00 [queued]>
[2019-03-19 14:48:59,578] {models.py:1359} INFO - Dependencies all met for <TaskInstance: tutorial.print_date 2016-12-26T00:00:00+00:00 [queued]>
[2019-03-19 14:48:59,578] {models.py:1571} INFO - 
--------------------------------------------------------------------------------
Starting attempt 1 of 2
--------------------------------------------------------------------------------

[2019-03-19 14:48:59,649] {models.py:1593} INFO - Executing <Task(BashOperator): print_date> on 2016-12-26T00:00:00+00:00
[2019-03-19 14:48:59,649] {base_task_runner.py:118} INFO - Running: ['bash', '-c', 'airflow run tutorial print_date 2016-12-26T00:00:00+00:00 --job_id 1153 --raw -sd DAGS_FOLDER/tutorial.py --cfg_path /tmp/tmpm4xryyg0']
[2019-03-19 14:49:00,785] {base_task_runner.py:101} INFO - Job 1153: Subtask print_date [2019-03-19 14:49:00,785] {__init__.py:51} INFO - Using executor SequentialExecutor
[2019-03-19 14:49:01,495] {base_task_runner.py:101} INFO - Job 1153: Subtask print_date [2019-03-19 14:49:01,490] {models.py:273} INFO - Filling up the DagBag from /home/rsandroni/airflow/dags/tutorial.py
[2019-03-19 14:49:01,534] {base_task_runner.py:101} INFO - Job 1153: Subtask print_date [2019-03-19 14:49:01,531] {cli.py:520} INFO - Running <TaskInstance: tutorial.print_date 2016-12-26T00:00:00+00:00 [running]> on host IADAIRP1.globalrs.rack.space
[2019-03-19 14:49:01,553] {bash_operator.py:77} INFO - Tmp dir root location: 
 /tmp
[2019-03-19 14:49:01,553] {bash_operator.py:86} INFO - Exporting the following env vars:
AIRFLOW_CTX_DAG_ID=tutorial
AIRFLOW_CTX_TASK_ID=print_date
AIRFLOW_CTX_EXECUTION_DATE=2016-12-26T00:00:00+00:00
AIRFLOW_CTX_DAG_RUN_ID=scheduled__2016-12-26T00:00:00+00:00
[2019-03-19 14:49:01,554] {bash_operator.py:100} INFO - Temporary script location: /tmp/airflowtmpj8uk30mr/print_datev60blukn
[2019-03-19 14:49:01,554] {bash_operator.py:110} INFO - Running command: date
[2019-03-19 14:49:01,568] {bash_operator.py:119} INFO - Output:
[2019-03-19 14:49:01,570] {bash_operator.py:123} INFO - Ter Mar 19 14:49:01 -03 2019
[2019-03-19 14:49:01,571] {bash_operator.py:127} INFO - Command exited with return code 0
[2019-03-19 14:49:04,559] {logging_mixin.py:95} INFO - [2019-03-19 14:49:04,559] {jobs.py:2527} INFO - Task exited with return code 0
