[2019-03-22 05:13:05,671] {models.py:1359} INFO - Dependencies all met for <TaskInstance: tutorial.print_date 2019-02-15T00:00:00+00:00 [queued]>
[2019-03-22 05:13:05,676] {models.py:1359} INFO - Dependencies all met for <TaskInstance: tutorial.print_date 2019-02-15T00:00:00+00:00 [queued]>
[2019-03-22 05:13:05,676] {models.py:1571} INFO - 
--------------------------------------------------------------------------------
Starting attempt 1 of 2
--------------------------------------------------------------------------------

[2019-03-22 05:13:05,702] {models.py:1593} INFO - Executing <Task(BashOperator): print_date> on 2019-02-15T00:00:00+00:00
[2019-03-22 05:13:05,703] {base_task_runner.py:118} INFO - Running: ['bash', '-c', 'airflow run tutorial print_date 2019-02-15T00:00:00+00:00 --job_id 2784 --raw -sd DAGS_FOLDER/tutorial.py --cfg_path /tmp/tmp3_jv7ujz']
[2019-03-22 05:13:06,583] {base_task_runner.py:101} INFO - Job 2784: Subtask print_date [2019-03-22 05:13:06,581] {__init__.py:51} INFO - Using executor SequentialExecutor
[2019-03-22 05:13:06,872] {base_task_runner.py:101} INFO - Job 2784: Subtask print_date [2019-03-22 05:13:06,871] {models.py:273} INFO - Filling up the DagBag from /home/rsandroni/airflow/dags/tutorial.py
[2019-03-22 05:13:06,888] {base_task_runner.py:101} INFO - Job 2784: Subtask print_date [2019-03-22 05:13:06,888] {cli.py:520} INFO - Running <TaskInstance: tutorial.print_date 2019-02-15T00:00:00+00:00 [running]> on host IADAIRP1.globalrs.rack.space
[2019-03-22 05:13:06,904] {bash_operator.py:77} INFO - Tmp dir root location: 
 /tmp
[2019-03-22 05:13:06,904] {bash_operator.py:86} INFO - Exporting the following env vars:
AIRFLOW_CTX_DAG_ID=tutorial
AIRFLOW_CTX_TASK_ID=print_date
AIRFLOW_CTX_EXECUTION_DATE=2019-02-15T00:00:00+00:00
AIRFLOW_CTX_DAG_RUN_ID=scheduled__2019-02-15T00:00:00+00:00
[2019-03-22 05:13:06,904] {bash_operator.py:100} INFO - Temporary script location: /tmp/airflowtmpnbp2eg7y/print_datehtkkflgw
[2019-03-22 05:13:06,904] {bash_operator.py:110} INFO - Running command: date
[2019-03-22 05:13:06,951] {bash_operator.py:119} INFO - Output:
[2019-03-22 05:13:06,951] {bash_operator.py:123} INFO - Sex Mar 22 05:13:06 -03 2019
[2019-03-22 05:13:06,952] {bash_operator.py:127} INFO - Command exited with return code 0
[2019-03-22 05:13:10,671] {logging_mixin.py:95} INFO - [2019-03-22 05:13:10,670] {jobs.py:2527} INFO - Task exited with return code 0
