[2019-03-21 21:00:31,629] {models.py:1359} INFO - Dependencies all met for <TaskInstance: tutorial.templated 2018-02-04T00:00:00+00:00 [queued]>
[2019-03-21 21:00:31,634] {models.py:1359} INFO - Dependencies all met for <TaskInstance: tutorial.templated 2018-02-04T00:00:00+00:00 [queued]>
[2019-03-21 21:00:31,634] {models.py:1571} INFO - 
--------------------------------------------------------------------------------
Starting attempt 1 of 2
--------------------------------------------------------------------------------

[2019-03-21 21:00:31,697] {models.py:1593} INFO - Executing <Task(BashOperator): templated> on 2018-02-04T00:00:00+00:00
[2019-03-21 21:00:31,697] {base_task_runner.py:118} INFO - Running: ['bash', '-c', 'airflow run tutorial templated 2018-02-04T00:00:00+00:00 --job_id 2034 --raw -sd DAGS_FOLDER/example_dags/tutorial.py --cfg_path /tmp/tmp2r6cqxu9']
[2019-03-21 21:00:33,078] {base_task_runner.py:101} INFO - Job 2034: Subtask templated [2019-03-21 21:00:33,077] {__init__.py:51} INFO - Using executor SequentialExecutor
[2019-03-21 21:00:33,500] {base_task_runner.py:101} INFO - Job 2034: Subtask templated [2019-03-21 21:00:33,499] {models.py:273} INFO - Filling up the DagBag from /home/rsandroni/airflow/dags/example_dags/tutorial.py
[2019-03-21 21:00:33,577] {base_task_runner.py:101} INFO - Job 2034: Subtask templated [2019-03-21 21:00:33,575] {cli.py:520} INFO - Running <TaskInstance: tutorial.templated 2018-02-04T00:00:00+00:00 [running]> on host IADAIRP1.globalrs.rack.space
[2019-03-21 21:00:33,619] {bash_operator.py:77} INFO - Tmp dir root location: 
 /tmp
[2019-03-21 21:00:33,619] {bash_operator.py:86} INFO - Exporting the following env vars:
AIRFLOW_CTX_DAG_ID=tutorial
AIRFLOW_CTX_TASK_ID=templated
AIRFLOW_CTX_EXECUTION_DATE=2018-02-04T00:00:00+00:00
AIRFLOW_CTX_DAG_RUN_ID=scheduled__2018-02-04T00:00:00+00:00
[2019-03-21 21:00:33,620] {bash_operator.py:100} INFO - Temporary script location: /tmp/airflowtmpgbo9iny7/templatedi8y5fiff
[2019-03-21 21:00:33,620] {bash_operator.py:110} INFO - Running command: 

    echo "2018-02-04"
    echo "2018-02-11"
    echo "Parameter I passed in"

    echo "2018-02-04"
    echo "2018-02-11"
    echo "Parameter I passed in"

    echo "2018-02-04"
    echo "2018-02-11"
    echo "Parameter I passed in"

    echo "2018-02-04"
    echo "2018-02-11"
    echo "Parameter I passed in"

    echo "2018-02-04"
    echo "2018-02-11"
    echo "Parameter I passed in"

[2019-03-21 21:00:33,664] {bash_operator.py:119} INFO - Output:
[2019-03-21 21:00:33,675] {bash_operator.py:123} INFO - 2018-02-04
[2019-03-21 21:00:33,675] {bash_operator.py:123} INFO - 2018-02-11
[2019-03-21 21:00:33,675] {bash_operator.py:123} INFO - Parameter I passed in
[2019-03-21 21:00:33,675] {bash_operator.py:123} INFO - 2018-02-04
[2019-03-21 21:00:33,675] {bash_operator.py:123} INFO - 2018-02-11
[2019-03-21 21:00:33,675] {bash_operator.py:123} INFO - Parameter I passed in
[2019-03-21 21:00:33,675] {bash_operator.py:123} INFO - 2018-02-04
[2019-03-21 21:00:33,675] {bash_operator.py:123} INFO - 2018-02-11
[2019-03-21 21:00:33,675] {bash_operator.py:123} INFO - Parameter I passed in
[2019-03-21 21:00:33,675] {bash_operator.py:123} INFO - 2018-02-04
[2019-03-21 21:00:33,675] {bash_operator.py:123} INFO - 2018-02-11
[2019-03-21 21:00:33,676] {bash_operator.py:123} INFO - Parameter I passed in
[2019-03-21 21:00:33,676] {bash_operator.py:123} INFO - 2018-02-04
[2019-03-21 21:00:33,676] {bash_operator.py:123} INFO - 2018-02-11
[2019-03-21 21:00:33,676] {bash_operator.py:123} INFO - Parameter I passed in
[2019-03-21 21:00:33,676] {bash_operator.py:127} INFO - Command exited with return code 0
[2019-03-21 21:00:36,631] {logging_mixin.py:95} INFO - [2019-03-21 21:00:36,630] {jobs.py:2527} INFO - Task exited with return code 0
