[2019-03-22 00:34:42,905] {models.py:1359} INFO - Dependencies all met for <TaskInstance: tutorial.templated 2018-07-18T00:00:00+00:00 [queued]>
[2019-03-22 00:34:42,911] {models.py:1359} INFO - Dependencies all met for <TaskInstance: tutorial.templated 2018-07-18T00:00:00+00:00 [queued]>
[2019-03-22 00:34:42,911] {models.py:1571} INFO - 
--------------------------------------------------------------------------------
Starting attempt 1 of 2
--------------------------------------------------------------------------------

[2019-03-22 00:34:42,996] {models.py:1593} INFO - Executing <Task(BashOperator): templated> on 2018-07-18T00:00:00+00:00
[2019-03-22 00:34:42,996] {base_task_runner.py:118} INFO - Running: ['bash', '-c', 'airflow run tutorial templated 2018-07-18T00:00:00+00:00 --job_id 2362 --raw -sd DAGS_FOLDER/example_dags/tutorial.py --cfg_path /tmp/tmppx65kkji']
[2019-03-22 00:34:44,117] {base_task_runner.py:101} INFO - Job 2362: Subtask templated [2019-03-22 00:34:44,110] {__init__.py:51} INFO - Using executor SequentialExecutor
[2019-03-22 00:34:44,497] {base_task_runner.py:101} INFO - Job 2362: Subtask templated [2019-03-22 00:34:44,490] {models.py:273} INFO - Filling up the DagBag from /home/rsandroni/airflow/dags/example_dags/tutorial.py
[2019-03-22 00:34:44,607] {base_task_runner.py:101} INFO - Job 2362: Subtask templated [2019-03-22 00:34:44,603] {cli.py:520} INFO - Running <TaskInstance: tutorial.templated 2018-07-18T00:00:00+00:00 [running]> on host IADAIRP1.globalrs.rack.space
[2019-03-22 00:34:44,634] {bash_operator.py:77} INFO - Tmp dir root location: 
 /tmp
[2019-03-22 00:34:44,635] {bash_operator.py:86} INFO - Exporting the following env vars:
AIRFLOW_CTX_DAG_ID=tutorial
AIRFLOW_CTX_TASK_ID=templated
AIRFLOW_CTX_EXECUTION_DATE=2018-07-18T00:00:00+00:00
AIRFLOW_CTX_DAG_RUN_ID=scheduled__2018-07-18T00:00:00+00:00
[2019-03-22 00:34:44,635] {bash_operator.py:100} INFO - Temporary script location: /tmp/airflowtmp3szawsdr/templatedq37xgmfo
[2019-03-22 00:34:44,635] {bash_operator.py:110} INFO - Running command: 

    echo "2018-07-18"
    echo "2018-07-25"
    echo "Parameter I passed in"

    echo "2018-07-18"
    echo "2018-07-25"
    echo "Parameter I passed in"

    echo "2018-07-18"
    echo "2018-07-25"
    echo "Parameter I passed in"

    echo "2018-07-18"
    echo "2018-07-25"
    echo "Parameter I passed in"

    echo "2018-07-18"
    echo "2018-07-25"
    echo "Parameter I passed in"

[2019-03-22 00:34:44,674] {bash_operator.py:119} INFO - Output:
[2019-03-22 00:34:44,685] {bash_operator.py:123} INFO - 2018-07-18
[2019-03-22 00:34:44,685] {bash_operator.py:123} INFO - 2018-07-25
[2019-03-22 00:34:44,685] {bash_operator.py:123} INFO - Parameter I passed in
[2019-03-22 00:34:44,685] {bash_operator.py:123} INFO - 2018-07-18
[2019-03-22 00:34:44,685] {bash_operator.py:123} INFO - 2018-07-25
[2019-03-22 00:34:44,685] {bash_operator.py:123} INFO - Parameter I passed in
[2019-03-22 00:34:44,685] {bash_operator.py:123} INFO - 2018-07-18
[2019-03-22 00:34:44,685] {bash_operator.py:123} INFO - 2018-07-25
[2019-03-22 00:34:44,685] {bash_operator.py:123} INFO - Parameter I passed in
[2019-03-22 00:34:44,686] {bash_operator.py:123} INFO - 2018-07-18
[2019-03-22 00:34:44,686] {bash_operator.py:123} INFO - 2018-07-25
[2019-03-22 00:34:44,686] {bash_operator.py:123} INFO - Parameter I passed in
[2019-03-22 00:34:44,686] {bash_operator.py:123} INFO - 2018-07-18
[2019-03-22 00:34:44,686] {bash_operator.py:123} INFO - 2018-07-25
[2019-03-22 00:34:44,686] {bash_operator.py:123} INFO - Parameter I passed in
[2019-03-22 00:34:44,686] {bash_operator.py:127} INFO - Command exited with return code 0
[2019-03-22 00:34:47,899] {logging_mixin.py:95} INFO - [2019-03-22 00:34:47,898] {jobs.py:2527} INFO - Task exited with return code 0
