[2019-03-21 19:28:50,609] {models.py:1359} INFO - Dependencies all met for <TaskInstance: tutorial.templated 2017-11-26T00:00:00+00:00 [queued]>
[2019-03-21 19:28:50,613] {models.py:1359} INFO - Dependencies all met for <TaskInstance: tutorial.templated 2017-11-26T00:00:00+00:00 [queued]>
[2019-03-21 19:28:50,613] {models.py:1571} INFO - 
--------------------------------------------------------------------------------
Starting attempt 1 of 2
--------------------------------------------------------------------------------

[2019-03-21 19:28:50,626] {models.py:1593} INFO - Executing <Task(BashOperator): templated> on 2017-11-26T00:00:00+00:00
[2019-03-21 19:28:50,626] {base_task_runner.py:118} INFO - Running: ['bash', '-c', 'airflow run tutorial templated 2017-11-26T00:00:00+00:00 --job_id 1894 --raw -sd DAGS_FOLDER/example_dags/tutorial.py --cfg_path /tmp/tmpnh333xde']
[2019-03-21 19:28:51,258] {base_task_runner.py:101} INFO - Job 1894: Subtask templated [2019-03-21 19:28:51,258] {__init__.py:51} INFO - Using executor SequentialExecutor
[2019-03-21 19:28:51,534] {base_task_runner.py:101} INFO - Job 1894: Subtask templated [2019-03-21 19:28:51,534] {models.py:273} INFO - Filling up the DagBag from /home/rsandroni/airflow/dags/example_dags/tutorial.py
[2019-03-21 19:28:51,599] {base_task_runner.py:101} INFO - Job 1894: Subtask templated [2019-03-21 19:28:51,598] {cli.py:520} INFO - Running <TaskInstance: tutorial.templated 2017-11-26T00:00:00+00:00 [running]> on host IADAIRP1.globalrs.rack.space
[2019-03-21 19:28:51,616] {bash_operator.py:77} INFO - Tmp dir root location: 
 /tmp
[2019-03-21 19:28:51,616] {bash_operator.py:86} INFO - Exporting the following env vars:
AIRFLOW_CTX_DAG_ID=tutorial
AIRFLOW_CTX_TASK_ID=templated
AIRFLOW_CTX_EXECUTION_DATE=2017-11-26T00:00:00+00:00
AIRFLOW_CTX_DAG_RUN_ID=scheduled__2017-11-26T00:00:00+00:00
[2019-03-21 19:28:51,616] {bash_operator.py:100} INFO - Temporary script location: /tmp/airflowtmp19x3g8xx/templatedw35k2_ma
[2019-03-21 19:28:51,617] {bash_operator.py:110} INFO - Running command: 

    echo "2017-11-26"
    echo "2017-12-03"
    echo "Parameter I passed in"

    echo "2017-11-26"
    echo "2017-12-03"
    echo "Parameter I passed in"

    echo "2017-11-26"
    echo "2017-12-03"
    echo "Parameter I passed in"

    echo "2017-11-26"
    echo "2017-12-03"
    echo "Parameter I passed in"

    echo "2017-11-26"
    echo "2017-12-03"
    echo "Parameter I passed in"

[2019-03-21 19:28:51,622] {bash_operator.py:119} INFO - Output:
[2019-03-21 19:28:51,623] {bash_operator.py:123} INFO - 2017-11-26
[2019-03-21 19:28:51,623] {bash_operator.py:123} INFO - 2017-12-03
[2019-03-21 19:28:51,623] {bash_operator.py:123} INFO - Parameter I passed in
[2019-03-21 19:28:51,623] {bash_operator.py:123} INFO - 2017-11-26
[2019-03-21 19:28:51,623] {bash_operator.py:123} INFO - 2017-12-03
[2019-03-21 19:28:51,623] {bash_operator.py:123} INFO - Parameter I passed in
[2019-03-21 19:28:51,623] {bash_operator.py:123} INFO - 2017-11-26
[2019-03-21 19:28:51,623] {bash_operator.py:123} INFO - 2017-12-03
[2019-03-21 19:28:51,624] {bash_operator.py:123} INFO - Parameter I passed in
[2019-03-21 19:28:51,624] {bash_operator.py:123} INFO - 2017-11-26
[2019-03-21 19:28:51,624] {bash_operator.py:123} INFO - 2017-12-03
[2019-03-21 19:28:51,624] {bash_operator.py:123} INFO - Parameter I passed in
[2019-03-21 19:28:51,624] {bash_operator.py:123} INFO - 2017-11-26
[2019-03-21 19:28:51,624] {bash_operator.py:123} INFO - 2017-12-03
[2019-03-21 19:28:51,624] {bash_operator.py:123} INFO - Parameter I passed in
[2019-03-21 19:28:51,624] {bash_operator.py:127} INFO - Command exited with return code 0
[2019-03-21 19:28:55,614] {logging_mixin.py:95} INFO - [2019-03-21 19:28:55,613] {jobs.py:2527} INFO - Task exited with return code 0
