[2019-03-19 10:48:08,061] {models.py:1359} INFO - Dependencies all met for <TaskInstance: tutorial.templated 2015-08-03T00:00:00+00:00 [queued]>
[2019-03-19 10:48:08,066] {models.py:1359} INFO - Dependencies all met for <TaskInstance: tutorial.templated 2015-08-03T00:00:00+00:00 [queued]>
[2019-03-19 10:48:08,066] {models.py:1571} INFO - 
--------------------------------------------------------------------------------
Starting attempt 1 of 2
--------------------------------------------------------------------------------

[2019-03-19 10:48:08,080] {models.py:1593} INFO - Executing <Task(BashOperator): templated> on 2015-08-03T00:00:00+00:00
[2019-03-19 10:48:08,080] {base_task_runner.py:118} INFO - Running: ['bash', '-c', 'airflow run tutorial templated 2015-08-03T00:00:00+00:00 --job_id 134 --raw -sd DAGS_FOLDER/example_dags/tutorial.py --cfg_path /tmp/tmpx2nztooc']
[2019-03-19 10:48:08,680] {base_task_runner.py:101} INFO - Job 134: Subtask templated [2019-03-19 10:48:08,679] {__init__.py:51} INFO - Using executor SequentialExecutor
[2019-03-19 10:48:08,896] {base_task_runner.py:101} INFO - Job 134: Subtask templated [2019-03-19 10:48:08,895] {models.py:273} INFO - Filling up the DagBag from /home/rsandroni/airflow/dags/example_dags/tutorial.py
[2019-03-19 10:48:08,937] {base_task_runner.py:101} INFO - Job 134: Subtask templated [2019-03-19 10:48:08,937] {cli.py:520} INFO - Running <TaskInstance: tutorial.templated 2015-08-03T00:00:00+00:00 [running]> on host IADAIRP1.globalrs.rack.space
[2019-03-19 10:48:08,952] {bash_operator.py:77} INFO - Tmp dir root location: 
 /tmp
[2019-03-19 10:48:08,952] {bash_operator.py:86} INFO - Exporting the following env vars:
AIRFLOW_CTX_DAG_ID=tutorial
AIRFLOW_CTX_TASK_ID=templated
AIRFLOW_CTX_EXECUTION_DATE=2015-08-03T00:00:00+00:00
AIRFLOW_CTX_DAG_RUN_ID=scheduled__2015-08-03T00:00:00+00:00
[2019-03-19 10:48:08,953] {bash_operator.py:100} INFO - Temporary script location: /tmp/airflowtmpdrr4xm7v/templateddordio8_
[2019-03-19 10:48:08,953] {bash_operator.py:110} INFO - Running command: 

    echo "2015-08-03"
    echo "2015-08-10"
    echo "Parameter I passed in"

    echo "2015-08-03"
    echo "2015-08-10"
    echo "Parameter I passed in"

    echo "2015-08-03"
    echo "2015-08-10"
    echo "Parameter I passed in"

    echo "2015-08-03"
    echo "2015-08-10"
    echo "Parameter I passed in"

    echo "2015-08-03"
    echo "2015-08-10"
    echo "Parameter I passed in"

[2019-03-19 10:48:08,958] {bash_operator.py:119} INFO - Output:
[2019-03-19 10:48:08,959] {bash_operator.py:123} INFO - 2015-08-03
[2019-03-19 10:48:08,959] {bash_operator.py:123} INFO - 2015-08-10
[2019-03-19 10:48:08,959] {bash_operator.py:123} INFO - Parameter I passed in
[2019-03-19 10:48:08,959] {bash_operator.py:123} INFO - 2015-08-03
[2019-03-19 10:48:08,959] {bash_operator.py:123} INFO - 2015-08-10
[2019-03-19 10:48:08,959] {bash_operator.py:123} INFO - Parameter I passed in
[2019-03-19 10:48:08,959] {bash_operator.py:123} INFO - 2015-08-03
[2019-03-19 10:48:08,960] {bash_operator.py:123} INFO - 2015-08-10
[2019-03-19 10:48:08,960] {bash_operator.py:123} INFO - Parameter I passed in
[2019-03-19 10:48:08,960] {bash_operator.py:123} INFO - 2015-08-03
[2019-03-19 10:48:08,960] {bash_operator.py:123} INFO - 2015-08-10
[2019-03-19 10:48:08,960] {bash_operator.py:123} INFO - Parameter I passed in
[2019-03-19 10:48:08,960] {bash_operator.py:123} INFO - 2015-08-03
[2019-03-19 10:48:08,960] {bash_operator.py:123} INFO - 2015-08-10
[2019-03-19 10:48:08,960] {bash_operator.py:123} INFO - Parameter I passed in
[2019-03-19 10:48:08,960] {bash_operator.py:127} INFO - Command exited with return code 0
[2019-03-19 10:48:13,071] {logging_mixin.py:95} INFO - [2019-03-19 10:48:13,071] {jobs.py:2527} INFO - Task exited with return code 0
