[2019-03-22 01:25:05,933] {models.py:1359} INFO - Dependencies all met for <TaskInstance: tutorial.templated 2018-08-26T00:00:00+00:00 [queued]>
[2019-03-22 01:25:05,938] {models.py:1359} INFO - Dependencies all met for <TaskInstance: tutorial.templated 2018-08-26T00:00:00+00:00 [queued]>
[2019-03-22 01:25:05,938] {models.py:1571} INFO - 
--------------------------------------------------------------------------------
Starting attempt 1 of 2
--------------------------------------------------------------------------------

[2019-03-22 01:25:05,970] {models.py:1593} INFO - Executing <Task(BashOperator): templated> on 2018-08-26T00:00:00+00:00
[2019-03-22 01:25:05,970] {base_task_runner.py:118} INFO - Running: ['bash', '-c', 'airflow run tutorial templated 2018-08-26T00:00:00+00:00 --job_id 2439 --raw -sd DAGS_FOLDER/example_dags/tutorial.py --cfg_path /tmp/tmpz17dq0fa']
[2019-03-22 01:25:06,704] {base_task_runner.py:101} INFO - Job 2439: Subtask templated [2019-03-22 01:25:06,703] {__init__.py:51} INFO - Using executor SequentialExecutor
[2019-03-22 01:25:06,938] {base_task_runner.py:101} INFO - Job 2439: Subtask templated [2019-03-22 01:25:06,937] {models.py:273} INFO - Filling up the DagBag from /home/rsandroni/airflow/dags/example_dags/tutorial.py
[2019-03-22 01:25:07,002] {base_task_runner.py:101} INFO - Job 2439: Subtask templated [2019-03-22 01:25:07,001] {cli.py:520} INFO - Running <TaskInstance: tutorial.templated 2018-08-26T00:00:00+00:00 [running]> on host IADAIRP1.globalrs.rack.space
[2019-03-22 01:25:07,021] {bash_operator.py:77} INFO - Tmp dir root location: 
 /tmp
[2019-03-22 01:25:07,021] {bash_operator.py:86} INFO - Exporting the following env vars:
AIRFLOW_CTX_DAG_ID=tutorial
AIRFLOW_CTX_TASK_ID=templated
AIRFLOW_CTX_EXECUTION_DATE=2018-08-26T00:00:00+00:00
AIRFLOW_CTX_DAG_RUN_ID=scheduled__2018-08-26T00:00:00+00:00
[2019-03-22 01:25:07,022] {bash_operator.py:100} INFO - Temporary script location: /tmp/airflowtmpj7segupt/templatedzvo1nht4
[2019-03-22 01:25:07,022] {bash_operator.py:110} INFO - Running command: 

    echo "2018-08-26"
    echo "2018-09-02"
    echo "Parameter I passed in"

    echo "2018-08-26"
    echo "2018-09-02"
    echo "Parameter I passed in"

    echo "2018-08-26"
    echo "2018-09-02"
    echo "Parameter I passed in"

    echo "2018-08-26"
    echo "2018-09-02"
    echo "Parameter I passed in"

    echo "2018-08-26"
    echo "2018-09-02"
    echo "Parameter I passed in"

[2019-03-22 01:25:07,027] {bash_operator.py:119} INFO - Output:
[2019-03-22 01:25:07,028] {bash_operator.py:123} INFO - 2018-08-26
[2019-03-22 01:25:07,028] {bash_operator.py:123} INFO - 2018-09-02
[2019-03-22 01:25:07,028] {bash_operator.py:123} INFO - Parameter I passed in
[2019-03-22 01:25:07,028] {bash_operator.py:123} INFO - 2018-08-26
[2019-03-22 01:25:07,029] {bash_operator.py:123} INFO - 2018-09-02
[2019-03-22 01:25:07,029] {bash_operator.py:123} INFO - Parameter I passed in
[2019-03-22 01:25:07,029] {bash_operator.py:123} INFO - 2018-08-26
[2019-03-22 01:25:07,029] {bash_operator.py:123} INFO - 2018-09-02
[2019-03-22 01:25:07,029] {bash_operator.py:123} INFO - Parameter I passed in
[2019-03-22 01:25:07,029] {bash_operator.py:123} INFO - 2018-08-26
[2019-03-22 01:25:07,029] {bash_operator.py:123} INFO - 2018-09-02
[2019-03-22 01:25:07,029] {bash_operator.py:123} INFO - Parameter I passed in
[2019-03-22 01:25:07,029] {bash_operator.py:123} INFO - 2018-08-26
[2019-03-22 01:25:07,029] {bash_operator.py:123} INFO - 2018-09-02
[2019-03-22 01:25:07,029] {bash_operator.py:123} INFO - Parameter I passed in
[2019-03-22 01:25:07,029] {bash_operator.py:127} INFO - Command exited with return code 0
[2019-03-22 01:25:10,933] {logging_mixin.py:95} INFO - [2019-03-22 01:25:10,932] {jobs.py:2527} INFO - Task exited with return code 0
