[2019-03-21 19:23:44,956] {models.py:1359} INFO - Dependencies all met for <TaskInstance: tutorial.templated 2017-11-23T00:00:00+00:00 [queued]>
[2019-03-21 19:23:44,960] {models.py:1359} INFO - Dependencies all met for <TaskInstance: tutorial.templated 2017-11-23T00:00:00+00:00 [queued]>
[2019-03-21 19:23:44,960] {models.py:1571} INFO - 
--------------------------------------------------------------------------------
Starting attempt 1 of 2
--------------------------------------------------------------------------------

[2019-03-21 19:23:44,974] {models.py:1593} INFO - Executing <Task(BashOperator): templated> on 2017-11-23T00:00:00+00:00
[2019-03-21 19:23:44,974] {base_task_runner.py:118} INFO - Running: ['bash', '-c', 'airflow run tutorial templated 2017-11-23T00:00:00+00:00 --job_id 1887 --raw -sd DAGS_FOLDER/example_dags/tutorial.py --cfg_path /tmp/tmpi8fzut32']
[2019-03-21 19:23:45,608] {base_task_runner.py:101} INFO - Job 1887: Subtask templated [2019-03-21 19:23:45,607] {__init__.py:51} INFO - Using executor SequentialExecutor
[2019-03-21 19:23:45,838] {base_task_runner.py:101} INFO - Job 1887: Subtask templated [2019-03-21 19:23:45,837] {models.py:273} INFO - Filling up the DagBag from /home/rsandroni/airflow/dags/example_dags/tutorial.py
[2019-03-21 19:23:45,902] {base_task_runner.py:101} INFO - Job 1887: Subtask templated [2019-03-21 19:23:45,901] {cli.py:520} INFO - Running <TaskInstance: tutorial.templated 2017-11-23T00:00:00+00:00 [running]> on host IADAIRP1.globalrs.rack.space
[2019-03-21 19:23:45,918] {bash_operator.py:77} INFO - Tmp dir root location: 
 /tmp
[2019-03-21 19:23:45,919] {bash_operator.py:86} INFO - Exporting the following env vars:
AIRFLOW_CTX_DAG_ID=tutorial
AIRFLOW_CTX_TASK_ID=templated
AIRFLOW_CTX_EXECUTION_DATE=2017-11-23T00:00:00+00:00
AIRFLOW_CTX_DAG_RUN_ID=scheduled__2017-11-23T00:00:00+00:00
[2019-03-21 19:23:45,919] {bash_operator.py:100} INFO - Temporary script location: /tmp/airflowtmphv97lci3/templatedzdhcw3xk
[2019-03-21 19:23:45,919] {bash_operator.py:110} INFO - Running command: 

    echo "2017-11-23"
    echo "2017-11-30"
    echo "Parameter I passed in"

    echo "2017-11-23"
    echo "2017-11-30"
    echo "Parameter I passed in"

    echo "2017-11-23"
    echo "2017-11-30"
    echo "Parameter I passed in"

    echo "2017-11-23"
    echo "2017-11-30"
    echo "Parameter I passed in"

    echo "2017-11-23"
    echo "2017-11-30"
    echo "Parameter I passed in"

[2019-03-21 19:23:45,925] {bash_operator.py:119} INFO - Output:
[2019-03-21 19:23:45,926] {bash_operator.py:123} INFO - 2017-11-23
[2019-03-21 19:23:45,926] {bash_operator.py:123} INFO - 2017-11-30
[2019-03-21 19:23:45,926] {bash_operator.py:123} INFO - Parameter I passed in
[2019-03-21 19:23:45,926] {bash_operator.py:123} INFO - 2017-11-23
[2019-03-21 19:23:45,926] {bash_operator.py:123} INFO - 2017-11-30
[2019-03-21 19:23:45,926] {bash_operator.py:123} INFO - Parameter I passed in
[2019-03-21 19:23:45,926] {bash_operator.py:123} INFO - 2017-11-23
[2019-03-21 19:23:45,926] {bash_operator.py:123} INFO - 2017-11-30
[2019-03-21 19:23:45,926] {bash_operator.py:123} INFO - Parameter I passed in
[2019-03-21 19:23:45,926] {bash_operator.py:123} INFO - 2017-11-23
[2019-03-21 19:23:45,926] {bash_operator.py:123} INFO - 2017-11-30
[2019-03-21 19:23:45,926] {bash_operator.py:123} INFO - Parameter I passed in
[2019-03-21 19:23:45,926] {bash_operator.py:123} INFO - 2017-11-23
[2019-03-21 19:23:45,926] {bash_operator.py:123} INFO - 2017-11-30
[2019-03-21 19:23:45,926] {bash_operator.py:123} INFO - Parameter I passed in
[2019-03-21 19:23:45,927] {bash_operator.py:127} INFO - Command exited with return code 0
[2019-03-21 19:23:49,958] {logging_mixin.py:95} INFO - [2019-03-21 19:23:49,957] {jobs.py:2527} INFO - Task exited with return code 0
