[2019-03-21 19:13:15,741] {models.py:1359} INFO - Dependencies all met for <TaskInstance: tutorial.templated 2017-11-14T00:00:00+00:00 [queued]>
[2019-03-21 19:13:15,746] {models.py:1359} INFO - Dependencies all met for <TaskInstance: tutorial.templated 2017-11-14T00:00:00+00:00 [queued]>
[2019-03-21 19:13:15,746] {models.py:1571} INFO - 
--------------------------------------------------------------------------------
Starting attempt 1 of 2
--------------------------------------------------------------------------------

[2019-03-21 19:13:15,759] {models.py:1593} INFO - Executing <Task(BashOperator): templated> on 2017-11-14T00:00:00+00:00
[2019-03-21 19:13:15,760] {base_task_runner.py:118} INFO - Running: ['bash', '-c', 'airflow run tutorial templated 2017-11-14T00:00:00+00:00 --job_id 1870 --raw -sd DAGS_FOLDER/example_dags/tutorial.py --cfg_path /tmp/tmp9ewjn566']
[2019-03-21 19:13:16,392] {base_task_runner.py:101} INFO - Job 1870: Subtask templated [2019-03-21 19:13:16,391] {__init__.py:51} INFO - Using executor SequentialExecutor
[2019-03-21 19:13:16,624] {base_task_runner.py:101} INFO - Job 1870: Subtask templated [2019-03-21 19:13:16,624] {models.py:273} INFO - Filling up the DagBag from /home/rsandroni/airflow/dags/example_dags/tutorial.py
[2019-03-21 19:13:16,687] {base_task_runner.py:101} INFO - Job 1870: Subtask templated [2019-03-21 19:13:16,687] {cli.py:520} INFO - Running <TaskInstance: tutorial.templated 2017-11-14T00:00:00+00:00 [running]> on host IADAIRP1.globalrs.rack.space
[2019-03-21 19:13:16,704] {bash_operator.py:77} INFO - Tmp dir root location: 
 /tmp
[2019-03-21 19:13:16,705] {bash_operator.py:86} INFO - Exporting the following env vars:
AIRFLOW_CTX_DAG_ID=tutorial
AIRFLOW_CTX_TASK_ID=templated
AIRFLOW_CTX_EXECUTION_DATE=2017-11-14T00:00:00+00:00
AIRFLOW_CTX_DAG_RUN_ID=scheduled__2017-11-14T00:00:00+00:00
[2019-03-21 19:13:16,705] {bash_operator.py:100} INFO - Temporary script location: /tmp/airflowtmp_49x_w3e/templatedyqi8f195
[2019-03-21 19:13:16,705] {bash_operator.py:110} INFO - Running command: 

    echo "2017-11-14"
    echo "2017-11-21"
    echo "Parameter I passed in"

    echo "2017-11-14"
    echo "2017-11-21"
    echo "Parameter I passed in"

    echo "2017-11-14"
    echo "2017-11-21"
    echo "Parameter I passed in"

    echo "2017-11-14"
    echo "2017-11-21"
    echo "Parameter I passed in"

    echo "2017-11-14"
    echo "2017-11-21"
    echo "Parameter I passed in"

[2019-03-21 19:13:16,712] {bash_operator.py:119} INFO - Output:
[2019-03-21 19:13:16,712] {bash_operator.py:123} INFO - 2017-11-14
[2019-03-21 19:13:16,713] {bash_operator.py:123} INFO - 2017-11-21
[2019-03-21 19:13:16,713] {bash_operator.py:123} INFO - Parameter I passed in
[2019-03-21 19:13:16,713] {bash_operator.py:123} INFO - 2017-11-14
[2019-03-21 19:13:16,713] {bash_operator.py:123} INFO - 2017-11-21
[2019-03-21 19:13:16,713] {bash_operator.py:123} INFO - Parameter I passed in
[2019-03-21 19:13:16,713] {bash_operator.py:123} INFO - 2017-11-14
[2019-03-21 19:13:16,713] {bash_operator.py:123} INFO - 2017-11-21
[2019-03-21 19:13:16,713] {bash_operator.py:123} INFO - Parameter I passed in
[2019-03-21 19:13:16,713] {bash_operator.py:123} INFO - 2017-11-14
[2019-03-21 19:13:16,713] {bash_operator.py:123} INFO - 2017-11-21
[2019-03-21 19:13:16,713] {bash_operator.py:123} INFO - Parameter I passed in
[2019-03-21 19:13:16,713] {bash_operator.py:123} INFO - 2017-11-14
[2019-03-21 19:13:16,713] {bash_operator.py:123} INFO - 2017-11-21
[2019-03-21 19:13:16,713] {bash_operator.py:123} INFO - Parameter I passed in
[2019-03-21 19:13:16,713] {bash_operator.py:127} INFO - Command exited with return code 0
[2019-03-21 19:13:20,746] {logging_mixin.py:95} INFO - [2019-03-21 19:13:20,746] {jobs.py:2527} INFO - Task exited with return code 0
