[2019-03-22 00:21:29,660] {models.py:1359} INFO - Dependencies all met for <TaskInstance: tutorial.templated 2018-07-09T00:00:00+00:00 [queued]>
[2019-03-22 00:21:29,672] {models.py:1359} INFO - Dependencies all met for <TaskInstance: tutorial.templated 2018-07-09T00:00:00+00:00 [queued]>
[2019-03-22 00:21:29,672] {models.py:1571} INFO - 
--------------------------------------------------------------------------------
Starting attempt 1 of 2
--------------------------------------------------------------------------------

[2019-03-22 00:21:29,712] {models.py:1593} INFO - Executing <Task(BashOperator): templated> on 2018-07-09T00:00:00+00:00
[2019-03-22 00:21:29,713] {base_task_runner.py:118} INFO - Running: ['bash', '-c', 'airflow run tutorial templated 2018-07-09T00:00:00+00:00 --job_id 2343 --raw -sd DAGS_FOLDER/example_dags/tutorial.py --cfg_path /tmp/tmp7qva29d7']
[2019-03-22 00:21:30,625] {base_task_runner.py:101} INFO - Job 2343: Subtask templated [2019-03-22 00:21:30,624] {__init__.py:51} INFO - Using executor SequentialExecutor
[2019-03-22 00:21:31,046] {base_task_runner.py:101} INFO - Job 2343: Subtask templated [2019-03-22 00:21:31,040] {models.py:273} INFO - Filling up the DagBag from /home/rsandroni/airflow/dags/example_dags/tutorial.py
[2019-03-22 00:21:31,196] {base_task_runner.py:101} INFO - Job 2343: Subtask templated [2019-03-22 00:21:31,195] {cli.py:520} INFO - Running <TaskInstance: tutorial.templated 2018-07-09T00:00:00+00:00 [running]> on host IADAIRP1.globalrs.rack.space
[2019-03-22 00:21:31,245] {bash_operator.py:77} INFO - Tmp dir root location: 
 /tmp
[2019-03-22 00:21:31,245] {bash_operator.py:86} INFO - Exporting the following env vars:
AIRFLOW_CTX_DAG_ID=tutorial
AIRFLOW_CTX_TASK_ID=templated
AIRFLOW_CTX_EXECUTION_DATE=2018-07-09T00:00:00+00:00
AIRFLOW_CTX_DAG_RUN_ID=scheduled__2018-07-09T00:00:00+00:00
[2019-03-22 00:21:31,246] {bash_operator.py:100} INFO - Temporary script location: /tmp/airflowtmpu9xddmi8/templatedflx3whmh
[2019-03-22 00:21:31,246] {bash_operator.py:110} INFO - Running command: 

    echo "2018-07-09"
    echo "2018-07-16"
    echo "Parameter I passed in"

    echo "2018-07-09"
    echo "2018-07-16"
    echo "Parameter I passed in"

    echo "2018-07-09"
    echo "2018-07-16"
    echo "Parameter I passed in"

    echo "2018-07-09"
    echo "2018-07-16"
    echo "Parameter I passed in"

    echo "2018-07-09"
    echo "2018-07-16"
    echo "Parameter I passed in"

[2019-03-22 00:21:31,267] {bash_operator.py:119} INFO - Output:
[2019-03-22 00:21:31,268] {bash_operator.py:123} INFO - 2018-07-09
[2019-03-22 00:21:31,268] {bash_operator.py:123} INFO - 2018-07-16
[2019-03-22 00:21:31,268] {bash_operator.py:123} INFO - Parameter I passed in
[2019-03-22 00:21:31,268] {bash_operator.py:123} INFO - 2018-07-09
[2019-03-22 00:21:31,268] {bash_operator.py:123} INFO - 2018-07-16
[2019-03-22 00:21:31,268] {bash_operator.py:123} INFO - Parameter I passed in
[2019-03-22 00:21:31,268] {bash_operator.py:123} INFO - 2018-07-09
[2019-03-22 00:21:31,268] {bash_operator.py:123} INFO - 2018-07-16
[2019-03-22 00:21:31,268] {bash_operator.py:123} INFO - Parameter I passed in
[2019-03-22 00:21:31,268] {bash_operator.py:123} INFO - 2018-07-09
[2019-03-22 00:21:31,268] {bash_operator.py:123} INFO - 2018-07-16
[2019-03-22 00:21:31,268] {bash_operator.py:123} INFO - Parameter I passed in
[2019-03-22 00:21:31,268] {bash_operator.py:123} INFO - 2018-07-09
[2019-03-22 00:21:31,268] {bash_operator.py:123} INFO - 2018-07-16
[2019-03-22 00:21:31,268] {bash_operator.py:123} INFO - Parameter I passed in
[2019-03-22 00:21:31,268] {bash_operator.py:127} INFO - Command exited with return code 0
[2019-03-22 00:21:34,584] {logging_mixin.py:95} INFO - [2019-03-22 00:21:34,584] {jobs.py:2527} INFO - Task exited with return code 0
