[2019-03-22 00:18:50,146] {models.py:1359} INFO - Dependencies all met for <TaskInstance: tutorial.templated 2018-07-07T00:00:00+00:00 [queued]>
[2019-03-22 00:18:50,151] {models.py:1359} INFO - Dependencies all met for <TaskInstance: tutorial.templated 2018-07-07T00:00:00+00:00 [queued]>
[2019-03-22 00:18:50,151] {models.py:1571} INFO - 
--------------------------------------------------------------------------------
Starting attempt 1 of 2
--------------------------------------------------------------------------------

[2019-03-22 00:18:50,226] {models.py:1593} INFO - Executing <Task(BashOperator): templated> on 2018-07-07T00:00:00+00:00
[2019-03-22 00:18:50,226] {base_task_runner.py:118} INFO - Running: ['bash', '-c', 'airflow run tutorial templated 2018-07-07T00:00:00+00:00 --job_id 2339 --raw -sd DAGS_FOLDER/example_dags/tutorial.py --cfg_path /tmp/tmpj9qa9rl5']
[2019-03-22 00:18:51,125] {base_task_runner.py:101} INFO - Job 2339: Subtask templated [2019-03-22 00:18:51,114] {__init__.py:51} INFO - Using executor SequentialExecutor
[2019-03-22 00:18:51,535] {base_task_runner.py:101} INFO - Job 2339: Subtask templated [2019-03-22 00:18:51,530] {models.py:273} INFO - Filling up the DagBag from /home/rsandroni/airflow/dags/example_dags/tutorial.py
[2019-03-22 00:18:51,605] {base_task_runner.py:101} INFO - Job 2339: Subtask templated [2019-03-22 00:18:51,604] {cli.py:520} INFO - Running <TaskInstance: tutorial.templated 2018-07-07T00:00:00+00:00 [running]> on host IADAIRP1.globalrs.rack.space
[2019-03-22 00:18:51,644] {bash_operator.py:77} INFO - Tmp dir root location: 
 /tmp
[2019-03-22 00:18:51,644] {bash_operator.py:86} INFO - Exporting the following env vars:
AIRFLOW_CTX_DAG_ID=tutorial
AIRFLOW_CTX_TASK_ID=templated
AIRFLOW_CTX_EXECUTION_DATE=2018-07-07T00:00:00+00:00
AIRFLOW_CTX_DAG_RUN_ID=scheduled__2018-07-07T00:00:00+00:00
[2019-03-22 00:18:51,645] {bash_operator.py:100} INFO - Temporary script location: /tmp/airflowtmpbaj9epb0/templatedbig1y8ws
[2019-03-22 00:18:51,645] {bash_operator.py:110} INFO - Running command: 

    echo "2018-07-07"
    echo "2018-07-14"
    echo "Parameter I passed in"

    echo "2018-07-07"
    echo "2018-07-14"
    echo "Parameter I passed in"

    echo "2018-07-07"
    echo "2018-07-14"
    echo "Parameter I passed in"

    echo "2018-07-07"
    echo "2018-07-14"
    echo "Parameter I passed in"

    echo "2018-07-07"
    echo "2018-07-14"
    echo "Parameter I passed in"

[2019-03-22 00:18:51,697] {bash_operator.py:119} INFO - Output:
[2019-03-22 00:18:51,697] {bash_operator.py:123} INFO - 2018-07-07
[2019-03-22 00:18:51,697] {bash_operator.py:123} INFO - 2018-07-14
[2019-03-22 00:18:51,697] {bash_operator.py:123} INFO - Parameter I passed in
[2019-03-22 00:18:51,697] {bash_operator.py:123} INFO - 2018-07-07
[2019-03-22 00:18:51,697] {bash_operator.py:123} INFO - 2018-07-14
[2019-03-22 00:18:51,698] {bash_operator.py:123} INFO - Parameter I passed in
[2019-03-22 00:18:51,698] {bash_operator.py:123} INFO - 2018-07-07
[2019-03-22 00:18:51,698] {bash_operator.py:123} INFO - 2018-07-14
[2019-03-22 00:18:51,698] {bash_operator.py:123} INFO - Parameter I passed in
[2019-03-22 00:18:51,698] {bash_operator.py:123} INFO - 2018-07-07
[2019-03-22 00:18:51,698] {bash_operator.py:123} INFO - 2018-07-14
[2019-03-22 00:18:51,698] {bash_operator.py:123} INFO - Parameter I passed in
[2019-03-22 00:18:51,698] {bash_operator.py:123} INFO - 2018-07-07
[2019-03-22 00:18:51,698] {bash_operator.py:123} INFO - 2018-07-14
[2019-03-22 00:18:51,698] {bash_operator.py:123} INFO - Parameter I passed in
[2019-03-22 00:18:51,698] {bash_operator.py:127} INFO - Command exited with return code 0
[2019-03-22 00:18:55,122] {logging_mixin.py:95} INFO - [2019-03-22 00:18:55,121] {jobs.py:2527} INFO - Task exited with return code 0
