[2019-03-19 14:17:31,586] {models.py:1359} INFO - Dependencies all met for <TaskInstance: tutorial.print_date 2016-10-22T00:00:00+00:00 [queued]>
[2019-03-19 14:17:31,588] {models.py:1359} INFO - Dependencies all met for <TaskInstance: tutorial.print_date 2016-10-22T00:00:00+00:00 [queued]>
[2019-03-19 14:17:31,589] {models.py:1571} INFO - 
--------------------------------------------------------------------------------
Starting attempt 1 of 2
--------------------------------------------------------------------------------

[2019-03-19 14:17:31,654] {models.py:1593} INFO - Executing <Task(BashOperator): print_date> on 2016-10-22T00:00:00+00:00
[2019-03-19 14:17:31,654] {base_task_runner.py:118} INFO - Running: ['bash', '-c', 'airflow run tutorial print_date 2016-10-22T00:00:00+00:00 --job_id 1022 --raw -sd DAGS_FOLDER/sql_server_load.py --cfg_path /tmp/tmplxc3kngp']
[2019-03-19 14:17:34,552] {base_task_runner.py:101} INFO - Job 1022: Subtask print_date [2019-03-19 14:17:34,551] {__init__.py:51} INFO - Using executor SequentialExecutor
[2019-03-19 14:17:35,854] {base_task_runner.py:101} INFO - Job 1022: Subtask print_date [2019-03-19 14:17:35,851] {models.py:273} INFO - Filling up the DagBag from /home/rsandroni/airflow/dags/sql_server_load.py
[2019-03-19 14:17:35,901] {base_task_runner.py:101} INFO - Job 1022: Subtask print_date [2019-03-19 14:17:35,897] {cli.py:520} INFO - Running <TaskInstance: tutorial.print_date 2016-10-22T00:00:00+00:00 [running]> on host IADAIRP1.globalrs.rack.space
[2019-03-19 14:17:35,943] {bash_operator.py:77} INFO - Tmp dir root location: 
 /tmp
[2019-03-19 14:17:35,943] {bash_operator.py:86} INFO - Exporting the following env vars:
AIRFLOW_CTX_DAG_ID=tutorial
AIRFLOW_CTX_TASK_ID=print_date
AIRFLOW_CTX_EXECUTION_DATE=2016-10-22T00:00:00+00:00
AIRFLOW_CTX_DAG_RUN_ID=scheduled__2016-10-22T00:00:00+00:00
[2019-03-19 14:17:35,943] {bash_operator.py:100} INFO - Temporary script location: /tmp/airflowtmplg8kqfl4/print_date7mm8gh3y
[2019-03-19 14:17:35,943] {bash_operator.py:110} INFO - Running command: date
[2019-03-19 14:17:36,040] {bash_operator.py:119} INFO - Output:
[2019-03-19 14:17:36,104] {bash_operator.py:123} INFO - Ter Mar 19 14:17:36 -03 2019
[2019-03-19 14:17:36,104] {bash_operator.py:127} INFO - Command exited with return code 0
[2019-03-19 14:17:36,542] {logging_mixin.py:95} INFO - [2019-03-19 14:17:36,542] {jobs.py:2595} WARNING - State of this instance has been externally set to success. Taking the poison pill.
[2019-03-19 14:17:36,580] {helpers.py:250} INFO - Sending Signals.SIGTERM to GPID 71639
[2019-03-19 14:17:36,634] {helpers.py:232} INFO - Process psutil.Process(pid=71639, status='terminated') (71639) terminated with exit code -15
[2019-03-19 14:17:36,635] {logging_mixin.py:95} INFO - [2019-03-19 14:17:36,634] {jobs.py:2527} INFO - Task exited with return code 0
