[2019-03-19 14:44:13,432] {models.py:1359} INFO - Dependencies all met for <TaskInstance: tutorial.templated 2016-12-15T00:00:00+00:00 [queued]>
[2019-03-19 14:44:13,437] {models.py:1359} INFO - Dependencies all met for <TaskInstance: tutorial.templated 2016-12-15T00:00:00+00:00 [queued]>
[2019-03-19 14:44:13,437] {models.py:1571} INFO - 
--------------------------------------------------------------------------------
Starting attempt 1 of 2
--------------------------------------------------------------------------------

[2019-03-19 14:44:13,518] {models.py:1593} INFO - Executing <Task(BashOperator): templated> on 2016-12-15T00:00:00+00:00
[2019-03-19 14:44:13,518] {base_task_runner.py:118} INFO - Running: ['bash', '-c', 'airflow run tutorial templated 2016-12-15T00:00:00+00:00 --job_id 1133 --raw -sd DAGS_FOLDER/example_dags/tutorial.py --cfg_path /tmp/tmpnqbr4y3l']
[2019-03-19 14:44:15,236] {base_task_runner.py:101} INFO - Job 1133: Subtask templated [2019-03-19 14:44:15,230] {__init__.py:51} INFO - Using executor SequentialExecutor
[2019-03-19 14:44:15,935] {base_task_runner.py:101} INFO - Job 1133: Subtask templated [2019-03-19 14:44:15,929] {models.py:273} INFO - Filling up the DagBag from /home/rsandroni/airflow/dags/example_dags/tutorial.py
[2019-03-19 14:44:16,034] {base_task_runner.py:101} INFO - Job 1133: Subtask templated [2019-03-19 14:44:16,029] {cli.py:520} INFO - Running <TaskInstance: tutorial.templated 2016-12-15T00:00:00+00:00 [running]> on host IADAIRP1.globalrs.rack.space
[2019-03-19 14:44:16,079] {bash_operator.py:77} INFO - Tmp dir root location: 
 /tmp
[2019-03-19 14:44:16,079] {bash_operator.py:86} INFO - Exporting the following env vars:
AIRFLOW_CTX_DAG_ID=tutorial
AIRFLOW_CTX_TASK_ID=templated
AIRFLOW_CTX_EXECUTION_DATE=2016-12-15T00:00:00+00:00
AIRFLOW_CTX_DAG_RUN_ID=scheduled__2016-12-15T00:00:00+00:00
[2019-03-19 14:44:16,080] {bash_operator.py:100} INFO - Temporary script location: /tmp/airflowtmp_i3a3j1r/templatedux1_ad2v
[2019-03-19 14:44:16,080] {bash_operator.py:110} INFO - Running command: 

    echo "2016-12-15"
    echo "2016-12-22"
    echo "Parameter I passed in"

    echo "2016-12-15"
    echo "2016-12-22"
    echo "Parameter I passed in"

    echo "2016-12-15"
    echo "2016-12-22"
    echo "Parameter I passed in"

    echo "2016-12-15"
    echo "2016-12-22"
    echo "Parameter I passed in"

    echo "2016-12-15"
    echo "2016-12-22"
    echo "Parameter I passed in"

[2019-03-19 14:44:16,116] {bash_operator.py:119} INFO - Output:
[2019-03-19 14:44:16,117] {bash_operator.py:123} INFO - 2016-12-15
[2019-03-19 14:44:16,117] {bash_operator.py:123} INFO - 2016-12-22
[2019-03-19 14:44:16,117] {bash_operator.py:123} INFO - Parameter I passed in
[2019-03-19 14:44:16,117] {bash_operator.py:123} INFO - 2016-12-15
[2019-03-19 14:44:16,117] {bash_operator.py:123} INFO - 2016-12-22
[2019-03-19 14:44:16,117] {bash_operator.py:123} INFO - Parameter I passed in
[2019-03-19 14:44:16,117] {bash_operator.py:123} INFO - 2016-12-15
[2019-03-19 14:44:16,117] {bash_operator.py:123} INFO - 2016-12-22
[2019-03-19 14:44:16,117] {bash_operator.py:123} INFO - Parameter I passed in
[2019-03-19 14:44:16,117] {bash_operator.py:123} INFO - 2016-12-15
[2019-03-19 14:44:16,117] {bash_operator.py:123} INFO - 2016-12-22
[2019-03-19 14:44:16,117] {bash_operator.py:123} INFO - Parameter I passed in
[2019-03-19 14:44:16,117] {bash_operator.py:123} INFO - 2016-12-15
[2019-03-19 14:44:16,117] {bash_operator.py:123} INFO - 2016-12-22
[2019-03-19 14:44:16,117] {bash_operator.py:123} INFO - Parameter I passed in
[2019-03-19 14:44:16,117] {bash_operator.py:127} INFO - Command exited with return code 0
[2019-03-19 14:44:18,422] {logging_mixin.py:95} INFO - [2019-03-19 14:44:18,422] {jobs.py:2527} INFO - Task exited with return code 0
