[2019-03-19 12:45:45,665] {models.py:1359} INFO - Dependencies all met for <TaskInstance: tutorial.print_date 2016-04-14T00:00:00+00:00 [queued]>
[2019-03-19 12:45:45,667] {models.py:1359} INFO - Dependencies all met for <TaskInstance: tutorial.print_date 2016-04-14T00:00:00+00:00 [queued]>
[2019-03-19 12:45:45,668] {models.py:1571} INFO - 
--------------------------------------------------------------------------------
Starting attempt 1 of 2
--------------------------------------------------------------------------------

[2019-03-19 12:45:45,701] {models.py:1593} INFO - Executing <Task(BashOperator): print_date> on 2016-04-14T00:00:00+00:00
[2019-03-19 12:45:45,701] {base_task_runner.py:118} INFO - Running: ['bash', '-c', 'airflow run tutorial print_date 2016-04-14T00:00:00+00:00 --job_id 642 --raw -sd DAGS_FOLDER/tutorial.py --cfg_path /tmp/tmpn44i5xfz']
[2019-03-19 12:45:46,775] {base_task_runner.py:101} INFO - Job 642: Subtask print_date [2019-03-19 12:45:46,775] {__init__.py:51} INFO - Using executor SequentialExecutor
[2019-03-19 12:45:47,143] {base_task_runner.py:101} INFO - Job 642: Subtask print_date [2019-03-19 12:45:47,142] {models.py:273} INFO - Filling up the DagBag from /home/rsandroni/airflow/dags/tutorial.py
[2019-03-19 12:45:47,180] {base_task_runner.py:101} INFO - Job 642: Subtask print_date [2019-03-19 12:45:47,179] {cli.py:520} INFO - Running <TaskInstance: tutorial.print_date 2016-04-14T00:00:00+00:00 [running]> on host IADAIRP1.globalrs.rack.space
[2019-03-19 12:45:47,216] {bash_operator.py:77} INFO - Tmp dir root location: 
 /tmp
[2019-03-19 12:45:47,216] {bash_operator.py:86} INFO - Exporting the following env vars:
AIRFLOW_CTX_DAG_ID=tutorial
AIRFLOW_CTX_TASK_ID=print_date
AIRFLOW_CTX_EXECUTION_DATE=2016-04-14T00:00:00+00:00
AIRFLOW_CTX_DAG_RUN_ID=scheduled__2016-04-14T00:00:00+00:00
[2019-03-19 12:45:47,217] {bash_operator.py:100} INFO - Temporary script location: /tmp/airflowtmps78bkfbg/print_datebelydgav
[2019-03-19 12:45:47,217] {bash_operator.py:110} INFO - Running command: date
[2019-03-19 12:45:47,246] {bash_operator.py:119} INFO - Output:
[2019-03-19 12:45:47,263] {bash_operator.py:123} INFO - Ter Mar 19 12:45:47 -03 2019
[2019-03-19 12:45:47,264] {bash_operator.py:127} INFO - Command exited with return code 0
[2019-03-19 12:45:50,672] {logging_mixin.py:95} INFO - [2019-03-19 12:45:50,671] {jobs.py:2527} INFO - Task exited with return code 0
