[2019-03-21 17:40:13,289] {models.py:1359} INFO - Dependencies all met for <TaskInstance: tutorial.templated 2017-07-30T00:00:00+00:00 [queued]>
[2019-03-21 17:40:13,294] {models.py:1359} INFO - Dependencies all met for <TaskInstance: tutorial.templated 2017-07-30T00:00:00+00:00 [queued]>
[2019-03-21 17:40:13,294] {models.py:1571} INFO - 
--------------------------------------------------------------------------------
Starting attempt 1 of 2
--------------------------------------------------------------------------------

[2019-03-21 17:40:13,330] {models.py:1593} INFO - Executing <Task(BashOperator): templated> on 2017-07-30T00:00:00+00:00
[2019-03-21 17:40:13,330] {base_task_runner.py:118} INFO - Running: ['bash', '-c', 'airflow run tutorial templated 2017-07-30T00:00:00+00:00 --job_id 1627 --raw -sd DAGS_FOLDER/example_dags/tutorial.py --cfg_path /tmp/tmphez9zj45']
[2019-03-21 17:40:14,072] {base_task_runner.py:101} INFO - Job 1627: Subtask templated [2019-03-21 17:40:14,070] {__init__.py:51} INFO - Using executor SequentialExecutor
[2019-03-21 17:40:14,378] {base_task_runner.py:101} INFO - Job 1627: Subtask templated [2019-03-21 17:40:14,371] {models.py:273} INFO - Filling up the DagBag from /home/rsandroni/airflow/dags/example_dags/tutorial.py
[2019-03-21 17:40:14,460] {base_task_runner.py:101} INFO - Job 1627: Subtask templated [2019-03-21 17:40:14,459] {cli.py:520} INFO - Running <TaskInstance: tutorial.templated 2017-07-30T00:00:00+00:00 [running]> on host IADAIRP1.globalrs.rack.space
[2019-03-21 17:40:14,494] {bash_operator.py:77} INFO - Tmp dir root location: 
 /tmp
[2019-03-21 17:40:14,495] {bash_operator.py:86} INFO - Exporting the following env vars:
AIRFLOW_CTX_DAG_ID=tutorial
AIRFLOW_CTX_TASK_ID=templated
AIRFLOW_CTX_EXECUTION_DATE=2017-07-30T00:00:00+00:00
AIRFLOW_CTX_DAG_RUN_ID=scheduled__2017-07-30T00:00:00+00:00
[2019-03-21 17:40:14,495] {bash_operator.py:100} INFO - Temporary script location: /tmp/airflowtmpysl9pmuu/templatedzj5xwgk0
[2019-03-21 17:40:14,495] {bash_operator.py:110} INFO - Running command: 

    echo "2017-07-30"
    echo "2017-08-06"
    echo "Parameter I passed in"

    echo "2017-07-30"
    echo "2017-08-06"
    echo "Parameter I passed in"

    echo "2017-07-30"
    echo "2017-08-06"
    echo "Parameter I passed in"

    echo "2017-07-30"
    echo "2017-08-06"
    echo "Parameter I passed in"

    echo "2017-07-30"
    echo "2017-08-06"
    echo "Parameter I passed in"

[2019-03-21 17:40:14,508] {bash_operator.py:119} INFO - Output:
[2019-03-21 17:40:14,508] {bash_operator.py:123} INFO - 2017-07-30
[2019-03-21 17:40:14,508] {bash_operator.py:123} INFO - 2017-08-06
[2019-03-21 17:40:14,508] {bash_operator.py:123} INFO - Parameter I passed in
[2019-03-21 17:40:14,508] {bash_operator.py:123} INFO - 2017-07-30
[2019-03-21 17:40:14,508] {bash_operator.py:123} INFO - 2017-08-06
[2019-03-21 17:40:14,508] {bash_operator.py:123} INFO - Parameter I passed in
[2019-03-21 17:40:14,509] {bash_operator.py:123} INFO - 2017-07-30
[2019-03-21 17:40:14,509] {bash_operator.py:123} INFO - 2017-08-06
[2019-03-21 17:40:14,509] {bash_operator.py:123} INFO - Parameter I passed in
[2019-03-21 17:40:14,509] {bash_operator.py:123} INFO - 2017-07-30
[2019-03-21 17:40:14,509] {bash_operator.py:123} INFO - 2017-08-06
[2019-03-21 17:40:14,509] {bash_operator.py:123} INFO - Parameter I passed in
[2019-03-21 17:40:14,509] {bash_operator.py:123} INFO - 2017-07-30
[2019-03-21 17:40:14,509] {bash_operator.py:123} INFO - 2017-08-06
[2019-03-21 17:40:14,509] {bash_operator.py:123} INFO - Parameter I passed in
[2019-03-21 17:40:14,509] {bash_operator.py:127} INFO - Command exited with return code 0
[2019-03-21 17:40:18,373] {logging_mixin.py:95} INFO - [2019-03-21 17:40:18,372] {jobs.py:2527} INFO - Task exited with return code 0
