[2019-03-21 20:23:41,868] {models.py:1359} INFO - Dependencies all met for <TaskInstance: tutorial.templated 2018-01-08T00:00:00+00:00 [queued]>
[2019-03-21 20:23:41,873] {models.py:1359} INFO - Dependencies all met for <TaskInstance: tutorial.templated 2018-01-08T00:00:00+00:00 [queued]>
[2019-03-21 20:23:41,873] {models.py:1571} INFO - 
--------------------------------------------------------------------------------
Starting attempt 1 of 2
--------------------------------------------------------------------------------

[2019-03-21 20:23:41,887] {models.py:1593} INFO - Executing <Task(BashOperator): templated> on 2018-01-08T00:00:00+00:00
[2019-03-21 20:23:41,888] {base_task_runner.py:118} INFO - Running: ['bash', '-c', 'airflow run tutorial templated 2018-01-08T00:00:00+00:00 --job_id 1979 --raw -sd DAGS_FOLDER/example_dags/tutorial.py --cfg_path /tmp/tmp2zde7azp']
[2019-03-21 20:23:42,539] {base_task_runner.py:101} INFO - Job 1979: Subtask templated [2019-03-21 20:23:42,538] {__init__.py:51} INFO - Using executor SequentialExecutor
[2019-03-21 20:23:42,807] {base_task_runner.py:101} INFO - Job 1979: Subtask templated [2019-03-21 20:23:42,806] {models.py:273} INFO - Filling up the DagBag from /home/rsandroni/airflow/dags/example_dags/tutorial.py
[2019-03-21 20:23:42,871] {base_task_runner.py:101} INFO - Job 1979: Subtask templated [2019-03-21 20:23:42,871] {cli.py:520} INFO - Running <TaskInstance: tutorial.templated 2018-01-08T00:00:00+00:00 [running]> on host IADAIRP1.globalrs.rack.space
[2019-03-21 20:23:42,887] {bash_operator.py:77} INFO - Tmp dir root location: 
 /tmp
[2019-03-21 20:23:42,888] {bash_operator.py:86} INFO - Exporting the following env vars:
AIRFLOW_CTX_DAG_ID=tutorial
AIRFLOW_CTX_TASK_ID=templated
AIRFLOW_CTX_EXECUTION_DATE=2018-01-08T00:00:00+00:00
AIRFLOW_CTX_DAG_RUN_ID=scheduled__2018-01-08T00:00:00+00:00
[2019-03-21 20:23:42,888] {bash_operator.py:100} INFO - Temporary script location: /tmp/airflowtmpcextyw59/templatedb5k_cnc0
[2019-03-21 20:23:42,888] {bash_operator.py:110} INFO - Running command: 

    echo "2018-01-08"
    echo "2018-01-15"
    echo "Parameter I passed in"

    echo "2018-01-08"
    echo "2018-01-15"
    echo "Parameter I passed in"

    echo "2018-01-08"
    echo "2018-01-15"
    echo "Parameter I passed in"

    echo "2018-01-08"
    echo "2018-01-15"
    echo "Parameter I passed in"

    echo "2018-01-08"
    echo "2018-01-15"
    echo "Parameter I passed in"

[2019-03-21 20:23:42,894] {bash_operator.py:119} INFO - Output:
[2019-03-21 20:23:42,895] {bash_operator.py:123} INFO - 2018-01-08
[2019-03-21 20:23:42,895] {bash_operator.py:123} INFO - 2018-01-15
[2019-03-21 20:23:42,895] {bash_operator.py:123} INFO - Parameter I passed in
[2019-03-21 20:23:42,895] {bash_operator.py:123} INFO - 2018-01-08
[2019-03-21 20:23:42,895] {bash_operator.py:123} INFO - 2018-01-15
[2019-03-21 20:23:42,895] {bash_operator.py:123} INFO - Parameter I passed in
[2019-03-21 20:23:42,895] {bash_operator.py:123} INFO - 2018-01-08
[2019-03-21 20:23:42,895] {bash_operator.py:123} INFO - 2018-01-15
[2019-03-21 20:23:42,895] {bash_operator.py:123} INFO - Parameter I passed in
[2019-03-21 20:23:42,895] {bash_operator.py:123} INFO - 2018-01-08
[2019-03-21 20:23:42,895] {bash_operator.py:123} INFO - 2018-01-15
[2019-03-21 20:23:42,895] {bash_operator.py:123} INFO - Parameter I passed in
[2019-03-21 20:23:42,895] {bash_operator.py:123} INFO - 2018-01-08
[2019-03-21 20:23:42,895] {bash_operator.py:123} INFO - 2018-01-15
[2019-03-21 20:23:42,895] {bash_operator.py:123} INFO - Parameter I passed in
[2019-03-21 20:23:42,896] {bash_operator.py:127} INFO - Command exited with return code 0
[2019-03-21 20:23:46,905] {logging_mixin.py:95} INFO - [2019-03-21 20:23:46,904] {jobs.py:2527} INFO - Task exited with return code 0
