[2019-03-19 10:31:28,864] {models.py:1359} INFO - Dependencies all met for <TaskInstance: tutorial.print_date 2015-07-04T00:00:00+00:00 [queued]>
[2019-03-19 10:31:28,866] {models.py:1359} INFO - Dependencies all met for <TaskInstance: tutorial.print_date 2015-07-04T00:00:00+00:00 [queued]>
[2019-03-19 10:31:28,866] {models.py:1571} INFO - 
--------------------------------------------------------------------------------
Starting attempt 1 of 2
--------------------------------------------------------------------------------

[2019-03-19 10:31:28,880] {models.py:1593} INFO - Executing <Task(BashOperator): print_date> on 2015-07-04T00:00:00+00:00
[2019-03-19 10:31:28,880] {base_task_runner.py:118} INFO - Running: ['bash', '-c', 'airflow run tutorial print_date 2015-07-04T00:00:00+00:00 --job_id 72 --raw -sd DAGS_FOLDER/tutorial.py --cfg_path /tmp/tmpeuvc0sk3']
[2019-03-19 10:31:29,482] {base_task_runner.py:101} INFO - Job 72: Subtask print_date [2019-03-19 10:31:29,482] {__init__.py:51} INFO - Using executor SequentialExecutor
[2019-03-19 10:31:29,708] {base_task_runner.py:101} INFO - Job 72: Subtask print_date [2019-03-19 10:31:29,707] {models.py:273} INFO - Filling up the DagBag from /home/rsandroni/airflow/dags/tutorial.py
[2019-03-19 10:31:29,722] {base_task_runner.py:101} INFO - Job 72: Subtask print_date [2019-03-19 10:31:29,722] {cli.py:520} INFO - Running <TaskInstance: tutorial.print_date 2015-07-04T00:00:00+00:00 [running]> on host IADAIRP1.globalrs.rack.space
[2019-03-19 10:31:29,735] {bash_operator.py:77} INFO - Tmp dir root location: 
 /tmp
[2019-03-19 10:31:29,735] {bash_operator.py:86} INFO - Exporting the following env vars:
AIRFLOW_CTX_DAG_ID=tutorial
AIRFLOW_CTX_TASK_ID=print_date
AIRFLOW_CTX_EXECUTION_DATE=2015-07-04T00:00:00+00:00
AIRFLOW_CTX_DAG_RUN_ID=scheduled__2015-07-04T00:00:00+00:00
[2019-03-19 10:31:29,736] {bash_operator.py:100} INFO - Temporary script location: /tmp/airflowtmpogkt3g6n/print_dateftprgmgo
[2019-03-19 10:31:29,736] {bash_operator.py:110} INFO - Running command: date
[2019-03-19 10:31:29,741] {bash_operator.py:119} INFO - Output:
[2019-03-19 10:31:29,743] {bash_operator.py:123} INFO - Ter Mar 19 10:31:29 -03 2019
[2019-03-19 10:31:29,743] {bash_operator.py:127} INFO - Command exited with return code 0
[2019-03-19 10:31:33,871] {logging_mixin.py:95} INFO - [2019-03-19 10:31:33,871] {jobs.py:2527} INFO - Task exited with return code 0
