[2019-03-19 15:11:00,009] {models.py:1359} INFO - Dependencies all met for <TaskInstance: tutorial.print_date 2017-02-12T00:00:00+00:00 [queued]>
[2019-03-19 15:11:00,011] {models.py:1359} INFO - Dependencies all met for <TaskInstance: tutorial.print_date 2017-02-12T00:00:00+00:00 [queued]>
[2019-03-19 15:11:00,012] {models.py:1571} INFO - 
--------------------------------------------------------------------------------
Starting attempt 1 of 2
--------------------------------------------------------------------------------

[2019-03-19 15:11:00,024] {models.py:1593} INFO - Executing <Task(BashOperator): print_date> on 2017-02-12T00:00:00+00:00
[2019-03-19 15:11:00,024] {base_task_runner.py:118} INFO - Running: ['bash', '-c', 'airflow run tutorial print_date 2017-02-12T00:00:00+00:00 --job_id 1249 --raw -sd DAGS_FOLDER/tutorial.py --cfg_path /tmp/tmpb40wcnno']
[2019-03-19 15:11:00,643] {base_task_runner.py:101} INFO - Job 1249: Subtask print_date [2019-03-19 15:11:00,643] {__init__.py:51} INFO - Using executor SequentialExecutor
[2019-03-19 15:11:00,923] {base_task_runner.py:101} INFO - Job 1249: Subtask print_date [2019-03-19 15:11:00,923] {models.py:273} INFO - Filling up the DagBag from /home/rsandroni/airflow/dags/tutorial.py
[2019-03-19 15:11:00,938] {base_task_runner.py:101} INFO - Job 1249: Subtask print_date [2019-03-19 15:11:00,938] {cli.py:520} INFO - Running <TaskInstance: tutorial.print_date 2017-02-12T00:00:00+00:00 [running]> on host IADAIRP1.globalrs.rack.space
[2019-03-19 15:11:00,952] {bash_operator.py:77} INFO - Tmp dir root location: 
 /tmp
[2019-03-19 15:11:00,952] {bash_operator.py:86} INFO - Exporting the following env vars:
AIRFLOW_CTX_DAG_ID=tutorial
AIRFLOW_CTX_TASK_ID=print_date
AIRFLOW_CTX_EXECUTION_DATE=2017-02-12T00:00:00+00:00
AIRFLOW_CTX_DAG_RUN_ID=scheduled__2017-02-12T00:00:00+00:00
[2019-03-19 15:11:00,952] {bash_operator.py:100} INFO - Temporary script location: /tmp/airflowtmpk35wdc3r/print_dateqahhp6t2
[2019-03-19 15:11:00,952] {bash_operator.py:110} INFO - Running command: date
[2019-03-19 15:11:00,957] {bash_operator.py:119} INFO - Output:
[2019-03-19 15:11:00,959] {bash_operator.py:123} INFO - Ter Mar 19 15:11:00 -03 2019
[2019-03-19 15:11:00,960] {bash_operator.py:127} INFO - Command exited with return code 0
[2019-03-19 15:11:05,091] {logging_mixin.py:95} INFO - [2019-03-19 15:11:05,090] {jobs.py:2527} INFO - Task exited with return code 0
