[2019-03-19 12:24:01,930] {models.py:1359} INFO - Dependencies all met for <TaskInstance: tutorial.print_date 2016-02-29T00:00:00+00:00 [queued]>
[2019-03-19 12:24:01,932] {models.py:1359} INFO - Dependencies all met for <TaskInstance: tutorial.print_date 2016-02-29T00:00:00+00:00 [queued]>
[2019-03-19 12:24:01,933] {models.py:1571} INFO - 
--------------------------------------------------------------------------------
Starting attempt 1 of 2
--------------------------------------------------------------------------------

[2019-03-19 12:24:01,952] {models.py:1593} INFO - Executing <Task(BashOperator): print_date> on 2016-02-29T00:00:00+00:00
[2019-03-19 12:24:01,952] {base_task_runner.py:118} INFO - Running: ['bash', '-c', 'airflow run tutorial print_date 2016-02-29T00:00:00+00:00 --job_id 552 --raw -sd DAGS_FOLDER/tutorial.py --cfg_path /tmp/tmpb9cq38e8']
[2019-03-19 12:24:02,566] {base_task_runner.py:101} INFO - Job 552: Subtask print_date [2019-03-19 12:24:02,566] {__init__.py:51} INFO - Using executor SequentialExecutor
[2019-03-19 12:24:02,800] {base_task_runner.py:101} INFO - Job 552: Subtask print_date [2019-03-19 12:24:02,799] {models.py:273} INFO - Filling up the DagBag from /home/rsandroni/airflow/dags/tutorial.py
[2019-03-19 12:24:02,816] {base_task_runner.py:101} INFO - Job 552: Subtask print_date [2019-03-19 12:24:02,816] {cli.py:520} INFO - Running <TaskInstance: tutorial.print_date 2016-02-29T00:00:00+00:00 [running]> on host IADAIRP1.globalrs.rack.space
[2019-03-19 12:24:02,829] {bash_operator.py:77} INFO - Tmp dir root location: 
 /tmp
[2019-03-19 12:24:02,829] {bash_operator.py:86} INFO - Exporting the following env vars:
AIRFLOW_CTX_DAG_ID=tutorial
AIRFLOW_CTX_TASK_ID=print_date
AIRFLOW_CTX_EXECUTION_DATE=2016-02-29T00:00:00+00:00
AIRFLOW_CTX_DAG_RUN_ID=scheduled__2016-02-29T00:00:00+00:00
[2019-03-19 12:24:02,830] {bash_operator.py:100} INFO - Temporary script location: /tmp/airflowtmpgs_194li/print_datelzzh_eie
[2019-03-19 12:24:02,830] {bash_operator.py:110} INFO - Running command: date
[2019-03-19 12:24:02,835] {bash_operator.py:119} INFO - Output:
[2019-03-19 12:24:02,837] {bash_operator.py:123} INFO - Ter Mar 19 12:24:02 -03 2019
[2019-03-19 12:24:02,837] {bash_operator.py:127} INFO - Command exited with return code 0
[2019-03-19 12:24:06,930] {logging_mixin.py:95} INFO - [2019-03-19 12:24:06,929] {jobs.py:2527} INFO - Task exited with return code 0
