[2019-03-21 20:02:36,712] {models.py:1359} INFO - Dependencies all met for <TaskInstance: tutorial.templated 2017-12-22T00:00:00+00:00 [queued]>
[2019-03-21 20:02:36,717] {models.py:1359} INFO - Dependencies all met for <TaskInstance: tutorial.templated 2017-12-22T00:00:00+00:00 [queued]>
[2019-03-21 20:02:36,717] {models.py:1571} INFO - 
--------------------------------------------------------------------------------
Starting attempt 1 of 2
--------------------------------------------------------------------------------

[2019-03-21 20:02:36,755] {models.py:1593} INFO - Executing <Task(BashOperator): templated> on 2017-12-22T00:00:00+00:00
[2019-03-21 20:02:36,755] {base_task_runner.py:118} INFO - Running: ['bash', '-c', 'airflow run tutorial templated 2017-12-22T00:00:00+00:00 --job_id 1946 --raw -sd DAGS_FOLDER/example_dags/tutorial.py --cfg_path /tmp/tmps_b0e8n5']
[2019-03-21 20:02:37,450] {base_task_runner.py:101} INFO - Job 1946: Subtask templated [2019-03-21 20:02:37,449] {__init__.py:51} INFO - Using executor SequentialExecutor
[2019-03-21 20:02:37,742] {base_task_runner.py:101} INFO - Job 1946: Subtask templated [2019-03-21 20:02:37,741] {models.py:273} INFO - Filling up the DagBag from /home/rsandroni/airflow/dags/example_dags/tutorial.py
[2019-03-21 20:02:37,805] {base_task_runner.py:101} INFO - Job 1946: Subtask templated [2019-03-21 20:02:37,805] {cli.py:520} INFO - Running <TaskInstance: tutorial.templated 2017-12-22T00:00:00+00:00 [running]> on host IADAIRP1.globalrs.rack.space
[2019-03-21 20:02:37,821] {bash_operator.py:77} INFO - Tmp dir root location: 
 /tmp
[2019-03-21 20:02:37,821] {bash_operator.py:86} INFO - Exporting the following env vars:
AIRFLOW_CTX_DAG_ID=tutorial
AIRFLOW_CTX_TASK_ID=templated
AIRFLOW_CTX_EXECUTION_DATE=2017-12-22T00:00:00+00:00
AIRFLOW_CTX_DAG_RUN_ID=scheduled__2017-12-22T00:00:00+00:00
[2019-03-21 20:02:37,822] {bash_operator.py:100} INFO - Temporary script location: /tmp/airflowtmppmw265bg/templatedpw5iskqv
[2019-03-21 20:02:37,822] {bash_operator.py:110} INFO - Running command: 

    echo "2017-12-22"
    echo "2017-12-29"
    echo "Parameter I passed in"

    echo "2017-12-22"
    echo "2017-12-29"
    echo "Parameter I passed in"

    echo "2017-12-22"
    echo "2017-12-29"
    echo "Parameter I passed in"

    echo "2017-12-22"
    echo "2017-12-29"
    echo "Parameter I passed in"

    echo "2017-12-22"
    echo "2017-12-29"
    echo "Parameter I passed in"

[2019-03-21 20:02:37,827] {bash_operator.py:119} INFO - Output:
[2019-03-21 20:02:37,829] {bash_operator.py:123} INFO - 2017-12-22
[2019-03-21 20:02:37,829] {bash_operator.py:123} INFO - 2017-12-29
[2019-03-21 20:02:37,829] {bash_operator.py:123} INFO - Parameter I passed in
[2019-03-21 20:02:37,829] {bash_operator.py:123} INFO - 2017-12-22
[2019-03-21 20:02:37,829] {bash_operator.py:123} INFO - 2017-12-29
[2019-03-21 20:02:37,829] {bash_operator.py:123} INFO - Parameter I passed in
[2019-03-21 20:02:37,829] {bash_operator.py:123} INFO - 2017-12-22
[2019-03-21 20:02:37,829] {bash_operator.py:123} INFO - 2017-12-29
[2019-03-21 20:02:37,829] {bash_operator.py:123} INFO - Parameter I passed in
[2019-03-21 20:02:37,829] {bash_operator.py:123} INFO - 2017-12-22
[2019-03-21 20:02:37,829] {bash_operator.py:123} INFO - 2017-12-29
[2019-03-21 20:02:37,829] {bash_operator.py:123} INFO - Parameter I passed in
[2019-03-21 20:02:37,829] {bash_operator.py:123} INFO - 2017-12-22
[2019-03-21 20:02:37,829] {bash_operator.py:123} INFO - 2017-12-29
[2019-03-21 20:02:37,829] {bash_operator.py:123} INFO - Parameter I passed in
[2019-03-21 20:02:37,829] {bash_operator.py:127} INFO - Command exited with return code 0
[2019-03-21 20:02:41,689] {logging_mixin.py:95} INFO - [2019-03-21 20:02:41,688] {jobs.py:2527} INFO - Task exited with return code 0
