[2019-03-21 23:55:24,645] {models.py:1359} INFO - Dependencies all met for <TaskInstance: tutorial.print_date 2018-06-20T00:00:00+00:00 [queued]>
[2019-03-21 23:55:24,648] {models.py:1359} INFO - Dependencies all met for <TaskInstance: tutorial.print_date 2018-06-20T00:00:00+00:00 [queued]>
[2019-03-21 23:55:24,648] {models.py:1571} INFO - 
--------------------------------------------------------------------------------
Starting attempt 1 of 2
--------------------------------------------------------------------------------

[2019-03-21 23:55:24,663] {models.py:1593} INFO - Executing <Task(BashOperator): print_date> on 2018-06-20T00:00:00+00:00
[2019-03-21 23:55:24,663] {base_task_runner.py:118} INFO - Running: ['bash', '-c', 'airflow run tutorial print_date 2018-06-20T00:00:00+00:00 --job_id 2304 --raw -sd DAGS_FOLDER/tutorial.py --cfg_path /tmp/tmpi_nqsd8g']
[2019-03-21 23:55:25,294] {base_task_runner.py:101} INFO - Job 2304: Subtask print_date [2019-03-21 23:55:25,293] {__init__.py:51} INFO - Using executor SequentialExecutor
[2019-03-21 23:55:25,541] {base_task_runner.py:101} INFO - Job 2304: Subtask print_date [2019-03-21 23:55:25,541] {models.py:273} INFO - Filling up the DagBag from /home/rsandroni/airflow/dags/tutorial.py
[2019-03-21 23:55:25,556] {base_task_runner.py:101} INFO - Job 2304: Subtask print_date [2019-03-21 23:55:25,556] {cli.py:520} INFO - Running <TaskInstance: tutorial.print_date 2018-06-20T00:00:00+00:00 [running]> on host IADAIRP1.globalrs.rack.space
[2019-03-21 23:55:25,569] {bash_operator.py:77} INFO - Tmp dir root location: 
 /tmp
[2019-03-21 23:55:25,570] {bash_operator.py:86} INFO - Exporting the following env vars:
AIRFLOW_CTX_DAG_ID=tutorial
AIRFLOW_CTX_TASK_ID=print_date
AIRFLOW_CTX_EXECUTION_DATE=2018-06-20T00:00:00+00:00
AIRFLOW_CTX_DAG_RUN_ID=scheduled__2018-06-20T00:00:00+00:00
[2019-03-21 23:55:25,570] {bash_operator.py:100} INFO - Temporary script location: /tmp/airflowtmpwdl2tbox/print_date98gz2292
[2019-03-21 23:55:25,570] {bash_operator.py:110} INFO - Running command: date
[2019-03-21 23:55:25,576] {bash_operator.py:119} INFO - Output:
[2019-03-21 23:55:25,578] {bash_operator.py:123} INFO - Qui Mar 21 23:55:25 -03 2019
[2019-03-21 23:55:25,578] {bash_operator.py:127} INFO - Command exited with return code 0
[2019-03-21 23:55:29,651] {logging_mixin.py:95} INFO - [2019-03-21 23:55:29,651] {jobs.py:2527} INFO - Task exited with return code 0
