[2019-03-19 12:43:14,868] {models.py:1359} INFO - Dependencies all met for <TaskInstance: tutorial.print_date 2016-04-10T00:00:00+00:00 [queued]>
[2019-03-19 12:43:14,870] {models.py:1359} INFO - Dependencies all met for <TaskInstance: tutorial.print_date 2016-04-10T00:00:00+00:00 [queued]>
[2019-03-19 12:43:14,870] {models.py:1571} INFO - 
--------------------------------------------------------------------------------
Starting attempt 1 of 2
--------------------------------------------------------------------------------

[2019-03-19 12:43:14,939] {models.py:1593} INFO - Executing <Task(BashOperator): print_date> on 2016-04-10T00:00:00+00:00
[2019-03-19 12:43:14,939] {base_task_runner.py:118} INFO - Running: ['bash', '-c', 'airflow run tutorial print_date 2016-04-10T00:00:00+00:00 --job_id 632 --raw -sd DAGS_FOLDER/sql_server_load.py --cfg_path /tmp/tmpn5lkjvfi']
[2019-03-19 12:43:16,126] {base_task_runner.py:101} INFO - Job 632: Subtask print_date [2019-03-19 12:43:16,126] {__init__.py:51} INFO - Using executor SequentialExecutor
[2019-03-19 12:43:16,614] {base_task_runner.py:101} INFO - Job 632: Subtask print_date [2019-03-19 12:43:16,613] {models.py:273} INFO - Filling up the DagBag from /home/rsandroni/airflow/dags/sql_server_load.py
[2019-03-19 12:43:16,646] {base_task_runner.py:101} INFO - Job 632: Subtask print_date [2019-03-19 12:43:16,646] {cli.py:520} INFO - Running <TaskInstance: tutorial.print_date 2016-04-10T00:00:00+00:00 [running]> on host IADAIRP1.globalrs.rack.space
[2019-03-19 12:43:16,704] {bash_operator.py:77} INFO - Tmp dir root location: 
 /tmp
[2019-03-19 12:43:16,704] {bash_operator.py:86} INFO - Exporting the following env vars:
AIRFLOW_CTX_DAG_ID=tutorial
AIRFLOW_CTX_TASK_ID=print_date
AIRFLOW_CTX_EXECUTION_DATE=2016-04-10T00:00:00+00:00
AIRFLOW_CTX_DAG_RUN_ID=scheduled__2016-04-10T00:00:00+00:00
[2019-03-19 12:43:16,704] {bash_operator.py:100} INFO - Temporary script location: /tmp/airflowtmpg4z861ck/print_datea8fu_pv5
[2019-03-19 12:43:16,704] {bash_operator.py:110} INFO - Running command: date
[2019-03-19 12:43:16,752] {bash_operator.py:119} INFO - Output:
[2019-03-19 12:43:16,775] {bash_operator.py:123} INFO - Ter Mar 19 12:43:16 -03 2019
[2019-03-19 12:43:16,776] {bash_operator.py:127} INFO - Command exited with return code 0
[2019-03-19 12:43:19,865] {logging_mixin.py:95} INFO - [2019-03-19 12:43:19,865] {jobs.py:2527} INFO - Task exited with return code 0
