[2019-03-19 11:57:18,207] {models.py:1359} INFO - Dependencies all met for <TaskInstance: tutorial.templated 2015-12-29T00:00:00+00:00 [queued]>
[2019-03-19 11:57:18,212] {models.py:1359} INFO - Dependencies all met for <TaskInstance: tutorial.templated 2015-12-29T00:00:00+00:00 [queued]>
[2019-03-19 11:57:18,212] {models.py:1571} INFO - 
--------------------------------------------------------------------------------
Starting attempt 1 of 2
--------------------------------------------------------------------------------

[2019-03-19 11:57:18,227] {models.py:1593} INFO - Executing <Task(BashOperator): templated> on 2015-12-29T00:00:00+00:00
[2019-03-19 11:57:18,227] {base_task_runner.py:118} INFO - Running: ['bash', '-c', 'airflow run tutorial templated 2015-12-29T00:00:00+00:00 --job_id 430 --raw -sd DAGS_FOLDER/sql_server_load.py --cfg_path /tmp/tmp1s_zwq0r']
[2019-03-19 11:57:18,844] {base_task_runner.py:101} INFO - Job 430: Subtask templated [2019-03-19 11:57:18,844] {__init__.py:51} INFO - Using executor SequentialExecutor
[2019-03-19 11:57:19,110] {base_task_runner.py:101} INFO - Job 430: Subtask templated [2019-03-19 11:57:19,109] {models.py:273} INFO - Filling up the DagBag from /home/rsandroni/airflow/dags/sql_server_load.py
[2019-03-19 11:57:19,129] {base_task_runner.py:101} INFO - Job 430: Subtask templated [2019-03-19 11:57:19,129] {cli.py:520} INFO - Running <TaskInstance: tutorial.templated 2015-12-29T00:00:00+00:00 [running]> on host IADAIRP1.globalrs.rack.space
[2019-03-19 11:57:19,144] {bash_operator.py:77} INFO - Tmp dir root location: 
 /tmp
[2019-03-19 11:57:19,145] {bash_operator.py:86} INFO - Exporting the following env vars:
AIRFLOW_CTX_DAG_ID=tutorial
AIRFLOW_CTX_TASK_ID=templated
AIRFLOW_CTX_EXECUTION_DATE=2015-12-29T00:00:00+00:00
AIRFLOW_CTX_DAG_RUN_ID=scheduled__2015-12-29T00:00:00+00:00
[2019-03-19 11:57:19,145] {bash_operator.py:100} INFO - Temporary script location: /tmp/airflowtmppbzuvjyr/templatedt5_tn9yz
[2019-03-19 11:57:19,145] {bash_operator.py:110} INFO - Running command: 
    
        echo "2015-12-29"
        echo "Parameter I passed in"
    
        echo "2015-12-29"
        echo "Parameter I passed in"
    
        echo "2015-12-29"
        echo "Parameter I passed in"
    
        echo "2015-12-29"
        echo "Parameter I passed in"
    
        echo "2015-12-29"
        echo "Parameter I passed in"
    
    
[2019-03-19 11:57:19,150] {bash_operator.py:119} INFO - Output:
[2019-03-19 11:57:19,152] {bash_operator.py:123} INFO - 2015-12-29
[2019-03-19 11:57:19,152] {bash_operator.py:123} INFO - Parameter I passed in
[2019-03-19 11:57:19,152] {bash_operator.py:123} INFO - 2015-12-29
[2019-03-19 11:57:19,152] {bash_operator.py:123} INFO - Parameter I passed in
[2019-03-19 11:57:19,152] {bash_operator.py:123} INFO - 2015-12-29
[2019-03-19 11:57:19,152] {bash_operator.py:123} INFO - Parameter I passed in
[2019-03-19 11:57:19,152] {bash_operator.py:123} INFO - 2015-12-29
[2019-03-19 11:57:19,152] {bash_operator.py:123} INFO - Parameter I passed in
[2019-03-19 11:57:19,152] {bash_operator.py:123} INFO - 2015-12-29
[2019-03-19 11:57:19,152] {bash_operator.py:123} INFO - Parameter I passed in
[2019-03-19 11:57:19,152] {bash_operator.py:127} INFO - Command exited with return code 0
[2019-03-19 11:57:23,205] {logging_mixin.py:95} INFO - [2019-03-19 11:57:23,205] {jobs.py:2527} INFO - Task exited with return code 0
