[2019-03-21 16:51:22,650] {jobs.py:391} INFO - Started process (PID=156623) to work on /home/rsandroni/airflow/dags/amazon_reviews.py
[2019-03-21 16:51:22,655] {jobs.py:1675} INFO - Processing file /home/rsandroni/airflow/dags/amazon_reviews.py for tasks to queue
[2019-03-21 16:51:22,656] {logging_mixin.py:95} INFO - [2019-03-21 16:51:22,656] {models.py:273} INFO - Filling up the DagBag from /home/rsandroni/airflow/dags/amazon_reviews.py
[2019-03-21 16:51:22,662] {jobs.py:1687} INFO - DAG(s) dict_keys(['amazon_reviews']) retrieved from /home/rsandroni/airflow/dags/amazon_reviews.py
[2019-03-21 16:51:22,692] {jobs.py:399} INFO - Processing /home/rsandroni/airflow/dags/amazon_reviews.py took 0.042 seconds
[2019-03-21 16:52:29,332] {jobs.py:391} INFO - Started process (PID=157650) to work on /home/rsandroni/airflow/dags/amazon_reviews.py
[2019-03-21 16:52:29,338] {jobs.py:1675} INFO - Processing file /home/rsandroni/airflow/dags/amazon_reviews.py for tasks to queue
[2019-03-21 16:52:29,338] {logging_mixin.py:95} INFO - [2019-03-21 16:52:29,338] {models.py:273} INFO - Filling up the DagBag from /home/rsandroni/airflow/dags/amazon_reviews.py
[2019-03-21 16:52:29,343] {jobs.py:1687} INFO - DAG(s) dict_keys(['amazon_reviews']) retrieved from /home/rsandroni/airflow/dags/amazon_reviews.py
[2019-03-21 16:52:29,372] {jobs.py:399} INFO - Processing /home/rsandroni/airflow/dags/amazon_reviews.py took 0.040 seconds
[2019-03-21 16:53:36,017] {jobs.py:391} INFO - Started process (PID=158636) to work on /home/rsandroni/airflow/dags/amazon_reviews.py
[2019-03-21 16:53:36,022] {jobs.py:1675} INFO - Processing file /home/rsandroni/airflow/dags/amazon_reviews.py for tasks to queue
[2019-03-21 16:53:36,022] {logging_mixin.py:95} INFO - [2019-03-21 16:53:36,022] {models.py:273} INFO - Filling up the DagBag from /home/rsandroni/airflow/dags/amazon_reviews.py
[2019-03-21 16:53:36,028] {jobs.py:1687} INFO - DAG(s) dict_keys(['amazon_reviews']) retrieved from /home/rsandroni/airflow/dags/amazon_reviews.py
[2019-03-21 16:53:36,057] {jobs.py:399} INFO - Processing /home/rsandroni/airflow/dags/amazon_reviews.py took 0.040 seconds
[2019-03-21 16:54:42,875] {jobs.py:391} INFO - Started process (PID=159663) to work on /home/rsandroni/airflow/dags/amazon_reviews.py
[2019-03-21 16:54:42,880] {jobs.py:1675} INFO - Processing file /home/rsandroni/airflow/dags/amazon_reviews.py for tasks to queue
[2019-03-21 16:54:42,880] {logging_mixin.py:95} INFO - [2019-03-21 16:54:42,880] {models.py:273} INFO - Filling up the DagBag from /home/rsandroni/airflow/dags/amazon_reviews.py
[2019-03-21 16:54:42,885] {jobs.py:1687} INFO - DAG(s) dict_keys(['amazon_reviews']) retrieved from /home/rsandroni/airflow/dags/amazon_reviews.py
[2019-03-21 16:54:42,912] {jobs.py:399} INFO - Processing /home/rsandroni/airflow/dags/amazon_reviews.py took 0.037 seconds
[2019-03-21 16:56:07,053] {jobs.py:391} INFO - Started process (PID=161086) to work on /home/rsandroni/airflow/dags/amazon_reviews.py
[2019-03-21 16:56:07,057] {jobs.py:1675} INFO - Processing file /home/rsandroni/airflow/dags/amazon_reviews.py for tasks to queue
[2019-03-21 16:56:07,057] {logging_mixin.py:95} INFO - [2019-03-21 16:56:07,057] {models.py:273} INFO - Filling up the DagBag from /home/rsandroni/airflow/dags/amazon_reviews.py
[2019-03-21 16:56:07,062] {jobs.py:1687} INFO - DAG(s) dict_keys(['amazon_reviews']) retrieved from /home/rsandroni/airflow/dags/amazon_reviews.py
[2019-03-21 16:56:07,092] {jobs.py:399} INFO - Processing /home/rsandroni/airflow/dags/amazon_reviews.py took 0.039 seconds
[2019-03-21 16:57:18,987] {jobs.py:391} INFO - Started process (PID=161965) to work on /home/rsandroni/airflow/dags/amazon_reviews.py
[2019-03-21 16:57:18,992] {jobs.py:1675} INFO - Processing file /home/rsandroni/airflow/dags/amazon_reviews.py for tasks to queue
[2019-03-21 16:57:18,992] {logging_mixin.py:95} INFO - [2019-03-21 16:57:18,992] {models.py:273} INFO - Filling up the DagBag from /home/rsandroni/airflow/dags/amazon_reviews.py
[2019-03-21 16:57:18,998] {jobs.py:1687} INFO - DAG(s) dict_keys(['amazon_reviews']) retrieved from /home/rsandroni/airflow/dags/amazon_reviews.py
[2019-03-21 16:57:19,033] {jobs.py:399} INFO - Processing /home/rsandroni/airflow/dags/amazon_reviews.py took 0.047 seconds
[2019-03-21 16:58:30,928] {jobs.py:391} INFO - Started process (PID=162872) to work on /home/rsandroni/airflow/dags/amazon_reviews.py
[2019-03-21 16:58:30,934] {jobs.py:1675} INFO - Processing file /home/rsandroni/airflow/dags/amazon_reviews.py for tasks to queue
[2019-03-21 16:58:30,934] {logging_mixin.py:95} INFO - [2019-03-21 16:58:30,934] {models.py:273} INFO - Filling up the DagBag from /home/rsandroni/airflow/dags/amazon_reviews.py
[2019-03-21 16:58:30,940] {jobs.py:1687} INFO - DAG(s) dict_keys(['amazon_reviews']) retrieved from /home/rsandroni/airflow/dags/amazon_reviews.py
[2019-03-21 16:58:30,975] {jobs.py:399} INFO - Processing /home/rsandroni/airflow/dags/amazon_reviews.py took 0.047 seconds
[2019-03-21 16:59:42,820] {jobs.py:391} INFO - Started process (PID=163757) to work on /home/rsandroni/airflow/dags/amazon_reviews.py
[2019-03-21 16:59:42,826] {jobs.py:1675} INFO - Processing file /home/rsandroni/airflow/dags/amazon_reviews.py for tasks to queue
[2019-03-21 16:59:42,826] {logging_mixin.py:95} INFO - [2019-03-21 16:59:42,826] {models.py:273} INFO - Filling up the DagBag from /home/rsandroni/airflow/dags/amazon_reviews.py
[2019-03-21 16:59:42,832] {jobs.py:1687} INFO - DAG(s) dict_keys(['amazon_reviews']) retrieved from /home/rsandroni/airflow/dags/amazon_reviews.py
[2019-03-21 16:59:42,865] {jobs.py:399} INFO - Processing /home/rsandroni/airflow/dags/amazon_reviews.py took 0.045 seconds
[2019-03-21 17:00:54,806] {jobs.py:391} INFO - Started process (PID=164651) to work on /home/rsandroni/airflow/dags/amazon_reviews.py
[2019-03-21 17:00:54,811] {jobs.py:1675} INFO - Processing file /home/rsandroni/airflow/dags/amazon_reviews.py for tasks to queue
[2019-03-21 17:00:54,812] {logging_mixin.py:95} INFO - [2019-03-21 17:00:54,812] {models.py:273} INFO - Filling up the DagBag from /home/rsandroni/airflow/dags/amazon_reviews.py
[2019-03-21 17:00:54,818] {jobs.py:1687} INFO - DAG(s) dict_keys(['amazon_reviews']) retrieved from /home/rsandroni/airflow/dags/amazon_reviews.py
[2019-03-21 17:00:54,852] {jobs.py:399} INFO - Processing /home/rsandroni/airflow/dags/amazon_reviews.py took 0.046 seconds
[2019-03-21 17:02:06,884] {jobs.py:391} INFO - Started process (PID=165574) to work on /home/rsandroni/airflow/dags/amazon_reviews.py
[2019-03-21 17:02:06,889] {jobs.py:1675} INFO - Processing file /home/rsandroni/airflow/dags/amazon_reviews.py for tasks to queue
[2019-03-21 17:02:06,889] {logging_mixin.py:95} INFO - [2019-03-21 17:02:06,889] {models.py:273} INFO - Filling up the DagBag from /home/rsandroni/airflow/dags/amazon_reviews.py
[2019-03-21 17:02:06,894] {jobs.py:1687} INFO - DAG(s) dict_keys(['amazon_reviews']) retrieved from /home/rsandroni/airflow/dags/amazon_reviews.py
[2019-03-21 17:02:06,928] {jobs.py:399} INFO - Processing /home/rsandroni/airflow/dags/amazon_reviews.py took 0.044 seconds
[2019-03-21 17:03:18,803] {jobs.py:391} INFO - Started process (PID=166561) to work on /home/rsandroni/airflow/dags/amazon_reviews.py
[2019-03-21 17:03:18,809] {jobs.py:1675} INFO - Processing file /home/rsandroni/airflow/dags/amazon_reviews.py for tasks to queue
[2019-03-21 17:03:18,809] {logging_mixin.py:95} INFO - [2019-03-21 17:03:18,809] {models.py:273} INFO - Filling up the DagBag from /home/rsandroni/airflow/dags/amazon_reviews.py
[2019-03-21 17:03:18,814] {jobs.py:1687} INFO - DAG(s) dict_keys(['amazon_reviews']) retrieved from /home/rsandroni/airflow/dags/amazon_reviews.py
[2019-03-21 17:03:18,841] {jobs.py:399} INFO - Processing /home/rsandroni/airflow/dags/amazon_reviews.py took 0.038 seconds
[2019-03-21 17:04:30,894] {jobs.py:391} INFO - Started process (PID=167605) to work on /home/rsandroni/airflow/dags/amazon_reviews.py
[2019-03-21 17:04:30,899] {jobs.py:1675} INFO - Processing file /home/rsandroni/airflow/dags/amazon_reviews.py for tasks to queue
[2019-03-21 17:04:30,899] {logging_mixin.py:95} INFO - [2019-03-21 17:04:30,899] {models.py:273} INFO - Filling up the DagBag from /home/rsandroni/airflow/dags/amazon_reviews.py
[2019-03-21 17:04:30,905] {jobs.py:1687} INFO - DAG(s) dict_keys(['amazon_reviews']) retrieved from /home/rsandroni/airflow/dags/amazon_reviews.py
[2019-03-21 17:04:30,936] {jobs.py:399} INFO - Processing /home/rsandroni/airflow/dags/amazon_reviews.py took 0.042 seconds
[2019-03-21 17:05:42,864] {jobs.py:391} INFO - Started process (PID=168489) to work on /home/rsandroni/airflow/dags/amazon_reviews.py
[2019-03-21 17:05:42,868] {jobs.py:1675} INFO - Processing file /home/rsandroni/airflow/dags/amazon_reviews.py for tasks to queue
[2019-03-21 17:05:42,869] {logging_mixin.py:95} INFO - [2019-03-21 17:05:42,868] {models.py:273} INFO - Filling up the DagBag from /home/rsandroni/airflow/dags/amazon_reviews.py
[2019-03-21 17:05:42,873] {jobs.py:1687} INFO - DAG(s) dict_keys(['amazon_reviews']) retrieved from /home/rsandroni/airflow/dags/amazon_reviews.py
[2019-03-21 17:05:42,904] {jobs.py:399} INFO - Processing /home/rsandroni/airflow/dags/amazon_reviews.py took 0.041 seconds
[2019-03-21 17:06:54,806] {jobs.py:391} INFO - Started process (PID=169396) to work on /home/rsandroni/airflow/dags/amazon_reviews.py
[2019-03-21 17:06:54,811] {jobs.py:1675} INFO - Processing file /home/rsandroni/airflow/dags/amazon_reviews.py for tasks to queue
[2019-03-21 17:06:54,811] {logging_mixin.py:95} INFO - [2019-03-21 17:06:54,811] {models.py:273} INFO - Filling up the DagBag from /home/rsandroni/airflow/dags/amazon_reviews.py
[2019-03-21 17:06:54,818] {jobs.py:1687} INFO - DAG(s) dict_keys(['amazon_reviews']) retrieved from /home/rsandroni/airflow/dags/amazon_reviews.py
[2019-03-21 17:06:54,853] {jobs.py:399} INFO - Processing /home/rsandroni/airflow/dags/amazon_reviews.py took 0.047 seconds
[2019-03-21 17:08:06,857] {jobs.py:391} INFO - Started process (PID=170361) to work on /home/rsandroni/airflow/dags/amazon_reviews.py
[2019-03-21 17:08:06,861] {jobs.py:1675} INFO - Processing file /home/rsandroni/airflow/dags/amazon_reviews.py for tasks to queue
[2019-03-21 17:08:06,861] {logging_mixin.py:95} INFO - [2019-03-21 17:08:06,861] {models.py:273} INFO - Filling up the DagBag from /home/rsandroni/airflow/dags/amazon_reviews.py
[2019-03-21 17:08:06,867] {jobs.py:1687} INFO - DAG(s) dict_keys(['amazon_reviews']) retrieved from /home/rsandroni/airflow/dags/amazon_reviews.py
[2019-03-21 17:08:06,894] {jobs.py:399} INFO - Processing /home/rsandroni/airflow/dags/amazon_reviews.py took 0.037 seconds
[2019-03-21 17:09:18,737] {jobs.py:391} INFO - Started process (PID=171396) to work on /home/rsandroni/airflow/dags/amazon_reviews.py
[2019-03-21 17:09:18,742] {jobs.py:1675} INFO - Processing file /home/rsandroni/airflow/dags/amazon_reviews.py for tasks to queue
[2019-03-21 17:09:18,743] {logging_mixin.py:95} INFO - [2019-03-21 17:09:18,743] {models.py:273} INFO - Filling up the DagBag from /home/rsandroni/airflow/dags/amazon_reviews.py
[2019-03-21 17:09:18,749] {jobs.py:1687} INFO - DAG(s) dict_keys(['amazon_reviews']) retrieved from /home/rsandroni/airflow/dags/amazon_reviews.py
[2019-03-21 17:09:18,778] {jobs.py:399} INFO - Processing /home/rsandroni/airflow/dags/amazon_reviews.py took 0.041 seconds
[2019-03-21 17:10:30,677] {jobs.py:391} INFO - Started process (PID=172304) to work on /home/rsandroni/airflow/dags/amazon_reviews.py
[2019-03-21 17:10:30,682] {jobs.py:1675} INFO - Processing file /home/rsandroni/airflow/dags/amazon_reviews.py for tasks to queue
[2019-03-21 17:10:30,683] {logging_mixin.py:95} INFO - [2019-03-21 17:10:30,683] {models.py:273} INFO - Filling up the DagBag from /home/rsandroni/airflow/dags/amazon_reviews.py
[2019-03-21 17:10:30,688] {jobs.py:1687} INFO - DAG(s) dict_keys(['amazon_reviews']) retrieved from /home/rsandroni/airflow/dags/amazon_reviews.py
[2019-03-21 17:10:30,716] {jobs.py:399} INFO - Processing /home/rsandroni/airflow/dags/amazon_reviews.py took 0.039 seconds
[2019-03-21 17:11:42,642] {jobs.py:391} INFO - Started process (PID=173267) to work on /home/rsandroni/airflow/dags/amazon_reviews.py
[2019-03-21 17:11:42,647] {jobs.py:1675} INFO - Processing file /home/rsandroni/airflow/dags/amazon_reviews.py for tasks to queue
[2019-03-21 17:11:42,648] {logging_mixin.py:95} INFO - [2019-03-21 17:11:42,648] {models.py:273} INFO - Filling up the DagBag from /home/rsandroni/airflow/dags/amazon_reviews.py
[2019-03-21 17:11:42,654] {jobs.py:1687} INFO - DAG(s) dict_keys(['amazon_reviews']) retrieved from /home/rsandroni/airflow/dags/amazon_reviews.py
[2019-03-21 17:11:42,685] {jobs.py:399} INFO - Processing /home/rsandroni/airflow/dags/amazon_reviews.py took 0.043 seconds
[2019-03-21 17:12:54,647] {jobs.py:391} INFO - Started process (PID=174151) to work on /home/rsandroni/airflow/dags/amazon_reviews.py
[2019-03-21 17:12:54,653] {jobs.py:1675} INFO - Processing file /home/rsandroni/airflow/dags/amazon_reviews.py for tasks to queue
[2019-03-21 17:12:54,653] {logging_mixin.py:95} INFO - [2019-03-21 17:12:54,653] {models.py:273} INFO - Filling up the DagBag from /home/rsandroni/airflow/dags/amazon_reviews.py
[2019-03-21 17:12:54,659] {jobs.py:1687} INFO - DAG(s) dict_keys(['amazon_reviews']) retrieved from /home/rsandroni/airflow/dags/amazon_reviews.py
[2019-03-21 17:12:54,689] {jobs.py:399} INFO - Processing /home/rsandroni/airflow/dags/amazon_reviews.py took 0.042 seconds
[2019-03-21 17:14:06,553] {jobs.py:391} INFO - Started process (PID=175034) to work on /home/rsandroni/airflow/dags/amazon_reviews.py
[2019-03-21 17:14:06,559] {jobs.py:1675} INFO - Processing file /home/rsandroni/airflow/dags/amazon_reviews.py for tasks to queue
[2019-03-21 17:14:06,559] {logging_mixin.py:95} INFO - [2019-03-21 17:14:06,559] {models.py:273} INFO - Filling up the DagBag from /home/rsandroni/airflow/dags/amazon_reviews.py
[2019-03-21 17:14:06,566] {jobs.py:1687} INFO - DAG(s) dict_keys(['amazon_reviews']) retrieved from /home/rsandroni/airflow/dags/amazon_reviews.py
[2019-03-21 17:14:06,597] {jobs.py:399} INFO - Processing /home/rsandroni/airflow/dags/amazon_reviews.py took 0.044 seconds
[2019-03-21 17:15:18,505] {jobs.py:391} INFO - Started process (PID=175941) to work on /home/rsandroni/airflow/dags/amazon_reviews.py
[2019-03-21 17:15:18,511] {jobs.py:1675} INFO - Processing file /home/rsandroni/airflow/dags/amazon_reviews.py for tasks to queue
[2019-03-21 17:15:18,511] {logging_mixin.py:95} INFO - [2019-03-21 17:15:18,511] {models.py:273} INFO - Filling up the DagBag from /home/rsandroni/airflow/dags/amazon_reviews.py
[2019-03-21 17:15:18,518] {jobs.py:1687} INFO - DAG(s) dict_keys(['amazon_reviews']) retrieved from /home/rsandroni/airflow/dags/amazon_reviews.py
[2019-03-21 17:15:18,549] {jobs.py:399} INFO - Processing /home/rsandroni/airflow/dags/amazon_reviews.py took 0.044 seconds
[2019-03-21 17:16:30,425] {jobs.py:391} INFO - Started process (PID=176876) to work on /home/rsandroni/airflow/dags/amazon_reviews.py
[2019-03-21 17:16:30,429] {jobs.py:1675} INFO - Processing file /home/rsandroni/airflow/dags/amazon_reviews.py for tasks to queue
[2019-03-21 17:16:30,430] {logging_mixin.py:95} INFO - [2019-03-21 17:16:30,430] {models.py:273} INFO - Filling up the DagBag from /home/rsandroni/airflow/dags/amazon_reviews.py
[2019-03-21 17:16:30,434] {jobs.py:1687} INFO - DAG(s) dict_keys(['amazon_reviews']) retrieved from /home/rsandroni/airflow/dags/amazon_reviews.py
[2019-03-21 17:16:30,463] {jobs.py:399} INFO - Processing /home/rsandroni/airflow/dags/amazon_reviews.py took 0.039 seconds
[2019-03-21 17:17:42,326] {jobs.py:391} INFO - Started process (PID=177782) to work on /home/rsandroni/airflow/dags/amazon_reviews.py
[2019-03-21 17:17:42,333] {jobs.py:1675} INFO - Processing file /home/rsandroni/airflow/dags/amazon_reviews.py for tasks to queue
[2019-03-21 17:17:42,333] {logging_mixin.py:95} INFO - [2019-03-21 17:17:42,333] {models.py:273} INFO - Filling up the DagBag from /home/rsandroni/airflow/dags/amazon_reviews.py
[2019-03-21 17:17:42,338] {jobs.py:1687} INFO - DAG(s) dict_keys(['amazon_reviews']) retrieved from /home/rsandroni/airflow/dags/amazon_reviews.py
[2019-03-21 17:17:42,373] {jobs.py:399} INFO - Processing /home/rsandroni/airflow/dags/amazon_reviews.py took 0.047 seconds
[2019-03-21 17:18:54,210] {jobs.py:391} INFO - Started process (PID=178689) to work on /home/rsandroni/airflow/dags/amazon_reviews.py
[2019-03-21 17:18:54,217] {jobs.py:1675} INFO - Processing file /home/rsandroni/airflow/dags/amazon_reviews.py for tasks to queue
[2019-03-21 17:18:54,218] {logging_mixin.py:95} INFO - [2019-03-21 17:18:54,218] {models.py:273} INFO - Filling up the DagBag from /home/rsandroni/airflow/dags/amazon_reviews.py
[2019-03-21 17:18:54,225] {jobs.py:1687} INFO - DAG(s) dict_keys(['amazon_reviews']) retrieved from /home/rsandroni/airflow/dags/amazon_reviews.py
[2019-03-21 17:18:54,282] {jobs.py:399} INFO - Processing /home/rsandroni/airflow/dags/amazon_reviews.py took 0.072 seconds
[2019-03-21 17:20:06,127] {jobs.py:391} INFO - Started process (PID=179572) to work on /home/rsandroni/airflow/dags/amazon_reviews.py
[2019-03-21 17:20:06,133] {jobs.py:1675} INFO - Processing file /home/rsandroni/airflow/dags/amazon_reviews.py for tasks to queue
[2019-03-21 17:20:06,134] {logging_mixin.py:95} INFO - [2019-03-21 17:20:06,134] {models.py:273} INFO - Filling up the DagBag from /home/rsandroni/airflow/dags/amazon_reviews.py
[2019-03-21 17:20:06,139] {jobs.py:1687} INFO - DAG(s) dict_keys(['amazon_reviews']) retrieved from /home/rsandroni/airflow/dags/amazon_reviews.py
[2019-03-21 17:20:06,172] {jobs.py:399} INFO - Processing /home/rsandroni/airflow/dags/amazon_reviews.py took 0.045 seconds
[2019-03-21 17:21:18,286] {jobs.py:391} INFO - Started process (PID=180457) to work on /home/rsandroni/airflow/dags/amazon_reviews.py
[2019-03-21 17:21:18,291] {jobs.py:1675} INFO - Processing file /home/rsandroni/airflow/dags/amazon_reviews.py for tasks to queue
[2019-03-21 17:21:18,291] {logging_mixin.py:95} INFO - [2019-03-21 17:21:18,291] {models.py:273} INFO - Filling up the DagBag from /home/rsandroni/airflow/dags/amazon_reviews.py
[2019-03-21 17:21:18,298] {jobs.py:1687} INFO - DAG(s) dict_keys(['amazon_reviews']) retrieved from /home/rsandroni/airflow/dags/amazon_reviews.py
[2019-03-21 17:21:18,327] {jobs.py:399} INFO - Processing /home/rsandroni/airflow/dags/amazon_reviews.py took 0.041 seconds
[2019-03-21 17:22:30,273] {jobs.py:391} INFO - Started process (PID=181341) to work on /home/rsandroni/airflow/dags/amazon_reviews.py
[2019-03-21 17:22:30,278] {jobs.py:1675} INFO - Processing file /home/rsandroni/airflow/dags/amazon_reviews.py for tasks to queue
[2019-03-21 17:22:30,279] {logging_mixin.py:95} INFO - [2019-03-21 17:22:30,278] {models.py:273} INFO - Filling up the DagBag from /home/rsandroni/airflow/dags/amazon_reviews.py
[2019-03-21 17:22:30,284] {jobs.py:1687} INFO - DAG(s) dict_keys(['amazon_reviews']) retrieved from /home/rsandroni/airflow/dags/amazon_reviews.py
[2019-03-21 17:22:30,322] {jobs.py:399} INFO - Processing /home/rsandroni/airflow/dags/amazon_reviews.py took 0.049 seconds
[2019-03-21 17:23:42,200] {jobs.py:391} INFO - Started process (PID=182249) to work on /home/rsandroni/airflow/dags/amazon_reviews.py
[2019-03-21 17:23:42,206] {jobs.py:1675} INFO - Processing file /home/rsandroni/airflow/dags/amazon_reviews.py for tasks to queue
[2019-03-21 17:23:42,206] {logging_mixin.py:95} INFO - [2019-03-21 17:23:42,206] {models.py:273} INFO - Filling up the DagBag from /home/rsandroni/airflow/dags/amazon_reviews.py
[2019-03-21 17:23:42,212] {jobs.py:1687} INFO - DAG(s) dict_keys(['amazon_reviews']) retrieved from /home/rsandroni/airflow/dags/amazon_reviews.py
[2019-03-21 17:23:42,244] {jobs.py:399} INFO - Processing /home/rsandroni/airflow/dags/amazon_reviews.py took 0.045 seconds
[2019-03-21 17:24:54,242] {jobs.py:391} INFO - Started process (PID=183132) to work on /home/rsandroni/airflow/dags/amazon_reviews.py
[2019-03-21 17:24:54,247] {jobs.py:1675} INFO - Processing file /home/rsandroni/airflow/dags/amazon_reviews.py for tasks to queue
[2019-03-21 17:24:54,247] {logging_mixin.py:95} INFO - [2019-03-21 17:24:54,247] {models.py:273} INFO - Filling up the DagBag from /home/rsandroni/airflow/dags/amazon_reviews.py
[2019-03-21 17:24:54,253] {jobs.py:1687} INFO - DAG(s) dict_keys(['amazon_reviews']) retrieved from /home/rsandroni/airflow/dags/amazon_reviews.py
[2019-03-21 17:24:54,294] {jobs.py:399} INFO - Processing /home/rsandroni/airflow/dags/amazon_reviews.py took 0.053 seconds
[2019-03-21 17:26:09,206] {jobs.py:391} INFO - Started process (PID=185369) to work on /home/rsandroni/airflow/dags/amazon_reviews.py
[2019-03-21 17:26:09,212] {jobs.py:1675} INFO - Processing file /home/rsandroni/airflow/dags/amazon_reviews.py for tasks to queue
[2019-03-21 17:26:09,213] {logging_mixin.py:95} INFO - [2019-03-21 17:26:09,213] {models.py:273} INFO - Filling up the DagBag from /home/rsandroni/airflow/dags/amazon_reviews.py
[2019-03-21 17:26:09,218] {jobs.py:1687} INFO - DAG(s) dict_keys(['amazon_reviews']) retrieved from /home/rsandroni/airflow/dags/amazon_reviews.py
[2019-03-21 17:26:09,299] {jobs.py:399} INFO - Processing /home/rsandroni/airflow/dags/amazon_reviews.py took 0.093 seconds
[2019-03-21 17:27:47,021] {jobs.py:391} INFO - Started process (PID=188091) to work on /home/rsandroni/airflow/dags/amazon_reviews.py
[2019-03-21 17:27:47,026] {jobs.py:1675} INFO - Processing file /home/rsandroni/airflow/dags/amazon_reviews.py for tasks to queue
[2019-03-21 17:27:47,026] {logging_mixin.py:95} INFO - [2019-03-21 17:27:47,026] {models.py:273} INFO - Filling up the DagBag from /home/rsandroni/airflow/dags/amazon_reviews.py
[2019-03-21 17:27:47,033] {jobs.py:1687} INFO - DAG(s) dict_keys(['amazon_reviews']) retrieved from /home/rsandroni/airflow/dags/amazon_reviews.py
[2019-03-21 17:27:47,061] {jobs.py:399} INFO - Processing /home/rsandroni/airflow/dags/amazon_reviews.py took 0.040 seconds
[2019-03-21 17:29:01,342] {jobs.py:391} INFO - Started process (PID=190840) to work on /home/rsandroni/airflow/dags/amazon_reviews.py
[2019-03-21 17:29:01,371] {jobs.py:1675} INFO - Processing file /home/rsandroni/airflow/dags/amazon_reviews.py for tasks to queue
[2019-03-21 17:29:01,371] {logging_mixin.py:95} INFO - [2019-03-21 17:29:01,371] {models.py:273} INFO - Filling up the DagBag from /home/rsandroni/airflow/dags/amazon_reviews.py
[2019-03-21 17:29:01,376] {jobs.py:1687} INFO - DAG(s) dict_keys(['amazon_reviews']) retrieved from /home/rsandroni/airflow/dags/amazon_reviews.py
[2019-03-21 17:29:01,417] {jobs.py:399} INFO - Processing /home/rsandroni/airflow/dags/amazon_reviews.py took 0.075 seconds
[2019-03-21 17:30:22,764] {jobs.py:391} INFO - Started process (PID=193638) to work on /home/rsandroni/airflow/dags/amazon_reviews.py
[2019-03-21 17:30:22,770] {jobs.py:1675} INFO - Processing file /home/rsandroni/airflow/dags/amazon_reviews.py for tasks to queue
[2019-03-21 17:30:22,771] {logging_mixin.py:95} INFO - [2019-03-21 17:30:22,770] {models.py:273} INFO - Filling up the DagBag from /home/rsandroni/airflow/dags/amazon_reviews.py
[2019-03-21 17:30:22,777] {jobs.py:1687} INFO - DAG(s) dict_keys(['amazon_reviews']) retrieved from /home/rsandroni/airflow/dags/amazon_reviews.py
[2019-03-21 17:30:22,856] {jobs.py:399} INFO - Processing /home/rsandroni/airflow/dags/amazon_reviews.py took 0.092 seconds
[2019-03-21 17:31:37,443] {jobs.py:391} INFO - Started process (PID=196787) to work on /home/rsandroni/airflow/dags/amazon_reviews.py
[2019-03-21 17:31:37,490] {jobs.py:1675} INFO - Processing file /home/rsandroni/airflow/dags/amazon_reviews.py for tasks to queue
[2019-03-21 17:31:37,491] {logging_mixin.py:95} INFO - [2019-03-21 17:31:37,490] {models.py:273} INFO - Filling up the DagBag from /home/rsandroni/airflow/dags/amazon_reviews.py
[2019-03-21 17:31:37,508] {jobs.py:1687} INFO - DAG(s) dict_keys(['amazon_reviews']) retrieved from /home/rsandroni/airflow/dags/amazon_reviews.py
[2019-03-21 17:31:37,633] {jobs.py:399} INFO - Processing /home/rsandroni/airflow/dags/amazon_reviews.py took 0.190 seconds
[2019-03-21 17:33:05,899] {jobs.py:391} INFO - Started process (PID=199442) to work on /home/rsandroni/airflow/dags/amazon_reviews.py
[2019-03-21 17:33:05,907] {jobs.py:1675} INFO - Processing file /home/rsandroni/airflow/dags/amazon_reviews.py for tasks to queue
[2019-03-21 17:33:05,907] {logging_mixin.py:95} INFO - [2019-03-21 17:33:05,907] {models.py:273} INFO - Filling up the DagBag from /home/rsandroni/airflow/dags/amazon_reviews.py
[2019-03-21 17:33:05,913] {jobs.py:1687} INFO - DAG(s) dict_keys(['amazon_reviews']) retrieved from /home/rsandroni/airflow/dags/amazon_reviews.py
[2019-03-21 17:33:06,027] {jobs.py:399} INFO - Processing /home/rsandroni/airflow/dags/amazon_reviews.py took 0.128 seconds
[2019-03-21 17:34:25,230] {jobs.py:391} INFO - Started process (PID=202497) to work on /home/rsandroni/airflow/dags/amazon_reviews.py
[2019-03-21 17:34:25,279] {jobs.py:1675} INFO - Processing file /home/rsandroni/airflow/dags/amazon_reviews.py for tasks to queue
[2019-03-21 17:34:25,280] {logging_mixin.py:95} INFO - [2019-03-21 17:34:25,280] {models.py:273} INFO - Filling up the DagBag from /home/rsandroni/airflow/dags/amazon_reviews.py
[2019-03-21 17:34:25,289] {jobs.py:1687} INFO - DAG(s) dict_keys(['amazon_reviews']) retrieved from /home/rsandroni/airflow/dags/amazon_reviews.py
[2019-03-21 17:34:25,437] {jobs.py:399} INFO - Processing /home/rsandroni/airflow/dags/amazon_reviews.py took 0.207 seconds
[2019-03-21 17:35:48,172] {jobs.py:391} INFO - Started process (PID=205078) to work on /home/rsandroni/airflow/dags/amazon_reviews.py
[2019-03-21 17:35:48,220] {jobs.py:1675} INFO - Processing file /home/rsandroni/airflow/dags/amazon_reviews.py for tasks to queue
[2019-03-21 17:35:48,220] {logging_mixin.py:95} INFO - [2019-03-21 17:35:48,220] {models.py:273} INFO - Filling up the DagBag from /home/rsandroni/airflow/dags/amazon_reviews.py
[2019-03-21 17:35:48,329] {jobs.py:1687} INFO - DAG(s) dict_keys(['amazon_reviews']) retrieved from /home/rsandroni/airflow/dags/amazon_reviews.py
[2019-03-21 17:35:48,407] {jobs.py:399} INFO - Processing /home/rsandroni/airflow/dags/amazon_reviews.py took 0.236 seconds
[2019-03-21 17:37:05,410] {jobs.py:391} INFO - Started process (PID=208029) to work on /home/rsandroni/airflow/dags/amazon_reviews.py
[2019-03-21 17:37:05,448] {jobs.py:1675} INFO - Processing file /home/rsandroni/airflow/dags/amazon_reviews.py for tasks to queue
[2019-03-21 17:37:05,448] {logging_mixin.py:95} INFO - [2019-03-21 17:37:05,448] {models.py:273} INFO - Filling up the DagBag from /home/rsandroni/airflow/dags/amazon_reviews.py
[2019-03-21 17:37:05,454] {jobs.py:1687} INFO - DAG(s) dict_keys(['amazon_reviews']) retrieved from /home/rsandroni/airflow/dags/amazon_reviews.py
[2019-03-21 17:37:05,548] {jobs.py:399} INFO - Processing /home/rsandroni/airflow/dags/amazon_reviews.py took 0.138 seconds
[2019-03-21 17:38:26,097] {jobs.py:391} INFO - Started process (PID=210732) to work on /home/rsandroni/airflow/dags/amazon_reviews.py
[2019-03-21 17:38:26,139] {jobs.py:1675} INFO - Processing file /home/rsandroni/airflow/dags/amazon_reviews.py for tasks to queue
[2019-03-21 17:38:26,139] {logging_mixin.py:95} INFO - [2019-03-21 17:38:26,139] {models.py:273} INFO - Filling up the DagBag from /home/rsandroni/airflow/dags/amazon_reviews.py
[2019-03-21 17:38:26,145] {jobs.py:1687} INFO - DAG(s) dict_keys(['amazon_reviews']) retrieved from /home/rsandroni/airflow/dags/amazon_reviews.py
[2019-03-21 17:38:26,220] {jobs.py:399} INFO - Processing /home/rsandroni/airflow/dags/amazon_reviews.py took 0.122 seconds
[2019-03-21 17:39:43,363] {jobs.py:391} INFO - Started process (PID=213654) to work on /home/rsandroni/airflow/dags/amazon_reviews.py
[2019-03-21 17:39:43,369] {jobs.py:1675} INFO - Processing file /home/rsandroni/airflow/dags/amazon_reviews.py for tasks to queue
[2019-03-21 17:39:43,369] {logging_mixin.py:95} INFO - [2019-03-21 17:39:43,369] {models.py:273} INFO - Filling up the DagBag from /home/rsandroni/airflow/dags/amazon_reviews.py
[2019-03-21 17:39:43,376] {jobs.py:1687} INFO - DAG(s) dict_keys(['amazon_reviews']) retrieved from /home/rsandroni/airflow/dags/amazon_reviews.py
[2019-03-21 17:39:43,466] {jobs.py:399} INFO - Processing /home/rsandroni/airflow/dags/amazon_reviews.py took 0.103 seconds
[2019-03-21 17:41:01,560] {jobs.py:391} INFO - Started process (PID=216216) to work on /home/rsandroni/airflow/dags/amazon_reviews.py
[2019-03-21 17:41:01,609] {jobs.py:1675} INFO - Processing file /home/rsandroni/airflow/dags/amazon_reviews.py for tasks to queue
[2019-03-21 17:41:01,609] {logging_mixin.py:95} INFO - [2019-03-21 17:41:01,609] {models.py:273} INFO - Filling up the DagBag from /home/rsandroni/airflow/dags/amazon_reviews.py
[2019-03-21 17:41:01,615] {jobs.py:1687} INFO - DAG(s) dict_keys(['amazon_reviews']) retrieved from /home/rsandroni/airflow/dags/amazon_reviews.py
[2019-03-21 17:41:01,715] {jobs.py:399} INFO - Processing /home/rsandroni/airflow/dags/amazon_reviews.py took 0.156 seconds
[2019-03-21 17:42:19,229] {jobs.py:391} INFO - Started process (PID=219339) to work on /home/rsandroni/airflow/dags/amazon_reviews.py
[2019-03-21 17:42:19,265] {jobs.py:1675} INFO - Processing file /home/rsandroni/airflow/dags/amazon_reviews.py for tasks to queue
[2019-03-21 17:42:19,266] {logging_mixin.py:95} INFO - [2019-03-21 17:42:19,266] {models.py:273} INFO - Filling up the DagBag from /home/rsandroni/airflow/dags/amazon_reviews.py
[2019-03-21 17:42:19,271] {jobs.py:1687} INFO - DAG(s) dict_keys(['amazon_reviews']) retrieved from /home/rsandroni/airflow/dags/amazon_reviews.py
[2019-03-21 17:42:19,356] {jobs.py:399} INFO - Processing /home/rsandroni/airflow/dags/amazon_reviews.py took 0.127 seconds
[2019-03-21 17:43:41,513] {jobs.py:391} INFO - Started process (PID=222254) to work on /home/rsandroni/airflow/dags/amazon_reviews.py
[2019-03-21 17:43:41,538] {jobs.py:1675} INFO - Processing file /home/rsandroni/airflow/dags/amazon_reviews.py for tasks to queue
[2019-03-21 17:43:41,538] {logging_mixin.py:95} INFO - [2019-03-21 17:43:41,538] {models.py:273} INFO - Filling up the DagBag from /home/rsandroni/airflow/dags/amazon_reviews.py
[2019-03-21 17:43:41,544] {jobs.py:1687} INFO - DAG(s) dict_keys(['amazon_reviews']) retrieved from /home/rsandroni/airflow/dags/amazon_reviews.py
[2019-03-21 17:43:41,619] {jobs.py:399} INFO - Processing /home/rsandroni/airflow/dags/amazon_reviews.py took 0.107 seconds
[2019-03-21 17:45:00,023] {jobs.py:391} INFO - Started process (PID=225332) to work on /home/rsandroni/airflow/dags/amazon_reviews.py
[2019-03-21 17:45:00,029] {jobs.py:1675} INFO - Processing file /home/rsandroni/airflow/dags/amazon_reviews.py for tasks to queue
[2019-03-21 17:45:00,029] {logging_mixin.py:95} INFO - [2019-03-21 17:45:00,029] {models.py:273} INFO - Filling up the DagBag from /home/rsandroni/airflow/dags/amazon_reviews.py
[2019-03-21 17:45:00,034] {jobs.py:1687} INFO - DAG(s) dict_keys(['amazon_reviews']) retrieved from /home/rsandroni/airflow/dags/amazon_reviews.py
[2019-03-21 17:45:00,064] {jobs.py:399} INFO - Processing /home/rsandroni/airflow/dags/amazon_reviews.py took 0.042 seconds
[2019-03-21 17:46:20,212] {jobs.py:391} INFO - Started process (PID=228586) to work on /home/rsandroni/airflow/dags/amazon_reviews.py
[2019-03-21 17:46:20,260] {jobs.py:1675} INFO - Processing file /home/rsandroni/airflow/dags/amazon_reviews.py for tasks to queue
[2019-03-21 17:46:20,260] {logging_mixin.py:95} INFO - [2019-03-21 17:46:20,260] {models.py:273} INFO - Filling up the DagBag from /home/rsandroni/airflow/dags/amazon_reviews.py
[2019-03-21 17:46:20,266] {jobs.py:1687} INFO - DAG(s) dict_keys(['amazon_reviews']) retrieved from /home/rsandroni/airflow/dags/amazon_reviews.py
[2019-03-21 17:46:20,392] {jobs.py:399} INFO - Processing /home/rsandroni/airflow/dags/amazon_reviews.py took 0.180 seconds
[2019-03-21 17:47:40,947] {jobs.py:391} INFO - Started process (PID=231443) to work on /home/rsandroni/airflow/dags/amazon_reviews.py
[2019-03-21 17:47:40,994] {jobs.py:1675} INFO - Processing file /home/rsandroni/airflow/dags/amazon_reviews.py for tasks to queue
[2019-03-21 17:47:40,994] {logging_mixin.py:95} INFO - [2019-03-21 17:47:40,994] {models.py:273} INFO - Filling up the DagBag from /home/rsandroni/airflow/dags/amazon_reviews.py
[2019-03-21 17:47:41,000] {jobs.py:1687} INFO - DAG(s) dict_keys(['amazon_reviews']) retrieved from /home/rsandroni/airflow/dags/amazon_reviews.py
[2019-03-21 17:47:41,122] {jobs.py:399} INFO - Processing /home/rsandroni/airflow/dags/amazon_reviews.py took 0.175 seconds
[2019-03-21 17:49:02,697] {jobs.py:391} INFO - Started process (PID=234393) to work on /home/rsandroni/airflow/dags/amazon_reviews.py
[2019-03-21 17:49:02,732] {jobs.py:1675} INFO - Processing file /home/rsandroni/airflow/dags/amazon_reviews.py for tasks to queue
[2019-03-21 17:49:02,732] {logging_mixin.py:95} INFO - [2019-03-21 17:49:02,732] {models.py:273} INFO - Filling up the DagBag from /home/rsandroni/airflow/dags/amazon_reviews.py
[2019-03-21 17:49:02,738] {jobs.py:1687} INFO - DAG(s) dict_keys(['amazon_reviews']) retrieved from /home/rsandroni/airflow/dags/amazon_reviews.py
[2019-03-21 17:49:02,834] {jobs.py:399} INFO - Processing /home/rsandroni/airflow/dags/amazon_reviews.py took 0.137 seconds
[2019-03-21 17:50:17,986] {jobs.py:391} INFO - Started process (PID=236125) to work on /home/rsandroni/airflow/dags/amazon_reviews.py
[2019-03-21 17:50:17,991] {jobs.py:1675} INFO - Processing file /home/rsandroni/airflow/dags/amazon_reviews.py for tasks to queue
[2019-03-21 17:50:17,992] {logging_mixin.py:95} INFO - [2019-03-21 17:50:17,992] {models.py:273} INFO - Filling up the DagBag from /home/rsandroni/airflow/dags/amazon_reviews.py
[2019-03-21 17:50:17,997] {jobs.py:1687} INFO - DAG(s) dict_keys(['amazon_reviews']) retrieved from /home/rsandroni/airflow/dags/amazon_reviews.py
[2019-03-21 17:50:18,026] {jobs.py:399} INFO - Processing /home/rsandroni/airflow/dags/amazon_reviews.py took 0.041 seconds
[2019-03-21 17:51:29,888] {jobs.py:391} INFO - Started process (PID=237013) to work on /home/rsandroni/airflow/dags/amazon_reviews.py
[2019-03-21 17:51:29,894] {jobs.py:1675} INFO - Processing file /home/rsandroni/airflow/dags/amazon_reviews.py for tasks to queue
[2019-03-21 17:51:29,895] {logging_mixin.py:95} INFO - [2019-03-21 17:51:29,894] {models.py:273} INFO - Filling up the DagBag from /home/rsandroni/airflow/dags/amazon_reviews.py
[2019-03-21 17:51:29,902] {jobs.py:1687} INFO - DAG(s) dict_keys(['amazon_reviews']) retrieved from /home/rsandroni/airflow/dags/amazon_reviews.py
[2019-03-21 17:51:29,935] {jobs.py:399} INFO - Processing /home/rsandroni/airflow/dags/amazon_reviews.py took 0.047 seconds
[2019-03-21 17:52:41,811] {jobs.py:391} INFO - Started process (PID=237899) to work on /home/rsandroni/airflow/dags/amazon_reviews.py
[2019-03-21 17:52:41,817] {jobs.py:1675} INFO - Processing file /home/rsandroni/airflow/dags/amazon_reviews.py for tasks to queue
[2019-03-21 17:52:41,817] {logging_mixin.py:95} INFO - [2019-03-21 17:52:41,817] {models.py:273} INFO - Filling up the DagBag from /home/rsandroni/airflow/dags/amazon_reviews.py
[2019-03-21 17:52:41,823] {jobs.py:1687} INFO - DAG(s) dict_keys(['amazon_reviews']) retrieved from /home/rsandroni/airflow/dags/amazon_reviews.py
[2019-03-21 17:52:41,857] {jobs.py:399} INFO - Processing /home/rsandroni/airflow/dags/amazon_reviews.py took 0.045 seconds
[2019-03-21 17:53:53,823] {jobs.py:391} INFO - Started process (PID=238811) to work on /home/rsandroni/airflow/dags/amazon_reviews.py
[2019-03-21 17:53:53,829] {jobs.py:1675} INFO - Processing file /home/rsandroni/airflow/dags/amazon_reviews.py for tasks to queue
[2019-03-21 17:53:53,829] {logging_mixin.py:95} INFO - [2019-03-21 17:53:53,829] {models.py:273} INFO - Filling up the DagBag from /home/rsandroni/airflow/dags/amazon_reviews.py
[2019-03-21 17:53:53,836] {jobs.py:1687} INFO - DAG(s) dict_keys(['amazon_reviews']) retrieved from /home/rsandroni/airflow/dags/amazon_reviews.py
[2019-03-21 17:53:53,867] {jobs.py:399} INFO - Processing /home/rsandroni/airflow/dags/amazon_reviews.py took 0.044 seconds
[2019-03-21 17:55:05,843] {jobs.py:391} INFO - Started process (PID=239699) to work on /home/rsandroni/airflow/dags/amazon_reviews.py
[2019-03-21 17:55:05,849] {jobs.py:1675} INFO - Processing file /home/rsandroni/airflow/dags/amazon_reviews.py for tasks to queue
[2019-03-21 17:55:05,849] {logging_mixin.py:95} INFO - [2019-03-21 17:55:05,849] {models.py:273} INFO - Filling up the DagBag from /home/rsandroni/airflow/dags/amazon_reviews.py
[2019-03-21 17:55:05,856] {jobs.py:1687} INFO - DAG(s) dict_keys(['amazon_reviews']) retrieved from /home/rsandroni/airflow/dags/amazon_reviews.py
[2019-03-21 17:55:05,892] {jobs.py:399} INFO - Processing /home/rsandroni/airflow/dags/amazon_reviews.py took 0.050 seconds
[2019-03-21 17:56:17,862] {jobs.py:391} INFO - Started process (PID=240586) to work on /home/rsandroni/airflow/dags/amazon_reviews.py
[2019-03-21 17:56:17,866] {jobs.py:1675} INFO - Processing file /home/rsandroni/airflow/dags/amazon_reviews.py for tasks to queue
[2019-03-21 17:56:17,867] {logging_mixin.py:95} INFO - [2019-03-21 17:56:17,867] {models.py:273} INFO - Filling up the DagBag from /home/rsandroni/airflow/dags/amazon_reviews.py
[2019-03-21 17:56:17,872] {jobs.py:1687} INFO - DAG(s) dict_keys(['amazon_reviews']) retrieved from /home/rsandroni/airflow/dags/amazon_reviews.py
[2019-03-21 17:56:17,903] {jobs.py:399} INFO - Processing /home/rsandroni/airflow/dags/amazon_reviews.py took 0.041 seconds
[2019-03-21 17:57:29,757] {jobs.py:391} INFO - Started process (PID=241497) to work on /home/rsandroni/airflow/dags/amazon_reviews.py
[2019-03-21 17:57:29,762] {jobs.py:1675} INFO - Processing file /home/rsandroni/airflow/dags/amazon_reviews.py for tasks to queue
[2019-03-21 17:57:29,762] {logging_mixin.py:95} INFO - [2019-03-21 17:57:29,762] {models.py:273} INFO - Filling up the DagBag from /home/rsandroni/airflow/dags/amazon_reviews.py
[2019-03-21 17:57:29,769] {jobs.py:1687} INFO - DAG(s) dict_keys(['amazon_reviews']) retrieved from /home/rsandroni/airflow/dags/amazon_reviews.py
[2019-03-21 17:57:29,800] {jobs.py:399} INFO - Processing /home/rsandroni/airflow/dags/amazon_reviews.py took 0.043 seconds
[2019-03-21 17:58:41,693] {jobs.py:391} INFO - Started process (PID=242377) to work on /home/rsandroni/airflow/dags/amazon_reviews.py
[2019-03-21 17:58:41,699] {jobs.py:1675} INFO - Processing file /home/rsandroni/airflow/dags/amazon_reviews.py for tasks to queue
[2019-03-21 17:58:41,699] {logging_mixin.py:95} INFO - [2019-03-21 17:58:41,699] {models.py:273} INFO - Filling up the DagBag from /home/rsandroni/airflow/dags/amazon_reviews.py
[2019-03-21 17:58:41,706] {jobs.py:1687} INFO - DAG(s) dict_keys(['amazon_reviews']) retrieved from /home/rsandroni/airflow/dags/amazon_reviews.py
[2019-03-21 17:58:41,744] {jobs.py:399} INFO - Processing /home/rsandroni/airflow/dags/amazon_reviews.py took 0.050 seconds
[2019-03-21 17:59:53,568] {jobs.py:391} INFO - Started process (PID=243264) to work on /home/rsandroni/airflow/dags/amazon_reviews.py
[2019-03-21 17:59:53,573] {jobs.py:1675} INFO - Processing file /home/rsandroni/airflow/dags/amazon_reviews.py for tasks to queue
[2019-03-21 17:59:53,574] {logging_mixin.py:95} INFO - [2019-03-21 17:59:53,574] {models.py:273} INFO - Filling up the DagBag from /home/rsandroni/airflow/dags/amazon_reviews.py
[2019-03-21 17:59:53,581] {jobs.py:1687} INFO - DAG(s) dict_keys(['amazon_reviews']) retrieved from /home/rsandroni/airflow/dags/amazon_reviews.py
[2019-03-21 17:59:53,613] {jobs.py:399} INFO - Processing /home/rsandroni/airflow/dags/amazon_reviews.py took 0.046 seconds
[2019-03-21 18:01:05,517] {jobs.py:391} INFO - Started process (PID=244166) to work on /home/rsandroni/airflow/dags/amazon_reviews.py
[2019-03-21 18:01:05,523] {jobs.py:1675} INFO - Processing file /home/rsandroni/airflow/dags/amazon_reviews.py for tasks to queue
[2019-03-21 18:01:05,523] {logging_mixin.py:95} INFO - [2019-03-21 18:01:05,523] {models.py:273} INFO - Filling up the DagBag from /home/rsandroni/airflow/dags/amazon_reviews.py
[2019-03-21 18:01:05,530] {jobs.py:1687} INFO - DAG(s) dict_keys(['amazon_reviews']) retrieved from /home/rsandroni/airflow/dags/amazon_reviews.py
[2019-03-21 18:01:05,562] {jobs.py:399} INFO - Processing /home/rsandroni/airflow/dags/amazon_reviews.py took 0.046 seconds
[2019-03-21 18:02:17,449] {jobs.py:391} INFO - Started process (PID=245077) to work on /home/rsandroni/airflow/dags/amazon_reviews.py
[2019-03-21 18:02:17,455] {jobs.py:1675} INFO - Processing file /home/rsandroni/airflow/dags/amazon_reviews.py for tasks to queue
[2019-03-21 18:02:17,455] {logging_mixin.py:95} INFO - [2019-03-21 18:02:17,455] {models.py:273} INFO - Filling up the DagBag from /home/rsandroni/airflow/dags/amazon_reviews.py
[2019-03-21 18:02:17,462] {jobs.py:1687} INFO - DAG(s) dict_keys(['amazon_reviews']) retrieved from /home/rsandroni/airflow/dags/amazon_reviews.py
[2019-03-21 18:02:17,494] {jobs.py:399} INFO - Processing /home/rsandroni/airflow/dags/amazon_reviews.py took 0.045 seconds
[2019-03-21 18:03:29,364] {jobs.py:391} INFO - Started process (PID=510) to work on /home/rsandroni/airflow/dags/amazon_reviews.py
[2019-03-21 18:03:29,369] {jobs.py:1675} INFO - Processing file /home/rsandroni/airflow/dags/amazon_reviews.py for tasks to queue
[2019-03-21 18:03:29,371] {logging_mixin.py:95} INFO - [2019-03-21 18:03:29,370] {models.py:273} INFO - Filling up the DagBag from /home/rsandroni/airflow/dags/amazon_reviews.py
[2019-03-21 18:03:29,377] {jobs.py:1687} INFO - DAG(s) dict_keys(['amazon_reviews']) retrieved from /home/rsandroni/airflow/dags/amazon_reviews.py
[2019-03-21 18:03:29,406] {jobs.py:399} INFO - Processing /home/rsandroni/airflow/dags/amazon_reviews.py took 0.042 seconds
[2019-03-21 18:04:41,371] {jobs.py:391} INFO - Started process (PID=1397) to work on /home/rsandroni/airflow/dags/amazon_reviews.py
[2019-03-21 18:04:41,378] {jobs.py:1675} INFO - Processing file /home/rsandroni/airflow/dags/amazon_reviews.py for tasks to queue
[2019-03-21 18:04:41,378] {logging_mixin.py:95} INFO - [2019-03-21 18:04:41,378] {models.py:273} INFO - Filling up the DagBag from /home/rsandroni/airflow/dags/amazon_reviews.py
[2019-03-21 18:04:41,384] {jobs.py:1687} INFO - DAG(s) dict_keys(['amazon_reviews']) retrieved from /home/rsandroni/airflow/dags/amazon_reviews.py
[2019-03-21 18:04:41,419] {jobs.py:399} INFO - Processing /home/rsandroni/airflow/dags/amazon_reviews.py took 0.048 seconds
[2019-03-21 18:05:53,381] {jobs.py:391} INFO - Started process (PID=2309) to work on /home/rsandroni/airflow/dags/amazon_reviews.py
[2019-03-21 18:05:53,387] {jobs.py:1675} INFO - Processing file /home/rsandroni/airflow/dags/amazon_reviews.py for tasks to queue
[2019-03-21 18:05:53,387] {logging_mixin.py:95} INFO - [2019-03-21 18:05:53,387] {models.py:273} INFO - Filling up the DagBag from /home/rsandroni/airflow/dags/amazon_reviews.py
[2019-03-21 18:05:53,392] {jobs.py:1687} INFO - DAG(s) dict_keys(['amazon_reviews']) retrieved from /home/rsandroni/airflow/dags/amazon_reviews.py
[2019-03-21 18:05:53,423] {jobs.py:399} INFO - Processing /home/rsandroni/airflow/dags/amazon_reviews.py took 0.043 seconds
[2019-03-21 18:07:05,316] {jobs.py:391} INFO - Started process (PID=3219) to work on /home/rsandroni/airflow/dags/amazon_reviews.py
[2019-03-21 18:07:05,321] {jobs.py:1675} INFO - Processing file /home/rsandroni/airflow/dags/amazon_reviews.py for tasks to queue
[2019-03-21 18:07:05,321] {logging_mixin.py:95} INFO - [2019-03-21 18:07:05,321] {models.py:273} INFO - Filling up the DagBag from /home/rsandroni/airflow/dags/amazon_reviews.py
[2019-03-21 18:07:05,327] {jobs.py:1687} INFO - DAG(s) dict_keys(['amazon_reviews']) retrieved from /home/rsandroni/airflow/dags/amazon_reviews.py
[2019-03-21 18:07:05,358] {jobs.py:399} INFO - Processing /home/rsandroni/airflow/dags/amazon_reviews.py took 0.042 seconds
[2019-03-21 18:08:17,278] {jobs.py:391} INFO - Started process (PID=4102) to work on /home/rsandroni/airflow/dags/amazon_reviews.py
[2019-03-21 18:08:17,284] {jobs.py:1675} INFO - Processing file /home/rsandroni/airflow/dags/amazon_reviews.py for tasks to queue
[2019-03-21 18:08:17,285] {logging_mixin.py:95} INFO - [2019-03-21 18:08:17,284] {models.py:273} INFO - Filling up the DagBag from /home/rsandroni/airflow/dags/amazon_reviews.py
[2019-03-21 18:08:17,290] {jobs.py:1687} INFO - DAG(s) dict_keys(['amazon_reviews']) retrieved from /home/rsandroni/airflow/dags/amazon_reviews.py
[2019-03-21 18:08:17,329] {jobs.py:399} INFO - Processing /home/rsandroni/airflow/dags/amazon_reviews.py took 0.051 seconds
[2019-03-21 18:09:29,205] {jobs.py:391} INFO - Started process (PID=4991) to work on /home/rsandroni/airflow/dags/amazon_reviews.py
[2019-03-21 18:09:29,212] {jobs.py:1675} INFO - Processing file /home/rsandroni/airflow/dags/amazon_reviews.py for tasks to queue
[2019-03-21 18:09:29,213] {logging_mixin.py:95} INFO - [2019-03-21 18:09:29,213] {models.py:273} INFO - Filling up the DagBag from /home/rsandroni/airflow/dags/amazon_reviews.py
[2019-03-21 18:09:29,219] {jobs.py:1687} INFO - DAG(s) dict_keys(['amazon_reviews']) retrieved from /home/rsandroni/airflow/dags/amazon_reviews.py
[2019-03-21 18:09:29,251] {jobs.py:399} INFO - Processing /home/rsandroni/airflow/dags/amazon_reviews.py took 0.046 seconds
[2019-03-21 18:10:41,147] {jobs.py:391} INFO - Started process (PID=5914) to work on /home/rsandroni/airflow/dags/amazon_reviews.py
[2019-03-21 18:10:41,153] {jobs.py:1675} INFO - Processing file /home/rsandroni/airflow/dags/amazon_reviews.py for tasks to queue
[2019-03-21 18:10:41,153] {logging_mixin.py:95} INFO - [2019-03-21 18:10:41,153] {models.py:273} INFO - Filling up the DagBag from /home/rsandroni/airflow/dags/amazon_reviews.py
[2019-03-21 18:10:41,160] {jobs.py:1687} INFO - DAG(s) dict_keys(['amazon_reviews']) retrieved from /home/rsandroni/airflow/dags/amazon_reviews.py
[2019-03-21 18:10:41,191] {jobs.py:399} INFO - Processing /home/rsandroni/airflow/dags/amazon_reviews.py took 0.044 seconds
[2019-03-21 18:11:53,081] {jobs.py:391} INFO - Started process (PID=6842) to work on /home/rsandroni/airflow/dags/amazon_reviews.py
[2019-03-21 18:11:53,087] {jobs.py:1675} INFO - Processing file /home/rsandroni/airflow/dags/amazon_reviews.py for tasks to queue
[2019-03-21 18:11:53,087] {logging_mixin.py:95} INFO - [2019-03-21 18:11:53,087] {models.py:273} INFO - Filling up the DagBag from /home/rsandroni/airflow/dags/amazon_reviews.py
[2019-03-21 18:11:53,093] {jobs.py:1687} INFO - DAG(s) dict_keys(['amazon_reviews']) retrieved from /home/rsandroni/airflow/dags/amazon_reviews.py
[2019-03-21 18:11:53,122] {jobs.py:399} INFO - Processing /home/rsandroni/airflow/dags/amazon_reviews.py took 0.041 seconds
[2019-03-21 18:13:05,035] {jobs.py:391} INFO - Started process (PID=7767) to work on /home/rsandroni/airflow/dags/amazon_reviews.py
[2019-03-21 18:13:05,039] {jobs.py:1675} INFO - Processing file /home/rsandroni/airflow/dags/amazon_reviews.py for tasks to queue
[2019-03-21 18:13:05,040] {logging_mixin.py:95} INFO - [2019-03-21 18:13:05,040] {models.py:273} INFO - Filling up the DagBag from /home/rsandroni/airflow/dags/amazon_reviews.py
[2019-03-21 18:13:05,045] {jobs.py:1687} INFO - DAG(s) dict_keys(['amazon_reviews']) retrieved from /home/rsandroni/airflow/dags/amazon_reviews.py
[2019-03-21 18:13:05,079] {jobs.py:399} INFO - Processing /home/rsandroni/airflow/dags/amazon_reviews.py took 0.045 seconds
[2019-03-21 18:14:16,874] {jobs.py:391} INFO - Started process (PID=8684) to work on /home/rsandroni/airflow/dags/amazon_reviews.py
[2019-03-21 18:14:16,880] {jobs.py:1675} INFO - Processing file /home/rsandroni/airflow/dags/amazon_reviews.py for tasks to queue
[2019-03-21 18:14:16,881] {logging_mixin.py:95} INFO - [2019-03-21 18:14:16,881] {models.py:273} INFO - Filling up the DagBag from /home/rsandroni/airflow/dags/amazon_reviews.py
[2019-03-21 18:14:16,887] {jobs.py:1687} INFO - DAG(s) dict_keys(['amazon_reviews']) retrieved from /home/rsandroni/airflow/dags/amazon_reviews.py
[2019-03-21 18:14:16,917] {jobs.py:399} INFO - Processing /home/rsandroni/airflow/dags/amazon_reviews.py took 0.043 seconds
[2019-03-21 18:15:28,749] {jobs.py:391} INFO - Started process (PID=9576) to work on /home/rsandroni/airflow/dags/amazon_reviews.py
[2019-03-21 18:15:28,755] {jobs.py:1675} INFO - Processing file /home/rsandroni/airflow/dags/amazon_reviews.py for tasks to queue
[2019-03-21 18:15:28,755] {logging_mixin.py:95} INFO - [2019-03-21 18:15:28,755] {models.py:273} INFO - Filling up the DagBag from /home/rsandroni/airflow/dags/amazon_reviews.py
[2019-03-21 18:15:28,762] {jobs.py:1687} INFO - DAG(s) dict_keys(['amazon_reviews']) retrieved from /home/rsandroni/airflow/dags/amazon_reviews.py
[2019-03-21 18:15:28,791] {jobs.py:399} INFO - Processing /home/rsandroni/airflow/dags/amazon_reviews.py took 0.041 seconds
[2019-03-21 18:16:35,449] {jobs.py:391} INFO - Started process (PID=10377) to work on /home/rsandroni/airflow/dags/amazon_reviews.py
[2019-03-21 18:16:35,455] {jobs.py:1675} INFO - Processing file /home/rsandroni/airflow/dags/amazon_reviews.py for tasks to queue
[2019-03-21 18:16:35,455] {logging_mixin.py:95} INFO - [2019-03-21 18:16:35,455] {models.py:273} INFO - Filling up the DagBag from /home/rsandroni/airflow/dags/amazon_reviews.py
[2019-03-21 18:16:35,461] {jobs.py:1687} INFO - DAG(s) dict_keys(['amazon_reviews']) retrieved from /home/rsandroni/airflow/dags/amazon_reviews.py
[2019-03-21 18:16:35,497] {jobs.py:399} INFO - Processing /home/rsandroni/airflow/dags/amazon_reviews.py took 0.048 seconds
[2019-03-21 18:17:42,146] {jobs.py:391} INFO - Started process (PID=11178) to work on /home/rsandroni/airflow/dags/amazon_reviews.py
[2019-03-21 18:17:42,151] {jobs.py:1675} INFO - Processing file /home/rsandroni/airflow/dags/amazon_reviews.py for tasks to queue
[2019-03-21 18:17:42,151] {logging_mixin.py:95} INFO - [2019-03-21 18:17:42,151] {models.py:273} INFO - Filling up the DagBag from /home/rsandroni/airflow/dags/amazon_reviews.py
[2019-03-21 18:17:42,156] {jobs.py:1687} INFO - DAG(s) dict_keys(['amazon_reviews']) retrieved from /home/rsandroni/airflow/dags/amazon_reviews.py
[2019-03-21 18:17:42,186] {jobs.py:399} INFO - Processing /home/rsandroni/airflow/dags/amazon_reviews.py took 0.040 seconds
[2019-03-21 18:18:48,813] {jobs.py:391} INFO - Started process (PID=11972) to work on /home/rsandroni/airflow/dags/amazon_reviews.py
[2019-03-21 18:18:48,819] {jobs.py:1675} INFO - Processing file /home/rsandroni/airflow/dags/amazon_reviews.py for tasks to queue
[2019-03-21 18:18:48,819] {logging_mixin.py:95} INFO - [2019-03-21 18:18:48,819] {models.py:273} INFO - Filling up the DagBag from /home/rsandroni/airflow/dags/amazon_reviews.py
[2019-03-21 18:18:48,826] {jobs.py:1687} INFO - DAG(s) dict_keys(['amazon_reviews']) retrieved from /home/rsandroni/airflow/dags/amazon_reviews.py
[2019-03-21 18:18:48,855] {jobs.py:399} INFO - Processing /home/rsandroni/airflow/dags/amazon_reviews.py took 0.041 seconds
[2019-03-21 18:19:55,513] {jobs.py:391} INFO - Started process (PID=12774) to work on /home/rsandroni/airflow/dags/amazon_reviews.py
[2019-03-21 18:19:55,519] {jobs.py:1675} INFO - Processing file /home/rsandroni/airflow/dags/amazon_reviews.py for tasks to queue
[2019-03-21 18:19:55,520] {logging_mixin.py:95} INFO - [2019-03-21 18:19:55,520] {models.py:273} INFO - Filling up the DagBag from /home/rsandroni/airflow/dags/amazon_reviews.py
[2019-03-21 18:19:55,526] {jobs.py:1687} INFO - DAG(s) dict_keys(['amazon_reviews']) retrieved from /home/rsandroni/airflow/dags/amazon_reviews.py
[2019-03-21 18:19:55,556] {jobs.py:399} INFO - Processing /home/rsandroni/airflow/dags/amazon_reviews.py took 0.043 seconds
[2019-03-21 18:21:02,277] {jobs.py:391} INFO - Started process (PID=13566) to work on /home/rsandroni/airflow/dags/amazon_reviews.py
[2019-03-21 18:21:02,283] {jobs.py:1675} INFO - Processing file /home/rsandroni/airflow/dags/amazon_reviews.py for tasks to queue
[2019-03-21 18:21:02,283] {logging_mixin.py:95} INFO - [2019-03-21 18:21:02,283] {models.py:273} INFO - Filling up the DagBag from /home/rsandroni/airflow/dags/amazon_reviews.py
[2019-03-21 18:21:02,290] {jobs.py:1687} INFO - DAG(s) dict_keys(['amazon_reviews']) retrieved from /home/rsandroni/airflow/dags/amazon_reviews.py
[2019-03-21 18:21:02,319] {jobs.py:399} INFO - Processing /home/rsandroni/airflow/dags/amazon_reviews.py took 0.043 seconds
[2019-03-21 18:22:08,895] {jobs.py:391} INFO - Started process (PID=14380) to work on /home/rsandroni/airflow/dags/amazon_reviews.py
[2019-03-21 18:22:08,900] {jobs.py:1675} INFO - Processing file /home/rsandroni/airflow/dags/amazon_reviews.py for tasks to queue
[2019-03-21 18:22:08,900] {logging_mixin.py:95} INFO - [2019-03-21 18:22:08,900] {models.py:273} INFO - Filling up the DagBag from /home/rsandroni/airflow/dags/amazon_reviews.py
[2019-03-21 18:22:08,907] {jobs.py:1687} INFO - DAG(s) dict_keys(['amazon_reviews']) retrieved from /home/rsandroni/airflow/dags/amazon_reviews.py
[2019-03-21 18:22:08,937] {jobs.py:399} INFO - Processing /home/rsandroni/airflow/dags/amazon_reviews.py took 0.042 seconds
[2019-03-21 18:24:44,690] {jobs.py:391} INFO - Started process (PID=15808) to work on /home/rsandroni/airflow/dags/amazon_reviews.py
[2019-03-21 18:24:44,695] {jobs.py:1675} INFO - Processing file /home/rsandroni/airflow/dags/amazon_reviews.py for tasks to queue
[2019-03-21 18:24:44,696] {logging_mixin.py:95} INFO - [2019-03-21 18:24:44,696] {models.py:273} INFO - Filling up the DagBag from /home/rsandroni/airflow/dags/amazon_reviews.py
[2019-03-21 18:24:44,702] {jobs.py:1687} INFO - DAG(s) dict_keys(['amazon_reviews']) retrieved from /home/rsandroni/airflow/dags/amazon_reviews.py
[2019-03-21 18:24:44,732] {jobs.py:399} INFO - Processing /home/rsandroni/airflow/dags/amazon_reviews.py took 0.042 seconds
[2019-03-21 18:27:20,513] {jobs.py:391} INFO - Started process (PID=17236) to work on /home/rsandroni/airflow/dags/amazon_reviews.py
[2019-03-21 18:27:20,519] {jobs.py:1675} INFO - Processing file /home/rsandroni/airflow/dags/amazon_reviews.py for tasks to queue
[2019-03-21 18:27:20,520] {logging_mixin.py:95} INFO - [2019-03-21 18:27:20,519] {models.py:273} INFO - Filling up the DagBag from /home/rsandroni/airflow/dags/amazon_reviews.py
[2019-03-21 18:27:20,525] {jobs.py:1687} INFO - DAG(s) dict_keys(['amazon_reviews']) retrieved from /home/rsandroni/airflow/dags/amazon_reviews.py
[2019-03-21 18:27:20,553] {jobs.py:399} INFO - Processing /home/rsandroni/airflow/dags/amazon_reviews.py took 0.040 seconds
[2019-03-21 18:29:56,347] {jobs.py:391} INFO - Started process (PID=18663) to work on /home/rsandroni/airflow/dags/amazon_reviews.py
[2019-03-21 18:29:56,353] {jobs.py:1675} INFO - Processing file /home/rsandroni/airflow/dags/amazon_reviews.py for tasks to queue
[2019-03-21 18:29:56,354] {logging_mixin.py:95} INFO - [2019-03-21 18:29:56,354] {models.py:273} INFO - Filling up the DagBag from /home/rsandroni/airflow/dags/amazon_reviews.py
[2019-03-21 18:29:56,360] {jobs.py:1687} INFO - DAG(s) dict_keys(['amazon_reviews']) retrieved from /home/rsandroni/airflow/dags/amazon_reviews.py
[2019-03-21 18:29:56,390] {jobs.py:399} INFO - Processing /home/rsandroni/airflow/dags/amazon_reviews.py took 0.042 seconds
[2019-03-21 18:32:32,215] {jobs.py:391} INFO - Started process (PID=20517) to work on /home/rsandroni/airflow/dags/amazon_reviews.py
[2019-03-21 18:32:32,221] {jobs.py:1675} INFO - Processing file /home/rsandroni/airflow/dags/amazon_reviews.py for tasks to queue
[2019-03-21 18:32:32,221] {logging_mixin.py:95} INFO - [2019-03-21 18:32:32,221] {models.py:273} INFO - Filling up the DagBag from /home/rsandroni/airflow/dags/amazon_reviews.py
[2019-03-21 18:32:32,227] {jobs.py:1687} INFO - DAG(s) dict_keys(['amazon_reviews']) retrieved from /home/rsandroni/airflow/dags/amazon_reviews.py
[2019-03-21 18:32:32,257] {jobs.py:399} INFO - Processing /home/rsandroni/airflow/dags/amazon_reviews.py took 0.043 seconds
[2019-03-21 18:35:08,018] {jobs.py:391} INFO - Started process (PID=22501) to work on /home/rsandroni/airflow/dags/amazon_reviews.py
[2019-03-21 18:35:08,024] {jobs.py:1675} INFO - Processing file /home/rsandroni/airflow/dags/amazon_reviews.py for tasks to queue
[2019-03-21 18:35:08,024] {logging_mixin.py:95} INFO - [2019-03-21 18:35:08,024] {models.py:273} INFO - Filling up the DagBag from /home/rsandroni/airflow/dags/amazon_reviews.py
[2019-03-21 18:35:08,029] {jobs.py:1687} INFO - DAG(s) dict_keys(['amazon_reviews']) retrieved from /home/rsandroni/airflow/dags/amazon_reviews.py
[2019-03-21 18:35:08,061] {jobs.py:399} INFO - Processing /home/rsandroni/airflow/dags/amazon_reviews.py took 0.043 seconds
[2019-03-21 18:37:43,848] {jobs.py:391} INFO - Started process (PID=24326) to work on /home/rsandroni/airflow/dags/amazon_reviews.py
[2019-03-21 18:37:43,857] {jobs.py:1675} INFO - Processing file /home/rsandroni/airflow/dags/amazon_reviews.py for tasks to queue
[2019-03-21 18:37:43,857] {logging_mixin.py:95} INFO - [2019-03-21 18:37:43,857] {models.py:273} INFO - Filling up the DagBag from /home/rsandroni/airflow/dags/amazon_reviews.py
[2019-03-21 18:37:43,863] {jobs.py:1687} INFO - DAG(s) dict_keys(['amazon_reviews']) retrieved from /home/rsandroni/airflow/dags/amazon_reviews.py
[2019-03-21 18:37:43,891] {jobs.py:399} INFO - Processing /home/rsandroni/airflow/dags/amazon_reviews.py took 0.043 seconds
[2019-03-21 18:40:19,775] {jobs.py:391} INFO - Started process (PID=25994) to work on /home/rsandroni/airflow/dags/amazon_reviews.py
[2019-03-21 18:40:19,782] {jobs.py:1675} INFO - Processing file /home/rsandroni/airflow/dags/amazon_reviews.py for tasks to queue
[2019-03-21 18:40:19,782] {logging_mixin.py:95} INFO - [2019-03-21 18:40:19,782] {models.py:273} INFO - Filling up the DagBag from /home/rsandroni/airflow/dags/amazon_reviews.py
[2019-03-21 18:40:19,789] {jobs.py:1687} INFO - DAG(s) dict_keys(['amazon_reviews']) retrieved from /home/rsandroni/airflow/dags/amazon_reviews.py
[2019-03-21 18:40:19,823] {jobs.py:399} INFO - Processing /home/rsandroni/airflow/dags/amazon_reviews.py took 0.048 seconds
[2019-03-21 18:42:55,612] {jobs.py:391} INFO - Started process (PID=27430) to work on /home/rsandroni/airflow/dags/amazon_reviews.py
[2019-03-21 18:42:55,617] {jobs.py:1675} INFO - Processing file /home/rsandroni/airflow/dags/amazon_reviews.py for tasks to queue
[2019-03-21 18:42:55,618] {logging_mixin.py:95} INFO - [2019-03-21 18:42:55,618] {models.py:273} INFO - Filling up the DagBag from /home/rsandroni/airflow/dags/amazon_reviews.py
[2019-03-21 18:42:55,625] {jobs.py:1687} INFO - DAG(s) dict_keys(['amazon_reviews']) retrieved from /home/rsandroni/airflow/dags/amazon_reviews.py
[2019-03-21 18:42:55,656] {jobs.py:399} INFO - Processing /home/rsandroni/airflow/dags/amazon_reviews.py took 0.044 seconds
[2019-03-21 18:45:31,390] {jobs.py:391} INFO - Started process (PID=28849) to work on /home/rsandroni/airflow/dags/amazon_reviews.py
[2019-03-21 18:45:31,396] {jobs.py:1675} INFO - Processing file /home/rsandroni/airflow/dags/amazon_reviews.py for tasks to queue
[2019-03-21 18:45:31,396] {logging_mixin.py:95} INFO - [2019-03-21 18:45:31,396] {models.py:273} INFO - Filling up the DagBag from /home/rsandroni/airflow/dags/amazon_reviews.py
[2019-03-21 18:45:31,403] {jobs.py:1687} INFO - DAG(s) dict_keys(['amazon_reviews']) retrieved from /home/rsandroni/airflow/dags/amazon_reviews.py
[2019-03-21 18:45:31,431] {jobs.py:399} INFO - Processing /home/rsandroni/airflow/dags/amazon_reviews.py took 0.040 seconds
[2019-03-21 18:48:07,270] {jobs.py:391} INFO - Started process (PID=30282) to work on /home/rsandroni/airflow/dags/amazon_reviews.py
[2019-03-21 18:48:07,275] {jobs.py:1675} INFO - Processing file /home/rsandroni/airflow/dags/amazon_reviews.py for tasks to queue
[2019-03-21 18:48:07,275] {logging_mixin.py:95} INFO - [2019-03-21 18:48:07,275] {models.py:273} INFO - Filling up the DagBag from /home/rsandroni/airflow/dags/amazon_reviews.py
[2019-03-21 18:48:07,287] {jobs.py:1687} INFO - DAG(s) dict_keys(['amazon_reviews']) retrieved from /home/rsandroni/airflow/dags/amazon_reviews.py
[2019-03-21 18:48:07,323] {jobs.py:399} INFO - Processing /home/rsandroni/airflow/dags/amazon_reviews.py took 0.053 seconds
[2019-03-21 18:50:43,120] {jobs.py:391} INFO - Started process (PID=31734) to work on /home/rsandroni/airflow/dags/amazon_reviews.py
[2019-03-21 18:50:43,126] {jobs.py:1675} INFO - Processing file /home/rsandroni/airflow/dags/amazon_reviews.py for tasks to queue
[2019-03-21 18:50:43,126] {logging_mixin.py:95} INFO - [2019-03-21 18:50:43,126] {models.py:273} INFO - Filling up the DagBag from /home/rsandroni/airflow/dags/amazon_reviews.py
[2019-03-21 18:50:43,132] {jobs.py:1687} INFO - DAG(s) dict_keys(['amazon_reviews']) retrieved from /home/rsandroni/airflow/dags/amazon_reviews.py
[2019-03-21 18:50:43,166] {jobs.py:399} INFO - Processing /home/rsandroni/airflow/dags/amazon_reviews.py took 0.046 seconds
[2019-03-21 18:53:18,888] {jobs.py:391} INFO - Started process (PID=33158) to work on /home/rsandroni/airflow/dags/amazon_reviews.py
[2019-03-21 18:53:18,893] {jobs.py:1675} INFO - Processing file /home/rsandroni/airflow/dags/amazon_reviews.py for tasks to queue
[2019-03-21 18:53:18,894] {logging_mixin.py:95} INFO - [2019-03-21 18:53:18,894] {models.py:273} INFO - Filling up the DagBag from /home/rsandroni/airflow/dags/amazon_reviews.py
[2019-03-21 18:53:18,900] {jobs.py:1687} INFO - DAG(s) dict_keys(['amazon_reviews']) retrieved from /home/rsandroni/airflow/dags/amazon_reviews.py
[2019-03-21 18:53:18,927] {jobs.py:399} INFO - Processing /home/rsandroni/airflow/dags/amazon_reviews.py took 0.039 seconds
[2019-03-21 18:55:54,724] {jobs.py:391} INFO - Started process (PID=34587) to work on /home/rsandroni/airflow/dags/amazon_reviews.py
[2019-03-21 18:55:54,729] {jobs.py:1675} INFO - Processing file /home/rsandroni/airflow/dags/amazon_reviews.py for tasks to queue
[2019-03-21 18:55:54,730] {logging_mixin.py:95} INFO - [2019-03-21 18:55:54,730] {models.py:273} INFO - Filling up the DagBag from /home/rsandroni/airflow/dags/amazon_reviews.py
[2019-03-21 18:55:54,735] {jobs.py:1687} INFO - DAG(s) dict_keys(['amazon_reviews']) retrieved from /home/rsandroni/airflow/dags/amazon_reviews.py
[2019-03-21 18:55:54,765] {jobs.py:399} INFO - Processing /home/rsandroni/airflow/dags/amazon_reviews.py took 0.041 seconds
[2019-03-21 18:58:30,536] {jobs.py:391} INFO - Started process (PID=36046) to work on /home/rsandroni/airflow/dags/amazon_reviews.py
[2019-03-21 18:58:30,541] {jobs.py:1675} INFO - Processing file /home/rsandroni/airflow/dags/amazon_reviews.py for tasks to queue
[2019-03-21 18:58:30,542] {logging_mixin.py:95} INFO - [2019-03-21 18:58:30,542] {models.py:273} INFO - Filling up the DagBag from /home/rsandroni/airflow/dags/amazon_reviews.py
[2019-03-21 18:58:30,548] {jobs.py:1687} INFO - DAG(s) dict_keys(['amazon_reviews']) retrieved from /home/rsandroni/airflow/dags/amazon_reviews.py
[2019-03-21 18:58:30,581] {jobs.py:399} INFO - Processing /home/rsandroni/airflow/dags/amazon_reviews.py took 0.045 seconds
[2019-03-21 19:01:06,369] {jobs.py:391} INFO - Started process (PID=37481) to work on /home/rsandroni/airflow/dags/amazon_reviews.py
[2019-03-21 19:01:06,375] {jobs.py:1675} INFO - Processing file /home/rsandroni/airflow/dags/amazon_reviews.py for tasks to queue
[2019-03-21 19:01:06,375] {logging_mixin.py:95} INFO - [2019-03-21 19:01:06,375] {models.py:273} INFO - Filling up the DagBag from /home/rsandroni/airflow/dags/amazon_reviews.py
[2019-03-21 19:01:06,382] {jobs.py:1687} INFO - DAG(s) dict_keys(['amazon_reviews']) retrieved from /home/rsandroni/airflow/dags/amazon_reviews.py
[2019-03-21 19:01:06,412] {jobs.py:399} INFO - Processing /home/rsandroni/airflow/dags/amazon_reviews.py took 0.043 seconds
[2019-03-21 19:03:42,164] {jobs.py:391} INFO - Started process (PID=38933) to work on /home/rsandroni/airflow/dags/amazon_reviews.py
[2019-03-21 19:03:42,170] {jobs.py:1675} INFO - Processing file /home/rsandroni/airflow/dags/amazon_reviews.py for tasks to queue
[2019-03-21 19:03:42,170] {logging_mixin.py:95} INFO - [2019-03-21 19:03:42,170] {models.py:273} INFO - Filling up the DagBag from /home/rsandroni/airflow/dags/amazon_reviews.py
[2019-03-21 19:03:42,176] {jobs.py:1687} INFO - DAG(s) dict_keys(['amazon_reviews']) retrieved from /home/rsandroni/airflow/dags/amazon_reviews.py
[2019-03-21 19:03:42,204] {jobs.py:399} INFO - Processing /home/rsandroni/airflow/dags/amazon_reviews.py took 0.039 seconds
[2019-03-21 19:06:17,988] {jobs.py:391} INFO - Started process (PID=40360) to work on /home/rsandroni/airflow/dags/amazon_reviews.py
[2019-03-21 19:06:17,994] {jobs.py:1675} INFO - Processing file /home/rsandroni/airflow/dags/amazon_reviews.py for tasks to queue
[2019-03-21 19:06:17,994] {logging_mixin.py:95} INFO - [2019-03-21 19:06:17,994] {models.py:273} INFO - Filling up the DagBag from /home/rsandroni/airflow/dags/amazon_reviews.py
[2019-03-21 19:06:17,999] {jobs.py:1687} INFO - DAG(s) dict_keys(['amazon_reviews']) retrieved from /home/rsandroni/airflow/dags/amazon_reviews.py
[2019-03-21 19:06:18,029] {jobs.py:399} INFO - Processing /home/rsandroni/airflow/dags/amazon_reviews.py took 0.041 seconds
[2019-03-21 19:08:53,777] {jobs.py:391} INFO - Started process (PID=41781) to work on /home/rsandroni/airflow/dags/amazon_reviews.py
[2019-03-21 19:08:53,784] {jobs.py:1675} INFO - Processing file /home/rsandroni/airflow/dags/amazon_reviews.py for tasks to queue
[2019-03-21 19:08:53,785] {logging_mixin.py:95} INFO - [2019-03-21 19:08:53,784] {models.py:273} INFO - Filling up the DagBag from /home/rsandroni/airflow/dags/amazon_reviews.py
[2019-03-21 19:08:53,790] {jobs.py:1687} INFO - DAG(s) dict_keys(['amazon_reviews']) retrieved from /home/rsandroni/airflow/dags/amazon_reviews.py
[2019-03-21 19:08:53,820] {jobs.py:399} INFO - Processing /home/rsandroni/airflow/dags/amazon_reviews.py took 0.043 seconds
[2019-03-21 19:11:29,542] {jobs.py:391} INFO - Started process (PID=43417) to work on /home/rsandroni/airflow/dags/amazon_reviews.py
[2019-03-21 19:11:29,547] {jobs.py:1675} INFO - Processing file /home/rsandroni/airflow/dags/amazon_reviews.py for tasks to queue
[2019-03-21 19:11:29,548] {logging_mixin.py:95} INFO - [2019-03-21 19:11:29,547] {models.py:273} INFO - Filling up the DagBag from /home/rsandroni/airflow/dags/amazon_reviews.py
[2019-03-21 19:11:29,554] {jobs.py:1687} INFO - DAG(s) dict_keys(['amazon_reviews']) retrieved from /home/rsandroni/airflow/dags/amazon_reviews.py
[2019-03-21 19:11:29,580] {jobs.py:399} INFO - Processing /home/rsandroni/airflow/dags/amazon_reviews.py took 0.038 seconds
[2019-03-21 19:14:05,301] {jobs.py:391} INFO - Started process (PID=45374) to work on /home/rsandroni/airflow/dags/amazon_reviews.py
[2019-03-21 19:14:05,307] {jobs.py:1675} INFO - Processing file /home/rsandroni/airflow/dags/amazon_reviews.py for tasks to queue
[2019-03-21 19:14:05,307] {logging_mixin.py:95} INFO - [2019-03-21 19:14:05,307] {models.py:273} INFO - Filling up the DagBag from /home/rsandroni/airflow/dags/amazon_reviews.py
[2019-03-21 19:14:05,314] {jobs.py:1687} INFO - DAG(s) dict_keys(['amazon_reviews']) retrieved from /home/rsandroni/airflow/dags/amazon_reviews.py
[2019-03-21 19:14:05,343] {jobs.py:399} INFO - Processing /home/rsandroni/airflow/dags/amazon_reviews.py took 0.042 seconds
[2019-03-21 19:16:41,089] {jobs.py:391} INFO - Started process (PID=47283) to work on /home/rsandroni/airflow/dags/amazon_reviews.py
[2019-03-21 19:16:41,094] {jobs.py:1675} INFO - Processing file /home/rsandroni/airflow/dags/amazon_reviews.py for tasks to queue
[2019-03-21 19:16:41,095] {logging_mixin.py:95} INFO - [2019-03-21 19:16:41,095] {models.py:273} INFO - Filling up the DagBag from /home/rsandroni/airflow/dags/amazon_reviews.py
[2019-03-21 19:16:41,101] {jobs.py:1687} INFO - DAG(s) dict_keys(['amazon_reviews']) retrieved from /home/rsandroni/airflow/dags/amazon_reviews.py
[2019-03-21 19:16:41,128] {jobs.py:399} INFO - Processing /home/rsandroni/airflow/dags/amazon_reviews.py took 0.039 seconds
[2019-03-21 19:19:16,888] {jobs.py:391} INFO - Started process (PID=49271) to work on /home/rsandroni/airflow/dags/amazon_reviews.py
[2019-03-21 19:19:16,895] {jobs.py:1675} INFO - Processing file /home/rsandroni/airflow/dags/amazon_reviews.py for tasks to queue
[2019-03-21 19:19:16,895] {logging_mixin.py:95} INFO - [2019-03-21 19:19:16,895] {models.py:273} INFO - Filling up the DagBag from /home/rsandroni/airflow/dags/amazon_reviews.py
[2019-03-21 19:19:16,903] {jobs.py:1687} INFO - DAG(s) dict_keys(['amazon_reviews']) retrieved from /home/rsandroni/airflow/dags/amazon_reviews.py
[2019-03-21 19:19:16,935] {jobs.py:399} INFO - Processing /home/rsandroni/airflow/dags/amazon_reviews.py took 0.047 seconds
[2019-03-21 19:21:52,670] {jobs.py:391} INFO - Started process (PID=51194) to work on /home/rsandroni/airflow/dags/amazon_reviews.py
[2019-03-21 19:21:52,676] {jobs.py:1675} INFO - Processing file /home/rsandroni/airflow/dags/amazon_reviews.py for tasks to queue
[2019-03-21 19:21:52,677] {logging_mixin.py:95} INFO - [2019-03-21 19:21:52,677] {models.py:273} INFO - Filling up the DagBag from /home/rsandroni/airflow/dags/amazon_reviews.py
[2019-03-21 19:21:52,683] {jobs.py:1687} INFO - DAG(s) dict_keys(['amazon_reviews']) retrieved from /home/rsandroni/airflow/dags/amazon_reviews.py
[2019-03-21 19:21:52,716] {jobs.py:399} INFO - Processing /home/rsandroni/airflow/dags/amazon_reviews.py took 0.046 seconds
[2019-03-21 19:24:28,543] {jobs.py:391} INFO - Started process (PID=53181) to work on /home/rsandroni/airflow/dags/amazon_reviews.py
[2019-03-21 19:24:28,549] {jobs.py:1675} INFO - Processing file /home/rsandroni/airflow/dags/amazon_reviews.py for tasks to queue
[2019-03-21 19:24:28,549] {logging_mixin.py:95} INFO - [2019-03-21 19:24:28,549] {models.py:273} INFO - Filling up the DagBag from /home/rsandroni/airflow/dags/amazon_reviews.py
[2019-03-21 19:24:28,555] {jobs.py:1687} INFO - DAG(s) dict_keys(['amazon_reviews']) retrieved from /home/rsandroni/airflow/dags/amazon_reviews.py
[2019-03-21 19:24:28,585] {jobs.py:399} INFO - Processing /home/rsandroni/airflow/dags/amazon_reviews.py took 0.043 seconds
[2019-03-21 19:27:04,419] {jobs.py:391} INFO - Started process (PID=55089) to work on /home/rsandroni/airflow/dags/amazon_reviews.py
[2019-03-21 19:27:04,425] {jobs.py:1675} INFO - Processing file /home/rsandroni/airflow/dags/amazon_reviews.py for tasks to queue
[2019-03-21 19:27:04,425] {logging_mixin.py:95} INFO - [2019-03-21 19:27:04,425] {models.py:273} INFO - Filling up the DagBag from /home/rsandroni/airflow/dags/amazon_reviews.py
[2019-03-21 19:27:04,432] {jobs.py:1687} INFO - DAG(s) dict_keys(['amazon_reviews']) retrieved from /home/rsandroni/airflow/dags/amazon_reviews.py
[2019-03-21 19:27:04,463] {jobs.py:399} INFO - Processing /home/rsandroni/airflow/dags/amazon_reviews.py took 0.043 seconds
[2019-03-21 19:29:40,183] {jobs.py:391} INFO - Started process (PID=56853) to work on /home/rsandroni/airflow/dags/amazon_reviews.py
[2019-03-21 19:29:40,188] {jobs.py:1675} INFO - Processing file /home/rsandroni/airflow/dags/amazon_reviews.py for tasks to queue
[2019-03-21 19:29:40,189] {logging_mixin.py:95} INFO - [2019-03-21 19:29:40,189] {models.py:273} INFO - Filling up the DagBag from /home/rsandroni/airflow/dags/amazon_reviews.py
[2019-03-21 19:29:40,196] {jobs.py:1687} INFO - DAG(s) dict_keys(['amazon_reviews']) retrieved from /home/rsandroni/airflow/dags/amazon_reviews.py
[2019-03-21 19:29:40,225] {jobs.py:399} INFO - Processing /home/rsandroni/airflow/dags/amazon_reviews.py took 0.043 seconds
[2019-03-21 19:32:16,003] {jobs.py:391} INFO - Started process (PID=58280) to work on /home/rsandroni/airflow/dags/amazon_reviews.py
[2019-03-21 19:32:16,008] {jobs.py:1675} INFO - Processing file /home/rsandroni/airflow/dags/amazon_reviews.py for tasks to queue
[2019-03-21 19:32:16,009] {logging_mixin.py:95} INFO - [2019-03-21 19:32:16,008] {models.py:273} INFO - Filling up the DagBag from /home/rsandroni/airflow/dags/amazon_reviews.py
[2019-03-21 19:32:16,015] {jobs.py:1687} INFO - DAG(s) dict_keys(['amazon_reviews']) retrieved from /home/rsandroni/airflow/dags/amazon_reviews.py
[2019-03-21 19:32:16,046] {jobs.py:399} INFO - Processing /home/rsandroni/airflow/dags/amazon_reviews.py took 0.044 seconds
[2019-03-21 19:34:51,850] {jobs.py:391} INFO - Started process (PID=59707) to work on /home/rsandroni/airflow/dags/amazon_reviews.py
[2019-03-21 19:34:51,856] {jobs.py:1675} INFO - Processing file /home/rsandroni/airflow/dags/amazon_reviews.py for tasks to queue
[2019-03-21 19:34:51,856] {logging_mixin.py:95} INFO - [2019-03-21 19:34:51,856] {models.py:273} INFO - Filling up the DagBag from /home/rsandroni/airflow/dags/amazon_reviews.py
[2019-03-21 19:34:51,863] {jobs.py:1687} INFO - DAG(s) dict_keys(['amazon_reviews']) retrieved from /home/rsandroni/airflow/dags/amazon_reviews.py
[2019-03-21 19:34:51,893] {jobs.py:399} INFO - Processing /home/rsandroni/airflow/dags/amazon_reviews.py took 0.043 seconds
[2019-03-21 19:37:27,719] {jobs.py:391} INFO - Started process (PID=61143) to work on /home/rsandroni/airflow/dags/amazon_reviews.py
[2019-03-21 19:37:27,725] {jobs.py:1675} INFO - Processing file /home/rsandroni/airflow/dags/amazon_reviews.py for tasks to queue
[2019-03-21 19:37:27,725] {logging_mixin.py:95} INFO - [2019-03-21 19:37:27,725] {models.py:273} INFO - Filling up the DagBag from /home/rsandroni/airflow/dags/amazon_reviews.py
[2019-03-21 19:37:27,730] {jobs.py:1687} INFO - DAG(s) dict_keys(['amazon_reviews']) retrieved from /home/rsandroni/airflow/dags/amazon_reviews.py
[2019-03-21 19:37:27,759] {jobs.py:399} INFO - Processing /home/rsandroni/airflow/dags/amazon_reviews.py took 0.039 seconds
[2019-03-21 19:40:03,541] {jobs.py:391} INFO - Started process (PID=62594) to work on /home/rsandroni/airflow/dags/amazon_reviews.py
[2019-03-21 19:40:03,547] {jobs.py:1675} INFO - Processing file /home/rsandroni/airflow/dags/amazon_reviews.py for tasks to queue
[2019-03-21 19:40:03,547] {logging_mixin.py:95} INFO - [2019-03-21 19:40:03,547] {models.py:273} INFO - Filling up the DagBag from /home/rsandroni/airflow/dags/amazon_reviews.py
[2019-03-21 19:40:03,553] {jobs.py:1687} INFO - DAG(s) dict_keys(['amazon_reviews']) retrieved from /home/rsandroni/airflow/dags/amazon_reviews.py
[2019-03-21 19:40:03,585] {jobs.py:399} INFO - Processing /home/rsandroni/airflow/dags/amazon_reviews.py took 0.044 seconds
[2019-03-21 19:42:39,307] {jobs.py:391} INFO - Started process (PID=64022) to work on /home/rsandroni/airflow/dags/amazon_reviews.py
[2019-03-21 19:42:39,313] {jobs.py:1675} INFO - Processing file /home/rsandroni/airflow/dags/amazon_reviews.py for tasks to queue
[2019-03-21 19:42:39,314] {logging_mixin.py:95} INFO - [2019-03-21 19:42:39,314] {models.py:273} INFO - Filling up the DagBag from /home/rsandroni/airflow/dags/amazon_reviews.py
[2019-03-21 19:42:39,320] {jobs.py:1687} INFO - DAG(s) dict_keys(['amazon_reviews']) retrieved from /home/rsandroni/airflow/dags/amazon_reviews.py
[2019-03-21 19:42:39,351] {jobs.py:399} INFO - Processing /home/rsandroni/airflow/dags/amazon_reviews.py took 0.045 seconds
[2019-03-21 19:45:15,239] {jobs.py:391} INFO - Started process (PID=65442) to work on /home/rsandroni/airflow/dags/amazon_reviews.py
[2019-03-21 19:45:15,245] {jobs.py:1675} INFO - Processing file /home/rsandroni/airflow/dags/amazon_reviews.py for tasks to queue
[2019-03-21 19:45:15,245] {logging_mixin.py:95} INFO - [2019-03-21 19:45:15,245] {models.py:273} INFO - Filling up the DagBag from /home/rsandroni/airflow/dags/amazon_reviews.py
[2019-03-21 19:45:15,252] {jobs.py:1687} INFO - DAG(s) dict_keys(['amazon_reviews']) retrieved from /home/rsandroni/airflow/dags/amazon_reviews.py
[2019-03-21 19:45:15,286] {jobs.py:399} INFO - Processing /home/rsandroni/airflow/dags/amazon_reviews.py took 0.047 seconds
[2019-03-21 19:47:51,096] {jobs.py:391} INFO - Started process (PID=66895) to work on /home/rsandroni/airflow/dags/amazon_reviews.py
[2019-03-21 19:47:51,101] {jobs.py:1675} INFO - Processing file /home/rsandroni/airflow/dags/amazon_reviews.py for tasks to queue
[2019-03-21 19:47:51,101] {logging_mixin.py:95} INFO - [2019-03-21 19:47:51,101] {models.py:273} INFO - Filling up the DagBag from /home/rsandroni/airflow/dags/amazon_reviews.py
[2019-03-21 19:47:51,108] {jobs.py:1687} INFO - DAG(s) dict_keys(['amazon_reviews']) retrieved from /home/rsandroni/airflow/dags/amazon_reviews.py
[2019-03-21 19:47:51,136] {jobs.py:399} INFO - Processing /home/rsandroni/airflow/dags/amazon_reviews.py took 0.040 seconds
[2019-03-21 19:50:26,933] {jobs.py:391} INFO - Started process (PID=68323) to work on /home/rsandroni/airflow/dags/amazon_reviews.py
[2019-03-21 19:50:26,938] {jobs.py:1675} INFO - Processing file /home/rsandroni/airflow/dags/amazon_reviews.py for tasks to queue
[2019-03-21 19:50:26,939] {logging_mixin.py:95} INFO - [2019-03-21 19:50:26,938] {models.py:273} INFO - Filling up the DagBag from /home/rsandroni/airflow/dags/amazon_reviews.py
[2019-03-21 19:50:26,945] {jobs.py:1687} INFO - DAG(s) dict_keys(['amazon_reviews']) retrieved from /home/rsandroni/airflow/dags/amazon_reviews.py
[2019-03-21 19:50:26,972] {jobs.py:399} INFO - Processing /home/rsandroni/airflow/dags/amazon_reviews.py took 0.039 seconds
[2019-03-21 19:53:02,780] {jobs.py:391} INFO - Started process (PID=69743) to work on /home/rsandroni/airflow/dags/amazon_reviews.py
[2019-03-21 19:53:02,785] {jobs.py:1675} INFO - Processing file /home/rsandroni/airflow/dags/amazon_reviews.py for tasks to queue
[2019-03-21 19:53:02,786] {logging_mixin.py:95} INFO - [2019-03-21 19:53:02,786] {models.py:273} INFO - Filling up the DagBag from /home/rsandroni/airflow/dags/amazon_reviews.py
[2019-03-21 19:53:02,794] {jobs.py:1687} INFO - DAG(s) dict_keys(['amazon_reviews']) retrieved from /home/rsandroni/airflow/dags/amazon_reviews.py
[2019-03-21 19:53:02,834] {jobs.py:399} INFO - Processing /home/rsandroni/airflow/dags/amazon_reviews.py took 0.055 seconds
[2019-03-21 19:55:38,701] {jobs.py:391} INFO - Started process (PID=71173) to work on /home/rsandroni/airflow/dags/amazon_reviews.py
[2019-03-21 19:55:38,706] {jobs.py:1675} INFO - Processing file /home/rsandroni/airflow/dags/amazon_reviews.py for tasks to queue
[2019-03-21 19:55:38,707] {logging_mixin.py:95} INFO - [2019-03-21 19:55:38,707] {models.py:273} INFO - Filling up the DagBag from /home/rsandroni/airflow/dags/amazon_reviews.py
[2019-03-21 19:55:38,714] {jobs.py:1687} INFO - DAG(s) dict_keys(['amazon_reviews']) retrieved from /home/rsandroni/airflow/dags/amazon_reviews.py
[2019-03-21 19:55:38,742] {jobs.py:399} INFO - Processing /home/rsandroni/airflow/dags/amazon_reviews.py took 0.041 seconds
[2019-03-21 19:58:14,533] {jobs.py:391} INFO - Started process (PID=72624) to work on /home/rsandroni/airflow/dags/amazon_reviews.py
[2019-03-21 19:58:14,538] {jobs.py:1675} INFO - Processing file /home/rsandroni/airflow/dags/amazon_reviews.py for tasks to queue
[2019-03-21 19:58:14,539] {logging_mixin.py:95} INFO - [2019-03-21 19:58:14,539] {models.py:273} INFO - Filling up the DagBag from /home/rsandroni/airflow/dags/amazon_reviews.py
[2019-03-21 19:58:14,546] {jobs.py:1687} INFO - DAG(s) dict_keys(['amazon_reviews']) retrieved from /home/rsandroni/airflow/dags/amazon_reviews.py
[2019-03-21 19:58:14,576] {jobs.py:399} INFO - Processing /home/rsandroni/airflow/dags/amazon_reviews.py took 0.043 seconds
[2019-03-21 20:00:50,385] {jobs.py:391} INFO - Started process (PID=74051) to work on /home/rsandroni/airflow/dags/amazon_reviews.py
[2019-03-21 20:00:50,390] {jobs.py:1675} INFO - Processing file /home/rsandroni/airflow/dags/amazon_reviews.py for tasks to queue
[2019-03-21 20:00:50,391] {logging_mixin.py:95} INFO - [2019-03-21 20:00:50,391] {models.py:273} INFO - Filling up the DagBag from /home/rsandroni/airflow/dags/amazon_reviews.py
[2019-03-21 20:00:50,398] {jobs.py:1687} INFO - DAG(s) dict_keys(['amazon_reviews']) retrieved from /home/rsandroni/airflow/dags/amazon_reviews.py
[2019-03-21 20:00:50,427] {jobs.py:399} INFO - Processing /home/rsandroni/airflow/dags/amazon_reviews.py took 0.042 seconds
[2019-03-21 20:03:28,394] {jobs.py:391} INFO - Started process (PID=75960) to work on /home/rsandroni/airflow/dags/amazon_reviews.py
[2019-03-21 20:03:28,420] {jobs.py:1675} INFO - Processing file /home/rsandroni/airflow/dags/amazon_reviews.py for tasks to queue
[2019-03-21 20:03:28,420] {logging_mixin.py:95} INFO - [2019-03-21 20:03:28,420] {models.py:273} INFO - Filling up the DagBag from /home/rsandroni/airflow/dags/amazon_reviews.py
[2019-03-21 20:03:28,426] {jobs.py:1687} INFO - DAG(s) dict_keys(['amazon_reviews']) retrieved from /home/rsandroni/airflow/dags/amazon_reviews.py
[2019-03-21 20:03:28,527] {jobs.py:399} INFO - Processing /home/rsandroni/airflow/dags/amazon_reviews.py took 0.133 seconds
[2019-03-21 20:06:05,757] {jobs.py:391} INFO - Started process (PID=78197) to work on /home/rsandroni/airflow/dags/amazon_reviews.py
[2019-03-21 20:06:05,764] {jobs.py:1675} INFO - Processing file /home/rsandroni/airflow/dags/amazon_reviews.py for tasks to queue
[2019-03-21 20:06:05,764] {logging_mixin.py:95} INFO - [2019-03-21 20:06:05,764] {models.py:273} INFO - Filling up the DagBag from /home/rsandroni/airflow/dags/amazon_reviews.py
[2019-03-21 20:06:05,772] {jobs.py:1687} INFO - DAG(s) dict_keys(['amazon_reviews']) retrieved from /home/rsandroni/airflow/dags/amazon_reviews.py
[2019-03-21 20:06:05,840] {jobs.py:399} INFO - Processing /home/rsandroni/airflow/dags/amazon_reviews.py took 0.083 seconds
[2019-03-21 20:08:42,090] {jobs.py:391} INFO - Started process (PID=80410) to work on /home/rsandroni/airflow/dags/amazon_reviews.py
[2019-03-21 20:08:42,096] {jobs.py:1675} INFO - Processing file /home/rsandroni/airflow/dags/amazon_reviews.py for tasks to queue
[2019-03-21 20:08:42,096] {logging_mixin.py:95} INFO - [2019-03-21 20:08:42,096] {models.py:273} INFO - Filling up the DagBag from /home/rsandroni/airflow/dags/amazon_reviews.py
[2019-03-21 20:08:42,102] {jobs.py:1687} INFO - DAG(s) dict_keys(['amazon_reviews']) retrieved from /home/rsandroni/airflow/dags/amazon_reviews.py
[2019-03-21 20:08:42,132] {jobs.py:399} INFO - Processing /home/rsandroni/airflow/dags/amazon_reviews.py took 0.042 seconds
[2019-03-21 20:11:19,366] {jobs.py:391} INFO - Started process (PID=82718) to work on /home/rsandroni/airflow/dags/amazon_reviews.py
[2019-03-21 20:11:19,371] {jobs.py:1675} INFO - Processing file /home/rsandroni/airflow/dags/amazon_reviews.py for tasks to queue
[2019-03-21 20:11:19,372] {logging_mixin.py:95} INFO - [2019-03-21 20:11:19,372] {models.py:273} INFO - Filling up the DagBag from /home/rsandroni/airflow/dags/amazon_reviews.py
[2019-03-21 20:11:19,377] {jobs.py:1687} INFO - DAG(s) dict_keys(['amazon_reviews']) retrieved from /home/rsandroni/airflow/dags/amazon_reviews.py
[2019-03-21 20:11:19,404] {jobs.py:399} INFO - Processing /home/rsandroni/airflow/dags/amazon_reviews.py took 0.038 seconds
[2019-03-21 20:13:55,454] {jobs.py:391} INFO - Started process (PID=85052) to work on /home/rsandroni/airflow/dags/amazon_reviews.py
[2019-03-21 20:13:55,460] {jobs.py:1675} INFO - Processing file /home/rsandroni/airflow/dags/amazon_reviews.py for tasks to queue
[2019-03-21 20:13:55,460] {logging_mixin.py:95} INFO - [2019-03-21 20:13:55,460] {models.py:273} INFO - Filling up the DagBag from /home/rsandroni/airflow/dags/amazon_reviews.py
[2019-03-21 20:13:55,466] {jobs.py:1687} INFO - DAG(s) dict_keys(['amazon_reviews']) retrieved from /home/rsandroni/airflow/dags/amazon_reviews.py
[2019-03-21 20:13:55,498] {jobs.py:399} INFO - Processing /home/rsandroni/airflow/dags/amazon_reviews.py took 0.044 seconds
[2019-03-21 20:16:32,010] {jobs.py:391} INFO - Started process (PID=88001) to work on /home/rsandroni/airflow/dags/amazon_reviews.py
[2019-03-21 20:16:32,049] {jobs.py:1675} INFO - Processing file /home/rsandroni/airflow/dags/amazon_reviews.py for tasks to queue
[2019-03-21 20:16:32,049] {logging_mixin.py:95} INFO - [2019-03-21 20:16:32,049] {models.py:273} INFO - Filling up the DagBag from /home/rsandroni/airflow/dags/amazon_reviews.py
[2019-03-21 20:16:32,054] {jobs.py:1687} INFO - DAG(s) dict_keys(['amazon_reviews']) retrieved from /home/rsandroni/airflow/dags/amazon_reviews.py
[2019-03-21 20:16:32,154] {jobs.py:399} INFO - Processing /home/rsandroni/airflow/dags/amazon_reviews.py took 0.144 seconds
[2019-03-21 20:19:10,937] {jobs.py:391} INFO - Started process (PID=92651) to work on /home/rsandroni/airflow/dags/amazon_reviews.py
[2019-03-21 20:19:10,943] {jobs.py:1675} INFO - Processing file /home/rsandroni/airflow/dags/amazon_reviews.py for tasks to queue
[2019-03-21 20:19:10,943] {logging_mixin.py:95} INFO - [2019-03-21 20:19:10,943] {models.py:273} INFO - Filling up the DagBag from /home/rsandroni/airflow/dags/amazon_reviews.py
[2019-03-21 20:19:10,949] {jobs.py:1687} INFO - DAG(s) dict_keys(['amazon_reviews']) retrieved from /home/rsandroni/airflow/dags/amazon_reviews.py
[2019-03-21 20:19:11,007] {jobs.py:399} INFO - Processing /home/rsandroni/airflow/dags/amazon_reviews.py took 0.070 seconds
[2019-03-21 20:21:49,200] {jobs.py:391} INFO - Started process (PID=97515) to work on /home/rsandroni/airflow/dags/amazon_reviews.py
[2019-03-21 20:21:49,253] {jobs.py:1675} INFO - Processing file /home/rsandroni/airflow/dags/amazon_reviews.py for tasks to queue
[2019-03-21 20:21:49,254] {logging_mixin.py:95} INFO - [2019-03-21 20:21:49,254] {models.py:273} INFO - Filling up the DagBag from /home/rsandroni/airflow/dags/amazon_reviews.py
[2019-03-21 20:21:49,263] {jobs.py:1687} INFO - DAG(s) dict_keys(['amazon_reviews']) retrieved from /home/rsandroni/airflow/dags/amazon_reviews.py
[2019-03-21 20:21:49,394] {jobs.py:399} INFO - Processing /home/rsandroni/airflow/dags/amazon_reviews.py took 0.194 seconds
[2019-03-21 20:24:27,330] {jobs.py:391} INFO - Started process (PID=102194) to work on /home/rsandroni/airflow/dags/amazon_reviews.py
[2019-03-21 20:24:27,335] {jobs.py:1675} INFO - Processing file /home/rsandroni/airflow/dags/amazon_reviews.py for tasks to queue
[2019-03-21 20:24:27,336] {logging_mixin.py:95} INFO - [2019-03-21 20:24:27,336] {models.py:273} INFO - Filling up the DagBag from /home/rsandroni/airflow/dags/amazon_reviews.py
[2019-03-21 20:24:27,342] {jobs.py:1687} INFO - DAG(s) dict_keys(['amazon_reviews']) retrieved from /home/rsandroni/airflow/dags/amazon_reviews.py
[2019-03-21 20:24:27,390] {jobs.py:399} INFO - Processing /home/rsandroni/airflow/dags/amazon_reviews.py took 0.060 seconds
[2019-03-21 20:27:03,880] {jobs.py:391} INFO - Started process (PID=106540) to work on /home/rsandroni/airflow/dags/amazon_reviews.py
[2019-03-21 20:27:03,885] {jobs.py:1675} INFO - Processing file /home/rsandroni/airflow/dags/amazon_reviews.py for tasks to queue
[2019-03-21 20:27:03,885] {logging_mixin.py:95} INFO - [2019-03-21 20:27:03,885] {models.py:273} INFO - Filling up the DagBag from /home/rsandroni/airflow/dags/amazon_reviews.py
[2019-03-21 20:27:03,892] {jobs.py:1687} INFO - DAG(s) dict_keys(['amazon_reviews']) retrieved from /home/rsandroni/airflow/dags/amazon_reviews.py
[2019-03-21 20:27:03,920] {jobs.py:399} INFO - Processing /home/rsandroni/airflow/dags/amazon_reviews.py took 0.041 seconds
[2019-03-21 20:29:41,165] {jobs.py:391} INFO - Started process (PID=111081) to work on /home/rsandroni/airflow/dags/amazon_reviews.py
[2019-03-21 20:29:41,170] {jobs.py:1675} INFO - Processing file /home/rsandroni/airflow/dags/amazon_reviews.py for tasks to queue
[2019-03-21 20:29:41,171] {logging_mixin.py:95} INFO - [2019-03-21 20:29:41,171] {models.py:273} INFO - Filling up the DagBag from /home/rsandroni/airflow/dags/amazon_reviews.py
[2019-03-21 20:29:41,177] {jobs.py:1687} INFO - DAG(s) dict_keys(['amazon_reviews']) retrieved from /home/rsandroni/airflow/dags/amazon_reviews.py
[2019-03-21 20:29:41,205] {jobs.py:399} INFO - Processing /home/rsandroni/airflow/dags/amazon_reviews.py took 0.040 seconds
[2019-03-21 20:32:19,019] {jobs.py:391} INFO - Started process (PID=115215) to work on /home/rsandroni/airflow/dags/amazon_reviews.py
[2019-03-21 20:32:19,024] {jobs.py:1675} INFO - Processing file /home/rsandroni/airflow/dags/amazon_reviews.py for tasks to queue
[2019-03-21 20:32:19,024] {logging_mixin.py:95} INFO - [2019-03-21 20:32:19,024] {models.py:273} INFO - Filling up the DagBag from /home/rsandroni/airflow/dags/amazon_reviews.py
[2019-03-21 20:32:19,031] {jobs.py:1687} INFO - DAG(s) dict_keys(['amazon_reviews']) retrieved from /home/rsandroni/airflow/dags/amazon_reviews.py
[2019-03-21 20:32:19,056] {jobs.py:399} INFO - Processing /home/rsandroni/airflow/dags/amazon_reviews.py took 0.037 seconds
[2019-03-21 20:34:55,304] {jobs.py:391} INFO - Started process (PID=120119) to work on /home/rsandroni/airflow/dags/amazon_reviews.py
[2019-03-21 20:34:55,309] {jobs.py:1675} INFO - Processing file /home/rsandroni/airflow/dags/amazon_reviews.py for tasks to queue
[2019-03-21 20:34:55,309] {logging_mixin.py:95} INFO - [2019-03-21 20:34:55,309] {models.py:273} INFO - Filling up the DagBag from /home/rsandroni/airflow/dags/amazon_reviews.py
[2019-03-21 20:34:55,315] {jobs.py:1687} INFO - DAG(s) dict_keys(['amazon_reviews']) retrieved from /home/rsandroni/airflow/dags/amazon_reviews.py
[2019-03-21 20:34:55,342] {jobs.py:399} INFO - Processing /home/rsandroni/airflow/dags/amazon_reviews.py took 0.038 seconds
[2019-03-21 20:37:36,145] {jobs.py:391} INFO - Started process (PID=124907) to work on /home/rsandroni/airflow/dags/amazon_reviews.py
[2019-03-21 20:37:36,183] {jobs.py:1675} INFO - Processing file /home/rsandroni/airflow/dags/amazon_reviews.py for tasks to queue
[2019-03-21 20:37:36,183] {logging_mixin.py:95} INFO - [2019-03-21 20:37:36,183] {models.py:273} INFO - Filling up the DagBag from /home/rsandroni/airflow/dags/amazon_reviews.py
[2019-03-21 20:37:36,189] {jobs.py:1687} INFO - DAG(s) dict_keys(['amazon_reviews']) retrieved from /home/rsandroni/airflow/dags/amazon_reviews.py
[2019-03-21 20:37:36,272] {jobs.py:399} INFO - Processing /home/rsandroni/airflow/dags/amazon_reviews.py took 0.127 seconds
[2019-03-21 20:40:14,916] {jobs.py:391} INFO - Started process (PID=129736) to work on /home/rsandroni/airflow/dags/amazon_reviews.py
[2019-03-21 20:40:14,940] {jobs.py:1675} INFO - Processing file /home/rsandroni/airflow/dags/amazon_reviews.py for tasks to queue
[2019-03-21 20:40:14,940] {logging_mixin.py:95} INFO - [2019-03-21 20:40:14,940] {models.py:273} INFO - Filling up the DagBag from /home/rsandroni/airflow/dags/amazon_reviews.py
[2019-03-21 20:40:14,946] {jobs.py:1687} INFO - DAG(s) dict_keys(['amazon_reviews']) retrieved from /home/rsandroni/airflow/dags/amazon_reviews.py
[2019-03-21 20:40:15,050] {jobs.py:399} INFO - Processing /home/rsandroni/airflow/dags/amazon_reviews.py took 0.134 seconds
[2019-03-21 20:42:51,140] {jobs.py:391} INFO - Started process (PID=134862) to work on /home/rsandroni/airflow/dags/amazon_reviews.py
[2019-03-21 20:42:51,145] {jobs.py:1675} INFO - Processing file /home/rsandroni/airflow/dags/amazon_reviews.py for tasks to queue
[2019-03-21 20:42:51,146] {logging_mixin.py:95} INFO - [2019-03-21 20:42:51,146] {models.py:273} INFO - Filling up the DagBag from /home/rsandroni/airflow/dags/amazon_reviews.py
[2019-03-21 20:42:51,151] {jobs.py:1687} INFO - DAG(s) dict_keys(['amazon_reviews']) retrieved from /home/rsandroni/airflow/dags/amazon_reviews.py
[2019-03-21 20:42:51,179] {jobs.py:399} INFO - Processing /home/rsandroni/airflow/dags/amazon_reviews.py took 0.039 seconds
[2019-03-21 20:45:29,297] {jobs.py:391} INFO - Started process (PID=139774) to work on /home/rsandroni/airflow/dags/amazon_reviews.py
[2019-03-21 20:45:29,328] {jobs.py:1675} INFO - Processing file /home/rsandroni/airflow/dags/amazon_reviews.py for tasks to queue
[2019-03-21 20:45:29,329] {logging_mixin.py:95} INFO - [2019-03-21 20:45:29,329] {models.py:273} INFO - Filling up the DagBag from /home/rsandroni/airflow/dags/amazon_reviews.py
[2019-03-21 20:45:29,336] {jobs.py:1687} INFO - DAG(s) dict_keys(['amazon_reviews']) retrieved from /home/rsandroni/airflow/dags/amazon_reviews.py
[2019-03-21 20:45:29,416] {jobs.py:399} INFO - Processing /home/rsandroni/airflow/dags/amazon_reviews.py took 0.119 seconds
[2019-03-21 20:48:09,025] {jobs.py:391} INFO - Started process (PID=144860) to work on /home/rsandroni/airflow/dags/amazon_reviews.py
[2019-03-21 20:48:09,030] {jobs.py:1675} INFO - Processing file /home/rsandroni/airflow/dags/amazon_reviews.py for tasks to queue
[2019-03-21 20:48:09,031] {logging_mixin.py:95} INFO - [2019-03-21 20:48:09,031] {models.py:273} INFO - Filling up the DagBag from /home/rsandroni/airflow/dags/amazon_reviews.py
[2019-03-21 20:48:09,036] {jobs.py:1687} INFO - DAG(s) dict_keys(['amazon_reviews']) retrieved from /home/rsandroni/airflow/dags/amazon_reviews.py
[2019-03-21 20:48:09,065] {jobs.py:399} INFO - Processing /home/rsandroni/airflow/dags/amazon_reviews.py took 0.039 seconds
[2019-03-21 20:50:45,679] {jobs.py:391} INFO - Started process (PID=150154) to work on /home/rsandroni/airflow/dags/amazon_reviews.py
[2019-03-21 20:50:45,685] {jobs.py:1675} INFO - Processing file /home/rsandroni/airflow/dags/amazon_reviews.py for tasks to queue
[2019-03-21 20:50:45,686] {logging_mixin.py:95} INFO - [2019-03-21 20:50:45,686] {models.py:273} INFO - Filling up the DagBag from /home/rsandroni/airflow/dags/amazon_reviews.py
[2019-03-21 20:50:45,691] {jobs.py:1687} INFO - DAG(s) dict_keys(['amazon_reviews']) retrieved from /home/rsandroni/airflow/dags/amazon_reviews.py
[2019-03-21 20:50:45,717] {jobs.py:399} INFO - Processing /home/rsandroni/airflow/dags/amazon_reviews.py took 0.038 seconds
[2019-03-21 20:53:21,928] {jobs.py:391} INFO - Started process (PID=155388) to work on /home/rsandroni/airflow/dags/amazon_reviews.py
[2019-03-21 20:53:21,966] {jobs.py:1675} INFO - Processing file /home/rsandroni/airflow/dags/amazon_reviews.py for tasks to queue
[2019-03-21 20:53:21,966] {logging_mixin.py:95} INFO - [2019-03-21 20:53:21,966] {models.py:273} INFO - Filling up the DagBag from /home/rsandroni/airflow/dags/amazon_reviews.py
[2019-03-21 20:53:21,972] {jobs.py:1687} INFO - DAG(s) dict_keys(['amazon_reviews']) retrieved from /home/rsandroni/airflow/dags/amazon_reviews.py
[2019-03-21 20:53:22,064] {jobs.py:399} INFO - Processing /home/rsandroni/airflow/dags/amazon_reviews.py took 0.136 seconds
[2019-03-21 20:56:01,938] {jobs.py:391} INFO - Started process (PID=161870) to work on /home/rsandroni/airflow/dags/amazon_reviews.py
[2019-03-21 20:56:01,943] {jobs.py:1675} INFO - Processing file /home/rsandroni/airflow/dags/amazon_reviews.py for tasks to queue
[2019-03-21 20:56:01,944] {logging_mixin.py:95} INFO - [2019-03-21 20:56:01,943] {models.py:273} INFO - Filling up the DagBag from /home/rsandroni/airflow/dags/amazon_reviews.py
[2019-03-21 20:56:01,950] {jobs.py:1687} INFO - DAG(s) dict_keys(['amazon_reviews']) retrieved from /home/rsandroni/airflow/dags/amazon_reviews.py
[2019-03-21 20:56:01,977] {jobs.py:399} INFO - Processing /home/rsandroni/airflow/dags/amazon_reviews.py took 0.039 seconds
[2019-03-21 20:58:43,283] {jobs.py:391} INFO - Started process (PID=168489) to work on /home/rsandroni/airflow/dags/amazon_reviews.py
[2019-03-21 20:58:43,313] {jobs.py:1675} INFO - Processing file /home/rsandroni/airflow/dags/amazon_reviews.py for tasks to queue
[2019-03-21 20:58:43,313] {logging_mixin.py:95} INFO - [2019-03-21 20:58:43,313] {models.py:273} INFO - Filling up the DagBag from /home/rsandroni/airflow/dags/amazon_reviews.py
[2019-03-21 20:58:43,321] {jobs.py:1687} INFO - DAG(s) dict_keys(['amazon_reviews']) retrieved from /home/rsandroni/airflow/dags/amazon_reviews.py
[2019-03-21 20:58:43,383] {jobs.py:399} INFO - Processing /home/rsandroni/airflow/dags/amazon_reviews.py took 0.101 seconds
