[2019-03-19 11:08:38,492] {models.py:1359} INFO - Dependencies all met for <TaskInstance: tutorial.templated 2015-09-11T00:00:00+00:00 [queued]>
[2019-03-19 11:08:38,497] {models.py:1359} INFO - Dependencies all met for <TaskInstance: tutorial.templated 2015-09-11T00:00:00+00:00 [queued]>
[2019-03-19 11:08:38,497] {models.py:1571} INFO - 
--------------------------------------------------------------------------------
Starting attempt 1 of 2
--------------------------------------------------------------------------------

[2019-03-19 11:08:38,510] {models.py:1593} INFO - Executing <Task(BashOperator): templated> on 2015-09-11T00:00:00+00:00
[2019-03-19 11:08:38,510] {base_task_runner.py:118} INFO - Running: ['bash', '-c', 'airflow run tutorial templated 2015-09-11T00:00:00+00:00 --job_id 211 --raw -sd DAGS_FOLDER/example_dags/tutorial.py --cfg_path /tmp/tmp54u4bk74']
[2019-03-19 11:08:39,117] {base_task_runner.py:101} INFO - Job 211: Subtask templated [2019-03-19 11:08:39,116] {__init__.py:51} INFO - Using executor SequentialExecutor
[2019-03-19 11:08:39,342] {base_task_runner.py:101} INFO - Job 211: Subtask templated [2019-03-19 11:08:39,341] {models.py:273} INFO - Filling up the DagBag from /home/rsandroni/airflow/dags/example_dags/tutorial.py
[2019-03-19 11:08:39,383] {base_task_runner.py:101} INFO - Job 211: Subtask templated [2019-03-19 11:08:39,383] {cli.py:520} INFO - Running <TaskInstance: tutorial.templated 2015-09-11T00:00:00+00:00 [running]> on host IADAIRP1.globalrs.rack.space
[2019-03-19 11:08:39,401] {bash_operator.py:77} INFO - Tmp dir root location: 
 /tmp
[2019-03-19 11:08:39,401] {bash_operator.py:86} INFO - Exporting the following env vars:
AIRFLOW_CTX_DAG_ID=tutorial
AIRFLOW_CTX_TASK_ID=templated
AIRFLOW_CTX_EXECUTION_DATE=2015-09-11T00:00:00+00:00
AIRFLOW_CTX_DAG_RUN_ID=scheduled__2015-09-11T00:00:00+00:00
[2019-03-19 11:08:39,402] {bash_operator.py:100} INFO - Temporary script location: /tmp/airflowtmp7r_088sb/templated0sy62tmb
[2019-03-19 11:08:39,402] {bash_operator.py:110} INFO - Running command: 

    echo "2015-09-11"
    echo "2015-09-18"
    echo "Parameter I passed in"

    echo "2015-09-11"
    echo "2015-09-18"
    echo "Parameter I passed in"

    echo "2015-09-11"
    echo "2015-09-18"
    echo "Parameter I passed in"

    echo "2015-09-11"
    echo "2015-09-18"
    echo "Parameter I passed in"

    echo "2015-09-11"
    echo "2015-09-18"
    echo "Parameter I passed in"

[2019-03-19 11:08:39,407] {bash_operator.py:119} INFO - Output:
[2019-03-19 11:08:39,408] {bash_operator.py:123} INFO - 2015-09-11
[2019-03-19 11:08:39,408] {bash_operator.py:123} INFO - 2015-09-18
[2019-03-19 11:08:39,408] {bash_operator.py:123} INFO - Parameter I passed in
[2019-03-19 11:08:39,408] {bash_operator.py:123} INFO - 2015-09-11
[2019-03-19 11:08:39,408] {bash_operator.py:123} INFO - 2015-09-18
[2019-03-19 11:08:39,408] {bash_operator.py:123} INFO - Parameter I passed in
[2019-03-19 11:08:39,408] {bash_operator.py:123} INFO - 2015-09-11
[2019-03-19 11:08:39,408] {bash_operator.py:123} INFO - 2015-09-18
[2019-03-19 11:08:39,408] {bash_operator.py:123} INFO - Parameter I passed in
[2019-03-19 11:08:39,408] {bash_operator.py:123} INFO - 2015-09-11
[2019-03-19 11:08:39,408] {bash_operator.py:123} INFO - 2015-09-18
[2019-03-19 11:08:39,408] {bash_operator.py:123} INFO - Parameter I passed in
[2019-03-19 11:08:39,408] {bash_operator.py:123} INFO - 2015-09-11
[2019-03-19 11:08:39,408] {bash_operator.py:123} INFO - 2015-09-18
[2019-03-19 11:08:39,409] {bash_operator.py:123} INFO - Parameter I passed in
[2019-03-19 11:08:39,409] {bash_operator.py:127} INFO - Command exited with return code 0
[2019-03-19 11:08:43,487] {logging_mixin.py:95} INFO - [2019-03-19 11:08:43,486] {jobs.py:2527} INFO - Task exited with return code 0
