[2019-03-19 11:35:31,501] {models.py:1359} INFO - Dependencies all met for <TaskInstance: tutorial.templated 2015-11-09T00:00:00+00:00 [queued]>
[2019-03-19 11:35:31,505] {models.py:1359} INFO - Dependencies all met for <TaskInstance: tutorial.templated 2015-11-09T00:00:00+00:00 [queued]>
[2019-03-19 11:35:31,505] {models.py:1571} INFO - 
--------------------------------------------------------------------------------
Starting attempt 1 of 2
--------------------------------------------------------------------------------

[2019-03-19 11:35:31,518] {models.py:1593} INFO - Executing <Task(BashOperator): templated> on 2015-11-09T00:00:00+00:00
[2019-03-19 11:35:31,518] {base_task_runner.py:118} INFO - Running: ['bash', '-c', 'airflow run tutorial templated 2015-11-09T00:00:00+00:00 --job_id 329 --raw -sd DAGS_FOLDER/example_dags/tutorial.py --cfg_path /tmp/tmpa71amx6v']
[2019-03-19 11:35:32,185] {base_task_runner.py:101} INFO - Job 329: Subtask templated [2019-03-19 11:35:32,184] {__init__.py:51} INFO - Using executor SequentialExecutor
[2019-03-19 11:35:32,405] {base_task_runner.py:101} INFO - Job 329: Subtask templated [2019-03-19 11:35:32,405] {models.py:273} INFO - Filling up the DagBag from /home/rsandroni/airflow/dags/example_dags/tutorial.py
[2019-03-19 11:35:32,446] {base_task_runner.py:101} INFO - Job 329: Subtask templated [2019-03-19 11:35:32,445] {cli.py:520} INFO - Running <TaskInstance: tutorial.templated 2015-11-09T00:00:00+00:00 [running]> on host IADAIRP1.globalrs.rack.space
[2019-03-19 11:35:32,465] {bash_operator.py:77} INFO - Tmp dir root location: 
 /tmp
[2019-03-19 11:35:32,465] {bash_operator.py:86} INFO - Exporting the following env vars:
AIRFLOW_CTX_DAG_ID=tutorial
AIRFLOW_CTX_TASK_ID=templated
AIRFLOW_CTX_EXECUTION_DATE=2015-11-09T00:00:00+00:00
AIRFLOW_CTX_DAG_RUN_ID=scheduled__2015-11-09T00:00:00+00:00
[2019-03-19 11:35:32,465] {bash_operator.py:100} INFO - Temporary script location: /tmp/airflowtmp_pci5t_y/templatedqzaopfiv
[2019-03-19 11:35:32,465] {bash_operator.py:110} INFO - Running command: 

    echo "2015-11-09"
    echo "2015-11-16"
    echo "Parameter I passed in"

    echo "2015-11-09"
    echo "2015-11-16"
    echo "Parameter I passed in"

    echo "2015-11-09"
    echo "2015-11-16"
    echo "Parameter I passed in"

    echo "2015-11-09"
    echo "2015-11-16"
    echo "Parameter I passed in"

    echo "2015-11-09"
    echo "2015-11-16"
    echo "Parameter I passed in"

[2019-03-19 11:35:32,470] {bash_operator.py:119} INFO - Output:
[2019-03-19 11:35:32,472] {bash_operator.py:123} INFO - 2015-11-09
[2019-03-19 11:35:32,472] {bash_operator.py:123} INFO - 2015-11-16
[2019-03-19 11:35:32,472] {bash_operator.py:123} INFO - Parameter I passed in
[2019-03-19 11:35:32,472] {bash_operator.py:123} INFO - 2015-11-09
[2019-03-19 11:35:32,472] {bash_operator.py:123} INFO - 2015-11-16
[2019-03-19 11:35:32,472] {bash_operator.py:123} INFO - Parameter I passed in
[2019-03-19 11:35:32,472] {bash_operator.py:123} INFO - 2015-11-09
[2019-03-19 11:35:32,472] {bash_operator.py:123} INFO - 2015-11-16
[2019-03-19 11:35:32,472] {bash_operator.py:123} INFO - Parameter I passed in
[2019-03-19 11:35:32,472] {bash_operator.py:123} INFO - 2015-11-09
[2019-03-19 11:35:32,472] {bash_operator.py:123} INFO - 2015-11-16
[2019-03-19 11:35:32,472] {bash_operator.py:123} INFO - Parameter I passed in
[2019-03-19 11:35:32,472] {bash_operator.py:123} INFO - 2015-11-09
[2019-03-19 11:35:32,472] {bash_operator.py:123} INFO - 2015-11-16
[2019-03-19 11:35:32,472] {bash_operator.py:123} INFO - Parameter I passed in
[2019-03-19 11:35:32,472] {bash_operator.py:127} INFO - Command exited with return code 0
[2019-03-19 11:35:36,504] {logging_mixin.py:95} INFO - [2019-03-19 11:35:36,503] {jobs.py:2527} INFO - Task exited with return code 0
