[2019-03-19 14:52:02,571] {models.py:1359} INFO - Dependencies all met for <TaskInstance: tutorial.print_date 2017-01-02T00:00:00+00:00 [queued]>
[2019-03-19 14:52:02,573] {models.py:1359} INFO - Dependencies all met for <TaskInstance: tutorial.print_date 2017-01-02T00:00:00+00:00 [queued]>
[2019-03-19 14:52:02,574] {models.py:1571} INFO - 
--------------------------------------------------------------------------------
Starting attempt 1 of 2
--------------------------------------------------------------------------------

[2019-03-19 14:52:02,638] {models.py:1593} INFO - Executing <Task(BashOperator): print_date> on 2017-01-02T00:00:00+00:00
[2019-03-19 14:52:02,638] {base_task_runner.py:118} INFO - Running: ['bash', '-c', 'airflow run tutorial print_date 2017-01-02T00:00:00+00:00 --job_id 1166 --raw -sd DAGS_FOLDER/sql_server_load.py --cfg_path /tmp/tmpci9sg9ym']
[2019-03-19 14:52:03,523] {base_task_runner.py:101} INFO - Job 1166: Subtask print_date [2019-03-19 14:52:03,519] {__init__.py:51} INFO - Using executor SequentialExecutor
[2019-03-19 14:52:04,009] {base_task_runner.py:101} INFO - Job 1166: Subtask print_date [2019-03-19 14:52:03,998] {models.py:273} INFO - Filling up the DagBag from /home/rsandroni/airflow/dags/sql_server_load.py
[2019-03-19 14:52:04,048] {base_task_runner.py:101} INFO - Job 1166: Subtask print_date [2019-03-19 14:52:04,047] {cli.py:520} INFO - Running <TaskInstance: tutorial.print_date 2017-01-02T00:00:00+00:00 [running]> on host IADAIRP1.globalrs.rack.space
[2019-03-19 14:52:04,088] {bash_operator.py:77} INFO - Tmp dir root location: 
 /tmp
[2019-03-19 14:52:04,088] {bash_operator.py:86} INFO - Exporting the following env vars:
AIRFLOW_CTX_DAG_ID=tutorial
AIRFLOW_CTX_TASK_ID=print_date
AIRFLOW_CTX_EXECUTION_DATE=2017-01-02T00:00:00+00:00
AIRFLOW_CTX_DAG_RUN_ID=scheduled__2017-01-02T00:00:00+00:00
[2019-03-19 14:52:04,088] {bash_operator.py:100} INFO - Temporary script location: /tmp/airflowtmpx5llxpe1/print_dateck3n1sd9
[2019-03-19 14:52:04,088] {bash_operator.py:110} INFO - Running command: date
[2019-03-19 14:52:04,136] {bash_operator.py:119} INFO - Output:
[2019-03-19 14:52:04,160] {bash_operator.py:123} INFO - Ter Mar 19 14:52:04 -03 2019
[2019-03-19 14:52:04,161] {bash_operator.py:127} INFO - Command exited with return code 0
[2019-03-19 14:52:07,621] {logging_mixin.py:95} INFO - [2019-03-19 14:52:07,621] {jobs.py:2527} INFO - Task exited with return code 0
