[2019-03-19 15:42:48,113] {models.py:1359} INFO - Dependencies all met for <TaskInstance: tutorial.print_date 2017-04-23T00:00:00+00:00 [queued]>
[2019-03-19 15:42:48,116] {models.py:1359} INFO - Dependencies all met for <TaskInstance: tutorial.print_date 2017-04-23T00:00:00+00:00 [queued]>
[2019-03-19 15:42:48,116] {models.py:1571} INFO - 
--------------------------------------------------------------------------------
Starting attempt 1 of 2
--------------------------------------------------------------------------------

[2019-03-19 15:42:48,179] {models.py:1593} INFO - Executing <Task(BashOperator): print_date> on 2017-04-23T00:00:00+00:00
[2019-03-19 15:42:48,179] {base_task_runner.py:118} INFO - Running: ['bash', '-c', 'airflow run tutorial print_date 2017-04-23T00:00:00+00:00 --job_id 1388 --raw -sd DAGS_FOLDER/sql_server_load.py --cfg_path /tmp/tmpou9kasxn']
[2019-03-19 15:42:49,622] {base_task_runner.py:101} INFO - Job 1388: Subtask print_date [2019-03-19 15:42:49,621] {__init__.py:51} INFO - Using executor SequentialExecutor
[2019-03-19 15:42:49,992] {base_task_runner.py:101} INFO - Job 1388: Subtask print_date [2019-03-19 15:42:49,986] {models.py:273} INFO - Filling up the DagBag from /home/rsandroni/airflow/dags/sql_server_load.py
[2019-03-19 15:42:50,037] {base_task_runner.py:101} INFO - Job 1388: Subtask print_date [2019-03-19 15:42:50,034] {cli.py:520} INFO - Running <TaskInstance: tutorial.print_date 2017-04-23T00:00:00+00:00 [running]> on host IADAIRP1.globalrs.rack.space
[2019-03-19 15:42:50,079] {bash_operator.py:77} INFO - Tmp dir root location: 
 /tmp
[2019-03-19 15:42:50,079] {bash_operator.py:86} INFO - Exporting the following env vars:
AIRFLOW_CTX_DAG_ID=tutorial
AIRFLOW_CTX_TASK_ID=print_date
AIRFLOW_CTX_EXECUTION_DATE=2017-04-23T00:00:00+00:00
AIRFLOW_CTX_DAG_RUN_ID=scheduled__2017-04-23T00:00:00+00:00
[2019-03-19 15:42:50,080] {bash_operator.py:100} INFO - Temporary script location: /tmp/airflowtmp7rm1gj9q/print_dateev63hzo7
[2019-03-19 15:42:50,080] {bash_operator.py:110} INFO - Running command: date
[2019-03-19 15:42:50,138] {bash_operator.py:119} INFO - Output:
[2019-03-19 15:42:50,156] {bash_operator.py:123} INFO - Ter Mar 19 15:42:50 -03 2019
[2019-03-19 15:42:50,157] {bash_operator.py:127} INFO - Command exited with return code 0
[2019-03-19 15:42:53,115] {logging_mixin.py:95} INFO - [2019-03-19 15:42:53,114] {jobs.py:2527} INFO - Task exited with return code 0
