[2019-03-19 13:04:10,161] {models.py:1359} INFO - Dependencies all met for <TaskInstance: tutorial.print_date 2016-05-20T00:00:00+00:00 [queued]>
[2019-03-19 13:04:10,163] {models.py:1359} INFO - Dependencies all met for <TaskInstance: tutorial.print_date 2016-05-20T00:00:00+00:00 [queued]>
[2019-03-19 13:04:10,164] {models.py:1571} INFO - 
--------------------------------------------------------------------------------
Starting attempt 1 of 2
--------------------------------------------------------------------------------

[2019-03-19 13:04:10,237] {models.py:1593} INFO - Executing <Task(BashOperator): print_date> on 2016-05-20T00:00:00+00:00
[2019-03-19 13:04:10,237] {base_task_runner.py:118} INFO - Running: ['bash', '-c', 'airflow run tutorial print_date 2016-05-20T00:00:00+00:00 --job_id 714 --raw -sd DAGS_FOLDER/tutorial.py --cfg_path /tmp/tmpfd_h80yf']
[2019-03-19 13:04:12,372] {base_task_runner.py:101} INFO - Job 714: Subtask print_date [2019-03-19 13:04:12,365] {__init__.py:51} INFO - Using executor SequentialExecutor
[2019-03-19 13:04:13,332] {base_task_runner.py:101} INFO - Job 714: Subtask print_date [2019-03-19 13:04:13,324] {models.py:273} INFO - Filling up the DagBag from /home/rsandroni/airflow/dags/tutorial.py
[2019-03-19 13:04:13,369] {base_task_runner.py:101} INFO - Job 714: Subtask print_date [2019-03-19 13:04:13,369] {cli.py:520} INFO - Running <TaskInstance: tutorial.print_date 2016-05-20T00:00:00+00:00 [running]> on host IADAIRP1.globalrs.rack.space
[2019-03-19 13:04:13,405] {bash_operator.py:77} INFO - Tmp dir root location: 
 /tmp
[2019-03-19 13:04:13,405] {bash_operator.py:86} INFO - Exporting the following env vars:
AIRFLOW_CTX_DAG_ID=tutorial
AIRFLOW_CTX_TASK_ID=print_date
AIRFLOW_CTX_EXECUTION_DATE=2016-05-20T00:00:00+00:00
AIRFLOW_CTX_DAG_RUN_ID=scheduled__2016-05-20T00:00:00+00:00
[2019-03-19 13:04:13,406] {bash_operator.py:100} INFO - Temporary script location: /tmp/airflowtmppuh4pe5i/print_datelmx7h_fy
[2019-03-19 13:04:13,406] {bash_operator.py:110} INFO - Running command: date
[2019-03-19 13:04:13,451] {bash_operator.py:119} INFO - Output:
[2019-03-19 13:04:13,505] {bash_operator.py:123} INFO - Ter Mar 19 13:04:13 -03 2019
[2019-03-19 13:04:13,506] {bash_operator.py:127} INFO - Command exited with return code 0
[2019-03-19 13:04:15,134] {logging_mixin.py:95} INFO - [2019-03-19 13:04:15,134] {jobs.py:2527} INFO - Task exited with return code 0
