[2019-03-19 15:01:24,540] {models.py:1359} INFO - Dependencies all met for <TaskInstance: tutorial.print_date 2017-01-22T00:00:00+00:00 [queued]>
[2019-03-19 15:01:24,543] {models.py:1359} INFO - Dependencies all met for <TaskInstance: tutorial.print_date 2017-01-22T00:00:00+00:00 [queued]>
[2019-03-19 15:01:24,543] {models.py:1571} INFO - 
--------------------------------------------------------------------------------
Starting attempt 1 of 2
--------------------------------------------------------------------------------

[2019-03-19 15:01:24,594] {models.py:1593} INFO - Executing <Task(BashOperator): print_date> on 2017-01-22T00:00:00+00:00
[2019-03-19 15:01:24,594] {base_task_runner.py:118} INFO - Running: ['bash', '-c', 'airflow run tutorial print_date 2017-01-22T00:00:00+00:00 --job_id 1207 --raw -sd DAGS_FOLDER/tutorial.py --cfg_path /tmp/tmp_zcslwqs']
[2019-03-19 15:01:25,553] {base_task_runner.py:101} INFO - Job 1207: Subtask print_date [2019-03-19 15:01:25,552] {__init__.py:51} INFO - Using executor SequentialExecutor
[2019-03-19 15:01:25,907] {base_task_runner.py:101} INFO - Job 1207: Subtask print_date [2019-03-19 15:01:25,900] {models.py:273} INFO - Filling up the DagBag from /home/rsandroni/airflow/dags/tutorial.py
[2019-03-19 15:01:25,969] {base_task_runner.py:101} INFO - Job 1207: Subtask print_date [2019-03-19 15:01:25,959] {cli.py:520} INFO - Running <TaskInstance: tutorial.print_date 2017-01-22T00:00:00+00:00 [running]> on host IADAIRP1.globalrs.rack.space
[2019-03-19 15:01:25,994] {bash_operator.py:77} INFO - Tmp dir root location: 
 /tmp
[2019-03-19 15:01:25,994] {bash_operator.py:86} INFO - Exporting the following env vars:
AIRFLOW_CTX_DAG_ID=tutorial
AIRFLOW_CTX_TASK_ID=print_date
AIRFLOW_CTX_EXECUTION_DATE=2017-01-22T00:00:00+00:00
AIRFLOW_CTX_DAG_RUN_ID=scheduled__2017-01-22T00:00:00+00:00
[2019-03-19 15:01:25,995] {bash_operator.py:100} INFO - Temporary script location: /tmp/airflowtmpbtjtik36/print_date4pdfolt6
[2019-03-19 15:01:25,995] {bash_operator.py:110} INFO - Running command: date
[2019-03-19 15:01:26,034] {bash_operator.py:119} INFO - Output:
[2019-03-19 15:01:26,063] {bash_operator.py:123} INFO - Ter Mar 19 15:01:26 -03 2019
[2019-03-19 15:01:26,071] {bash_operator.py:127} INFO - Command exited with return code 0
[2019-03-19 15:01:29,546] {logging_mixin.py:95} INFO - [2019-03-19 15:01:29,545] {jobs.py:2527} INFO - Task exited with return code 0
