[2019-03-19 11:22:08,243] {models.py:1359} INFO - Dependencies all met for <TaskInstance: tutorial.print_date 2015-10-10T00:00:00+00:00 [queued]>
[2019-03-19 11:22:08,245] {models.py:1359} INFO - Dependencies all met for <TaskInstance: tutorial.print_date 2015-10-10T00:00:00+00:00 [queued]>
[2019-03-19 11:22:08,245] {models.py:1571} INFO - 
--------------------------------------------------------------------------------
Starting attempt 1 of 2
--------------------------------------------------------------------------------

[2019-03-19 11:22:08,256] {models.py:1593} INFO - Executing <Task(BashOperator): print_date> on 2015-10-10T00:00:00+00:00
[2019-03-19 11:22:08,256] {base_task_runner.py:118} INFO - Running: ['bash', '-c', 'airflow run tutorial print_date 2015-10-10T00:00:00+00:00 --job_id 266 --raw -sd DAGS_FOLDER/sql_server_load.py --cfg_path /tmp/tmpg2qu4fis']
[2019-03-19 11:22:08,882] {base_task_runner.py:101} INFO - Job 266: Subtask print_date [2019-03-19 11:22:08,881] {__init__.py:51} INFO - Using executor SequentialExecutor
[2019-03-19 11:22:09,099] {base_task_runner.py:101} INFO - Job 266: Subtask print_date [2019-03-19 11:22:09,099] {models.py:273} INFO - Filling up the DagBag from /home/rsandroni/airflow/dags/sql_server_load.py
[2019-03-19 11:22:09,118] {base_task_runner.py:101} INFO - Job 266: Subtask print_date [2019-03-19 11:22:09,118] {cli.py:520} INFO - Running <TaskInstance: tutorial.print_date 2015-10-10T00:00:00+00:00 [running]> on host IADAIRP1.globalrs.rack.space
[2019-03-19 11:22:09,131] {bash_operator.py:77} INFO - Tmp dir root location: 
 /tmp
[2019-03-19 11:22:09,131] {bash_operator.py:86} INFO - Exporting the following env vars:
AIRFLOW_CTX_DAG_ID=tutorial
AIRFLOW_CTX_TASK_ID=print_date
AIRFLOW_CTX_EXECUTION_DATE=2015-10-10T00:00:00+00:00
AIRFLOW_CTX_DAG_RUN_ID=scheduled__2015-10-10T00:00:00+00:00
[2019-03-19 11:22:09,131] {bash_operator.py:100} INFO - Temporary script location: /tmp/airflowtmp0cvd82ya/print_datemqfsy_6g
[2019-03-19 11:22:09,132] {bash_operator.py:110} INFO - Running command: date
[2019-03-19 11:22:09,136] {bash_operator.py:119} INFO - Output:
[2019-03-19 11:22:09,139] {bash_operator.py:123} INFO - Ter Mar 19 11:22:09 -03 2019
[2019-03-19 11:22:09,139] {bash_operator.py:127} INFO - Command exited with return code 0
[2019-03-19 11:22:13,249] {logging_mixin.py:95} INFO - [2019-03-19 11:22:13,248] {jobs.py:2527} INFO - Task exited with return code 0
