[2019-03-21 18:45:17,125] {models.py:1359} INFO - Dependencies all met for <TaskInstance: tutorial.print_date 2017-10-25T00:00:00+00:00 [queued]>
[2019-03-21 18:45:17,128] {models.py:1359} INFO - Dependencies all met for <TaskInstance: tutorial.print_date 2017-10-25T00:00:00+00:00 [queued]>
[2019-03-21 18:45:17,128] {models.py:1571} INFO - 
--------------------------------------------------------------------------------
Starting attempt 1 of 2
--------------------------------------------------------------------------------

[2019-03-21 18:45:17,142] {models.py:1593} INFO - Executing <Task(BashOperator): print_date> on 2017-10-25T00:00:00+00:00
[2019-03-21 18:45:17,143] {base_task_runner.py:118} INFO - Running: ['bash', '-c', 'airflow run tutorial print_date 2017-10-25T00:00:00+00:00 --job_id 1828 --raw -sd DAGS_FOLDER/tutorial.py --cfg_path /tmp/tmpyc0_wy35']
[2019-03-21 18:45:17,789] {base_task_runner.py:101} INFO - Job 1828: Subtask print_date [2019-03-21 18:45:17,788] {__init__.py:51} INFO - Using executor SequentialExecutor
[2019-03-21 18:45:18,021] {base_task_runner.py:101} INFO - Job 1828: Subtask print_date [2019-03-21 18:45:18,020] {models.py:273} INFO - Filling up the DagBag from /home/rsandroni/airflow/dags/tutorial.py
[2019-03-21 18:45:18,036] {base_task_runner.py:101} INFO - Job 1828: Subtask print_date [2019-03-21 18:45:18,036] {cli.py:520} INFO - Running <TaskInstance: tutorial.print_date 2017-10-25T00:00:00+00:00 [running]> on host IADAIRP1.globalrs.rack.space
[2019-03-21 18:45:18,049] {bash_operator.py:77} INFO - Tmp dir root location: 
 /tmp
[2019-03-21 18:45:18,049] {bash_operator.py:86} INFO - Exporting the following env vars:
AIRFLOW_CTX_DAG_ID=tutorial
AIRFLOW_CTX_TASK_ID=print_date
AIRFLOW_CTX_EXECUTION_DATE=2017-10-25T00:00:00+00:00
AIRFLOW_CTX_DAG_RUN_ID=scheduled__2017-10-25T00:00:00+00:00
[2019-03-21 18:45:18,050] {bash_operator.py:100} INFO - Temporary script location: /tmp/airflowtmpjut3iaz4/print_datemg3gdisc
[2019-03-21 18:45:18,050] {bash_operator.py:110} INFO - Running command: date
[2019-03-21 18:45:18,055] {bash_operator.py:119} INFO - Output:
[2019-03-21 18:45:18,057] {bash_operator.py:123} INFO - Qui Mar 21 18:45:18 -03 2019
[2019-03-21 18:45:18,057] {bash_operator.py:127} INFO - Command exited with return code 0
[2019-03-21 18:45:22,132] {logging_mixin.py:95} INFO - [2019-03-21 18:45:22,132] {jobs.py:2527} INFO - Task exited with return code 0
