[2019-03-21 19:31:26,377] {models.py:1359} INFO - Dependencies all met for <TaskInstance: tutorial.templated 2017-11-28T00:00:00+00:00 [queued]>
[2019-03-21 19:31:26,382] {models.py:1359} INFO - Dependencies all met for <TaskInstance: tutorial.templated 2017-11-28T00:00:00+00:00 [queued]>
[2019-03-21 19:31:26,382] {models.py:1571} INFO - 
--------------------------------------------------------------------------------
Starting attempt 1 of 2
--------------------------------------------------------------------------------

[2019-03-21 19:31:26,395] {models.py:1593} INFO - Executing <Task(BashOperator): templated> on 2017-11-28T00:00:00+00:00
[2019-03-21 19:31:26,396] {base_task_runner.py:118} INFO - Running: ['bash', '-c', 'airflow run tutorial templated 2017-11-28T00:00:00+00:00 --job_id 1898 --raw -sd DAGS_FOLDER/example_dags/tutorial.py --cfg_path /tmp/tmpcz8a5klj']
[2019-03-21 19:31:27,061] {base_task_runner.py:101} INFO - Job 1898: Subtask templated [2019-03-21 19:31:27,060] {__init__.py:51} INFO - Using executor SequentialExecutor
[2019-03-21 19:31:27,304] {base_task_runner.py:101} INFO - Job 1898: Subtask templated [2019-03-21 19:31:27,303] {models.py:273} INFO - Filling up the DagBag from /home/rsandroni/airflow/dags/example_dags/tutorial.py
[2019-03-21 19:31:27,371] {base_task_runner.py:101} INFO - Job 1898: Subtask templated [2019-03-21 19:31:27,370] {cli.py:520} INFO - Running <TaskInstance: tutorial.templated 2017-11-28T00:00:00+00:00 [running]> on host IADAIRP1.globalrs.rack.space
[2019-03-21 19:31:27,387] {bash_operator.py:77} INFO - Tmp dir root location: 
 /tmp
[2019-03-21 19:31:27,388] {bash_operator.py:86} INFO - Exporting the following env vars:
AIRFLOW_CTX_DAG_ID=tutorial
AIRFLOW_CTX_TASK_ID=templated
AIRFLOW_CTX_EXECUTION_DATE=2017-11-28T00:00:00+00:00
AIRFLOW_CTX_DAG_RUN_ID=scheduled__2017-11-28T00:00:00+00:00
[2019-03-21 19:31:27,388] {bash_operator.py:100} INFO - Temporary script location: /tmp/airflowtmpjnnvymly/templatedtzfo703j
[2019-03-21 19:31:27,388] {bash_operator.py:110} INFO - Running command: 

    echo "2017-11-28"
    echo "2017-12-05"
    echo "Parameter I passed in"

    echo "2017-11-28"
    echo "2017-12-05"
    echo "Parameter I passed in"

    echo "2017-11-28"
    echo "2017-12-05"
    echo "Parameter I passed in"

    echo "2017-11-28"
    echo "2017-12-05"
    echo "Parameter I passed in"

    echo "2017-11-28"
    echo "2017-12-05"
    echo "Parameter I passed in"

[2019-03-21 19:31:27,394] {bash_operator.py:119} INFO - Output:
[2019-03-21 19:31:27,395] {bash_operator.py:123} INFO - 2017-11-28
[2019-03-21 19:31:27,395] {bash_operator.py:123} INFO - 2017-12-05
[2019-03-21 19:31:27,395] {bash_operator.py:123} INFO - Parameter I passed in
[2019-03-21 19:31:27,395] {bash_operator.py:123} INFO - 2017-11-28
[2019-03-21 19:31:27,395] {bash_operator.py:123} INFO - 2017-12-05
[2019-03-21 19:31:27,395] {bash_operator.py:123} INFO - Parameter I passed in
[2019-03-21 19:31:27,395] {bash_operator.py:123} INFO - 2017-11-28
[2019-03-21 19:31:27,395] {bash_operator.py:123} INFO - 2017-12-05
[2019-03-21 19:31:27,395] {bash_operator.py:123} INFO - Parameter I passed in
[2019-03-21 19:31:27,395] {bash_operator.py:123} INFO - 2017-11-28
[2019-03-21 19:31:27,396] {bash_operator.py:123} INFO - 2017-12-05
[2019-03-21 19:31:27,396] {bash_operator.py:123} INFO - Parameter I passed in
[2019-03-21 19:31:27,396] {bash_operator.py:123} INFO - 2017-11-28
[2019-03-21 19:31:27,396] {bash_operator.py:123} INFO - 2017-12-05
[2019-03-21 19:31:27,396] {bash_operator.py:123} INFO - Parameter I passed in
[2019-03-21 19:31:27,396] {bash_operator.py:127} INFO - Command exited with return code 0
[2019-03-21 19:31:31,382] {logging_mixin.py:95} INFO - [2019-03-21 19:31:31,382] {jobs.py:2527} INFO - Task exited with return code 0
