[2019-03-19 13:30:38,167] {models.py:1359} INFO - Dependencies all met for <TaskInstance: tutorial.templated 2016-07-14T00:00:00+00:00 [queued]>
[2019-03-19 13:30:38,172] {models.py:1359} INFO - Dependencies all met for <TaskInstance: tutorial.templated 2016-07-14T00:00:00+00:00 [queued]>
[2019-03-19 13:30:38,173] {models.py:1571} INFO - 
--------------------------------------------------------------------------------
Starting attempt 1 of 2
--------------------------------------------------------------------------------

[2019-03-19 13:30:38,186] {models.py:1593} INFO - Executing <Task(BashOperator): templated> on 2016-07-14T00:00:00+00:00
[2019-03-19 13:30:38,186] {base_task_runner.py:118} INFO - Running: ['bash', '-c', 'airflow run tutorial templated 2016-07-14T00:00:00+00:00 --job_id 826 --raw -sd DAGS_FOLDER/sql_server_load.py --cfg_path /tmp/tmpmi4_2fbd']
[2019-03-19 13:30:38,869] {base_task_runner.py:101} INFO - Job 826: Subtask templated [2019-03-19 13:30:38,868] {__init__.py:51} INFO - Using executor SequentialExecutor
[2019-03-19 13:30:39,138] {base_task_runner.py:101} INFO - Job 826: Subtask templated [2019-03-19 13:30:39,138] {models.py:273} INFO - Filling up the DagBag from /home/rsandroni/airflow/dags/sql_server_load.py
[2019-03-19 13:30:39,158] {base_task_runner.py:101} INFO - Job 826: Subtask templated [2019-03-19 13:30:39,157] {cli.py:520} INFO - Running <TaskInstance: tutorial.templated 2016-07-14T00:00:00+00:00 [running]> on host IADAIRP1.globalrs.rack.space
[2019-03-19 13:30:39,181] {bash_operator.py:77} INFO - Tmp dir root location: 
 /tmp
[2019-03-19 13:30:39,181] {bash_operator.py:86} INFO - Exporting the following env vars:
AIRFLOW_CTX_DAG_ID=tutorial
AIRFLOW_CTX_TASK_ID=templated
AIRFLOW_CTX_EXECUTION_DATE=2016-07-14T00:00:00+00:00
AIRFLOW_CTX_DAG_RUN_ID=scheduled__2016-07-14T00:00:00+00:00
[2019-03-19 13:30:39,182] {bash_operator.py:100} INFO - Temporary script location: /tmp/airflowtmp0uu8ae00/templateddwdg63xz
[2019-03-19 13:30:39,182] {bash_operator.py:110} INFO - Running command: 
    
        echo "2016-07-14"
        echo "Parameter I passed in"
    
        echo "2016-07-14"
        echo "Parameter I passed in"
    
        echo "2016-07-14"
        echo "Parameter I passed in"
    
        echo "2016-07-14"
        echo "Parameter I passed in"
    
        echo "2016-07-14"
        echo "Parameter I passed in"
    
    
[2019-03-19 13:30:39,189] {bash_operator.py:119} INFO - Output:
[2019-03-19 13:30:39,190] {bash_operator.py:123} INFO - 2016-07-14
[2019-03-19 13:30:39,190] {bash_operator.py:123} INFO - Parameter I passed in
[2019-03-19 13:30:39,191] {bash_operator.py:123} INFO - 2016-07-14
[2019-03-19 13:30:39,191] {bash_operator.py:123} INFO - Parameter I passed in
[2019-03-19 13:30:39,191] {bash_operator.py:123} INFO - 2016-07-14
[2019-03-19 13:30:39,191] {bash_operator.py:123} INFO - Parameter I passed in
[2019-03-19 13:30:39,191] {bash_operator.py:123} INFO - 2016-07-14
[2019-03-19 13:30:39,191] {bash_operator.py:123} INFO - Parameter I passed in
[2019-03-19 13:30:39,191] {bash_operator.py:123} INFO - 2016-07-14
[2019-03-19 13:30:39,191] {bash_operator.py:123} INFO - Parameter I passed in
[2019-03-19 13:30:39,191] {bash_operator.py:127} INFO - Command exited with return code 0
[2019-03-19 13:30:43,157] {logging_mixin.py:95} INFO - [2019-03-19 13:30:43,156] {jobs.py:2527} INFO - Task exited with return code 0
