[2019-03-22 00:24:49,191] {models.py:1359} INFO - Dependencies all met for <TaskInstance: tutorial.print_date 2018-07-13T00:00:00+00:00 [queued]>
[2019-03-22 00:24:49,195] {models.py:1359} INFO - Dependencies all met for <TaskInstance: tutorial.print_date 2018-07-13T00:00:00+00:00 [queued]>
[2019-03-22 00:24:49,195] {models.py:1571} INFO - 
--------------------------------------------------------------------------------
Starting attempt 1 of 2
--------------------------------------------------------------------------------

[2019-03-22 00:24:49,261] {models.py:1593} INFO - Executing <Task(BashOperator): print_date> on 2018-07-13T00:00:00+00:00
[2019-03-22 00:24:49,261] {base_task_runner.py:118} INFO - Running: ['bash', '-c', 'airflow run tutorial print_date 2018-07-13T00:00:00+00:00 --job_id 2349 --raw -sd DAGS_FOLDER/tutorial.py --cfg_path /tmp/tmp4h0wwt4x']
[2019-03-22 00:24:50,476] {base_task_runner.py:101} INFO - Job 2349: Subtask print_date [2019-03-22 00:24:50,475] {__init__.py:51} INFO - Using executor SequentialExecutor
[2019-03-22 00:24:50,884] {base_task_runner.py:101} INFO - Job 2349: Subtask print_date [2019-03-22 00:24:50,877] {models.py:273} INFO - Filling up the DagBag from /home/rsandroni/airflow/dags/tutorial.py
[2019-03-22 00:24:50,923] {base_task_runner.py:101} INFO - Job 2349: Subtask print_date [2019-03-22 00:24:50,913] {cli.py:520} INFO - Running <TaskInstance: tutorial.print_date 2018-07-13T00:00:00+00:00 [running]> on host IADAIRP1.globalrs.rack.space
[2019-03-22 00:24:50,940] {bash_operator.py:77} INFO - Tmp dir root location: 
 /tmp
[2019-03-22 00:24:50,940] {bash_operator.py:86} INFO - Exporting the following env vars:
AIRFLOW_CTX_DAG_ID=tutorial
AIRFLOW_CTX_TASK_ID=print_date
AIRFLOW_CTX_EXECUTION_DATE=2018-07-13T00:00:00+00:00
AIRFLOW_CTX_DAG_RUN_ID=scheduled__2018-07-13T00:00:00+00:00
[2019-03-22 00:24:50,941] {bash_operator.py:100} INFO - Temporary script location: /tmp/airflowtmprpl3sqcy/print_datebuyjcgrg
[2019-03-22 00:24:50,941] {bash_operator.py:110} INFO - Running command: date
[2019-03-22 00:24:50,972] {bash_operator.py:119} INFO - Output:
[2019-03-22 00:24:50,998] {bash_operator.py:123} INFO - Sex Mar 22 00:24:50 -03 2019
[2019-03-22 00:24:50,998] {bash_operator.py:127} INFO - Command exited with return code 0
[2019-03-22 00:24:54,144] {logging_mixin.py:95} INFO - [2019-03-22 00:24:54,143] {jobs.py:2527} INFO - Task exited with return code 0
