[2019-03-21 22:03:47,263] {models.py:1359} INFO - Dependencies all met for <TaskInstance: tutorial.print_date 2018-03-27T00:00:00+00:00 [queued]>
[2019-03-21 22:03:47,265] {models.py:1359} INFO - Dependencies all met for <TaskInstance: tutorial.print_date 2018-03-27T00:00:00+00:00 [queued]>
[2019-03-21 22:03:47,266] {models.py:1571} INFO - 
--------------------------------------------------------------------------------
Starting attempt 1 of 2
--------------------------------------------------------------------------------

[2019-03-21 22:03:47,279] {models.py:1593} INFO - Executing <Task(BashOperator): print_date> on 2018-03-27T00:00:00+00:00
[2019-03-21 22:03:47,280] {base_task_runner.py:118} INFO - Running: ['bash', '-c', 'airflow run tutorial print_date 2018-03-27T00:00:00+00:00 --job_id 2133 --raw -sd DAGS_FOLDER/tutorial.py --cfg_path /tmp/tmphny3nunx']
[2019-03-21 22:03:47,911] {base_task_runner.py:101} INFO - Job 2133: Subtask print_date [2019-03-21 22:03:47,910] {__init__.py:51} INFO - Using executor SequentialExecutor
[2019-03-21 22:03:48,138] {base_task_runner.py:101} INFO - Job 2133: Subtask print_date [2019-03-21 22:03:48,137] {models.py:273} INFO - Filling up the DagBag from /home/rsandroni/airflow/dags/tutorial.py
[2019-03-21 22:03:48,154] {base_task_runner.py:101} INFO - Job 2133: Subtask print_date [2019-03-21 22:03:48,153] {cli.py:520} INFO - Running <TaskInstance: tutorial.print_date 2018-03-27T00:00:00+00:00 [running]> on host IADAIRP1.globalrs.rack.space
[2019-03-21 22:03:48,165] {bash_operator.py:77} INFO - Tmp dir root location: 
 /tmp
[2019-03-21 22:03:48,166] {bash_operator.py:86} INFO - Exporting the following env vars:
AIRFLOW_CTX_DAG_ID=tutorial
AIRFLOW_CTX_TASK_ID=print_date
AIRFLOW_CTX_EXECUTION_DATE=2018-03-27T00:00:00+00:00
AIRFLOW_CTX_DAG_RUN_ID=scheduled__2018-03-27T00:00:00+00:00
[2019-03-21 22:03:48,166] {bash_operator.py:100} INFO - Temporary script location: /tmp/airflowtmpnw66cmj2/print_datehvtpczq_
[2019-03-21 22:03:48,166] {bash_operator.py:110} INFO - Running command: date
[2019-03-21 22:03:48,172] {bash_operator.py:119} INFO - Output:
[2019-03-21 22:03:48,174] {bash_operator.py:123} INFO - Qui Mar 21 22:03:48 -03 2019
[2019-03-21 22:03:48,174] {bash_operator.py:127} INFO - Command exited with return code 0
[2019-03-21 22:03:52,266] {logging_mixin.py:95} INFO - [2019-03-21 22:03:52,265] {jobs.py:2527} INFO - Task exited with return code 0
