[2019-03-19 12:26:43,972] {models.py:1359} INFO - Dependencies all met for <TaskInstance: tutorial.print_date 2016-03-07T00:00:00+00:00 [queued]>
[2019-03-19 12:26:43,974] {models.py:1359} INFO - Dependencies all met for <TaskInstance: tutorial.print_date 2016-03-07T00:00:00+00:00 [queued]>
[2019-03-19 12:26:43,974] {models.py:1571} INFO - 
--------------------------------------------------------------------------------
Starting attempt 1 of 2
--------------------------------------------------------------------------------

[2019-03-19 12:26:43,990] {models.py:1593} INFO - Executing <Task(BashOperator): print_date> on 2016-03-07T00:00:00+00:00
[2019-03-19 12:26:43,990] {base_task_runner.py:118} INFO - Running: ['bash', '-c', 'airflow run tutorial print_date 2016-03-07T00:00:00+00:00 --job_id 565 --raw -sd DAGS_FOLDER/tutorial.py --cfg_path /tmp/tmpy1hze05o']
[2019-03-19 12:26:44,604] {base_task_runner.py:101} INFO - Job 565: Subtask print_date [2019-03-19 12:26:44,604] {__init__.py:51} INFO - Using executor SequentialExecutor
[2019-03-19 12:26:44,834] {base_task_runner.py:101} INFO - Job 565: Subtask print_date [2019-03-19 12:26:44,834] {models.py:273} INFO - Filling up the DagBag from /home/rsandroni/airflow/dags/tutorial.py
[2019-03-19 12:26:44,853] {base_task_runner.py:101} INFO - Job 565: Subtask print_date [2019-03-19 12:26:44,850] {cli.py:520} INFO - Running <TaskInstance: tutorial.print_date 2016-03-07T00:00:00+00:00 [running]> on host IADAIRP1.globalrs.rack.space
[2019-03-19 12:26:44,864] {bash_operator.py:77} INFO - Tmp dir root location: 
 /tmp
[2019-03-19 12:26:44,864] {bash_operator.py:86} INFO - Exporting the following env vars:
AIRFLOW_CTX_DAG_ID=tutorial
AIRFLOW_CTX_TASK_ID=print_date
AIRFLOW_CTX_EXECUTION_DATE=2016-03-07T00:00:00+00:00
AIRFLOW_CTX_DAG_RUN_ID=scheduled__2016-03-07T00:00:00+00:00
[2019-03-19 12:26:44,864] {bash_operator.py:100} INFO - Temporary script location: /tmp/airflowtmpe7oj6lc1/print_date_axz6xuf
[2019-03-19 12:26:44,864] {bash_operator.py:110} INFO - Running command: date
[2019-03-19 12:26:44,869] {bash_operator.py:119} INFO - Output:
[2019-03-19 12:26:44,872] {bash_operator.py:123} INFO - Ter Mar 19 12:26:44 -03 2019
[2019-03-19 12:26:44,872] {bash_operator.py:127} INFO - Command exited with return code 0
[2019-03-19 12:26:48,974] {logging_mixin.py:95} INFO - [2019-03-19 12:26:48,973] {jobs.py:2527} INFO - Task exited with return code 0
