[2019-03-21 22:32:20,898] {models.py:1359} INFO - Dependencies all met for <TaskInstance: tutorial.print_date 2018-04-18T00:00:00+00:00 [queued]>
[2019-03-21 22:32:20,900] {models.py:1359} INFO - Dependencies all met for <TaskInstance: tutorial.print_date 2018-04-18T00:00:00+00:00 [queued]>
[2019-03-21 22:32:20,900] {models.py:1571} INFO - 
--------------------------------------------------------------------------------
Starting attempt 1 of 2
--------------------------------------------------------------------------------

[2019-03-21 22:32:20,915] {models.py:1593} INFO - Executing <Task(BashOperator): print_date> on 2018-04-18T00:00:00+00:00
[2019-03-21 22:32:20,915] {base_task_runner.py:118} INFO - Running: ['bash', '-c', 'airflow run tutorial print_date 2018-04-18T00:00:00+00:00 --job_id 2177 --raw -sd DAGS_FOLDER/tutorial.py --cfg_path /tmp/tmpwthzlr31']
[2019-03-21 22:32:21,559] {base_task_runner.py:101} INFO - Job 2177: Subtask print_date [2019-03-21 22:32:21,558] {__init__.py:51} INFO - Using executor SequentialExecutor
[2019-03-21 22:32:21,785] {base_task_runner.py:101} INFO - Job 2177: Subtask print_date [2019-03-21 22:32:21,784] {models.py:273} INFO - Filling up the DagBag from /home/rsandroni/airflow/dags/tutorial.py
[2019-03-21 22:32:21,801] {base_task_runner.py:101} INFO - Job 2177: Subtask print_date [2019-03-21 22:32:21,800] {cli.py:520} INFO - Running <TaskInstance: tutorial.print_date 2018-04-18T00:00:00+00:00 [running]> on host IADAIRP1.globalrs.rack.space
[2019-03-21 22:32:21,812] {bash_operator.py:77} INFO - Tmp dir root location: 
 /tmp
[2019-03-21 22:32:21,813] {bash_operator.py:86} INFO - Exporting the following env vars:
AIRFLOW_CTX_DAG_ID=tutorial
AIRFLOW_CTX_TASK_ID=print_date
AIRFLOW_CTX_EXECUTION_DATE=2018-04-18T00:00:00+00:00
AIRFLOW_CTX_DAG_RUN_ID=scheduled__2018-04-18T00:00:00+00:00
[2019-03-21 22:32:21,813] {bash_operator.py:100} INFO - Temporary script location: /tmp/airflowtmpru599akq/print_date2z5cns5b
[2019-03-21 22:32:21,813] {bash_operator.py:110} INFO - Running command: date
[2019-03-21 22:32:21,819] {bash_operator.py:119} INFO - Output:
[2019-03-21 22:32:21,820] {bash_operator.py:123} INFO - Qui Mar 21 22:32:21 -03 2019
[2019-03-21 22:32:21,821] {bash_operator.py:127} INFO - Command exited with return code 0
[2019-03-21 22:32:25,903] {logging_mixin.py:95} INFO - [2019-03-21 22:32:25,902] {jobs.py:2527} INFO - Task exited with return code 0
