[2019-03-19 14:30:44,538] {models.py:1359} INFO - Dependencies all met for <TaskInstance: tutorial.print_date 2016-11-18T00:00:00+00:00 [queued]>
[2019-03-19 14:30:44,540] {models.py:1359} INFO - Dependencies all met for <TaskInstance: tutorial.print_date 2016-11-18T00:00:00+00:00 [queued]>
[2019-03-19 14:30:44,541] {models.py:1571} INFO - 
--------------------------------------------------------------------------------
Starting attempt 1 of 2
--------------------------------------------------------------------------------

[2019-03-19 14:30:44,586] {models.py:1593} INFO - Executing <Task(BashOperator): print_date> on 2016-11-18T00:00:00+00:00
[2019-03-19 14:30:44,586] {base_task_runner.py:118} INFO - Running: ['bash', '-c', 'airflow run tutorial print_date 2016-11-18T00:00:00+00:00 --job_id 1076 --raw -sd DAGS_FOLDER/sql_server_load.py --cfg_path /tmp/tmp5gq5lp7n']
[2019-03-19 14:30:45,301] {base_task_runner.py:101} INFO - Job 1076: Subtask print_date [2019-03-19 14:30:45,294] {__init__.py:51} INFO - Using executor SequentialExecutor
[2019-03-19 14:30:45,645] {base_task_runner.py:101} INFO - Job 1076: Subtask print_date [2019-03-19 14:30:45,644] {models.py:273} INFO - Filling up the DagBag from /home/rsandroni/airflow/dags/sql_server_load.py
[2019-03-19 14:30:45,705] {base_task_runner.py:101} INFO - Job 1076: Subtask print_date [2019-03-19 14:30:45,704] {cli.py:520} INFO - Running <TaskInstance: tutorial.print_date 2016-11-18T00:00:00+00:00 [running]> on host IADAIRP1.globalrs.rack.space
[2019-03-19 14:30:45,740] {bash_operator.py:77} INFO - Tmp dir root location: 
 /tmp
[2019-03-19 14:30:45,740] {bash_operator.py:86} INFO - Exporting the following env vars:
AIRFLOW_CTX_DAG_ID=tutorial
AIRFLOW_CTX_TASK_ID=print_date
AIRFLOW_CTX_EXECUTION_DATE=2016-11-18T00:00:00+00:00
AIRFLOW_CTX_DAG_RUN_ID=scheduled__2016-11-18T00:00:00+00:00
[2019-03-19 14:30:45,740] {bash_operator.py:100} INFO - Temporary script location: /tmp/airflowtmpi922izgs/print_datehuxsb8eg
[2019-03-19 14:30:45,740] {bash_operator.py:110} INFO - Running command: date
[2019-03-19 14:30:45,745] {bash_operator.py:119} INFO - Output:
[2019-03-19 14:30:45,747] {bash_operator.py:123} INFO - Ter Mar 19 14:30:45 -03 2019
[2019-03-19 14:30:45,748] {bash_operator.py:127} INFO - Command exited with return code 0
[2019-03-19 14:30:49,523] {logging_mixin.py:95} INFO - [2019-03-19 14:30:49,522] {jobs.py:2527} INFO - Task exited with return code 0
