[2019-03-19 12:21:59,530] {models.py:1359} INFO - Dependencies all met for <TaskInstance: tutorial.templated 2016-02-24T00:00:00+00:00 [queued]>
[2019-03-19 12:21:59,535] {models.py:1359} INFO - Dependencies all met for <TaskInstance: tutorial.templated 2016-02-24T00:00:00+00:00 [queued]>
[2019-03-19 12:21:59,535] {models.py:1571} INFO - 
--------------------------------------------------------------------------------
Starting attempt 1 of 2
--------------------------------------------------------------------------------

[2019-03-19 12:21:59,554] {models.py:1593} INFO - Executing <Task(BashOperator): templated> on 2016-02-24T00:00:00+00:00
[2019-03-19 12:21:59,554] {base_task_runner.py:118} INFO - Running: ['bash', '-c', 'airflow run tutorial templated 2016-02-24T00:00:00+00:00 --job_id 544 --raw -sd DAGS_FOLDER/sql_server_load.py --cfg_path /tmp/tmp4wza0dtg']
[2019-03-19 12:22:00,166] {base_task_runner.py:101} INFO - Job 544: Subtask templated [2019-03-19 12:22:00,166] {__init__.py:51} INFO - Using executor SequentialExecutor
[2019-03-19 12:22:00,436] {base_task_runner.py:101} INFO - Job 544: Subtask templated [2019-03-19 12:22:00,435] {models.py:273} INFO - Filling up the DagBag from /home/rsandroni/airflow/dags/sql_server_load.py
[2019-03-19 12:22:00,453] {base_task_runner.py:101} INFO - Job 544: Subtask templated [2019-03-19 12:22:00,453] {cli.py:520} INFO - Running <TaskInstance: tutorial.templated 2016-02-24T00:00:00+00:00 [running]> on host IADAIRP1.globalrs.rack.space
[2019-03-19 12:22:00,467] {bash_operator.py:77} INFO - Tmp dir root location: 
 /tmp
[2019-03-19 12:22:00,468] {bash_operator.py:86} INFO - Exporting the following env vars:
AIRFLOW_CTX_DAG_ID=tutorial
AIRFLOW_CTX_TASK_ID=templated
AIRFLOW_CTX_EXECUTION_DATE=2016-02-24T00:00:00+00:00
AIRFLOW_CTX_DAG_RUN_ID=scheduled__2016-02-24T00:00:00+00:00
[2019-03-19 12:22:00,468] {bash_operator.py:100} INFO - Temporary script location: /tmp/airflowtmpjphtlxck/templatednb4vgkpt
[2019-03-19 12:22:00,468] {bash_operator.py:110} INFO - Running command: 
    
        echo "2016-02-24"
        echo "Parameter I passed in"
    
        echo "2016-02-24"
        echo "Parameter I passed in"
    
        echo "2016-02-24"
        echo "Parameter I passed in"
    
        echo "2016-02-24"
        echo "Parameter I passed in"
    
        echo "2016-02-24"
        echo "Parameter I passed in"
    
    
[2019-03-19 12:22:00,473] {bash_operator.py:119} INFO - Output:
[2019-03-19 12:22:00,474] {bash_operator.py:123} INFO - 2016-02-24
[2019-03-19 12:22:00,475] {bash_operator.py:123} INFO - Parameter I passed in
[2019-03-19 12:22:00,475] {bash_operator.py:123} INFO - 2016-02-24
[2019-03-19 12:22:00,475] {bash_operator.py:123} INFO - Parameter I passed in
[2019-03-19 12:22:00,475] {bash_operator.py:123} INFO - 2016-02-24
[2019-03-19 12:22:00,475] {bash_operator.py:123} INFO - Parameter I passed in
[2019-03-19 12:22:00,475] {bash_operator.py:123} INFO - 2016-02-24
[2019-03-19 12:22:00,475] {bash_operator.py:123} INFO - Parameter I passed in
[2019-03-19 12:22:00,475] {bash_operator.py:123} INFO - 2016-02-24
[2019-03-19 12:22:00,475] {bash_operator.py:123} INFO - Parameter I passed in
[2019-03-19 12:22:00,475] {bash_operator.py:127} INFO - Command exited with return code 0
[2019-03-19 12:22:04,524] {logging_mixin.py:95} INFO - [2019-03-19 12:22:04,524] {jobs.py:2527} INFO - Task exited with return code 0
