[2019-03-19 12:47:46,200] {models.py:1359} INFO - Dependencies all met for <TaskInstance: tutorial.templated 2016-04-17T00:00:00+00:00 [queued]>
[2019-03-19 12:47:46,205] {models.py:1359} INFO - Dependencies all met for <TaskInstance: tutorial.templated 2016-04-17T00:00:00+00:00 [queued]>
[2019-03-19 12:47:46,206] {models.py:1571} INFO - 
--------------------------------------------------------------------------------
Starting attempt 1 of 2
--------------------------------------------------------------------------------

[2019-03-19 12:47:46,282] {models.py:1593} INFO - Executing <Task(BashOperator): templated> on 2016-04-17T00:00:00+00:00
[2019-03-19 12:47:46,282] {base_task_runner.py:118} INFO - Running: ['bash', '-c', 'airflow run tutorial templated 2016-04-17T00:00:00+00:00 --job_id 651 --raw -sd DAGS_FOLDER/sql_server_load.py --cfg_path /tmp/tmp1lt2bq2y']
[2019-03-19 12:47:48,292] {base_task_runner.py:101} INFO - Job 651: Subtask templated [2019-03-19 12:47:48,292] {__init__.py:51} INFO - Using executor SequentialExecutor
[2019-03-19 12:47:48,721] {base_task_runner.py:101} INFO - Job 651: Subtask templated [2019-03-19 12:47:48,721] {models.py:273} INFO - Filling up the DagBag from /home/rsandroni/airflow/dags/sql_server_load.py
[2019-03-19 12:47:48,794] {base_task_runner.py:101} INFO - Job 651: Subtask templated [2019-03-19 12:47:48,785] {cli.py:520} INFO - Running <TaskInstance: tutorial.templated 2016-04-17T00:00:00+00:00 [running]> on host IADAIRP1.globalrs.rack.space
[2019-03-19 12:47:48,833] {bash_operator.py:77} INFO - Tmp dir root location: 
 /tmp
[2019-03-19 12:47:48,833] {bash_operator.py:86} INFO - Exporting the following env vars:
AIRFLOW_CTX_DAG_ID=tutorial
AIRFLOW_CTX_TASK_ID=templated
AIRFLOW_CTX_EXECUTION_DATE=2016-04-17T00:00:00+00:00
AIRFLOW_CTX_DAG_RUN_ID=scheduled__2016-04-17T00:00:00+00:00
[2019-03-19 12:47:48,834] {bash_operator.py:100} INFO - Temporary script location: /tmp/airflowtmp8u5b6fev/templatedelfcjghx
[2019-03-19 12:47:48,834] {bash_operator.py:110} INFO - Running command: 
    
        echo "2016-04-17"
        echo "Parameter I passed in"
    
        echo "2016-04-17"
        echo "Parameter I passed in"
    
        echo "2016-04-17"
        echo "Parameter I passed in"
    
        echo "2016-04-17"
        echo "Parameter I passed in"
    
        echo "2016-04-17"
        echo "Parameter I passed in"
    
    
[2019-03-19 12:47:48,871] {bash_operator.py:119} INFO - Output:
[2019-03-19 12:47:48,882] {bash_operator.py:123} INFO - 2016-04-17
[2019-03-19 12:47:48,882] {bash_operator.py:123} INFO - Parameter I passed in
[2019-03-19 12:47:48,883] {bash_operator.py:123} INFO - 2016-04-17
[2019-03-19 12:47:48,883] {bash_operator.py:123} INFO - Parameter I passed in
[2019-03-19 12:47:48,883] {bash_operator.py:123} INFO - 2016-04-17
[2019-03-19 12:47:48,883] {bash_operator.py:123} INFO - Parameter I passed in
[2019-03-19 12:47:48,883] {bash_operator.py:123} INFO - 2016-04-17
[2019-03-19 12:47:48,883] {bash_operator.py:123} INFO - Parameter I passed in
[2019-03-19 12:47:48,883] {bash_operator.py:123} INFO - 2016-04-17
[2019-03-19 12:47:48,884] {bash_operator.py:123} INFO - Parameter I passed in
[2019-03-19 12:47:48,884] {bash_operator.py:127} INFO - Command exited with return code 0
[2019-03-19 12:47:51,168] {logging_mixin.py:95} INFO - [2019-03-19 12:47:51,167] {jobs.py:2527} INFO - Task exited with return code 0
