[2019-03-22 02:36:28,217] {models.py:1359} INFO - Dependencies all met for <TaskInstance: tutorial.templated 2018-10-19T00:00:00+00:00 [queued]>
[2019-03-22 02:36:28,222] {models.py:1359} INFO - Dependencies all met for <TaskInstance: tutorial.templated 2018-10-19T00:00:00+00:00 [queued]>
[2019-03-22 02:36:28,222] {models.py:1571} INFO - 
--------------------------------------------------------------------------------
Starting attempt 1 of 2
--------------------------------------------------------------------------------

[2019-03-22 02:36:28,239] {models.py:1593} INFO - Executing <Task(BashOperator): templated> on 2018-10-19T00:00:00+00:00
[2019-03-22 02:36:28,239] {base_task_runner.py:118} INFO - Running: ['bash', '-c', 'airflow run tutorial templated 2018-10-19T00:00:00+00:00 --job_id 2547 --raw -sd DAGS_FOLDER/example_dags/tutorial.py --cfg_path /tmp/tmprlzl694d']
[2019-03-22 02:36:28,999] {base_task_runner.py:101} INFO - Job 2547: Subtask templated [2019-03-22 02:36:28,998] {__init__.py:51} INFO - Using executor SequentialExecutor
[2019-03-22 02:36:29,273] {base_task_runner.py:101} INFO - Job 2547: Subtask templated [2019-03-22 02:36:29,272] {models.py:273} INFO - Filling up the DagBag from /home/rsandroni/airflow/dags/example_dags/tutorial.py
[2019-03-22 02:36:29,339] {base_task_runner.py:101} INFO - Job 2547: Subtask templated [2019-03-22 02:36:29,338] {cli.py:520} INFO - Running <TaskInstance: tutorial.templated 2018-10-19T00:00:00+00:00 [running]> on host IADAIRP1.globalrs.rack.space
[2019-03-22 02:36:29,357] {bash_operator.py:77} INFO - Tmp dir root location: 
 /tmp
[2019-03-22 02:36:29,358] {bash_operator.py:86} INFO - Exporting the following env vars:
AIRFLOW_CTX_DAG_ID=tutorial
AIRFLOW_CTX_TASK_ID=templated
AIRFLOW_CTX_EXECUTION_DATE=2018-10-19T00:00:00+00:00
AIRFLOW_CTX_DAG_RUN_ID=scheduled__2018-10-19T00:00:00+00:00
[2019-03-22 02:36:29,358] {bash_operator.py:100} INFO - Temporary script location: /tmp/airflowtmpa7en57j0/templatedb_lytmhc
[2019-03-22 02:36:29,358] {bash_operator.py:110} INFO - Running command: 

    echo "2018-10-19"
    echo "2018-10-26"
    echo "Parameter I passed in"

    echo "2018-10-19"
    echo "2018-10-26"
    echo "Parameter I passed in"

    echo "2018-10-19"
    echo "2018-10-26"
    echo "Parameter I passed in"

    echo "2018-10-19"
    echo "2018-10-26"
    echo "Parameter I passed in"

    echo "2018-10-19"
    echo "2018-10-26"
    echo "Parameter I passed in"

[2019-03-22 02:36:29,364] {bash_operator.py:119} INFO - Output:
[2019-03-22 02:36:29,365] {bash_operator.py:123} INFO - 2018-10-19
[2019-03-22 02:36:29,365] {bash_operator.py:123} INFO - 2018-10-26
[2019-03-22 02:36:29,365] {bash_operator.py:123} INFO - Parameter I passed in
[2019-03-22 02:36:29,365] {bash_operator.py:123} INFO - 2018-10-19
[2019-03-22 02:36:29,365] {bash_operator.py:123} INFO - 2018-10-26
[2019-03-22 02:36:29,365] {bash_operator.py:123} INFO - Parameter I passed in
[2019-03-22 02:36:29,365] {bash_operator.py:123} INFO - 2018-10-19
[2019-03-22 02:36:29,365] {bash_operator.py:123} INFO - 2018-10-26
[2019-03-22 02:36:29,365] {bash_operator.py:123} INFO - Parameter I passed in
[2019-03-22 02:36:29,365] {bash_operator.py:123} INFO - 2018-10-19
[2019-03-22 02:36:29,365] {bash_operator.py:123} INFO - 2018-10-26
[2019-03-22 02:36:29,365] {bash_operator.py:123} INFO - Parameter I passed in
[2019-03-22 02:36:29,366] {bash_operator.py:123} INFO - 2018-10-19
[2019-03-22 02:36:29,366] {bash_operator.py:123} INFO - 2018-10-26
[2019-03-22 02:36:29,366] {bash_operator.py:123} INFO - Parameter I passed in
[2019-03-22 02:36:29,366] {bash_operator.py:127} INFO - Command exited with return code 0
[2019-03-22 02:36:33,200] {logging_mixin.py:95} INFO - [2019-03-22 02:36:33,200] {jobs.py:2527} INFO - Task exited with return code 0
