[2019-03-19 13:56:59,084] {models.py:1359} INFO - Dependencies all met for <TaskInstance: tutorial.templated 2016-09-10T00:00:00+00:00 [queued]>
[2019-03-19 13:56:59,091] {models.py:1359} INFO - Dependencies all met for <TaskInstance: tutorial.templated 2016-09-10T00:00:00+00:00 [queued]>
[2019-03-19 13:56:59,091] {models.py:1571} INFO - 
--------------------------------------------------------------------------------
Starting attempt 1 of 2
--------------------------------------------------------------------------------

[2019-03-19 13:56:59,129] {models.py:1593} INFO - Executing <Task(BashOperator): templated> on 2016-09-10T00:00:00+00:00
[2019-03-19 13:56:59,129] {base_task_runner.py:118} INFO - Running: ['bash', '-c', 'airflow run tutorial templated 2016-09-10T00:00:00+00:00 --job_id 941 --raw -sd DAGS_FOLDER/example_dags/tutorial.py --cfg_path /tmp/tmpxkywc31t']
[2019-03-19 13:56:59,813] {base_task_runner.py:101} INFO - Job 941: Subtask templated [2019-03-19 13:56:59,813] {__init__.py:51} INFO - Using executor SequentialExecutor
[2019-03-19 13:57:00,115] {base_task_runner.py:101} INFO - Job 941: Subtask templated [2019-03-19 13:57:00,115] {models.py:273} INFO - Filling up the DagBag from /home/rsandroni/airflow/dags/example_dags/tutorial.py
[2019-03-19 13:57:00,180] {base_task_runner.py:101} INFO - Job 941: Subtask templated [2019-03-19 13:57:00,177] {cli.py:520} INFO - Running <TaskInstance: tutorial.templated 2016-09-10T00:00:00+00:00 [running]> on host IADAIRP1.globalrs.rack.space
[2019-03-19 13:57:00,216] {bash_operator.py:77} INFO - Tmp dir root location: 
 /tmp
[2019-03-19 13:57:00,217] {bash_operator.py:86} INFO - Exporting the following env vars:
AIRFLOW_CTX_DAG_ID=tutorial
AIRFLOW_CTX_TASK_ID=templated
AIRFLOW_CTX_EXECUTION_DATE=2016-09-10T00:00:00+00:00
AIRFLOW_CTX_DAG_RUN_ID=scheduled__2016-09-10T00:00:00+00:00
[2019-03-19 13:57:00,217] {bash_operator.py:100} INFO - Temporary script location: /tmp/airflowtmpd9yqn9pj/templatedah5s5038
[2019-03-19 13:57:00,217] {bash_operator.py:110} INFO - Running command: 

    echo "2016-09-10"
    echo "2016-09-17"
    echo "Parameter I passed in"

    echo "2016-09-10"
    echo "2016-09-17"
    echo "Parameter I passed in"

    echo "2016-09-10"
    echo "2016-09-17"
    echo "Parameter I passed in"

    echo "2016-09-10"
    echo "2016-09-17"
    echo "Parameter I passed in"

    echo "2016-09-10"
    echo "2016-09-17"
    echo "Parameter I passed in"

[2019-03-19 13:57:00,238] {bash_operator.py:119} INFO - Output:
[2019-03-19 13:57:00,249] {bash_operator.py:123} INFO - 2016-09-10
[2019-03-19 13:57:00,249] {bash_operator.py:123} INFO - 2016-09-17
[2019-03-19 13:57:00,250] {bash_operator.py:123} INFO - Parameter I passed in
[2019-03-19 13:57:00,250] {bash_operator.py:123} INFO - 2016-09-10
[2019-03-19 13:57:00,250] {bash_operator.py:123} INFO - 2016-09-17
[2019-03-19 13:57:00,250] {bash_operator.py:123} INFO - Parameter I passed in
[2019-03-19 13:57:00,250] {bash_operator.py:123} INFO - 2016-09-10
[2019-03-19 13:57:00,250] {bash_operator.py:123} INFO - 2016-09-17
[2019-03-19 13:57:00,250] {bash_operator.py:123} INFO - Parameter I passed in
[2019-03-19 13:57:00,250] {bash_operator.py:123} INFO - 2016-09-10
[2019-03-19 13:57:00,250] {bash_operator.py:123} INFO - 2016-09-17
[2019-03-19 13:57:00,250] {bash_operator.py:123} INFO - Parameter I passed in
[2019-03-19 13:57:00,250] {bash_operator.py:123} INFO - 2016-09-10
[2019-03-19 13:57:00,250] {bash_operator.py:123} INFO - 2016-09-17
[2019-03-19 13:57:00,250] {bash_operator.py:123} INFO - Parameter I passed in
[2019-03-19 13:57:00,250] {bash_operator.py:127} INFO - Command exited with return code 0
[2019-03-19 13:57:04,150] {logging_mixin.py:95} INFO - [2019-03-19 13:57:04,149] {jobs.py:2527} INFO - Task exited with return code 0
