[2019-03-19 13:10:34,948] {models.py:1359} INFO - Dependencies all met for <TaskInstance: tutorial.print_date 2016-06-03T00:00:00+00:00 [queued]>
[2019-03-19 13:10:34,950] {models.py:1359} INFO - Dependencies all met for <TaskInstance: tutorial.print_date 2016-06-03T00:00:00+00:00 [queued]>
[2019-03-19 13:10:34,950] {models.py:1571} INFO - 
--------------------------------------------------------------------------------
Starting attempt 1 of 2
--------------------------------------------------------------------------------

[2019-03-19 13:10:35,018] {models.py:1593} INFO - Executing <Task(BashOperator): print_date> on 2016-06-03T00:00:00+00:00
[2019-03-19 13:10:35,018] {base_task_runner.py:118} INFO - Running: ['bash', '-c', 'airflow run tutorial print_date 2016-06-03T00:00:00+00:00 --job_id 740 --raw -sd DAGS_FOLDER/sql_server_load.py --cfg_path /tmp/tmpzmre_ng_']
[2019-03-19 13:10:36,362] {base_task_runner.py:101} INFO - Job 740: Subtask print_date [2019-03-19 13:10:36,362] {__init__.py:51} INFO - Using executor SequentialExecutor
[2019-03-19 13:10:36,886] {base_task_runner.py:101} INFO - Job 740: Subtask print_date [2019-03-19 13:10:36,885] {models.py:273} INFO - Filling up the DagBag from /home/rsandroni/airflow/dags/sql_server_load.py
[2019-03-19 13:10:36,955] {base_task_runner.py:101} INFO - Job 740: Subtask print_date [2019-03-19 13:10:36,954] {cli.py:520} INFO - Running <TaskInstance: tutorial.print_date 2016-06-03T00:00:00+00:00 [running]> on host IADAIRP1.globalrs.rack.space
[2019-03-19 13:10:36,979] {bash_operator.py:77} INFO - Tmp dir root location: 
 /tmp
[2019-03-19 13:10:36,979] {bash_operator.py:86} INFO - Exporting the following env vars:
AIRFLOW_CTX_DAG_ID=tutorial
AIRFLOW_CTX_TASK_ID=print_date
AIRFLOW_CTX_EXECUTION_DATE=2016-06-03T00:00:00+00:00
AIRFLOW_CTX_DAG_RUN_ID=scheduled__2016-06-03T00:00:00+00:00
[2019-03-19 13:10:36,980] {bash_operator.py:100} INFO - Temporary script location: /tmp/airflowtmpv6ncox_t/print_datedrhsjfu5
[2019-03-19 13:10:36,980] {bash_operator.py:110} INFO - Running command: date
[2019-03-19 13:10:37,033] {bash_operator.py:119} INFO - Output:
[2019-03-19 13:10:37,047] {bash_operator.py:123} INFO - Ter Mar 19 13:10:37 -03 2019
[2019-03-19 13:10:37,047] {bash_operator.py:127} INFO - Command exited with return code 0
[2019-03-19 13:10:39,953] {logging_mixin.py:95} INFO - [2019-03-19 13:10:39,952] {jobs.py:2527} INFO - Task exited with return code 0
