[2019-03-19 14:01:32,753] {models.py:1359} INFO - Dependencies all met for <TaskInstance: tutorial.templated 2016-09-19T00:00:00+00:00 [queued]>
[2019-03-19 14:01:32,757] {models.py:1359} INFO - Dependencies all met for <TaskInstance: tutorial.templated 2016-09-19T00:00:00+00:00 [queued]>
[2019-03-19 14:01:32,757] {models.py:1571} INFO - 
--------------------------------------------------------------------------------
Starting attempt 1 of 2
--------------------------------------------------------------------------------

[2019-03-19 14:01:32,829] {models.py:1593} INFO - Executing <Task(BashOperator): templated> on 2016-09-19T00:00:00+00:00
[2019-03-19 14:01:32,829] {base_task_runner.py:118} INFO - Running: ['bash', '-c', 'airflow run tutorial templated 2016-09-19T00:00:00+00:00 --job_id 959 --raw -sd DAGS_FOLDER/example_dags/tutorial.py --cfg_path /tmp/tmpuisqjrsu']
[2019-03-19 14:01:35,098] {base_task_runner.py:101} INFO - Job 959: Subtask templated [2019-03-19 14:01:35,097] {__init__.py:51} INFO - Using executor SequentialExecutor
[2019-03-19 14:01:35,842] {base_task_runner.py:101} INFO - Job 959: Subtask templated [2019-03-19 14:01:35,834] {models.py:273} INFO - Filling up the DagBag from /home/rsandroni/airflow/dags/example_dags/tutorial.py
[2019-03-19 14:01:35,974] {base_task_runner.py:101} INFO - Job 959: Subtask templated [2019-03-19 14:01:35,973] {cli.py:520} INFO - Running <TaskInstance: tutorial.templated 2016-09-19T00:00:00+00:00 [running]> on host IADAIRP1.globalrs.rack.space
[2019-03-19 14:01:36,019] {bash_operator.py:77} INFO - Tmp dir root location: 
 /tmp
[2019-03-19 14:01:36,019] {bash_operator.py:86} INFO - Exporting the following env vars:
AIRFLOW_CTX_DAG_ID=tutorial
AIRFLOW_CTX_TASK_ID=templated
AIRFLOW_CTX_EXECUTION_DATE=2016-09-19T00:00:00+00:00
AIRFLOW_CTX_DAG_RUN_ID=scheduled__2016-09-19T00:00:00+00:00
[2019-03-19 14:01:36,020] {bash_operator.py:100} INFO - Temporary script location: /tmp/airflowtmpo3r74qpl/templatedw95xuj2c
[2019-03-19 14:01:36,020] {bash_operator.py:110} INFO - Running command: 

    echo "2016-09-19"
    echo "2016-09-26"
    echo "Parameter I passed in"

    echo "2016-09-19"
    echo "2016-09-26"
    echo "Parameter I passed in"

    echo "2016-09-19"
    echo "2016-09-26"
    echo "Parameter I passed in"

    echo "2016-09-19"
    echo "2016-09-26"
    echo "Parameter I passed in"

    echo "2016-09-19"
    echo "2016-09-26"
    echo "Parameter I passed in"

[2019-03-19 14:01:36,071] {bash_operator.py:119} INFO - Output:
[2019-03-19 14:01:36,072] {bash_operator.py:123} INFO - 2016-09-19
[2019-03-19 14:01:36,072] {bash_operator.py:123} INFO - 2016-09-26
[2019-03-19 14:01:36,072] {bash_operator.py:123} INFO - Parameter I passed in
[2019-03-19 14:01:36,072] {bash_operator.py:123} INFO - 2016-09-19
[2019-03-19 14:01:36,072] {bash_operator.py:123} INFO - 2016-09-26
[2019-03-19 14:01:36,072] {bash_operator.py:123} INFO - Parameter I passed in
[2019-03-19 14:01:36,072] {bash_operator.py:123} INFO - 2016-09-19
[2019-03-19 14:01:36,072] {bash_operator.py:123} INFO - 2016-09-26
[2019-03-19 14:01:36,072] {bash_operator.py:123} INFO - Parameter I passed in
[2019-03-19 14:01:36,072] {bash_operator.py:123} INFO - 2016-09-19
[2019-03-19 14:01:36,072] {bash_operator.py:123} INFO - 2016-09-26
[2019-03-19 14:01:36,072] {bash_operator.py:123} INFO - Parameter I passed in
[2019-03-19 14:01:36,072] {bash_operator.py:123} INFO - 2016-09-19
[2019-03-19 14:01:36,072] {bash_operator.py:123} INFO - 2016-09-26
[2019-03-19 14:01:36,072] {bash_operator.py:123} INFO - Parameter I passed in
[2019-03-19 14:01:36,073] {bash_operator.py:127} INFO - Command exited with return code 0
[2019-03-19 14:01:37,782] {logging_mixin.py:95} INFO - [2019-03-19 14:01:37,782] {jobs.py:2527} INFO - Task exited with return code 0
