[2019-03-19 15:30:49,323] {models.py:1359} INFO - Dependencies all met for <TaskInstance: tutorial.templated 2017-03-27T00:00:00+00:00 [queued]>
[2019-03-19 15:30:49,327] {models.py:1359} INFO - Dependencies all met for <TaskInstance: tutorial.templated 2017-03-27T00:00:00+00:00 [queued]>
[2019-03-19 15:30:49,327] {models.py:1571} INFO - 
--------------------------------------------------------------------------------
Starting attempt 1 of 2
--------------------------------------------------------------------------------

[2019-03-19 15:30:49,408] {models.py:1593} INFO - Executing <Task(BashOperator): templated> on 2017-03-27T00:00:00+00:00
[2019-03-19 15:30:49,408] {base_task_runner.py:118} INFO - Running: ['bash', '-c', 'airflow run tutorial templated 2017-03-27T00:00:00+00:00 --job_id 1337 --raw -sd DAGS_FOLDER/example_dags/tutorial.py --cfg_path /tmp/tmp18_740ca']
[2019-03-19 15:30:50,613] {base_task_runner.py:101} INFO - Job 1337: Subtask templated [2019-03-19 15:30:50,605] {__init__.py:51} INFO - Using executor SequentialExecutor
[2019-03-19 15:30:50,999] {base_task_runner.py:101} INFO - Job 1337: Subtask templated [2019-03-19 15:30:50,992] {models.py:273} INFO - Filling up the DagBag from /home/rsandroni/airflow/dags/example_dags/tutorial.py
[2019-03-19 15:30:51,115] {base_task_runner.py:101} INFO - Job 1337: Subtask templated [2019-03-19 15:30:51,111] {cli.py:520} INFO - Running <TaskInstance: tutorial.templated 2017-03-27T00:00:00+00:00 [running]> on host IADAIRP1.globalrs.rack.space
[2019-03-19 15:30:51,143] {bash_operator.py:77} INFO - Tmp dir root location: 
 /tmp
[2019-03-19 15:30:51,143] {bash_operator.py:86} INFO - Exporting the following env vars:
AIRFLOW_CTX_DAG_ID=tutorial
AIRFLOW_CTX_TASK_ID=templated
AIRFLOW_CTX_EXECUTION_DATE=2017-03-27T00:00:00+00:00
AIRFLOW_CTX_DAG_RUN_ID=scheduled__2017-03-27T00:00:00+00:00
[2019-03-19 15:30:51,143] {bash_operator.py:100} INFO - Temporary script location: /tmp/airflowtmpbbbi4y2v/templatedbsxflw8z
[2019-03-19 15:30:51,144] {bash_operator.py:110} INFO - Running command: 

    echo "2017-03-27"
    echo "2017-04-03"
    echo "Parameter I passed in"

    echo "2017-03-27"
    echo "2017-04-03"
    echo "Parameter I passed in"

    echo "2017-03-27"
    echo "2017-04-03"
    echo "Parameter I passed in"

    echo "2017-03-27"
    echo "2017-04-03"
    echo "Parameter I passed in"

    echo "2017-03-27"
    echo "2017-04-03"
    echo "Parameter I passed in"

[2019-03-19 15:30:51,164] {bash_operator.py:119} INFO - Output:
[2019-03-19 15:30:51,165] {bash_operator.py:123} INFO - 2017-03-27
[2019-03-19 15:30:51,165] {bash_operator.py:123} INFO - 2017-04-03
[2019-03-19 15:30:51,165] {bash_operator.py:123} INFO - Parameter I passed in
[2019-03-19 15:30:51,165] {bash_operator.py:123} INFO - 2017-03-27
[2019-03-19 15:30:51,165] {bash_operator.py:123} INFO - 2017-04-03
[2019-03-19 15:30:51,165] {bash_operator.py:123} INFO - Parameter I passed in
[2019-03-19 15:30:51,165] {bash_operator.py:123} INFO - 2017-03-27
[2019-03-19 15:30:51,165] {bash_operator.py:123} INFO - 2017-04-03
[2019-03-19 15:30:51,165] {bash_operator.py:123} INFO - Parameter I passed in
[2019-03-19 15:30:51,165] {bash_operator.py:123} INFO - 2017-03-27
[2019-03-19 15:30:51,165] {bash_operator.py:123} INFO - 2017-04-03
[2019-03-19 15:30:51,165] {bash_operator.py:123} INFO - Parameter I passed in
[2019-03-19 15:30:51,165] {bash_operator.py:123} INFO - 2017-03-27
[2019-03-19 15:30:51,165] {bash_operator.py:123} INFO - 2017-04-03
[2019-03-19 15:30:51,165] {bash_operator.py:123} INFO - Parameter I passed in
[2019-03-19 15:30:51,166] {bash_operator.py:127} INFO - Command exited with return code 0
[2019-03-19 15:30:54,306] {logging_mixin.py:95} INFO - [2019-03-19 15:30:54,303] {jobs.py:2527} INFO - Task exited with return code 0
