[2019-03-22 00:53:51,189] {models.py:1359} INFO - Dependencies all met for <TaskInstance: tutorial.print_date 2018-08-03T00:00:00+00:00 [queued]>
[2019-03-22 00:53:51,192] {models.py:1359} INFO - Dependencies all met for <TaskInstance: tutorial.print_date 2018-08-03T00:00:00+00:00 [queued]>
[2019-03-22 00:53:51,193] {models.py:1571} INFO - 
--------------------------------------------------------------------------------
Starting attempt 1 of 2
--------------------------------------------------------------------------------

[2019-03-22 00:53:51,206] {models.py:1593} INFO - Executing <Task(BashOperator): print_date> on 2018-08-03T00:00:00+00:00
[2019-03-22 00:53:51,206] {base_task_runner.py:118} INFO - Running: ['bash', '-c', 'airflow run tutorial print_date 2018-08-03T00:00:00+00:00 --job_id 2392 --raw -sd DAGS_FOLDER/tutorial.py --cfg_path /tmp/tmpppdd_gzt']
[2019-03-22 00:53:51,848] {base_task_runner.py:101} INFO - Job 2392: Subtask print_date [2019-03-22 00:53:51,847] {__init__.py:51} INFO - Using executor SequentialExecutor
[2019-03-22 00:53:52,114] {base_task_runner.py:101} INFO - Job 2392: Subtask print_date [2019-03-22 00:53:52,113] {models.py:273} INFO - Filling up the DagBag from /home/rsandroni/airflow/dags/tutorial.py
[2019-03-22 00:53:52,128] {base_task_runner.py:101} INFO - Job 2392: Subtask print_date [2019-03-22 00:53:52,128] {cli.py:520} INFO - Running <TaskInstance: tutorial.print_date 2018-08-03T00:00:00+00:00 [running]> on host IADAIRP1.globalrs.rack.space
[2019-03-22 00:53:52,143] {bash_operator.py:77} INFO - Tmp dir root location: 
 /tmp
[2019-03-22 00:53:52,143] {bash_operator.py:86} INFO - Exporting the following env vars:
AIRFLOW_CTX_DAG_ID=tutorial
AIRFLOW_CTX_TASK_ID=print_date
AIRFLOW_CTX_EXECUTION_DATE=2018-08-03T00:00:00+00:00
AIRFLOW_CTX_DAG_RUN_ID=scheduled__2018-08-03T00:00:00+00:00
[2019-03-22 00:53:52,144] {bash_operator.py:100} INFO - Temporary script location: /tmp/airflowtmpjffj2a15/print_datewsaoll6y
[2019-03-22 00:53:52,144] {bash_operator.py:110} INFO - Running command: date
[2019-03-22 00:53:52,149] {bash_operator.py:119} INFO - Output:
[2019-03-22 00:53:52,151] {bash_operator.py:123} INFO - Sex Mar 22 00:53:52 -03 2019
[2019-03-22 00:53:52,152] {bash_operator.py:127} INFO - Command exited with return code 0
[2019-03-22 00:53:56,243] {logging_mixin.py:95} INFO - [2019-03-22 00:53:56,242] {jobs.py:2527} INFO - Task exited with return code 0
