[2019-03-21 20:24:19,111] {models.py:1359} INFO - Dependencies all met for <TaskInstance: tutorial.print_date 2018-01-10T00:00:00+00:00 [queued]>
[2019-03-21 20:24:19,115] {models.py:1359} INFO - Dependencies all met for <TaskInstance: tutorial.print_date 2018-01-10T00:00:00+00:00 [queued]>
[2019-03-21 20:24:19,115] {models.py:1571} INFO - 
--------------------------------------------------------------------------------
Starting attempt 1 of 2
--------------------------------------------------------------------------------

[2019-03-21 20:24:19,195] {models.py:1593} INFO - Executing <Task(BashOperator): print_date> on 2018-01-10T00:00:00+00:00
[2019-03-21 20:24:19,195] {base_task_runner.py:118} INFO - Running: ['bash', '-c', 'airflow run tutorial print_date 2018-01-10T00:00:00+00:00 --job_id 1981 --raw -sd DAGS_FOLDER/tutorial.py --cfg_path /tmp/tmph79niedc']
[2019-03-21 20:24:20,074] {base_task_runner.py:101} INFO - Job 1981: Subtask print_date [2019-03-21 20:24:20,073] {__init__.py:51} INFO - Using executor SequentialExecutor
[2019-03-21 20:24:20,421] {base_task_runner.py:101} INFO - Job 1981: Subtask print_date [2019-03-21 20:24:20,415] {models.py:273} INFO - Filling up the DagBag from /home/rsandroni/airflow/dags/tutorial.py
[2019-03-21 20:24:20,437] {base_task_runner.py:101} INFO - Job 1981: Subtask print_date [2019-03-21 20:24:20,433] {cli.py:520} INFO - Running <TaskInstance: tutorial.print_date 2018-01-10T00:00:00+00:00 [running]> on host IADAIRP1.globalrs.rack.space
[2019-03-21 20:24:20,477] {bash_operator.py:77} INFO - Tmp dir root location: 
 /tmp
[2019-03-21 20:24:20,478] {bash_operator.py:86} INFO - Exporting the following env vars:
AIRFLOW_CTX_DAG_ID=tutorial
AIRFLOW_CTX_TASK_ID=print_date
AIRFLOW_CTX_EXECUTION_DATE=2018-01-10T00:00:00+00:00
AIRFLOW_CTX_DAG_RUN_ID=scheduled__2018-01-10T00:00:00+00:00
[2019-03-21 20:24:20,478] {bash_operator.py:100} INFO - Temporary script location: /tmp/airflowtmpxv8xwdzd/print_dateiig_81oc
[2019-03-21 20:24:20,478] {bash_operator.py:110} INFO - Running command: date
[2019-03-21 20:24:20,509] {bash_operator.py:119} INFO - Output:
[2019-03-21 20:24:20,529] {bash_operator.py:123} INFO - Qui Mar 21 20:24:20 -03 2019
[2019-03-21 20:24:20,540] {bash_operator.py:127} INFO - Command exited with return code 0
[2019-03-21 20:24:24,062] {logging_mixin.py:95} INFO - [2019-03-21 20:24:24,061] {jobs.py:2527} INFO - Task exited with return code 0
