[2019-03-21 21:45:36,837] {models.py:1359} INFO - Dependencies all met for <TaskInstance: tutorial.print_date 2018-03-13T00:00:00+00:00 [queued]>
[2019-03-21 21:45:36,840] {models.py:1359} INFO - Dependencies all met for <TaskInstance: tutorial.print_date 2018-03-13T00:00:00+00:00 [queued]>
[2019-03-21 21:45:36,840] {models.py:1571} INFO - 
--------------------------------------------------------------------------------
Starting attempt 1 of 2
--------------------------------------------------------------------------------

[2019-03-21 21:45:36,857] {models.py:1593} INFO - Executing <Task(BashOperator): print_date> on 2018-03-13T00:00:00+00:00
[2019-03-21 21:45:36,857] {base_task_runner.py:118} INFO - Running: ['bash', '-c', 'airflow run tutorial print_date 2018-03-13T00:00:00+00:00 --job_id 2105 --raw -sd DAGS_FOLDER/tutorial.py --cfg_path /tmp/tmp80q3ai42']
[2019-03-21 21:45:37,491] {base_task_runner.py:101} INFO - Job 2105: Subtask print_date [2019-03-21 21:45:37,490] {__init__.py:51} INFO - Using executor SequentialExecutor
[2019-03-21 21:45:37,720] {base_task_runner.py:101} INFO - Job 2105: Subtask print_date [2019-03-21 21:45:37,719] {models.py:273} INFO - Filling up the DagBag from /home/rsandroni/airflow/dags/tutorial.py
[2019-03-21 21:45:37,736] {base_task_runner.py:101} INFO - Job 2105: Subtask print_date [2019-03-21 21:45:37,735] {cli.py:520} INFO - Running <TaskInstance: tutorial.print_date 2018-03-13T00:00:00+00:00 [running]> on host IADAIRP1.globalrs.rack.space
[2019-03-21 21:45:37,749] {bash_operator.py:77} INFO - Tmp dir root location: 
 /tmp
[2019-03-21 21:45:37,749] {bash_operator.py:86} INFO - Exporting the following env vars:
AIRFLOW_CTX_DAG_ID=tutorial
AIRFLOW_CTX_TASK_ID=print_date
AIRFLOW_CTX_EXECUTION_DATE=2018-03-13T00:00:00+00:00
AIRFLOW_CTX_DAG_RUN_ID=scheduled__2018-03-13T00:00:00+00:00
[2019-03-21 21:45:37,749] {bash_operator.py:100} INFO - Temporary script location: /tmp/airflowtmp6rwj6_f0/print_date9dzuqwcw
[2019-03-21 21:45:37,749] {bash_operator.py:110} INFO - Running command: date
[2019-03-21 21:45:37,755] {bash_operator.py:119} INFO - Output:
[2019-03-21 21:45:37,757] {bash_operator.py:123} INFO - Qui Mar 21 21:45:37 -03 2019
[2019-03-21 21:45:37,757] {bash_operator.py:127} INFO - Command exited with return code 0
[2019-03-21 21:45:41,836] {logging_mixin.py:95} INFO - [2019-03-21 21:45:41,835] {jobs.py:2527} INFO - Task exited with return code 0
