[2019-03-21 17:44:51,720] {models.py:1359} INFO - Dependencies all met for <TaskInstance: tutorial.print_date 2017-08-07T00:00:00+00:00 [queued]>
[2019-03-21 17:44:51,723] {models.py:1359} INFO - Dependencies all met for <TaskInstance: tutorial.print_date 2017-08-07T00:00:00+00:00 [queued]>
[2019-03-21 17:44:51,723] {models.py:1571} INFO - 
--------------------------------------------------------------------------------
Starting attempt 1 of 2
--------------------------------------------------------------------------------

[2019-03-21 17:44:51,756] {models.py:1593} INFO - Executing <Task(BashOperator): print_date> on 2017-08-07T00:00:00+00:00
[2019-03-21 17:44:51,757] {base_task_runner.py:118} INFO - Running: ['bash', '-c', 'airflow run tutorial print_date 2017-08-07T00:00:00+00:00 --job_id 1644 --raw -sd DAGS_FOLDER/tutorial.py --cfg_path /tmp/tmpdc_hbqh2']
[2019-03-21 17:44:52,404] {base_task_runner.py:101} INFO - Job 1644: Subtask print_date [2019-03-21 17:44:52,403] {__init__.py:51} INFO - Using executor SequentialExecutor
[2019-03-21 17:44:52,757] {base_task_runner.py:101} INFO - Job 1644: Subtask print_date [2019-03-21 17:44:52,756] {models.py:273} INFO - Filling up the DagBag from /home/rsandroni/airflow/dags/tutorial.py
[2019-03-21 17:44:52,774] {base_task_runner.py:101} INFO - Job 1644: Subtask print_date [2019-03-21 17:44:52,771] {cli.py:520} INFO - Running <TaskInstance: tutorial.print_date 2017-08-07T00:00:00+00:00 [running]> on host IADAIRP1.globalrs.rack.space
[2019-03-21 17:44:52,787] {bash_operator.py:77} INFO - Tmp dir root location: 
 /tmp
[2019-03-21 17:44:52,787] {bash_operator.py:86} INFO - Exporting the following env vars:
AIRFLOW_CTX_DAG_ID=tutorial
AIRFLOW_CTX_TASK_ID=print_date
AIRFLOW_CTX_EXECUTION_DATE=2017-08-07T00:00:00+00:00
AIRFLOW_CTX_DAG_RUN_ID=scheduled__2017-08-07T00:00:00+00:00
[2019-03-21 17:44:52,787] {bash_operator.py:100} INFO - Temporary script location: /tmp/airflowtmpwmh67vwn/print_date7b9jtdzy
[2019-03-21 17:44:52,787] {bash_operator.py:110} INFO - Running command: date
[2019-03-21 17:44:52,793] {bash_operator.py:119} INFO - Output:
[2019-03-21 17:44:52,795] {bash_operator.py:123} INFO - Qui Mar 21 17:44:52 -03 2019
[2019-03-21 17:44:52,795] {bash_operator.py:127} INFO - Command exited with return code 0
[2019-03-21 17:44:56,737] {logging_mixin.py:95} INFO - [2019-03-21 17:44:56,736] {jobs.py:2527} INFO - Task exited with return code 0
