[2019-03-19 12:11:50,887] {models.py:1359} INFO - Dependencies all met for <TaskInstance: tutorial.templated 2016-02-01T00:00:00+00:00 [queued]>
[2019-03-19 12:11:50,891] {models.py:1359} INFO - Dependencies all met for <TaskInstance: tutorial.templated 2016-02-01T00:00:00+00:00 [queued]>
[2019-03-19 12:11:50,891] {models.py:1571} INFO - 
--------------------------------------------------------------------------------
Starting attempt 1 of 2
--------------------------------------------------------------------------------

[2019-03-19 12:11:50,908] {models.py:1593} INFO - Executing <Task(BashOperator): templated> on 2016-02-01T00:00:00+00:00
[2019-03-19 12:11:50,908] {base_task_runner.py:118} INFO - Running: ['bash', '-c', 'airflow run tutorial templated 2016-02-01T00:00:00+00:00 --job_id 497 --raw -sd DAGS_FOLDER/example_dags/tutorial.py --cfg_path /tmp/tmpg8i42yus']
[2019-03-19 12:11:51,524] {base_task_runner.py:101} INFO - Job 497: Subtask templated [2019-03-19 12:11:51,524] {__init__.py:51} INFO - Using executor SequentialExecutor
[2019-03-19 12:11:51,756] {base_task_runner.py:101} INFO - Job 497: Subtask templated [2019-03-19 12:11:51,756] {models.py:273} INFO - Filling up the DagBag from /home/rsandroni/airflow/dags/example_dags/tutorial.py
[2019-03-19 12:11:51,797] {base_task_runner.py:101} INFO - Job 497: Subtask templated [2019-03-19 12:11:51,797] {cli.py:520} INFO - Running <TaskInstance: tutorial.templated 2016-02-01T00:00:00+00:00 [running]> on host IADAIRP1.globalrs.rack.space
[2019-03-19 12:11:51,814] {bash_operator.py:77} INFO - Tmp dir root location: 
 /tmp
[2019-03-19 12:11:51,815] {bash_operator.py:86} INFO - Exporting the following env vars:
AIRFLOW_CTX_DAG_ID=tutorial
AIRFLOW_CTX_TASK_ID=templated
AIRFLOW_CTX_EXECUTION_DATE=2016-02-01T00:00:00+00:00
AIRFLOW_CTX_DAG_RUN_ID=scheduled__2016-02-01T00:00:00+00:00
[2019-03-19 12:11:51,815] {bash_operator.py:100} INFO - Temporary script location: /tmp/airflowtmplwoj6mww/templatedfe1nf_03
[2019-03-19 12:11:51,815] {bash_operator.py:110} INFO - Running command: 

    echo "2016-02-01"
    echo "2016-02-08"
    echo "Parameter I passed in"

    echo "2016-02-01"
    echo "2016-02-08"
    echo "Parameter I passed in"

    echo "2016-02-01"
    echo "2016-02-08"
    echo "Parameter I passed in"

    echo "2016-02-01"
    echo "2016-02-08"
    echo "Parameter I passed in"

    echo "2016-02-01"
    echo "2016-02-08"
    echo "Parameter I passed in"

[2019-03-19 12:11:51,820] {bash_operator.py:119} INFO - Output:
[2019-03-19 12:11:51,821] {bash_operator.py:123} INFO - 2016-02-01
[2019-03-19 12:11:51,821] {bash_operator.py:123} INFO - 2016-02-08
[2019-03-19 12:11:51,821] {bash_operator.py:123} INFO - Parameter I passed in
[2019-03-19 12:11:51,821] {bash_operator.py:123} INFO - 2016-02-01
[2019-03-19 12:11:51,822] {bash_operator.py:123} INFO - 2016-02-08
[2019-03-19 12:11:51,822] {bash_operator.py:123} INFO - Parameter I passed in
[2019-03-19 12:11:51,822] {bash_operator.py:123} INFO - 2016-02-01
[2019-03-19 12:11:51,822] {bash_operator.py:123} INFO - 2016-02-08
[2019-03-19 12:11:51,822] {bash_operator.py:123} INFO - Parameter I passed in
[2019-03-19 12:11:51,822] {bash_operator.py:123} INFO - 2016-02-01
[2019-03-19 12:11:51,822] {bash_operator.py:123} INFO - 2016-02-08
[2019-03-19 12:11:51,822] {bash_operator.py:123} INFO - Parameter I passed in
[2019-03-19 12:11:51,822] {bash_operator.py:123} INFO - 2016-02-01
[2019-03-19 12:11:51,822] {bash_operator.py:123} INFO - 2016-02-08
[2019-03-19 12:11:51,822] {bash_operator.py:123} INFO - Parameter I passed in
[2019-03-19 12:11:51,822] {bash_operator.py:127} INFO - Command exited with return code 0
[2019-03-19 12:11:55,890] {logging_mixin.py:95} INFO - [2019-03-19 12:11:55,889] {jobs.py:2527} INFO - Task exited with return code 0
