[2019-03-19 10:22:35,417] {models.py:1359} INFO - Dependencies all met for <TaskInstance: tutorial.print_date 2015-06-17T00:00:00+00:00 [queued]>
[2019-03-19 10:22:35,418] {models.py:1359} INFO - Dependencies all met for <TaskInstance: tutorial.print_date 2015-06-17T00:00:00+00:00 [queued]>
[2019-03-19 10:22:35,418] {models.py:1571} INFO - 
--------------------------------------------------------------------------------
Starting attempt 1 of 2
--------------------------------------------------------------------------------

[2019-03-19 10:22:35,431] {models.py:1593} INFO - Executing <Task(BashOperator): print_date> on 2015-06-17T00:00:00+00:00
[2019-03-19 10:22:35,431] {base_task_runner.py:118} INFO - Running: ['bash', '-c', 'airflow run tutorial print_date 2015-06-17T00:00:00+00:00 --job_id 37 --raw -sd DAGS_FOLDER/tutorial.py --cfg_path /tmp/tmpotx1hmq6']
[2019-03-19 10:22:36,045] {base_task_runner.py:101} INFO - Job 37: Subtask print_date [2019-03-19 10:22:36,045] {__init__.py:51} INFO - Using executor SequentialExecutor
[2019-03-19 10:22:36,272] {base_task_runner.py:101} INFO - Job 37: Subtask print_date [2019-03-19 10:22:36,271] {models.py:273} INFO - Filling up the DagBag from /home/rsandroni/airflow/dags/tutorial.py
[2019-03-19 10:22:36,286] {base_task_runner.py:101} INFO - Job 37: Subtask print_date [2019-03-19 10:22:36,286] {cli.py:520} INFO - Running <TaskInstance: tutorial.print_date 2015-06-17T00:00:00+00:00 [running]> on host IADAIRP1.globalrs.rack.space
[2019-03-19 10:22:36,299] {bash_operator.py:77} INFO - Tmp dir root location: 
 /tmp
[2019-03-19 10:22:36,299] {bash_operator.py:86} INFO - Exporting the following env vars:
AIRFLOW_CTX_DAG_ID=tutorial
AIRFLOW_CTX_TASK_ID=print_date
AIRFLOW_CTX_EXECUTION_DATE=2015-06-17T00:00:00+00:00
AIRFLOW_CTX_DAG_RUN_ID=scheduled__2015-06-17T00:00:00+00:00
[2019-03-19 10:22:36,300] {bash_operator.py:100} INFO - Temporary script location: /tmp/airflowtmpgwnqaovp/print_datesnsus5nv
[2019-03-19 10:22:36,300] {bash_operator.py:110} INFO - Running command: date
[2019-03-19 10:22:36,305] {bash_operator.py:119} INFO - Output:
[2019-03-19 10:22:36,307] {bash_operator.py:123} INFO - Ter Mar 19 10:22:36 -03 2019
[2019-03-19 10:22:36,307] {bash_operator.py:127} INFO - Command exited with return code 0
[2019-03-19 10:22:40,420] {logging_mixin.py:95} INFO - [2019-03-19 10:22:40,420] {jobs.py:2527} INFO - Task exited with return code 0
