[2019-03-19 10:48:39,273] {models.py:1359} INFO - Dependencies all met for <TaskInstance: tutorial.print_date 2015-08-05T00:00:00+00:00 [queued]>
[2019-03-19 10:48:39,275] {models.py:1359} INFO - Dependencies all met for <TaskInstance: tutorial.print_date 2015-08-05T00:00:00+00:00 [queued]>
[2019-03-19 10:48:39,275] {models.py:1571} INFO - 
--------------------------------------------------------------------------------
Starting attempt 1 of 2
--------------------------------------------------------------------------------

[2019-03-19 10:48:39,290] {models.py:1593} INFO - Executing <Task(BashOperator): print_date> on 2015-08-05T00:00:00+00:00
[2019-03-19 10:48:39,290] {base_task_runner.py:118} INFO - Running: ['bash', '-c', 'airflow run tutorial print_date 2015-08-05T00:00:00+00:00 --job_id 136 --raw -sd DAGS_FOLDER/tutorial.py --cfg_path /tmp/tmp0h41hwdl']
[2019-03-19 10:48:39,892] {base_task_runner.py:101} INFO - Job 136: Subtask print_date [2019-03-19 10:48:39,891] {__init__.py:51} INFO - Using executor SequentialExecutor
[2019-03-19 10:48:40,114] {base_task_runner.py:101} INFO - Job 136: Subtask print_date [2019-03-19 10:48:40,114] {models.py:273} INFO - Filling up the DagBag from /home/rsandroni/airflow/dags/tutorial.py
[2019-03-19 10:48:40,129] {base_task_runner.py:101} INFO - Job 136: Subtask print_date [2019-03-19 10:48:40,129] {cli.py:520} INFO - Running <TaskInstance: tutorial.print_date 2015-08-05T00:00:00+00:00 [running]> on host IADAIRP1.globalrs.rack.space
[2019-03-19 10:48:40,142] {bash_operator.py:77} INFO - Tmp dir root location: 
 /tmp
[2019-03-19 10:48:40,142] {bash_operator.py:86} INFO - Exporting the following env vars:
AIRFLOW_CTX_DAG_ID=tutorial
AIRFLOW_CTX_TASK_ID=print_date
AIRFLOW_CTX_EXECUTION_DATE=2015-08-05T00:00:00+00:00
AIRFLOW_CTX_DAG_RUN_ID=scheduled__2015-08-05T00:00:00+00:00
[2019-03-19 10:48:40,142] {bash_operator.py:100} INFO - Temporary script location: /tmp/airflowtmpl_sq2bif/print_dateha65bv1t
[2019-03-19 10:48:40,142] {bash_operator.py:110} INFO - Running command: date
[2019-03-19 10:48:40,147] {bash_operator.py:119} INFO - Output:
[2019-03-19 10:48:40,149] {bash_operator.py:123} INFO - Ter Mar 19 10:48:40 -03 2019
[2019-03-19 10:48:40,149] {bash_operator.py:127} INFO - Command exited with return code 0
[2019-03-19 10:48:44,281] {logging_mixin.py:95} INFO - [2019-03-19 10:48:44,280] {jobs.py:2527} INFO - Task exited with return code 0
