[2019-03-19 13:46:56,002] {models.py:1359} INFO - Dependencies all met for <TaskInstance: tutorial.print_date 2016-08-21T00:00:00+00:00 [queued]>
[2019-03-19 13:46:56,005] {models.py:1359} INFO - Dependencies all met for <TaskInstance: tutorial.print_date 2016-08-21T00:00:00+00:00 [queued]>
[2019-03-19 13:46:56,005] {models.py:1571} INFO - 
--------------------------------------------------------------------------------
Starting attempt 1 of 2
--------------------------------------------------------------------------------

[2019-03-19 13:46:56,019] {models.py:1593} INFO - Executing <Task(BashOperator): print_date> on 2016-08-21T00:00:00+00:00
[2019-03-19 13:46:56,019] {base_task_runner.py:118} INFO - Running: ['bash', '-c', 'airflow run tutorial print_date 2016-08-21T00:00:00+00:00 --job_id 900 --raw -sd DAGS_FOLDER/tutorial.py --cfg_path /tmp/tmpv_tkj1ua']
[2019-03-19 13:46:56,628] {base_task_runner.py:101} INFO - Job 900: Subtask print_date [2019-03-19 13:46:56,627] {__init__.py:51} INFO - Using executor SequentialExecutor
[2019-03-19 13:46:56,850] {base_task_runner.py:101} INFO - Job 900: Subtask print_date [2019-03-19 13:46:56,849] {models.py:273} INFO - Filling up the DagBag from /home/rsandroni/airflow/dags/tutorial.py
[2019-03-19 13:46:56,864] {base_task_runner.py:101} INFO - Job 900: Subtask print_date [2019-03-19 13:46:56,864] {cli.py:520} INFO - Running <TaskInstance: tutorial.print_date 2016-08-21T00:00:00+00:00 [running]> on host IADAIRP1.globalrs.rack.space
[2019-03-19 13:46:56,877] {bash_operator.py:77} INFO - Tmp dir root location: 
 /tmp
[2019-03-19 13:46:56,878] {bash_operator.py:86} INFO - Exporting the following env vars:
AIRFLOW_CTX_DAG_ID=tutorial
AIRFLOW_CTX_TASK_ID=print_date
AIRFLOW_CTX_EXECUTION_DATE=2016-08-21T00:00:00+00:00
AIRFLOW_CTX_DAG_RUN_ID=scheduled__2016-08-21T00:00:00+00:00
[2019-03-19 13:46:56,878] {bash_operator.py:100} INFO - Temporary script location: /tmp/airflowtmpdq63sxx0/print_date_13zxam3
[2019-03-19 13:46:56,878] {bash_operator.py:110} INFO - Running command: date
[2019-03-19 13:46:56,883] {bash_operator.py:119} INFO - Output:
[2019-03-19 13:46:56,886] {bash_operator.py:123} INFO - Ter Mar 19 13:46:56 -03 2019
[2019-03-19 13:46:56,886] {bash_operator.py:127} INFO - Command exited with return code 0
[2019-03-19 13:47:01,003] {logging_mixin.py:95} INFO - [2019-03-19 13:47:01,002] {jobs.py:2527} INFO - Task exited with return code 0
