[2019-03-19 10:20:46,328] {models.py:1359} INFO - Dependencies all met for <TaskInstance: tutorial.templated 2015-06-11T00:00:00+00:00 [queued]>
[2019-03-19 10:20:46,333] {models.py:1359} INFO - Dependencies all met for <TaskInstance: tutorial.templated 2015-06-11T00:00:00+00:00 [queued]>
[2019-03-19 10:20:46,333] {models.py:1571} INFO - 
--------------------------------------------------------------------------------
Starting attempt 1 of 2
--------------------------------------------------------------------------------

[2019-03-19 10:20:46,346] {models.py:1593} INFO - Executing <Task(BashOperator): templated> on 2015-06-11T00:00:00+00:00
[2019-03-19 10:20:46,347] {base_task_runner.py:118} INFO - Running: ['bash', '-c', 'airflow run tutorial templated 2015-06-11T00:00:00+00:00 --job_id 29 --raw -sd DAGS_FOLDER/crawler.py --cfg_path /tmp/tmp5zdgq37e']
[2019-03-19 10:20:46,958] {base_task_runner.py:101} INFO - Job 29: Subtask templated [2019-03-19 10:20:46,957] {__init__.py:51} INFO - Using executor SequentialExecutor
[2019-03-19 10:20:47,184] {base_task_runner.py:101} INFO - Job 29: Subtask templated [2019-03-19 10:20:47,183] {models.py:273} INFO - Filling up the DagBag from /home/rsandroni/airflow/dags/crawler.py
[2019-03-19 10:20:47,198] {base_task_runner.py:101} INFO - Job 29: Subtask templated [2019-03-19 10:20:47,198] {cli.py:520} INFO - Running <TaskInstance: tutorial.templated 2015-06-11T00:00:00+00:00 [running]> on host IADAIRP1.globalrs.rack.space
[2019-03-19 10:20:47,212] {bash_operator.py:77} INFO - Tmp dir root location: 
 /tmp
[2019-03-19 10:20:47,212] {bash_operator.py:86} INFO - Exporting the following env vars:
AIRFLOW_CTX_DAG_ID=tutorial
AIRFLOW_CTX_TASK_ID=templated
AIRFLOW_CTX_EXECUTION_DATE=2015-06-11T00:00:00+00:00
AIRFLOW_CTX_DAG_RUN_ID=scheduled__2015-06-11T00:00:00+00:00
[2019-03-19 10:20:47,213] {bash_operator.py:100} INFO - Temporary script location: /tmp/airflowtmpjbb_7273/templated3m1ke02o
[2019-03-19 10:20:47,213] {bash_operator.py:110} INFO - Running command: 
    
        echo "2015-06-11"
        echo "Parameter I passed in"
    
        echo "2015-06-11"
        echo "Parameter I passed in"
    
        echo "2015-06-11"
        echo "Parameter I passed in"
    
        echo "2015-06-11"
        echo "Parameter I passed in"
    
        echo "2015-06-11"
        echo "Parameter I passed in"
    
    
[2019-03-19 10:20:47,218] {bash_operator.py:119} INFO - Output:
[2019-03-19 10:20:47,219] {bash_operator.py:123} INFO - 2015-06-11
[2019-03-19 10:20:47,219] {bash_operator.py:123} INFO - Parameter I passed in
[2019-03-19 10:20:47,219] {bash_operator.py:123} INFO - 2015-06-11
[2019-03-19 10:20:47,219] {bash_operator.py:123} INFO - Parameter I passed in
[2019-03-19 10:20:47,219] {bash_operator.py:123} INFO - 2015-06-11
[2019-03-19 10:20:47,219] {bash_operator.py:123} INFO - Parameter I passed in
[2019-03-19 10:20:47,219] {bash_operator.py:123} INFO - 2015-06-11
[2019-03-19 10:20:47,219] {bash_operator.py:123} INFO - Parameter I passed in
[2019-03-19 10:20:47,219] {bash_operator.py:123} INFO - 2015-06-11
[2019-03-19 10:20:47,219] {bash_operator.py:123} INFO - Parameter I passed in
[2019-03-19 10:20:47,220] {bash_operator.py:127} INFO - Command exited with return code 0
[2019-03-19 10:20:51,332] {logging_mixin.py:95} INFO - [2019-03-19 10:20:51,331] {jobs.py:2527} INFO - Task exited with return code 0
