[2019-03-22 01:22:21,642] {models.py:1359} INFO - Dependencies all met for <TaskInstance: tutorial.templated 2018-08-23T00:00:00+00:00 [queued]>
[2019-03-22 01:22:21,647] {models.py:1359} INFO - Dependencies all met for <TaskInstance: tutorial.templated 2018-08-23T00:00:00+00:00 [queued]>
[2019-03-22 01:22:21,647] {models.py:1571} INFO - 
--------------------------------------------------------------------------------
Starting attempt 1 of 2
--------------------------------------------------------------------------------

[2019-03-22 01:22:21,676] {models.py:1593} INFO - Executing <Task(BashOperator): templated> on 2018-08-23T00:00:00+00:00
[2019-03-22 01:22:21,676] {base_task_runner.py:118} INFO - Running: ['bash', '-c', 'airflow run tutorial templated 2018-08-23T00:00:00+00:00 --job_id 2434 --raw -sd DAGS_FOLDER/example_dags/tutorial.py --cfg_path /tmp/tmp65xt9do3']
[2019-03-22 01:22:22,424] {base_task_runner.py:101} INFO - Job 2434: Subtask templated [2019-03-22 01:22:22,423] {__init__.py:51} INFO - Using executor SequentialExecutor
[2019-03-22 01:22:22,760] {base_task_runner.py:101} INFO - Job 2434: Subtask templated [2019-03-22 01:22:22,755] {models.py:273} INFO - Filling up the DagBag from /home/rsandroni/airflow/dags/example_dags/tutorial.py
[2019-03-22 01:22:22,822] {base_task_runner.py:101} INFO - Job 2434: Subtask templated [2019-03-22 01:22:22,821] {cli.py:520} INFO - Running <TaskInstance: tutorial.templated 2018-08-23T00:00:00+00:00 [running]> on host IADAIRP1.globalrs.rack.space
[2019-03-22 01:22:22,841] {bash_operator.py:77} INFO - Tmp dir root location: 
 /tmp
[2019-03-22 01:22:22,841] {bash_operator.py:86} INFO - Exporting the following env vars:
AIRFLOW_CTX_DAG_ID=tutorial
AIRFLOW_CTX_TASK_ID=templated
AIRFLOW_CTX_EXECUTION_DATE=2018-08-23T00:00:00+00:00
AIRFLOW_CTX_DAG_RUN_ID=scheduled__2018-08-23T00:00:00+00:00
[2019-03-22 01:22:22,842] {bash_operator.py:100} INFO - Temporary script location: /tmp/airflowtmpj8cmc2ae/templated37om5tkg
[2019-03-22 01:22:22,842] {bash_operator.py:110} INFO - Running command: 

    echo "2018-08-23"
    echo "2018-08-30"
    echo "Parameter I passed in"

    echo "2018-08-23"
    echo "2018-08-30"
    echo "Parameter I passed in"

    echo "2018-08-23"
    echo "2018-08-30"
    echo "Parameter I passed in"

    echo "2018-08-23"
    echo "2018-08-30"
    echo "Parameter I passed in"

    echo "2018-08-23"
    echo "2018-08-30"
    echo "Parameter I passed in"

[2019-03-22 01:22:22,848] {bash_operator.py:119} INFO - Output:
[2019-03-22 01:22:22,849] {bash_operator.py:123} INFO - 2018-08-23
[2019-03-22 01:22:22,849] {bash_operator.py:123} INFO - 2018-08-30
[2019-03-22 01:22:22,849] {bash_operator.py:123} INFO - Parameter I passed in
[2019-03-22 01:22:22,849] {bash_operator.py:123} INFO - 2018-08-23
[2019-03-22 01:22:22,849] {bash_operator.py:123} INFO - 2018-08-30
[2019-03-22 01:22:22,850] {bash_operator.py:123} INFO - Parameter I passed in
[2019-03-22 01:22:22,850] {bash_operator.py:123} INFO - 2018-08-23
[2019-03-22 01:22:22,850] {bash_operator.py:123} INFO - 2018-08-30
[2019-03-22 01:22:22,850] {bash_operator.py:123} INFO - Parameter I passed in
[2019-03-22 01:22:22,850] {bash_operator.py:123} INFO - 2018-08-23
[2019-03-22 01:22:22,850] {bash_operator.py:123} INFO - 2018-08-30
[2019-03-22 01:22:22,850] {bash_operator.py:123} INFO - Parameter I passed in
[2019-03-22 01:22:22,850] {bash_operator.py:123} INFO - 2018-08-23
[2019-03-22 01:22:22,850] {bash_operator.py:123} INFO - 2018-08-30
[2019-03-22 01:22:22,850] {bash_operator.py:123} INFO - Parameter I passed in
[2019-03-22 01:22:22,850] {bash_operator.py:127} INFO - Command exited with return code 0
[2019-03-22 01:22:26,619] {logging_mixin.py:95} INFO - [2019-03-22 01:22:26,618] {jobs.py:2527} INFO - Task exited with return code 0
