[2019-03-21 19:54:49,044] {models.py:1359} INFO - Dependencies all met for <TaskInstance: tutorial.templated 2017-12-16T00:00:00+00:00 [queued]>
[2019-03-21 19:54:49,048] {models.py:1359} INFO - Dependencies all met for <TaskInstance: tutorial.templated 2017-12-16T00:00:00+00:00 [queued]>
[2019-03-21 19:54:49,049] {models.py:1571} INFO - 
--------------------------------------------------------------------------------
Starting attempt 1 of 2
--------------------------------------------------------------------------------

[2019-03-21 19:54:49,066] {models.py:1593} INFO - Executing <Task(BashOperator): templated> on 2017-12-16T00:00:00+00:00
[2019-03-21 19:54:49,067] {base_task_runner.py:118} INFO - Running: ['bash', '-c', 'airflow run tutorial templated 2017-12-16T00:00:00+00:00 --job_id 1934 --raw -sd DAGS_FOLDER/example_dags/tutorial.py --cfg_path /tmp/tmp2rjmtcsy']
[2019-03-21 19:54:49,705] {base_task_runner.py:101} INFO - Job 1934: Subtask templated [2019-03-21 19:54:49,704] {__init__.py:51} INFO - Using executor SequentialExecutor
[2019-03-21 19:54:49,941] {base_task_runner.py:101} INFO - Job 1934: Subtask templated [2019-03-21 19:54:49,940] {models.py:273} INFO - Filling up the DagBag from /home/rsandroni/airflow/dags/example_dags/tutorial.py
[2019-03-21 19:54:50,007] {base_task_runner.py:101} INFO - Job 1934: Subtask templated [2019-03-21 19:54:50,004] {cli.py:520} INFO - Running <TaskInstance: tutorial.templated 2017-12-16T00:00:00+00:00 [running]> on host IADAIRP1.globalrs.rack.space
[2019-03-21 19:54:50,021] {bash_operator.py:77} INFO - Tmp dir root location: 
 /tmp
[2019-03-21 19:54:50,021] {bash_operator.py:86} INFO - Exporting the following env vars:
AIRFLOW_CTX_DAG_ID=tutorial
AIRFLOW_CTX_TASK_ID=templated
AIRFLOW_CTX_EXECUTION_DATE=2017-12-16T00:00:00+00:00
AIRFLOW_CTX_DAG_RUN_ID=scheduled__2017-12-16T00:00:00+00:00
[2019-03-21 19:54:50,022] {bash_operator.py:100} INFO - Temporary script location: /tmp/airflowtmpirdnv58_/templated0kohx2xt
[2019-03-21 19:54:50,022] {bash_operator.py:110} INFO - Running command: 

    echo "2017-12-16"
    echo "2017-12-23"
    echo "Parameter I passed in"

    echo "2017-12-16"
    echo "2017-12-23"
    echo "Parameter I passed in"

    echo "2017-12-16"
    echo "2017-12-23"
    echo "Parameter I passed in"

    echo "2017-12-16"
    echo "2017-12-23"
    echo "Parameter I passed in"

    echo "2017-12-16"
    echo "2017-12-23"
    echo "Parameter I passed in"

[2019-03-21 19:54:50,028] {bash_operator.py:119} INFO - Output:
[2019-03-21 19:54:50,029] {bash_operator.py:123} INFO - 2017-12-16
[2019-03-21 19:54:50,029] {bash_operator.py:123} INFO - 2017-12-23
[2019-03-21 19:54:50,029] {bash_operator.py:123} INFO - Parameter I passed in
[2019-03-21 19:54:50,029] {bash_operator.py:123} INFO - 2017-12-16
[2019-03-21 19:54:50,029] {bash_operator.py:123} INFO - 2017-12-23
[2019-03-21 19:54:50,029] {bash_operator.py:123} INFO - Parameter I passed in
[2019-03-21 19:54:50,029] {bash_operator.py:123} INFO - 2017-12-16
[2019-03-21 19:54:50,029] {bash_operator.py:123} INFO - 2017-12-23
[2019-03-21 19:54:50,029] {bash_operator.py:123} INFO - Parameter I passed in
[2019-03-21 19:54:50,029] {bash_operator.py:123} INFO - 2017-12-16
[2019-03-21 19:54:50,029] {bash_operator.py:123} INFO - 2017-12-23
[2019-03-21 19:54:50,029] {bash_operator.py:123} INFO - Parameter I passed in
[2019-03-21 19:54:50,029] {bash_operator.py:123} INFO - 2017-12-16
[2019-03-21 19:54:50,029] {bash_operator.py:123} INFO - 2017-12-23
[2019-03-21 19:54:50,029] {bash_operator.py:123} INFO - Parameter I passed in
[2019-03-21 19:54:50,029] {bash_operator.py:127} INFO - Command exited with return code 0
[2019-03-21 19:54:54,045] {logging_mixin.py:95} INFO - [2019-03-21 19:54:54,044] {jobs.py:2527} INFO - Task exited with return code 0
