[2019-03-19 14:04:35,329] {models.py:1359} INFO - Dependencies all met for <TaskInstance: tutorial.templated 2016-09-25T00:00:00+00:00 [queued]>
[2019-03-19 14:04:35,334] {models.py:1359} INFO - Dependencies all met for <TaskInstance: tutorial.templated 2016-09-25T00:00:00+00:00 [queued]>
[2019-03-19 14:04:35,334] {models.py:1571} INFO - 
--------------------------------------------------------------------------------
Starting attempt 1 of 2
--------------------------------------------------------------------------------

[2019-03-19 14:04:35,409] {models.py:1593} INFO - Executing <Task(BashOperator): templated> on 2016-09-25T00:00:00+00:00
[2019-03-19 14:04:35,409] {base_task_runner.py:118} INFO - Running: ['bash', '-c', 'airflow run tutorial templated 2016-09-25T00:00:00+00:00 --job_id 971 --raw -sd DAGS_FOLDER/example_dags/tutorial.py --cfg_path /tmp/tmpl9l9tpu6']
[2019-03-19 14:04:37,539] {base_task_runner.py:101} INFO - Job 971: Subtask templated [2019-03-19 14:04:37,531] {__init__.py:51} INFO - Using executor SequentialExecutor
[2019-03-19 14:04:38,223] {base_task_runner.py:101} INFO - Job 971: Subtask templated [2019-03-19 14:04:38,215] {models.py:273} INFO - Filling up the DagBag from /home/rsandroni/airflow/dags/example_dags/tutorial.py
[2019-03-19 14:04:38,312] {base_task_runner.py:101} INFO - Job 971: Subtask templated [2019-03-19 14:04:38,302] {cli.py:520} INFO - Running <TaskInstance: tutorial.templated 2016-09-25T00:00:00+00:00 [running]> on host IADAIRP1.globalrs.rack.space
[2019-03-19 14:04:38,348] {bash_operator.py:77} INFO - Tmp dir root location: 
 /tmp
[2019-03-19 14:04:38,349] {bash_operator.py:86} INFO - Exporting the following env vars:
AIRFLOW_CTX_DAG_ID=tutorial
AIRFLOW_CTX_TASK_ID=templated
AIRFLOW_CTX_EXECUTION_DATE=2016-09-25T00:00:00+00:00
AIRFLOW_CTX_DAG_RUN_ID=scheduled__2016-09-25T00:00:00+00:00
[2019-03-19 14:04:38,349] {bash_operator.py:100} INFO - Temporary script location: /tmp/airflowtmp4ho3f_0w/templatedd9i3z9zk
[2019-03-19 14:04:38,349] {bash_operator.py:110} INFO - Running command: 

    echo "2016-09-25"
    echo "2016-10-02"
    echo "Parameter I passed in"

    echo "2016-09-25"
    echo "2016-10-02"
    echo "Parameter I passed in"

    echo "2016-09-25"
    echo "2016-10-02"
    echo "Parameter I passed in"

    echo "2016-09-25"
    echo "2016-10-02"
    echo "Parameter I passed in"

    echo "2016-09-25"
    echo "2016-10-02"
    echo "Parameter I passed in"

[2019-03-19 14:04:38,393] {bash_operator.py:119} INFO - Output:
[2019-03-19 14:04:38,394] {bash_operator.py:123} INFO - 2016-09-25
[2019-03-19 14:04:38,394] {bash_operator.py:123} INFO - 2016-10-02
[2019-03-19 14:04:38,394] {bash_operator.py:123} INFO - Parameter I passed in
[2019-03-19 14:04:38,394] {bash_operator.py:123} INFO - 2016-09-25
[2019-03-19 14:04:38,394] {bash_operator.py:123} INFO - 2016-10-02
[2019-03-19 14:04:38,394] {bash_operator.py:123} INFO - Parameter I passed in
[2019-03-19 14:04:38,394] {bash_operator.py:123} INFO - 2016-09-25
[2019-03-19 14:04:38,394] {bash_operator.py:123} INFO - 2016-10-02
[2019-03-19 14:04:38,394] {bash_operator.py:123} INFO - Parameter I passed in
[2019-03-19 14:04:38,394] {bash_operator.py:123} INFO - 2016-09-25
[2019-03-19 14:04:38,394] {bash_operator.py:123} INFO - 2016-10-02
[2019-03-19 14:04:38,394] {bash_operator.py:123} INFO - Parameter I passed in
[2019-03-19 14:04:38,394] {bash_operator.py:123} INFO - 2016-09-25
[2019-03-19 14:04:38,394] {bash_operator.py:123} INFO - 2016-10-02
[2019-03-19 14:04:38,394] {bash_operator.py:123} INFO - Parameter I passed in
[2019-03-19 14:04:38,395] {bash_operator.py:127} INFO - Command exited with return code 0
[2019-03-19 14:04:40,300] {logging_mixin.py:95} INFO - [2019-03-19 14:04:40,299] {jobs.py:2527} INFO - Task exited with return code 0
