[2019-03-19 11:10:41,291] {models.py:1359} INFO - Dependencies all met for <TaskInstance: tutorial.templated 2015-09-14T00:00:00+00:00 [queued]>
[2019-03-19 11:10:41,294] {models.py:1359} INFO - Dependencies all met for <TaskInstance: tutorial.templated 2015-09-14T00:00:00+00:00 [queued]>
[2019-03-19 11:10:41,295] {models.py:1571} INFO - 
--------------------------------------------------------------------------------
Starting attempt 1 of 2
--------------------------------------------------------------------------------

[2019-03-19 11:10:41,310] {models.py:1593} INFO - Executing <Task(BashOperator): templated> on 2015-09-14T00:00:00+00:00
[2019-03-19 11:10:41,310] {base_task_runner.py:118} INFO - Running: ['bash', '-c', 'airflow run tutorial templated 2015-09-14T00:00:00+00:00 --job_id 218 --raw -sd DAGS_FOLDER/example_dags/tutorial.py --cfg_path /tmp/tmpysij05bf']
[2019-03-19 11:10:41,913] {base_task_runner.py:101} INFO - Job 218: Subtask templated [2019-03-19 11:10:41,912] {__init__.py:51} INFO - Using executor SequentialExecutor
[2019-03-19 11:10:42,144] {base_task_runner.py:101} INFO - Job 218: Subtask templated [2019-03-19 11:10:42,144] {models.py:273} INFO - Filling up the DagBag from /home/rsandroni/airflow/dags/example_dags/tutorial.py
[2019-03-19 11:10:42,185] {base_task_runner.py:101} INFO - Job 218: Subtask templated [2019-03-19 11:10:42,184] {cli.py:520} INFO - Running <TaskInstance: tutorial.templated 2015-09-14T00:00:00+00:00 [running]> on host IADAIRP1.globalrs.rack.space
[2019-03-19 11:10:42,200] {bash_operator.py:77} INFO - Tmp dir root location: 
 /tmp
[2019-03-19 11:10:42,201] {bash_operator.py:86} INFO - Exporting the following env vars:
AIRFLOW_CTX_DAG_ID=tutorial
AIRFLOW_CTX_TASK_ID=templated
AIRFLOW_CTX_EXECUTION_DATE=2015-09-14T00:00:00+00:00
AIRFLOW_CTX_DAG_RUN_ID=scheduled__2015-09-14T00:00:00+00:00
[2019-03-19 11:10:42,201] {bash_operator.py:100} INFO - Temporary script location: /tmp/airflowtmpmt6yuk4z/templated61hu0bxx
[2019-03-19 11:10:42,201] {bash_operator.py:110} INFO - Running command: 

    echo "2015-09-14"
    echo "2015-09-21"
    echo "Parameter I passed in"

    echo "2015-09-14"
    echo "2015-09-21"
    echo "Parameter I passed in"

    echo "2015-09-14"
    echo "2015-09-21"
    echo "Parameter I passed in"

    echo "2015-09-14"
    echo "2015-09-21"
    echo "Parameter I passed in"

    echo "2015-09-14"
    echo "2015-09-21"
    echo "Parameter I passed in"

[2019-03-19 11:10:42,206] {bash_operator.py:119} INFO - Output:
[2019-03-19 11:10:42,207] {bash_operator.py:123} INFO - 2015-09-14
[2019-03-19 11:10:42,207] {bash_operator.py:123} INFO - 2015-09-21
[2019-03-19 11:10:42,208] {bash_operator.py:123} INFO - Parameter I passed in
[2019-03-19 11:10:42,208] {bash_operator.py:123} INFO - 2015-09-14
[2019-03-19 11:10:42,208] {bash_operator.py:123} INFO - 2015-09-21
[2019-03-19 11:10:42,208] {bash_operator.py:123} INFO - Parameter I passed in
[2019-03-19 11:10:42,208] {bash_operator.py:123} INFO - 2015-09-14
[2019-03-19 11:10:42,208] {bash_operator.py:123} INFO - 2015-09-21
[2019-03-19 11:10:42,208] {bash_operator.py:123} INFO - Parameter I passed in
[2019-03-19 11:10:42,208] {bash_operator.py:123} INFO - 2015-09-14
[2019-03-19 11:10:42,208] {bash_operator.py:123} INFO - 2015-09-21
[2019-03-19 11:10:42,208] {bash_operator.py:123} INFO - Parameter I passed in
[2019-03-19 11:10:42,208] {bash_operator.py:123} INFO - 2015-09-14
[2019-03-19 11:10:42,208] {bash_operator.py:123} INFO - 2015-09-21
[2019-03-19 11:10:42,208] {bash_operator.py:123} INFO - Parameter I passed in
[2019-03-19 11:10:42,208] {bash_operator.py:127} INFO - Command exited with return code 0
[2019-03-19 11:10:46,299] {logging_mixin.py:95} INFO - [2019-03-19 11:10:46,298] {jobs.py:2527} INFO - Task exited with return code 0
