[2019-03-22 04:16:47,981] {models.py:1359} INFO - Dependencies all met for <TaskInstance: tutorial.templated 2019-01-02T00:00:00+00:00 [queued]>
[2019-03-22 04:16:47,986] {models.py:1359} INFO - Dependencies all met for <TaskInstance: tutorial.templated 2019-01-02T00:00:00+00:00 [queued]>
[2019-03-22 04:16:47,986] {models.py:1571} INFO - 
--------------------------------------------------------------------------------
Starting attempt 1 of 2
--------------------------------------------------------------------------------

[2019-03-22 04:16:48,005] {models.py:1593} INFO - Executing <Task(BashOperator): templated> on 2019-01-02T00:00:00+00:00
[2019-03-22 04:16:48,006] {base_task_runner.py:118} INFO - Running: ['bash', '-c', 'airflow run tutorial templated 2019-01-02T00:00:00+00:00 --job_id 2698 --raw -sd DAGS_FOLDER/example_dags/tutorial.py --cfg_path /tmp/tmphnq65f1k']
[2019-03-22 04:16:48,700] {base_task_runner.py:101} INFO - Job 2698: Subtask templated [2019-03-22 04:16:48,699] {__init__.py:51} INFO - Using executor SequentialExecutor
[2019-03-22 04:16:49,062] {base_task_runner.py:101} INFO - Job 2698: Subtask templated [2019-03-22 04:16:49,045] {models.py:273} INFO - Filling up the DagBag from /home/rsandroni/airflow/dags/example_dags/tutorial.py
[2019-03-22 04:16:49,154] {base_task_runner.py:101} INFO - Job 2698: Subtask templated [2019-03-22 04:16:49,150] {cli.py:520} INFO - Running <TaskInstance: tutorial.templated 2019-01-02T00:00:00+00:00 [running]> on host IADAIRP1.globalrs.rack.space
[2019-03-22 04:16:49,201] {bash_operator.py:77} INFO - Tmp dir root location: 
 /tmp
[2019-03-22 04:16:49,201] {bash_operator.py:86} INFO - Exporting the following env vars:
AIRFLOW_CTX_DAG_ID=tutorial
AIRFLOW_CTX_TASK_ID=templated
AIRFLOW_CTX_EXECUTION_DATE=2019-01-02T00:00:00+00:00
AIRFLOW_CTX_DAG_RUN_ID=scheduled__2019-01-02T00:00:00+00:00
[2019-03-22 04:16:49,202] {bash_operator.py:100} INFO - Temporary script location: /tmp/airflowtmpg8qc1a_9/templatedoukzj44_
[2019-03-22 04:16:49,202] {bash_operator.py:110} INFO - Running command: 

    echo "2019-01-02"
    echo "2019-01-09"
    echo "Parameter I passed in"

    echo "2019-01-02"
    echo "2019-01-09"
    echo "Parameter I passed in"

    echo "2019-01-02"
    echo "2019-01-09"
    echo "Parameter I passed in"

    echo "2019-01-02"
    echo "2019-01-09"
    echo "Parameter I passed in"

    echo "2019-01-02"
    echo "2019-01-09"
    echo "Parameter I passed in"

[2019-03-22 04:16:49,250] {bash_operator.py:119} INFO - Output:
[2019-03-22 04:16:49,267] {bash_operator.py:123} INFO - 2019-01-02
[2019-03-22 04:16:49,267] {bash_operator.py:123} INFO - 2019-01-09
[2019-03-22 04:16:49,267] {bash_operator.py:123} INFO - Parameter I passed in
[2019-03-22 04:16:49,267] {bash_operator.py:123} INFO - 2019-01-02
[2019-03-22 04:16:49,267] {bash_operator.py:123} INFO - 2019-01-09
[2019-03-22 04:16:49,267] {bash_operator.py:123} INFO - Parameter I passed in
[2019-03-22 04:16:49,267] {bash_operator.py:123} INFO - 2019-01-02
[2019-03-22 04:16:49,267] {bash_operator.py:123} INFO - 2019-01-09
[2019-03-22 04:16:49,267] {bash_operator.py:123} INFO - Parameter I passed in
[2019-03-22 04:16:49,268] {bash_operator.py:123} INFO - 2019-01-02
[2019-03-22 04:16:49,268] {bash_operator.py:123} INFO - 2019-01-09
[2019-03-22 04:16:49,268] {bash_operator.py:123} INFO - Parameter I passed in
[2019-03-22 04:16:49,268] {bash_operator.py:123} INFO - 2019-01-02
[2019-03-22 04:16:49,268] {bash_operator.py:123} INFO - 2019-01-09
[2019-03-22 04:16:49,268] {bash_operator.py:123} INFO - Parameter I passed in
[2019-03-22 04:16:49,268] {bash_operator.py:127} INFO - Command exited with return code 0
[2019-03-22 04:16:52,993] {logging_mixin.py:95} INFO - [2019-03-22 04:16:52,991] {jobs.py:2527} INFO - Task exited with return code 0
