[2019-03-19 10:33:12,588] {models.py:1359} INFO - Dependencies all met for <TaskInstance: tutorial.templated 2015-07-07T00:00:00+00:00 [queued]>
[2019-03-19 10:33:12,593] {models.py:1359} INFO - Dependencies all met for <TaskInstance: tutorial.templated 2015-07-07T00:00:00+00:00 [queued]>
[2019-03-19 10:33:12,593] {models.py:1571} INFO - 
--------------------------------------------------------------------------------
Starting attempt 1 of 2
--------------------------------------------------------------------------------

[2019-03-19 10:33:12,614] {models.py:1593} INFO - Executing <Task(BashOperator): templated> on 2015-07-07T00:00:00+00:00
[2019-03-19 10:33:12,614] {base_task_runner.py:118} INFO - Running: ['bash', '-c', 'airflow run tutorial templated 2015-07-07T00:00:00+00:00 --job_id 79 --raw -sd DAGS_FOLDER/example_dags/tutorial.py --cfg_path /tmp/tmpjbk7llp9']
[2019-03-19 10:33:13,214] {base_task_runner.py:101} INFO - Job 79: Subtask templated [2019-03-19 10:33:13,213] {__init__.py:51} INFO - Using executor SequentialExecutor
[2019-03-19 10:33:13,435] {base_task_runner.py:101} INFO - Job 79: Subtask templated [2019-03-19 10:33:13,435] {models.py:273} INFO - Filling up the DagBag from /home/rsandroni/airflow/dags/example_dags/tutorial.py
[2019-03-19 10:33:13,476] {base_task_runner.py:101} INFO - Job 79: Subtask templated [2019-03-19 10:33:13,475] {cli.py:520} INFO - Running <TaskInstance: tutorial.templated 2015-07-07T00:00:00+00:00 [running]> on host IADAIRP1.globalrs.rack.space
[2019-03-19 10:33:13,492] {bash_operator.py:77} INFO - Tmp dir root location: 
 /tmp
[2019-03-19 10:33:13,492] {bash_operator.py:86} INFO - Exporting the following env vars:
AIRFLOW_CTX_DAG_ID=tutorial
AIRFLOW_CTX_TASK_ID=templated
AIRFLOW_CTX_EXECUTION_DATE=2015-07-07T00:00:00+00:00
AIRFLOW_CTX_DAG_RUN_ID=scheduled__2015-07-07T00:00:00+00:00
[2019-03-19 10:33:13,493] {bash_operator.py:100} INFO - Temporary script location: /tmp/airflowtmpuu6w6t_m/templatedn47f4fo5
[2019-03-19 10:33:13,493] {bash_operator.py:110} INFO - Running command: 

    echo "2015-07-07"
    echo "2015-07-14"
    echo "Parameter I passed in"

    echo "2015-07-07"
    echo "2015-07-14"
    echo "Parameter I passed in"

    echo "2015-07-07"
    echo "2015-07-14"
    echo "Parameter I passed in"

    echo "2015-07-07"
    echo "2015-07-14"
    echo "Parameter I passed in"

    echo "2015-07-07"
    echo "2015-07-14"
    echo "Parameter I passed in"

[2019-03-19 10:33:13,498] {bash_operator.py:119} INFO - Output:
[2019-03-19 10:33:13,499] {bash_operator.py:123} INFO - 2015-07-07
[2019-03-19 10:33:13,499] {bash_operator.py:123} INFO - 2015-07-14
[2019-03-19 10:33:13,499] {bash_operator.py:123} INFO - Parameter I passed in
[2019-03-19 10:33:13,499] {bash_operator.py:123} INFO - 2015-07-07
[2019-03-19 10:33:13,499] {bash_operator.py:123} INFO - 2015-07-14
[2019-03-19 10:33:13,499] {bash_operator.py:123} INFO - Parameter I passed in
[2019-03-19 10:33:13,499] {bash_operator.py:123} INFO - 2015-07-07
[2019-03-19 10:33:13,499] {bash_operator.py:123} INFO - 2015-07-14
[2019-03-19 10:33:13,499] {bash_operator.py:123} INFO - Parameter I passed in
[2019-03-19 10:33:13,499] {bash_operator.py:123} INFO - 2015-07-07
[2019-03-19 10:33:13,499] {bash_operator.py:123} INFO - 2015-07-14
[2019-03-19 10:33:13,499] {bash_operator.py:123} INFO - Parameter I passed in
[2019-03-19 10:33:13,500] {bash_operator.py:123} INFO - 2015-07-07
[2019-03-19 10:33:13,500] {bash_operator.py:123} INFO - 2015-07-14
[2019-03-19 10:33:13,500] {bash_operator.py:123} INFO - Parameter I passed in
[2019-03-19 10:33:13,500] {bash_operator.py:127} INFO - Command exited with return code 0
[2019-03-19 10:33:17,597] {logging_mixin.py:95} INFO - [2019-03-19 10:33:17,596] {jobs.py:2527} INFO - Task exited with return code 0
