[2019-03-22 01:56:47,846] {models.py:1359} INFO - Dependencies all met for <TaskInstance: tutorial.templated 2018-09-18T00:00:00+00:00 [queued]>
[2019-03-22 01:56:47,851] {models.py:1359} INFO - Dependencies all met for <TaskInstance: tutorial.templated 2018-09-18T00:00:00+00:00 [queued]>
[2019-03-22 01:56:47,852] {models.py:1571} INFO - 
--------------------------------------------------------------------------------
Starting attempt 1 of 2
--------------------------------------------------------------------------------

[2019-03-22 01:56:47,890] {models.py:1593} INFO - Executing <Task(BashOperator): templated> on 2018-09-18T00:00:00+00:00
[2019-03-22 01:56:47,890] {base_task_runner.py:118} INFO - Running: ['bash', '-c', 'airflow run tutorial templated 2018-09-18T00:00:00+00:00 --job_id 2486 --raw -sd DAGS_FOLDER/example_dags/tutorial.py --cfg_path /tmp/tmpgv1yh14z']
[2019-03-22 01:56:48,762] {base_task_runner.py:101} INFO - Job 2486: Subtask templated [2019-03-22 01:56:48,761] {__init__.py:51} INFO - Using executor SequentialExecutor
[2019-03-22 01:56:49,124] {base_task_runner.py:101} INFO - Job 2486: Subtask templated [2019-03-22 01:56:49,118] {models.py:273} INFO - Filling up the DagBag from /home/rsandroni/airflow/dags/example_dags/tutorial.py
[2019-03-22 01:56:49,189] {base_task_runner.py:101} INFO - Job 2486: Subtask templated [2019-03-22 01:56:49,187] {cli.py:520} INFO - Running <TaskInstance: tutorial.templated 2018-09-18T00:00:00+00:00 [running]> on host IADAIRP1.globalrs.rack.space
[2019-03-22 01:56:49,210] {bash_operator.py:77} INFO - Tmp dir root location: 
 /tmp
[2019-03-22 01:56:49,211] {bash_operator.py:86} INFO - Exporting the following env vars:
AIRFLOW_CTX_DAG_ID=tutorial
AIRFLOW_CTX_TASK_ID=templated
AIRFLOW_CTX_EXECUTION_DATE=2018-09-18T00:00:00+00:00
AIRFLOW_CTX_DAG_RUN_ID=scheduled__2018-09-18T00:00:00+00:00
[2019-03-22 01:56:49,211] {bash_operator.py:100} INFO - Temporary script location: /tmp/airflowtmpfswrwfv8/templateddg2pcmpv
[2019-03-22 01:56:49,211] {bash_operator.py:110} INFO - Running command: 

    echo "2018-09-18"
    echo "2018-09-25"
    echo "Parameter I passed in"

    echo "2018-09-18"
    echo "2018-09-25"
    echo "Parameter I passed in"

    echo "2018-09-18"
    echo "2018-09-25"
    echo "Parameter I passed in"

    echo "2018-09-18"
    echo "2018-09-25"
    echo "Parameter I passed in"

    echo "2018-09-18"
    echo "2018-09-25"
    echo "Parameter I passed in"

[2019-03-22 01:56:49,217] {bash_operator.py:119} INFO - Output:
[2019-03-22 01:56:49,218] {bash_operator.py:123} INFO - 2018-09-18
[2019-03-22 01:56:49,218] {bash_operator.py:123} INFO - 2018-09-25
[2019-03-22 01:56:49,218] {bash_operator.py:123} INFO - Parameter I passed in
[2019-03-22 01:56:49,218] {bash_operator.py:123} INFO - 2018-09-18
[2019-03-22 01:56:49,218] {bash_operator.py:123} INFO - 2018-09-25
[2019-03-22 01:56:49,218] {bash_operator.py:123} INFO - Parameter I passed in
[2019-03-22 01:56:49,218] {bash_operator.py:123} INFO - 2018-09-18
[2019-03-22 01:56:49,218] {bash_operator.py:123} INFO - 2018-09-25
[2019-03-22 01:56:49,218] {bash_operator.py:123} INFO - Parameter I passed in
[2019-03-22 01:56:49,218] {bash_operator.py:123} INFO - 2018-09-18
[2019-03-22 01:56:49,219] {bash_operator.py:123} INFO - 2018-09-25
[2019-03-22 01:56:49,219] {bash_operator.py:123} INFO - Parameter I passed in
[2019-03-22 01:56:49,219] {bash_operator.py:123} INFO - 2018-09-18
[2019-03-22 01:56:49,219] {bash_operator.py:123} INFO - 2018-09-25
[2019-03-22 01:56:49,219] {bash_operator.py:123} INFO - Parameter I passed in
[2019-03-22 01:56:49,219] {bash_operator.py:127} INFO - Command exited with return code 0
[2019-03-22 01:56:52,802] {logging_mixin.py:95} INFO - [2019-03-22 01:56:52,801] {jobs.py:2527} INFO - Task exited with return code 0
