[2019-03-22 04:20:08,956] {models.py:1359} INFO - Dependencies all met for <TaskInstance: tutorial.print_date 2019-01-07T00:00:00+00:00 [queued]>
[2019-03-22 04:20:08,959] {models.py:1359} INFO - Dependencies all met for <TaskInstance: tutorial.print_date 2019-01-07T00:00:00+00:00 [queued]>
[2019-03-22 04:20:08,959] {models.py:1571} INFO - 
--------------------------------------------------------------------------------
Starting attempt 1 of 2
--------------------------------------------------------------------------------

[2019-03-22 04:20:08,975] {models.py:1593} INFO - Executing <Task(BashOperator): print_date> on 2019-01-07T00:00:00+00:00
[2019-03-22 04:20:08,975] {base_task_runner.py:118} INFO - Running: ['bash', '-c', 'airflow run tutorial print_date 2019-01-07T00:00:00+00:00 --job_id 2705 --raw -sd DAGS_FOLDER/tutorial.py --cfg_path /tmp/tmp1eowdn08']
[2019-03-22 04:20:09,618] {base_task_runner.py:101} INFO - Job 2705: Subtask print_date [2019-03-22 04:20:09,617] {__init__.py:51} INFO - Using executor SequentialExecutor
[2019-03-22 04:20:09,906] {base_task_runner.py:101} INFO - Job 2705: Subtask print_date [2019-03-22 04:20:09,905] {models.py:273} INFO - Filling up the DagBag from /home/rsandroni/airflow/dags/tutorial.py
[2019-03-22 04:20:09,921] {base_task_runner.py:101} INFO - Job 2705: Subtask print_date [2019-03-22 04:20:09,921] {cli.py:520} INFO - Running <TaskInstance: tutorial.print_date 2019-01-07T00:00:00+00:00 [running]> on host IADAIRP1.globalrs.rack.space
[2019-03-22 04:20:09,938] {bash_operator.py:77} INFO - Tmp dir root location: 
 /tmp
[2019-03-22 04:20:09,938] {bash_operator.py:86} INFO - Exporting the following env vars:
AIRFLOW_CTX_DAG_ID=tutorial
AIRFLOW_CTX_TASK_ID=print_date
AIRFLOW_CTX_EXECUTION_DATE=2019-01-07T00:00:00+00:00
AIRFLOW_CTX_DAG_RUN_ID=scheduled__2019-01-07T00:00:00+00:00
[2019-03-22 04:20:09,939] {bash_operator.py:100} INFO - Temporary script location: /tmp/airflowtmpnp4a5v_v/print_dater8b_8zyw
[2019-03-22 04:20:09,939] {bash_operator.py:110} INFO - Running command: date
[2019-03-22 04:20:09,944] {bash_operator.py:119} INFO - Output:
[2019-03-22 04:20:09,946] {bash_operator.py:123} INFO - Sex Mar 22 04:20:09 -03 2019
[2019-03-22 04:20:09,947] {bash_operator.py:127} INFO - Command exited with return code 0
[2019-03-22 04:20:13,972] {logging_mixin.py:95} INFO - [2019-03-22 04:20:13,971] {jobs.py:2527} INFO - Task exited with return code 0
