[2019-03-21 21:22:08,616] {models.py:1359} INFO - Dependencies all met for <TaskInstance: tutorial.print_date 2018-02-22T00:00:00+00:00 [queued]>
[2019-03-21 21:22:08,619] {models.py:1359} INFO - Dependencies all met for <TaskInstance: tutorial.print_date 2018-02-22T00:00:00+00:00 [queued]>
[2019-03-21 21:22:08,619] {models.py:1571} INFO - 
--------------------------------------------------------------------------------
Starting attempt 1 of 2
--------------------------------------------------------------------------------

[2019-03-21 21:22:08,633] {models.py:1593} INFO - Executing <Task(BashOperator): print_date> on 2018-02-22T00:00:00+00:00
[2019-03-21 21:22:08,633] {base_task_runner.py:118} INFO - Running: ['bash', '-c', 'airflow run tutorial print_date 2018-02-22T00:00:00+00:00 --job_id 2068 --raw -sd DAGS_FOLDER/tutorial.py --cfg_path /tmp/tmp1xfr2o2q']
[2019-03-21 21:22:09,270] {base_task_runner.py:101} INFO - Job 2068: Subtask print_date [2019-03-21 21:22:09,269] {__init__.py:51} INFO - Using executor SequentialExecutor
[2019-03-21 21:22:09,502] {base_task_runner.py:101} INFO - Job 2068: Subtask print_date [2019-03-21 21:22:09,499] {models.py:273} INFO - Filling up the DagBag from /home/rsandroni/airflow/dags/tutorial.py
[2019-03-21 21:22:09,514] {base_task_runner.py:101} INFO - Job 2068: Subtask print_date [2019-03-21 21:22:09,514] {cli.py:520} INFO - Running <TaskInstance: tutorial.print_date 2018-02-22T00:00:00+00:00 [running]> on host IADAIRP1.globalrs.rack.space
[2019-03-21 21:22:09,527] {bash_operator.py:77} INFO - Tmp dir root location: 
 /tmp
[2019-03-21 21:22:09,527] {bash_operator.py:86} INFO - Exporting the following env vars:
AIRFLOW_CTX_DAG_ID=tutorial
AIRFLOW_CTX_TASK_ID=print_date
AIRFLOW_CTX_EXECUTION_DATE=2018-02-22T00:00:00+00:00
AIRFLOW_CTX_DAG_RUN_ID=scheduled__2018-02-22T00:00:00+00:00
[2019-03-21 21:22:09,527] {bash_operator.py:100} INFO - Temporary script location: /tmp/airflowtmpv17nsomw/print_dater4gq26y2
[2019-03-21 21:22:09,528] {bash_operator.py:110} INFO - Running command: date
[2019-03-21 21:22:09,533] {bash_operator.py:119} INFO - Output:
[2019-03-21 21:22:09,535] {bash_operator.py:123} INFO - Qui Mar 21 21:22:09 -03 2019
[2019-03-21 21:22:09,536] {bash_operator.py:127} INFO - Command exited with return code 0
[2019-03-21 21:22:13,621] {logging_mixin.py:95} INFO - [2019-03-21 21:22:13,621] {jobs.py:2527} INFO - Task exited with return code 0
