[2019-03-19 15:22:17,589] {models.py:1359} INFO - Dependencies all met for <TaskInstance: tutorial.templated 2017-03-07T00:00:00+00:00 [queued]>
[2019-03-19 15:22:17,604] {models.py:1359} INFO - Dependencies all met for <TaskInstance: tutorial.templated 2017-03-07T00:00:00+00:00 [queued]>
[2019-03-19 15:22:17,604] {models.py:1571} INFO - 
--------------------------------------------------------------------------------
Starting attempt 1 of 2
--------------------------------------------------------------------------------

[2019-03-19 15:22:17,658] {models.py:1593} INFO - Executing <Task(BashOperator): templated> on 2017-03-07T00:00:00+00:00
[2019-03-19 15:22:17,658] {base_task_runner.py:118} INFO - Running: ['bash', '-c', 'airflow run tutorial templated 2017-03-07T00:00:00+00:00 --job_id 1299 --raw -sd DAGS_FOLDER/sql_server_load.py --cfg_path /tmp/tmppxxdyak6']
[2019-03-19 15:22:18,621] {base_task_runner.py:101} INFO - Job 1299: Subtask templated [2019-03-19 15:22:18,613] {__init__.py:51} INFO - Using executor SequentialExecutor
[2019-03-19 15:22:19,050] {base_task_runner.py:101} INFO - Job 1299: Subtask templated [2019-03-19 15:22:19,049] {models.py:273} INFO - Filling up the DagBag from /home/rsandroni/airflow/dags/sql_server_load.py
[2019-03-19 15:22:19,096] {base_task_runner.py:101} INFO - Job 1299: Subtask templated [2019-03-19 15:22:19,092] {cli.py:520} INFO - Running <TaskInstance: tutorial.templated 2017-03-07T00:00:00+00:00 [running]> on host IADAIRP1.globalrs.rack.space
[2019-03-19 15:22:19,119] {bash_operator.py:77} INFO - Tmp dir root location: 
 /tmp
[2019-03-19 15:22:19,119] {bash_operator.py:86} INFO - Exporting the following env vars:
AIRFLOW_CTX_DAG_ID=tutorial
AIRFLOW_CTX_TASK_ID=templated
AIRFLOW_CTX_EXECUTION_DATE=2017-03-07T00:00:00+00:00
AIRFLOW_CTX_DAG_RUN_ID=scheduled__2017-03-07T00:00:00+00:00
[2019-03-19 15:22:19,120] {bash_operator.py:100} INFO - Temporary script location: /tmp/airflowtmp_4hxw3s5/templatedvlxjkx0u
[2019-03-19 15:22:19,120] {bash_operator.py:110} INFO - Running command: 
    
        echo "2017-03-07"
        echo "Parameter I passed in"
    
        echo "2017-03-07"
        echo "Parameter I passed in"
    
        echo "2017-03-07"
        echo "Parameter I passed in"
    
        echo "2017-03-07"
        echo "Parameter I passed in"
    
        echo "2017-03-07"
        echo "Parameter I passed in"
    
    
[2019-03-19 15:22:19,166] {bash_operator.py:119} INFO - Output:
[2019-03-19 15:22:19,167] {bash_operator.py:123} INFO - 2017-03-07
[2019-03-19 15:22:19,167] {bash_operator.py:123} INFO - Parameter I passed in
[2019-03-19 15:22:19,167] {bash_operator.py:123} INFO - 2017-03-07
[2019-03-19 15:22:19,167] {bash_operator.py:123} INFO - Parameter I passed in
[2019-03-19 15:22:19,167] {bash_operator.py:123} INFO - 2017-03-07
[2019-03-19 15:22:19,167] {bash_operator.py:123} INFO - Parameter I passed in
[2019-03-19 15:22:19,167] {bash_operator.py:123} INFO - 2017-03-07
[2019-03-19 15:22:19,167] {bash_operator.py:123} INFO - Parameter I passed in
[2019-03-19 15:22:19,167] {bash_operator.py:123} INFO - 2017-03-07
[2019-03-19 15:22:19,167] {bash_operator.py:123} INFO - Parameter I passed in
[2019-03-19 15:22:19,167] {bash_operator.py:127} INFO - Command exited with return code 0
[2019-03-19 15:22:22,576] {logging_mixin.py:95} INFO - [2019-03-19 15:22:22,576] {jobs.py:2527} INFO - Task exited with return code 0
