[2019-03-22 05:34:34,699] {models.py:1359} INFO - Dependencies all met for <TaskInstance: tutorial.print_date 2019-03-04T00:00:00+00:00 [queued]>
[2019-03-22 05:34:34,703] {models.py:1359} INFO - Dependencies all met for <TaskInstance: tutorial.print_date 2019-03-04T00:00:00+00:00 [queued]>
[2019-03-22 05:34:34,703] {models.py:1571} INFO - 
--------------------------------------------------------------------------------
Starting attempt 1 of 2
--------------------------------------------------------------------------------

[2019-03-22 05:34:34,718] {models.py:1593} INFO - Executing <Task(BashOperator): print_date> on 2019-03-04T00:00:00+00:00
[2019-03-22 05:34:34,718] {base_task_runner.py:118} INFO - Running: ['bash', '-c', 'airflow run tutorial print_date 2019-03-04T00:00:00+00:00 --job_id 2817 --raw -sd DAGS_FOLDER/tutorial.py --cfg_path /tmp/tmpsu2ae9ak']
[2019-03-22 05:34:35,362] {base_task_runner.py:101} INFO - Job 2817: Subtask print_date [2019-03-22 05:34:35,361] {__init__.py:51} INFO - Using executor SequentialExecutor
[2019-03-22 05:34:35,635] {base_task_runner.py:101} INFO - Job 2817: Subtask print_date [2019-03-22 05:34:35,634] {models.py:273} INFO - Filling up the DagBag from /home/rsandroni/airflow/dags/tutorial.py
[2019-03-22 05:34:35,652] {base_task_runner.py:101} INFO - Job 2817: Subtask print_date [2019-03-22 05:34:35,651] {cli.py:520} INFO - Running <TaskInstance: tutorial.print_date 2019-03-04T00:00:00+00:00 [running]> on host IADAIRP1.globalrs.rack.space
[2019-03-22 05:34:35,665] {bash_operator.py:77} INFO - Tmp dir root location: 
 /tmp
[2019-03-22 05:34:35,665] {bash_operator.py:86} INFO - Exporting the following env vars:
AIRFLOW_CTX_DAG_ID=tutorial
AIRFLOW_CTX_TASK_ID=print_date
AIRFLOW_CTX_EXECUTION_DATE=2019-03-04T00:00:00+00:00
AIRFLOW_CTX_DAG_RUN_ID=scheduled__2019-03-04T00:00:00+00:00
[2019-03-22 05:34:35,665] {bash_operator.py:100} INFO - Temporary script location: /tmp/airflowtmp8fd8uzm0/print_datewg252fs0
[2019-03-22 05:34:35,665] {bash_operator.py:110} INFO - Running command: date
[2019-03-22 05:34:35,671] {bash_operator.py:119} INFO - Output:
[2019-03-22 05:34:35,673] {bash_operator.py:123} INFO - Sex Mar 22 05:34:35 -03 2019
[2019-03-22 05:34:35,673] {bash_operator.py:127} INFO - Command exited with return code 0
[2019-03-22 05:34:39,744] {logging_mixin.py:95} INFO - [2019-03-22 05:34:39,743] {jobs.py:2527} INFO - Task exited with return code 0
