[2019-03-24 21:02:15,119] {models.py:1359} INFO - Dependencies all met for <TaskInstance: tutorial.templated 2019-03-24T00:00:00+00:00 [queued]>
[2019-03-24 21:02:15,125] {models.py:1359} INFO - Dependencies all met for <TaskInstance: tutorial.templated 2019-03-24T00:00:00+00:00 [queued]>
[2019-03-24 21:02:15,125] {models.py:1571} INFO - 
--------------------------------------------------------------------------------
Starting attempt 1 of 2
--------------------------------------------------------------------------------

[2019-03-24 21:02:15,176] {models.py:1593} INFO - Executing <Task(BashOperator): templated> on 2019-03-24T00:00:00+00:00
[2019-03-24 21:02:15,176] {base_task_runner.py:118} INFO - Running: ['bash', '-c', 'airflow run tutorial templated 2019-03-24T00:00:00+00:00 --job_id 2863 --raw -sd DAGS_FOLDER/tutorial.py --cfg_path /tmp/tmpze2o_z__']
[2019-03-24 21:02:15,829] {base_task_runner.py:101} INFO - Job 2863: Subtask templated [2019-03-24 21:02:15,828] {__init__.py:51} INFO - Using executor SequentialExecutor
[2019-03-24 21:02:16,138] {base_task_runner.py:101} INFO - Job 2863: Subtask templated [2019-03-24 21:02:16,137] {models.py:273} INFO - Filling up the DagBag from /home/rsandroni/airflow/dags/tutorial.py
[2019-03-24 21:02:16,153] {base_task_runner.py:101} INFO - Job 2863: Subtask templated [2019-03-24 21:02:16,153] {cli.py:520} INFO - Running <TaskInstance: tutorial.templated 2019-03-24T00:00:00+00:00 [running]> on host IADAIRP1.globalrs.rack.space
[2019-03-24 21:02:16,167] {bash_operator.py:77} INFO - Tmp dir root location: 
 /tmp
[2019-03-24 21:02:16,168] {bash_operator.py:86} INFO - Exporting the following env vars:
AIRFLOW_CTX_DAG_ID=tutorial
AIRFLOW_CTX_TASK_ID=templated
AIRFLOW_CTX_EXECUTION_DATE=2019-03-24T00:00:00+00:00
AIRFLOW_CTX_DAG_RUN_ID=scheduled__2019-03-24T00:00:00+00:00
[2019-03-24 21:02:16,168] {bash_operator.py:100} INFO - Temporary script location: /tmp/airflowtmp7llp5t_a/templatedns572ekj
[2019-03-24 21:02:16,168] {bash_operator.py:110} INFO - Running command: 
    
        echo "2019-03-24"
        echo "Parameter I passed in"
    
        echo "2019-03-24"
        echo "Parameter I passed in"
    
        echo "2019-03-24"
        echo "Parameter I passed in"
    
        echo "2019-03-24"
        echo "Parameter I passed in"
    
        echo "2019-03-24"
        echo "Parameter I passed in"
    
    
[2019-03-24 21:02:16,173] {bash_operator.py:119} INFO - Output:
[2019-03-24 21:02:16,174] {bash_operator.py:123} INFO - 2019-03-24
[2019-03-24 21:02:16,175] {bash_operator.py:123} INFO - Parameter I passed in
[2019-03-24 21:02:16,175] {bash_operator.py:123} INFO - 2019-03-24
[2019-03-24 21:02:16,175] {bash_operator.py:123} INFO - Parameter I passed in
[2019-03-24 21:02:16,175] {bash_operator.py:123} INFO - 2019-03-24
[2019-03-24 21:02:16,175] {bash_operator.py:123} INFO - Parameter I passed in
[2019-03-24 21:02:16,175] {bash_operator.py:123} INFO - 2019-03-24
[2019-03-24 21:02:16,175] {bash_operator.py:123} INFO - Parameter I passed in
[2019-03-24 21:02:16,175] {bash_operator.py:123} INFO - 2019-03-24
[2019-03-24 21:02:16,175] {bash_operator.py:123} INFO - Parameter I passed in
[2019-03-24 21:02:16,175] {bash_operator.py:127} INFO - Command exited with return code 0
[2019-03-24 21:02:20,082] {logging_mixin.py:95} INFO - [2019-03-24 21:02:20,081] {jobs.py:2527} INFO - Task exited with return code 0
