[2019-03-22 02:04:47,062] {models.py:1359} INFO - Dependencies all met for <TaskInstance: tutorial.templated 2018-09-25T00:00:00+00:00 [queued]>
[2019-03-22 02:04:47,067] {models.py:1359} INFO - Dependencies all met for <TaskInstance: tutorial.templated 2018-09-25T00:00:00+00:00 [queued]>
[2019-03-22 02:04:47,067] {models.py:1571} INFO - 
--------------------------------------------------------------------------------
Starting attempt 1 of 2
--------------------------------------------------------------------------------

[2019-03-22 02:04:47,100] {models.py:1593} INFO - Executing <Task(BashOperator): templated> on 2018-09-25T00:00:00+00:00
[2019-03-22 02:04:47,100] {base_task_runner.py:118} INFO - Running: ['bash', '-c', 'airflow run tutorial templated 2018-09-25T00:00:00+00:00 --job_id 2499 --raw -sd DAGS_FOLDER/example_dags/tutorial.py --cfg_path /tmp/tmpyueb6x9w']
[2019-03-22 02:04:47,746] {base_task_runner.py:101} INFO - Job 2499: Subtask templated [2019-03-22 02:04:47,746] {__init__.py:51} INFO - Using executor SequentialExecutor
[2019-03-22 02:04:48,017] {base_task_runner.py:101} INFO - Job 2499: Subtask templated [2019-03-22 02:04:48,016] {models.py:273} INFO - Filling up the DagBag from /home/rsandroni/airflow/dags/example_dags/tutorial.py
[2019-03-22 02:04:48,082] {base_task_runner.py:101} INFO - Job 2499: Subtask templated [2019-03-22 02:04:48,082] {cli.py:520} INFO - Running <TaskInstance: tutorial.templated 2018-09-25T00:00:00+00:00 [running]> on host IADAIRP1.globalrs.rack.space
[2019-03-22 02:04:48,102] {bash_operator.py:77} INFO - Tmp dir root location: 
 /tmp
[2019-03-22 02:04:48,103] {bash_operator.py:86} INFO - Exporting the following env vars:
AIRFLOW_CTX_DAG_ID=tutorial
AIRFLOW_CTX_TASK_ID=templated
AIRFLOW_CTX_EXECUTION_DATE=2018-09-25T00:00:00+00:00
AIRFLOW_CTX_DAG_RUN_ID=scheduled__2018-09-25T00:00:00+00:00
[2019-03-22 02:04:48,103] {bash_operator.py:100} INFO - Temporary script location: /tmp/airflowtmpn5x18lid/templateddozg342b
[2019-03-22 02:04:48,103] {bash_operator.py:110} INFO - Running command: 

    echo "2018-09-25"
    echo "2018-10-02"
    echo "Parameter I passed in"

    echo "2018-09-25"
    echo "2018-10-02"
    echo "Parameter I passed in"

    echo "2018-09-25"
    echo "2018-10-02"
    echo "Parameter I passed in"

    echo "2018-09-25"
    echo "2018-10-02"
    echo "Parameter I passed in"

    echo "2018-09-25"
    echo "2018-10-02"
    echo "Parameter I passed in"

[2019-03-22 02:04:48,109] {bash_operator.py:119} INFO - Output:
[2019-03-22 02:04:48,110] {bash_operator.py:123} INFO - 2018-09-25
[2019-03-22 02:04:48,110] {bash_operator.py:123} INFO - 2018-10-02
[2019-03-22 02:04:48,110] {bash_operator.py:123} INFO - Parameter I passed in
[2019-03-22 02:04:48,111] {bash_operator.py:123} INFO - 2018-09-25
[2019-03-22 02:04:48,111] {bash_operator.py:123} INFO - 2018-10-02
[2019-03-22 02:04:48,111] {bash_operator.py:123} INFO - Parameter I passed in
[2019-03-22 02:04:48,111] {bash_operator.py:123} INFO - 2018-09-25
[2019-03-22 02:04:48,111] {bash_operator.py:123} INFO - 2018-10-02
[2019-03-22 02:04:48,111] {bash_operator.py:123} INFO - Parameter I passed in
[2019-03-22 02:04:48,111] {bash_operator.py:123} INFO - 2018-09-25
[2019-03-22 02:04:48,111] {bash_operator.py:123} INFO - 2018-10-02
[2019-03-22 02:04:48,111] {bash_operator.py:123} INFO - Parameter I passed in
[2019-03-22 02:04:48,111] {bash_operator.py:123} INFO - 2018-09-25
[2019-03-22 02:04:48,111] {bash_operator.py:123} INFO - 2018-10-02
[2019-03-22 02:04:48,111] {bash_operator.py:123} INFO - Parameter I passed in
[2019-03-22 02:04:48,111] {bash_operator.py:127} INFO - Command exited with return code 0
[2019-03-22 02:04:52,112] {logging_mixin.py:95} INFO - [2019-03-22 02:04:52,111] {jobs.py:2527} INFO - Task exited with return code 0
