[2019-03-19 12:27:55,979] {models.py:1359} INFO - Dependencies all met for <TaskInstance: tutorial.print_date 2016-03-09T00:00:00+00:00 [queued]>
[2019-03-19 12:27:55,981] {models.py:1359} INFO - Dependencies all met for <TaskInstance: tutorial.print_date 2016-03-09T00:00:00+00:00 [queued]>
[2019-03-19 12:27:55,981] {models.py:1571} INFO - 
--------------------------------------------------------------------------------
Starting attempt 1 of 2
--------------------------------------------------------------------------------

[2019-03-19 12:27:55,998] {models.py:1593} INFO - Executing <Task(BashOperator): print_date> on 2016-03-09T00:00:00+00:00
[2019-03-19 12:27:55,998] {base_task_runner.py:118} INFO - Running: ['bash', '-c', 'airflow run tutorial print_date 2016-03-09T00:00:00+00:00 --job_id 570 --raw -sd DAGS_FOLDER/tutorial.py --cfg_path /tmp/tmp1n1uxpvc']
[2019-03-19 12:27:56,612] {base_task_runner.py:101} INFO - Job 570: Subtask print_date [2019-03-19 12:27:56,611] {__init__.py:51} INFO - Using executor SequentialExecutor
[2019-03-19 12:27:56,856] {base_task_runner.py:101} INFO - Job 570: Subtask print_date [2019-03-19 12:27:56,855] {models.py:273} INFO - Filling up the DagBag from /home/rsandroni/airflow/dags/tutorial.py
[2019-03-19 12:27:56,872] {base_task_runner.py:101} INFO - Job 570: Subtask print_date [2019-03-19 12:27:56,871] {cli.py:520} INFO - Running <TaskInstance: tutorial.print_date 2016-03-09T00:00:00+00:00 [running]> on host IADAIRP1.globalrs.rack.space
[2019-03-19 12:27:56,885] {bash_operator.py:77} INFO - Tmp dir root location: 
 /tmp
[2019-03-19 12:27:56,885] {bash_operator.py:86} INFO - Exporting the following env vars:
AIRFLOW_CTX_DAG_ID=tutorial
AIRFLOW_CTX_TASK_ID=print_date
AIRFLOW_CTX_EXECUTION_DATE=2016-03-09T00:00:00+00:00
AIRFLOW_CTX_DAG_RUN_ID=scheduled__2016-03-09T00:00:00+00:00
[2019-03-19 12:27:56,886] {bash_operator.py:100} INFO - Temporary script location: /tmp/airflowtmpiw4ziped/print_date5kd_qmaw
[2019-03-19 12:27:56,886] {bash_operator.py:110} INFO - Running command: date
[2019-03-19 12:27:56,891] {bash_operator.py:119} INFO - Output:
[2019-03-19 12:27:56,893] {bash_operator.py:123} INFO - Ter Mar 19 12:27:56 -03 2019
[2019-03-19 12:27:56,894] {bash_operator.py:127} INFO - Command exited with return code 0
[2019-03-19 12:28:00,985] {logging_mixin.py:95} INFO - [2019-03-19 12:28:00,985] {jobs.py:2527} INFO - Task exited with return code 0
