[2019-03-19 14:58:41,570] {models.py:1359} INFO - Dependencies all met for <TaskInstance: tutorial.print_date 2017-01-16T00:00:00+00:00 [queued]>
[2019-03-19 14:58:41,573] {models.py:1359} INFO - Dependencies all met for <TaskInstance: tutorial.print_date 2017-01-16T00:00:00+00:00 [queued]>
[2019-03-19 14:58:41,574] {models.py:1571} INFO - 
--------------------------------------------------------------------------------
Starting attempt 1 of 2
--------------------------------------------------------------------------------

[2019-03-19 14:58:41,591] {models.py:1593} INFO - Executing <Task(BashOperator): print_date> on 2017-01-16T00:00:00+00:00
[2019-03-19 14:58:41,591] {base_task_runner.py:118} INFO - Running: ['bash', '-c', 'airflow run tutorial print_date 2017-01-16T00:00:00+00:00 --job_id 1195 --raw -sd DAGS_FOLDER/tutorial.py --cfg_path /tmp/tmpwqao5g4e']
[2019-03-19 14:58:42,270] {base_task_runner.py:101} INFO - Job 1195: Subtask print_date [2019-03-19 14:58:42,269] {__init__.py:51} INFO - Using executor SequentialExecutor
[2019-03-19 14:58:42,580] {base_task_runner.py:101} INFO - Job 1195: Subtask print_date [2019-03-19 14:58:42,579] {models.py:273} INFO - Filling up the DagBag from /home/rsandroni/airflow/dags/tutorial.py
[2019-03-19 14:58:42,596] {base_task_runner.py:101} INFO - Job 1195: Subtask print_date [2019-03-19 14:58:42,596] {cli.py:520} INFO - Running <TaskInstance: tutorial.print_date 2017-01-16T00:00:00+00:00 [running]> on host IADAIRP1.globalrs.rack.space
[2019-03-19 14:58:42,613] {bash_operator.py:77} INFO - Tmp dir root location: 
 /tmp
[2019-03-19 14:58:42,613] {bash_operator.py:86} INFO - Exporting the following env vars:
AIRFLOW_CTX_DAG_ID=tutorial
AIRFLOW_CTX_TASK_ID=print_date
AIRFLOW_CTX_EXECUTION_DATE=2017-01-16T00:00:00+00:00
AIRFLOW_CTX_DAG_RUN_ID=scheduled__2017-01-16T00:00:00+00:00
[2019-03-19 14:58:42,614] {bash_operator.py:100} INFO - Temporary script location: /tmp/airflowtmptx1vxgqo/print_date5sk1_cql
[2019-03-19 14:58:42,614] {bash_operator.py:110} INFO - Running command: date
[2019-03-19 14:58:42,619] {bash_operator.py:119} INFO - Output:
[2019-03-19 14:58:42,621] {bash_operator.py:123} INFO - Ter Mar 19 14:58:42 -03 2019
[2019-03-19 14:58:42,621] {bash_operator.py:127} INFO - Command exited with return code 0
[2019-03-19 14:58:46,583] {logging_mixin.py:95} INFO - [2019-03-19 14:58:46,582] {jobs.py:2527} INFO - Task exited with return code 0
