[2019-03-22 04:54:31,554] {models.py:1359} INFO - Dependencies all met for <TaskInstance: tutorial.print_date 2019-02-01T00:00:00+00:00 [queued]>
[2019-03-22 04:54:31,557] {models.py:1359} INFO - Dependencies all met for <TaskInstance: tutorial.print_date 2019-02-01T00:00:00+00:00 [queued]>
[2019-03-22 04:54:31,558] {models.py:1571} INFO - 
--------------------------------------------------------------------------------
Starting attempt 1 of 2
--------------------------------------------------------------------------------

[2019-03-22 04:54:31,575] {models.py:1593} INFO - Executing <Task(BashOperator): print_date> on 2019-02-01T00:00:00+00:00
[2019-03-22 04:54:31,575] {base_task_runner.py:118} INFO - Running: ['bash', '-c', 'airflow run tutorial print_date 2019-02-01T00:00:00+00:00 --job_id 2756 --raw -sd DAGS_FOLDER/tutorial.py --cfg_path /tmp/tmpbu6_3uay']
[2019-03-22 04:54:32,224] {base_task_runner.py:101} INFO - Job 2756: Subtask print_date [2019-03-22 04:54:32,223] {__init__.py:51} INFO - Using executor SequentialExecutor
[2019-03-22 04:54:32,545] {base_task_runner.py:101} INFO - Job 2756: Subtask print_date [2019-03-22 04:54:32,544] {models.py:273} INFO - Filling up the DagBag from /home/rsandroni/airflow/dags/tutorial.py
[2019-03-22 04:54:32,561] {base_task_runner.py:101} INFO - Job 2756: Subtask print_date [2019-03-22 04:54:32,561] {cli.py:520} INFO - Running <TaskInstance: tutorial.print_date 2019-02-01T00:00:00+00:00 [running]> on host IADAIRP1.globalrs.rack.space
[2019-03-22 04:54:32,576] {bash_operator.py:77} INFO - Tmp dir root location: 
 /tmp
[2019-03-22 04:54:32,577] {bash_operator.py:86} INFO - Exporting the following env vars:
AIRFLOW_CTX_DAG_ID=tutorial
AIRFLOW_CTX_TASK_ID=print_date
AIRFLOW_CTX_EXECUTION_DATE=2019-02-01T00:00:00+00:00
AIRFLOW_CTX_DAG_RUN_ID=scheduled__2019-02-01T00:00:00+00:00
[2019-03-22 04:54:32,577] {bash_operator.py:100} INFO - Temporary script location: /tmp/airflowtmpxarnjjpg/print_dateboknox7t
[2019-03-22 04:54:32,577] {bash_operator.py:110} INFO - Running command: date
[2019-03-22 04:54:32,583] {bash_operator.py:119} INFO - Output:
[2019-03-22 04:54:32,585] {bash_operator.py:123} INFO - Sex Mar 22 04:54:32 -03 2019
[2019-03-22 04:54:32,585] {bash_operator.py:127} INFO - Command exited with return code 0
[2019-03-22 04:54:36,560] {logging_mixin.py:95} INFO - [2019-03-22 04:54:36,559] {jobs.py:2527} INFO - Task exited with return code 0
