[2019-03-21 22:08:52,734] {models.py:1359} INFO - Dependencies all met for <TaskInstance: tutorial.print_date 2018-03-30T00:00:00+00:00 [queued]>
[2019-03-21 22:08:52,737] {models.py:1359} INFO - Dependencies all met for <TaskInstance: tutorial.print_date 2018-03-30T00:00:00+00:00 [queued]>
[2019-03-21 22:08:52,737] {models.py:1571} INFO - 
--------------------------------------------------------------------------------
Starting attempt 1 of 2
--------------------------------------------------------------------------------

[2019-03-21 22:08:52,749] {models.py:1593} INFO - Executing <Task(BashOperator): print_date> on 2018-03-30T00:00:00+00:00
[2019-03-21 22:08:52,749] {base_task_runner.py:118} INFO - Running: ['bash', '-c', 'airflow run tutorial print_date 2018-03-30T00:00:00+00:00 --job_id 2140 --raw -sd DAGS_FOLDER/tutorial.py --cfg_path /tmp/tmp1y38d7qu']
[2019-03-21 22:08:53,381] {base_task_runner.py:101} INFO - Job 2140: Subtask print_date [2019-03-21 22:08:53,381] {__init__.py:51} INFO - Using executor SequentialExecutor
[2019-03-21 22:08:53,607] {base_task_runner.py:101} INFO - Job 2140: Subtask print_date [2019-03-21 22:08:53,606] {models.py:273} INFO - Filling up the DagBag from /home/rsandroni/airflow/dags/tutorial.py
[2019-03-21 22:08:53,621] {base_task_runner.py:101} INFO - Job 2140: Subtask print_date [2019-03-21 22:08:53,621] {cli.py:520} INFO - Running <TaskInstance: tutorial.print_date 2018-03-30T00:00:00+00:00 [running]> on host IADAIRP1.globalrs.rack.space
[2019-03-21 22:08:53,634] {bash_operator.py:77} INFO - Tmp dir root location: 
 /tmp
[2019-03-21 22:08:53,634] {bash_operator.py:86} INFO - Exporting the following env vars:
AIRFLOW_CTX_DAG_ID=tutorial
AIRFLOW_CTX_TASK_ID=print_date
AIRFLOW_CTX_EXECUTION_DATE=2018-03-30T00:00:00+00:00
AIRFLOW_CTX_DAG_RUN_ID=scheduled__2018-03-30T00:00:00+00:00
[2019-03-21 22:08:53,635] {bash_operator.py:100} INFO - Temporary script location: /tmp/airflowtmp7pyc7w4v/print_datenjjsw2br
[2019-03-21 22:08:53,635] {bash_operator.py:110} INFO - Running command: date
[2019-03-21 22:08:53,640] {bash_operator.py:119} INFO - Output:
[2019-03-21 22:08:53,642] {bash_operator.py:123} INFO - Qui Mar 21 22:08:53 -03 2019
[2019-03-21 22:08:53,642] {bash_operator.py:127} INFO - Command exited with return code 0
[2019-03-21 22:08:57,741] {logging_mixin.py:95} INFO - [2019-03-21 22:08:57,740] {jobs.py:2527} INFO - Task exited with return code 0
