[2019-03-19 14:35:45,886] {models.py:1359} INFO - Dependencies all met for <TaskInstance: tutorial.templated 2016-11-27T00:00:00+00:00 [queued]>
[2019-03-19 14:35:45,890] {models.py:1359} INFO - Dependencies all met for <TaskInstance: tutorial.templated 2016-11-27T00:00:00+00:00 [queued]>
[2019-03-19 14:35:45,891] {models.py:1571} INFO - 
--------------------------------------------------------------------------------
Starting attempt 1 of 2
--------------------------------------------------------------------------------

[2019-03-19 14:35:45,988] {models.py:1593} INFO - Executing <Task(BashOperator): templated> on 2016-11-27T00:00:00+00:00
[2019-03-19 14:35:45,988] {base_task_runner.py:118} INFO - Running: ['bash', '-c', 'airflow run tutorial templated 2016-11-27T00:00:00+00:00 --job_id 1097 --raw -sd DAGS_FOLDER/example_dags/tutorial.py --cfg_path /tmp/tmpq2chvogl']
[2019-03-19 14:35:47,296] {base_task_runner.py:101} INFO - Job 1097: Subtask templated [2019-03-19 14:35:47,295] {__init__.py:51} INFO - Using executor SequentialExecutor
[2019-03-19 14:35:47,620] {base_task_runner.py:101} INFO - Job 1097: Subtask templated [2019-03-19 14:35:47,619] {models.py:273} INFO - Filling up the DagBag from /home/rsandroni/airflow/dags/example_dags/tutorial.py
[2019-03-19 14:35:47,728] {base_task_runner.py:101} INFO - Job 1097: Subtask templated [2019-03-19 14:35:47,724] {cli.py:520} INFO - Running <TaskInstance: tutorial.templated 2016-11-27T00:00:00+00:00 [running]> on host IADAIRP1.globalrs.rack.space
[2019-03-19 14:35:47,743] {bash_operator.py:77} INFO - Tmp dir root location: 
 /tmp
[2019-03-19 14:35:47,743] {bash_operator.py:86} INFO - Exporting the following env vars:
AIRFLOW_CTX_DAG_ID=tutorial
AIRFLOW_CTX_TASK_ID=templated
AIRFLOW_CTX_EXECUTION_DATE=2016-11-27T00:00:00+00:00
AIRFLOW_CTX_DAG_RUN_ID=scheduled__2016-11-27T00:00:00+00:00
[2019-03-19 14:35:47,743] {bash_operator.py:100} INFO - Temporary script location: /tmp/airflowtmp87hlxzxb/templatedi2ry5cow
[2019-03-19 14:35:47,743] {bash_operator.py:110} INFO - Running command: 

    echo "2016-11-27"
    echo "2016-12-04"
    echo "Parameter I passed in"

    echo "2016-11-27"
    echo "2016-12-04"
    echo "Parameter I passed in"

    echo "2016-11-27"
    echo "2016-12-04"
    echo "Parameter I passed in"

    echo "2016-11-27"
    echo "2016-12-04"
    echo "Parameter I passed in"

    echo "2016-11-27"
    echo "2016-12-04"
    echo "Parameter I passed in"

[2019-03-19 14:35:47,788] {bash_operator.py:119} INFO - Output:
[2019-03-19 14:35:47,798] {bash_operator.py:123} INFO - 2016-11-27
[2019-03-19 14:35:47,798] {bash_operator.py:123} INFO - 2016-12-04
[2019-03-19 14:35:47,799] {bash_operator.py:123} INFO - Parameter I passed in
[2019-03-19 14:35:47,799] {bash_operator.py:123} INFO - 2016-11-27
[2019-03-19 14:35:47,799] {bash_operator.py:123} INFO - 2016-12-04
[2019-03-19 14:35:47,799] {bash_operator.py:123} INFO - Parameter I passed in
[2019-03-19 14:35:47,799] {bash_operator.py:123} INFO - 2016-11-27
[2019-03-19 14:35:47,799] {bash_operator.py:123} INFO - 2016-12-04
[2019-03-19 14:35:47,799] {bash_operator.py:123} INFO - Parameter I passed in
[2019-03-19 14:35:47,799] {bash_operator.py:123} INFO - 2016-11-27
[2019-03-19 14:35:47,799] {bash_operator.py:123} INFO - 2016-12-04
[2019-03-19 14:35:47,799] {bash_operator.py:123} INFO - Parameter I passed in
[2019-03-19 14:35:47,799] {bash_operator.py:123} INFO - 2016-11-27
[2019-03-19 14:35:47,799] {bash_operator.py:123} INFO - 2016-12-04
[2019-03-19 14:35:47,799] {bash_operator.py:123} INFO - Parameter I passed in
[2019-03-19 14:35:47,799] {bash_operator.py:127} INFO - Command exited with return code 0
[2019-03-19 14:35:50,830] {logging_mixin.py:95} INFO - [2019-03-19 14:35:50,830] {jobs.py:2527} INFO - Task exited with return code 0
