[2019-03-22 05:53:11,489] {models.py:1359} INFO - Dependencies all met for <TaskInstance: tutorial.print_date 2019-03-18T00:00:00+00:00 [queued]>
[2019-03-22 05:53:11,493] {models.py:1359} INFO - Dependencies all met for <TaskInstance: tutorial.print_date 2019-03-18T00:00:00+00:00 [queued]>
[2019-03-22 05:53:11,493] {models.py:1571} INFO - 
--------------------------------------------------------------------------------
Starting attempt 1 of 2
--------------------------------------------------------------------------------

[2019-03-22 05:53:11,508] {models.py:1593} INFO - Executing <Task(BashOperator): print_date> on 2019-03-18T00:00:00+00:00
[2019-03-22 05:53:11,508] {base_task_runner.py:118} INFO - Running: ['bash', '-c', 'airflow run tutorial print_date 2019-03-18T00:00:00+00:00 --job_id 2845 --raw -sd DAGS_FOLDER/tutorial.py --cfg_path /tmp/tmpx704pour']
[2019-03-22 05:53:12,213] {base_task_runner.py:101} INFO - Job 2845: Subtask print_date [2019-03-22 05:53:12,212] {__init__.py:51} INFO - Using executor SequentialExecutor
[2019-03-22 05:53:12,601] {base_task_runner.py:101} INFO - Job 2845: Subtask print_date [2019-03-22 05:53:12,600] {models.py:273} INFO - Filling up the DagBag from /home/rsandroni/airflow/dags/tutorial.py
[2019-03-22 05:53:12,640] {base_task_runner.py:101} INFO - Job 2845: Subtask print_date [2019-03-22 05:53:12,639] {cli.py:520} INFO - Running <TaskInstance: tutorial.print_date 2019-03-18T00:00:00+00:00 [running]> on host IADAIRP1.globalrs.rack.space
[2019-03-22 05:53:12,683] {bash_operator.py:77} INFO - Tmp dir root location: 
 /tmp
[2019-03-22 05:53:12,683] {bash_operator.py:86} INFO - Exporting the following env vars:
AIRFLOW_CTX_DAG_ID=tutorial
AIRFLOW_CTX_TASK_ID=print_date
AIRFLOW_CTX_EXECUTION_DATE=2019-03-18T00:00:00+00:00
AIRFLOW_CTX_DAG_RUN_ID=scheduled__2019-03-18T00:00:00+00:00
[2019-03-22 05:53:12,684] {bash_operator.py:100} INFO - Temporary script location: /tmp/airflowtmp2q5wegmn/print_datee9g77zgt
[2019-03-22 05:53:12,684] {bash_operator.py:110} INFO - Running command: date
[2019-03-22 05:53:12,725] {bash_operator.py:119} INFO - Output:
[2019-03-22 05:53:12,742] {bash_operator.py:123} INFO - Sex Mar 22 05:53:12 -03 2019
[2019-03-22 05:53:12,742] {bash_operator.py:127} INFO - Command exited with return code 0
[2019-03-22 05:53:16,564] {logging_mixin.py:95} INFO - [2019-03-22 05:53:16,563] {jobs.py:2527} INFO - Task exited with return code 0
