[2019-03-19 13:09:16,062] {models.py:1359} INFO - Dependencies all met for <TaskInstance: tutorial.templated 2016-05-29T00:00:00+00:00 [queued]>
[2019-03-19 13:09:16,067] {models.py:1359} INFO - Dependencies all met for <TaskInstance: tutorial.templated 2016-05-29T00:00:00+00:00 [queued]>
[2019-03-19 13:09:16,067] {models.py:1571} INFO - 
--------------------------------------------------------------------------------
Starting attempt 1 of 2
--------------------------------------------------------------------------------

[2019-03-19 13:09:16,168] {models.py:1593} INFO - Executing <Task(BashOperator): templated> on 2016-05-29T00:00:00+00:00
[2019-03-19 13:09:16,168] {base_task_runner.py:118} INFO - Running: ['bash', '-c', 'airflow run tutorial templated 2016-05-29T00:00:00+00:00 --job_id 735 --raw -sd DAGS_FOLDER/sql_server_load.py --cfg_path /tmp/tmpv778dil5']
[2019-03-19 13:09:18,316] {base_task_runner.py:101} INFO - Job 735: Subtask templated [2019-03-19 13:09:18,315] {__init__.py:51} INFO - Using executor SequentialExecutor
[2019-03-19 13:09:19,256] {base_task_runner.py:101} INFO - Job 735: Subtask templated [2019-03-19 13:09:19,248] {models.py:273} INFO - Filling up the DagBag from /home/rsandroni/airflow/dags/sql_server_load.py
[2019-03-19 13:09:19,310] {base_task_runner.py:101} INFO - Job 735: Subtask templated [2019-03-19 13:09:19,309] {cli.py:520} INFO - Running <TaskInstance: tutorial.templated 2016-05-29T00:00:00+00:00 [running]> on host IADAIRP1.globalrs.rack.space
[2019-03-19 13:09:19,350] {bash_operator.py:77} INFO - Tmp dir root location: 
 /tmp
[2019-03-19 13:09:19,350] {bash_operator.py:86} INFO - Exporting the following env vars:
AIRFLOW_CTX_DAG_ID=tutorial
AIRFLOW_CTX_TASK_ID=templated
AIRFLOW_CTX_EXECUTION_DATE=2016-05-29T00:00:00+00:00
AIRFLOW_CTX_DAG_RUN_ID=scheduled__2016-05-29T00:00:00+00:00
[2019-03-19 13:09:19,351] {bash_operator.py:100} INFO - Temporary script location: /tmp/airflowtmpwui_lbue/templatedgyikx574
[2019-03-19 13:09:19,351] {bash_operator.py:110} INFO - Running command: 
    
        echo "2016-05-29"
        echo "Parameter I passed in"
    
        echo "2016-05-29"
        echo "Parameter I passed in"
    
        echo "2016-05-29"
        echo "Parameter I passed in"
    
        echo "2016-05-29"
        echo "Parameter I passed in"
    
        echo "2016-05-29"
        echo "Parameter I passed in"
    
    
[2019-03-19 13:09:19,419] {bash_operator.py:119} INFO - Output:
[2019-03-19 13:09:19,419] {bash_operator.py:123} INFO - 2016-05-29
[2019-03-19 13:09:19,419] {bash_operator.py:123} INFO - Parameter I passed in
[2019-03-19 13:09:19,419] {bash_operator.py:123} INFO - 2016-05-29
[2019-03-19 13:09:19,419] {bash_operator.py:123} INFO - Parameter I passed in
[2019-03-19 13:09:19,419] {bash_operator.py:123} INFO - 2016-05-29
[2019-03-19 13:09:19,419] {bash_operator.py:123} INFO - Parameter I passed in
[2019-03-19 13:09:19,419] {bash_operator.py:123} INFO - 2016-05-29
[2019-03-19 13:09:19,420] {bash_operator.py:123} INFO - Parameter I passed in
[2019-03-19 13:09:19,420] {bash_operator.py:123} INFO - 2016-05-29
[2019-03-19 13:09:19,420] {bash_operator.py:123} INFO - Parameter I passed in
[2019-03-19 13:09:19,420] {bash_operator.py:127} INFO - Command exited with return code 0
[2019-03-19 13:09:21,082] {logging_mixin.py:95} INFO - [2019-03-19 13:09:21,081] {jobs.py:2527} INFO - Task exited with return code 0
