[2019-03-21 23:03:31,070] {models.py:1359} INFO - Dependencies all met for <TaskInstance: tutorial.print_date 2018-05-12T00:00:00+00:00 [queued]>
[2019-03-21 23:03:31,073] {models.py:1359} INFO - Dependencies all met for <TaskInstance: tutorial.print_date 2018-05-12T00:00:00+00:00 [queued]>
[2019-03-21 23:03:31,073] {models.py:1571} INFO - 
--------------------------------------------------------------------------------
Starting attempt 1 of 2
--------------------------------------------------------------------------------

[2019-03-21 23:03:31,089] {models.py:1593} INFO - Executing <Task(BashOperator): print_date> on 2018-05-12T00:00:00+00:00
[2019-03-21 23:03:31,089] {base_task_runner.py:118} INFO - Running: ['bash', '-c', 'airflow run tutorial print_date 2018-05-12T00:00:00+00:00 --job_id 2225 --raw -sd DAGS_FOLDER/tutorial.py --cfg_path /tmp/tmp10pwpzxk']
[2019-03-21 23:03:31,725] {base_task_runner.py:101} INFO - Job 2225: Subtask print_date [2019-03-21 23:03:31,724] {__init__.py:51} INFO - Using executor SequentialExecutor
[2019-03-21 23:03:31,957] {base_task_runner.py:101} INFO - Job 2225: Subtask print_date [2019-03-21 23:03:31,956] {models.py:273} INFO - Filling up the DagBag from /home/rsandroni/airflow/dags/tutorial.py
[2019-03-21 23:03:31,973] {base_task_runner.py:101} INFO - Job 2225: Subtask print_date [2019-03-21 23:03:31,972] {cli.py:520} INFO - Running <TaskInstance: tutorial.print_date 2018-05-12T00:00:00+00:00 [running]> on host IADAIRP1.globalrs.rack.space
[2019-03-21 23:03:31,985] {bash_operator.py:77} INFO - Tmp dir root location: 
 /tmp
[2019-03-21 23:03:31,985] {bash_operator.py:86} INFO - Exporting the following env vars:
AIRFLOW_CTX_DAG_ID=tutorial
AIRFLOW_CTX_TASK_ID=print_date
AIRFLOW_CTX_EXECUTION_DATE=2018-05-12T00:00:00+00:00
AIRFLOW_CTX_DAG_RUN_ID=scheduled__2018-05-12T00:00:00+00:00
[2019-03-21 23:03:31,986] {bash_operator.py:100} INFO - Temporary script location: /tmp/airflowtmpr_lbqxjg/print_dategh8yaq_i
[2019-03-21 23:03:31,986] {bash_operator.py:110} INFO - Running command: date
[2019-03-21 23:03:31,991] {bash_operator.py:119} INFO - Output:
[2019-03-21 23:03:31,993] {bash_operator.py:123} INFO - Qui Mar 21 23:03:31 -03 2019
[2019-03-21 23:03:31,993] {bash_operator.py:127} INFO - Command exited with return code 0
[2019-03-21 23:03:36,054] {logging_mixin.py:95} INFO - [2019-03-21 23:03:36,053] {jobs.py:2527} INFO - Task exited with return code 0
