[2019-03-19 12:38:39,085] {models.py:1359} INFO - Dependencies all met for <TaskInstance: tutorial.print_date 2016-04-01T00:00:00+00:00 [queued]>
[2019-03-19 12:38:39,088] {models.py:1359} INFO - Dependencies all met for <TaskInstance: tutorial.print_date 2016-04-01T00:00:00+00:00 [queued]>
[2019-03-19 12:38:39,088] {models.py:1571} INFO - 
--------------------------------------------------------------------------------
Starting attempt 1 of 2
--------------------------------------------------------------------------------

[2019-03-19 12:38:39,131] {models.py:1593} INFO - Executing <Task(BashOperator): print_date> on 2016-04-01T00:00:00+00:00
[2019-03-19 12:38:39,131] {base_task_runner.py:118} INFO - Running: ['bash', '-c', 'airflow run tutorial print_date 2016-04-01T00:00:00+00:00 --job_id 614 --raw -sd DAGS_FOLDER/sql_server_load.py --cfg_path /tmp/tmp9iwkz0fd']
[2019-03-19 12:38:40,036] {base_task_runner.py:101} INFO - Job 614: Subtask print_date [2019-03-19 12:38:40,035] {__init__.py:51} INFO - Using executor SequentialExecutor
[2019-03-19 12:38:40,446] {base_task_runner.py:101} INFO - Job 614: Subtask print_date [2019-03-19 12:38:40,441] {models.py:273} INFO - Filling up the DagBag from /home/rsandroni/airflow/dags/sql_server_load.py
[2019-03-19 12:38:40,490] {base_task_runner.py:101} INFO - Job 614: Subtask print_date [2019-03-19 12:38:40,485] {cli.py:520} INFO - Running <TaskInstance: tutorial.print_date 2016-04-01T00:00:00+00:00 [running]> on host IADAIRP1.globalrs.rack.space
[2019-03-19 12:38:40,511] {bash_operator.py:77} INFO - Tmp dir root location: 
 /tmp
[2019-03-19 12:38:40,511] {bash_operator.py:86} INFO - Exporting the following env vars:
AIRFLOW_CTX_DAG_ID=tutorial
AIRFLOW_CTX_TASK_ID=print_date
AIRFLOW_CTX_EXECUTION_DATE=2016-04-01T00:00:00+00:00
AIRFLOW_CTX_DAG_RUN_ID=scheduled__2016-04-01T00:00:00+00:00
[2019-03-19 12:38:40,511] {bash_operator.py:100} INFO - Temporary script location: /tmp/airflowtmpf2maxaty/print_daterpej05g0
[2019-03-19 12:38:40,512] {bash_operator.py:110} INFO - Running command: date
[2019-03-19 12:38:40,552] {bash_operator.py:119} INFO - Output:
[2019-03-19 12:38:40,580] {bash_operator.py:123} INFO - Ter Mar 19 12:38:40 -03 2019
[2019-03-19 12:38:40,589] {bash_operator.py:127} INFO - Command exited with return code 0
[2019-03-19 12:38:44,099] {logging_mixin.py:95} INFO - [2019-03-19 12:38:44,099] {jobs.py:2527} INFO - Task exited with return code 0
