[2019-03-19 12:15:29,437] {models.py:1359} INFO - Dependencies all met for <TaskInstance: tutorial.templated 2016-02-09T00:00:00+00:00 [queued]>
[2019-03-19 12:15:29,442] {models.py:1359} INFO - Dependencies all met for <TaskInstance: tutorial.templated 2016-02-09T00:00:00+00:00 [queued]>
[2019-03-19 12:15:29,442] {models.py:1571} INFO - 
--------------------------------------------------------------------------------
Starting attempt 1 of 2
--------------------------------------------------------------------------------

[2019-03-19 12:15:29,461] {models.py:1593} INFO - Executing <Task(BashOperator): templated> on 2016-02-09T00:00:00+00:00
[2019-03-19 12:15:29,461] {base_task_runner.py:118} INFO - Running: ['bash', '-c', 'airflow run tutorial templated 2016-02-09T00:00:00+00:00 --job_id 514 --raw -sd DAGS_FOLDER/sql_server_load.py --cfg_path /tmp/tmpri0f2vp_']
[2019-03-19 12:15:30,078] {base_task_runner.py:101} INFO - Job 514: Subtask templated [2019-03-19 12:15:30,078] {__init__.py:51} INFO - Using executor SequentialExecutor
[2019-03-19 12:15:30,309] {base_task_runner.py:101} INFO - Job 514: Subtask templated [2019-03-19 12:15:30,308] {models.py:273} INFO - Filling up the DagBag from /home/rsandroni/airflow/dags/sql_server_load.py
[2019-03-19 12:15:30,330] {base_task_runner.py:101} INFO - Job 514: Subtask templated [2019-03-19 12:15:30,327] {cli.py:520} INFO - Running <TaskInstance: tutorial.templated 2016-02-09T00:00:00+00:00 [running]> on host IADAIRP1.globalrs.rack.space
[2019-03-19 12:15:30,343] {bash_operator.py:77} INFO - Tmp dir root location: 
 /tmp
[2019-03-19 12:15:30,343] {bash_operator.py:86} INFO - Exporting the following env vars:
AIRFLOW_CTX_DAG_ID=tutorial
AIRFLOW_CTX_TASK_ID=templated
AIRFLOW_CTX_EXECUTION_DATE=2016-02-09T00:00:00+00:00
AIRFLOW_CTX_DAG_RUN_ID=scheduled__2016-02-09T00:00:00+00:00
[2019-03-19 12:15:30,343] {bash_operator.py:100} INFO - Temporary script location: /tmp/airflowtmplixk6zi0/templated7419loa6
[2019-03-19 12:15:30,343] {bash_operator.py:110} INFO - Running command: 
    
        echo "2016-02-09"
        echo "Parameter I passed in"
    
        echo "2016-02-09"
        echo "Parameter I passed in"
    
        echo "2016-02-09"
        echo "Parameter I passed in"
    
        echo "2016-02-09"
        echo "Parameter I passed in"
    
        echo "2016-02-09"
        echo "Parameter I passed in"
    
    
[2019-03-19 12:15:30,349] {bash_operator.py:119} INFO - Output:
[2019-03-19 12:15:30,350] {bash_operator.py:123} INFO - 2016-02-09
[2019-03-19 12:15:30,350] {bash_operator.py:123} INFO - Parameter I passed in
[2019-03-19 12:15:30,350] {bash_operator.py:123} INFO - 2016-02-09
[2019-03-19 12:15:30,350] {bash_operator.py:123} INFO - Parameter I passed in
[2019-03-19 12:15:30,350] {bash_operator.py:123} INFO - 2016-02-09
[2019-03-19 12:15:30,350] {bash_operator.py:123} INFO - Parameter I passed in
[2019-03-19 12:15:30,350] {bash_operator.py:123} INFO - 2016-02-09
[2019-03-19 12:15:30,350] {bash_operator.py:123} INFO - Parameter I passed in
[2019-03-19 12:15:30,350] {bash_operator.py:123} INFO - 2016-02-09
[2019-03-19 12:15:30,350] {bash_operator.py:123} INFO - Parameter I passed in
[2019-03-19 12:15:30,350] {bash_operator.py:127} INFO - Command exited with return code 0
[2019-03-19 12:15:34,446] {logging_mixin.py:95} INFO - [2019-03-19 12:15:34,445] {jobs.py:2527} INFO - Task exited with return code 0
