[2019-03-21 20:28:57,314] {models.py:1359} INFO - Dependencies all met for <TaskInstance: tutorial.templated 2018-01-12T00:00:00+00:00 [queued]>
[2019-03-21 20:28:57,319] {models.py:1359} INFO - Dependencies all met for <TaskInstance: tutorial.templated 2018-01-12T00:00:00+00:00 [queued]>
[2019-03-21 20:28:57,319] {models.py:1571} INFO - 
--------------------------------------------------------------------------------
Starting attempt 1 of 2
--------------------------------------------------------------------------------

[2019-03-21 20:28:57,355] {models.py:1593} INFO - Executing <Task(BashOperator): templated> on 2018-01-12T00:00:00+00:00
[2019-03-21 20:28:57,355] {base_task_runner.py:118} INFO - Running: ['bash', '-c', 'airflow run tutorial templated 2018-01-12T00:00:00+00:00 --job_id 1987 --raw -sd DAGS_FOLDER/example_dags/tutorial.py --cfg_path /tmp/tmpnci5ubyv']
[2019-03-21 20:28:58,049] {base_task_runner.py:101} INFO - Job 1987: Subtask templated [2019-03-21 20:28:58,048] {__init__.py:51} INFO - Using executor SequentialExecutor
[2019-03-21 20:28:58,346] {base_task_runner.py:101} INFO - Job 1987: Subtask templated [2019-03-21 20:28:58,343] {models.py:273} INFO - Filling up the DagBag from /home/rsandroni/airflow/dags/example_dags/tutorial.py
[2019-03-21 20:28:58,409] {base_task_runner.py:101} INFO - Job 1987: Subtask templated [2019-03-21 20:28:58,408] {cli.py:520} INFO - Running <TaskInstance: tutorial.templated 2018-01-12T00:00:00+00:00 [running]> on host IADAIRP1.globalrs.rack.space
[2019-03-21 20:28:58,431] {bash_operator.py:77} INFO - Tmp dir root location: 
 /tmp
[2019-03-21 20:28:58,431] {bash_operator.py:86} INFO - Exporting the following env vars:
AIRFLOW_CTX_DAG_ID=tutorial
AIRFLOW_CTX_TASK_ID=templated
AIRFLOW_CTX_EXECUTION_DATE=2018-01-12T00:00:00+00:00
AIRFLOW_CTX_DAG_RUN_ID=scheduled__2018-01-12T00:00:00+00:00
[2019-03-21 20:28:58,432] {bash_operator.py:100} INFO - Temporary script location: /tmp/airflowtmpxbprg8nh/templatedrminuv5n
[2019-03-21 20:28:58,432] {bash_operator.py:110} INFO - Running command: 

    echo "2018-01-12"
    echo "2018-01-19"
    echo "Parameter I passed in"

    echo "2018-01-12"
    echo "2018-01-19"
    echo "Parameter I passed in"

    echo "2018-01-12"
    echo "2018-01-19"
    echo "Parameter I passed in"

    echo "2018-01-12"
    echo "2018-01-19"
    echo "Parameter I passed in"

    echo "2018-01-12"
    echo "2018-01-19"
    echo "Parameter I passed in"

[2019-03-21 20:28:58,438] {bash_operator.py:119} INFO - Output:
[2019-03-21 20:28:58,439] {bash_operator.py:123} INFO - 2018-01-12
[2019-03-21 20:28:58,439] {bash_operator.py:123} INFO - 2018-01-19
[2019-03-21 20:28:58,439] {bash_operator.py:123} INFO - Parameter I passed in
[2019-03-21 20:28:58,440] {bash_operator.py:123} INFO - 2018-01-12
[2019-03-21 20:28:58,440] {bash_operator.py:123} INFO - 2018-01-19
[2019-03-21 20:28:58,440] {bash_operator.py:123} INFO - Parameter I passed in
[2019-03-21 20:28:58,440] {bash_operator.py:123} INFO - 2018-01-12
[2019-03-21 20:28:58,440] {bash_operator.py:123} INFO - 2018-01-19
[2019-03-21 20:28:58,440] {bash_operator.py:123} INFO - Parameter I passed in
[2019-03-21 20:28:58,440] {bash_operator.py:123} INFO - 2018-01-12
[2019-03-21 20:28:58,440] {bash_operator.py:123} INFO - 2018-01-19
[2019-03-21 20:28:58,440] {bash_operator.py:123} INFO - Parameter I passed in
[2019-03-21 20:28:58,440] {bash_operator.py:123} INFO - 2018-01-12
[2019-03-21 20:28:58,440] {bash_operator.py:123} INFO - 2018-01-19
[2019-03-21 20:28:58,440] {bash_operator.py:123} INFO - Parameter I passed in
[2019-03-21 20:28:58,440] {bash_operator.py:127} INFO - Command exited with return code 0
[2019-03-21 20:29:02,278] {logging_mixin.py:95} INFO - [2019-03-21 20:29:02,277] {jobs.py:2527} INFO - Task exited with return code 0
