[2019-03-19 14:40:30,406] {models.py:1359} INFO - Dependencies all met for <TaskInstance: tutorial.print_date 2016-12-07T00:00:00+00:00 [queued]>
[2019-03-19 14:40:30,408] {models.py:1359} INFO - Dependencies all met for <TaskInstance: tutorial.print_date 2016-12-07T00:00:00+00:00 [queued]>
[2019-03-19 14:40:30,408] {models.py:1571} INFO - 
--------------------------------------------------------------------------------
Starting attempt 1 of 2
--------------------------------------------------------------------------------

[2019-03-19 14:40:30,467] {models.py:1593} INFO - Executing <Task(BashOperator): print_date> on 2016-12-07T00:00:00+00:00
[2019-03-19 14:40:30,467] {base_task_runner.py:118} INFO - Running: ['bash', '-c', 'airflow run tutorial print_date 2016-12-07T00:00:00+00:00 --job_id 1116 --raw -sd DAGS_FOLDER/tutorial.py --cfg_path /tmp/tmp22urxrer']
[2019-03-19 14:40:33,437] {base_task_runner.py:101} INFO - Job 1116: Subtask print_date [2019-03-19 14:40:33,364] {__init__.py:51} INFO - Using executor SequentialExecutor
[2019-03-19 14:40:34,467] {base_task_runner.py:101} INFO - Job 1116: Subtask print_date [2019-03-19 14:40:34,459] {models.py:273} INFO - Filling up the DagBag from /home/rsandroni/airflow/dags/tutorial.py
[2019-03-19 14:40:34,522] {base_task_runner.py:101} INFO - Job 1116: Subtask print_date [2019-03-19 14:40:34,519] {cli.py:520} INFO - Running <TaskInstance: tutorial.print_date 2016-12-07T00:00:00+00:00 [running]> on host IADAIRP1.globalrs.rack.space
[2019-03-19 14:40:34,561] {bash_operator.py:77} INFO - Tmp dir root location: 
 /tmp
[2019-03-19 14:40:34,561] {bash_operator.py:86} INFO - Exporting the following env vars:
AIRFLOW_CTX_DAG_ID=tutorial
AIRFLOW_CTX_TASK_ID=print_date
AIRFLOW_CTX_EXECUTION_DATE=2016-12-07T00:00:00+00:00
AIRFLOW_CTX_DAG_RUN_ID=scheduled__2016-12-07T00:00:00+00:00
[2019-03-19 14:40:34,561] {bash_operator.py:100} INFO - Temporary script location: /tmp/airflowtmpdr8y_d3o/print_datemr04sgfa
[2019-03-19 14:40:34,561] {bash_operator.py:110} INFO - Running command: date
[2019-03-19 14:40:34,598] {bash_operator.py:119} INFO - Output:
[2019-03-19 14:40:34,632] {bash_operator.py:123} INFO - Ter Mar 19 14:40:34 -03 2019
[2019-03-19 14:40:34,643] {bash_operator.py:127} INFO - Command exited with return code 0
[2019-03-19 14:40:35,376] {logging_mixin.py:95} INFO - [2019-03-19 14:40:35,375] {jobs.py:2527} INFO - Task exited with return code 0
