[2019-03-22 04:06:53,069] {models.py:1359} INFO - Dependencies all met for <TaskInstance: tutorial.print_date 2018-12-27T00:00:00+00:00 [queued]>
[2019-03-22 04:06:53,072] {models.py:1359} INFO - Dependencies all met for <TaskInstance: tutorial.print_date 2018-12-27T00:00:00+00:00 [queued]>
[2019-03-22 04:06:53,072] {models.py:1571} INFO - 
--------------------------------------------------------------------------------
Starting attempt 1 of 2
--------------------------------------------------------------------------------

[2019-03-22 04:06:53,085] {models.py:1593} INFO - Executing <Task(BashOperator): print_date> on 2018-12-27T00:00:00+00:00
[2019-03-22 04:06:53,085] {base_task_runner.py:118} INFO - Running: ['bash', '-c', 'airflow run tutorial print_date 2018-12-27T00:00:00+00:00 --job_id 2684 --raw -sd DAGS_FOLDER/tutorial.py --cfg_path /tmp/tmpv9ptyxn1']
[2019-03-22 04:06:53,738] {base_task_runner.py:101} INFO - Job 2684: Subtask print_date [2019-03-22 04:06:53,737] {__init__.py:51} INFO - Using executor SequentialExecutor
[2019-03-22 04:06:54,110] {base_task_runner.py:101} INFO - Job 2684: Subtask print_date [2019-03-22 04:06:54,109] {models.py:273} INFO - Filling up the DagBag from /home/rsandroni/airflow/dags/tutorial.py
[2019-03-22 04:06:54,167] {base_task_runner.py:101} INFO - Job 2684: Subtask print_date [2019-03-22 04:06:54,163] {cli.py:520} INFO - Running <TaskInstance: tutorial.print_date 2018-12-27T00:00:00+00:00 [running]> on host IADAIRP1.globalrs.rack.space
[2019-03-22 04:06:54,209] {bash_operator.py:77} INFO - Tmp dir root location: 
 /tmp
[2019-03-22 04:06:54,209] {bash_operator.py:86} INFO - Exporting the following env vars:
AIRFLOW_CTX_DAG_ID=tutorial
AIRFLOW_CTX_TASK_ID=print_date
AIRFLOW_CTX_EXECUTION_DATE=2018-12-27T00:00:00+00:00
AIRFLOW_CTX_DAG_RUN_ID=scheduled__2018-12-27T00:00:00+00:00
[2019-03-22 04:06:54,209] {bash_operator.py:100} INFO - Temporary script location: /tmp/airflowtmpa1b3tvac/print_datenpg2_yp9
[2019-03-22 04:06:54,209] {bash_operator.py:110} INFO - Running command: date
[2019-03-22 04:06:54,251] {bash_operator.py:119} INFO - Output:
[2019-03-22 04:06:54,285] {bash_operator.py:123} INFO - Sex Mar 22 04:06:54 -03 2019
[2019-03-22 04:06:54,285] {bash_operator.py:127} INFO - Command exited with return code 0
[2019-03-22 04:06:58,111] {logging_mixin.py:95} INFO - [2019-03-22 04:06:58,110] {jobs.py:2527} INFO - Task exited with return code 0
