[2019-03-19 13:56:43,544] {models.py:1359} INFO - Dependencies all met for <TaskInstance: tutorial.templated 2016-09-09T00:00:00+00:00 [queued]>
[2019-03-19 13:56:43,549] {models.py:1359} INFO - Dependencies all met for <TaskInstance: tutorial.templated 2016-09-09T00:00:00+00:00 [queued]>
[2019-03-19 13:56:43,549] {models.py:1571} INFO - 
--------------------------------------------------------------------------------
Starting attempt 1 of 2
--------------------------------------------------------------------------------

[2019-03-19 13:56:43,634] {models.py:1593} INFO - Executing <Task(BashOperator): templated> on 2016-09-09T00:00:00+00:00
[2019-03-19 13:56:43,634] {base_task_runner.py:118} INFO - Running: ['bash', '-c', 'airflow run tutorial templated 2016-09-09T00:00:00+00:00 --job_id 940 --raw -sd DAGS_FOLDER/sql_server_load.py --cfg_path /tmp/tmpjp4p05or']
[2019-03-19 13:56:45,547] {base_task_runner.py:101} INFO - Job 940: Subtask templated [2019-03-19 13:56:45,547] {__init__.py:51} INFO - Using executor SequentialExecutor
[2019-03-19 13:56:46,326] {base_task_runner.py:101} INFO - Job 940: Subtask templated [2019-03-19 13:56:46,325] {models.py:273} INFO - Filling up the DagBag from /home/rsandroni/airflow/dags/sql_server_load.py
[2019-03-19 13:56:46,379] {base_task_runner.py:101} INFO - Job 940: Subtask templated [2019-03-19 13:56:46,375] {cli.py:520} INFO - Running <TaskInstance: tutorial.templated 2016-09-09T00:00:00+00:00 [running]> on host IADAIRP1.globalrs.rack.space
[2019-03-19 13:56:46,414] {bash_operator.py:77} INFO - Tmp dir root location: 
 /tmp
[2019-03-19 13:56:46,423] {bash_operator.py:86} INFO - Exporting the following env vars:
AIRFLOW_CTX_DAG_ID=tutorial
AIRFLOW_CTX_TASK_ID=templated
AIRFLOW_CTX_EXECUTION_DATE=2016-09-09T00:00:00+00:00
AIRFLOW_CTX_DAG_RUN_ID=scheduled__2016-09-09T00:00:00+00:00
[2019-03-19 13:56:46,424] {bash_operator.py:100} INFO - Temporary script location: /tmp/airflowtmpt1qpib83/templatedrjd_ec7g
[2019-03-19 13:56:46,424] {bash_operator.py:110} INFO - Running command: 
    
        echo "2016-09-09"
        echo "Parameter I passed in"
    
        echo "2016-09-09"
        echo "Parameter I passed in"
    
        echo "2016-09-09"
        echo "Parameter I passed in"
    
        echo "2016-09-09"
        echo "Parameter I passed in"
    
        echo "2016-09-09"
        echo "Parameter I passed in"
    
    
[2019-03-19 13:56:46,470] {bash_operator.py:119} INFO - Output:
[2019-03-19 13:56:46,470] {bash_operator.py:123} INFO - 2016-09-09
[2019-03-19 13:56:46,470] {bash_operator.py:123} INFO - Parameter I passed in
[2019-03-19 13:56:46,470] {bash_operator.py:123} INFO - 2016-09-09
[2019-03-19 13:56:46,470] {bash_operator.py:123} INFO - Parameter I passed in
[2019-03-19 13:56:46,470] {bash_operator.py:123} INFO - 2016-09-09
[2019-03-19 13:56:46,470] {bash_operator.py:123} INFO - Parameter I passed in
[2019-03-19 13:56:46,471] {bash_operator.py:123} INFO - 2016-09-09
[2019-03-19 13:56:46,471] {bash_operator.py:123} INFO - Parameter I passed in
[2019-03-19 13:56:46,471] {bash_operator.py:123} INFO - 2016-09-09
[2019-03-19 13:56:46,471] {bash_operator.py:123} INFO - Parameter I passed in
[2019-03-19 13:56:46,471] {bash_operator.py:127} INFO - Command exited with return code 0
[2019-03-19 13:56:48,527] {logging_mixin.py:95} INFO - [2019-03-19 13:56:48,527] {jobs.py:2527} INFO - Task exited with return code 0
