[2019-03-21 18:12:50,765] {models.py:1359} INFO - Dependencies all met for <TaskInstance: tutorial.print_date 2017-09-21T00:00:00+00:00 [queued]>
[2019-03-21 18:12:50,767] {models.py:1359} INFO - Dependencies all met for <TaskInstance: tutorial.print_date 2017-09-21T00:00:00+00:00 [queued]>
[2019-03-21 18:12:50,767] {models.py:1571} INFO - 
--------------------------------------------------------------------------------
Starting attempt 1 of 2
--------------------------------------------------------------------------------

[2019-03-21 18:12:50,782] {models.py:1593} INFO - Executing <Task(BashOperator): print_date> on 2017-09-21T00:00:00+00:00
[2019-03-21 18:12:50,782] {base_task_runner.py:118} INFO - Running: ['bash', '-c', 'airflow run tutorial print_date 2017-09-21T00:00:00+00:00 --job_id 1758 --raw -sd DAGS_FOLDER/tutorial.py --cfg_path /tmp/tmpw6bu1tmd']
[2019-03-21 18:12:51,414] {base_task_runner.py:101} INFO - Job 1758: Subtask print_date [2019-03-21 18:12:51,413] {__init__.py:51} INFO - Using executor SequentialExecutor
[2019-03-21 18:12:51,649] {base_task_runner.py:101} INFO - Job 1758: Subtask print_date [2019-03-21 18:12:51,648] {models.py:273} INFO - Filling up the DagBag from /home/rsandroni/airflow/dags/tutorial.py
[2019-03-21 18:12:51,664] {base_task_runner.py:101} INFO - Job 1758: Subtask print_date [2019-03-21 18:12:51,664] {cli.py:520} INFO - Running <TaskInstance: tutorial.print_date 2017-09-21T00:00:00+00:00 [running]> on host IADAIRP1.globalrs.rack.space
[2019-03-21 18:12:51,678] {bash_operator.py:77} INFO - Tmp dir root location: 
 /tmp
[2019-03-21 18:12:51,678] {bash_operator.py:86} INFO - Exporting the following env vars:
AIRFLOW_CTX_DAG_ID=tutorial
AIRFLOW_CTX_TASK_ID=print_date
AIRFLOW_CTX_EXECUTION_DATE=2017-09-21T00:00:00+00:00
AIRFLOW_CTX_DAG_RUN_ID=scheduled__2017-09-21T00:00:00+00:00
[2019-03-21 18:12:51,678] {bash_operator.py:100} INFO - Temporary script location: /tmp/airflowtmp0mp3qhb7/print_dateyuoqtc64
[2019-03-21 18:12:51,678] {bash_operator.py:110} INFO - Running command: date
[2019-03-21 18:12:51,684] {bash_operator.py:119} INFO - Output:
[2019-03-21 18:12:51,686] {bash_operator.py:123} INFO - Qui Mar 21 18:12:51 -03 2019
[2019-03-21 18:12:51,686] {bash_operator.py:127} INFO - Command exited with return code 0
[2019-03-21 18:12:55,769] {logging_mixin.py:95} INFO - [2019-03-21 18:12:55,768] {jobs.py:2527} INFO - Task exited with return code 0
