[2019-03-19 15:19:05,927] {models.py:1359} INFO - Dependencies all met for <TaskInstance: tutorial.print_date 2017-03-01T00:00:00+00:00 [queued]>
[2019-03-19 15:19:05,930] {models.py:1359} INFO - Dependencies all met for <TaskInstance: tutorial.print_date 2017-03-01T00:00:00+00:00 [queued]>
[2019-03-19 15:19:05,930] {models.py:1571} INFO - 
--------------------------------------------------------------------------------
Starting attempt 1 of 2
--------------------------------------------------------------------------------

[2019-03-19 15:19:06,009] {models.py:1593} INFO - Executing <Task(BashOperator): print_date> on 2017-03-01T00:00:00+00:00
[2019-03-19 15:19:06,009] {base_task_runner.py:118} INFO - Running: ['bash', '-c', 'airflow run tutorial print_date 2017-03-01T00:00:00+00:00 --job_id 1284 --raw -sd DAGS_FOLDER/tutorial.py --cfg_path /tmp/tmpl0oynrer']
[2019-03-19 15:19:07,413] {base_task_runner.py:101} INFO - Job 1284: Subtask print_date [2019-03-19 15:19:07,410] {__init__.py:51} INFO - Using executor SequentialExecutor
[2019-03-19 15:19:07,777] {base_task_runner.py:101} INFO - Job 1284: Subtask print_date [2019-03-19 15:19:07,771] {models.py:273} INFO - Filling up the DagBag from /home/rsandroni/airflow/dags/tutorial.py
[2019-03-19 15:19:07,794] {base_task_runner.py:101} INFO - Job 1284: Subtask print_date [2019-03-19 15:19:07,790] {cli.py:520} INFO - Running <TaskInstance: tutorial.print_date 2017-03-01T00:00:00+00:00 [running]> on host IADAIRP1.globalrs.rack.space
[2019-03-19 15:19:07,823] {bash_operator.py:77} INFO - Tmp dir root location: 
 /tmp
[2019-03-19 15:19:07,823] {bash_operator.py:86} INFO - Exporting the following env vars:
AIRFLOW_CTX_DAG_ID=tutorial
AIRFLOW_CTX_TASK_ID=print_date
AIRFLOW_CTX_EXECUTION_DATE=2017-03-01T00:00:00+00:00
AIRFLOW_CTX_DAG_RUN_ID=scheduled__2017-03-01T00:00:00+00:00
[2019-03-19 15:19:07,824] {bash_operator.py:100} INFO - Temporary script location: /tmp/airflowtmpzrjfkr8z/print_dateyo11ef3f
[2019-03-19 15:19:07,824] {bash_operator.py:110} INFO - Running command: date
[2019-03-19 15:19:07,861] {bash_operator.py:119} INFO - Output:
[2019-03-19 15:19:07,881] {bash_operator.py:123} INFO - Ter Mar 19 15:19:07 -03 2019
[2019-03-19 15:19:07,882] {bash_operator.py:127} INFO - Command exited with return code 0
[2019-03-19 15:19:10,892] {logging_mixin.py:95} INFO - [2019-03-19 15:19:10,892] {jobs.py:2527} INFO - Task exited with return code 0
