[2019-03-21 18:29:06,732] {models.py:1359} INFO - Dependencies all met for <TaskInstance: tutorial.templated 2017-10-11T00:00:00+00:00 [queued]>
[2019-03-21 18:29:06,737] {models.py:1359} INFO - Dependencies all met for <TaskInstance: tutorial.templated 2017-10-11T00:00:00+00:00 [queued]>
[2019-03-21 18:29:06,737] {models.py:1571} INFO - 
--------------------------------------------------------------------------------
Starting attempt 1 of 2
--------------------------------------------------------------------------------

[2019-03-21 18:29:06,753] {models.py:1593} INFO - Executing <Task(BashOperator): templated> on 2017-10-11T00:00:00+00:00
[2019-03-21 18:29:06,753] {base_task_runner.py:118} INFO - Running: ['bash', '-c', 'airflow run tutorial templated 2017-10-11T00:00:00+00:00 --job_id 1802 --raw -sd DAGS_FOLDER/example_dags/tutorial.py --cfg_path /tmp/tmp6n6mfeps']
[2019-03-21 18:29:07,391] {base_task_runner.py:101} INFO - Job 1802: Subtask templated [2019-03-21 18:29:07,390] {__init__.py:51} INFO - Using executor SequentialExecutor
[2019-03-21 18:29:07,625] {base_task_runner.py:101} INFO - Job 1802: Subtask templated [2019-03-21 18:29:07,624] {models.py:273} INFO - Filling up the DagBag from /home/rsandroni/airflow/dags/example_dags/tutorial.py
[2019-03-21 18:29:07,690] {base_task_runner.py:101} INFO - Job 1802: Subtask templated [2019-03-21 18:29:07,689] {cli.py:520} INFO - Running <TaskInstance: tutorial.templated 2017-10-11T00:00:00+00:00 [running]> on host IADAIRP1.globalrs.rack.space
[2019-03-21 18:29:07,706] {bash_operator.py:77} INFO - Tmp dir root location: 
 /tmp
[2019-03-21 18:29:07,707] {bash_operator.py:86} INFO - Exporting the following env vars:
AIRFLOW_CTX_DAG_ID=tutorial
AIRFLOW_CTX_TASK_ID=templated
AIRFLOW_CTX_EXECUTION_DATE=2017-10-11T00:00:00+00:00
AIRFLOW_CTX_DAG_RUN_ID=scheduled__2017-10-11T00:00:00+00:00
[2019-03-21 18:29:07,707] {bash_operator.py:100} INFO - Temporary script location: /tmp/airflowtmph6et16vz/templated0cmk44il
[2019-03-21 18:29:07,707] {bash_operator.py:110} INFO - Running command: 

    echo "2017-10-11"
    echo "2017-10-18"
    echo "Parameter I passed in"

    echo "2017-10-11"
    echo "2017-10-18"
    echo "Parameter I passed in"

    echo "2017-10-11"
    echo "2017-10-18"
    echo "Parameter I passed in"

    echo "2017-10-11"
    echo "2017-10-18"
    echo "Parameter I passed in"

    echo "2017-10-11"
    echo "2017-10-18"
    echo "Parameter I passed in"

[2019-03-21 18:29:07,713] {bash_operator.py:119} INFO - Output:
[2019-03-21 18:29:07,714] {bash_operator.py:123} INFO - 2017-10-11
[2019-03-21 18:29:07,714] {bash_operator.py:123} INFO - 2017-10-18
[2019-03-21 18:29:07,714] {bash_operator.py:123} INFO - Parameter I passed in
[2019-03-21 18:29:07,714] {bash_operator.py:123} INFO - 2017-10-11
[2019-03-21 18:29:07,714] {bash_operator.py:123} INFO - 2017-10-18
[2019-03-21 18:29:07,714] {bash_operator.py:123} INFO - Parameter I passed in
[2019-03-21 18:29:07,714] {bash_operator.py:123} INFO - 2017-10-11
[2019-03-21 18:29:07,714] {bash_operator.py:123} INFO - 2017-10-18
[2019-03-21 18:29:07,714] {bash_operator.py:123} INFO - Parameter I passed in
[2019-03-21 18:29:07,714] {bash_operator.py:123} INFO - 2017-10-11
[2019-03-21 18:29:07,714] {bash_operator.py:123} INFO - 2017-10-18
[2019-03-21 18:29:07,714] {bash_operator.py:123} INFO - Parameter I passed in
[2019-03-21 18:29:07,714] {bash_operator.py:123} INFO - 2017-10-11
[2019-03-21 18:29:07,714] {bash_operator.py:123} INFO - 2017-10-18
[2019-03-21 18:29:07,715] {bash_operator.py:123} INFO - Parameter I passed in
[2019-03-21 18:29:07,715] {bash_operator.py:127} INFO - Command exited with return code 0
[2019-03-21 18:29:11,727] {logging_mixin.py:95} INFO - [2019-03-21 18:29:11,726] {jobs.py:2527} INFO - Task exited with return code 0
