[2019-03-22 02:02:09,536] {models.py:1359} INFO - Dependencies all met for <TaskInstance: tutorial.templated 2018-09-23T00:00:00+00:00 [queued]>
[2019-03-22 02:02:09,541] {models.py:1359} INFO - Dependencies all met for <TaskInstance: tutorial.templated 2018-09-23T00:00:00+00:00 [queued]>
[2019-03-22 02:02:09,541] {models.py:1571} INFO - 
--------------------------------------------------------------------------------
Starting attempt 1 of 2
--------------------------------------------------------------------------------

[2019-03-22 02:02:09,581] {models.py:1593} INFO - Executing <Task(BashOperator): templated> on 2018-09-23T00:00:00+00:00
[2019-03-22 02:02:09,581] {base_task_runner.py:118} INFO - Running: ['bash', '-c', 'airflow run tutorial templated 2018-09-23T00:00:00+00:00 --job_id 2495 --raw -sd DAGS_FOLDER/example_dags/tutorial.py --cfg_path /tmp/tmp6fkqmn3r']
[2019-03-22 02:02:10,249] {base_task_runner.py:101} INFO - Job 2495: Subtask templated [2019-03-22 02:02:10,248] {__init__.py:51} INFO - Using executor SequentialExecutor
[2019-03-22 02:02:10,548] {base_task_runner.py:101} INFO - Job 2495: Subtask templated [2019-03-22 02:02:10,547] {models.py:273} INFO - Filling up the DagBag from /home/rsandroni/airflow/dags/example_dags/tutorial.py
[2019-03-22 02:02:10,623] {base_task_runner.py:101} INFO - Job 2495: Subtask templated [2019-03-22 02:02:10,622] {cli.py:520} INFO - Running <TaskInstance: tutorial.templated 2018-09-23T00:00:00+00:00 [running]> on host IADAIRP1.globalrs.rack.space
[2019-03-22 02:02:10,641] {bash_operator.py:77} INFO - Tmp dir root location: 
 /tmp
[2019-03-22 02:02:10,642] {bash_operator.py:86} INFO - Exporting the following env vars:
AIRFLOW_CTX_DAG_ID=tutorial
AIRFLOW_CTX_TASK_ID=templated
AIRFLOW_CTX_EXECUTION_DATE=2018-09-23T00:00:00+00:00
AIRFLOW_CTX_DAG_RUN_ID=scheduled__2018-09-23T00:00:00+00:00
[2019-03-22 02:02:10,642] {bash_operator.py:100} INFO - Temporary script location: /tmp/airflowtmph9v63hcd/templatedskzjg3cl
[2019-03-22 02:02:10,642] {bash_operator.py:110} INFO - Running command: 

    echo "2018-09-23"
    echo "2018-09-30"
    echo "Parameter I passed in"

    echo "2018-09-23"
    echo "2018-09-30"
    echo "Parameter I passed in"

    echo "2018-09-23"
    echo "2018-09-30"
    echo "Parameter I passed in"

    echo "2018-09-23"
    echo "2018-09-30"
    echo "Parameter I passed in"

    echo "2018-09-23"
    echo "2018-09-30"
    echo "Parameter I passed in"

[2019-03-22 02:02:10,650] {bash_operator.py:119} INFO - Output:
[2019-03-22 02:02:10,651] {bash_operator.py:123} INFO - 2018-09-23
[2019-03-22 02:02:10,652] {bash_operator.py:123} INFO - 2018-09-30
[2019-03-22 02:02:10,652] {bash_operator.py:123} INFO - Parameter I passed in
[2019-03-22 02:02:10,652] {bash_operator.py:123} INFO - 2018-09-23
[2019-03-22 02:02:10,652] {bash_operator.py:123} INFO - 2018-09-30
[2019-03-22 02:02:10,652] {bash_operator.py:123} INFO - Parameter I passed in
[2019-03-22 02:02:10,652] {bash_operator.py:123} INFO - 2018-09-23
[2019-03-22 02:02:10,652] {bash_operator.py:123} INFO - 2018-09-30
[2019-03-22 02:02:10,652] {bash_operator.py:123} INFO - Parameter I passed in
[2019-03-22 02:02:10,652] {bash_operator.py:123} INFO - 2018-09-23
[2019-03-22 02:02:10,652] {bash_operator.py:123} INFO - 2018-09-30
[2019-03-22 02:02:10,652] {bash_operator.py:123} INFO - Parameter I passed in
[2019-03-22 02:02:10,652] {bash_operator.py:123} INFO - 2018-09-23
[2019-03-22 02:02:10,652] {bash_operator.py:123} INFO - 2018-09-30
[2019-03-22 02:02:10,652] {bash_operator.py:123} INFO - Parameter I passed in
[2019-03-22 02:02:10,653] {bash_operator.py:127} INFO - Command exited with return code 0
[2019-03-22 02:02:14,508] {logging_mixin.py:95} INFO - [2019-03-22 02:02:14,508] {jobs.py:2527} INFO - Task exited with return code 0
