[2019-03-19 15:30:19,385] {models.py:1359} INFO - Dependencies all met for <TaskInstance: tutorial.print_date 2017-03-27T00:00:00+00:00 [queued]>
[2019-03-19 15:30:19,388] {models.py:1359} INFO - Dependencies all met for <TaskInstance: tutorial.print_date 2017-03-27T00:00:00+00:00 [queued]>
[2019-03-19 15:30:19,388] {models.py:1571} INFO - 
--------------------------------------------------------------------------------
Starting attempt 1 of 2
--------------------------------------------------------------------------------

[2019-03-19 15:30:19,453] {models.py:1593} INFO - Executing <Task(BashOperator): print_date> on 2017-03-27T00:00:00+00:00
[2019-03-19 15:30:19,453] {base_task_runner.py:118} INFO - Running: ['bash', '-c', 'airflow run tutorial print_date 2017-03-27T00:00:00+00:00 --job_id 1334 --raw -sd DAGS_FOLDER/sql_server_load.py --cfg_path /tmp/tmpoa1rhq4p']
[2019-03-19 15:30:20,281] {base_task_runner.py:101} INFO - Job 1334: Subtask print_date [2019-03-19 15:30:20,277] {__init__.py:51} INFO - Using executor SequentialExecutor
[2019-03-19 15:30:20,681] {base_task_runner.py:101} INFO - Job 1334: Subtask print_date [2019-03-19 15:30:20,675] {models.py:273} INFO - Filling up the DagBag from /home/rsandroni/airflow/dags/sql_server_load.py
[2019-03-19 15:30:20,745] {base_task_runner.py:101} INFO - Job 1334: Subtask print_date [2019-03-19 15:30:20,742] {cli.py:520} INFO - Running <TaskInstance: tutorial.print_date 2017-03-27T00:00:00+00:00 [running]> on host IADAIRP1.globalrs.rack.space
[2019-03-19 15:30:20,789] {bash_operator.py:77} INFO - Tmp dir root location: 
 /tmp
[2019-03-19 15:30:20,790] {bash_operator.py:86} INFO - Exporting the following env vars:
AIRFLOW_CTX_DAG_ID=tutorial
AIRFLOW_CTX_TASK_ID=print_date
AIRFLOW_CTX_EXECUTION_DATE=2017-03-27T00:00:00+00:00
AIRFLOW_CTX_DAG_RUN_ID=scheduled__2017-03-27T00:00:00+00:00
[2019-03-19 15:30:20,790] {bash_operator.py:100} INFO - Temporary script location: /tmp/airflowtmp4vjkb6le/print_date1hvel77e
[2019-03-19 15:30:20,791] {bash_operator.py:110} INFO - Running command: date
[2019-03-19 15:30:20,833] {bash_operator.py:119} INFO - Output:
[2019-03-19 15:30:20,888] {bash_operator.py:123} INFO - Ter Mar 19 15:30:20 -03 2019
[2019-03-19 15:30:20,889] {bash_operator.py:127} INFO - Command exited with return code 0
[2019-03-19 15:30:24,374] {logging_mixin.py:95} INFO - [2019-03-19 15:30:24,374] {jobs.py:2527} INFO - Task exited with return code 0
