[2019-03-19 11:33:46,716] {models.py:1359} INFO - Dependencies all met for <TaskInstance: tutorial.print_date 2015-11-06T00:00:00+00:00 [queued]>
[2019-03-19 11:33:46,718] {models.py:1359} INFO - Dependencies all met for <TaskInstance: tutorial.print_date 2015-11-06T00:00:00+00:00 [queued]>
[2019-03-19 11:33:46,718] {models.py:1571} INFO - 
--------------------------------------------------------------------------------
Starting attempt 1 of 2
--------------------------------------------------------------------------------

[2019-03-19 11:33:46,733] {models.py:1593} INFO - Executing <Task(BashOperator): print_date> on 2015-11-06T00:00:00+00:00
[2019-03-19 11:33:46,733] {base_task_runner.py:118} INFO - Running: ['bash', '-c', 'airflow run tutorial print_date 2015-11-06T00:00:00+00:00 --job_id 320 --raw -sd DAGS_FOLDER/sql_server_load.py --cfg_path /tmp/tmpt6w_fz05']
[2019-03-19 11:33:47,334] {base_task_runner.py:101} INFO - Job 320: Subtask print_date [2019-03-19 11:33:47,334] {__init__.py:51} INFO - Using executor SequentialExecutor
[2019-03-19 11:33:47,561] {base_task_runner.py:101} INFO - Job 320: Subtask print_date [2019-03-19 11:33:47,560] {models.py:273} INFO - Filling up the DagBag from /home/rsandroni/airflow/dags/sql_server_load.py
[2019-03-19 11:33:47,579] {base_task_runner.py:101} INFO - Job 320: Subtask print_date [2019-03-19 11:33:47,579] {cli.py:520} INFO - Running <TaskInstance: tutorial.print_date 2015-11-06T00:00:00+00:00 [running]> on host IADAIRP1.globalrs.rack.space
[2019-03-19 11:33:47,594] {bash_operator.py:77} INFO - Tmp dir root location: 
 /tmp
[2019-03-19 11:33:47,594] {bash_operator.py:86} INFO - Exporting the following env vars:
AIRFLOW_CTX_DAG_ID=tutorial
AIRFLOW_CTX_TASK_ID=print_date
AIRFLOW_CTX_EXECUTION_DATE=2015-11-06T00:00:00+00:00
AIRFLOW_CTX_DAG_RUN_ID=scheduled__2015-11-06T00:00:00+00:00
[2019-03-19 11:33:47,594] {bash_operator.py:100} INFO - Temporary script location: /tmp/airflowtmp8lj3wn4h/print_dateb2pb72_v
[2019-03-19 11:33:47,594] {bash_operator.py:110} INFO - Running command: date
[2019-03-19 11:33:47,599] {bash_operator.py:119} INFO - Output:
[2019-03-19 11:33:47,602] {bash_operator.py:123} INFO - Ter Mar 19 11:33:47 -03 2019
[2019-03-19 11:33:47,602] {bash_operator.py:127} INFO - Command exited with return code 0
[2019-03-19 11:33:51,723] {logging_mixin.py:95} INFO - [2019-03-19 11:33:51,722] {jobs.py:2527} INFO - Task exited with return code 0
