[2019-03-22 02:02:45,599] {models.py:1359} INFO - Dependencies all met for <TaskInstance: tutorial.print_date 2018-09-25T00:00:00+00:00 [queued]>
[2019-03-22 02:02:45,602] {models.py:1359} INFO - Dependencies all met for <TaskInstance: tutorial.print_date 2018-09-25T00:00:00+00:00 [queued]>
[2019-03-22 02:02:45,602] {models.py:1571} INFO - 
--------------------------------------------------------------------------------
Starting attempt 1 of 2
--------------------------------------------------------------------------------

[2019-03-22 02:02:45,616] {models.py:1593} INFO - Executing <Task(BashOperator): print_date> on 2018-09-25T00:00:00+00:00
[2019-03-22 02:02:45,616] {base_task_runner.py:118} INFO - Running: ['bash', '-c', 'airflow run tutorial print_date 2018-09-25T00:00:00+00:00 --job_id 2497 --raw -sd DAGS_FOLDER/tutorial.py --cfg_path /tmp/tmp33yi295y']
[2019-03-22 02:02:46,254] {base_task_runner.py:101} INFO - Job 2497: Subtask print_date [2019-03-22 02:02:46,253] {__init__.py:51} INFO - Using executor SequentialExecutor
[2019-03-22 02:02:46,529] {base_task_runner.py:101} INFO - Job 2497: Subtask print_date [2019-03-22 02:02:46,527] {models.py:273} INFO - Filling up the DagBag from /home/rsandroni/airflow/dags/tutorial.py
[2019-03-22 02:02:46,543] {base_task_runner.py:101} INFO - Job 2497: Subtask print_date [2019-03-22 02:02:46,542] {cli.py:520} INFO - Running <TaskInstance: tutorial.print_date 2018-09-25T00:00:00+00:00 [running]> on host IADAIRP1.globalrs.rack.space
[2019-03-22 02:02:46,556] {bash_operator.py:77} INFO - Tmp dir root location: 
 /tmp
[2019-03-22 02:02:46,556] {bash_operator.py:86} INFO - Exporting the following env vars:
AIRFLOW_CTX_DAG_ID=tutorial
AIRFLOW_CTX_TASK_ID=print_date
AIRFLOW_CTX_EXECUTION_DATE=2018-09-25T00:00:00+00:00
AIRFLOW_CTX_DAG_RUN_ID=scheduled__2018-09-25T00:00:00+00:00
[2019-03-22 02:02:46,557] {bash_operator.py:100} INFO - Temporary script location: /tmp/airflowtmptxzjmv22/print_date7dls16is
[2019-03-22 02:02:46,557] {bash_operator.py:110} INFO - Running command: date
[2019-03-22 02:02:46,563] {bash_operator.py:119} INFO - Output:
[2019-03-22 02:02:46,565] {bash_operator.py:123} INFO - Sex Mar 22 02:02:46 -03 2019
[2019-03-22 02:02:46,565] {bash_operator.py:127} INFO - Command exited with return code 0
[2019-03-22 02:02:50,603] {logging_mixin.py:95} INFO - [2019-03-22 02:02:50,602] {jobs.py:2527} INFO - Task exited with return code 0
