[2019-03-22 03:40:35,278] {models.py:1359} INFO - Dependencies all met for <TaskInstance: tutorial.print_date 2018-12-08T00:00:00+00:00 [queued]>
[2019-03-22 03:40:35,282] {models.py:1359} INFO - Dependencies all met for <TaskInstance: tutorial.print_date 2018-12-08T00:00:00+00:00 [queued]>
[2019-03-22 03:40:35,282] {models.py:1571} INFO - 
--------------------------------------------------------------------------------
Starting attempt 1 of 2
--------------------------------------------------------------------------------

[2019-03-22 03:40:35,314] {models.py:1593} INFO - Executing <Task(BashOperator): print_date> on 2018-12-08T00:00:00+00:00
[2019-03-22 03:40:35,315] {base_task_runner.py:118} INFO - Running: ['bash', '-c', 'airflow run tutorial print_date 2018-12-08T00:00:00+00:00 --job_id 2645 --raw -sd DAGS_FOLDER/tutorial.py --cfg_path /tmp/tmpc32gy8s1']
[2019-03-22 03:40:36,306] {base_task_runner.py:101} INFO - Job 2645: Subtask print_date [2019-03-22 03:40:36,305] {__init__.py:51} INFO - Using executor SequentialExecutor
[2019-03-22 03:40:36,781] {base_task_runner.py:101} INFO - Job 2645: Subtask print_date [2019-03-22 03:40:36,770] {models.py:273} INFO - Filling up the DagBag from /home/rsandroni/airflow/dags/tutorial.py
[2019-03-22 03:40:36,812] {base_task_runner.py:101} INFO - Job 2645: Subtask print_date [2019-03-22 03:40:36,805] {cli.py:520} INFO - Running <TaskInstance: tutorial.print_date 2018-12-08T00:00:00+00:00 [running]> on host IADAIRP1.globalrs.rack.space
[2019-03-22 03:40:36,842] {bash_operator.py:77} INFO - Tmp dir root location: 
 /tmp
[2019-03-22 03:40:36,842] {bash_operator.py:86} INFO - Exporting the following env vars:
AIRFLOW_CTX_DAG_ID=tutorial
AIRFLOW_CTX_TASK_ID=print_date
AIRFLOW_CTX_EXECUTION_DATE=2018-12-08T00:00:00+00:00
AIRFLOW_CTX_DAG_RUN_ID=scheduled__2018-12-08T00:00:00+00:00
[2019-03-22 03:40:36,843] {bash_operator.py:100} INFO - Temporary script location: /tmp/airflowtmplnq6edwk/print_datema0dxjlg
[2019-03-22 03:40:36,843] {bash_operator.py:110} INFO - Running command: date
[2019-03-22 03:40:36,878] {bash_operator.py:119} INFO - Output:
[2019-03-22 03:40:36,891] {bash_operator.py:123} INFO - Sex Mar 22 03:40:36 -03 2019
[2019-03-22 03:40:36,902] {bash_operator.py:127} INFO - Command exited with return code 0
[2019-03-22 03:40:40,267] {logging_mixin.py:95} INFO - [2019-03-22 03:40:40,266] {jobs.py:2527} INFO - Task exited with return code 0
