[2019-03-22 04:40:35,968] {models.py:1359} INFO - Dependencies all met for <TaskInstance: tutorial.templated 2019-01-20T00:00:00+00:00 [queued]>
[2019-03-22 04:40:35,975] {models.py:1359} INFO - Dependencies all met for <TaskInstance: tutorial.templated 2019-01-20T00:00:00+00:00 [queued]>
[2019-03-22 04:40:35,976] {models.py:1571} INFO - 
--------------------------------------------------------------------------------
Starting attempt 1 of 2
--------------------------------------------------------------------------------

[2019-03-22 04:40:36,029] {models.py:1593} INFO - Executing <Task(BashOperator): templated> on 2019-01-20T00:00:00+00:00
[2019-03-22 04:40:36,029] {base_task_runner.py:118} INFO - Running: ['bash', '-c', 'airflow run tutorial templated 2019-01-20T00:00:00+00:00 --job_id 2734 --raw -sd DAGS_FOLDER/example_dags/tutorial.py --cfg_path /tmp/tmpieqwegob']
[2019-03-22 04:40:36,755] {base_task_runner.py:101} INFO - Job 2734: Subtask templated [2019-03-22 04:40:36,754] {__init__.py:51} INFO - Using executor SequentialExecutor
[2019-03-22 04:40:37,205] {base_task_runner.py:101} INFO - Job 2734: Subtask templated [2019-03-22 04:40:37,199] {models.py:273} INFO - Filling up the DagBag from /home/rsandroni/airflow/dags/example_dags/tutorial.py
[2019-03-22 04:40:37,352] {base_task_runner.py:101} INFO - Job 2734: Subtask templated [2019-03-22 04:40:37,351] {cli.py:520} INFO - Running <TaskInstance: tutorial.templated 2019-01-20T00:00:00+00:00 [running]> on host IADAIRP1.globalrs.rack.space
[2019-03-22 04:40:37,404] {bash_operator.py:77} INFO - Tmp dir root location: 
 /tmp
[2019-03-22 04:40:37,405] {bash_operator.py:86} INFO - Exporting the following env vars:
AIRFLOW_CTX_DAG_ID=tutorial
AIRFLOW_CTX_TASK_ID=templated
AIRFLOW_CTX_EXECUTION_DATE=2019-01-20T00:00:00+00:00
AIRFLOW_CTX_DAG_RUN_ID=scheduled__2019-01-20T00:00:00+00:00
[2019-03-22 04:40:37,406] {bash_operator.py:100} INFO - Temporary script location: /tmp/airflowtmpypghikbo/templatedza9ksqli
[2019-03-22 04:40:37,406] {bash_operator.py:110} INFO - Running command: 

    echo "2019-01-20"
    echo "2019-01-27"
    echo "Parameter I passed in"

    echo "2019-01-20"
    echo "2019-01-27"
    echo "Parameter I passed in"

    echo "2019-01-20"
    echo "2019-01-27"
    echo "Parameter I passed in"

    echo "2019-01-20"
    echo "2019-01-27"
    echo "Parameter I passed in"

    echo "2019-01-20"
    echo "2019-01-27"
    echo "Parameter I passed in"

[2019-03-22 04:40:37,444] {bash_operator.py:119} INFO - Output:
[2019-03-22 04:40:37,445] {bash_operator.py:123} INFO - 2019-01-20
[2019-03-22 04:40:37,445] {bash_operator.py:123} INFO - 2019-01-27
[2019-03-22 04:40:37,445] {bash_operator.py:123} INFO - Parameter I passed in
[2019-03-22 04:40:37,445] {bash_operator.py:123} INFO - 2019-01-20
[2019-03-22 04:40:37,445] {bash_operator.py:123} INFO - 2019-01-27
[2019-03-22 04:40:37,445] {bash_operator.py:123} INFO - Parameter I passed in
[2019-03-22 04:40:37,445] {bash_operator.py:123} INFO - 2019-01-20
[2019-03-22 04:40:37,445] {bash_operator.py:123} INFO - 2019-01-27
[2019-03-22 04:40:37,445] {bash_operator.py:123} INFO - Parameter I passed in
[2019-03-22 04:40:37,446] {bash_operator.py:123} INFO - 2019-01-20
[2019-03-22 04:40:37,446] {bash_operator.py:123} INFO - 2019-01-27
[2019-03-22 04:40:37,446] {bash_operator.py:123} INFO - Parameter I passed in
[2019-03-22 04:40:37,446] {bash_operator.py:123} INFO - 2019-01-20
[2019-03-22 04:40:37,446] {bash_operator.py:123} INFO - 2019-01-27
[2019-03-22 04:40:37,446] {bash_operator.py:123} INFO - Parameter I passed in
[2019-03-22 04:40:37,446] {bash_operator.py:127} INFO - Command exited with return code 0
[2019-03-22 04:40:40,992] {logging_mixin.py:95} INFO - [2019-03-22 04:40:40,991] {jobs.py:2527} INFO - Task exited with return code 0
