[2019-03-21 20:15:47,905] {models.py:1359} INFO - Dependencies all met for <TaskInstance: tutorial.templated 2018-01-02T00:00:00+00:00 [queued]>
[2019-03-21 20:15:47,911] {models.py:1359} INFO - Dependencies all met for <TaskInstance: tutorial.templated 2018-01-02T00:00:00+00:00 [queued]>
[2019-03-21 20:15:47,912] {models.py:1571} INFO - 
--------------------------------------------------------------------------------
Starting attempt 1 of 2
--------------------------------------------------------------------------------

[2019-03-21 20:15:47,948] {models.py:1593} INFO - Executing <Task(BashOperator): templated> on 2018-01-02T00:00:00+00:00
[2019-03-21 20:15:47,949] {base_task_runner.py:118} INFO - Running: ['bash', '-c', 'airflow run tutorial templated 2018-01-02T00:00:00+00:00 --job_id 1967 --raw -sd DAGS_FOLDER/example_dags/tutorial.py --cfg_path /tmp/tmput0ziowe']
[2019-03-21 20:15:48,994] {base_task_runner.py:101} INFO - Job 1967: Subtask templated [2019-03-21 20:15:48,993] {__init__.py:51} INFO - Using executor SequentialExecutor
[2019-03-21 20:15:49,240] {base_task_runner.py:101} INFO - Job 1967: Subtask templated [2019-03-21 20:15:49,239] {models.py:273} INFO - Filling up the DagBag from /home/rsandroni/airflow/dags/example_dags/tutorial.py
[2019-03-21 20:15:49,308] {base_task_runner.py:101} INFO - Job 1967: Subtask templated [2019-03-21 20:15:49,308] {cli.py:520} INFO - Running <TaskInstance: tutorial.templated 2018-01-02T00:00:00+00:00 [running]> on host IADAIRP1.globalrs.rack.space
[2019-03-21 20:15:49,330] {bash_operator.py:77} INFO - Tmp dir root location: 
 /tmp
[2019-03-21 20:15:49,330] {bash_operator.py:86} INFO - Exporting the following env vars:
AIRFLOW_CTX_DAG_ID=tutorial
AIRFLOW_CTX_TASK_ID=templated
AIRFLOW_CTX_EXECUTION_DATE=2018-01-02T00:00:00+00:00
AIRFLOW_CTX_DAG_RUN_ID=scheduled__2018-01-02T00:00:00+00:00
[2019-03-21 20:15:49,331] {bash_operator.py:100} INFO - Temporary script location: /tmp/airflowtmprdpievam/templated_awh6odp
[2019-03-21 20:15:49,331] {bash_operator.py:110} INFO - Running command: 

    echo "2018-01-02"
    echo "2018-01-09"
    echo "Parameter I passed in"

    echo "2018-01-02"
    echo "2018-01-09"
    echo "Parameter I passed in"

    echo "2018-01-02"
    echo "2018-01-09"
    echo "Parameter I passed in"

    echo "2018-01-02"
    echo "2018-01-09"
    echo "Parameter I passed in"

    echo "2018-01-02"
    echo "2018-01-09"
    echo "Parameter I passed in"

[2019-03-21 20:15:49,341] {bash_operator.py:119} INFO - Output:
[2019-03-21 20:15:49,342] {bash_operator.py:123} INFO - 2018-01-02
[2019-03-21 20:15:49,342] {bash_operator.py:123} INFO - 2018-01-09
[2019-03-21 20:15:49,342] {bash_operator.py:123} INFO - Parameter I passed in
[2019-03-21 20:15:49,342] {bash_operator.py:123} INFO - 2018-01-02
[2019-03-21 20:15:49,342] {bash_operator.py:123} INFO - 2018-01-09
[2019-03-21 20:15:49,342] {bash_operator.py:123} INFO - Parameter I passed in
[2019-03-21 20:15:49,342] {bash_operator.py:123} INFO - 2018-01-02
[2019-03-21 20:15:49,342] {bash_operator.py:123} INFO - 2018-01-09
[2019-03-21 20:15:49,342] {bash_operator.py:123} INFO - Parameter I passed in
[2019-03-21 20:15:49,342] {bash_operator.py:123} INFO - 2018-01-02
[2019-03-21 20:15:49,342] {bash_operator.py:123} INFO - 2018-01-09
[2019-03-21 20:15:49,342] {bash_operator.py:123} INFO - Parameter I passed in
[2019-03-21 20:15:49,342] {bash_operator.py:123} INFO - 2018-01-02
[2019-03-21 20:15:49,342] {bash_operator.py:123} INFO - 2018-01-09
[2019-03-21 20:15:49,342] {bash_operator.py:123} INFO - Parameter I passed in
[2019-03-21 20:15:49,342] {bash_operator.py:127} INFO - Command exited with return code 0
[2019-03-21 20:15:52,890] {logging_mixin.py:95} INFO - [2019-03-21 20:15:52,889] {jobs.py:2527} INFO - Task exited with return code 0
