[2019-03-19 15:33:10,337] {models.py:1359} INFO - Dependencies all met for <TaskInstance: tutorial.templated 2017-03-31T00:00:00+00:00 [queued]>
[2019-03-19 15:33:10,342] {models.py:1359} INFO - Dependencies all met for <TaskInstance: tutorial.templated 2017-03-31T00:00:00+00:00 [queued]>
[2019-03-19 15:33:10,342] {models.py:1571} INFO - 
--------------------------------------------------------------------------------
Starting attempt 1 of 2
--------------------------------------------------------------------------------

[2019-03-19 15:33:10,367] {models.py:1593} INFO - Executing <Task(BashOperator): templated> on 2017-03-31T00:00:00+00:00
[2019-03-19 15:33:10,367] {base_task_runner.py:118} INFO - Running: ['bash', '-c', 'airflow run tutorial templated 2017-03-31T00:00:00+00:00 --job_id 1347 --raw -sd DAGS_FOLDER/sql_server_load.py --cfg_path /tmp/tmpvzopedyz']
[2019-03-19 15:33:10,986] {base_task_runner.py:101} INFO - Job 1347: Subtask templated [2019-03-19 15:33:10,986] {__init__.py:51} INFO - Using executor SequentialExecutor
[2019-03-19 15:33:11,367] {base_task_runner.py:101} INFO - Job 1347: Subtask templated [2019-03-19 15:33:11,366] {models.py:273} INFO - Filling up the DagBag from /home/rsandroni/airflow/dags/sql_server_load.py
[2019-03-19 15:33:11,405] {base_task_runner.py:101} INFO - Job 1347: Subtask templated [2019-03-19 15:33:11,404] {cli.py:520} INFO - Running <TaskInstance: tutorial.templated 2017-03-31T00:00:00+00:00 [running]> on host IADAIRP1.globalrs.rack.space
[2019-03-19 15:33:11,451] {bash_operator.py:77} INFO - Tmp dir root location: 
 /tmp
[2019-03-19 15:33:11,451] {bash_operator.py:86} INFO - Exporting the following env vars:
AIRFLOW_CTX_DAG_ID=tutorial
AIRFLOW_CTX_TASK_ID=templated
AIRFLOW_CTX_EXECUTION_DATE=2017-03-31T00:00:00+00:00
AIRFLOW_CTX_DAG_RUN_ID=scheduled__2017-03-31T00:00:00+00:00
[2019-03-19 15:33:11,451] {bash_operator.py:100} INFO - Temporary script location: /tmp/airflowtmpe1c17x6h/templatedhflsi2v_
[2019-03-19 15:33:11,451] {bash_operator.py:110} INFO - Running command: 
    
        echo "2017-03-31"
        echo "Parameter I passed in"
    
        echo "2017-03-31"
        echo "Parameter I passed in"
    
        echo "2017-03-31"
        echo "Parameter I passed in"
    
        echo "2017-03-31"
        echo "Parameter I passed in"
    
        echo "2017-03-31"
        echo "Parameter I passed in"
    
    
[2019-03-19 15:33:11,499] {bash_operator.py:119} INFO - Output:
[2019-03-19 15:33:11,510] {bash_operator.py:123} INFO - 2017-03-31
[2019-03-19 15:33:11,510] {bash_operator.py:123} INFO - Parameter I passed in
[2019-03-19 15:33:11,510] {bash_operator.py:123} INFO - 2017-03-31
[2019-03-19 15:33:11,510] {bash_operator.py:123} INFO - Parameter I passed in
[2019-03-19 15:33:11,511] {bash_operator.py:123} INFO - 2017-03-31
[2019-03-19 15:33:11,511] {bash_operator.py:123} INFO - Parameter I passed in
[2019-03-19 15:33:11,511] {bash_operator.py:123} INFO - 2017-03-31
[2019-03-19 15:33:11,511] {bash_operator.py:123} INFO - Parameter I passed in
[2019-03-19 15:33:11,511] {bash_operator.py:123} INFO - 2017-03-31
[2019-03-19 15:33:11,511] {bash_operator.py:123} INFO - Parameter I passed in
[2019-03-19 15:33:11,511] {bash_operator.py:127} INFO - Command exited with return code 0
[2019-03-19 15:33:15,325] {logging_mixin.py:95} INFO - [2019-03-19 15:33:15,324] {jobs.py:2527} INFO - Task exited with return code 0
