[2019-03-21 18:08:39,591] {models.py:1359} INFO - Dependencies all met for <TaskInstance: tutorial.templated 2017-09-13T00:00:00+00:00 [queued]>
[2019-03-21 18:08:39,596] {models.py:1359} INFO - Dependencies all met for <TaskInstance: tutorial.templated 2017-09-13T00:00:00+00:00 [queued]>
[2019-03-21 18:08:39,596] {models.py:1571} INFO - 
--------------------------------------------------------------------------------
Starting attempt 1 of 2
--------------------------------------------------------------------------------

[2019-03-21 18:08:39,614] {models.py:1593} INFO - Executing <Task(BashOperator): templated> on 2017-09-13T00:00:00+00:00
[2019-03-21 18:08:39,614] {base_task_runner.py:118} INFO - Running: ['bash', '-c', 'airflow run tutorial templated 2017-09-13T00:00:00+00:00 --job_id 1741 --raw -sd DAGS_FOLDER/example_dags/tutorial.py --cfg_path /tmp/tmpg6xjo28l']
[2019-03-21 18:08:40,251] {base_task_runner.py:101} INFO - Job 1741: Subtask templated [2019-03-21 18:08:40,251] {__init__.py:51} INFO - Using executor SequentialExecutor
[2019-03-21 18:08:40,489] {base_task_runner.py:101} INFO - Job 1741: Subtask templated [2019-03-21 18:08:40,488] {models.py:273} INFO - Filling up the DagBag from /home/rsandroni/airflow/dags/example_dags/tutorial.py
[2019-03-21 18:08:40,553] {base_task_runner.py:101} INFO - Job 1741: Subtask templated [2019-03-21 18:08:40,553] {cli.py:520} INFO - Running <TaskInstance: tutorial.templated 2017-09-13T00:00:00+00:00 [running]> on host IADAIRP1.globalrs.rack.space
[2019-03-21 18:08:40,569] {bash_operator.py:77} INFO - Tmp dir root location: 
 /tmp
[2019-03-21 18:08:40,570] {bash_operator.py:86} INFO - Exporting the following env vars:
AIRFLOW_CTX_DAG_ID=tutorial
AIRFLOW_CTX_TASK_ID=templated
AIRFLOW_CTX_EXECUTION_DATE=2017-09-13T00:00:00+00:00
AIRFLOW_CTX_DAG_RUN_ID=scheduled__2017-09-13T00:00:00+00:00
[2019-03-21 18:08:40,570] {bash_operator.py:100} INFO - Temporary script location: /tmp/airflowtmp4p9ek_kz/templated273cg0de
[2019-03-21 18:08:40,570] {bash_operator.py:110} INFO - Running command: 

    echo "2017-09-13"
    echo "2017-09-20"
    echo "Parameter I passed in"

    echo "2017-09-13"
    echo "2017-09-20"
    echo "Parameter I passed in"

    echo "2017-09-13"
    echo "2017-09-20"
    echo "Parameter I passed in"

    echo "2017-09-13"
    echo "2017-09-20"
    echo "Parameter I passed in"

    echo "2017-09-13"
    echo "2017-09-20"
    echo "Parameter I passed in"

[2019-03-21 18:08:40,576] {bash_operator.py:119} INFO - Output:
[2019-03-21 18:08:40,577] {bash_operator.py:123} INFO - 2017-09-13
[2019-03-21 18:08:40,577] {bash_operator.py:123} INFO - 2017-09-20
[2019-03-21 18:08:40,577] {bash_operator.py:123} INFO - Parameter I passed in
[2019-03-21 18:08:40,577] {bash_operator.py:123} INFO - 2017-09-13
[2019-03-21 18:08:40,577] {bash_operator.py:123} INFO - 2017-09-20
[2019-03-21 18:08:40,577] {bash_operator.py:123} INFO - Parameter I passed in
[2019-03-21 18:08:40,577] {bash_operator.py:123} INFO - 2017-09-13
[2019-03-21 18:08:40,577] {bash_operator.py:123} INFO - 2017-09-20
[2019-03-21 18:08:40,577] {bash_operator.py:123} INFO - Parameter I passed in
[2019-03-21 18:08:40,577] {bash_operator.py:123} INFO - 2017-09-13
[2019-03-21 18:08:40,577] {bash_operator.py:123} INFO - 2017-09-20
[2019-03-21 18:08:40,578] {bash_operator.py:123} INFO - Parameter I passed in
[2019-03-21 18:08:40,578] {bash_operator.py:123} INFO - 2017-09-13
[2019-03-21 18:08:40,578] {bash_operator.py:123} INFO - 2017-09-20
[2019-03-21 18:08:40,578] {bash_operator.py:123} INFO - Parameter I passed in
[2019-03-21 18:08:40,578] {bash_operator.py:127} INFO - Command exited with return code 0
[2019-03-21 18:08:44,591] {logging_mixin.py:95} INFO - [2019-03-21 18:08:44,590] {jobs.py:2527} INFO - Task exited with return code 0
