[2019-03-19 13:20:15,442] {models.py:1359} INFO - Dependencies all met for <TaskInstance: tutorial.print_date 2016-06-22T00:00:00+00:00 [queued]>
[2019-03-19 13:20:15,445] {models.py:1359} INFO - Dependencies all met for <TaskInstance: tutorial.print_date 2016-06-22T00:00:00+00:00 [queued]>
[2019-03-19 13:20:15,445] {models.py:1571} INFO - 
--------------------------------------------------------------------------------
Starting attempt 1 of 2
--------------------------------------------------------------------------------

[2019-03-19 13:20:15,503] {models.py:1593} INFO - Executing <Task(BashOperator): print_date> on 2016-06-22T00:00:00+00:00
[2019-03-19 13:20:15,503] {base_task_runner.py:118} INFO - Running: ['bash', '-c', 'airflow run tutorial print_date 2016-06-22T00:00:00+00:00 --job_id 780 --raw -sd DAGS_FOLDER/tutorial.py --cfg_path /tmp/tmpicc0wh6x']
[2019-03-19 13:20:16,760] {base_task_runner.py:101} INFO - Job 780: Subtask print_date [2019-03-19 13:20:16,759] {__init__.py:51} INFO - Using executor SequentialExecutor
[2019-03-19 13:20:17,319] {base_task_runner.py:101} INFO - Job 780: Subtask print_date [2019-03-19 13:20:17,312] {models.py:273} INFO - Filling up the DagBag from /home/rsandroni/airflow/dags/tutorial.py
[2019-03-19 13:20:17,360] {base_task_runner.py:101} INFO - Job 780: Subtask print_date [2019-03-19 13:20:17,356] {cli.py:520} INFO - Running <TaskInstance: tutorial.print_date 2016-06-22T00:00:00+00:00 [running]> on host IADAIRP1.globalrs.rack.space
[2019-03-19 13:20:17,387] {bash_operator.py:77} INFO - Tmp dir root location: 
 /tmp
[2019-03-19 13:20:17,387] {bash_operator.py:86} INFO - Exporting the following env vars:
AIRFLOW_CTX_DAG_ID=tutorial
AIRFLOW_CTX_TASK_ID=print_date
AIRFLOW_CTX_EXECUTION_DATE=2016-06-22T00:00:00+00:00
AIRFLOW_CTX_DAG_RUN_ID=scheduled__2016-06-22T00:00:00+00:00
[2019-03-19 13:20:17,388] {bash_operator.py:100} INFO - Temporary script location: /tmp/airflowtmpioemah0g/print_date8eirhzsd
[2019-03-19 13:20:17,388] {bash_operator.py:110} INFO - Running command: date
[2019-03-19 13:20:17,429] {bash_operator.py:119} INFO - Output:
[2019-03-19 13:20:17,430] {bash_operator.py:123} INFO - Ter Mar 19 13:20:17 -03 2019
[2019-03-19 13:20:17,430] {bash_operator.py:127} INFO - Command exited with return code 0
[2019-03-19 13:20:20,379] {logging_mixin.py:95} INFO - [2019-03-19 13:20:20,378] {jobs.py:2527} INFO - Task exited with return code 0
