[2019-03-19 10:17:29,952] {models.py:1359} INFO - Dependencies all met for <TaskInstance: tutorial.templated 2015-06-05T00:00:00+00:00 [queued]>
[2019-03-19 10:17:29,956] {models.py:1359} INFO - Dependencies all met for <TaskInstance: tutorial.templated 2015-06-05T00:00:00+00:00 [queued]>
[2019-03-19 10:17:29,957] {models.py:1571} INFO - 
--------------------------------------------------------------------------------
Starting attempt 1 of 2
--------------------------------------------------------------------------------

[2019-03-19 10:17:29,969] {models.py:1593} INFO - Executing <Task(BashOperator): templated> on 2015-06-05T00:00:00+00:00
[2019-03-19 10:17:29,969] {base_task_runner.py:118} INFO - Running: ['bash', '-c', 'airflow run tutorial templated 2015-06-05T00:00:00+00:00 --job_id 15 --raw -sd DAGS_FOLDER/example_dags/tutorial.py --cfg_path /tmp/tmp6m837mp_']
[2019-03-19 10:17:30,572] {base_task_runner.py:101} INFO - Job 15: Subtask templated [2019-03-19 10:17:30,571] {__init__.py:51} INFO - Using executor SequentialExecutor
[2019-03-19 10:17:30,853] {base_task_runner.py:101} INFO - Job 15: Subtask templated [2019-03-19 10:17:30,851] {models.py:273} INFO - Filling up the DagBag from /home/rsandroni/airflow/dags/example_dags/tutorial.py
[2019-03-19 10:17:30,895] {base_task_runner.py:101} INFO - Job 15: Subtask templated [2019-03-19 10:17:30,893] {cli.py:520} INFO - Running <TaskInstance: tutorial.templated 2015-06-05T00:00:00+00:00 [running]> on host IADAIRP1.globalrs.rack.space
[2019-03-19 10:17:30,908] {bash_operator.py:77} INFO - Tmp dir root location: 
 /tmp
[2019-03-19 10:17:30,909] {bash_operator.py:86} INFO - Exporting the following env vars:
AIRFLOW_CTX_DAG_ID=tutorial
AIRFLOW_CTX_TASK_ID=templated
AIRFLOW_CTX_EXECUTION_DATE=2015-06-05T00:00:00+00:00
AIRFLOW_CTX_DAG_RUN_ID=scheduled__2015-06-05T00:00:00+00:00
[2019-03-19 10:17:30,909] {bash_operator.py:100} INFO - Temporary script location: /tmp/airflowtmp4airru8h/templatedr2xooicg
[2019-03-19 10:17:30,909] {bash_operator.py:110} INFO - Running command: 

    echo "2015-06-05"
    echo "2015-06-12"
    echo "Parameter I passed in"

    echo "2015-06-05"
    echo "2015-06-12"
    echo "Parameter I passed in"

    echo "2015-06-05"
    echo "2015-06-12"
    echo "Parameter I passed in"

    echo "2015-06-05"
    echo "2015-06-12"
    echo "Parameter I passed in"

    echo "2015-06-05"
    echo "2015-06-12"
    echo "Parameter I passed in"

[2019-03-19 10:17:30,914] {bash_operator.py:119} INFO - Output:
[2019-03-19 10:17:30,916] {bash_operator.py:123} INFO - 2015-06-05
[2019-03-19 10:17:30,916] {bash_operator.py:123} INFO - 2015-06-12
[2019-03-19 10:17:30,916] {bash_operator.py:123} INFO - Parameter I passed in
[2019-03-19 10:17:30,916] {bash_operator.py:123} INFO - 2015-06-05
[2019-03-19 10:17:30,916] {bash_operator.py:123} INFO - 2015-06-12
[2019-03-19 10:17:30,916] {bash_operator.py:123} INFO - Parameter I passed in
[2019-03-19 10:17:30,916] {bash_operator.py:123} INFO - 2015-06-05
[2019-03-19 10:17:30,916] {bash_operator.py:123} INFO - 2015-06-12
[2019-03-19 10:17:30,916] {bash_operator.py:123} INFO - Parameter I passed in
[2019-03-19 10:17:30,916] {bash_operator.py:123} INFO - 2015-06-05
[2019-03-19 10:17:30,916] {bash_operator.py:123} INFO - 2015-06-12
[2019-03-19 10:17:30,916] {bash_operator.py:123} INFO - Parameter I passed in
[2019-03-19 10:17:30,916] {bash_operator.py:123} INFO - 2015-06-05
[2019-03-19 10:17:30,916] {bash_operator.py:123} INFO - 2015-06-12
[2019-03-19 10:17:30,916] {bash_operator.py:123} INFO - Parameter I passed in
[2019-03-19 10:17:30,916] {bash_operator.py:127} INFO - Command exited with return code 0
[2019-03-19 10:17:34,958] {logging_mixin.py:95} INFO - [2019-03-19 10:17:34,958] {jobs.py:2527} INFO - Task exited with return code 0
