[2019-03-21 21:30:02,074] {models.py:1359} INFO - Dependencies all met for <TaskInstance: tutorial.print_date 2018-03-01T00:00:00+00:00 [queued]>
[2019-03-21 21:30:02,077] {models.py:1359} INFO - Dependencies all met for <TaskInstance: tutorial.print_date 2018-03-01T00:00:00+00:00 [queued]>
[2019-03-21 21:30:02,077] {models.py:1571} INFO - 
--------------------------------------------------------------------------------
Starting attempt 1 of 2
--------------------------------------------------------------------------------

[2019-03-21 21:30:02,091] {models.py:1593} INFO - Executing <Task(BashOperator): print_date> on 2018-03-01T00:00:00+00:00
[2019-03-21 21:30:02,091] {base_task_runner.py:118} INFO - Running: ['bash', '-c', 'airflow run tutorial print_date 2018-03-01T00:00:00+00:00 --job_id 2081 --raw -sd DAGS_FOLDER/tutorial.py --cfg_path /tmp/tmpbkapjzi3']
[2019-03-21 21:30:02,729] {base_task_runner.py:101} INFO - Job 2081: Subtask print_date [2019-03-21 21:30:02,728] {__init__.py:51} INFO - Using executor SequentialExecutor
[2019-03-21 21:30:02,960] {base_task_runner.py:101} INFO - Job 2081: Subtask print_date [2019-03-21 21:30:02,958] {models.py:273} INFO - Filling up the DagBag from /home/rsandroni/airflow/dags/tutorial.py
[2019-03-21 21:30:02,977] {base_task_runner.py:101} INFO - Job 2081: Subtask print_date [2019-03-21 21:30:02,974] {cli.py:520} INFO - Running <TaskInstance: tutorial.print_date 2018-03-01T00:00:00+00:00 [running]> on host IADAIRP1.globalrs.rack.space
[2019-03-21 21:30:02,987] {bash_operator.py:77} INFO - Tmp dir root location: 
 /tmp
[2019-03-21 21:30:02,988] {bash_operator.py:86} INFO - Exporting the following env vars:
AIRFLOW_CTX_DAG_ID=tutorial
AIRFLOW_CTX_TASK_ID=print_date
AIRFLOW_CTX_EXECUTION_DATE=2018-03-01T00:00:00+00:00
AIRFLOW_CTX_DAG_RUN_ID=scheduled__2018-03-01T00:00:00+00:00
[2019-03-21 21:30:02,988] {bash_operator.py:100} INFO - Temporary script location: /tmp/airflowtmpuep849i_/print_datebo0qo5gp
[2019-03-21 21:30:02,988] {bash_operator.py:110} INFO - Running command: date
[2019-03-21 21:30:02,993] {bash_operator.py:119} INFO - Output:
[2019-03-21 21:30:02,995] {bash_operator.py:123} INFO - Qui Mar 21 21:30:02 -03 2019
[2019-03-21 21:30:02,996] {bash_operator.py:127} INFO - Command exited with return code 0
[2019-03-21 21:30:07,082] {logging_mixin.py:95} INFO - [2019-03-21 21:30:07,081] {jobs.py:2527} INFO - Task exited with return code 0
