[2019-03-19 12:49:48,128] {models.py:1359} INFO - Dependencies all met for <TaskInstance: tutorial.templated 2016-04-22T00:00:00+00:00 [queued]>
[2019-03-19 12:49:48,132] {models.py:1359} INFO - Dependencies all met for <TaskInstance: tutorial.templated 2016-04-22T00:00:00+00:00 [queued]>
[2019-03-19 12:49:48,132] {models.py:1571} INFO - 
--------------------------------------------------------------------------------
Starting attempt 1 of 2
--------------------------------------------------------------------------------

[2019-03-19 12:49:48,288] {models.py:1593} INFO - Executing <Task(BashOperator): templated> on 2016-04-22T00:00:00+00:00
[2019-03-19 12:49:48,288] {base_task_runner.py:118} INFO - Running: ['bash', '-c', 'airflow run tutorial templated 2016-04-22T00:00:00+00:00 --job_id 659 --raw -sd DAGS_FOLDER/example_dags/tutorial.py --cfg_path /tmp/tmpwkpktcfe']
[2019-03-19 12:49:52,045] {base_task_runner.py:101} INFO - Job 659: Subtask templated [2019-03-19 12:49:52,044] {__init__.py:51} INFO - Using executor SequentialExecutor
[2019-03-19 12:49:53,435] {base_task_runner.py:101} INFO - Job 659: Subtask templated [2019-03-19 12:49:53,427] {models.py:273} INFO - Filling up the DagBag from /home/rsandroni/airflow/dags/example_dags/tutorial.py
[2019-03-19 12:49:53,621] {base_task_runner.py:101} INFO - Job 659: Subtask templated [2019-03-19 12:49:53,616] {cli.py:520} INFO - Running <TaskInstance: tutorial.templated 2016-04-22T00:00:00+00:00 [running]> on host IADAIRP1.globalrs.rack.space
[2019-03-19 12:49:53,666] {bash_operator.py:77} INFO - Tmp dir root location: 
 /tmp
[2019-03-19 12:49:53,666] {bash_operator.py:86} INFO - Exporting the following env vars:
AIRFLOW_CTX_DAG_ID=tutorial
AIRFLOW_CTX_TASK_ID=templated
AIRFLOW_CTX_EXECUTION_DATE=2016-04-22T00:00:00+00:00
AIRFLOW_CTX_DAG_RUN_ID=scheduled__2016-04-22T00:00:00+00:00
[2019-03-19 12:49:53,667] {bash_operator.py:100} INFO - Temporary script location: /tmp/airflowtmpor63lxu8/templated2dbncdbm
[2019-03-19 12:49:53,667] {bash_operator.py:110} INFO - Running command: 

    echo "2016-04-22"
    echo "2016-04-29"
    echo "Parameter I passed in"

    echo "2016-04-22"
    echo "2016-04-29"
    echo "Parameter I passed in"

    echo "2016-04-22"
    echo "2016-04-29"
    echo "Parameter I passed in"

    echo "2016-04-22"
    echo "2016-04-29"
    echo "Parameter I passed in"

    echo "2016-04-22"
    echo "2016-04-29"
    echo "Parameter I passed in"

[2019-03-19 12:49:53,728] {bash_operator.py:119} INFO - Output:
[2019-03-19 12:49:53,729] {bash_operator.py:123} INFO - 2016-04-22
[2019-03-19 12:49:53,729] {bash_operator.py:123} INFO - 2016-04-29
[2019-03-19 12:49:53,729] {bash_operator.py:123} INFO - Parameter I passed in
[2019-03-19 12:49:53,729] {bash_operator.py:123} INFO - 2016-04-22
[2019-03-19 12:49:53,729] {bash_operator.py:123} INFO - 2016-04-29
[2019-03-19 12:49:53,729] {bash_operator.py:123} INFO - Parameter I passed in
[2019-03-19 12:49:53,729] {bash_operator.py:123} INFO - 2016-04-22
[2019-03-19 12:49:53,729] {bash_operator.py:123} INFO - 2016-04-29
[2019-03-19 12:49:53,729] {bash_operator.py:123} INFO - Parameter I passed in
[2019-03-19 12:49:53,729] {bash_operator.py:123} INFO - 2016-04-22
[2019-03-19 12:49:53,729] {bash_operator.py:123} INFO - 2016-04-29
[2019-03-19 12:49:53,729] {bash_operator.py:123} INFO - Parameter I passed in
[2019-03-19 12:49:53,729] {bash_operator.py:123} INFO - 2016-04-22
[2019-03-19 12:49:53,729] {bash_operator.py:123} INFO - 2016-04-29
[2019-03-19 12:49:53,729] {bash_operator.py:123} INFO - Parameter I passed in
[2019-03-19 12:49:53,729] {bash_operator.py:127} INFO - Command exited with return code 0
[2019-03-19 12:49:58,068] {logging_mixin.py:95} INFO - [2019-03-19 12:49:58,067] {jobs.py:2527} INFO - Task exited with return code 0
