[2019-03-21 19:39:19,984] {models.py:1359} INFO - Dependencies all met for <TaskInstance: tutorial.templated 2017-12-05T00:00:00+00:00 [queued]>
[2019-03-21 19:39:19,989] {models.py:1359} INFO - Dependencies all met for <TaskInstance: tutorial.templated 2017-12-05T00:00:00+00:00 [queued]>
[2019-03-21 19:39:19,990] {models.py:1571} INFO - 
--------------------------------------------------------------------------------
Starting attempt 1 of 2
--------------------------------------------------------------------------------

[2019-03-21 19:39:20,008] {models.py:1593} INFO - Executing <Task(BashOperator): templated> on 2017-12-05T00:00:00+00:00
[2019-03-21 19:39:20,008] {base_task_runner.py:118} INFO - Running: ['bash', '-c', 'airflow run tutorial templated 2017-12-05T00:00:00+00:00 --job_id 1911 --raw -sd DAGS_FOLDER/example_dags/tutorial.py --cfg_path /tmp/tmpts15fjhv']
[2019-03-21 19:39:20,641] {base_task_runner.py:101} INFO - Job 1911: Subtask templated [2019-03-21 19:39:20,640] {__init__.py:51} INFO - Using executor SequentialExecutor
[2019-03-21 19:39:20,893] {base_task_runner.py:101} INFO - Job 1911: Subtask templated [2019-03-21 19:39:20,890] {models.py:273} INFO - Filling up the DagBag from /home/rsandroni/airflow/dags/example_dags/tutorial.py
[2019-03-21 19:39:20,955] {base_task_runner.py:101} INFO - Job 1911: Subtask templated [2019-03-21 19:39:20,954] {cli.py:520} INFO - Running <TaskInstance: tutorial.templated 2017-12-05T00:00:00+00:00 [running]> on host IADAIRP1.globalrs.rack.space
[2019-03-21 19:39:20,972] {bash_operator.py:77} INFO - Tmp dir root location: 
 /tmp
[2019-03-21 19:39:20,972] {bash_operator.py:86} INFO - Exporting the following env vars:
AIRFLOW_CTX_DAG_ID=tutorial
AIRFLOW_CTX_TASK_ID=templated
AIRFLOW_CTX_EXECUTION_DATE=2017-12-05T00:00:00+00:00
AIRFLOW_CTX_DAG_RUN_ID=scheduled__2017-12-05T00:00:00+00:00
[2019-03-21 19:39:20,973] {bash_operator.py:100} INFO - Temporary script location: /tmp/airflowtmpb_h7pxpw/templated6qez8ppr
[2019-03-21 19:39:20,973] {bash_operator.py:110} INFO - Running command: 

    echo "2017-12-05"
    echo "2017-12-12"
    echo "Parameter I passed in"

    echo "2017-12-05"
    echo "2017-12-12"
    echo "Parameter I passed in"

    echo "2017-12-05"
    echo "2017-12-12"
    echo "Parameter I passed in"

    echo "2017-12-05"
    echo "2017-12-12"
    echo "Parameter I passed in"

    echo "2017-12-05"
    echo "2017-12-12"
    echo "Parameter I passed in"

[2019-03-21 19:39:20,978] {bash_operator.py:119} INFO - Output:
[2019-03-21 19:39:20,980] {bash_operator.py:123} INFO - 2017-12-05
[2019-03-21 19:39:20,980] {bash_operator.py:123} INFO - 2017-12-12
[2019-03-21 19:39:20,980] {bash_operator.py:123} INFO - Parameter I passed in
[2019-03-21 19:39:20,980] {bash_operator.py:123} INFO - 2017-12-05
[2019-03-21 19:39:20,980] {bash_operator.py:123} INFO - 2017-12-12
[2019-03-21 19:39:20,980] {bash_operator.py:123} INFO - Parameter I passed in
[2019-03-21 19:39:20,980] {bash_operator.py:123} INFO - 2017-12-05
[2019-03-21 19:39:20,980] {bash_operator.py:123} INFO - 2017-12-12
[2019-03-21 19:39:20,980] {bash_operator.py:123} INFO - Parameter I passed in
[2019-03-21 19:39:20,980] {bash_operator.py:123} INFO - 2017-12-05
[2019-03-21 19:39:20,980] {bash_operator.py:123} INFO - 2017-12-12
[2019-03-21 19:39:20,980] {bash_operator.py:123} INFO - Parameter I passed in
[2019-03-21 19:39:20,980] {bash_operator.py:123} INFO - 2017-12-05
[2019-03-21 19:39:20,980] {bash_operator.py:123} INFO - 2017-12-12
[2019-03-21 19:39:20,980] {bash_operator.py:123} INFO - Parameter I passed in
[2019-03-21 19:39:20,980] {bash_operator.py:127} INFO - Command exited with return code 0
[2019-03-21 19:39:24,978] {logging_mixin.py:95} INFO - [2019-03-21 19:39:24,977] {jobs.py:2527} INFO - Task exited with return code 0
