[2019-03-19 10:29:20,058] {models.py:1359} INFO - Dependencies all met for <TaskInstance: tutorial.print_date 2015-06-30T00:00:00+00:00 [queued]>
[2019-03-19 10:29:20,059] {models.py:1359} INFO - Dependencies all met for <TaskInstance: tutorial.print_date 2015-06-30T00:00:00+00:00 [queued]>
[2019-03-19 10:29:20,059] {models.py:1571} INFO - 
--------------------------------------------------------------------------------
Starting attempt 1 of 2
--------------------------------------------------------------------------------

[2019-03-19 10:29:20,071] {models.py:1593} INFO - Executing <Task(BashOperator): print_date> on 2015-06-30T00:00:00+00:00
[2019-03-19 10:29:20,071] {base_task_runner.py:118} INFO - Running: ['bash', '-c', 'airflow run tutorial print_date 2015-06-30T00:00:00+00:00 --job_id 64 --raw -sd DAGS_FOLDER/tutorial.py --cfg_path /tmp/tmpf63nqk67']
[2019-03-19 10:29:20,669] {base_task_runner.py:101} INFO - Job 64: Subtask print_date [2019-03-19 10:29:20,669] {__init__.py:51} INFO - Using executor SequentialExecutor
[2019-03-19 10:29:20,884] {base_task_runner.py:101} INFO - Job 64: Subtask print_date [2019-03-19 10:29:20,883] {models.py:273} INFO - Filling up the DagBag from /home/rsandroni/airflow/dags/tutorial.py
[2019-03-19 10:29:20,898] {base_task_runner.py:101} INFO - Job 64: Subtask print_date [2019-03-19 10:29:20,898] {cli.py:520} INFO - Running <TaskInstance: tutorial.print_date 2015-06-30T00:00:00+00:00 [running]> on host IADAIRP1.globalrs.rack.space
[2019-03-19 10:29:20,910] {bash_operator.py:77} INFO - Tmp dir root location: 
 /tmp
[2019-03-19 10:29:20,910] {bash_operator.py:86} INFO - Exporting the following env vars:
AIRFLOW_CTX_DAG_ID=tutorial
AIRFLOW_CTX_TASK_ID=print_date
AIRFLOW_CTX_EXECUTION_DATE=2015-06-30T00:00:00+00:00
AIRFLOW_CTX_DAG_RUN_ID=scheduled__2015-06-30T00:00:00+00:00
[2019-03-19 10:29:20,911] {bash_operator.py:100} INFO - Temporary script location: /tmp/airflowtmp67xgw3hk/print_dateuc7lxieq
[2019-03-19 10:29:20,911] {bash_operator.py:110} INFO - Running command: date
[2019-03-19 10:29:20,916] {bash_operator.py:119} INFO - Output:
[2019-03-19 10:29:20,918] {bash_operator.py:123} INFO - Ter Mar 19 10:29:20 -03 2019
[2019-03-19 10:29:20,918] {bash_operator.py:127} INFO - Command exited with return code 0
[2019-03-19 10:29:25,062] {logging_mixin.py:95} INFO - [2019-03-19 10:29:25,061] {jobs.py:2527} INFO - Task exited with return code 0
