[2019-03-22 05:25:46,533] {models.py:1359} INFO - Dependencies all met for <TaskInstance: tutorial.templated 2019-02-23T00:00:00+00:00 [queued]>
[2019-03-22 05:25:46,538] {models.py:1359} INFO - Dependencies all met for <TaskInstance: tutorial.templated 2019-02-23T00:00:00+00:00 [queued]>
[2019-03-22 05:25:46,539] {models.py:1571} INFO - 
--------------------------------------------------------------------------------
Starting attempt 1 of 2
--------------------------------------------------------------------------------

[2019-03-22 05:25:46,552] {models.py:1593} INFO - Executing <Task(BashOperator): templated> on 2019-02-23T00:00:00+00:00
[2019-03-22 05:25:46,552] {base_task_runner.py:118} INFO - Running: ['bash', '-c', 'airflow run tutorial templated 2019-02-23T00:00:00+00:00 --job_id 2802 --raw -sd DAGS_FOLDER/example_dags/tutorial.py --cfg_path /tmp/tmp8wftnp1j']
[2019-03-22 05:25:47,228] {base_task_runner.py:101} INFO - Job 2802: Subtask templated [2019-03-22 05:25:47,227] {__init__.py:51} INFO - Using executor SequentialExecutor
[2019-03-22 05:25:47,582] {base_task_runner.py:101} INFO - Job 2802: Subtask templated [2019-03-22 05:25:47,580] {models.py:273} INFO - Filling up the DagBag from /home/rsandroni/airflow/dags/example_dags/tutorial.py
[2019-03-22 05:25:47,734] {base_task_runner.py:101} INFO - Job 2802: Subtask templated [2019-03-22 05:25:47,730] {cli.py:520} INFO - Running <TaskInstance: tutorial.templated 2019-02-23T00:00:00+00:00 [running]> on host IADAIRP1.globalrs.rack.space
[2019-03-22 05:25:47,779] {bash_operator.py:77} INFO - Tmp dir root location: 
 /tmp
[2019-03-22 05:25:47,780] {bash_operator.py:86} INFO - Exporting the following env vars:
AIRFLOW_CTX_DAG_ID=tutorial
AIRFLOW_CTX_TASK_ID=templated
AIRFLOW_CTX_EXECUTION_DATE=2019-02-23T00:00:00+00:00
AIRFLOW_CTX_DAG_RUN_ID=scheduled__2019-02-23T00:00:00+00:00
[2019-03-22 05:25:47,780] {bash_operator.py:100} INFO - Temporary script location: /tmp/airflowtmpa4p7ggpq/templated87wn8699
[2019-03-22 05:25:47,781] {bash_operator.py:110} INFO - Running command: 

    echo "2019-02-23"
    echo "2019-03-02"
    echo "Parameter I passed in"

    echo "2019-02-23"
    echo "2019-03-02"
    echo "Parameter I passed in"

    echo "2019-02-23"
    echo "2019-03-02"
    echo "Parameter I passed in"

    echo "2019-02-23"
    echo "2019-03-02"
    echo "Parameter I passed in"

    echo "2019-02-23"
    echo "2019-03-02"
    echo "Parameter I passed in"

[2019-03-22 05:25:47,810] {bash_operator.py:119} INFO - Output:
[2019-03-22 05:25:47,821] {bash_operator.py:123} INFO - 2019-02-23
[2019-03-22 05:25:47,821] {bash_operator.py:123} INFO - 2019-03-02
[2019-03-22 05:25:47,821] {bash_operator.py:123} INFO - Parameter I passed in
[2019-03-22 05:25:47,821] {bash_operator.py:123} INFO - 2019-02-23
[2019-03-22 05:25:47,821] {bash_operator.py:123} INFO - 2019-03-02
[2019-03-22 05:25:47,821] {bash_operator.py:123} INFO - Parameter I passed in
[2019-03-22 05:25:47,821] {bash_operator.py:123} INFO - 2019-02-23
[2019-03-22 05:25:47,821] {bash_operator.py:123} INFO - 2019-03-02
[2019-03-22 05:25:47,821] {bash_operator.py:123} INFO - Parameter I passed in
[2019-03-22 05:25:47,821] {bash_operator.py:123} INFO - 2019-02-23
[2019-03-22 05:25:47,822] {bash_operator.py:123} INFO - 2019-03-02
[2019-03-22 05:25:47,822] {bash_operator.py:123} INFO - Parameter I passed in
[2019-03-22 05:25:47,822] {bash_operator.py:123} INFO - 2019-02-23
[2019-03-22 05:25:47,822] {bash_operator.py:123} INFO - 2019-03-02
[2019-03-22 05:25:47,822] {bash_operator.py:123} INFO - Parameter I passed in
[2019-03-22 05:25:47,822] {bash_operator.py:127} INFO - Command exited with return code 0
[2019-03-22 05:25:51,590] {logging_mixin.py:95} INFO - [2019-03-22 05:25:51,589] {jobs.py:2527} INFO - Task exited with return code 0
