[2019-03-22 05:57:51,450] {models.py:1359} INFO - Dependencies all met for <TaskInstance: tutorial.templated 2019-03-19T00:00:00+00:00 [queued]>
[2019-03-22 05:57:51,455] {models.py:1359} INFO - Dependencies all met for <TaskInstance: tutorial.templated 2019-03-19T00:00:00+00:00 [queued]>
[2019-03-22 05:57:51,455] {models.py:1571} INFO - 
--------------------------------------------------------------------------------
Starting attempt 1 of 2
--------------------------------------------------------------------------------

[2019-03-22 05:57:51,469] {models.py:1593} INFO - Executing <Task(BashOperator): templated> on 2019-03-19T00:00:00+00:00
[2019-03-22 05:57:51,469] {base_task_runner.py:118} INFO - Running: ['bash', '-c', 'airflow run tutorial templated 2019-03-19T00:00:00+00:00 --job_id 2851 --raw -sd DAGS_FOLDER/example_dags/tutorial.py --cfg_path /tmp/tmpdxbwyjm4']
[2019-03-22 05:57:52,121] {base_task_runner.py:101} INFO - Job 2851: Subtask templated [2019-03-22 05:57:52,120] {__init__.py:51} INFO - Using executor SequentialExecutor
[2019-03-22 05:57:52,380] {base_task_runner.py:101} INFO - Job 2851: Subtask templated [2019-03-22 05:57:52,379] {models.py:273} INFO - Filling up the DagBag from /home/rsandroni/airflow/dags/example_dags/tutorial.py
[2019-03-22 05:57:52,447] {base_task_runner.py:101} INFO - Job 2851: Subtask templated [2019-03-22 05:57:52,447] {cli.py:520} INFO - Running <TaskInstance: tutorial.templated 2019-03-19T00:00:00+00:00 [running]> on host IADAIRP1.globalrs.rack.space
[2019-03-22 05:57:52,466] {bash_operator.py:77} INFO - Tmp dir root location: 
 /tmp
[2019-03-22 05:57:52,467] {bash_operator.py:86} INFO - Exporting the following env vars:
AIRFLOW_CTX_DAG_ID=tutorial
AIRFLOW_CTX_TASK_ID=templated
AIRFLOW_CTX_EXECUTION_DATE=2019-03-19T00:00:00+00:00
AIRFLOW_CTX_DAG_RUN_ID=scheduled__2019-03-19T00:00:00+00:00
[2019-03-22 05:57:52,467] {bash_operator.py:100} INFO - Temporary script location: /tmp/airflowtmpuw_9v2ns/templatedehvsajxq
[2019-03-22 05:57:52,467] {bash_operator.py:110} INFO - Running command: 

    echo "2019-03-19"
    echo "2019-03-26"
    echo "Parameter I passed in"

    echo "2019-03-19"
    echo "2019-03-26"
    echo "Parameter I passed in"

    echo "2019-03-19"
    echo "2019-03-26"
    echo "Parameter I passed in"

    echo "2019-03-19"
    echo "2019-03-26"
    echo "Parameter I passed in"

    echo "2019-03-19"
    echo "2019-03-26"
    echo "Parameter I passed in"

[2019-03-22 05:57:52,473] {bash_operator.py:119} INFO - Output:
[2019-03-22 05:57:52,474] {bash_operator.py:123} INFO - 2019-03-19
[2019-03-22 05:57:52,474] {bash_operator.py:123} INFO - 2019-03-26
[2019-03-22 05:57:52,475] {bash_operator.py:123} INFO - Parameter I passed in
[2019-03-22 05:57:52,475] {bash_operator.py:123} INFO - 2019-03-19
[2019-03-22 05:57:52,475] {bash_operator.py:123} INFO - 2019-03-26
[2019-03-22 05:57:52,475] {bash_operator.py:123} INFO - Parameter I passed in
[2019-03-22 05:57:52,475] {bash_operator.py:123} INFO - 2019-03-19
[2019-03-22 05:57:52,475] {bash_operator.py:123} INFO - 2019-03-26
[2019-03-22 05:57:52,475] {bash_operator.py:123} INFO - Parameter I passed in
[2019-03-22 05:57:52,475] {bash_operator.py:123} INFO - 2019-03-19
[2019-03-22 05:57:52,475] {bash_operator.py:123} INFO - 2019-03-26
[2019-03-22 05:57:52,475] {bash_operator.py:123} INFO - Parameter I passed in
[2019-03-22 05:57:52,475] {bash_operator.py:123} INFO - 2019-03-19
[2019-03-22 05:57:52,475] {bash_operator.py:123} INFO - 2019-03-26
[2019-03-22 05:57:52,475] {bash_operator.py:123} INFO - Parameter I passed in
[2019-03-22 05:57:52,475] {bash_operator.py:127} INFO - Command exited with return code 0
[2019-03-22 05:57:56,470] {logging_mixin.py:95} INFO - [2019-03-22 05:57:56,469] {jobs.py:2527} INFO - Task exited with return code 0
