[2019-03-22 05:04:35,394] {models.py:1359} INFO - Dependencies all met for <TaskInstance: tutorial.templated 2019-02-08T00:00:00+00:00 [queued]>
[2019-03-22 05:04:35,401] {models.py:1359} INFO - Dependencies all met for <TaskInstance: tutorial.templated 2019-02-08T00:00:00+00:00 [queued]>
[2019-03-22 05:04:35,401] {models.py:1571} INFO - 
--------------------------------------------------------------------------------
Starting attempt 1 of 2
--------------------------------------------------------------------------------

[2019-03-22 05:04:35,459] {models.py:1593} INFO - Executing <Task(BashOperator): templated> on 2019-02-08T00:00:00+00:00
[2019-03-22 05:04:35,460] {base_task_runner.py:118} INFO - Running: ['bash', '-c', 'airflow run tutorial templated 2019-02-08T00:00:00+00:00 --job_id 2771 --raw -sd DAGS_FOLDER/example_dags/tutorial.py --cfg_path /tmp/tmpss0qw7_1']
[2019-03-22 05:04:36,282] {base_task_runner.py:101} INFO - Job 2771: Subtask templated [2019-03-22 05:04:36,275] {__init__.py:51} INFO - Using executor SequentialExecutor
[2019-03-22 05:04:36,571] {base_task_runner.py:101} INFO - Job 2771: Subtask templated [2019-03-22 05:04:36,570] {models.py:273} INFO - Filling up the DagBag from /home/rsandroni/airflow/dags/example_dags/tutorial.py
[2019-03-22 05:04:36,637] {base_task_runner.py:101} INFO - Job 2771: Subtask templated [2019-03-22 05:04:36,636] {cli.py:520} INFO - Running <TaskInstance: tutorial.templated 2019-02-08T00:00:00+00:00 [running]> on host IADAIRP1.globalrs.rack.space
[2019-03-22 05:04:36,653] {bash_operator.py:77} INFO - Tmp dir root location: 
 /tmp
[2019-03-22 05:04:36,654] {bash_operator.py:86} INFO - Exporting the following env vars:
AIRFLOW_CTX_DAG_ID=tutorial
AIRFLOW_CTX_TASK_ID=templated
AIRFLOW_CTX_EXECUTION_DATE=2019-02-08T00:00:00+00:00
AIRFLOW_CTX_DAG_RUN_ID=scheduled__2019-02-08T00:00:00+00:00
[2019-03-22 05:04:36,654] {bash_operator.py:100} INFO - Temporary script location: /tmp/airflowtmpy6lzs1u9/templatedgb1om6u1
[2019-03-22 05:04:36,654] {bash_operator.py:110} INFO - Running command: 

    echo "2019-02-08"
    echo "2019-02-15"
    echo "Parameter I passed in"

    echo "2019-02-08"
    echo "2019-02-15"
    echo "Parameter I passed in"

    echo "2019-02-08"
    echo "2019-02-15"
    echo "Parameter I passed in"

    echo "2019-02-08"
    echo "2019-02-15"
    echo "Parameter I passed in"

    echo "2019-02-08"
    echo "2019-02-15"
    echo "Parameter I passed in"

[2019-03-22 05:04:36,660] {bash_operator.py:119} INFO - Output:
[2019-03-22 05:04:36,661] {bash_operator.py:123} INFO - 2019-02-08
[2019-03-22 05:04:36,661] {bash_operator.py:123} INFO - 2019-02-15
[2019-03-22 05:04:36,661] {bash_operator.py:123} INFO - Parameter I passed in
[2019-03-22 05:04:36,661] {bash_operator.py:123} INFO - 2019-02-08
[2019-03-22 05:04:36,661] {bash_operator.py:123} INFO - 2019-02-15
[2019-03-22 05:04:36,661] {bash_operator.py:123} INFO - Parameter I passed in
[2019-03-22 05:04:36,661] {bash_operator.py:123} INFO - 2019-02-08
[2019-03-22 05:04:36,661] {bash_operator.py:123} INFO - 2019-02-15
[2019-03-22 05:04:36,661] {bash_operator.py:123} INFO - Parameter I passed in
[2019-03-22 05:04:36,661] {bash_operator.py:123} INFO - 2019-02-08
[2019-03-22 05:04:36,661] {bash_operator.py:123} INFO - 2019-02-15
[2019-03-22 05:04:36,661] {bash_operator.py:123} INFO - Parameter I passed in
[2019-03-22 05:04:36,661] {bash_operator.py:123} INFO - 2019-02-08
[2019-03-22 05:04:36,661] {bash_operator.py:123} INFO - 2019-02-15
[2019-03-22 05:04:36,661] {bash_operator.py:123} INFO - Parameter I passed in
[2019-03-22 05:04:36,661] {bash_operator.py:127} INFO - Command exited with return code 0
[2019-03-22 05:04:40,380] {logging_mixin.py:95} INFO - [2019-03-22 05:04:40,379] {jobs.py:2527} INFO - Task exited with return code 0
