[2019-03-22 00:10:53,483] {models.py:1359} INFO - Dependencies all met for <TaskInstance: tutorial.templated 2018-07-01T00:00:00+00:00 [queued]>
[2019-03-22 00:10:53,489] {models.py:1359} INFO - Dependencies all met for <TaskInstance: tutorial.templated 2018-07-01T00:00:00+00:00 [queued]>
[2019-03-22 00:10:53,489] {models.py:1571} INFO - 
--------------------------------------------------------------------------------
Starting attempt 1 of 2
--------------------------------------------------------------------------------

[2019-03-22 00:10:53,519] {models.py:1593} INFO - Executing <Task(BashOperator): templated> on 2018-07-01T00:00:00+00:00
[2019-03-22 00:10:53,519] {base_task_runner.py:118} INFO - Running: ['bash', '-c', 'airflow run tutorial templated 2018-07-01T00:00:00+00:00 --job_id 2327 --raw -sd DAGS_FOLDER/example_dags/tutorial.py --cfg_path /tmp/tmpbi4ndk6_']
[2019-03-22 00:10:54,996] {base_task_runner.py:101} INFO - Job 2327: Subtask templated [2019-03-22 00:10:54,996] {__init__.py:51} INFO - Using executor SequentialExecutor
[2019-03-22 00:10:55,555] {base_task_runner.py:101} INFO - Job 2327: Subtask templated [2019-03-22 00:10:55,549] {models.py:273} INFO - Filling up the DagBag from /home/rsandroni/airflow/dags/example_dags/tutorial.py
[2019-03-22 00:10:55,710] {base_task_runner.py:101} INFO - Job 2327: Subtask templated [2019-03-22 00:10:55,705] {cli.py:520} INFO - Running <TaskInstance: tutorial.templated 2018-07-01T00:00:00+00:00 [running]> on host IADAIRP1.globalrs.rack.space
[2019-03-22 00:10:55,759] {bash_operator.py:77} INFO - Tmp dir root location: 
 /tmp
[2019-03-22 00:10:55,760] {bash_operator.py:86} INFO - Exporting the following env vars:
AIRFLOW_CTX_DAG_ID=tutorial
AIRFLOW_CTX_TASK_ID=templated
AIRFLOW_CTX_EXECUTION_DATE=2018-07-01T00:00:00+00:00
AIRFLOW_CTX_DAG_RUN_ID=scheduled__2018-07-01T00:00:00+00:00
[2019-03-22 00:10:55,761] {bash_operator.py:100} INFO - Temporary script location: /tmp/airflowtmpdbzks_21/templated6n7dkazu
[2019-03-22 00:10:55,761] {bash_operator.py:110} INFO - Running command: 

    echo "2018-07-01"
    echo "2018-07-08"
    echo "Parameter I passed in"

    echo "2018-07-01"
    echo "2018-07-08"
    echo "Parameter I passed in"

    echo "2018-07-01"
    echo "2018-07-08"
    echo "Parameter I passed in"

    echo "2018-07-01"
    echo "2018-07-08"
    echo "Parameter I passed in"

    echo "2018-07-01"
    echo "2018-07-08"
    echo "Parameter I passed in"

[2019-03-22 00:10:55,787] {bash_operator.py:119} INFO - Output:
[2019-03-22 00:10:55,789] {bash_operator.py:123} INFO - 2018-07-01
[2019-03-22 00:10:55,789] {bash_operator.py:123} INFO - 2018-07-08
[2019-03-22 00:10:55,789] {bash_operator.py:123} INFO - Parameter I passed in
[2019-03-22 00:10:55,789] {bash_operator.py:123} INFO - 2018-07-01
[2019-03-22 00:10:55,789] {bash_operator.py:123} INFO - 2018-07-08
[2019-03-22 00:10:55,789] {bash_operator.py:123} INFO - Parameter I passed in
[2019-03-22 00:10:55,789] {bash_operator.py:123} INFO - 2018-07-01
[2019-03-22 00:10:55,789] {bash_operator.py:123} INFO - 2018-07-08
[2019-03-22 00:10:55,789] {bash_operator.py:123} INFO - Parameter I passed in
[2019-03-22 00:10:55,789] {bash_operator.py:123} INFO - 2018-07-01
[2019-03-22 00:10:55,789] {bash_operator.py:123} INFO - 2018-07-08
[2019-03-22 00:10:55,789] {bash_operator.py:123} INFO - Parameter I passed in
[2019-03-22 00:10:55,789] {bash_operator.py:123} INFO - 2018-07-01
[2019-03-22 00:10:55,789] {bash_operator.py:123} INFO - 2018-07-08
[2019-03-22 00:10:55,789] {bash_operator.py:123} INFO - Parameter I passed in
[2019-03-22 00:10:55,789] {bash_operator.py:127} INFO - Command exited with return code 0
[2019-03-22 00:10:58,503] {logging_mixin.py:95} INFO - [2019-03-22 00:10:58,502] {jobs.py:2527} INFO - Task exited with return code 0
