[2019-03-19 14:23:33,481] {models.py:1359} INFO - Dependencies all met for <TaskInstance: tutorial.templated 2016-11-01T00:00:00+00:00 [queued]>
[2019-03-19 14:23:33,486] {models.py:1359} INFO - Dependencies all met for <TaskInstance: tutorial.templated 2016-11-01T00:00:00+00:00 [queued]>
[2019-03-19 14:23:33,486] {models.py:1571} INFO - 
--------------------------------------------------------------------------------
Starting attempt 1 of 2
--------------------------------------------------------------------------------

[2019-03-19 14:23:33,532] {models.py:1593} INFO - Executing <Task(BashOperator): templated> on 2016-11-01T00:00:00+00:00
[2019-03-19 14:23:33,532] {base_task_runner.py:118} INFO - Running: ['bash', '-c', 'airflow run tutorial templated 2016-11-01T00:00:00+00:00 --job_id 1047 --raw -sd DAGS_FOLDER/sql_server_load.py --cfg_path /tmp/tmp4q4zbvt9']
[2019-03-19 14:23:35,960] {base_task_runner.py:101} INFO - Job 1047: Subtask templated [2019-03-19 14:23:35,953] {__init__.py:51} INFO - Using executor SequentialExecutor
[2019-03-19 14:23:36,790] {base_task_runner.py:101} INFO - Job 1047: Subtask templated [2019-03-19 14:23:36,783] {models.py:273} INFO - Filling up the DagBag from /home/rsandroni/airflow/dags/sql_server_load.py
[2019-03-19 14:23:36,844] {base_task_runner.py:101} INFO - Job 1047: Subtask templated [2019-03-19 14:23:36,839] {cli.py:520} INFO - Running <TaskInstance: tutorial.templated 2016-11-01T00:00:00+00:00 [running]> on host IADAIRP1.globalrs.rack.space
[2019-03-19 14:23:36,876] {bash_operator.py:77} INFO - Tmp dir root location: 
 /tmp
[2019-03-19 14:23:36,876] {bash_operator.py:86} INFO - Exporting the following env vars:
AIRFLOW_CTX_DAG_ID=tutorial
AIRFLOW_CTX_TASK_ID=templated
AIRFLOW_CTX_EXECUTION_DATE=2016-11-01T00:00:00+00:00
AIRFLOW_CTX_DAG_RUN_ID=scheduled__2016-11-01T00:00:00+00:00
[2019-03-19 14:23:36,877] {bash_operator.py:100} INFO - Temporary script location: /tmp/airflowtmpxk733x5s/templated_hg93qub
[2019-03-19 14:23:36,877] {bash_operator.py:110} INFO - Running command: 
    
        echo "2016-11-01"
        echo "Parameter I passed in"
    
        echo "2016-11-01"
        echo "Parameter I passed in"
    
        echo "2016-11-01"
        echo "Parameter I passed in"
    
        echo "2016-11-01"
        echo "Parameter I passed in"
    
        echo "2016-11-01"
        echo "Parameter I passed in"
    
    
[2019-03-19 14:23:36,949] {bash_operator.py:119} INFO - Output:
[2019-03-19 14:23:36,959] {bash_operator.py:123} INFO - 2016-11-01
[2019-03-19 14:23:36,960] {bash_operator.py:123} INFO - Parameter I passed in
[2019-03-19 14:23:36,960] {bash_operator.py:123} INFO - 2016-11-01
[2019-03-19 14:23:36,960] {bash_operator.py:123} INFO - Parameter I passed in
[2019-03-19 14:23:36,960] {bash_operator.py:123} INFO - 2016-11-01
[2019-03-19 14:23:36,960] {bash_operator.py:123} INFO - Parameter I passed in
[2019-03-19 14:23:36,960] {bash_operator.py:123} INFO - 2016-11-01
[2019-03-19 14:23:36,960] {bash_operator.py:123} INFO - Parameter I passed in
[2019-03-19 14:23:36,960] {bash_operator.py:123} INFO - 2016-11-01
[2019-03-19 14:23:36,960] {bash_operator.py:123} INFO - Parameter I passed in
[2019-03-19 14:23:36,960] {bash_operator.py:127} INFO - Command exited with return code 0
[2019-03-19 14:23:38,439] {logging_mixin.py:95} INFO - [2019-03-19 14:23:38,439] {jobs.py:2527} INFO - Task exited with return code 0
