[2019-03-22 01:49:34,588] {models.py:1359} INFO - Dependencies all met for <TaskInstance: tutorial.print_date 2018-09-15T00:00:00+00:00 [queued]>
[2019-03-22 01:49:34,593] {models.py:1359} INFO - Dependencies all met for <TaskInstance: tutorial.print_date 2018-09-15T00:00:00+00:00 [queued]>
[2019-03-22 01:49:34,593] {models.py:1571} INFO - 
--------------------------------------------------------------------------------
Starting attempt 1 of 2
--------------------------------------------------------------------------------

[2019-03-22 01:49:34,644] {models.py:1593} INFO - Executing <Task(BashOperator): print_date> on 2018-09-15T00:00:00+00:00
[2019-03-22 01:49:34,644] {base_task_runner.py:118} INFO - Running: ['bash', '-c', 'airflow run tutorial print_date 2018-09-15T00:00:00+00:00 --job_id 2477 --raw -sd DAGS_FOLDER/tutorial.py --cfg_path /tmp/tmpi9o8ipr_']
[2019-03-22 01:49:36,180] {base_task_runner.py:101} INFO - Job 2477: Subtask print_date [2019-03-22 01:49:36,176] {__init__.py:51} INFO - Using executor SequentialExecutor
[2019-03-22 01:49:36,750] {base_task_runner.py:101} INFO - Job 2477: Subtask print_date [2019-03-22 01:49:36,744] {models.py:273} INFO - Filling up the DagBag from /home/rsandroni/airflow/dags/tutorial.py
[2019-03-22 01:49:36,786] {base_task_runner.py:101} INFO - Job 2477: Subtask print_date [2019-03-22 01:49:36,782] {cli.py:520} INFO - Running <TaskInstance: tutorial.print_date 2018-09-15T00:00:00+00:00 [running]> on host IADAIRP1.globalrs.rack.space
[2019-03-22 01:49:36,812] {bash_operator.py:77} INFO - Tmp dir root location: 
 /tmp
[2019-03-22 01:49:36,813] {bash_operator.py:86} INFO - Exporting the following env vars:
AIRFLOW_CTX_DAG_ID=tutorial
AIRFLOW_CTX_TASK_ID=print_date
AIRFLOW_CTX_EXECUTION_DATE=2018-09-15T00:00:00+00:00
AIRFLOW_CTX_DAG_RUN_ID=scheduled__2018-09-15T00:00:00+00:00
[2019-03-22 01:49:36,813] {bash_operator.py:100} INFO - Temporary script location: /tmp/airflowtmps1usv_ec/print_dateadv6n8g3
[2019-03-22 01:49:36,813] {bash_operator.py:110} INFO - Running command: date
[2019-03-22 01:49:36,843] {bash_operator.py:119} INFO - Output:
[2019-03-22 01:49:36,863] {bash_operator.py:123} INFO - Sex Mar 22 01:49:36 -03 2019
[2019-03-22 01:49:36,864] {bash_operator.py:127} INFO - Command exited with return code 0
[2019-03-22 01:49:39,597] {logging_mixin.py:95} INFO - [2019-03-22 01:49:39,596] {jobs.py:2527} INFO - Task exited with return code 0
