[2019-03-21 17:38:09,539] {models.py:1359} INFO - Dependencies all met for <TaskInstance: tutorial.print_date 2017-07-27T00:00:00+00:00 [queued]>
[2019-03-21 17:38:09,543] {models.py:1359} INFO - Dependencies all met for <TaskInstance: tutorial.print_date 2017-07-27T00:00:00+00:00 [queued]>
[2019-03-21 17:38:09,543] {models.py:1571} INFO - 
--------------------------------------------------------------------------------
Starting attempt 1 of 2
--------------------------------------------------------------------------------

[2019-03-21 17:38:09,625] {models.py:1593} INFO - Executing <Task(BashOperator): print_date> on 2017-07-27T00:00:00+00:00
[2019-03-21 17:38:09,625] {base_task_runner.py:118} INFO - Running: ['bash', '-c', 'airflow run tutorial print_date 2017-07-27T00:00:00+00:00 --job_id 1618 --raw -sd DAGS_FOLDER/tutorial.py --cfg_path /tmp/tmpcswmudyh']
[2019-03-21 17:38:11,339] {base_task_runner.py:101} INFO - Job 1618: Subtask print_date [2019-03-21 17:38:11,329] {__init__.py:51} INFO - Using executor SequentialExecutor
[2019-03-21 17:38:12,036] {base_task_runner.py:101} INFO - Job 1618: Subtask print_date [2019-03-21 17:38:12,030] {models.py:273} INFO - Filling up the DagBag from /home/rsandroni/airflow/dags/tutorial.py
[2019-03-21 17:38:12,081] {base_task_runner.py:101} INFO - Job 1618: Subtask print_date [2019-03-21 17:38:12,077] {cli.py:520} INFO - Running <TaskInstance: tutorial.print_date 2017-07-27T00:00:00+00:00 [running]> on host IADAIRP1.globalrs.rack.space
[2019-03-21 17:38:12,126] {bash_operator.py:77} INFO - Tmp dir root location: 
 /tmp
[2019-03-21 17:38:12,126] {bash_operator.py:86} INFO - Exporting the following env vars:
AIRFLOW_CTX_DAG_ID=tutorial
AIRFLOW_CTX_TASK_ID=print_date
AIRFLOW_CTX_EXECUTION_DATE=2017-07-27T00:00:00+00:00
AIRFLOW_CTX_DAG_RUN_ID=scheduled__2017-07-27T00:00:00+00:00
[2019-03-21 17:38:12,127] {bash_operator.py:100} INFO - Temporary script location: /tmp/airflowtmpdpmaey59/print_dated5zbcgwt
[2019-03-21 17:38:12,127] {bash_operator.py:110} INFO - Running command: date
[2019-03-21 17:38:12,175] {bash_operator.py:119} INFO - Output:
[2019-03-21 17:38:12,196] {bash_operator.py:123} INFO - Qui Mar 21 17:38:12 -03 2019
[2019-03-21 17:38:12,196] {bash_operator.py:127} INFO - Command exited with return code 0
[2019-03-21 17:38:14,531] {logging_mixin.py:95} INFO - [2019-03-21 17:38:14,530] {jobs.py:2527} INFO - Task exited with return code 0
