[2019-03-19 15:18:35,585] {models.py:1359} INFO - Dependencies all met for <TaskInstance: tutorial.templated 2017-02-28T00:00:00+00:00 [queued]>
[2019-03-19 15:18:35,589] {models.py:1359} INFO - Dependencies all met for <TaskInstance: tutorial.templated 2017-02-28T00:00:00+00:00 [queued]>
[2019-03-19 15:18:35,590] {models.py:1571} INFO - 
--------------------------------------------------------------------------------
Starting attempt 1 of 2
--------------------------------------------------------------------------------

[2019-03-19 15:18:35,643] {models.py:1593} INFO - Executing <Task(BashOperator): templated> on 2017-02-28T00:00:00+00:00
[2019-03-19 15:18:35,643] {base_task_runner.py:118} INFO - Running: ['bash', '-c', 'airflow run tutorial templated 2017-02-28T00:00:00+00:00 --job_id 1283 --raw -sd DAGS_FOLDER/example_dags/tutorial.py --cfg_path /tmp/tmpwzqscc2d']
[2019-03-19 15:18:36,436] {base_task_runner.py:101} INFO - Job 1283: Subtask templated [2019-03-19 15:18:36,436] {__init__.py:51} INFO - Using executor SequentialExecutor
[2019-03-19 15:18:36,812] {base_task_runner.py:101} INFO - Job 1283: Subtask templated [2019-03-19 15:18:36,805] {models.py:273} INFO - Filling up the DagBag from /home/rsandroni/airflow/dags/example_dags/tutorial.py
[2019-03-19 15:18:36,879] {base_task_runner.py:101} INFO - Job 1283: Subtask templated [2019-03-19 15:18:36,878] {cli.py:520} INFO - Running <TaskInstance: tutorial.templated 2017-02-28T00:00:00+00:00 [running]> on host IADAIRP1.globalrs.rack.space
[2019-03-19 15:18:36,928] {bash_operator.py:77} INFO - Tmp dir root location: 
 /tmp
[2019-03-19 15:18:36,928] {bash_operator.py:86} INFO - Exporting the following env vars:
AIRFLOW_CTX_DAG_ID=tutorial
AIRFLOW_CTX_TASK_ID=templated
AIRFLOW_CTX_EXECUTION_DATE=2017-02-28T00:00:00+00:00
AIRFLOW_CTX_DAG_RUN_ID=scheduled__2017-02-28T00:00:00+00:00
[2019-03-19 15:18:36,929] {bash_operator.py:100} INFO - Temporary script location: /tmp/airflowtmpjl_omzwq/templatedsi303r1s
[2019-03-19 15:18:36,929] {bash_operator.py:110} INFO - Running command: 

    echo "2017-02-28"
    echo "2017-03-07"
    echo "Parameter I passed in"

    echo "2017-02-28"
    echo "2017-03-07"
    echo "Parameter I passed in"

    echo "2017-02-28"
    echo "2017-03-07"
    echo "Parameter I passed in"

    echo "2017-02-28"
    echo "2017-03-07"
    echo "Parameter I passed in"

    echo "2017-02-28"
    echo "2017-03-07"
    echo "Parameter I passed in"

[2019-03-19 15:18:36,962] {bash_operator.py:119} INFO - Output:
[2019-03-19 15:18:36,973] {bash_operator.py:123} INFO - 2017-02-28
[2019-03-19 15:18:36,973] {bash_operator.py:123} INFO - 2017-03-07
[2019-03-19 15:18:36,974] {bash_operator.py:123} INFO - Parameter I passed in
[2019-03-19 15:18:36,974] {bash_operator.py:123} INFO - 2017-02-28
[2019-03-19 15:18:36,974] {bash_operator.py:123} INFO - 2017-03-07
[2019-03-19 15:18:36,974] {bash_operator.py:123} INFO - Parameter I passed in
[2019-03-19 15:18:36,974] {bash_operator.py:123} INFO - 2017-02-28
[2019-03-19 15:18:36,974] {bash_operator.py:123} INFO - 2017-03-07
[2019-03-19 15:18:36,974] {bash_operator.py:123} INFO - Parameter I passed in
[2019-03-19 15:18:36,974] {bash_operator.py:123} INFO - 2017-02-28
[2019-03-19 15:18:36,974] {bash_operator.py:123} INFO - 2017-03-07
[2019-03-19 15:18:36,974] {bash_operator.py:123} INFO - Parameter I passed in
[2019-03-19 15:18:36,974] {bash_operator.py:123} INFO - 2017-02-28
[2019-03-19 15:18:36,974] {bash_operator.py:123} INFO - 2017-03-07
[2019-03-19 15:18:36,974] {bash_operator.py:123} INFO - Parameter I passed in
[2019-03-19 15:18:36,974] {bash_operator.py:127} INFO - Command exited with return code 0
[2019-03-19 15:18:40,599] {logging_mixin.py:95} INFO - [2019-03-19 15:18:40,598] {jobs.py:2527} INFO - Task exited with return code 0
