[2019-03-19 13:47:31,320] {models.py:1359} INFO - Dependencies all met for <TaskInstance: tutorial.templated 2016-08-22T00:00:00+00:00 [queued]>
[2019-03-19 13:47:31,325] {models.py:1359} INFO - Dependencies all met for <TaskInstance: tutorial.templated 2016-08-22T00:00:00+00:00 [queued]>
[2019-03-19 13:47:31,325] {models.py:1571} INFO - 
--------------------------------------------------------------------------------
Starting attempt 1 of 2
--------------------------------------------------------------------------------

[2019-03-19 13:47:31,399] {models.py:1593} INFO - Executing <Task(BashOperator): templated> on 2016-08-22T00:00:00+00:00
[2019-03-19 13:47:31,399] {base_task_runner.py:118} INFO - Running: ['bash', '-c', 'airflow run tutorial templated 2016-08-22T00:00:00+00:00 --job_id 904 --raw -sd DAGS_FOLDER/sql_server_load.py --cfg_path /tmp/tmpny6zirm0']
[2019-03-19 13:47:32,553] {base_task_runner.py:101} INFO - Job 904: Subtask templated [2019-03-19 13:47:32,543] {__init__.py:51} INFO - Using executor SequentialExecutor
[2019-03-19 13:47:33,088] {base_task_runner.py:101} INFO - Job 904: Subtask templated [2019-03-19 13:47:33,081] {models.py:273} INFO - Filling up the DagBag from /home/rsandroni/airflow/dags/sql_server_load.py
[2019-03-19 13:47:33,120] {base_task_runner.py:101} INFO - Job 904: Subtask templated [2019-03-19 13:47:33,117] {cli.py:520} INFO - Running <TaskInstance: tutorial.templated 2016-08-22T00:00:00+00:00 [running]> on host IADAIRP1.globalrs.rack.space
[2019-03-19 13:47:33,169] {bash_operator.py:77} INFO - Tmp dir root location: 
 /tmp
[2019-03-19 13:47:33,169] {bash_operator.py:86} INFO - Exporting the following env vars:
AIRFLOW_CTX_DAG_ID=tutorial
AIRFLOW_CTX_TASK_ID=templated
AIRFLOW_CTX_EXECUTION_DATE=2016-08-22T00:00:00+00:00
AIRFLOW_CTX_DAG_RUN_ID=scheduled__2016-08-22T00:00:00+00:00
[2019-03-19 13:47:33,170] {bash_operator.py:100} INFO - Temporary script location: /tmp/airflowtmp7zsbq7ue/templated_z3qnh7q
[2019-03-19 13:47:33,170] {bash_operator.py:110} INFO - Running command: 
    
        echo "2016-08-22"
        echo "Parameter I passed in"
    
        echo "2016-08-22"
        echo "Parameter I passed in"
    
        echo "2016-08-22"
        echo "Parameter I passed in"
    
        echo "2016-08-22"
        echo "Parameter I passed in"
    
        echo "2016-08-22"
        echo "Parameter I passed in"
    
    
[2019-03-19 13:47:33,234] {bash_operator.py:119} INFO - Output:
[2019-03-19 13:47:33,236] {bash_operator.py:123} INFO - 2016-08-22
[2019-03-19 13:47:33,236] {bash_operator.py:123} INFO - Parameter I passed in
[2019-03-19 13:47:33,236] {bash_operator.py:123} INFO - 2016-08-22
[2019-03-19 13:47:33,236] {bash_operator.py:123} INFO - Parameter I passed in
[2019-03-19 13:47:33,236] {bash_operator.py:123} INFO - 2016-08-22
[2019-03-19 13:47:33,236] {bash_operator.py:123} INFO - Parameter I passed in
[2019-03-19 13:47:33,236] {bash_operator.py:123} INFO - 2016-08-22
[2019-03-19 13:47:33,236] {bash_operator.py:123} INFO - Parameter I passed in
[2019-03-19 13:47:33,236] {bash_operator.py:123} INFO - 2016-08-22
[2019-03-19 13:47:33,236] {bash_operator.py:123} INFO - Parameter I passed in
[2019-03-19 13:47:33,236] {bash_operator.py:127} INFO - Command exited with return code 0
[2019-03-19 13:47:36,309] {logging_mixin.py:95} INFO - [2019-03-19 13:47:36,308] {jobs.py:2527} INFO - Task exited with return code 0
