[2019-03-19 15:08:29,743] {models.py:1359} INFO - Dependencies all met for <TaskInstance: tutorial.print_date 2017-02-07T00:00:00+00:00 [queued]>
[2019-03-19 15:08:29,745] {models.py:1359} INFO - Dependencies all met for <TaskInstance: tutorial.print_date 2017-02-07T00:00:00+00:00 [queued]>
[2019-03-19 15:08:29,746] {models.py:1571} INFO - 
--------------------------------------------------------------------------------
Starting attempt 1 of 2
--------------------------------------------------------------------------------

[2019-03-19 15:08:29,815] {models.py:1593} INFO - Executing <Task(BashOperator): print_date> on 2017-02-07T00:00:00+00:00
[2019-03-19 15:08:29,815] {base_task_runner.py:118} INFO - Running: ['bash', '-c', 'airflow run tutorial print_date 2017-02-07T00:00:00+00:00 --job_id 1238 --raw -sd DAGS_FOLDER/sql_server_load.py --cfg_path /tmp/tmpqohojn6f']
[2019-03-19 15:08:30,912] {base_task_runner.py:101} INFO - Job 1238: Subtask print_date [2019-03-19 15:08:30,911] {__init__.py:51} INFO - Using executor SequentialExecutor
[2019-03-19 15:08:31,382] {base_task_runner.py:101} INFO - Job 1238: Subtask print_date [2019-03-19 15:08:31,376] {models.py:273} INFO - Filling up the DagBag from /home/rsandroni/airflow/dags/sql_server_load.py
[2019-03-19 15:08:31,427] {base_task_runner.py:101} INFO - Job 1238: Subtask print_date [2019-03-19 15:08:31,423] {cli.py:520} INFO - Running <TaskInstance: tutorial.print_date 2017-02-07T00:00:00+00:00 [running]> on host IADAIRP1.globalrs.rack.space
[2019-03-19 15:08:31,469] {bash_operator.py:77} INFO - Tmp dir root location: 
 /tmp
[2019-03-19 15:08:31,469] {bash_operator.py:86} INFO - Exporting the following env vars:
AIRFLOW_CTX_DAG_ID=tutorial
AIRFLOW_CTX_TASK_ID=print_date
AIRFLOW_CTX_EXECUTION_DATE=2017-02-07T00:00:00+00:00
AIRFLOW_CTX_DAG_RUN_ID=scheduled__2017-02-07T00:00:00+00:00
[2019-03-19 15:08:31,470] {bash_operator.py:100} INFO - Temporary script location: /tmp/airflowtmpkw8ytv1s/print_dateoefk7752
[2019-03-19 15:08:31,470] {bash_operator.py:110} INFO - Running command: date
[2019-03-19 15:08:31,507] {bash_operator.py:119} INFO - Output:
[2019-03-19 15:08:31,514] {bash_operator.py:123} INFO - Ter Mar 19 15:08:31 -03 2019
[2019-03-19 15:08:31,514] {bash_operator.py:127} INFO - Command exited with return code 0
[2019-03-19 15:08:34,671] {logging_mixin.py:95} INFO - [2019-03-19 15:08:34,671] {jobs.py:2527} INFO - Task exited with return code 0
