[2019-03-19 10:21:30,938] {models.py:1359} INFO - Dependencies all met for <TaskInstance: tutorial.print_date 2015-06-15T00:00:00+00:00 [queued]>
[2019-03-19 10:21:30,939] {models.py:1359} INFO - Dependencies all met for <TaskInstance: tutorial.print_date 2015-06-15T00:00:00+00:00 [queued]>
[2019-03-19 10:21:30,939] {models.py:1571} INFO - 
--------------------------------------------------------------------------------
Starting attempt 1 of 2
--------------------------------------------------------------------------------

[2019-03-19 10:21:30,961] {models.py:1593} INFO - Executing <Task(BashOperator): print_date> on 2015-06-15T00:00:00+00:00
[2019-03-19 10:21:30,961] {base_task_runner.py:118} INFO - Running: ['bash', '-c', 'airflow run tutorial print_date 2015-06-15T00:00:00+00:00 --job_id 33 --raw -sd DAGS_FOLDER/tutorial.py --cfg_path /tmp/tmpwkg01rtu']
[2019-03-19 10:21:31,579] {base_task_runner.py:101} INFO - Job 33: Subtask print_date [2019-03-19 10:21:31,578] {__init__.py:51} INFO - Using executor SequentialExecutor
[2019-03-19 10:21:31,810] {base_task_runner.py:101} INFO - Job 33: Subtask print_date [2019-03-19 10:21:31,810] {models.py:273} INFO - Filling up the DagBag from /home/rsandroni/airflow/dags/tutorial.py
[2019-03-19 10:21:31,826] {base_task_runner.py:101} INFO - Job 33: Subtask print_date [2019-03-19 10:21:31,824] {cli.py:520} INFO - Running <TaskInstance: tutorial.print_date 2015-06-15T00:00:00+00:00 [running]> on host IADAIRP1.globalrs.rack.space
[2019-03-19 10:21:31,838] {bash_operator.py:77} INFO - Tmp dir root location: 
 /tmp
[2019-03-19 10:21:31,838] {bash_operator.py:86} INFO - Exporting the following env vars:
AIRFLOW_CTX_DAG_ID=tutorial
AIRFLOW_CTX_TASK_ID=print_date
AIRFLOW_CTX_EXECUTION_DATE=2015-06-15T00:00:00+00:00
AIRFLOW_CTX_DAG_RUN_ID=scheduled__2015-06-15T00:00:00+00:00
[2019-03-19 10:21:31,839] {bash_operator.py:100} INFO - Temporary script location: /tmp/airflowtmp1sc8a1o8/print_datevfpejcjz
[2019-03-19 10:21:31,839] {bash_operator.py:110} INFO - Running command: date
[2019-03-19 10:21:31,844] {bash_operator.py:119} INFO - Output:
[2019-03-19 10:21:31,846] {bash_operator.py:123} INFO - Ter Mar 19 10:21:31 -03 2019
[2019-03-19 10:21:31,846] {bash_operator.py:127} INFO - Command exited with return code 0
[2019-03-19 10:21:35,941] {logging_mixin.py:95} INFO - [2019-03-19 10:21:35,940] {jobs.py:2527} INFO - Task exited with return code 0
