[2019-03-19 13:44:26,435] {models.py:1359} INFO - Dependencies all met for <TaskInstance: tutorial.print_date 2016-08-16T00:00:00+00:00 [queued]>
[2019-03-19 13:44:26,437] {models.py:1359} INFO - Dependencies all met for <TaskInstance: tutorial.print_date 2016-08-16T00:00:00+00:00 [queued]>
[2019-03-19 13:44:26,438] {models.py:1571} INFO - 
--------------------------------------------------------------------------------
Starting attempt 1 of 2
--------------------------------------------------------------------------------

[2019-03-19 13:44:26,457] {models.py:1593} INFO - Executing <Task(BashOperator): print_date> on 2016-08-16T00:00:00+00:00
[2019-03-19 13:44:26,457] {base_task_runner.py:118} INFO - Running: ['bash', '-c', 'airflow run tutorial print_date 2016-08-16T00:00:00+00:00 --job_id 889 --raw -sd DAGS_FOLDER/tutorial.py --cfg_path /tmp/tmpk3fg784r']
[2019-03-19 13:44:27,079] {base_task_runner.py:101} INFO - Job 889: Subtask print_date [2019-03-19 13:44:27,079] {__init__.py:51} INFO - Using executor SequentialExecutor
[2019-03-19 13:44:27,313] {base_task_runner.py:101} INFO - Job 889: Subtask print_date [2019-03-19 13:44:27,312] {models.py:273} INFO - Filling up the DagBag from /home/rsandroni/airflow/dags/tutorial.py
[2019-03-19 13:44:27,328] {base_task_runner.py:101} INFO - Job 889: Subtask print_date [2019-03-19 13:44:27,328] {cli.py:520} INFO - Running <TaskInstance: tutorial.print_date 2016-08-16T00:00:00+00:00 [running]> on host IADAIRP1.globalrs.rack.space
[2019-03-19 13:44:27,342] {bash_operator.py:77} INFO - Tmp dir root location: 
 /tmp
[2019-03-19 13:44:27,342] {bash_operator.py:86} INFO - Exporting the following env vars:
AIRFLOW_CTX_DAG_ID=tutorial
AIRFLOW_CTX_TASK_ID=print_date
AIRFLOW_CTX_EXECUTION_DATE=2016-08-16T00:00:00+00:00
AIRFLOW_CTX_DAG_RUN_ID=scheduled__2016-08-16T00:00:00+00:00
[2019-03-19 13:44:27,342] {bash_operator.py:100} INFO - Temporary script location: /tmp/airflowtmpo71n3q6l/print_date4qze1sn4
[2019-03-19 13:44:27,342] {bash_operator.py:110} INFO - Running command: date
[2019-03-19 13:44:27,348] {bash_operator.py:119} INFO - Output:
[2019-03-19 13:44:27,350] {bash_operator.py:123} INFO - Ter Mar 19 13:44:27 -03 2019
[2019-03-19 13:44:27,350] {bash_operator.py:127} INFO - Command exited with return code 0
[2019-03-19 13:44:31,445] {logging_mixin.py:95} INFO - [2019-03-19 13:44:31,445] {jobs.py:2527} INFO - Task exited with return code 0
