[2019-03-21 20:48:00,801] {models.py:1359} INFO - Dependencies all met for <TaskInstance: tutorial.print_date 2018-01-28T00:00:00+00:00 [queued]>
[2019-03-21 20:48:00,804] {models.py:1359} INFO - Dependencies all met for <TaskInstance: tutorial.print_date 2018-01-28T00:00:00+00:00 [queued]>
[2019-03-21 20:48:00,804] {models.py:1571} INFO - 
--------------------------------------------------------------------------------
Starting attempt 1 of 2
--------------------------------------------------------------------------------

[2019-03-21 20:48:00,832] {models.py:1593} INFO - Executing <Task(BashOperator): print_date> on 2018-01-28T00:00:00+00:00
[2019-03-21 20:48:00,833] {base_task_runner.py:118} INFO - Running: ['bash', '-c', 'airflow run tutorial print_date 2018-01-28T00:00:00+00:00 --job_id 2017 --raw -sd DAGS_FOLDER/tutorial.py --cfg_path /tmp/tmp0868hx8j']
[2019-03-21 20:48:01,472] {base_task_runner.py:101} INFO - Job 2017: Subtask print_date [2019-03-21 20:48:01,471] {__init__.py:51} INFO - Using executor SequentialExecutor
[2019-03-21 20:48:01,725] {base_task_runner.py:101} INFO - Job 2017: Subtask print_date [2019-03-21 20:48:01,719] {models.py:273} INFO - Filling up the DagBag from /home/rsandroni/airflow/dags/tutorial.py
[2019-03-21 20:48:01,739] {base_task_runner.py:101} INFO - Job 2017: Subtask print_date [2019-03-21 20:48:01,736] {cli.py:520} INFO - Running <TaskInstance: tutorial.print_date 2018-01-28T00:00:00+00:00 [running]> on host IADAIRP1.globalrs.rack.space
[2019-03-21 20:48:01,749] {bash_operator.py:77} INFO - Tmp dir root location: 
 /tmp
[2019-03-21 20:48:01,749] {bash_operator.py:86} INFO - Exporting the following env vars:
AIRFLOW_CTX_DAG_ID=tutorial
AIRFLOW_CTX_TASK_ID=print_date
AIRFLOW_CTX_EXECUTION_DATE=2018-01-28T00:00:00+00:00
AIRFLOW_CTX_DAG_RUN_ID=scheduled__2018-01-28T00:00:00+00:00
[2019-03-21 20:48:01,750] {bash_operator.py:100} INFO - Temporary script location: /tmp/airflowtmp7p56nv7i/print_date4quxgfxw
[2019-03-21 20:48:01,750] {bash_operator.py:110} INFO - Running command: date
[2019-03-21 20:48:01,755] {bash_operator.py:119} INFO - Output:
[2019-03-21 20:48:01,757] {bash_operator.py:123} INFO - Qui Mar 21 20:48:01 -03 2019
[2019-03-21 20:48:01,757] {bash_operator.py:127} INFO - Command exited with return code 0
[2019-03-21 20:48:05,800] {logging_mixin.py:95} INFO - [2019-03-21 20:48:05,799] {jobs.py:2527} INFO - Task exited with return code 0
