[2019-03-21 18:55:46,529] {models.py:1359} INFO - Dependencies all met for <TaskInstance: tutorial.print_date 2017-11-03T00:00:00+00:00 [queued]>
[2019-03-21 18:55:46,532] {models.py:1359} INFO - Dependencies all met for <TaskInstance: tutorial.print_date 2017-11-03T00:00:00+00:00 [queued]>
[2019-03-21 18:55:46,532] {models.py:1571} INFO - 
--------------------------------------------------------------------------------
Starting attempt 1 of 2
--------------------------------------------------------------------------------

[2019-03-21 18:55:46,546] {models.py:1593} INFO - Executing <Task(BashOperator): print_date> on 2017-11-03T00:00:00+00:00
[2019-03-21 18:55:46,546] {base_task_runner.py:118} INFO - Running: ['bash', '-c', 'airflow run tutorial print_date 2017-11-03T00:00:00+00:00 --job_id 1845 --raw -sd DAGS_FOLDER/tutorial.py --cfg_path /tmp/tmpluryff2r']
[2019-03-21 18:55:47,182] {base_task_runner.py:101} INFO - Job 1845: Subtask print_date [2019-03-21 18:55:47,181] {__init__.py:51} INFO - Using executor SequentialExecutor
[2019-03-21 18:55:47,415] {base_task_runner.py:101} INFO - Job 1845: Subtask print_date [2019-03-21 18:55:47,414] {models.py:273} INFO - Filling up the DagBag from /home/rsandroni/airflow/dags/tutorial.py
[2019-03-21 18:55:47,431] {base_task_runner.py:101} INFO - Job 1845: Subtask print_date [2019-03-21 18:55:47,431] {cli.py:520} INFO - Running <TaskInstance: tutorial.print_date 2017-11-03T00:00:00+00:00 [running]> on host IADAIRP1.globalrs.rack.space
[2019-03-21 18:55:47,444] {bash_operator.py:77} INFO - Tmp dir root location: 
 /tmp
[2019-03-21 18:55:47,444] {bash_operator.py:86} INFO - Exporting the following env vars:
AIRFLOW_CTX_DAG_ID=tutorial
AIRFLOW_CTX_TASK_ID=print_date
AIRFLOW_CTX_EXECUTION_DATE=2017-11-03T00:00:00+00:00
AIRFLOW_CTX_DAG_RUN_ID=scheduled__2017-11-03T00:00:00+00:00
[2019-03-21 18:55:47,445] {bash_operator.py:100} INFO - Temporary script location: /tmp/airflowtmpabe8j719/print_datecej776gw
[2019-03-21 18:55:47,445] {bash_operator.py:110} INFO - Running command: date
[2019-03-21 18:55:47,450] {bash_operator.py:119} INFO - Output:
[2019-03-21 18:55:47,452] {bash_operator.py:123} INFO - Qui Mar 21 18:55:47 -03 2019
[2019-03-21 18:55:47,453] {bash_operator.py:127} INFO - Command exited with return code 0
[2019-03-21 18:55:51,531] {logging_mixin.py:95} INFO - [2019-03-21 18:55:51,530] {jobs.py:2527} INFO - Task exited with return code 0
