[2019-03-21 20:05:51,425] {models.py:1359} INFO - Dependencies all met for <TaskInstance: tutorial.print_date 2017-12-26T00:00:00+00:00 [queued]>
[2019-03-21 20:05:51,428] {models.py:1359} INFO - Dependencies all met for <TaskInstance: tutorial.print_date 2017-12-26T00:00:00+00:00 [queued]>
[2019-03-21 20:05:51,428] {models.py:1571} INFO - 
--------------------------------------------------------------------------------
Starting attempt 1 of 2
--------------------------------------------------------------------------------

[2019-03-21 20:05:51,442] {models.py:1593} INFO - Executing <Task(BashOperator): print_date> on 2017-12-26T00:00:00+00:00
[2019-03-21 20:05:51,442] {base_task_runner.py:118} INFO - Running: ['bash', '-c', 'airflow run tutorial print_date 2017-12-26T00:00:00+00:00 --job_id 1952 --raw -sd DAGS_FOLDER/tutorial.py --cfg_path /tmp/tmpytr1tr00']
[2019-03-21 20:05:52,078] {base_task_runner.py:101} INFO - Job 1952: Subtask print_date [2019-03-21 20:05:52,078] {__init__.py:51} INFO - Using executor SequentialExecutor
[2019-03-21 20:05:52,310] {base_task_runner.py:101} INFO - Job 1952: Subtask print_date [2019-03-21 20:05:52,309] {models.py:273} INFO - Filling up the DagBag from /home/rsandroni/airflow/dags/tutorial.py
[2019-03-21 20:05:52,324] {base_task_runner.py:101} INFO - Job 1952: Subtask print_date [2019-03-21 20:05:52,324] {cli.py:520} INFO - Running <TaskInstance: tutorial.print_date 2017-12-26T00:00:00+00:00 [running]> on host IADAIRP1.globalrs.rack.space
[2019-03-21 20:05:52,337] {bash_operator.py:77} INFO - Tmp dir root location: 
 /tmp
[2019-03-21 20:05:52,337] {bash_operator.py:86} INFO - Exporting the following env vars:
AIRFLOW_CTX_DAG_ID=tutorial
AIRFLOW_CTX_TASK_ID=print_date
AIRFLOW_CTX_EXECUTION_DATE=2017-12-26T00:00:00+00:00
AIRFLOW_CTX_DAG_RUN_ID=scheduled__2017-12-26T00:00:00+00:00
[2019-03-21 20:05:52,338] {bash_operator.py:100} INFO - Temporary script location: /tmp/airflowtmpksvr1jx3/print_datego7nq4yi
[2019-03-21 20:05:52,338] {bash_operator.py:110} INFO - Running command: date
[2019-03-21 20:05:52,344] {bash_operator.py:119} INFO - Output:
[2019-03-21 20:05:52,345] {bash_operator.py:123} INFO - Qui Mar 21 20:05:52 -03 2019
[2019-03-21 20:05:52,345] {bash_operator.py:127} INFO - Command exited with return code 0
[2019-03-21 20:05:56,423] {logging_mixin.py:95} INFO - [2019-03-21 20:05:56,423] {jobs.py:2527} INFO - Task exited with return code 0
