[2019-03-21 18:37:00,267] {models.py:1359} INFO - Dependencies all met for <TaskInstance: tutorial.templated 2017-10-18T00:00:00+00:00 [queued]>
[2019-03-21 18:37:00,272] {models.py:1359} INFO - Dependencies all met for <TaskInstance: tutorial.templated 2017-10-18T00:00:00+00:00 [queued]>
[2019-03-21 18:37:00,272] {models.py:1571} INFO - 
--------------------------------------------------------------------------------
Starting attempt 1 of 2
--------------------------------------------------------------------------------

[2019-03-21 18:37:00,286] {models.py:1593} INFO - Executing <Task(BashOperator): templated> on 2017-10-18T00:00:00+00:00
[2019-03-21 18:37:00,286] {base_task_runner.py:118} INFO - Running: ['bash', '-c', 'airflow run tutorial templated 2017-10-18T00:00:00+00:00 --job_id 1815 --raw -sd DAGS_FOLDER/example_dags/tutorial.py --cfg_path /tmp/tmpww1zld2n']
[2019-03-21 18:37:00,918] {base_task_runner.py:101} INFO - Job 1815: Subtask templated [2019-03-21 18:37:00,917] {__init__.py:51} INFO - Using executor SequentialExecutor
[2019-03-21 18:37:01,183] {base_task_runner.py:101} INFO - Job 1815: Subtask templated [2019-03-21 18:37:01,182] {models.py:273} INFO - Filling up the DagBag from /home/rsandroni/airflow/dags/example_dags/tutorial.py
[2019-03-21 18:37:01,246] {base_task_runner.py:101} INFO - Job 1815: Subtask templated [2019-03-21 18:37:01,245] {cli.py:520} INFO - Running <TaskInstance: tutorial.templated 2017-10-18T00:00:00+00:00 [running]> on host IADAIRP1.globalrs.rack.space
[2019-03-21 18:37:01,262] {bash_operator.py:77} INFO - Tmp dir root location: 
 /tmp
[2019-03-21 18:37:01,262] {bash_operator.py:86} INFO - Exporting the following env vars:
AIRFLOW_CTX_DAG_ID=tutorial
AIRFLOW_CTX_TASK_ID=templated
AIRFLOW_CTX_EXECUTION_DATE=2017-10-18T00:00:00+00:00
AIRFLOW_CTX_DAG_RUN_ID=scheduled__2017-10-18T00:00:00+00:00
[2019-03-21 18:37:01,263] {bash_operator.py:100} INFO - Temporary script location: /tmp/airflowtmpl5jcs71v/templatedxtgp8qcf
[2019-03-21 18:37:01,263] {bash_operator.py:110} INFO - Running command: 

    echo "2017-10-18"
    echo "2017-10-25"
    echo "Parameter I passed in"

    echo "2017-10-18"
    echo "2017-10-25"
    echo "Parameter I passed in"

    echo "2017-10-18"
    echo "2017-10-25"
    echo "Parameter I passed in"

    echo "2017-10-18"
    echo "2017-10-25"
    echo "Parameter I passed in"

    echo "2017-10-18"
    echo "2017-10-25"
    echo "Parameter I passed in"

[2019-03-21 18:37:01,268] {bash_operator.py:119} INFO - Output:
[2019-03-21 18:37:01,269] {bash_operator.py:123} INFO - 2017-10-18
[2019-03-21 18:37:01,269] {bash_operator.py:123} INFO - 2017-10-25
[2019-03-21 18:37:01,269] {bash_operator.py:123} INFO - Parameter I passed in
[2019-03-21 18:37:01,270] {bash_operator.py:123} INFO - 2017-10-18
[2019-03-21 18:37:01,270] {bash_operator.py:123} INFO - 2017-10-25
[2019-03-21 18:37:01,270] {bash_operator.py:123} INFO - Parameter I passed in
[2019-03-21 18:37:01,270] {bash_operator.py:123} INFO - 2017-10-18
[2019-03-21 18:37:01,270] {bash_operator.py:123} INFO - 2017-10-25
[2019-03-21 18:37:01,270] {bash_operator.py:123} INFO - Parameter I passed in
[2019-03-21 18:37:01,270] {bash_operator.py:123} INFO - 2017-10-18
[2019-03-21 18:37:01,270] {bash_operator.py:123} INFO - 2017-10-25
[2019-03-21 18:37:01,270] {bash_operator.py:123} INFO - Parameter I passed in
[2019-03-21 18:37:01,270] {bash_operator.py:123} INFO - 2017-10-18
[2019-03-21 18:37:01,270] {bash_operator.py:123} INFO - 2017-10-25
[2019-03-21 18:37:01,270] {bash_operator.py:123} INFO - Parameter I passed in
[2019-03-21 18:37:01,270] {bash_operator.py:127} INFO - Command exited with return code 0
[2019-03-21 18:37:05,272] {logging_mixin.py:95} INFO - [2019-03-21 18:37:05,271] {jobs.py:2527} INFO - Task exited with return code 0
