[2019-03-22 02:00:00,569] {models.py:1359} INFO - Dependencies all met for <TaskInstance: tutorial.print_date 2018-09-22T00:00:00+00:00 [queued]>
[2019-03-22 02:00:00,574] {models.py:1359} INFO - Dependencies all met for <TaskInstance: tutorial.print_date 2018-09-22T00:00:00+00:00 [queued]>
[2019-03-22 02:00:00,574] {models.py:1571} INFO - 
--------------------------------------------------------------------------------
Starting attempt 1 of 2
--------------------------------------------------------------------------------

[2019-03-22 02:00:00,646] {models.py:1593} INFO - Executing <Task(BashOperator): print_date> on 2018-09-22T00:00:00+00:00
[2019-03-22 02:00:00,646] {base_task_runner.py:118} INFO - Running: ['bash', '-c', 'airflow run tutorial print_date 2018-09-22T00:00:00+00:00 --job_id 2492 --raw -sd DAGS_FOLDER/tutorial.py --cfg_path /tmp/tmpfcrhwpmp']
[2019-03-22 02:00:01,301] {base_task_runner.py:101} INFO - Job 2492: Subtask print_date [2019-03-22 02:00:01,300] {__init__.py:51} INFO - Using executor SequentialExecutor
[2019-03-22 02:00:01,555] {base_task_runner.py:101} INFO - Job 2492: Subtask print_date [2019-03-22 02:00:01,554] {models.py:273} INFO - Filling up the DagBag from /home/rsandroni/airflow/dags/tutorial.py
[2019-03-22 02:00:01,572] {base_task_runner.py:101} INFO - Job 2492: Subtask print_date [2019-03-22 02:00:01,570] {cli.py:520} INFO - Running <TaskInstance: tutorial.print_date 2018-09-22T00:00:00+00:00 [running]> on host IADAIRP1.globalrs.rack.space
[2019-03-22 02:00:01,584] {bash_operator.py:77} INFO - Tmp dir root location: 
 /tmp
[2019-03-22 02:00:01,584] {bash_operator.py:86} INFO - Exporting the following env vars:
AIRFLOW_CTX_DAG_ID=tutorial
AIRFLOW_CTX_TASK_ID=print_date
AIRFLOW_CTX_EXECUTION_DATE=2018-09-22T00:00:00+00:00
AIRFLOW_CTX_DAG_RUN_ID=scheduled__2018-09-22T00:00:00+00:00
[2019-03-22 02:00:01,584] {bash_operator.py:100} INFO - Temporary script location: /tmp/airflowtmpdzda7rrw/print_datebq85qqnw
[2019-03-22 02:00:01,584] {bash_operator.py:110} INFO - Running command: date
[2019-03-22 02:00:01,590] {bash_operator.py:119} INFO - Output:
[2019-03-22 02:00:01,592] {bash_operator.py:123} INFO - Sex Mar 22 02:00:01 -03 2019
[2019-03-22 02:00:01,592] {bash_operator.py:127} INFO - Command exited with return code 0
[2019-03-22 02:00:05,602] {logging_mixin.py:95} INFO - [2019-03-22 02:00:05,601] {jobs.py:2527} INFO - Task exited with return code 0
