[2019-03-19 12:52:51,646] {models.py:1359} INFO - Dependencies all met for <TaskInstance: tutorial.templated 2016-04-28T00:00:00+00:00 [queued]>
[2019-03-19 12:52:51,651] {models.py:1359} INFO - Dependencies all met for <TaskInstance: tutorial.templated 2016-04-28T00:00:00+00:00 [queued]>
[2019-03-19 12:52:51,651] {models.py:1571} INFO - 
--------------------------------------------------------------------------------
Starting attempt 1 of 2
--------------------------------------------------------------------------------

[2019-03-19 12:52:51,719] {models.py:1593} INFO - Executing <Task(BashOperator): templated> on 2016-04-28T00:00:00+00:00
[2019-03-19 12:52:51,720] {base_task_runner.py:118} INFO - Running: ['bash', '-c', 'airflow run tutorial templated 2016-04-28T00:00:00+00:00 --job_id 671 --raw -sd DAGS_FOLDER/example_dags/tutorial.py --cfg_path /tmp/tmprp65ee_c']
[2019-03-19 12:52:53,865] {base_task_runner.py:101} INFO - Job 671: Subtask templated [2019-03-19 12:52:53,860] {__init__.py:51} INFO - Using executor SequentialExecutor
[2019-03-19 12:52:54,625] {base_task_runner.py:101} INFO - Job 671: Subtask templated [2019-03-19 12:52:54,618] {models.py:273} INFO - Filling up the DagBag from /home/rsandroni/airflow/dags/example_dags/tutorial.py
[2019-03-19 12:52:54,753] {base_task_runner.py:101} INFO - Job 671: Subtask templated [2019-03-19 12:52:54,748] {cli.py:520} INFO - Running <TaskInstance: tutorial.templated 2016-04-28T00:00:00+00:00 [running]> on host IADAIRP1.globalrs.rack.space
[2019-03-19 12:52:54,792] {bash_operator.py:77} INFO - Tmp dir root location: 
 /tmp
[2019-03-19 12:52:54,792] {bash_operator.py:86} INFO - Exporting the following env vars:
AIRFLOW_CTX_DAG_ID=tutorial
AIRFLOW_CTX_TASK_ID=templated
AIRFLOW_CTX_EXECUTION_DATE=2016-04-28T00:00:00+00:00
AIRFLOW_CTX_DAG_RUN_ID=scheduled__2016-04-28T00:00:00+00:00
[2019-03-19 12:52:54,793] {bash_operator.py:100} INFO - Temporary script location: /tmp/airflowtmpqc1ij0fc/templatedjp14v8uz
[2019-03-19 12:52:54,793] {bash_operator.py:110} INFO - Running command: 

    echo "2016-04-28"
    echo "2016-05-05"
    echo "Parameter I passed in"

    echo "2016-04-28"
    echo "2016-05-05"
    echo "Parameter I passed in"

    echo "2016-04-28"
    echo "2016-05-05"
    echo "Parameter I passed in"

    echo "2016-04-28"
    echo "2016-05-05"
    echo "Parameter I passed in"

    echo "2016-04-28"
    echo "2016-05-05"
    echo "Parameter I passed in"

[2019-03-19 12:52:54,834] {bash_operator.py:119} INFO - Output:
[2019-03-19 12:52:54,835] {bash_operator.py:123} INFO - 2016-04-28
[2019-03-19 12:52:54,835] {bash_operator.py:123} INFO - 2016-05-05
[2019-03-19 12:52:54,835] {bash_operator.py:123} INFO - Parameter I passed in
[2019-03-19 12:52:54,835] {bash_operator.py:123} INFO - 2016-04-28
[2019-03-19 12:52:54,835] {bash_operator.py:123} INFO - 2016-05-05
[2019-03-19 12:52:54,835] {bash_operator.py:123} INFO - Parameter I passed in
[2019-03-19 12:52:54,835] {bash_operator.py:123} INFO - 2016-04-28
[2019-03-19 12:52:54,835] {bash_operator.py:123} INFO - 2016-05-05
[2019-03-19 12:52:54,835] {bash_operator.py:123} INFO - Parameter I passed in
[2019-03-19 12:52:54,835] {bash_operator.py:123} INFO - 2016-04-28
[2019-03-19 12:52:54,835] {bash_operator.py:123} INFO - 2016-05-05
[2019-03-19 12:52:54,835] {bash_operator.py:123} INFO - Parameter I passed in
[2019-03-19 12:52:54,835] {bash_operator.py:123} INFO - 2016-04-28
[2019-03-19 12:52:54,835] {bash_operator.py:123} INFO - 2016-05-05
[2019-03-19 12:52:54,835] {bash_operator.py:123} INFO - Parameter I passed in
[2019-03-19 12:52:54,835] {bash_operator.py:127} INFO - Command exited with return code 0
[2019-03-19 12:52:56,597] {logging_mixin.py:95} INFO - [2019-03-19 12:52:56,596] {jobs.py:2527} INFO - Task exited with return code 0
