[2019-03-21 23:13:12,735] {models.py:1359} INFO - Dependencies all met for <TaskInstance: tutorial.templated 2018-05-17T00:00:00+00:00 [queued]>
[2019-03-21 23:13:12,740] {models.py:1359} INFO - Dependencies all met for <TaskInstance: tutorial.templated 2018-05-17T00:00:00+00:00 [queued]>
[2019-03-21 23:13:12,740] {models.py:1571} INFO - 
--------------------------------------------------------------------------------
Starting attempt 1 of 2
--------------------------------------------------------------------------------

[2019-03-21 23:13:12,754] {models.py:1593} INFO - Executing <Task(BashOperator): templated> on 2018-05-17T00:00:00+00:00
[2019-03-21 23:13:12,754] {base_task_runner.py:118} INFO - Running: ['bash', '-c', 'airflow run tutorial templated 2018-05-17T00:00:00+00:00 --job_id 2238 --raw -sd DAGS_FOLDER/example_dags/tutorial.py --cfg_path /tmp/tmpyoeeub42']
[2019-03-21 23:13:13,388] {base_task_runner.py:101} INFO - Job 2238: Subtask templated [2019-03-21 23:13:13,387] {__init__.py:51} INFO - Using executor SequentialExecutor
[2019-03-21 23:13:13,615] {base_task_runner.py:101} INFO - Job 2238: Subtask templated [2019-03-21 23:13:13,615] {models.py:273} INFO - Filling up the DagBag from /home/rsandroni/airflow/dags/example_dags/tutorial.py
[2019-03-21 23:13:13,679] {base_task_runner.py:101} INFO - Job 2238: Subtask templated [2019-03-21 23:13:13,679] {cli.py:520} INFO - Running <TaskInstance: tutorial.templated 2018-05-17T00:00:00+00:00 [running]> on host IADAIRP1.globalrs.rack.space
[2019-03-21 23:13:13,697] {bash_operator.py:77} INFO - Tmp dir root location: 
 /tmp
[2019-03-21 23:13:13,698] {bash_operator.py:86} INFO - Exporting the following env vars:
AIRFLOW_CTX_DAG_ID=tutorial
AIRFLOW_CTX_TASK_ID=templated
AIRFLOW_CTX_EXECUTION_DATE=2018-05-17T00:00:00+00:00
AIRFLOW_CTX_DAG_RUN_ID=scheduled__2018-05-17T00:00:00+00:00
[2019-03-21 23:13:13,698] {bash_operator.py:100} INFO - Temporary script location: /tmp/airflowtmpxjtkuamn/templated94hvt1rs
[2019-03-21 23:13:13,698] {bash_operator.py:110} INFO - Running command: 

    echo "2018-05-17"
    echo "2018-05-24"
    echo "Parameter I passed in"

    echo "2018-05-17"
    echo "2018-05-24"
    echo "Parameter I passed in"

    echo "2018-05-17"
    echo "2018-05-24"
    echo "Parameter I passed in"

    echo "2018-05-17"
    echo "2018-05-24"
    echo "Parameter I passed in"

    echo "2018-05-17"
    echo "2018-05-24"
    echo "Parameter I passed in"

[2019-03-21 23:13:13,704] {bash_operator.py:119} INFO - Output:
[2019-03-21 23:13:13,705] {bash_operator.py:123} INFO - 2018-05-17
[2019-03-21 23:13:13,705] {bash_operator.py:123} INFO - 2018-05-24
[2019-03-21 23:13:13,705] {bash_operator.py:123} INFO - Parameter I passed in
[2019-03-21 23:13:13,705] {bash_operator.py:123} INFO - 2018-05-17
[2019-03-21 23:13:13,705] {bash_operator.py:123} INFO - 2018-05-24
[2019-03-21 23:13:13,705] {bash_operator.py:123} INFO - Parameter I passed in
[2019-03-21 23:13:13,705] {bash_operator.py:123} INFO - 2018-05-17
[2019-03-21 23:13:13,705] {bash_operator.py:123} INFO - 2018-05-24
[2019-03-21 23:13:13,705] {bash_operator.py:123} INFO - Parameter I passed in
[2019-03-21 23:13:13,705] {bash_operator.py:123} INFO - 2018-05-17
[2019-03-21 23:13:13,705] {bash_operator.py:123} INFO - 2018-05-24
[2019-03-21 23:13:13,705] {bash_operator.py:123} INFO - Parameter I passed in
[2019-03-21 23:13:13,705] {bash_operator.py:123} INFO - 2018-05-17
[2019-03-21 23:13:13,705] {bash_operator.py:123} INFO - 2018-05-24
[2019-03-21 23:13:13,705] {bash_operator.py:123} INFO - Parameter I passed in
[2019-03-21 23:13:13,706] {bash_operator.py:127} INFO - Command exited with return code 0
[2019-03-21 23:13:17,733] {logging_mixin.py:95} INFO - [2019-03-21 23:13:17,732] {jobs.py:2527} INFO - Task exited with return code 0
