[2019-03-19 14:27:21,325] {models.py:1359} INFO - Dependencies all met for <TaskInstance: tutorial.print_date 2016-11-10T00:00:00+00:00 [queued]>
[2019-03-19 14:27:21,328] {models.py:1359} INFO - Dependencies all met for <TaskInstance: tutorial.print_date 2016-11-10T00:00:00+00:00 [queued]>
[2019-03-19 14:27:21,328] {models.py:1571} INFO - 
--------------------------------------------------------------------------------
Starting attempt 1 of 2
--------------------------------------------------------------------------------

[2019-03-19 14:27:21,415] {models.py:1593} INFO - Executing <Task(BashOperator): print_date> on 2016-11-10T00:00:00+00:00
[2019-03-19 14:27:21,415] {base_task_runner.py:118} INFO - Running: ['bash', '-c', 'airflow run tutorial print_date 2016-11-10T00:00:00+00:00 --job_id 1062 --raw -sd DAGS_FOLDER/tutorial.py --cfg_path /tmp/tmpq258yfmv']
[2019-03-19 14:27:23,189] {base_task_runner.py:101} INFO - Job 1062: Subtask print_date [2019-03-19 14:27:23,169] {__init__.py:51} INFO - Using executor SequentialExecutor
[2019-03-19 14:27:23,944] {base_task_runner.py:101} INFO - Job 1062: Subtask print_date [2019-03-19 14:27:23,943] {models.py:273} INFO - Filling up the DagBag from /home/rsandroni/airflow/dags/tutorial.py
[2019-03-19 14:27:24,013] {base_task_runner.py:101} INFO - Job 1062: Subtask print_date [2019-03-19 14:27:24,007] {cli.py:520} INFO - Running <TaskInstance: tutorial.print_date 2016-11-10T00:00:00+00:00 [running]> on host IADAIRP1.globalrs.rack.space
[2019-03-19 14:27:24,041] {bash_operator.py:77} INFO - Tmp dir root location: 
 /tmp
[2019-03-19 14:27:24,042] {bash_operator.py:86} INFO - Exporting the following env vars:
AIRFLOW_CTX_DAG_ID=tutorial
AIRFLOW_CTX_TASK_ID=print_date
AIRFLOW_CTX_EXECUTION_DATE=2016-11-10T00:00:00+00:00
AIRFLOW_CTX_DAG_RUN_ID=scheduled__2016-11-10T00:00:00+00:00
[2019-03-19 14:27:24,042] {bash_operator.py:100} INFO - Temporary script location: /tmp/airflowtmpwvko0r10/print_date4xctc9yi
[2019-03-19 14:27:24,042] {bash_operator.py:110} INFO - Running command: date
[2019-03-19 14:27:24,134] {bash_operator.py:119} INFO - Output:
[2019-03-19 14:27:24,173] {bash_operator.py:123} INFO - Ter Mar 19 14:27:24 -03 2019
[2019-03-19 14:27:24,183] {bash_operator.py:127} INFO - Command exited with return code 0
[2019-03-19 14:27:26,320] {logging_mixin.py:95} INFO - [2019-03-19 14:27:26,319] {jobs.py:2527} INFO - Task exited with return code 0
