[2019-03-21 20:47:16,297] {models.py:1359} INFO - Dependencies all met for <TaskInstance: tutorial.templated 2018-01-25T00:00:00+00:00 [queued]>
[2019-03-21 20:47:16,312] {models.py:1359} INFO - Dependencies all met for <TaskInstance: tutorial.templated 2018-01-25T00:00:00+00:00 [queued]>
[2019-03-21 20:47:16,312] {models.py:1571} INFO - 
--------------------------------------------------------------------------------
Starting attempt 1 of 2
--------------------------------------------------------------------------------

[2019-03-21 20:47:16,360] {models.py:1593} INFO - Executing <Task(BashOperator): templated> on 2018-01-25T00:00:00+00:00
[2019-03-21 20:47:16,361] {base_task_runner.py:118} INFO - Running: ['bash', '-c', 'airflow run tutorial templated 2018-01-25T00:00:00+00:00 --job_id 2014 --raw -sd DAGS_FOLDER/example_dags/tutorial.py --cfg_path /tmp/tmp_dxq6gya']
[2019-03-21 20:47:17,250] {base_task_runner.py:101} INFO - Job 2014: Subtask templated [2019-03-21 20:47:17,248] {__init__.py:51} INFO - Using executor SequentialExecutor
[2019-03-21 20:47:17,628] {base_task_runner.py:101} INFO - Job 2014: Subtask templated [2019-03-21 20:47:17,627] {models.py:273} INFO - Filling up the DagBag from /home/rsandroni/airflow/dags/example_dags/tutorial.py
[2019-03-21 20:47:17,695] {base_task_runner.py:101} INFO - Job 2014: Subtask templated [2019-03-21 20:47:17,694] {cli.py:520} INFO - Running <TaskInstance: tutorial.templated 2018-01-25T00:00:00+00:00 [running]> on host IADAIRP1.globalrs.rack.space
[2019-03-21 20:47:17,720] {bash_operator.py:77} INFO - Tmp dir root location: 
 /tmp
[2019-03-21 20:47:17,721] {bash_operator.py:86} INFO - Exporting the following env vars:
AIRFLOW_CTX_DAG_ID=tutorial
AIRFLOW_CTX_TASK_ID=templated
AIRFLOW_CTX_EXECUTION_DATE=2018-01-25T00:00:00+00:00
AIRFLOW_CTX_DAG_RUN_ID=scheduled__2018-01-25T00:00:00+00:00
[2019-03-21 20:47:17,722] {bash_operator.py:100} INFO - Temporary script location: /tmp/airflowtmp6px8x92r/templated9dl6ws9w
[2019-03-21 20:47:17,722] {bash_operator.py:110} INFO - Running command: 

    echo "2018-01-25"
    echo "2018-02-01"
    echo "Parameter I passed in"

    echo "2018-01-25"
    echo "2018-02-01"
    echo "Parameter I passed in"

    echo "2018-01-25"
    echo "2018-02-01"
    echo "Parameter I passed in"

    echo "2018-01-25"
    echo "2018-02-01"
    echo "Parameter I passed in"

    echo "2018-01-25"
    echo "2018-02-01"
    echo "Parameter I passed in"

[2019-03-21 20:47:17,728] {bash_operator.py:119} INFO - Output:
[2019-03-21 20:47:17,729] {bash_operator.py:123} INFO - 2018-01-25
[2019-03-21 20:47:17,729] {bash_operator.py:123} INFO - 2018-02-01
[2019-03-21 20:47:17,729] {bash_operator.py:123} INFO - Parameter I passed in
[2019-03-21 20:47:17,729] {bash_operator.py:123} INFO - 2018-01-25
[2019-03-21 20:47:17,729] {bash_operator.py:123} INFO - 2018-02-01
[2019-03-21 20:47:17,730] {bash_operator.py:123} INFO - Parameter I passed in
[2019-03-21 20:47:17,730] {bash_operator.py:123} INFO - 2018-01-25
[2019-03-21 20:47:17,730] {bash_operator.py:123} INFO - 2018-02-01
[2019-03-21 20:47:17,730] {bash_operator.py:123} INFO - Parameter I passed in
[2019-03-21 20:47:17,730] {bash_operator.py:123} INFO - 2018-01-25
[2019-03-21 20:47:17,730] {bash_operator.py:123} INFO - 2018-02-01
[2019-03-21 20:47:17,730] {bash_operator.py:123} INFO - Parameter I passed in
[2019-03-21 20:47:17,730] {bash_operator.py:123} INFO - 2018-01-25
[2019-03-21 20:47:17,730] {bash_operator.py:123} INFO - 2018-02-01
[2019-03-21 20:47:17,730] {bash_operator.py:123} INFO - Parameter I passed in
[2019-03-21 20:47:17,730] {bash_operator.py:127} INFO - Command exited with return code 0
[2019-03-21 20:47:21,336] {logging_mixin.py:95} INFO - [2019-03-21 20:47:21,335] {jobs.py:2527} INFO - Task exited with return code 0
