[2019-03-21 17:32:52,200] {models.py:1359} INFO - Dependencies all met for <TaskInstance: tutorial.print_date 2017-07-20T00:00:00+00:00 [queued]>
[2019-03-21 17:32:52,204] {models.py:1359} INFO - Dependencies all met for <TaskInstance: tutorial.print_date 2017-07-20T00:00:00+00:00 [queued]>
[2019-03-21 17:32:52,204] {models.py:1571} INFO - 
--------------------------------------------------------------------------------
Starting attempt 1 of 2
--------------------------------------------------------------------------------

[2019-03-21 17:32:52,252] {models.py:1593} INFO - Executing <Task(BashOperator): print_date> on 2017-07-20T00:00:00+00:00
[2019-03-21 17:32:52,252] {base_task_runner.py:118} INFO - Running: ['bash', '-c', 'airflow run tutorial print_date 2017-07-20T00:00:00+00:00 --job_id 1599 --raw -sd DAGS_FOLDER/tutorial.py --cfg_path /tmp/tmp8duh__9r']
[2019-03-21 17:32:56,018] {base_task_runner.py:101} INFO - Job 1599: Subtask print_date [2019-03-21 17:32:55,995] {__init__.py:51} INFO - Using executor SequentialExecutor
[2019-03-21 17:32:57,322] {base_task_runner.py:101} INFO - Job 1599: Subtask print_date [2019-03-21 17:32:57,316] {models.py:273} INFO - Filling up the DagBag from /home/rsandroni/airflow/dags/tutorial.py
[2019-03-21 17:32:57,430] {base_task_runner.py:101} INFO - Job 1599: Subtask print_date [2019-03-21 17:32:57,425] {cli.py:520} INFO - Running <TaskInstance: tutorial.print_date 2017-07-20T00:00:00+00:00 [running]> on host IADAIRP1.globalrs.rack.space
[2019-03-21 17:32:57,507] {bash_operator.py:77} INFO - Tmp dir root location: 
 /tmp
[2019-03-21 17:32:57,507] {bash_operator.py:86} INFO - Exporting the following env vars:
AIRFLOW_CTX_DAG_ID=tutorial
AIRFLOW_CTX_TASK_ID=print_date
AIRFLOW_CTX_EXECUTION_DATE=2017-07-20T00:00:00+00:00
AIRFLOW_CTX_DAG_RUN_ID=scheduled__2017-07-20T00:00:00+00:00
[2019-03-21 17:32:57,508] {bash_operator.py:100} INFO - Temporary script location: /tmp/airflowtmphaap690a/print_dateal5ietao
[2019-03-21 17:32:57,508] {bash_operator.py:110} INFO - Running command: date
[2019-03-21 17:32:57,622] {bash_operator.py:119} INFO - Output:
[2019-03-21 17:32:57,674] {bash_operator.py:123} INFO - Qui Mar 21 17:32:57 -03 2019
[2019-03-21 17:32:57,676] {bash_operator.py:127} INFO - Command exited with return code 0
[2019-03-21 17:33:02,257] {logging_mixin.py:95} INFO - [2019-03-21 17:33:02,256] {jobs.py:2527} INFO - Task exited with return code 0
