[2019-03-22 00:05:34,791] {models.py:1359} INFO - Dependencies all met for <TaskInstance: tutorial.templated 2018-06-27T00:00:00+00:00 [queued]>
[2019-03-22 00:05:34,797] {models.py:1359} INFO - Dependencies all met for <TaskInstance: tutorial.templated 2018-06-27T00:00:00+00:00 [queued]>
[2019-03-22 00:05:34,797] {models.py:1571} INFO - 
--------------------------------------------------------------------------------
Starting attempt 1 of 2
--------------------------------------------------------------------------------

[2019-03-22 00:05:34,869] {models.py:1593} INFO - Executing <Task(BashOperator): templated> on 2018-06-27T00:00:00+00:00
[2019-03-22 00:05:34,869] {base_task_runner.py:118} INFO - Running: ['bash', '-c', 'airflow run tutorial templated 2018-06-27T00:00:00+00:00 --job_id 2319 --raw -sd DAGS_FOLDER/example_dags/tutorial.py --cfg_path /tmp/tmp1jpm122m']
[2019-03-22 00:05:36,943] {base_task_runner.py:101} INFO - Job 2319: Subtask templated [2019-03-22 00:05:36,943] {__init__.py:51} INFO - Using executor SequentialExecutor
[2019-03-22 00:05:38,429] {base_task_runner.py:101} INFO - Job 2319: Subtask templated [2019-03-22 00:05:38,419] {models.py:273} INFO - Filling up the DagBag from /home/rsandroni/airflow/dags/example_dags/tutorial.py
[2019-03-22 00:05:38,801] {base_task_runner.py:101} INFO - Job 2319: Subtask templated [2019-03-22 00:05:38,796] {cli.py:520} INFO - Running <TaskInstance: tutorial.templated 2018-06-27T00:00:00+00:00 [running]> on host IADAIRP1.globalrs.rack.space
[2019-03-22 00:05:38,884] {bash_operator.py:77} INFO - Tmp dir root location: 
 /tmp
[2019-03-22 00:05:38,885] {bash_operator.py:86} INFO - Exporting the following env vars:
AIRFLOW_CTX_DAG_ID=tutorial
AIRFLOW_CTX_TASK_ID=templated
AIRFLOW_CTX_EXECUTION_DATE=2018-06-27T00:00:00+00:00
AIRFLOW_CTX_DAG_RUN_ID=scheduled__2018-06-27T00:00:00+00:00
[2019-03-22 00:05:38,886] {bash_operator.py:100} INFO - Temporary script location: /tmp/airflowtmp4k0halg1/templated3l2pf_xx
[2019-03-22 00:05:38,886] {bash_operator.py:110} INFO - Running command: 

    echo "2018-06-27"
    echo "2018-07-04"
    echo "Parameter I passed in"

    echo "2018-06-27"
    echo "2018-07-04"
    echo "Parameter I passed in"

    echo "2018-06-27"
    echo "2018-07-04"
    echo "Parameter I passed in"

    echo "2018-06-27"
    echo "2018-07-04"
    echo "Parameter I passed in"

    echo "2018-06-27"
    echo "2018-07-04"
    echo "Parameter I passed in"

[2019-03-22 00:05:38,997] {bash_operator.py:119} INFO - Output:
[2019-03-22 00:05:38,998] {bash_operator.py:123} INFO - 2018-06-27
[2019-03-22 00:05:38,998] {bash_operator.py:123} INFO - 2018-07-04
[2019-03-22 00:05:38,998] {bash_operator.py:123} INFO - Parameter I passed in
[2019-03-22 00:05:38,998] {bash_operator.py:123} INFO - 2018-06-27
[2019-03-22 00:05:38,998] {bash_operator.py:123} INFO - 2018-07-04
[2019-03-22 00:05:38,998] {bash_operator.py:123} INFO - Parameter I passed in
[2019-03-22 00:05:38,998] {bash_operator.py:123} INFO - 2018-06-27
[2019-03-22 00:05:38,998] {bash_operator.py:123} INFO - 2018-07-04
[2019-03-22 00:05:38,998] {bash_operator.py:123} INFO - Parameter I passed in
[2019-03-22 00:05:38,998] {bash_operator.py:123} INFO - 2018-06-27
[2019-03-22 00:05:38,998] {bash_operator.py:123} INFO - 2018-07-04
[2019-03-22 00:05:38,998] {bash_operator.py:123} INFO - Parameter I passed in
[2019-03-22 00:05:38,998] {bash_operator.py:123} INFO - 2018-06-27
[2019-03-22 00:05:38,999] {bash_operator.py:123} INFO - 2018-07-04
[2019-03-22 00:05:38,999] {bash_operator.py:123} INFO - Parameter I passed in
[2019-03-22 00:05:38,999] {bash_operator.py:127} INFO - Command exited with return code 0
[2019-03-22 00:05:39,750] {logging_mixin.py:95} INFO - [2019-03-22 00:05:39,749] {jobs.py:2527} INFO - Task exited with return code 0
