[2019-03-21 20:39:59,947] {models.py:1359} INFO - Dependencies all met for <TaskInstance: tutorial.print_date 2018-01-21T00:00:00+00:00 [queued]>
[2019-03-21 20:39:59,950] {models.py:1359} INFO - Dependencies all met for <TaskInstance: tutorial.print_date 2018-01-21T00:00:00+00:00 [queued]>
[2019-03-21 20:39:59,950] {models.py:1571} INFO - 
--------------------------------------------------------------------------------
Starting attempt 1 of 2
--------------------------------------------------------------------------------

[2019-03-21 20:39:59,984] {models.py:1593} INFO - Executing <Task(BashOperator): print_date> on 2018-01-21T00:00:00+00:00
[2019-03-21 20:39:59,984] {base_task_runner.py:118} INFO - Running: ['bash', '-c', 'airflow run tutorial print_date 2018-01-21T00:00:00+00:00 --job_id 2004 --raw -sd DAGS_FOLDER/tutorial.py --cfg_path /tmp/tmpn89zmo4x']
[2019-03-21 20:40:00,700] {base_task_runner.py:101} INFO - Job 2004: Subtask print_date [2019-03-21 20:40:00,699] {__init__.py:51} INFO - Using executor SequentialExecutor
[2019-03-21 20:40:00,971] {base_task_runner.py:101} INFO - Job 2004: Subtask print_date [2019-03-21 20:40:00,970] {models.py:273} INFO - Filling up the DagBag from /home/rsandroni/airflow/dags/tutorial.py
[2019-03-21 20:40:00,985] {base_task_runner.py:101} INFO - Job 2004: Subtask print_date [2019-03-21 20:40:00,985] {cli.py:520} INFO - Running <TaskInstance: tutorial.print_date 2018-01-21T00:00:00+00:00 [running]> on host IADAIRP1.globalrs.rack.space
[2019-03-21 20:40:00,998] {bash_operator.py:77} INFO - Tmp dir root location: 
 /tmp
[2019-03-21 20:40:00,998] {bash_operator.py:86} INFO - Exporting the following env vars:
AIRFLOW_CTX_DAG_ID=tutorial
AIRFLOW_CTX_TASK_ID=print_date
AIRFLOW_CTX_EXECUTION_DATE=2018-01-21T00:00:00+00:00
AIRFLOW_CTX_DAG_RUN_ID=scheduled__2018-01-21T00:00:00+00:00
[2019-03-21 20:40:00,998] {bash_operator.py:100} INFO - Temporary script location: /tmp/airflowtmpjaos90kr/print_date9x0wtf8c
[2019-03-21 20:40:00,998] {bash_operator.py:110} INFO - Running command: date
[2019-03-21 20:40:01,006] {bash_operator.py:119} INFO - Output:
[2019-03-21 20:40:01,008] {bash_operator.py:123} INFO - Qui Mar 21 20:40:01 -03 2019
[2019-03-21 20:40:01,008] {bash_operator.py:127} INFO - Command exited with return code 0
[2019-03-21 20:40:05,030] {logging_mixin.py:95} INFO - [2019-03-21 20:40:05,029] {jobs.py:2527} INFO - Task exited with return code 0
