[2019-03-22 01:48:57,732] {models.py:1359} INFO - Dependencies all met for <TaskInstance: tutorial.templated 2018-09-13T00:00:00+00:00 [queued]>
[2019-03-22 01:48:57,737] {models.py:1359} INFO - Dependencies all met for <TaskInstance: tutorial.templated 2018-09-13T00:00:00+00:00 [queued]>
[2019-03-22 01:48:57,738] {models.py:1571} INFO - 
--------------------------------------------------------------------------------
Starting attempt 1 of 2
--------------------------------------------------------------------------------

[2019-03-22 01:48:57,749] {models.py:1593} INFO - Executing <Task(BashOperator): templated> on 2018-09-13T00:00:00+00:00
[2019-03-22 01:48:57,750] {base_task_runner.py:118} INFO - Running: ['bash', '-c', 'airflow run tutorial templated 2018-09-13T00:00:00+00:00 --job_id 2475 --raw -sd DAGS_FOLDER/example_dags/tutorial.py --cfg_path /tmp/tmpga2skiwn']
[2019-03-22 01:48:58,423] {base_task_runner.py:101} INFO - Job 2475: Subtask templated [2019-03-22 01:48:58,423] {__init__.py:51} INFO - Using executor SequentialExecutor
[2019-03-22 01:48:58,763] {base_task_runner.py:101} INFO - Job 2475: Subtask templated [2019-03-22 01:48:58,760] {models.py:273} INFO - Filling up the DagBag from /home/rsandroni/airflow/dags/example_dags/tutorial.py
[2019-03-22 01:48:58,839] {base_task_runner.py:101} INFO - Job 2475: Subtask templated [2019-03-22 01:48:58,835] {cli.py:520} INFO - Running <TaskInstance: tutorial.templated 2018-09-13T00:00:00+00:00 [running]> on host IADAIRP1.globalrs.rack.space
[2019-03-22 01:48:58,859] {bash_operator.py:77} INFO - Tmp dir root location: 
 /tmp
[2019-03-22 01:48:58,860] {bash_operator.py:86} INFO - Exporting the following env vars:
AIRFLOW_CTX_DAG_ID=tutorial
AIRFLOW_CTX_TASK_ID=templated
AIRFLOW_CTX_EXECUTION_DATE=2018-09-13T00:00:00+00:00
AIRFLOW_CTX_DAG_RUN_ID=scheduled__2018-09-13T00:00:00+00:00
[2019-03-22 01:48:58,861] {bash_operator.py:100} INFO - Temporary script location: /tmp/airflowtmp9tyvwymb/templatedwpy2fbrp
[2019-03-22 01:48:58,861] {bash_operator.py:110} INFO - Running command: 

    echo "2018-09-13"
    echo "2018-09-20"
    echo "Parameter I passed in"

    echo "2018-09-13"
    echo "2018-09-20"
    echo "Parameter I passed in"

    echo "2018-09-13"
    echo "2018-09-20"
    echo "Parameter I passed in"

    echo "2018-09-13"
    echo "2018-09-20"
    echo "Parameter I passed in"

    echo "2018-09-13"
    echo "2018-09-20"
    echo "Parameter I passed in"

[2019-03-22 01:48:58,868] {bash_operator.py:119} INFO - Output:
[2019-03-22 01:48:58,869] {bash_operator.py:123} INFO - 2018-09-13
[2019-03-22 01:48:58,869] {bash_operator.py:123} INFO - 2018-09-20
[2019-03-22 01:48:58,869] {bash_operator.py:123} INFO - Parameter I passed in
[2019-03-22 01:48:58,869] {bash_operator.py:123} INFO - 2018-09-13
[2019-03-22 01:48:58,870] {bash_operator.py:123} INFO - 2018-09-20
[2019-03-22 01:48:58,870] {bash_operator.py:123} INFO - Parameter I passed in
[2019-03-22 01:48:58,870] {bash_operator.py:123} INFO - 2018-09-13
[2019-03-22 01:48:58,870] {bash_operator.py:123} INFO - 2018-09-20
[2019-03-22 01:48:58,870] {bash_operator.py:123} INFO - Parameter I passed in
[2019-03-22 01:48:58,870] {bash_operator.py:123} INFO - 2018-09-13
[2019-03-22 01:48:58,870] {bash_operator.py:123} INFO - 2018-09-20
[2019-03-22 01:48:58,870] {bash_operator.py:123} INFO - Parameter I passed in
[2019-03-22 01:48:58,870] {bash_operator.py:123} INFO - 2018-09-13
[2019-03-22 01:48:58,870] {bash_operator.py:123} INFO - 2018-09-20
[2019-03-22 01:48:58,870] {bash_operator.py:123} INFO - Parameter I passed in
[2019-03-22 01:48:58,870] {bash_operator.py:127} INFO - Command exited with return code 0
[2019-03-22 01:49:02,787] {logging_mixin.py:95} INFO - [2019-03-22 01:49:02,786] {jobs.py:2527} INFO - Task exited with return code 0
