[2019-03-19 14:39:57,522] {models.py:1359} INFO - Dependencies all met for <TaskInstance: tutorial.templated 2016-12-06T00:00:00+00:00 [queued]>
[2019-03-19 14:39:57,526] {models.py:1359} INFO - Dependencies all met for <TaskInstance: tutorial.templated 2016-12-06T00:00:00+00:00 [queued]>
[2019-03-19 14:39:57,526] {models.py:1571} INFO - 
--------------------------------------------------------------------------------
Starting attempt 1 of 2
--------------------------------------------------------------------------------

[2019-03-19 14:39:57,605] {models.py:1593} INFO - Executing <Task(BashOperator): templated> on 2016-12-06T00:00:00+00:00
[2019-03-19 14:39:57,606] {base_task_runner.py:118} INFO - Running: ['bash', '-c', 'airflow run tutorial templated 2016-12-06T00:00:00+00:00 --job_id 1115 --raw -sd DAGS_FOLDER/example_dags/tutorial.py --cfg_path /tmp/tmpg5bq0on9']
[2019-03-19 14:39:58,328] {base_task_runner.py:101} INFO - Job 1115: Subtask templated [2019-03-19 14:39:58,326] {__init__.py:51} INFO - Using executor SequentialExecutor
[2019-03-19 14:39:58,687] {base_task_runner.py:101} INFO - Job 1115: Subtask templated [2019-03-19 14:39:58,681] {models.py:273} INFO - Filling up the DagBag from /home/rsandroni/airflow/dags/example_dags/tutorial.py
[2019-03-19 14:39:58,740] {base_task_runner.py:101} INFO - Job 1115: Subtask templated [2019-03-19 14:39:58,739] {cli.py:520} INFO - Running <TaskInstance: tutorial.templated 2016-12-06T00:00:00+00:00 [running]> on host IADAIRP1.globalrs.rack.space
[2019-03-19 14:39:58,761] {bash_operator.py:77} INFO - Tmp dir root location: 
 /tmp
[2019-03-19 14:39:58,761] {bash_operator.py:86} INFO - Exporting the following env vars:
AIRFLOW_CTX_DAG_ID=tutorial
AIRFLOW_CTX_TASK_ID=templated
AIRFLOW_CTX_EXECUTION_DATE=2016-12-06T00:00:00+00:00
AIRFLOW_CTX_DAG_RUN_ID=scheduled__2016-12-06T00:00:00+00:00
[2019-03-19 14:39:58,761] {bash_operator.py:100} INFO - Temporary script location: /tmp/airflowtmp1c7na96y/templated7xuhl_qv
[2019-03-19 14:39:58,761] {bash_operator.py:110} INFO - Running command: 

    echo "2016-12-06"
    echo "2016-12-13"
    echo "Parameter I passed in"

    echo "2016-12-06"
    echo "2016-12-13"
    echo "Parameter I passed in"

    echo "2016-12-06"
    echo "2016-12-13"
    echo "Parameter I passed in"

    echo "2016-12-06"
    echo "2016-12-13"
    echo "Parameter I passed in"

    echo "2016-12-06"
    echo "2016-12-13"
    echo "Parameter I passed in"

[2019-03-19 14:39:58,768] {bash_operator.py:119} INFO - Output:
[2019-03-19 14:39:58,769] {bash_operator.py:123} INFO - 2016-12-06
[2019-03-19 14:39:58,769] {bash_operator.py:123} INFO - 2016-12-13
[2019-03-19 14:39:58,769] {bash_operator.py:123} INFO - Parameter I passed in
[2019-03-19 14:39:58,769] {bash_operator.py:123} INFO - 2016-12-06
[2019-03-19 14:39:58,769] {bash_operator.py:123} INFO - 2016-12-13
[2019-03-19 14:39:58,769] {bash_operator.py:123} INFO - Parameter I passed in
[2019-03-19 14:39:58,769] {bash_operator.py:123} INFO - 2016-12-06
[2019-03-19 14:39:58,769] {bash_operator.py:123} INFO - 2016-12-13
[2019-03-19 14:39:58,769] {bash_operator.py:123} INFO - Parameter I passed in
[2019-03-19 14:39:58,769] {bash_operator.py:123} INFO - 2016-12-06
[2019-03-19 14:39:58,769] {bash_operator.py:123} INFO - 2016-12-13
[2019-03-19 14:39:58,769] {bash_operator.py:123} INFO - Parameter I passed in
[2019-03-19 14:39:58,769] {bash_operator.py:123} INFO - 2016-12-06
[2019-03-19 14:39:58,769] {bash_operator.py:123} INFO - 2016-12-13
[2019-03-19 14:39:58,769] {bash_operator.py:123} INFO - Parameter I passed in
[2019-03-19 14:39:58,769] {bash_operator.py:127} INFO - Command exited with return code 0
[2019-03-19 14:40:02,521] {logging_mixin.py:95} INFO - [2019-03-19 14:40:02,521] {jobs.py:2527} INFO - Task exited with return code 0
