[2019-03-21 19:00:16,781] {models.py:1359} INFO - Dependencies all met for <TaskInstance: tutorial.templated 2017-11-04T00:00:00+00:00 [queued]>
[2019-03-21 19:00:16,786] {models.py:1359} INFO - Dependencies all met for <TaskInstance: tutorial.templated 2017-11-04T00:00:00+00:00 [queued]>
[2019-03-21 19:00:16,786] {models.py:1571} INFO - 
--------------------------------------------------------------------------------
Starting attempt 1 of 2
--------------------------------------------------------------------------------

[2019-03-21 19:00:16,802] {models.py:1593} INFO - Executing <Task(BashOperator): templated> on 2017-11-04T00:00:00+00:00
[2019-03-21 19:00:16,802] {base_task_runner.py:118} INFO - Running: ['bash', '-c', 'airflow run tutorial templated 2017-11-04T00:00:00+00:00 --job_id 1850 --raw -sd DAGS_FOLDER/example_dags/tutorial.py --cfg_path /tmp/tmp7xfrudqz']
[2019-03-21 19:00:17,437] {base_task_runner.py:101} INFO - Job 1850: Subtask templated [2019-03-21 19:00:17,437] {__init__.py:51} INFO - Using executor SequentialExecutor
[2019-03-21 19:00:17,674] {base_task_runner.py:101} INFO - Job 1850: Subtask templated [2019-03-21 19:00:17,674] {models.py:273} INFO - Filling up the DagBag from /home/rsandroni/airflow/dags/example_dags/tutorial.py
[2019-03-21 19:00:17,739] {base_task_runner.py:101} INFO - Job 1850: Subtask templated [2019-03-21 19:00:17,739] {cli.py:520} INFO - Running <TaskInstance: tutorial.templated 2017-11-04T00:00:00+00:00 [running]> on host IADAIRP1.globalrs.rack.space
[2019-03-21 19:00:17,755] {bash_operator.py:77} INFO - Tmp dir root location: 
 /tmp
[2019-03-21 19:00:17,755] {bash_operator.py:86} INFO - Exporting the following env vars:
AIRFLOW_CTX_DAG_ID=tutorial
AIRFLOW_CTX_TASK_ID=templated
AIRFLOW_CTX_EXECUTION_DATE=2017-11-04T00:00:00+00:00
AIRFLOW_CTX_DAG_RUN_ID=scheduled__2017-11-04T00:00:00+00:00
[2019-03-21 19:00:17,756] {bash_operator.py:100} INFO - Temporary script location: /tmp/airflowtmpg77vy0ea/templatedv6sy9mzx
[2019-03-21 19:00:17,756] {bash_operator.py:110} INFO - Running command: 

    echo "2017-11-04"
    echo "2017-11-11"
    echo "Parameter I passed in"

    echo "2017-11-04"
    echo "2017-11-11"
    echo "Parameter I passed in"

    echo "2017-11-04"
    echo "2017-11-11"
    echo "Parameter I passed in"

    echo "2017-11-04"
    echo "2017-11-11"
    echo "Parameter I passed in"

    echo "2017-11-04"
    echo "2017-11-11"
    echo "Parameter I passed in"

[2019-03-21 19:00:17,762] {bash_operator.py:119} INFO - Output:
[2019-03-21 19:00:17,763] {bash_operator.py:123} INFO - 2017-11-04
[2019-03-21 19:00:17,763] {bash_operator.py:123} INFO - 2017-11-11
[2019-03-21 19:00:17,763] {bash_operator.py:123} INFO - Parameter I passed in
[2019-03-21 19:00:17,763] {bash_operator.py:123} INFO - 2017-11-04
[2019-03-21 19:00:17,763] {bash_operator.py:123} INFO - 2017-11-11
[2019-03-21 19:00:17,763] {bash_operator.py:123} INFO - Parameter I passed in
[2019-03-21 19:00:17,763] {bash_operator.py:123} INFO - 2017-11-04
[2019-03-21 19:00:17,763] {bash_operator.py:123} INFO - 2017-11-11
[2019-03-21 19:00:17,763] {bash_operator.py:123} INFO - Parameter I passed in
[2019-03-21 19:00:17,763] {bash_operator.py:123} INFO - 2017-11-04
[2019-03-21 19:00:17,763] {bash_operator.py:123} INFO - 2017-11-11
[2019-03-21 19:00:17,763] {bash_operator.py:123} INFO - Parameter I passed in
[2019-03-21 19:00:17,763] {bash_operator.py:123} INFO - 2017-11-04
[2019-03-21 19:00:17,763] {bash_operator.py:123} INFO - 2017-11-11
[2019-03-21 19:00:17,763] {bash_operator.py:123} INFO - Parameter I passed in
[2019-03-21 19:00:17,763] {bash_operator.py:127} INFO - Command exited with return code 0
[2019-03-21 19:00:21,785] {logging_mixin.py:95} INFO - [2019-03-21 19:00:21,784] {jobs.py:2527} INFO - Task exited with return code 0
