[2019-03-19 10:45:59,374] {models.py:1359} INFO - Dependencies all met for <TaskInstance: tutorial.templated 2015-07-30T00:00:00+00:00 [queued]>
[2019-03-19 10:45:59,378] {models.py:1359} INFO - Dependencies all met for <TaskInstance: tutorial.templated 2015-07-30T00:00:00+00:00 [queued]>
[2019-03-19 10:45:59,379] {models.py:1571} INFO - 
--------------------------------------------------------------------------------
Starting attempt 1 of 2
--------------------------------------------------------------------------------

[2019-03-19 10:45:59,394] {models.py:1593} INFO - Executing <Task(BashOperator): templated> on 2015-07-30T00:00:00+00:00
[2019-03-19 10:45:59,394] {base_task_runner.py:118} INFO - Running: ['bash', '-c', 'airflow run tutorial templated 2015-07-30T00:00:00+00:00 --job_id 126 --raw -sd DAGS_FOLDER/example_dags/tutorial.py --cfg_path /tmp/tmpstmd5w5l']
[2019-03-19 10:45:59,991] {base_task_runner.py:101} INFO - Job 126: Subtask templated [2019-03-19 10:45:59,990] {__init__.py:51} INFO - Using executor SequentialExecutor
[2019-03-19 10:46:00,206] {base_task_runner.py:101} INFO - Job 126: Subtask templated [2019-03-19 10:46:00,205] {models.py:273} INFO - Filling up the DagBag from /home/rsandroni/airflow/dags/example_dags/tutorial.py
[2019-03-19 10:46:00,246] {base_task_runner.py:101} INFO - Job 126: Subtask templated [2019-03-19 10:46:00,246] {cli.py:520} INFO - Running <TaskInstance: tutorial.templated 2015-07-30T00:00:00+00:00 [running]> on host IADAIRP1.globalrs.rack.space
[2019-03-19 10:46:00,261] {bash_operator.py:77} INFO - Tmp dir root location: 
 /tmp
[2019-03-19 10:46:00,262] {bash_operator.py:86} INFO - Exporting the following env vars:
AIRFLOW_CTX_DAG_ID=tutorial
AIRFLOW_CTX_TASK_ID=templated
AIRFLOW_CTX_EXECUTION_DATE=2015-07-30T00:00:00+00:00
AIRFLOW_CTX_DAG_RUN_ID=scheduled__2015-07-30T00:00:00+00:00
[2019-03-19 10:46:00,262] {bash_operator.py:100} INFO - Temporary script location: /tmp/airflowtmpahqzad3v/templatede503z528
[2019-03-19 10:46:00,262] {bash_operator.py:110} INFO - Running command: 

    echo "2015-07-30"
    echo "2015-08-06"
    echo "Parameter I passed in"

    echo "2015-07-30"
    echo "2015-08-06"
    echo "Parameter I passed in"

    echo "2015-07-30"
    echo "2015-08-06"
    echo "Parameter I passed in"

    echo "2015-07-30"
    echo "2015-08-06"
    echo "Parameter I passed in"

    echo "2015-07-30"
    echo "2015-08-06"
    echo "Parameter I passed in"

[2019-03-19 10:46:00,267] {bash_operator.py:119} INFO - Output:
[2019-03-19 10:46:00,268] {bash_operator.py:123} INFO - 2015-07-30
[2019-03-19 10:46:00,268] {bash_operator.py:123} INFO - 2015-08-06
[2019-03-19 10:46:00,269] {bash_operator.py:123} INFO - Parameter I passed in
[2019-03-19 10:46:00,269] {bash_operator.py:123} INFO - 2015-07-30
[2019-03-19 10:46:00,269] {bash_operator.py:123} INFO - 2015-08-06
[2019-03-19 10:46:00,269] {bash_operator.py:123} INFO - Parameter I passed in
[2019-03-19 10:46:00,269] {bash_operator.py:123} INFO - 2015-07-30
[2019-03-19 10:46:00,269] {bash_operator.py:123} INFO - 2015-08-06
[2019-03-19 10:46:00,269] {bash_operator.py:123} INFO - Parameter I passed in
[2019-03-19 10:46:00,269] {bash_operator.py:123} INFO - 2015-07-30
[2019-03-19 10:46:00,269] {bash_operator.py:123} INFO - 2015-08-06
[2019-03-19 10:46:00,269] {bash_operator.py:123} INFO - Parameter I passed in
[2019-03-19 10:46:00,269] {bash_operator.py:123} INFO - 2015-07-30
[2019-03-19 10:46:00,269] {bash_operator.py:123} INFO - 2015-08-06
[2019-03-19 10:46:00,269] {bash_operator.py:123} INFO - Parameter I passed in
[2019-03-19 10:46:00,269] {bash_operator.py:127} INFO - Command exited with return code 0
[2019-03-19 10:46:04,373] {logging_mixin.py:95} INFO - [2019-03-19 10:46:04,373] {jobs.py:2527} INFO - Task exited with return code 0
