[2019-03-19 14:28:20,785] {models.py:1359} INFO - Dependencies all met for <TaskInstance: tutorial.templated 2016-11-12T00:00:00+00:00 [queued]>
[2019-03-19 14:28:20,789] {models.py:1359} INFO - Dependencies all met for <TaskInstance: tutorial.templated 2016-11-12T00:00:00+00:00 [queued]>
[2019-03-19 14:28:20,790] {models.py:1571} INFO - 
--------------------------------------------------------------------------------
Starting attempt 1 of 2
--------------------------------------------------------------------------------

[2019-03-19 14:28:20,859] {models.py:1593} INFO - Executing <Task(BashOperator): templated> on 2016-11-12T00:00:00+00:00
[2019-03-19 14:28:20,859] {base_task_runner.py:118} INFO - Running: ['bash', '-c', 'airflow run tutorial templated 2016-11-12T00:00:00+00:00 --job_id 1067 --raw -sd DAGS_FOLDER/example_dags/tutorial.py --cfg_path /tmp/tmp7bkx1b3t']
[2019-03-19 14:28:21,929] {base_task_runner.py:101} INFO - Job 1067: Subtask templated [2019-03-19 14:28:21,929] {__init__.py:51} INFO - Using executor SequentialExecutor
[2019-03-19 14:28:22,391] {base_task_runner.py:101} INFO - Job 1067: Subtask templated [2019-03-19 14:28:22,385] {models.py:273} INFO - Filling up the DagBag from /home/rsandroni/airflow/dags/example_dags/tutorial.py
[2019-03-19 14:28:22,482] {base_task_runner.py:101} INFO - Job 1067: Subtask templated [2019-03-19 14:28:22,477] {cli.py:520} INFO - Running <TaskInstance: tutorial.templated 2016-11-12T00:00:00+00:00 [running]> on host IADAIRP1.globalrs.rack.space
[2019-03-19 14:28:22,527] {bash_operator.py:77} INFO - Tmp dir root location: 
 /tmp
[2019-03-19 14:28:22,527] {bash_operator.py:86} INFO - Exporting the following env vars:
AIRFLOW_CTX_DAG_ID=tutorial
AIRFLOW_CTX_TASK_ID=templated
AIRFLOW_CTX_EXECUTION_DATE=2016-11-12T00:00:00+00:00
AIRFLOW_CTX_DAG_RUN_ID=scheduled__2016-11-12T00:00:00+00:00
[2019-03-19 14:28:22,528] {bash_operator.py:100} INFO - Temporary script location: /tmp/airflowtmpjxrnuuso/templatedb6m5bmy6
[2019-03-19 14:28:22,528] {bash_operator.py:110} INFO - Running command: 

    echo "2016-11-12"
    echo "2016-11-19"
    echo "Parameter I passed in"

    echo "2016-11-12"
    echo "2016-11-19"
    echo "Parameter I passed in"

    echo "2016-11-12"
    echo "2016-11-19"
    echo "Parameter I passed in"

    echo "2016-11-12"
    echo "2016-11-19"
    echo "Parameter I passed in"

    echo "2016-11-12"
    echo "2016-11-19"
    echo "Parameter I passed in"

[2019-03-19 14:28:22,578] {bash_operator.py:119} INFO - Output:
[2019-03-19 14:28:22,579] {bash_operator.py:123} INFO - 2016-11-12
[2019-03-19 14:28:22,579] {bash_operator.py:123} INFO - 2016-11-19
[2019-03-19 14:28:22,579] {bash_operator.py:123} INFO - Parameter I passed in
[2019-03-19 14:28:22,579] {bash_operator.py:123} INFO - 2016-11-12
[2019-03-19 14:28:22,579] {bash_operator.py:123} INFO - 2016-11-19
[2019-03-19 14:28:22,579] {bash_operator.py:123} INFO - Parameter I passed in
[2019-03-19 14:28:22,579] {bash_operator.py:123} INFO - 2016-11-12
[2019-03-19 14:28:22,579] {bash_operator.py:123} INFO - 2016-11-19
[2019-03-19 14:28:22,579] {bash_operator.py:123} INFO - Parameter I passed in
[2019-03-19 14:28:22,579] {bash_operator.py:123} INFO - 2016-11-12
[2019-03-19 14:28:22,579] {bash_operator.py:123} INFO - 2016-11-19
[2019-03-19 14:28:22,579] {bash_operator.py:123} INFO - Parameter I passed in
[2019-03-19 14:28:22,579] {bash_operator.py:123} INFO - 2016-11-12
[2019-03-19 14:28:22,579] {bash_operator.py:123} INFO - 2016-11-19
[2019-03-19 14:28:22,579] {bash_operator.py:123} INFO - Parameter I passed in
[2019-03-19 14:28:22,580] {bash_operator.py:127} INFO - Command exited with return code 0
[2019-03-19 14:28:25,711] {logging_mixin.py:95} INFO - [2019-03-19 14:28:25,710] {jobs.py:2527} INFO - Task exited with return code 0
