[2019-03-19 15:26:00,123] {models.py:1359} INFO - Dependencies all met for <TaskInstance: tutorial.print_date 2017-03-17T00:00:00+00:00 [queued]>
[2019-03-19 15:26:00,125] {models.py:1359} INFO - Dependencies all met for <TaskInstance: tutorial.print_date 2017-03-17T00:00:00+00:00 [queued]>
[2019-03-19 15:26:00,125] {models.py:1571} INFO - 
--------------------------------------------------------------------------------
Starting attempt 1 of 2
--------------------------------------------------------------------------------

[2019-03-19 15:26:00,199] {models.py:1593} INFO - Executing <Task(BashOperator): print_date> on 2017-03-17T00:00:00+00:00
[2019-03-19 15:26:00,199] {base_task_runner.py:118} INFO - Running: ['bash', '-c', 'airflow run tutorial print_date 2017-03-17T00:00:00+00:00 --job_id 1315 --raw -sd DAGS_FOLDER/tutorial.py --cfg_path /tmp/tmpwt0bzbox']
[2019-03-19 15:26:01,514] {base_task_runner.py:101} INFO - Job 1315: Subtask print_date [2019-03-19 15:26:01,514] {__init__.py:51} INFO - Using executor SequentialExecutor
[2019-03-19 15:26:02,030] {base_task_runner.py:101} INFO - Job 1315: Subtask print_date [2019-03-19 15:26:02,023] {models.py:273} INFO - Filling up the DagBag from /home/rsandroni/airflow/dags/tutorial.py
[2019-03-19 15:26:02,047] {base_task_runner.py:101} INFO - Job 1315: Subtask print_date [2019-03-19 15:26:02,046] {cli.py:520} INFO - Running <TaskInstance: tutorial.print_date 2017-03-17T00:00:00+00:00 [running]> on host IADAIRP1.globalrs.rack.space
[2019-03-19 15:26:02,064] {bash_operator.py:77} INFO - Tmp dir root location: 
 /tmp
[2019-03-19 15:26:02,064] {bash_operator.py:86} INFO - Exporting the following env vars:
AIRFLOW_CTX_DAG_ID=tutorial
AIRFLOW_CTX_TASK_ID=print_date
AIRFLOW_CTX_EXECUTION_DATE=2017-03-17T00:00:00+00:00
AIRFLOW_CTX_DAG_RUN_ID=scheduled__2017-03-17T00:00:00+00:00
[2019-03-19 15:26:02,065] {bash_operator.py:100} INFO - Temporary script location: /tmp/airflowtmpvv5_w5f8/print_datedo0ohwl3
[2019-03-19 15:26:02,065] {bash_operator.py:110} INFO - Running command: date
[2019-03-19 15:26:02,109] {bash_operator.py:119} INFO - Output:
[2019-03-19 15:26:02,126] {bash_operator.py:123} INFO - Ter Mar 19 15:26:02 -03 2019
[2019-03-19 15:26:02,127] {bash_operator.py:127} INFO - Command exited with return code 0
[2019-03-19 15:26:05,148] {logging_mixin.py:95} INFO - [2019-03-19 15:26:05,147] {jobs.py:2527} INFO - Task exited with return code 0
