[2019-03-21 19:26:20,916] {models.py:1359} INFO - Dependencies all met for <TaskInstance: tutorial.templated 2017-11-25T00:00:00+00:00 [queued]>
[2019-03-21 19:26:20,921] {models.py:1359} INFO - Dependencies all met for <TaskInstance: tutorial.templated 2017-11-25T00:00:00+00:00 [queued]>
[2019-03-21 19:26:20,921] {models.py:1571} INFO - 
--------------------------------------------------------------------------------
Starting attempt 1 of 2
--------------------------------------------------------------------------------

[2019-03-21 19:26:20,937] {models.py:1593} INFO - Executing <Task(BashOperator): templated> on 2017-11-25T00:00:00+00:00
[2019-03-21 19:26:20,937] {base_task_runner.py:118} INFO - Running: ['bash', '-c', 'airflow run tutorial templated 2017-11-25T00:00:00+00:00 --job_id 1891 --raw -sd DAGS_FOLDER/example_dags/tutorial.py --cfg_path /tmp/tmp3_r8pfz7']
[2019-03-21 19:26:21,572] {base_task_runner.py:101} INFO - Job 1891: Subtask templated [2019-03-21 19:26:21,572] {__init__.py:51} INFO - Using executor SequentialExecutor
[2019-03-21 19:26:21,798] {base_task_runner.py:101} INFO - Job 1891: Subtask templated [2019-03-21 19:26:21,798] {models.py:273} INFO - Filling up the DagBag from /home/rsandroni/airflow/dags/example_dags/tutorial.py
[2019-03-21 19:26:21,862] {base_task_runner.py:101} INFO - Job 1891: Subtask templated [2019-03-21 19:26:21,861] {cli.py:520} INFO - Running <TaskInstance: tutorial.templated 2017-11-25T00:00:00+00:00 [running]> on host IADAIRP1.globalrs.rack.space
[2019-03-21 19:26:21,878] {bash_operator.py:77} INFO - Tmp dir root location: 
 /tmp
[2019-03-21 19:26:21,878] {bash_operator.py:86} INFO - Exporting the following env vars:
AIRFLOW_CTX_DAG_ID=tutorial
AIRFLOW_CTX_TASK_ID=templated
AIRFLOW_CTX_EXECUTION_DATE=2017-11-25T00:00:00+00:00
AIRFLOW_CTX_DAG_RUN_ID=scheduled__2017-11-25T00:00:00+00:00
[2019-03-21 19:26:21,879] {bash_operator.py:100} INFO - Temporary script location: /tmp/airflowtmp418c7cyo/templatedmjl6yrrq
[2019-03-21 19:26:21,879] {bash_operator.py:110} INFO - Running command: 

    echo "2017-11-25"
    echo "2017-12-02"
    echo "Parameter I passed in"

    echo "2017-11-25"
    echo "2017-12-02"
    echo "Parameter I passed in"

    echo "2017-11-25"
    echo "2017-12-02"
    echo "Parameter I passed in"

    echo "2017-11-25"
    echo "2017-12-02"
    echo "Parameter I passed in"

    echo "2017-11-25"
    echo "2017-12-02"
    echo "Parameter I passed in"

[2019-03-21 19:26:21,884] {bash_operator.py:119} INFO - Output:
[2019-03-21 19:26:21,885] {bash_operator.py:123} INFO - 2017-11-25
[2019-03-21 19:26:21,885] {bash_operator.py:123} INFO - 2017-12-02
[2019-03-21 19:26:21,886] {bash_operator.py:123} INFO - Parameter I passed in
[2019-03-21 19:26:21,886] {bash_operator.py:123} INFO - 2017-11-25
[2019-03-21 19:26:21,886] {bash_operator.py:123} INFO - 2017-12-02
[2019-03-21 19:26:21,886] {bash_operator.py:123} INFO - Parameter I passed in
[2019-03-21 19:26:21,886] {bash_operator.py:123} INFO - 2017-11-25
[2019-03-21 19:26:21,886] {bash_operator.py:123} INFO - 2017-12-02
[2019-03-21 19:26:21,886] {bash_operator.py:123} INFO - Parameter I passed in
[2019-03-21 19:26:21,886] {bash_operator.py:123} INFO - 2017-11-25
[2019-03-21 19:26:21,886] {bash_operator.py:123} INFO - 2017-12-02
[2019-03-21 19:26:21,886] {bash_operator.py:123} INFO - Parameter I passed in
[2019-03-21 19:26:21,886] {bash_operator.py:123} INFO - 2017-11-25
[2019-03-21 19:26:21,886] {bash_operator.py:123} INFO - 2017-12-02
[2019-03-21 19:26:21,886] {bash_operator.py:123} INFO - Parameter I passed in
[2019-03-21 19:26:21,886] {bash_operator.py:127} INFO - Command exited with return code 0
[2019-03-21 19:26:25,907] {logging_mixin.py:95} INFO - [2019-03-21 19:26:25,906] {jobs.py:2527} INFO - Task exited with return code 0
