[2019-03-21 23:00:49,224] {models.py:1359} INFO - Dependencies all met for <TaskInstance: tutorial.print_date 2018-05-09T00:00:00+00:00 [queued]>
[2019-03-21 23:00:49,227] {models.py:1359} INFO - Dependencies all met for <TaskInstance: tutorial.print_date 2018-05-09T00:00:00+00:00 [queued]>
[2019-03-21 23:00:49,227] {models.py:1571} INFO - 
--------------------------------------------------------------------------------
Starting attempt 1 of 2
--------------------------------------------------------------------------------

[2019-03-21 23:00:49,245] {models.py:1593} INFO - Executing <Task(BashOperator): print_date> on 2018-05-09T00:00:00+00:00
[2019-03-21 23:00:49,246] {base_task_runner.py:118} INFO - Running: ['bash', '-c', 'airflow run tutorial print_date 2018-05-09T00:00:00+00:00 --job_id 2220 --raw -sd DAGS_FOLDER/tutorial.py --cfg_path /tmp/tmp2982z30_']
[2019-03-21 23:00:49,884] {base_task_runner.py:101} INFO - Job 2220: Subtask print_date [2019-03-21 23:00:49,883] {__init__.py:51} INFO - Using executor SequentialExecutor
[2019-03-21 23:00:50,117] {base_task_runner.py:101} INFO - Job 2220: Subtask print_date [2019-03-21 23:00:50,117] {models.py:273} INFO - Filling up the DagBag from /home/rsandroni/airflow/dags/tutorial.py
[2019-03-21 23:00:50,133] {base_task_runner.py:101} INFO - Job 2220: Subtask print_date [2019-03-21 23:00:50,132] {cli.py:520} INFO - Running <TaskInstance: tutorial.print_date 2018-05-09T00:00:00+00:00 [running]> on host IADAIRP1.globalrs.rack.space
[2019-03-21 23:00:50,146] {bash_operator.py:77} INFO - Tmp dir root location: 
 /tmp
[2019-03-21 23:00:50,146] {bash_operator.py:86} INFO - Exporting the following env vars:
AIRFLOW_CTX_DAG_ID=tutorial
AIRFLOW_CTX_TASK_ID=print_date
AIRFLOW_CTX_EXECUTION_DATE=2018-05-09T00:00:00+00:00
AIRFLOW_CTX_DAG_RUN_ID=scheduled__2018-05-09T00:00:00+00:00
[2019-03-21 23:00:50,147] {bash_operator.py:100} INFO - Temporary script location: /tmp/airflowtmpxrjpotk8/print_dategisuwtc9
[2019-03-21 23:00:50,147] {bash_operator.py:110} INFO - Running command: date
[2019-03-21 23:00:50,153] {bash_operator.py:119} INFO - Output:
[2019-03-21 23:00:50,154] {bash_operator.py:123} INFO - Qui Mar 21 23:00:50 -03 2019
[2019-03-21 23:00:50,154] {bash_operator.py:127} INFO - Command exited with return code 0
[2019-03-21 23:00:54,228] {logging_mixin.py:95} INFO - [2019-03-21 23:00:54,227] {jobs.py:2527} INFO - Task exited with return code 0
