[2019-03-22 03:55:50,558] {models.py:1359} INFO - Dependencies all met for <TaskInstance: tutorial.templated 2018-12-18T00:00:00+00:00 [queued]>
[2019-03-22 03:55:50,564] {models.py:1359} INFO - Dependencies all met for <TaskInstance: tutorial.templated 2018-12-18T00:00:00+00:00 [queued]>
[2019-03-22 03:55:50,564] {models.py:1571} INFO - 
--------------------------------------------------------------------------------
Starting attempt 1 of 2
--------------------------------------------------------------------------------

[2019-03-22 03:55:50,620] {models.py:1593} INFO - Executing <Task(BashOperator): templated> on 2018-12-18T00:00:00+00:00
[2019-03-22 03:55:50,621] {base_task_runner.py:118} INFO - Running: ['bash', '-c', 'airflow run tutorial templated 2018-12-18T00:00:00+00:00 --job_id 2667 --raw -sd DAGS_FOLDER/example_dags/tutorial.py --cfg_path /tmp/tmp19s1dzfx']
[2019-03-22 03:55:51,636] {base_task_runner.py:101} INFO - Job 2667: Subtask templated [2019-03-22 03:55:51,635] {__init__.py:51} INFO - Using executor SequentialExecutor
[2019-03-22 03:55:51,956] {base_task_runner.py:101} INFO - Job 2667: Subtask templated [2019-03-22 03:55:51,956] {models.py:273} INFO - Filling up the DagBag from /home/rsandroni/airflow/dags/example_dags/tutorial.py
[2019-03-22 03:55:52,022] {base_task_runner.py:101} INFO - Job 2667: Subtask templated [2019-03-22 03:55:52,021] {cli.py:520} INFO - Running <TaskInstance: tutorial.templated 2018-12-18T00:00:00+00:00 [running]> on host IADAIRP1.globalrs.rack.space
[2019-03-22 03:55:52,040] {bash_operator.py:77} INFO - Tmp dir root location: 
 /tmp
[2019-03-22 03:55:52,041] {bash_operator.py:86} INFO - Exporting the following env vars:
AIRFLOW_CTX_DAG_ID=tutorial
AIRFLOW_CTX_TASK_ID=templated
AIRFLOW_CTX_EXECUTION_DATE=2018-12-18T00:00:00+00:00
AIRFLOW_CTX_DAG_RUN_ID=scheduled__2018-12-18T00:00:00+00:00
[2019-03-22 03:55:52,044] {bash_operator.py:100} INFO - Temporary script location: /tmp/airflowtmpyoh_yrya/templatedjz8ozygj
[2019-03-22 03:55:52,044] {bash_operator.py:110} INFO - Running command: 

    echo "2018-12-18"
    echo "2018-12-25"
    echo "Parameter I passed in"

    echo "2018-12-18"
    echo "2018-12-25"
    echo "Parameter I passed in"

    echo "2018-12-18"
    echo "2018-12-25"
    echo "Parameter I passed in"

    echo "2018-12-18"
    echo "2018-12-25"
    echo "Parameter I passed in"

    echo "2018-12-18"
    echo "2018-12-25"
    echo "Parameter I passed in"

[2019-03-22 03:55:52,055] {bash_operator.py:119} INFO - Output:
[2019-03-22 03:55:52,055] {bash_operator.py:123} INFO - 2018-12-18
[2019-03-22 03:55:52,056] {bash_operator.py:123} INFO - 2018-12-25
[2019-03-22 03:55:52,056] {bash_operator.py:123} INFO - Parameter I passed in
[2019-03-22 03:55:52,056] {bash_operator.py:123} INFO - 2018-12-18
[2019-03-22 03:55:52,056] {bash_operator.py:123} INFO - 2018-12-25
[2019-03-22 03:55:52,056] {bash_operator.py:123} INFO - Parameter I passed in
[2019-03-22 03:55:52,056] {bash_operator.py:123} INFO - 2018-12-18
[2019-03-22 03:55:52,056] {bash_operator.py:123} INFO - 2018-12-25
[2019-03-22 03:55:52,056] {bash_operator.py:123} INFO - Parameter I passed in
[2019-03-22 03:55:52,056] {bash_operator.py:123} INFO - 2018-12-18
[2019-03-22 03:55:52,056] {bash_operator.py:123} INFO - 2018-12-25
[2019-03-22 03:55:52,056] {bash_operator.py:123} INFO - Parameter I passed in
[2019-03-22 03:55:52,056] {bash_operator.py:123} INFO - 2018-12-18
[2019-03-22 03:55:52,056] {bash_operator.py:123} INFO - 2018-12-25
[2019-03-22 03:55:52,056] {bash_operator.py:123} INFO - Parameter I passed in
[2019-03-22 03:55:52,057] {bash_operator.py:127} INFO - Command exited with return code 0
[2019-03-22 03:55:55,518] {logging_mixin.py:95} INFO - [2019-03-22 03:55:55,518] {jobs.py:2527} INFO - Task exited with return code 0
