[2019-03-19 11:54:30,412] {models.py:1359} INFO - Dependencies all met for <TaskInstance: tutorial.print_date 2015-12-24T00:00:00+00:00 [queued]>
[2019-03-19 11:54:30,414] {models.py:1359} INFO - Dependencies all met for <TaskInstance: tutorial.print_date 2015-12-24T00:00:00+00:00 [queued]>
[2019-03-19 11:54:30,414] {models.py:1571} INFO - 
--------------------------------------------------------------------------------
Starting attempt 1 of 2
--------------------------------------------------------------------------------

[2019-03-19 11:54:30,430] {models.py:1593} INFO - Executing <Task(BashOperator): print_date> on 2015-12-24T00:00:00+00:00
[2019-03-19 11:54:30,431] {base_task_runner.py:118} INFO - Running: ['bash', '-c', 'airflow run tutorial print_date 2015-12-24T00:00:00+00:00 --job_id 416 --raw -sd DAGS_FOLDER/sql_server_load.py --cfg_path /tmp/tmpgxglqxle']
[2019-03-19 11:54:31,043] {base_task_runner.py:101} INFO - Job 416: Subtask print_date [2019-03-19 11:54:31,043] {__init__.py:51} INFO - Using executor SequentialExecutor
[2019-03-19 11:54:31,271] {base_task_runner.py:101} INFO - Job 416: Subtask print_date [2019-03-19 11:54:31,271] {models.py:273} INFO - Filling up the DagBag from /home/rsandroni/airflow/dags/sql_server_load.py
[2019-03-19 11:54:31,289] {base_task_runner.py:101} INFO - Job 416: Subtask print_date [2019-03-19 11:54:31,289] {cli.py:520} INFO - Running <TaskInstance: tutorial.print_date 2015-12-24T00:00:00+00:00 [running]> on host IADAIRP1.globalrs.rack.space
[2019-03-19 11:54:31,303] {bash_operator.py:77} INFO - Tmp dir root location: 
 /tmp
[2019-03-19 11:54:31,303] {bash_operator.py:86} INFO - Exporting the following env vars:
AIRFLOW_CTX_DAG_ID=tutorial
AIRFLOW_CTX_TASK_ID=print_date
AIRFLOW_CTX_EXECUTION_DATE=2015-12-24T00:00:00+00:00
AIRFLOW_CTX_DAG_RUN_ID=scheduled__2015-12-24T00:00:00+00:00
[2019-03-19 11:54:31,304] {bash_operator.py:100} INFO - Temporary script location: /tmp/airflowtmp8gakigsq/print_datem32m67pr
[2019-03-19 11:54:31,304] {bash_operator.py:110} INFO - Running command: date
[2019-03-19 11:54:31,309] {bash_operator.py:119} INFO - Output:
[2019-03-19 11:54:31,311] {bash_operator.py:123} INFO - Ter Mar 19 11:54:31 -03 2019
[2019-03-19 11:54:31,311] {bash_operator.py:127} INFO - Command exited with return code 0
[2019-03-19 11:54:35,412] {logging_mixin.py:95} INFO - [2019-03-19 11:54:35,411] {jobs.py:2527} INFO - Task exited with return code 0
