[2019-03-19 12:46:41,225] {models.py:1359} INFO - Dependencies all met for <TaskInstance: tutorial.templated 2016-04-16T00:00:00+00:00 [queued]>
[2019-03-19 12:46:41,229] {models.py:1359} INFO - Dependencies all met for <TaskInstance: tutorial.templated 2016-04-16T00:00:00+00:00 [queued]>
[2019-03-19 12:46:41,230] {models.py:1571} INFO - 
--------------------------------------------------------------------------------
Starting attempt 1 of 2
--------------------------------------------------------------------------------

[2019-03-19 12:46:41,251] {models.py:1593} INFO - Executing <Task(BashOperator): templated> on 2016-04-16T00:00:00+00:00
[2019-03-19 12:46:41,251] {base_task_runner.py:118} INFO - Running: ['bash', '-c', 'airflow run tutorial templated 2016-04-16T00:00:00+00:00 --job_id 647 --raw -sd DAGS_FOLDER/example_dags/tutorial.py --cfg_path /tmp/tmpjtuc41d0']
[2019-03-19 12:46:42,075] {base_task_runner.py:101} INFO - Job 647: Subtask templated [2019-03-19 12:46:42,074] {__init__.py:51} INFO - Using executor SequentialExecutor
[2019-03-19 12:46:42,491] {base_task_runner.py:101} INFO - Job 647: Subtask templated [2019-03-19 12:46:42,485] {models.py:273} INFO - Filling up the DagBag from /home/rsandroni/airflow/dags/example_dags/tutorial.py
[2019-03-19 12:46:42,576] {base_task_runner.py:101} INFO - Job 647: Subtask templated [2019-03-19 12:46:42,572] {cli.py:520} INFO - Running <TaskInstance: tutorial.templated 2016-04-16T00:00:00+00:00 [running]> on host IADAIRP1.globalrs.rack.space
[2019-03-19 12:46:42,608] {bash_operator.py:77} INFO - Tmp dir root location: 
 /tmp
[2019-03-19 12:46:42,608] {bash_operator.py:86} INFO - Exporting the following env vars:
AIRFLOW_CTX_DAG_ID=tutorial
AIRFLOW_CTX_TASK_ID=templated
AIRFLOW_CTX_EXECUTION_DATE=2016-04-16T00:00:00+00:00
AIRFLOW_CTX_DAG_RUN_ID=scheduled__2016-04-16T00:00:00+00:00
[2019-03-19 12:46:42,609] {bash_operator.py:100} INFO - Temporary script location: /tmp/airflowtmphnm0fnmi/templatedqtbwi8as
[2019-03-19 12:46:42,609] {bash_operator.py:110} INFO - Running command: 

    echo "2016-04-16"
    echo "2016-04-23"
    echo "Parameter I passed in"

    echo "2016-04-16"
    echo "2016-04-23"
    echo "Parameter I passed in"

    echo "2016-04-16"
    echo "2016-04-23"
    echo "Parameter I passed in"

    echo "2016-04-16"
    echo "2016-04-23"
    echo "Parameter I passed in"

    echo "2016-04-16"
    echo "2016-04-23"
    echo "Parameter I passed in"

[2019-03-19 12:46:42,640] {bash_operator.py:119} INFO - Output:
[2019-03-19 12:46:42,641] {bash_operator.py:123} INFO - 2016-04-16
[2019-03-19 12:46:42,641] {bash_operator.py:123} INFO - 2016-04-23
[2019-03-19 12:46:42,641] {bash_operator.py:123} INFO - Parameter I passed in
[2019-03-19 12:46:42,641] {bash_operator.py:123} INFO - 2016-04-16
[2019-03-19 12:46:42,641] {bash_operator.py:123} INFO - 2016-04-23
[2019-03-19 12:46:42,641] {bash_operator.py:123} INFO - Parameter I passed in
[2019-03-19 12:46:42,641] {bash_operator.py:123} INFO - 2016-04-16
[2019-03-19 12:46:42,641] {bash_operator.py:123} INFO - 2016-04-23
[2019-03-19 12:46:42,641] {bash_operator.py:123} INFO - Parameter I passed in
[2019-03-19 12:46:42,641] {bash_operator.py:123} INFO - 2016-04-16
[2019-03-19 12:46:42,641] {bash_operator.py:123} INFO - 2016-04-23
[2019-03-19 12:46:42,641] {bash_operator.py:123} INFO - Parameter I passed in
[2019-03-19 12:46:42,641] {bash_operator.py:123} INFO - 2016-04-16
[2019-03-19 12:46:42,641] {bash_operator.py:123} INFO - 2016-04-23
[2019-03-19 12:46:42,641] {bash_operator.py:123} INFO - Parameter I passed in
[2019-03-19 12:46:42,641] {bash_operator.py:127} INFO - Command exited with return code 0
[2019-03-19 12:46:46,285] {logging_mixin.py:95} INFO - [2019-03-19 12:46:46,284] {jobs.py:2527} INFO - Task exited with return code 0
