[2019-03-19 15:50:56,856] {models.py:1359} INFO - Dependencies all met for <TaskInstance: tutorial.print_date 2017-05-11T00:00:00+00:00 [queued]>
[2019-03-19 15:50:56,858] {models.py:1359} INFO - Dependencies all met for <TaskInstance: tutorial.print_date 2017-05-11T00:00:00+00:00 [queued]>
[2019-03-19 15:50:56,858] {models.py:1571} INFO - 
--------------------------------------------------------------------------------
Starting attempt 1 of 2
--------------------------------------------------------------------------------

[2019-03-19 15:50:56,872] {models.py:1593} INFO - Executing <Task(BashOperator): print_date> on 2017-05-11T00:00:00+00:00
[2019-03-19 15:50:56,872] {base_task_runner.py:118} INFO - Running: ['bash', '-c', 'airflow run tutorial print_date 2017-05-11T00:00:00+00:00 --job_id 1424 --raw -sd DAGS_FOLDER/sql_server_load.py --cfg_path /tmp/tmp7g8ohw72']
[2019-03-19 15:50:57,516] {base_task_runner.py:101} INFO - Job 1424: Subtask print_date [2019-03-19 15:50:57,515] {__init__.py:51} INFO - Using executor SequentialExecutor
[2019-03-19 15:50:57,793] {base_task_runner.py:101} INFO - Job 1424: Subtask print_date [2019-03-19 15:50:57,792] {models.py:273} INFO - Filling up the DagBag from /home/rsandroni/airflow/dags/sql_server_load.py
[2019-03-19 15:50:57,811] {base_task_runner.py:101} INFO - Job 1424: Subtask print_date [2019-03-19 15:50:57,810] {cli.py:520} INFO - Running <TaskInstance: tutorial.print_date 2017-05-11T00:00:00+00:00 [running]> on host IADAIRP1.globalrs.rack.space
[2019-03-19 15:50:57,823] {bash_operator.py:77} INFO - Tmp dir root location: 
 /tmp
[2019-03-19 15:50:57,824] {bash_operator.py:86} INFO - Exporting the following env vars:
AIRFLOW_CTX_DAG_ID=tutorial
AIRFLOW_CTX_TASK_ID=print_date
AIRFLOW_CTX_EXECUTION_DATE=2017-05-11T00:00:00+00:00
AIRFLOW_CTX_DAG_RUN_ID=scheduled__2017-05-11T00:00:00+00:00
[2019-03-19 15:50:57,824] {bash_operator.py:100} INFO - Temporary script location: /tmp/airflowtmpsdpl5crz/print_dateq3kj_r1n
[2019-03-19 15:50:57,824] {bash_operator.py:110} INFO - Running command: date
[2019-03-19 15:50:57,829] {bash_operator.py:119} INFO - Output:
[2019-03-19 15:50:57,832] {bash_operator.py:123} INFO - Ter Mar 19 15:50:57 -03 2019
[2019-03-19 15:50:57,832] {bash_operator.py:127} INFO - Command exited with return code 0
[2019-03-19 15:51:01,863] {logging_mixin.py:95} INFO - [2019-03-19 15:51:01,862] {jobs.py:2527} INFO - Task exited with return code 0
