[2019-03-22 03:53:47,631] {models.py:1359} INFO - Dependencies all met for <TaskInstance: tutorial.print_date 2018-12-18T00:00:00+00:00 [queued]>
[2019-03-22 03:53:47,636] {models.py:1359} INFO - Dependencies all met for <TaskInstance: tutorial.print_date 2018-12-18T00:00:00+00:00 [queued]>
[2019-03-22 03:53:47,636] {models.py:1571} INFO - 
--------------------------------------------------------------------------------
Starting attempt 1 of 2
--------------------------------------------------------------------------------

[2019-03-22 03:53:47,686] {models.py:1593} INFO - Executing <Task(BashOperator): print_date> on 2018-12-18T00:00:00+00:00
[2019-03-22 03:53:47,686] {base_task_runner.py:118} INFO - Running: ['bash', '-c', 'airflow run tutorial print_date 2018-12-18T00:00:00+00:00 --job_id 2665 --raw -sd DAGS_FOLDER/tutorial.py --cfg_path /tmp/tmp_7ovh5uz']
[2019-03-22 03:53:48,574] {base_task_runner.py:101} INFO - Job 2665: Subtask print_date [2019-03-22 03:53:48,570] {__init__.py:51} INFO - Using executor SequentialExecutor
[2019-03-22 03:53:49,217] {base_task_runner.py:101} INFO - Job 2665: Subtask print_date [2019-03-22 03:53:49,213] {models.py:273} INFO - Filling up the DagBag from /home/rsandroni/airflow/dags/tutorial.py
[2019-03-22 03:53:49,266] {base_task_runner.py:101} INFO - Job 2665: Subtask print_date [2019-03-22 03:53:49,265] {cli.py:520} INFO - Running <TaskInstance: tutorial.print_date 2018-12-18T00:00:00+00:00 [running]> on host IADAIRP1.globalrs.rack.space
[2019-03-22 03:53:49,287] {bash_operator.py:77} INFO - Tmp dir root location: 
 /tmp
[2019-03-22 03:53:49,302] {bash_operator.py:86} INFO - Exporting the following env vars:
AIRFLOW_CTX_DAG_ID=tutorial
AIRFLOW_CTX_TASK_ID=print_date
AIRFLOW_CTX_EXECUTION_DATE=2018-12-18T00:00:00+00:00
AIRFLOW_CTX_DAG_RUN_ID=scheduled__2018-12-18T00:00:00+00:00
[2019-03-22 03:53:49,303] {bash_operator.py:100} INFO - Temporary script location: /tmp/airflowtmp8e_6dh6s/print_date4pv8q0vg
[2019-03-22 03:53:49,303] {bash_operator.py:110} INFO - Running command: date
[2019-03-22 03:53:49,377] {bash_operator.py:119} INFO - Output:
[2019-03-22 03:53:49,389] {bash_operator.py:123} INFO - Sex Mar 22 03:53:49 -03 2019
[2019-03-22 03:53:49,400] {bash_operator.py:127} INFO - Command exited with return code 0
[2019-03-22 03:53:52,663] {logging_mixin.py:95} INFO - [2019-03-22 03:53:52,662] {jobs.py:2527} INFO - Task exited with return code 0
