[2019-03-22 05:47:18,645] {models.py:1359} INFO - Dependencies all met for <TaskInstance: tutorial.templated 2019-03-12T00:00:00+00:00 [queued]>
[2019-03-22 05:47:18,650] {models.py:1359} INFO - Dependencies all met for <TaskInstance: tutorial.templated 2019-03-12T00:00:00+00:00 [queued]>
[2019-03-22 05:47:18,651] {models.py:1571} INFO - 
--------------------------------------------------------------------------------
Starting attempt 1 of 2
--------------------------------------------------------------------------------

[2019-03-22 05:47:18,678] {models.py:1593} INFO - Executing <Task(BashOperator): templated> on 2019-03-12T00:00:00+00:00
[2019-03-22 05:47:18,679] {base_task_runner.py:118} INFO - Running: ['bash', '-c', 'airflow run tutorial templated 2019-03-12T00:00:00+00:00 --job_id 2835 --raw -sd DAGS_FOLDER/example_dags/tutorial.py --cfg_path /tmp/tmpuphix1sx']
[2019-03-22 05:47:19,383] {base_task_runner.py:101} INFO - Job 2835: Subtask templated [2019-03-22 05:47:19,382] {__init__.py:51} INFO - Using executor SequentialExecutor
[2019-03-22 05:47:19,642] {base_task_runner.py:101} INFO - Job 2835: Subtask templated [2019-03-22 05:47:19,642] {models.py:273} INFO - Filling up the DagBag from /home/rsandroni/airflow/dags/example_dags/tutorial.py
[2019-03-22 05:47:19,708] {base_task_runner.py:101} INFO - Job 2835: Subtask templated [2019-03-22 05:47:19,705] {cli.py:520} INFO - Running <TaskInstance: tutorial.templated 2019-03-12T00:00:00+00:00 [running]> on host IADAIRP1.globalrs.rack.space
[2019-03-22 05:47:19,721] {bash_operator.py:77} INFO - Tmp dir root location: 
 /tmp
[2019-03-22 05:47:19,722] {bash_operator.py:86} INFO - Exporting the following env vars:
AIRFLOW_CTX_DAG_ID=tutorial
AIRFLOW_CTX_TASK_ID=templated
AIRFLOW_CTX_EXECUTION_DATE=2019-03-12T00:00:00+00:00
AIRFLOW_CTX_DAG_RUN_ID=scheduled__2019-03-12T00:00:00+00:00
[2019-03-22 05:47:19,722] {bash_operator.py:100} INFO - Temporary script location: /tmp/airflowtmpjdfdjufi/templatedro1jxj9x
[2019-03-22 05:47:19,722] {bash_operator.py:110} INFO - Running command: 

    echo "2019-03-12"
    echo "2019-03-19"
    echo "Parameter I passed in"

    echo "2019-03-12"
    echo "2019-03-19"
    echo "Parameter I passed in"

    echo "2019-03-12"
    echo "2019-03-19"
    echo "Parameter I passed in"

    echo "2019-03-12"
    echo "2019-03-19"
    echo "Parameter I passed in"

    echo "2019-03-12"
    echo "2019-03-19"
    echo "Parameter I passed in"

[2019-03-22 05:47:19,728] {bash_operator.py:119} INFO - Output:
[2019-03-22 05:47:19,729] {bash_operator.py:123} INFO - 2019-03-12
[2019-03-22 05:47:19,729] {bash_operator.py:123} INFO - 2019-03-19
[2019-03-22 05:47:19,729] {bash_operator.py:123} INFO - Parameter I passed in
[2019-03-22 05:47:19,729] {bash_operator.py:123} INFO - 2019-03-12
[2019-03-22 05:47:19,729] {bash_operator.py:123} INFO - 2019-03-19
[2019-03-22 05:47:19,729] {bash_operator.py:123} INFO - Parameter I passed in
[2019-03-22 05:47:19,729] {bash_operator.py:123} INFO - 2019-03-12
[2019-03-22 05:47:19,729] {bash_operator.py:123} INFO - 2019-03-19
[2019-03-22 05:47:19,729] {bash_operator.py:123} INFO - Parameter I passed in
[2019-03-22 05:47:19,729] {bash_operator.py:123} INFO - 2019-03-12
[2019-03-22 05:47:19,729] {bash_operator.py:123} INFO - 2019-03-19
[2019-03-22 05:47:19,729] {bash_operator.py:123} INFO - Parameter I passed in
[2019-03-22 05:47:19,730] {bash_operator.py:123} INFO - 2019-03-12
[2019-03-22 05:47:19,730] {bash_operator.py:123} INFO - 2019-03-19
[2019-03-22 05:47:19,730] {bash_operator.py:123} INFO - Parameter I passed in
[2019-03-22 05:47:19,730] {bash_operator.py:127} INFO - Command exited with return code 0
[2019-03-22 05:47:23,607] {logging_mixin.py:95} INFO - [2019-03-22 05:47:23,607] {jobs.py:2527} INFO - Task exited with return code 0
