[2019-03-19 11:26:07,074] {models.py:1359} INFO - Dependencies all met for <TaskInstance: tutorial.templated 2015-10-17T00:00:00+00:00 [queued]>
[2019-03-19 11:26:07,078] {models.py:1359} INFO - Dependencies all met for <TaskInstance: tutorial.templated 2015-10-17T00:00:00+00:00 [queued]>
[2019-03-19 11:26:07,078] {models.py:1571} INFO - 
--------------------------------------------------------------------------------
Starting attempt 1 of 2
--------------------------------------------------------------------------------

[2019-03-19 11:26:07,090] {models.py:1593} INFO - Executing <Task(BashOperator): templated> on 2015-10-17T00:00:00+00:00
[2019-03-19 11:26:07,090] {base_task_runner.py:118} INFO - Running: ['bash', '-c', 'airflow run tutorial templated 2015-10-17T00:00:00+00:00 --job_id 285 --raw -sd DAGS_FOLDER/sql_server_load.py --cfg_path /tmp/tmppcrkz22i']
[2019-03-19 11:26:07,690] {base_task_runner.py:101} INFO - Job 285: Subtask templated [2019-03-19 11:26:07,689] {__init__.py:51} INFO - Using executor SequentialExecutor
[2019-03-19 11:26:07,913] {base_task_runner.py:101} INFO - Job 285: Subtask templated [2019-03-19 11:26:07,912] {models.py:273} INFO - Filling up the DagBag from /home/rsandroni/airflow/dags/sql_server_load.py
[2019-03-19 11:26:07,931] {base_task_runner.py:101} INFO - Job 285: Subtask templated [2019-03-19 11:26:07,931] {cli.py:520} INFO - Running <TaskInstance: tutorial.templated 2015-10-17T00:00:00+00:00 [running]> on host IADAIRP1.globalrs.rack.space
[2019-03-19 11:26:07,945] {bash_operator.py:77} INFO - Tmp dir root location: 
 /tmp
[2019-03-19 11:26:07,946] {bash_operator.py:86} INFO - Exporting the following env vars:
AIRFLOW_CTX_DAG_ID=tutorial
AIRFLOW_CTX_TASK_ID=templated
AIRFLOW_CTX_EXECUTION_DATE=2015-10-17T00:00:00+00:00
AIRFLOW_CTX_DAG_RUN_ID=scheduled__2015-10-17T00:00:00+00:00
[2019-03-19 11:26:07,946] {bash_operator.py:100} INFO - Temporary script location: /tmp/airflowtmpb6sgg60p/templated4ddxgxis
[2019-03-19 11:26:07,946] {bash_operator.py:110} INFO - Running command: 
    
        echo "2015-10-17"
        echo "Parameter I passed in"
    
        echo "2015-10-17"
        echo "Parameter I passed in"
    
        echo "2015-10-17"
        echo "Parameter I passed in"
    
        echo "2015-10-17"
        echo "Parameter I passed in"
    
        echo "2015-10-17"
        echo "Parameter I passed in"
    
    
[2019-03-19 11:26:07,951] {bash_operator.py:119} INFO - Output:
[2019-03-19 11:26:07,952] {bash_operator.py:123} INFO - 2015-10-17
[2019-03-19 11:26:07,952] {bash_operator.py:123} INFO - Parameter I passed in
[2019-03-19 11:26:07,952] {bash_operator.py:123} INFO - 2015-10-17
[2019-03-19 11:26:07,952] {bash_operator.py:123} INFO - Parameter I passed in
[2019-03-19 11:26:07,952] {bash_operator.py:123} INFO - 2015-10-17
[2019-03-19 11:26:07,952] {bash_operator.py:123} INFO - Parameter I passed in
[2019-03-19 11:26:07,952] {bash_operator.py:123} INFO - 2015-10-17
[2019-03-19 11:26:07,952] {bash_operator.py:123} INFO - Parameter I passed in
[2019-03-19 11:26:07,952] {bash_operator.py:123} INFO - 2015-10-17
[2019-03-19 11:26:07,953] {bash_operator.py:123} INFO - Parameter I passed in
[2019-03-19 11:26:07,953] {bash_operator.py:127} INFO - Command exited with return code 0
[2019-03-19 11:26:12,087] {logging_mixin.py:95} INFO - [2019-03-19 11:26:12,086] {jobs.py:2527} INFO - Task exited with return code 0
