[2019-03-19 13:09:23,500] {models.py:1359} INFO - Dependencies all met for <TaskInstance: tutorial.templated 2016-05-30T00:00:00+00:00 [queued]>
[2019-03-19 13:09:23,505] {models.py:1359} INFO - Dependencies all met for <TaskInstance: tutorial.templated 2016-05-30T00:00:00+00:00 [queued]>
[2019-03-19 13:09:23,505] {models.py:1571} INFO - 
--------------------------------------------------------------------------------
Starting attempt 1 of 2
--------------------------------------------------------------------------------

[2019-03-19 13:09:23,569] {models.py:1593} INFO - Executing <Task(BashOperator): templated> on 2016-05-30T00:00:00+00:00
[2019-03-19 13:09:23,569] {base_task_runner.py:118} INFO - Running: ['bash', '-c', 'airflow run tutorial templated 2016-05-30T00:00:00+00:00 --job_id 736 --raw -sd DAGS_FOLDER/sql_server_load.py --cfg_path /tmp/tmpeowkg1er']
[2019-03-19 13:09:24,945] {base_task_runner.py:101} INFO - Job 736: Subtask templated [2019-03-19 13:09:24,945] {__init__.py:51} INFO - Using executor SequentialExecutor
[2019-03-19 13:09:25,416] {base_task_runner.py:101} INFO - Job 736: Subtask templated [2019-03-19 13:09:25,415] {models.py:273} INFO - Filling up the DagBag from /home/rsandroni/airflow/dags/sql_server_load.py
[2019-03-19 13:09:25,459] {base_task_runner.py:101} INFO - Job 736: Subtask templated [2019-03-19 13:09:25,455] {cli.py:520} INFO - Running <TaskInstance: tutorial.templated 2016-05-30T00:00:00+00:00 [running]> on host IADAIRP1.globalrs.rack.space
[2019-03-19 13:09:25,484] {bash_operator.py:77} INFO - Tmp dir root location: 
 /tmp
[2019-03-19 13:09:25,484] {bash_operator.py:86} INFO - Exporting the following env vars:
AIRFLOW_CTX_DAG_ID=tutorial
AIRFLOW_CTX_TASK_ID=templated
AIRFLOW_CTX_EXECUTION_DATE=2016-05-30T00:00:00+00:00
AIRFLOW_CTX_DAG_RUN_ID=scheduled__2016-05-30T00:00:00+00:00
[2019-03-19 13:09:25,485] {bash_operator.py:100} INFO - Temporary script location: /tmp/airflowtmpekhzgi42/templated7vdudkp9
[2019-03-19 13:09:25,485] {bash_operator.py:110} INFO - Running command: 
    
        echo "2016-05-30"
        echo "Parameter I passed in"
    
        echo "2016-05-30"
        echo "Parameter I passed in"
    
        echo "2016-05-30"
        echo "Parameter I passed in"
    
        echo "2016-05-30"
        echo "Parameter I passed in"
    
        echo "2016-05-30"
        echo "Parameter I passed in"
    
    
[2019-03-19 13:09:25,503] {bash_operator.py:119} INFO - Output:
[2019-03-19 13:09:25,504] {bash_operator.py:123} INFO - 2016-05-30
[2019-03-19 13:09:25,504] {bash_operator.py:123} INFO - Parameter I passed in
[2019-03-19 13:09:25,504] {bash_operator.py:123} INFO - 2016-05-30
[2019-03-19 13:09:25,504] {bash_operator.py:123} INFO - Parameter I passed in
[2019-03-19 13:09:25,504] {bash_operator.py:123} INFO - 2016-05-30
[2019-03-19 13:09:25,504] {bash_operator.py:123} INFO - Parameter I passed in
[2019-03-19 13:09:25,504] {bash_operator.py:123} INFO - 2016-05-30
[2019-03-19 13:09:25,504] {bash_operator.py:123} INFO - Parameter I passed in
[2019-03-19 13:09:25,504] {bash_operator.py:123} INFO - 2016-05-30
[2019-03-19 13:09:25,504] {bash_operator.py:123} INFO - Parameter I passed in
[2019-03-19 13:09:25,504] {bash_operator.py:127} INFO - Command exited with return code 0
[2019-03-19 13:09:28,497] {logging_mixin.py:95} INFO - [2019-03-19 13:09:28,496] {jobs.py:2527} INFO - Task exited with return code 0
