[2019-03-21 17:21:10,080] {models.py:1359} INFO - Dependencies all met for <TaskInstance: tutorial.print_date 2017-07-02T00:00:00+00:00 [queued]>
[2019-03-21 17:21:10,083] {models.py:1359} INFO - Dependencies all met for <TaskInstance: tutorial.print_date 2017-07-02T00:00:00+00:00 [queued]>
[2019-03-21 17:21:10,083] {models.py:1571} INFO - 
--------------------------------------------------------------------------------
Starting attempt 1 of 2
--------------------------------------------------------------------------------

[2019-03-21 17:21:10,098] {models.py:1593} INFO - Executing <Task(BashOperator): print_date> on 2017-07-02T00:00:00+00:00
[2019-03-21 17:21:10,098] {base_task_runner.py:118} INFO - Running: ['bash', '-c', 'airflow run tutorial print_date 2017-07-02T00:00:00+00:00 --job_id 1554 --raw -sd DAGS_FOLDER/tutorial.py --cfg_path /tmp/tmphzx2w4yv']
[2019-03-21 17:21:10,733] {base_task_runner.py:101} INFO - Job 1554: Subtask print_date [2019-03-21 17:21:10,732] {__init__.py:51} INFO - Using executor SequentialExecutor
[2019-03-21 17:21:10,962] {base_task_runner.py:101} INFO - Job 1554: Subtask print_date [2019-03-21 17:21:10,961] {models.py:273} INFO - Filling up the DagBag from /home/rsandroni/airflow/dags/tutorial.py
[2019-03-21 17:21:10,977] {base_task_runner.py:101} INFO - Job 1554: Subtask print_date [2019-03-21 17:21:10,977] {cli.py:520} INFO - Running <TaskInstance: tutorial.print_date 2017-07-02T00:00:00+00:00 [running]> on host IADAIRP1.globalrs.rack.space
[2019-03-21 17:21:10,990] {bash_operator.py:77} INFO - Tmp dir root location: 
 /tmp
[2019-03-21 17:21:10,990] {bash_operator.py:86} INFO - Exporting the following env vars:
AIRFLOW_CTX_DAG_ID=tutorial
AIRFLOW_CTX_TASK_ID=print_date
AIRFLOW_CTX_EXECUTION_DATE=2017-07-02T00:00:00+00:00
AIRFLOW_CTX_DAG_RUN_ID=scheduled__2017-07-02T00:00:00+00:00
[2019-03-21 17:21:10,990] {bash_operator.py:100} INFO - Temporary script location: /tmp/airflowtmpfsr08uln/print_date035e3nb6
[2019-03-21 17:21:10,990] {bash_operator.py:110} INFO - Running command: date
[2019-03-21 17:21:10,996] {bash_operator.py:119} INFO - Output:
[2019-03-21 17:21:10,998] {bash_operator.py:123} INFO - Qui Mar 21 17:21:10 -03 2019
[2019-03-21 17:21:10,998] {bash_operator.py:127} INFO - Command exited with return code 0
[2019-03-21 17:21:15,085] {logging_mixin.py:95} INFO - [2019-03-21 17:21:15,084] {jobs.py:2527} INFO - Task exited with return code 0
