[2019-03-22 03:19:21,877] {models.py:1359} INFO - Dependencies all met for <TaskInstance: tutorial.print_date 2018-11-22T00:00:00+00:00 [queued]>
[2019-03-22 03:19:21,881] {models.py:1359} INFO - Dependencies all met for <TaskInstance: tutorial.print_date 2018-11-22T00:00:00+00:00 [queued]>
[2019-03-22 03:19:21,881] {models.py:1571} INFO - 
--------------------------------------------------------------------------------
Starting attempt 1 of 2
--------------------------------------------------------------------------------

[2019-03-22 03:19:21,943] {models.py:1593} INFO - Executing <Task(BashOperator): print_date> on 2018-11-22T00:00:00+00:00
[2019-03-22 03:19:21,943] {base_task_runner.py:118} INFO - Running: ['bash', '-c', 'airflow run tutorial print_date 2018-11-22T00:00:00+00:00 --job_id 2613 --raw -sd DAGS_FOLDER/tutorial.py --cfg_path /tmp/tmpo69vvbhx']
[2019-03-22 03:19:22,881] {base_task_runner.py:101} INFO - Job 2613: Subtask print_date [2019-03-22 03:19:22,877] {__init__.py:51} INFO - Using executor SequentialExecutor
[2019-03-22 03:19:23,241] {base_task_runner.py:101} INFO - Job 2613: Subtask print_date [2019-03-22 03:19:23,240] {models.py:273} INFO - Filling up the DagBag from /home/rsandroni/airflow/dags/tutorial.py
[2019-03-22 03:19:23,283] {base_task_runner.py:101} INFO - Job 2613: Subtask print_date [2019-03-22 03:19:23,279] {cli.py:520} INFO - Running <TaskInstance: tutorial.print_date 2018-11-22T00:00:00+00:00 [running]> on host IADAIRP1.globalrs.rack.space
[2019-03-22 03:19:23,326] {bash_operator.py:77} INFO - Tmp dir root location: 
 /tmp
[2019-03-22 03:19:23,327] {bash_operator.py:86} INFO - Exporting the following env vars:
AIRFLOW_CTX_DAG_ID=tutorial
AIRFLOW_CTX_TASK_ID=print_date
AIRFLOW_CTX_EXECUTION_DATE=2018-11-22T00:00:00+00:00
AIRFLOW_CTX_DAG_RUN_ID=scheduled__2018-11-22T00:00:00+00:00
[2019-03-22 03:19:23,327] {bash_operator.py:100} INFO - Temporary script location: /tmp/airflowtmpm_q4il6f/print_datejybqotbi
[2019-03-22 03:19:23,327] {bash_operator.py:110} INFO - Running command: date
[2019-03-22 03:19:23,355] {bash_operator.py:119} INFO - Output:
[2019-03-22 03:19:23,370] {bash_operator.py:123} INFO - Sex Mar 22 03:19:23 -03 2019
[2019-03-22 03:19:23,370] {bash_operator.py:127} INFO - Command exited with return code 0
[2019-03-22 03:19:26,801] {logging_mixin.py:95} INFO - [2019-03-22 03:19:26,800] {jobs.py:2527} INFO - Task exited with return code 0
