[2019-03-19 14:06:05,616] {models.py:1359} INFO - Dependencies all met for <TaskInstance: tutorial.templated 2016-09-28T00:00:00+00:00 [queued]>
[2019-03-19 14:06:05,620] {models.py:1359} INFO - Dependencies all met for <TaskInstance: tutorial.templated 2016-09-28T00:00:00+00:00 [queued]>
[2019-03-19 14:06:05,621] {models.py:1571} INFO - 
--------------------------------------------------------------------------------
Starting attempt 1 of 2
--------------------------------------------------------------------------------

[2019-03-19 14:06:05,724] {models.py:1593} INFO - Executing <Task(BashOperator): templated> on 2016-09-28T00:00:00+00:00
[2019-03-19 14:06:05,724] {base_task_runner.py:118} INFO - Running: ['bash', '-c', 'airflow run tutorial templated 2016-09-28T00:00:00+00:00 --job_id 977 --raw -sd DAGS_FOLDER/example_dags/tutorial.py --cfg_path /tmp/tmpl4fpvwvp']
[2019-03-19 14:06:07,629] {base_task_runner.py:101} INFO - Job 977: Subtask templated [2019-03-19 14:06:07,628] {__init__.py:51} INFO - Using executor SequentialExecutor
[2019-03-19 14:06:08,085] {base_task_runner.py:101} INFO - Job 977: Subtask templated [2019-03-19 14:06:08,084] {models.py:273} INFO - Filling up the DagBag from /home/rsandroni/airflow/dags/example_dags/tutorial.py
[2019-03-19 14:06:08,227] {base_task_runner.py:101} INFO - Job 977: Subtask templated [2019-03-19 14:06:08,222] {cli.py:520} INFO - Running <TaskInstance: tutorial.templated 2016-09-28T00:00:00+00:00 [running]> on host IADAIRP1.globalrs.rack.space
[2019-03-19 14:06:08,292] {bash_operator.py:77} INFO - Tmp dir root location: 
 /tmp
[2019-03-19 14:06:08,293] {bash_operator.py:86} INFO - Exporting the following env vars:
AIRFLOW_CTX_DAG_ID=tutorial
AIRFLOW_CTX_TASK_ID=templated
AIRFLOW_CTX_EXECUTION_DATE=2016-09-28T00:00:00+00:00
AIRFLOW_CTX_DAG_RUN_ID=scheduled__2016-09-28T00:00:00+00:00
[2019-03-19 14:06:08,293] {bash_operator.py:100} INFO - Temporary script location: /tmp/airflowtmp6xo51aqf/templatedr1n7owrs
[2019-03-19 14:06:08,293] {bash_operator.py:110} INFO - Running command: 

    echo "2016-09-28"
    echo "2016-10-05"
    echo "Parameter I passed in"

    echo "2016-09-28"
    echo "2016-10-05"
    echo "Parameter I passed in"

    echo "2016-09-28"
    echo "2016-10-05"
    echo "Parameter I passed in"

    echo "2016-09-28"
    echo "2016-10-05"
    echo "Parameter I passed in"

    echo "2016-09-28"
    echo "2016-10-05"
    echo "Parameter I passed in"

[2019-03-19 14:06:08,352] {bash_operator.py:119} INFO - Output:
[2019-03-19 14:06:08,353] {bash_operator.py:123} INFO - 2016-09-28
[2019-03-19 14:06:08,353] {bash_operator.py:123} INFO - 2016-10-05
[2019-03-19 14:06:08,353] {bash_operator.py:123} INFO - Parameter I passed in
[2019-03-19 14:06:08,353] {bash_operator.py:123} INFO - 2016-09-28
[2019-03-19 14:06:08,353] {bash_operator.py:123} INFO - 2016-10-05
[2019-03-19 14:06:08,353] {bash_operator.py:123} INFO - Parameter I passed in
[2019-03-19 14:06:08,353] {bash_operator.py:123} INFO - 2016-09-28
[2019-03-19 14:06:08,353] {bash_operator.py:123} INFO - 2016-10-05
[2019-03-19 14:06:08,353] {bash_operator.py:123} INFO - Parameter I passed in
[2019-03-19 14:06:08,353] {bash_operator.py:123} INFO - 2016-09-28
[2019-03-19 14:06:08,353] {bash_operator.py:123} INFO - 2016-10-05
[2019-03-19 14:06:08,353] {bash_operator.py:123} INFO - Parameter I passed in
[2019-03-19 14:06:08,353] {bash_operator.py:123} INFO - 2016-09-28
[2019-03-19 14:06:08,353] {bash_operator.py:123} INFO - 2016-10-05
[2019-03-19 14:06:08,353] {bash_operator.py:123} INFO - Parameter I passed in
[2019-03-19 14:06:08,353] {bash_operator.py:127} INFO - Command exited with return code 0
[2019-03-19 14:06:10,683] {logging_mixin.py:95} INFO - [2019-03-19 14:06:10,682] {jobs.py:2527} INFO - Task exited with return code 0
