[2019-03-22 03:15:58,935] {models.py:1359} INFO - Dependencies all met for <TaskInstance: tutorial.templated 2018-11-17T00:00:00+00:00 [queued]>
[2019-03-22 03:15:58,941] {models.py:1359} INFO - Dependencies all met for <TaskInstance: tutorial.templated 2018-11-17T00:00:00+00:00 [queued]>
[2019-03-22 03:15:58,941] {models.py:1571} INFO - 
--------------------------------------------------------------------------------
Starting attempt 1 of 2
--------------------------------------------------------------------------------

[2019-03-22 03:15:58,977] {models.py:1593} INFO - Executing <Task(BashOperator): templated> on 2018-11-17T00:00:00+00:00
[2019-03-22 03:15:58,978] {base_task_runner.py:118} INFO - Running: ['bash', '-c', 'airflow run tutorial templated 2018-11-17T00:00:00+00:00 --job_id 2606 --raw -sd DAGS_FOLDER/example_dags/tutorial.py --cfg_path /tmp/tmp7vw8kio_']
[2019-03-22 03:15:59,805] {base_task_runner.py:101} INFO - Job 2606: Subtask templated [2019-03-22 03:15:59,803] {__init__.py:51} INFO - Using executor SequentialExecutor
[2019-03-22 03:16:00,074] {base_task_runner.py:101} INFO - Job 2606: Subtask templated [2019-03-22 03:16:00,073] {models.py:273} INFO - Filling up the DagBag from /home/rsandroni/airflow/dags/example_dags/tutorial.py
[2019-03-22 03:16:00,137] {base_task_runner.py:101} INFO - Job 2606: Subtask templated [2019-03-22 03:16:00,137] {cli.py:520} INFO - Running <TaskInstance: tutorial.templated 2018-11-17T00:00:00+00:00 [running]> on host IADAIRP1.globalrs.rack.space
[2019-03-22 03:16:00,154] {bash_operator.py:77} INFO - Tmp dir root location: 
 /tmp
[2019-03-22 03:16:00,154] {bash_operator.py:86} INFO - Exporting the following env vars:
AIRFLOW_CTX_DAG_ID=tutorial
AIRFLOW_CTX_TASK_ID=templated
AIRFLOW_CTX_EXECUTION_DATE=2018-11-17T00:00:00+00:00
AIRFLOW_CTX_DAG_RUN_ID=scheduled__2018-11-17T00:00:00+00:00
[2019-03-22 03:16:00,155] {bash_operator.py:100} INFO - Temporary script location: /tmp/airflowtmpl86pqvre/templatedshica8va
[2019-03-22 03:16:00,155] {bash_operator.py:110} INFO - Running command: 

    echo "2018-11-17"
    echo "2018-11-24"
    echo "Parameter I passed in"

    echo "2018-11-17"
    echo "2018-11-24"
    echo "Parameter I passed in"

    echo "2018-11-17"
    echo "2018-11-24"
    echo "Parameter I passed in"

    echo "2018-11-17"
    echo "2018-11-24"
    echo "Parameter I passed in"

    echo "2018-11-17"
    echo "2018-11-24"
    echo "Parameter I passed in"

[2019-03-22 03:16:00,161] {bash_operator.py:119} INFO - Output:
[2019-03-22 03:16:00,162] {bash_operator.py:123} INFO - 2018-11-17
[2019-03-22 03:16:00,162] {bash_operator.py:123} INFO - 2018-11-24
[2019-03-22 03:16:00,162] {bash_operator.py:123} INFO - Parameter I passed in
[2019-03-22 03:16:00,162] {bash_operator.py:123} INFO - 2018-11-17
[2019-03-22 03:16:00,162] {bash_operator.py:123} INFO - 2018-11-24
[2019-03-22 03:16:00,162] {bash_operator.py:123} INFO - Parameter I passed in
[2019-03-22 03:16:00,162] {bash_operator.py:123} INFO - 2018-11-17
[2019-03-22 03:16:00,163] {bash_operator.py:123} INFO - 2018-11-24
[2019-03-22 03:16:00,163] {bash_operator.py:123} INFO - Parameter I passed in
[2019-03-22 03:16:00,163] {bash_operator.py:123} INFO - 2018-11-17
[2019-03-22 03:16:00,163] {bash_operator.py:123} INFO - 2018-11-24
[2019-03-22 03:16:00,163] {bash_operator.py:123} INFO - Parameter I passed in
[2019-03-22 03:16:00,163] {bash_operator.py:123} INFO - 2018-11-17
[2019-03-22 03:16:00,163] {bash_operator.py:123} INFO - 2018-11-24
[2019-03-22 03:16:00,163] {bash_operator.py:123} INFO - Parameter I passed in
[2019-03-22 03:16:00,163] {bash_operator.py:127} INFO - Command exited with return code 0
[2019-03-22 03:16:03,953] {logging_mixin.py:95} INFO - [2019-03-22 03:16:03,952] {jobs.py:2527} INFO - Task exited with return code 0
