[2019-03-19 13:24:34,373] {models.py:1359} INFO - Dependencies all met for <TaskInstance: tutorial.print_date 2016-07-02T00:00:00+00:00 [queued]>
[2019-03-19 13:24:34,375] {models.py:1359} INFO - Dependencies all met for <TaskInstance: tutorial.print_date 2016-07-02T00:00:00+00:00 [queued]>
[2019-03-19 13:24:34,375] {models.py:1571} INFO - 
--------------------------------------------------------------------------------
Starting attempt 1 of 2
--------------------------------------------------------------------------------

[2019-03-19 13:24:34,387] {models.py:1593} INFO - Executing <Task(BashOperator): print_date> on 2016-07-02T00:00:00+00:00
[2019-03-19 13:24:34,387] {base_task_runner.py:118} INFO - Running: ['bash', '-c', 'airflow run tutorial print_date 2016-07-02T00:00:00+00:00 --job_id 799 --raw -sd DAGS_FOLDER/tutorial.py --cfg_path /tmp/tmp8oe0w4iy']
[2019-03-19 13:24:35,006] {base_task_runner.py:101} INFO - Job 799: Subtask print_date [2019-03-19 13:24:35,006] {__init__.py:51} INFO - Using executor SequentialExecutor
[2019-03-19 13:24:35,276] {base_task_runner.py:101} INFO - Job 799: Subtask print_date [2019-03-19 13:24:35,273] {models.py:273} INFO - Filling up the DagBag from /home/rsandroni/airflow/dags/tutorial.py
[2019-03-19 13:24:35,294] {base_task_runner.py:101} INFO - Job 799: Subtask print_date [2019-03-19 13:24:35,290] {cli.py:520} INFO - Running <TaskInstance: tutorial.print_date 2016-07-02T00:00:00+00:00 [running]> on host IADAIRP1.globalrs.rack.space
[2019-03-19 13:24:35,306] {bash_operator.py:77} INFO - Tmp dir root location: 
 /tmp
[2019-03-19 13:24:35,306] {bash_operator.py:86} INFO - Exporting the following env vars:
AIRFLOW_CTX_DAG_ID=tutorial
AIRFLOW_CTX_TASK_ID=print_date
AIRFLOW_CTX_EXECUTION_DATE=2016-07-02T00:00:00+00:00
AIRFLOW_CTX_DAG_RUN_ID=scheduled__2016-07-02T00:00:00+00:00
[2019-03-19 13:24:35,307] {bash_operator.py:100} INFO - Temporary script location: /tmp/airflowtmppot2u56v/print_datez06qqe78
[2019-03-19 13:24:35,307] {bash_operator.py:110} INFO - Running command: date
[2019-03-19 13:24:35,312] {bash_operator.py:119} INFO - Output:
[2019-03-19 13:24:35,314] {bash_operator.py:123} INFO - Ter Mar 19 13:24:35 -03 2019
[2019-03-19 13:24:35,314] {bash_operator.py:127} INFO - Command exited with return code 0
[2019-03-19 13:24:39,443] {logging_mixin.py:95} INFO - [2019-03-19 13:24:39,443] {jobs.py:2527} INFO - Task exited with return code 0
