[2019-03-22 00:18:43,161] {models.py:1359} INFO - Dependencies all met for <TaskInstance: tutorial.templated 2018-07-06T00:00:00+00:00 [queued]>
[2019-03-22 00:18:43,166] {models.py:1359} INFO - Dependencies all met for <TaskInstance: tutorial.templated 2018-07-06T00:00:00+00:00 [queued]>
[2019-03-22 00:18:43,166] {models.py:1571} INFO - 
--------------------------------------------------------------------------------
Starting attempt 1 of 2
--------------------------------------------------------------------------------

[2019-03-22 00:18:43,185] {models.py:1593} INFO - Executing <Task(BashOperator): templated> on 2018-07-06T00:00:00+00:00
[2019-03-22 00:18:43,185] {base_task_runner.py:118} INFO - Running: ['bash', '-c', 'airflow run tutorial templated 2018-07-06T00:00:00+00:00 --job_id 2338 --raw -sd DAGS_FOLDER/example_dags/tutorial.py --cfg_path /tmp/tmpnu6_ogml']
[2019-03-22 00:18:43,858] {base_task_runner.py:101} INFO - Job 2338: Subtask templated [2019-03-22 00:18:43,857] {__init__.py:51} INFO - Using executor SequentialExecutor
[2019-03-22 00:18:44,143] {base_task_runner.py:101} INFO - Job 2338: Subtask templated [2019-03-22 00:18:44,142] {models.py:273} INFO - Filling up the DagBag from /home/rsandroni/airflow/dags/example_dags/tutorial.py
[2019-03-22 00:18:44,207] {base_task_runner.py:101} INFO - Job 2338: Subtask templated [2019-03-22 00:18:44,207] {cli.py:520} INFO - Running <TaskInstance: tutorial.templated 2018-07-06T00:00:00+00:00 [running]> on host IADAIRP1.globalrs.rack.space
[2019-03-22 00:18:44,224] {bash_operator.py:77} INFO - Tmp dir root location: 
 /tmp
[2019-03-22 00:18:44,225] {bash_operator.py:86} INFO - Exporting the following env vars:
AIRFLOW_CTX_DAG_ID=tutorial
AIRFLOW_CTX_TASK_ID=templated
AIRFLOW_CTX_EXECUTION_DATE=2018-07-06T00:00:00+00:00
AIRFLOW_CTX_DAG_RUN_ID=scheduled__2018-07-06T00:00:00+00:00
[2019-03-22 00:18:44,225] {bash_operator.py:100} INFO - Temporary script location: /tmp/airflowtmprt0cx2q5/templatedg9e7dpwn
[2019-03-22 00:18:44,225] {bash_operator.py:110} INFO - Running command: 

    echo "2018-07-06"
    echo "2018-07-13"
    echo "Parameter I passed in"

    echo "2018-07-06"
    echo "2018-07-13"
    echo "Parameter I passed in"

    echo "2018-07-06"
    echo "2018-07-13"
    echo "Parameter I passed in"

    echo "2018-07-06"
    echo "2018-07-13"
    echo "Parameter I passed in"

    echo "2018-07-06"
    echo "2018-07-13"
    echo "Parameter I passed in"

[2019-03-22 00:18:44,231] {bash_operator.py:119} INFO - Output:
[2019-03-22 00:18:44,232] {bash_operator.py:123} INFO - 2018-07-06
[2019-03-22 00:18:44,232] {bash_operator.py:123} INFO - 2018-07-13
[2019-03-22 00:18:44,232] {bash_operator.py:123} INFO - Parameter I passed in
[2019-03-22 00:18:44,232] {bash_operator.py:123} INFO - 2018-07-06
[2019-03-22 00:18:44,232] {bash_operator.py:123} INFO - 2018-07-13
[2019-03-22 00:18:44,232] {bash_operator.py:123} INFO - Parameter I passed in
[2019-03-22 00:18:44,232] {bash_operator.py:123} INFO - 2018-07-06
[2019-03-22 00:18:44,232] {bash_operator.py:123} INFO - 2018-07-13
[2019-03-22 00:18:44,233] {bash_operator.py:123} INFO - Parameter I passed in
[2019-03-22 00:18:44,233] {bash_operator.py:123} INFO - 2018-07-06
[2019-03-22 00:18:44,233] {bash_operator.py:123} INFO - 2018-07-13
[2019-03-22 00:18:44,233] {bash_operator.py:123} INFO - Parameter I passed in
[2019-03-22 00:18:44,233] {bash_operator.py:123} INFO - 2018-07-06
[2019-03-22 00:18:44,233] {bash_operator.py:123} INFO - 2018-07-13
[2019-03-22 00:18:44,233] {bash_operator.py:123} INFO - Parameter I passed in
[2019-03-22 00:18:44,233] {bash_operator.py:127} INFO - Command exited with return code 0
[2019-03-22 00:18:48,187] {logging_mixin.py:95} INFO - [2019-03-22 00:18:48,186] {jobs.py:2527} INFO - Task exited with return code 0
