[2019-03-22 01:54:09,823] {models.py:1359} INFO - Dependencies all met for <TaskInstance: tutorial.templated 2018-09-16T00:00:00+00:00 [queued]>
[2019-03-22 01:54:09,829] {models.py:1359} INFO - Dependencies all met for <TaskInstance: tutorial.templated 2018-09-16T00:00:00+00:00 [queued]>
[2019-03-22 01:54:09,829] {models.py:1571} INFO - 
--------------------------------------------------------------------------------
Starting attempt 1 of 2
--------------------------------------------------------------------------------

[2019-03-22 01:54:09,909] {models.py:1593} INFO - Executing <Task(BashOperator): templated> on 2018-09-16T00:00:00+00:00
[2019-03-22 01:54:09,909] {base_task_runner.py:118} INFO - Running: ['bash', '-c', 'airflow run tutorial templated 2018-09-16T00:00:00+00:00 --job_id 2482 --raw -sd DAGS_FOLDER/example_dags/tutorial.py --cfg_path /tmp/tmp0td6d4kj']
[2019-03-22 01:54:10,661] {base_task_runner.py:101} INFO - Job 2482: Subtask templated [2019-03-22 01:54:10,654] {__init__.py:51} INFO - Using executor SequentialExecutor
[2019-03-22 01:54:11,035] {base_task_runner.py:101} INFO - Job 2482: Subtask templated [2019-03-22 01:54:11,028] {models.py:273} INFO - Filling up the DagBag from /home/rsandroni/airflow/dags/example_dags/tutorial.py
[2019-03-22 01:54:11,121] {base_task_runner.py:101} INFO - Job 2482: Subtask templated [2019-03-22 01:54:11,120] {cli.py:520} INFO - Running <TaskInstance: tutorial.templated 2018-09-16T00:00:00+00:00 [running]> on host IADAIRP1.globalrs.rack.space
[2019-03-22 01:54:11,153] {bash_operator.py:77} INFO - Tmp dir root location: 
 /tmp
[2019-03-22 01:54:11,154] {bash_operator.py:86} INFO - Exporting the following env vars:
AIRFLOW_CTX_DAG_ID=tutorial
AIRFLOW_CTX_TASK_ID=templated
AIRFLOW_CTX_EXECUTION_DATE=2018-09-16T00:00:00+00:00
AIRFLOW_CTX_DAG_RUN_ID=scheduled__2018-09-16T00:00:00+00:00
[2019-03-22 01:54:11,154] {bash_operator.py:100} INFO - Temporary script location: /tmp/airflowtmpbi93ugmu/templated98quvz_3
[2019-03-22 01:54:11,155] {bash_operator.py:110} INFO - Running command: 

    echo "2018-09-16"
    echo "2018-09-23"
    echo "Parameter I passed in"

    echo "2018-09-16"
    echo "2018-09-23"
    echo "Parameter I passed in"

    echo "2018-09-16"
    echo "2018-09-23"
    echo "Parameter I passed in"

    echo "2018-09-16"
    echo "2018-09-23"
    echo "Parameter I passed in"

    echo "2018-09-16"
    echo "2018-09-23"
    echo "Parameter I passed in"

[2019-03-22 01:54:11,211] {bash_operator.py:119} INFO - Output:
[2019-03-22 01:54:11,222] {bash_operator.py:123} INFO - 2018-09-16
[2019-03-22 01:54:11,222] {bash_operator.py:123} INFO - 2018-09-23
[2019-03-22 01:54:11,222] {bash_operator.py:123} INFO - Parameter I passed in
[2019-03-22 01:54:11,222] {bash_operator.py:123} INFO - 2018-09-16
[2019-03-22 01:54:11,222] {bash_operator.py:123} INFO - 2018-09-23
[2019-03-22 01:54:11,222] {bash_operator.py:123} INFO - Parameter I passed in
[2019-03-22 01:54:11,222] {bash_operator.py:123} INFO - 2018-09-16
[2019-03-22 01:54:11,222] {bash_operator.py:123} INFO - 2018-09-23
[2019-03-22 01:54:11,223] {bash_operator.py:123} INFO - Parameter I passed in
[2019-03-22 01:54:11,223] {bash_operator.py:123} INFO - 2018-09-16
[2019-03-22 01:54:11,223] {bash_operator.py:123} INFO - 2018-09-23
[2019-03-22 01:54:11,223] {bash_operator.py:123} INFO - Parameter I passed in
[2019-03-22 01:54:11,223] {bash_operator.py:123} INFO - 2018-09-16
[2019-03-22 01:54:11,223] {bash_operator.py:123} INFO - 2018-09-23
[2019-03-22 01:54:11,223] {bash_operator.py:123} INFO - Parameter I passed in
[2019-03-22 01:54:11,223] {bash_operator.py:127} INFO - Command exited with return code 0
[2019-03-22 01:54:14,822] {logging_mixin.py:95} INFO - [2019-03-22 01:54:14,821] {jobs.py:2527} INFO - Task exited with return code 0
