[2019-03-21 18:24:01,159] {models.py:1359} INFO - Dependencies all met for <TaskInstance: tutorial.templated 2017-10-08T00:00:00+00:00 [queued]>
[2019-03-21 18:24:01,164] {models.py:1359} INFO - Dependencies all met for <TaskInstance: tutorial.templated 2017-10-08T00:00:00+00:00 [queued]>
[2019-03-21 18:24:01,164] {models.py:1571} INFO - 
--------------------------------------------------------------------------------
Starting attempt 1 of 2
--------------------------------------------------------------------------------

[2019-03-21 18:24:01,179] {models.py:1593} INFO - Executing <Task(BashOperator): templated> on 2017-10-08T00:00:00+00:00
[2019-03-21 18:24:01,179] {base_task_runner.py:118} INFO - Running: ['bash', '-c', 'airflow run tutorial templated 2017-10-08T00:00:00+00:00 --job_id 1795 --raw -sd DAGS_FOLDER/example_dags/tutorial.py --cfg_path /tmp/tmpk2vg5wf1']
[2019-03-21 18:24:01,818] {base_task_runner.py:101} INFO - Job 1795: Subtask templated [2019-03-21 18:24:01,817] {__init__.py:51} INFO - Using executor SequentialExecutor
[2019-03-21 18:24:02,054] {base_task_runner.py:101} INFO - Job 1795: Subtask templated [2019-03-21 18:24:02,051] {models.py:273} INFO - Filling up the DagBag from /home/rsandroni/airflow/dags/example_dags/tutorial.py
[2019-03-21 18:24:02,115] {base_task_runner.py:101} INFO - Job 1795: Subtask templated [2019-03-21 18:24:02,114] {cli.py:520} INFO - Running <TaskInstance: tutorial.templated 2017-10-08T00:00:00+00:00 [running]> on host IADAIRP1.globalrs.rack.space
[2019-03-21 18:24:02,131] {bash_operator.py:77} INFO - Tmp dir root location: 
 /tmp
[2019-03-21 18:24:02,131] {bash_operator.py:86} INFO - Exporting the following env vars:
AIRFLOW_CTX_DAG_ID=tutorial
AIRFLOW_CTX_TASK_ID=templated
AIRFLOW_CTX_EXECUTION_DATE=2017-10-08T00:00:00+00:00
AIRFLOW_CTX_DAG_RUN_ID=scheduled__2017-10-08T00:00:00+00:00
[2019-03-21 18:24:02,132] {bash_operator.py:100} INFO - Temporary script location: /tmp/airflowtmpiaos0m9g/templatedsecmd1_9
[2019-03-21 18:24:02,132] {bash_operator.py:110} INFO - Running command: 

    echo "2017-10-08"
    echo "2017-10-15"
    echo "Parameter I passed in"

    echo "2017-10-08"
    echo "2017-10-15"
    echo "Parameter I passed in"

    echo "2017-10-08"
    echo "2017-10-15"
    echo "Parameter I passed in"

    echo "2017-10-08"
    echo "2017-10-15"
    echo "Parameter I passed in"

    echo "2017-10-08"
    echo "2017-10-15"
    echo "Parameter I passed in"

[2019-03-21 18:24:02,137] {bash_operator.py:119} INFO - Output:
[2019-03-21 18:24:02,139] {bash_operator.py:123} INFO - 2017-10-08
[2019-03-21 18:24:02,139] {bash_operator.py:123} INFO - 2017-10-15
[2019-03-21 18:24:02,139] {bash_operator.py:123} INFO - Parameter I passed in
[2019-03-21 18:24:02,139] {bash_operator.py:123} INFO - 2017-10-08
[2019-03-21 18:24:02,139] {bash_operator.py:123} INFO - 2017-10-15
[2019-03-21 18:24:02,139] {bash_operator.py:123} INFO - Parameter I passed in
[2019-03-21 18:24:02,139] {bash_operator.py:123} INFO - 2017-10-08
[2019-03-21 18:24:02,139] {bash_operator.py:123} INFO - 2017-10-15
[2019-03-21 18:24:02,139] {bash_operator.py:123} INFO - Parameter I passed in
[2019-03-21 18:24:02,139] {bash_operator.py:123} INFO - 2017-10-08
[2019-03-21 18:24:02,139] {bash_operator.py:123} INFO - 2017-10-15
[2019-03-21 18:24:02,139] {bash_operator.py:123} INFO - Parameter I passed in
[2019-03-21 18:24:02,139] {bash_operator.py:123} INFO - 2017-10-08
[2019-03-21 18:24:02,139] {bash_operator.py:123} INFO - 2017-10-15
[2019-03-21 18:24:02,139] {bash_operator.py:123} INFO - Parameter I passed in
[2019-03-21 18:24:02,139] {bash_operator.py:127} INFO - Command exited with return code 0
[2019-03-21 18:24:06,153] {logging_mixin.py:95} INFO - [2019-03-21 18:24:06,152] {jobs.py:2527} INFO - Task exited with return code 0
