[2019-03-21 19:10:46,032] {models.py:1359} INFO - Dependencies all met for <TaskInstance: tutorial.templated 2017-11-13T00:00:00+00:00 [queued]>
[2019-03-21 19:10:46,036] {models.py:1359} INFO - Dependencies all met for <TaskInstance: tutorial.templated 2017-11-13T00:00:00+00:00 [queued]>
[2019-03-21 19:10:46,036] {models.py:1571} INFO - 
--------------------------------------------------------------------------------
Starting attempt 1 of 2
--------------------------------------------------------------------------------

[2019-03-21 19:10:46,051] {models.py:1593} INFO - Executing <Task(BashOperator): templated> on 2017-11-13T00:00:00+00:00
[2019-03-21 19:10:46,051] {base_task_runner.py:118} INFO - Running: ['bash', '-c', 'airflow run tutorial templated 2017-11-13T00:00:00+00:00 --job_id 1867 --raw -sd DAGS_FOLDER/example_dags/tutorial.py --cfg_path /tmp/tmpkx7s_y4_']
[2019-03-21 19:10:46,697] {base_task_runner.py:101} INFO - Job 1867: Subtask templated [2019-03-21 19:10:46,696] {__init__.py:51} INFO - Using executor SequentialExecutor
[2019-03-21 19:10:46,929] {base_task_runner.py:101} INFO - Job 1867: Subtask templated [2019-03-21 19:10:46,928] {models.py:273} INFO - Filling up the DagBag from /home/rsandroni/airflow/dags/example_dags/tutorial.py
[2019-03-21 19:10:46,996] {base_task_runner.py:101} INFO - Job 1867: Subtask templated [2019-03-21 19:10:46,994] {cli.py:520} INFO - Running <TaskInstance: tutorial.templated 2017-11-13T00:00:00+00:00 [running]> on host IADAIRP1.globalrs.rack.space
[2019-03-21 19:10:47,011] {bash_operator.py:77} INFO - Tmp dir root location: 
 /tmp
[2019-03-21 19:10:47,011] {bash_operator.py:86} INFO - Exporting the following env vars:
AIRFLOW_CTX_DAG_ID=tutorial
AIRFLOW_CTX_TASK_ID=templated
AIRFLOW_CTX_EXECUTION_DATE=2017-11-13T00:00:00+00:00
AIRFLOW_CTX_DAG_RUN_ID=scheduled__2017-11-13T00:00:00+00:00
[2019-03-21 19:10:47,012] {bash_operator.py:100} INFO - Temporary script location: /tmp/airflowtmp9auiuo7t/templatedmzh68ppb
[2019-03-21 19:10:47,012] {bash_operator.py:110} INFO - Running command: 

    echo "2017-11-13"
    echo "2017-11-20"
    echo "Parameter I passed in"

    echo "2017-11-13"
    echo "2017-11-20"
    echo "Parameter I passed in"

    echo "2017-11-13"
    echo "2017-11-20"
    echo "Parameter I passed in"

    echo "2017-11-13"
    echo "2017-11-20"
    echo "Parameter I passed in"

    echo "2017-11-13"
    echo "2017-11-20"
    echo "Parameter I passed in"

[2019-03-21 19:10:47,017] {bash_operator.py:119} INFO - Output:
[2019-03-21 19:10:47,018] {bash_operator.py:123} INFO - 2017-11-13
[2019-03-21 19:10:47,018] {bash_operator.py:123} INFO - 2017-11-20
[2019-03-21 19:10:47,018] {bash_operator.py:123} INFO - Parameter I passed in
[2019-03-21 19:10:47,018] {bash_operator.py:123} INFO - 2017-11-13
[2019-03-21 19:10:47,019] {bash_operator.py:123} INFO - 2017-11-20
[2019-03-21 19:10:47,019] {bash_operator.py:123} INFO - Parameter I passed in
[2019-03-21 19:10:47,019] {bash_operator.py:123} INFO - 2017-11-13
[2019-03-21 19:10:47,019] {bash_operator.py:123} INFO - 2017-11-20
[2019-03-21 19:10:47,019] {bash_operator.py:123} INFO - Parameter I passed in
[2019-03-21 19:10:47,019] {bash_operator.py:123} INFO - 2017-11-13
[2019-03-21 19:10:47,019] {bash_operator.py:123} INFO - 2017-11-20
[2019-03-21 19:10:47,019] {bash_operator.py:123} INFO - Parameter I passed in
[2019-03-21 19:10:47,019] {bash_operator.py:123} INFO - 2017-11-13
[2019-03-21 19:10:47,019] {bash_operator.py:123} INFO - 2017-11-20
[2019-03-21 19:10:47,019] {bash_operator.py:123} INFO - Parameter I passed in
[2019-03-21 19:10:47,019] {bash_operator.py:127} INFO - Command exited with return code 0
[2019-03-21 19:10:51,031] {logging_mixin.py:95} INFO - [2019-03-21 19:10:51,031] {jobs.py:2527} INFO - Task exited with return code 0
