[2019-03-21 19:49:43,366] {models.py:1359} INFO - Dependencies all met for <TaskInstance: tutorial.templated 2017-12-13T00:00:00+00:00 [queued]>
[2019-03-21 19:49:43,371] {models.py:1359} INFO - Dependencies all met for <TaskInstance: tutorial.templated 2017-12-13T00:00:00+00:00 [queued]>
[2019-03-21 19:49:43,371] {models.py:1571} INFO - 
--------------------------------------------------------------------------------
Starting attempt 1 of 2
--------------------------------------------------------------------------------

[2019-03-21 19:49:43,388] {models.py:1593} INFO - Executing <Task(BashOperator): templated> on 2017-12-13T00:00:00+00:00
[2019-03-21 19:49:43,388] {base_task_runner.py:118} INFO - Running: ['bash', '-c', 'airflow run tutorial templated 2017-12-13T00:00:00+00:00 --job_id 1927 --raw -sd DAGS_FOLDER/example_dags/tutorial.py --cfg_path /tmp/tmpwhazee5q']
[2019-03-21 19:49:44,025] {base_task_runner.py:101} INFO - Job 1927: Subtask templated [2019-03-21 19:49:44,024] {__init__.py:51} INFO - Using executor SequentialExecutor
[2019-03-21 19:49:44,279] {base_task_runner.py:101} INFO - Job 1927: Subtask templated [2019-03-21 19:49:44,275] {models.py:273} INFO - Filling up the DagBag from /home/rsandroni/airflow/dags/example_dags/tutorial.py
[2019-03-21 19:49:44,340] {base_task_runner.py:101} INFO - Job 1927: Subtask templated [2019-03-21 19:49:44,339] {cli.py:520} INFO - Running <TaskInstance: tutorial.templated 2017-12-13T00:00:00+00:00 [running]> on host IADAIRP1.globalrs.rack.space
[2019-03-21 19:49:44,355] {bash_operator.py:77} INFO - Tmp dir root location: 
 /tmp
[2019-03-21 19:49:44,356] {bash_operator.py:86} INFO - Exporting the following env vars:
AIRFLOW_CTX_DAG_ID=tutorial
AIRFLOW_CTX_TASK_ID=templated
AIRFLOW_CTX_EXECUTION_DATE=2017-12-13T00:00:00+00:00
AIRFLOW_CTX_DAG_RUN_ID=scheduled__2017-12-13T00:00:00+00:00
[2019-03-21 19:49:44,356] {bash_operator.py:100} INFO - Temporary script location: /tmp/airflowtmp10n2k84d/templatedv993f93a
[2019-03-21 19:49:44,356] {bash_operator.py:110} INFO - Running command: 

    echo "2017-12-13"
    echo "2017-12-20"
    echo "Parameter I passed in"

    echo "2017-12-13"
    echo "2017-12-20"
    echo "Parameter I passed in"

    echo "2017-12-13"
    echo "2017-12-20"
    echo "Parameter I passed in"

    echo "2017-12-13"
    echo "2017-12-20"
    echo "Parameter I passed in"

    echo "2017-12-13"
    echo "2017-12-20"
    echo "Parameter I passed in"

[2019-03-21 19:49:44,362] {bash_operator.py:119} INFO - Output:
[2019-03-21 19:49:44,363] {bash_operator.py:123} INFO - 2017-12-13
[2019-03-21 19:49:44,363] {bash_operator.py:123} INFO - 2017-12-20
[2019-03-21 19:49:44,363] {bash_operator.py:123} INFO - Parameter I passed in
[2019-03-21 19:49:44,363] {bash_operator.py:123} INFO - 2017-12-13
[2019-03-21 19:49:44,363] {bash_operator.py:123} INFO - 2017-12-20
[2019-03-21 19:49:44,363] {bash_operator.py:123} INFO - Parameter I passed in
[2019-03-21 19:49:44,363] {bash_operator.py:123} INFO - 2017-12-13
[2019-03-21 19:49:44,363] {bash_operator.py:123} INFO - 2017-12-20
[2019-03-21 19:49:44,363] {bash_operator.py:123} INFO - Parameter I passed in
[2019-03-21 19:49:44,363] {bash_operator.py:123} INFO - 2017-12-13
[2019-03-21 19:49:44,363] {bash_operator.py:123} INFO - 2017-12-20
[2019-03-21 19:49:44,363] {bash_operator.py:123} INFO - Parameter I passed in
[2019-03-21 19:49:44,363] {bash_operator.py:123} INFO - 2017-12-13
[2019-03-21 19:49:44,363] {bash_operator.py:123} INFO - 2017-12-20
[2019-03-21 19:49:44,363] {bash_operator.py:123} INFO - Parameter I passed in
[2019-03-21 19:49:44,364] {bash_operator.py:127} INFO - Command exited with return code 0
[2019-03-21 19:49:48,367] {logging_mixin.py:95} INFO - [2019-03-21 19:49:48,366] {jobs.py:2527} INFO - Task exited with return code 0
