[2019-03-22 01:51:36,621] {models.py:1359} INFO - Dependencies all met for <TaskInstance: tutorial.templated 2018-09-15T00:00:00+00:00 [queued]>
[2019-03-22 01:51:36,626] {models.py:1359} INFO - Dependencies all met for <TaskInstance: tutorial.templated 2018-09-15T00:00:00+00:00 [queued]>
[2019-03-22 01:51:36,626] {models.py:1571} INFO - 
--------------------------------------------------------------------------------
Starting attempt 1 of 2
--------------------------------------------------------------------------------

[2019-03-22 01:51:36,660] {models.py:1593} INFO - Executing <Task(BashOperator): templated> on 2018-09-15T00:00:00+00:00
[2019-03-22 01:51:36,660] {base_task_runner.py:118} INFO - Running: ['bash', '-c', 'airflow run tutorial templated 2018-09-15T00:00:00+00:00 --job_id 2479 --raw -sd DAGS_FOLDER/example_dags/tutorial.py --cfg_path /tmp/tmpkb44t025']
[2019-03-22 01:51:37,734] {base_task_runner.py:101} INFO - Job 2479: Subtask templated [2019-03-22 01:51:37,732] {__init__.py:51} INFO - Using executor SequentialExecutor
[2019-03-22 01:51:38,042] {base_task_runner.py:101} INFO - Job 2479: Subtask templated [2019-03-22 01:51:38,039] {models.py:273} INFO - Filling up the DagBag from /home/rsandroni/airflow/dags/example_dags/tutorial.py
[2019-03-22 01:51:38,106] {base_task_runner.py:101} INFO - Job 2479: Subtask templated [2019-03-22 01:51:38,105] {cli.py:520} INFO - Running <TaskInstance: tutorial.templated 2018-09-15T00:00:00+00:00 [running]> on host IADAIRP1.globalrs.rack.space
[2019-03-22 01:51:38,130] {bash_operator.py:77} INFO - Tmp dir root location: 
 /tmp
[2019-03-22 01:51:38,130] {bash_operator.py:86} INFO - Exporting the following env vars:
AIRFLOW_CTX_DAG_ID=tutorial
AIRFLOW_CTX_TASK_ID=templated
AIRFLOW_CTX_EXECUTION_DATE=2018-09-15T00:00:00+00:00
AIRFLOW_CTX_DAG_RUN_ID=scheduled__2018-09-15T00:00:00+00:00
[2019-03-22 01:51:38,130] {bash_operator.py:100} INFO - Temporary script location: /tmp/airflowtmp2vacencs/templated6bowjhvf
[2019-03-22 01:51:38,131] {bash_operator.py:110} INFO - Running command: 

    echo "2018-09-15"
    echo "2018-09-22"
    echo "Parameter I passed in"

    echo "2018-09-15"
    echo "2018-09-22"
    echo "Parameter I passed in"

    echo "2018-09-15"
    echo "2018-09-22"
    echo "Parameter I passed in"

    echo "2018-09-15"
    echo "2018-09-22"
    echo "Parameter I passed in"

    echo "2018-09-15"
    echo "2018-09-22"
    echo "Parameter I passed in"

[2019-03-22 01:51:38,140] {bash_operator.py:119} INFO - Output:
[2019-03-22 01:51:38,140] {bash_operator.py:123} INFO - 2018-09-15
[2019-03-22 01:51:38,140] {bash_operator.py:123} INFO - 2018-09-22
[2019-03-22 01:51:38,141] {bash_operator.py:123} INFO - Parameter I passed in
[2019-03-22 01:51:38,141] {bash_operator.py:123} INFO - 2018-09-15
[2019-03-22 01:51:38,141] {bash_operator.py:123} INFO - 2018-09-22
[2019-03-22 01:51:38,141] {bash_operator.py:123} INFO - Parameter I passed in
[2019-03-22 01:51:38,141] {bash_operator.py:123} INFO - 2018-09-15
[2019-03-22 01:51:38,141] {bash_operator.py:123} INFO - 2018-09-22
[2019-03-22 01:51:38,141] {bash_operator.py:123} INFO - Parameter I passed in
[2019-03-22 01:51:38,141] {bash_operator.py:123} INFO - 2018-09-15
[2019-03-22 01:51:38,141] {bash_operator.py:123} INFO - 2018-09-22
[2019-03-22 01:51:38,141] {bash_operator.py:123} INFO - Parameter I passed in
[2019-03-22 01:51:38,141] {bash_operator.py:123} INFO - 2018-09-15
[2019-03-22 01:51:38,141] {bash_operator.py:123} INFO - 2018-09-22
[2019-03-22 01:51:38,141] {bash_operator.py:123} INFO - Parameter I passed in
[2019-03-22 01:51:38,141] {bash_operator.py:127} INFO - Command exited with return code 0
[2019-03-22 01:51:41,573] {logging_mixin.py:95} INFO - [2019-03-22 01:51:41,572] {jobs.py:2527} INFO - Task exited with return code 0
