[2019-03-19 14:00:34,588] {models.py:1359} INFO - Dependencies all met for <TaskInstance: tutorial.print_date 2016-09-17T00:00:00+00:00 [queued]>
[2019-03-19 14:00:34,590] {models.py:1359} INFO - Dependencies all met for <TaskInstance: tutorial.print_date 2016-09-17T00:00:00+00:00 [queued]>
[2019-03-19 14:00:34,591] {models.py:1571} INFO - 
--------------------------------------------------------------------------------
Starting attempt 1 of 2
--------------------------------------------------------------------------------

[2019-03-19 14:00:34,671] {models.py:1593} INFO - Executing <Task(BashOperator): print_date> on 2016-09-17T00:00:00+00:00
[2019-03-19 14:00:34,671] {base_task_runner.py:118} INFO - Running: ['bash', '-c', 'airflow run tutorial print_date 2016-09-17T00:00:00+00:00 --job_id 954 --raw -sd DAGS_FOLDER/tutorial.py --cfg_path /tmp/tmpxq2fuzyt']
[2019-03-19 14:00:36,599] {base_task_runner.py:101} INFO - Job 954: Subtask print_date [2019-03-19 14:00:36,597] {__init__.py:51} INFO - Using executor SequentialExecutor
[2019-03-19 14:00:37,373] {base_task_runner.py:101} INFO - Job 954: Subtask print_date [2019-03-19 14:00:37,365] {models.py:273} INFO - Filling up the DagBag from /home/rsandroni/airflow/dags/tutorial.py
[2019-03-19 14:00:37,402] {base_task_runner.py:101} INFO - Job 954: Subtask print_date [2019-03-19 14:00:37,398] {cli.py:520} INFO - Running <TaskInstance: tutorial.print_date 2016-09-17T00:00:00+00:00 [running]> on host IADAIRP1.globalrs.rack.space
[2019-03-19 14:00:37,439] {bash_operator.py:77} INFO - Tmp dir root location: 
 /tmp
[2019-03-19 14:00:37,440] {bash_operator.py:86} INFO - Exporting the following env vars:
AIRFLOW_CTX_DAG_ID=tutorial
AIRFLOW_CTX_TASK_ID=print_date
AIRFLOW_CTX_EXECUTION_DATE=2016-09-17T00:00:00+00:00
AIRFLOW_CTX_DAG_RUN_ID=scheduled__2016-09-17T00:00:00+00:00
[2019-03-19 14:00:37,440] {bash_operator.py:100} INFO - Temporary script location: /tmp/airflowtmpnojqb_v4/print_datehyeah7y1
[2019-03-19 14:00:37,440] {bash_operator.py:110} INFO - Running command: date
[2019-03-19 14:00:37,480] {bash_operator.py:119} INFO - Output:
[2019-03-19 14:00:37,521] {bash_operator.py:123} INFO - Ter Mar 19 14:00:37 -03 2019
[2019-03-19 14:00:37,527] {bash_operator.py:127} INFO - Command exited with return code 0
[2019-03-19 14:00:39,573] {logging_mixin.py:95} INFO - [2019-03-19 14:00:39,573] {jobs.py:2527} INFO - Task exited with return code 0
