[2019-03-19 11:48:57,854] {models.py:1359} INFO - Dependencies all met for <TaskInstance: tutorial.print_date 2015-12-10T00:00:00+00:00 [queued]>
[2019-03-19 11:48:57,855] {models.py:1359} INFO - Dependencies all met for <TaskInstance: tutorial.print_date 2015-12-10T00:00:00+00:00 [queued]>
[2019-03-19 11:48:57,856] {models.py:1571} INFO - 
--------------------------------------------------------------------------------
Starting attempt 1 of 2
--------------------------------------------------------------------------------

[2019-03-19 11:48:57,870] {models.py:1593} INFO - Executing <Task(BashOperator): print_date> on 2015-12-10T00:00:00+00:00
[2019-03-19 11:48:57,870] {base_task_runner.py:118} INFO - Running: ['bash', '-c', 'airflow run tutorial print_date 2015-12-10T00:00:00+00:00 --job_id 390 --raw -sd DAGS_FOLDER/tutorial.py --cfg_path /tmp/tmpjcpjubvz']
[2019-03-19 11:48:58,475] {base_task_runner.py:101} INFO - Job 390: Subtask print_date [2019-03-19 11:48:58,475] {__init__.py:51} INFO - Using executor SequentialExecutor
[2019-03-19 11:48:58,697] {base_task_runner.py:101} INFO - Job 390: Subtask print_date [2019-03-19 11:48:58,696] {models.py:273} INFO - Filling up the DagBag from /home/rsandroni/airflow/dags/tutorial.py
[2019-03-19 11:48:58,711] {base_task_runner.py:101} INFO - Job 390: Subtask print_date [2019-03-19 11:48:58,711] {cli.py:520} INFO - Running <TaskInstance: tutorial.print_date 2015-12-10T00:00:00+00:00 [running]> on host IADAIRP1.globalrs.rack.space
[2019-03-19 11:48:58,725] {bash_operator.py:77} INFO - Tmp dir root location: 
 /tmp
[2019-03-19 11:48:58,725] {bash_operator.py:86} INFO - Exporting the following env vars:
AIRFLOW_CTX_DAG_ID=tutorial
AIRFLOW_CTX_TASK_ID=print_date
AIRFLOW_CTX_EXECUTION_DATE=2015-12-10T00:00:00+00:00
AIRFLOW_CTX_DAG_RUN_ID=scheduled__2015-12-10T00:00:00+00:00
[2019-03-19 11:48:58,725] {bash_operator.py:100} INFO - Temporary script location: /tmp/airflowtmp24si2ht0/print_date_453trfm
[2019-03-19 11:48:58,725] {bash_operator.py:110} INFO - Running command: date
[2019-03-19 11:48:58,730] {bash_operator.py:119} INFO - Output:
[2019-03-19 11:48:58,732] {bash_operator.py:123} INFO - Ter Mar 19 11:48:58 -03 2019
[2019-03-19 11:48:58,733] {bash_operator.py:127} INFO - Command exited with return code 0
[2019-03-19 11:49:02,859] {logging_mixin.py:95} INFO - [2019-03-19 11:49:02,858] {jobs.py:2527} INFO - Task exited with return code 0
