[2019-03-19 10:35:15,601] {models.py:1359} INFO - Dependencies all met for <TaskInstance: tutorial.templated 2015-07-10T00:00:00+00:00 [queued]>
[2019-03-19 10:35:15,606] {models.py:1359} INFO - Dependencies all met for <TaskInstance: tutorial.templated 2015-07-10T00:00:00+00:00 [queued]>
[2019-03-19 10:35:15,606] {models.py:1571} INFO - 
--------------------------------------------------------------------------------
Starting attempt 1 of 2
--------------------------------------------------------------------------------

[2019-03-19 10:35:15,618] {models.py:1593} INFO - Executing <Task(BashOperator): templated> on 2015-07-10T00:00:00+00:00
[2019-03-19 10:35:15,618] {base_task_runner.py:118} INFO - Running: ['bash', '-c', 'airflow run tutorial templated 2015-07-10T00:00:00+00:00 --job_id 86 --raw -sd DAGS_FOLDER/example_dags/tutorial.py --cfg_path /tmp/tmp4kix44m_']
[2019-03-19 10:35:16,261] {base_task_runner.py:101} INFO - Job 86: Subtask templated [2019-03-19 10:35:16,260] {__init__.py:51} INFO - Using executor SequentialExecutor
[2019-03-19 10:35:16,484] {base_task_runner.py:101} INFO - Job 86: Subtask templated [2019-03-19 10:35:16,483] {models.py:273} INFO - Filling up the DagBag from /home/rsandroni/airflow/dags/example_dags/tutorial.py
[2019-03-19 10:35:16,527] {base_task_runner.py:101} INFO - Job 86: Subtask templated [2019-03-19 10:35:16,527] {cli.py:520} INFO - Running <TaskInstance: tutorial.templated 2015-07-10T00:00:00+00:00 [running]> on host IADAIRP1.globalrs.rack.space
[2019-03-19 10:35:16,543] {bash_operator.py:77} INFO - Tmp dir root location: 
 /tmp
[2019-03-19 10:35:16,543] {bash_operator.py:86} INFO - Exporting the following env vars:
AIRFLOW_CTX_DAG_ID=tutorial
AIRFLOW_CTX_TASK_ID=templated
AIRFLOW_CTX_EXECUTION_DATE=2015-07-10T00:00:00+00:00
AIRFLOW_CTX_DAG_RUN_ID=scheduled__2015-07-10T00:00:00+00:00
[2019-03-19 10:35:16,543] {bash_operator.py:100} INFO - Temporary script location: /tmp/airflowtmpur3epj0d/templatedvndbojia
[2019-03-19 10:35:16,544] {bash_operator.py:110} INFO - Running command: 

    echo "2015-07-10"
    echo "2015-07-17"
    echo "Parameter I passed in"

    echo "2015-07-10"
    echo "2015-07-17"
    echo "Parameter I passed in"

    echo "2015-07-10"
    echo "2015-07-17"
    echo "Parameter I passed in"

    echo "2015-07-10"
    echo "2015-07-17"
    echo "Parameter I passed in"

    echo "2015-07-10"
    echo "2015-07-17"
    echo "Parameter I passed in"

[2019-03-19 10:35:16,549] {bash_operator.py:119} INFO - Output:
[2019-03-19 10:35:16,550] {bash_operator.py:123} INFO - 2015-07-10
[2019-03-19 10:35:16,551] {bash_operator.py:123} INFO - 2015-07-17
[2019-03-19 10:35:16,551] {bash_operator.py:123} INFO - Parameter I passed in
[2019-03-19 10:35:16,551] {bash_operator.py:123} INFO - 2015-07-10
[2019-03-19 10:35:16,551] {bash_operator.py:123} INFO - 2015-07-17
[2019-03-19 10:35:16,551] {bash_operator.py:123} INFO - Parameter I passed in
[2019-03-19 10:35:16,551] {bash_operator.py:123} INFO - 2015-07-10
[2019-03-19 10:35:16,551] {bash_operator.py:123} INFO - 2015-07-17
[2019-03-19 10:35:16,551] {bash_operator.py:123} INFO - Parameter I passed in
[2019-03-19 10:35:16,551] {bash_operator.py:123} INFO - 2015-07-10
[2019-03-19 10:35:16,551] {bash_operator.py:123} INFO - 2015-07-17
[2019-03-19 10:35:16,551] {bash_operator.py:123} INFO - Parameter I passed in
[2019-03-19 10:35:16,551] {bash_operator.py:123} INFO - 2015-07-10
[2019-03-19 10:35:16,551] {bash_operator.py:123} INFO - 2015-07-17
[2019-03-19 10:35:16,551] {bash_operator.py:123} INFO - Parameter I passed in
[2019-03-19 10:35:16,551] {bash_operator.py:127} INFO - Command exited with return code 0
[2019-03-19 10:35:20,602] {logging_mixin.py:95} INFO - [2019-03-19 10:35:20,602] {jobs.py:2527} INFO - Task exited with return code 0
