[2019-03-19 11:19:17,786] {models.py:1359} INFO - Dependencies all met for <TaskInstance: tutorial.print_date 2015-10-03T00:00:00+00:00 [queued]>
[2019-03-19 11:19:17,788] {models.py:1359} INFO - Dependencies all met for <TaskInstance: tutorial.print_date 2015-10-03T00:00:00+00:00 [queued]>
[2019-03-19 11:19:17,788] {models.py:1571} INFO - 
--------------------------------------------------------------------------------
Starting attempt 1 of 2
--------------------------------------------------------------------------------

[2019-03-19 11:19:17,799] {models.py:1593} INFO - Executing <Task(BashOperator): print_date> on 2015-10-03T00:00:00+00:00
[2019-03-19 11:19:17,799] {base_task_runner.py:118} INFO - Running: ['bash', '-c', 'airflow run tutorial print_date 2015-10-03T00:00:00+00:00 --job_id 253 --raw -sd DAGS_FOLDER/tutorial.py --cfg_path /tmp/tmpvyibu2iy']
[2019-03-19 11:19:18,396] {base_task_runner.py:101} INFO - Job 253: Subtask print_date [2019-03-19 11:19:18,395] {__init__.py:51} INFO - Using executor SequentialExecutor
[2019-03-19 11:19:18,616] {base_task_runner.py:101} INFO - Job 253: Subtask print_date [2019-03-19 11:19:18,615] {models.py:273} INFO - Filling up the DagBag from /home/rsandroni/airflow/dags/tutorial.py
[2019-03-19 11:19:18,633] {base_task_runner.py:101} INFO - Job 253: Subtask print_date [2019-03-19 11:19:18,632] {cli.py:520} INFO - Running <TaskInstance: tutorial.print_date 2015-10-03T00:00:00+00:00 [running]> on host IADAIRP1.globalrs.rack.space
[2019-03-19 11:19:18,647] {bash_operator.py:77} INFO - Tmp dir root location: 
 /tmp
[2019-03-19 11:19:18,647] {bash_operator.py:86} INFO - Exporting the following env vars:
AIRFLOW_CTX_DAG_ID=tutorial
AIRFLOW_CTX_TASK_ID=print_date
AIRFLOW_CTX_EXECUTION_DATE=2015-10-03T00:00:00+00:00
AIRFLOW_CTX_DAG_RUN_ID=scheduled__2015-10-03T00:00:00+00:00
[2019-03-19 11:19:18,648] {bash_operator.py:100} INFO - Temporary script location: /tmp/airflowtmp9cqw9k4n/print_datevclovhdx
[2019-03-19 11:19:18,648] {bash_operator.py:110} INFO - Running command: date
[2019-03-19 11:19:18,653] {bash_operator.py:119} INFO - Output:
[2019-03-19 11:19:18,655] {bash_operator.py:123} INFO - Ter Mar 19 11:19:18 -03 2019
[2019-03-19 11:19:18,655] {bash_operator.py:127} INFO - Command exited with return code 0
[2019-03-19 11:19:22,796] {logging_mixin.py:95} INFO - [2019-03-19 11:19:22,795] {jobs.py:2527} INFO - Task exited with return code 0
