[2019-03-21 18:34:18,425] {models.py:1359} INFO - Dependencies all met for <TaskInstance: tutorial.templated 2017-10-15T00:00:00+00:00 [queued]>
[2019-03-21 18:34:18,430] {models.py:1359} INFO - Dependencies all met for <TaskInstance: tutorial.templated 2017-10-15T00:00:00+00:00 [queued]>
[2019-03-21 18:34:18,430] {models.py:1571} INFO - 
--------------------------------------------------------------------------------
Starting attempt 1 of 2
--------------------------------------------------------------------------------

[2019-03-21 18:34:18,449] {models.py:1593} INFO - Executing <Task(BashOperator): templated> on 2017-10-15T00:00:00+00:00
[2019-03-21 18:34:18,449] {base_task_runner.py:118} INFO - Running: ['bash', '-c', 'airflow run tutorial templated 2017-10-15T00:00:00+00:00 --job_id 1810 --raw -sd DAGS_FOLDER/example_dags/tutorial.py --cfg_path /tmp/tmpv2dysxgd']
[2019-03-21 18:34:19,094] {base_task_runner.py:101} INFO - Job 1810: Subtask templated [2019-03-21 18:34:19,093] {__init__.py:51} INFO - Using executor SequentialExecutor
[2019-03-21 18:34:19,357] {base_task_runner.py:101} INFO - Job 1810: Subtask templated [2019-03-21 18:34:19,356] {models.py:273} INFO - Filling up the DagBag from /home/rsandroni/airflow/dags/example_dags/tutorial.py
[2019-03-21 18:34:19,421] {base_task_runner.py:101} INFO - Job 1810: Subtask templated [2019-03-21 18:34:19,421] {cli.py:520} INFO - Running <TaskInstance: tutorial.templated 2017-10-15T00:00:00+00:00 [running]> on host IADAIRP1.globalrs.rack.space
[2019-03-21 18:34:19,437] {bash_operator.py:77} INFO - Tmp dir root location: 
 /tmp
[2019-03-21 18:34:19,438] {bash_operator.py:86} INFO - Exporting the following env vars:
AIRFLOW_CTX_DAG_ID=tutorial
AIRFLOW_CTX_TASK_ID=templated
AIRFLOW_CTX_EXECUTION_DATE=2017-10-15T00:00:00+00:00
AIRFLOW_CTX_DAG_RUN_ID=scheduled__2017-10-15T00:00:00+00:00
[2019-03-21 18:34:19,438] {bash_operator.py:100} INFO - Temporary script location: /tmp/airflowtmpopaymxua/templateddvrc71xh
[2019-03-21 18:34:19,438] {bash_operator.py:110} INFO - Running command: 

    echo "2017-10-15"
    echo "2017-10-22"
    echo "Parameter I passed in"

    echo "2017-10-15"
    echo "2017-10-22"
    echo "Parameter I passed in"

    echo "2017-10-15"
    echo "2017-10-22"
    echo "Parameter I passed in"

    echo "2017-10-15"
    echo "2017-10-22"
    echo "Parameter I passed in"

    echo "2017-10-15"
    echo "2017-10-22"
    echo "Parameter I passed in"

[2019-03-21 18:34:19,444] {bash_operator.py:119} INFO - Output:
[2019-03-21 18:34:19,445] {bash_operator.py:123} INFO - 2017-10-15
[2019-03-21 18:34:19,445] {bash_operator.py:123} INFO - 2017-10-22
[2019-03-21 18:34:19,445] {bash_operator.py:123} INFO - Parameter I passed in
[2019-03-21 18:34:19,445] {bash_operator.py:123} INFO - 2017-10-15
[2019-03-21 18:34:19,445] {bash_operator.py:123} INFO - 2017-10-22
[2019-03-21 18:34:19,445] {bash_operator.py:123} INFO - Parameter I passed in
[2019-03-21 18:34:19,446] {bash_operator.py:123} INFO - 2017-10-15
[2019-03-21 18:34:19,446] {bash_operator.py:123} INFO - 2017-10-22
[2019-03-21 18:34:19,446] {bash_operator.py:123} INFO - Parameter I passed in
[2019-03-21 18:34:19,446] {bash_operator.py:123} INFO - 2017-10-15
[2019-03-21 18:34:19,446] {bash_operator.py:123} INFO - 2017-10-22
[2019-03-21 18:34:19,446] {bash_operator.py:123} INFO - Parameter I passed in
[2019-03-21 18:34:19,446] {bash_operator.py:123} INFO - 2017-10-15
[2019-03-21 18:34:19,446] {bash_operator.py:123} INFO - 2017-10-22
[2019-03-21 18:34:19,446] {bash_operator.py:123} INFO - Parameter I passed in
[2019-03-21 18:34:19,446] {bash_operator.py:127} INFO - Command exited with return code 0
[2019-03-21 18:34:23,429] {logging_mixin.py:95} INFO - [2019-03-21 18:34:23,428] {jobs.py:2527} INFO - Task exited with return code 0
