[2019-03-21 20:57:50,224] {models.py:1359} INFO - Dependencies all met for <TaskInstance: tutorial.templated 2018-02-02T00:00:00+00:00 [queued]>
[2019-03-21 20:57:50,229] {models.py:1359} INFO - Dependencies all met for <TaskInstance: tutorial.templated 2018-02-02T00:00:00+00:00 [queued]>
[2019-03-21 20:57:50,229] {models.py:1571} INFO - 
--------------------------------------------------------------------------------
Starting attempt 1 of 2
--------------------------------------------------------------------------------

[2019-03-21 20:57:50,295] {models.py:1593} INFO - Executing <Task(BashOperator): templated> on 2018-02-02T00:00:00+00:00
[2019-03-21 20:57:50,296] {base_task_runner.py:118} INFO - Running: ['bash', '-c', 'airflow run tutorial templated 2018-02-02T00:00:00+00:00 --job_id 2030 --raw -sd DAGS_FOLDER/example_dags/tutorial.py --cfg_path /tmp/tmpbv14_8xb']
[2019-03-21 20:57:52,257] {base_task_runner.py:101} INFO - Job 2030: Subtask templated [2019-03-21 20:57:52,250] {__init__.py:51} INFO - Using executor SequentialExecutor
[2019-03-21 20:57:52,953] {base_task_runner.py:101} INFO - Job 2030: Subtask templated [2019-03-21 20:57:52,946] {models.py:273} INFO - Filling up the DagBag from /home/rsandroni/airflow/dags/example_dags/tutorial.py
[2019-03-21 20:57:53,134] {base_task_runner.py:101} INFO - Job 2030: Subtask templated [2019-03-21 20:57:53,130] {cli.py:520} INFO - Running <TaskInstance: tutorial.templated 2018-02-02T00:00:00+00:00 [running]> on host IADAIRP1.globalrs.rack.space
[2019-03-21 20:57:53,181] {bash_operator.py:77} INFO - Tmp dir root location: 
 /tmp
[2019-03-21 20:57:53,182] {bash_operator.py:86} INFO - Exporting the following env vars:
AIRFLOW_CTX_DAG_ID=tutorial
AIRFLOW_CTX_TASK_ID=templated
AIRFLOW_CTX_EXECUTION_DATE=2018-02-02T00:00:00+00:00
AIRFLOW_CTX_DAG_RUN_ID=scheduled__2018-02-02T00:00:00+00:00
[2019-03-21 20:57:53,182] {bash_operator.py:100} INFO - Temporary script location: /tmp/airflowtmp60t3dos7/templatedu50acprl
[2019-03-21 20:57:53,182] {bash_operator.py:110} INFO - Running command: 

    echo "2018-02-02"
    echo "2018-02-09"
    echo "Parameter I passed in"

    echo "2018-02-02"
    echo "2018-02-09"
    echo "Parameter I passed in"

    echo "2018-02-02"
    echo "2018-02-09"
    echo "Parameter I passed in"

    echo "2018-02-02"
    echo "2018-02-09"
    echo "Parameter I passed in"

    echo "2018-02-02"
    echo "2018-02-09"
    echo "Parameter I passed in"

[2019-03-21 20:57:53,216] {bash_operator.py:119} INFO - Output:
[2019-03-21 20:57:53,217] {bash_operator.py:123} INFO - 2018-02-02
[2019-03-21 20:57:53,217] {bash_operator.py:123} INFO - 2018-02-09
[2019-03-21 20:57:53,217] {bash_operator.py:123} INFO - Parameter I passed in
[2019-03-21 20:57:53,217] {bash_operator.py:123} INFO - 2018-02-02
[2019-03-21 20:57:53,217] {bash_operator.py:123} INFO - 2018-02-09
[2019-03-21 20:57:53,217] {bash_operator.py:123} INFO - Parameter I passed in
[2019-03-21 20:57:53,217] {bash_operator.py:123} INFO - 2018-02-02
[2019-03-21 20:57:53,217] {bash_operator.py:123} INFO - 2018-02-09
[2019-03-21 20:57:53,217] {bash_operator.py:123} INFO - Parameter I passed in
[2019-03-21 20:57:53,217] {bash_operator.py:123} INFO - 2018-02-02
[2019-03-21 20:57:53,217] {bash_operator.py:123} INFO - 2018-02-09
[2019-03-21 20:57:53,217] {bash_operator.py:123} INFO - Parameter I passed in
[2019-03-21 20:57:53,217] {bash_operator.py:123} INFO - 2018-02-02
[2019-03-21 20:57:53,217] {bash_operator.py:123} INFO - 2018-02-09
[2019-03-21 20:57:53,217] {bash_operator.py:123} INFO - Parameter I passed in
[2019-03-21 20:57:53,217] {bash_operator.py:127} INFO - Command exited with return code 0
[2019-03-21 20:57:55,207] {logging_mixin.py:95} INFO - [2019-03-21 20:57:55,206] {jobs.py:2527} INFO - Task exited with return code 0
