[2019-03-19 11:16:07,435] {models.py:1359} INFO - Dependencies all met for <TaskInstance: tutorial.templated 2015-09-25T00:00:00+00:00 [queued]>
[2019-03-19 11:16:07,438] {models.py:1359} INFO - Dependencies all met for <TaskInstance: tutorial.templated 2015-09-25T00:00:00+00:00 [queued]>
[2019-03-19 11:16:07,439] {models.py:1571} INFO - 
--------------------------------------------------------------------------------
Starting attempt 1 of 2
--------------------------------------------------------------------------------

[2019-03-19 11:16:07,456] {models.py:1593} INFO - Executing <Task(BashOperator): templated> on 2015-09-25T00:00:00+00:00
[2019-03-19 11:16:07,456] {base_task_runner.py:118} INFO - Running: ['bash', '-c', 'airflow run tutorial templated 2015-09-25T00:00:00+00:00 --job_id 239 --raw -sd DAGS_FOLDER/example_dags/tutorial.py --cfg_path /tmp/tmpe1z4weeh']
[2019-03-19 11:16:08,056] {base_task_runner.py:101} INFO - Job 239: Subtask templated [2019-03-19 11:16:08,055] {__init__.py:51} INFO - Using executor SequentialExecutor
[2019-03-19 11:16:08,291] {base_task_runner.py:101} INFO - Job 239: Subtask templated [2019-03-19 11:16:08,289] {models.py:273} INFO - Filling up the DagBag from /home/rsandroni/airflow/dags/example_dags/tutorial.py
[2019-03-19 11:16:08,331] {base_task_runner.py:101} INFO - Job 239: Subtask templated [2019-03-19 11:16:08,330] {cli.py:520} INFO - Running <TaskInstance: tutorial.templated 2015-09-25T00:00:00+00:00 [running]> on host IADAIRP1.globalrs.rack.space
[2019-03-19 11:16:08,347] {bash_operator.py:77} INFO - Tmp dir root location: 
 /tmp
[2019-03-19 11:16:08,348] {bash_operator.py:86} INFO - Exporting the following env vars:
AIRFLOW_CTX_DAG_ID=tutorial
AIRFLOW_CTX_TASK_ID=templated
AIRFLOW_CTX_EXECUTION_DATE=2015-09-25T00:00:00+00:00
AIRFLOW_CTX_DAG_RUN_ID=scheduled__2015-09-25T00:00:00+00:00
[2019-03-19 11:16:08,348] {bash_operator.py:100} INFO - Temporary script location: /tmp/airflowtmpui_kuwa2/templatedqmjvwkud
[2019-03-19 11:16:08,348] {bash_operator.py:110} INFO - Running command: 

    echo "2015-09-25"
    echo "2015-10-02"
    echo "Parameter I passed in"

    echo "2015-09-25"
    echo "2015-10-02"
    echo "Parameter I passed in"

    echo "2015-09-25"
    echo "2015-10-02"
    echo "Parameter I passed in"

    echo "2015-09-25"
    echo "2015-10-02"
    echo "Parameter I passed in"

    echo "2015-09-25"
    echo "2015-10-02"
    echo "Parameter I passed in"

[2019-03-19 11:16:08,353] {bash_operator.py:119} INFO - Output:
[2019-03-19 11:16:08,354] {bash_operator.py:123} INFO - 2015-09-25
[2019-03-19 11:16:08,354] {bash_operator.py:123} INFO - 2015-10-02
[2019-03-19 11:16:08,355] {bash_operator.py:123} INFO - Parameter I passed in
[2019-03-19 11:16:08,355] {bash_operator.py:123} INFO - 2015-09-25
[2019-03-19 11:16:08,355] {bash_operator.py:123} INFO - 2015-10-02
[2019-03-19 11:16:08,355] {bash_operator.py:123} INFO - Parameter I passed in
[2019-03-19 11:16:08,355] {bash_operator.py:123} INFO - 2015-09-25
[2019-03-19 11:16:08,355] {bash_operator.py:123} INFO - 2015-10-02
[2019-03-19 11:16:08,355] {bash_operator.py:123} INFO - Parameter I passed in
[2019-03-19 11:16:08,355] {bash_operator.py:123} INFO - 2015-09-25
[2019-03-19 11:16:08,355] {bash_operator.py:123} INFO - 2015-10-02
[2019-03-19 11:16:08,355] {bash_operator.py:123} INFO - Parameter I passed in
[2019-03-19 11:16:08,355] {bash_operator.py:123} INFO - 2015-09-25
[2019-03-19 11:16:08,355] {bash_operator.py:123} INFO - 2015-10-02
[2019-03-19 11:16:08,355] {bash_operator.py:123} INFO - Parameter I passed in
[2019-03-19 11:16:08,355] {bash_operator.py:127} INFO - Command exited with return code 0
[2019-03-19 11:16:12,442] {logging_mixin.py:95} INFO - [2019-03-19 11:16:12,442] {jobs.py:2527} INFO - Task exited with return code 0
