[2019-03-21 17:47:32,515] {models.py:1359} INFO - Dependencies all met for <TaskInstance: tutorial.print_date 2017-08-11T00:00:00+00:00 [queued]>
[2019-03-21 17:47:32,518] {models.py:1359} INFO - Dependencies all met for <TaskInstance: tutorial.print_date 2017-08-11T00:00:00+00:00 [queued]>
[2019-03-21 17:47:32,519] {models.py:1571} INFO - 
--------------------------------------------------------------------------------
Starting attempt 1 of 2
--------------------------------------------------------------------------------

[2019-03-21 17:47:32,587] {models.py:1593} INFO - Executing <Task(BashOperator): print_date> on 2017-08-11T00:00:00+00:00
[2019-03-21 17:47:32,587] {base_task_runner.py:118} INFO - Running: ['bash', '-c', 'airflow run tutorial print_date 2017-08-11T00:00:00+00:00 --job_id 1654 --raw -sd DAGS_FOLDER/tutorial.py --cfg_path /tmp/tmprtyfp8ll']
[2019-03-21 17:47:33,498] {base_task_runner.py:101} INFO - Job 1654: Subtask print_date [2019-03-21 17:47:33,497] {__init__.py:51} INFO - Using executor SequentialExecutor
[2019-03-21 17:47:33,896] {base_task_runner.py:101} INFO - Job 1654: Subtask print_date [2019-03-21 17:47:33,895] {models.py:273} INFO - Filling up the DagBag from /home/rsandroni/airflow/dags/tutorial.py
[2019-03-21 17:47:33,948] {base_task_runner.py:101} INFO - Job 1654: Subtask print_date [2019-03-21 17:47:33,943] {cli.py:520} INFO - Running <TaskInstance: tutorial.print_date 2017-08-11T00:00:00+00:00 [running]> on host IADAIRP1.globalrs.rack.space
[2019-03-21 17:47:33,962] {bash_operator.py:77} INFO - Tmp dir root location: 
 /tmp
[2019-03-21 17:47:33,962] {bash_operator.py:86} INFO - Exporting the following env vars:
AIRFLOW_CTX_DAG_ID=tutorial
AIRFLOW_CTX_TASK_ID=print_date
AIRFLOW_CTX_EXECUTION_DATE=2017-08-11T00:00:00+00:00
AIRFLOW_CTX_DAG_RUN_ID=scheduled__2017-08-11T00:00:00+00:00
[2019-03-21 17:47:33,963] {bash_operator.py:100} INFO - Temporary script location: /tmp/airflowtmpz38n_03p/print_datev8uow2f9
[2019-03-21 17:47:33,963] {bash_operator.py:110} INFO - Running command: date
[2019-03-21 17:47:34,007] {bash_operator.py:119} INFO - Output:
[2019-03-21 17:47:34,019] {bash_operator.py:123} INFO - Qui Mar 21 17:47:34 -03 2019
[2019-03-21 17:47:34,019] {bash_operator.py:127} INFO - Command exited with return code 0
[2019-03-21 17:47:37,510] {logging_mixin.py:95} INFO - [2019-03-21 17:47:37,509] {jobs.py:2527} INFO - Task exited with return code 0
