[2019-03-22 02:28:30,386] {models.py:1359} INFO - Dependencies all met for <TaskInstance: tutorial.templated 2018-10-13T00:00:00+00:00 [queued]>
[2019-03-22 02:28:30,391] {models.py:1359} INFO - Dependencies all met for <TaskInstance: tutorial.templated 2018-10-13T00:00:00+00:00 [queued]>
[2019-03-22 02:28:30,392] {models.py:1571} INFO - 
--------------------------------------------------------------------------------
Starting attempt 1 of 2
--------------------------------------------------------------------------------

[2019-03-22 02:28:30,415] {models.py:1593} INFO - Executing <Task(BashOperator): templated> on 2018-10-13T00:00:00+00:00
[2019-03-22 02:28:30,415] {base_task_runner.py:118} INFO - Running: ['bash', '-c', 'airflow run tutorial templated 2018-10-13T00:00:00+00:00 --job_id 2535 --raw -sd DAGS_FOLDER/example_dags/tutorial.py --cfg_path /tmp/tmp70_y317c']
[2019-03-22 02:28:31,065] {base_task_runner.py:101} INFO - Job 2535: Subtask templated [2019-03-22 02:28:31,064] {__init__.py:51} INFO - Using executor SequentialExecutor
[2019-03-22 02:28:31,375] {base_task_runner.py:101} INFO - Job 2535: Subtask templated [2019-03-22 02:28:31,373] {models.py:273} INFO - Filling up the DagBag from /home/rsandroni/airflow/dags/example_dags/tutorial.py
[2019-03-22 02:28:31,466] {base_task_runner.py:101} INFO - Job 2535: Subtask templated [2019-03-22 02:28:31,465] {cli.py:520} INFO - Running <TaskInstance: tutorial.templated 2018-10-13T00:00:00+00:00 [running]> on host IADAIRP1.globalrs.rack.space
[2019-03-22 02:28:31,495] {bash_operator.py:77} INFO - Tmp dir root location: 
 /tmp
[2019-03-22 02:28:31,495] {bash_operator.py:86} INFO - Exporting the following env vars:
AIRFLOW_CTX_DAG_ID=tutorial
AIRFLOW_CTX_TASK_ID=templated
AIRFLOW_CTX_EXECUTION_DATE=2018-10-13T00:00:00+00:00
AIRFLOW_CTX_DAG_RUN_ID=scheduled__2018-10-13T00:00:00+00:00
[2019-03-22 02:28:31,496] {bash_operator.py:100} INFO - Temporary script location: /tmp/airflowtmp72yj639h/templatediuijy5xt
[2019-03-22 02:28:31,496] {bash_operator.py:110} INFO - Running command: 

    echo "2018-10-13"
    echo "2018-10-20"
    echo "Parameter I passed in"

    echo "2018-10-13"
    echo "2018-10-20"
    echo "Parameter I passed in"

    echo "2018-10-13"
    echo "2018-10-20"
    echo "Parameter I passed in"

    echo "2018-10-13"
    echo "2018-10-20"
    echo "Parameter I passed in"

    echo "2018-10-13"
    echo "2018-10-20"
    echo "Parameter I passed in"

[2019-03-22 02:28:31,508] {bash_operator.py:119} INFO - Output:
[2019-03-22 02:28:31,509] {bash_operator.py:123} INFO - 2018-10-13
[2019-03-22 02:28:31,509] {bash_operator.py:123} INFO - 2018-10-20
[2019-03-22 02:28:31,509] {bash_operator.py:123} INFO - Parameter I passed in
[2019-03-22 02:28:31,510] {bash_operator.py:123} INFO - 2018-10-13
[2019-03-22 02:28:31,510] {bash_operator.py:123} INFO - 2018-10-20
[2019-03-22 02:28:31,510] {bash_operator.py:123} INFO - Parameter I passed in
[2019-03-22 02:28:31,510] {bash_operator.py:123} INFO - 2018-10-13
[2019-03-22 02:28:31,510] {bash_operator.py:123} INFO - 2018-10-20
[2019-03-22 02:28:31,510] {bash_operator.py:123} INFO - Parameter I passed in
[2019-03-22 02:28:31,510] {bash_operator.py:123} INFO - 2018-10-13
[2019-03-22 02:28:31,510] {bash_operator.py:123} INFO - 2018-10-20
[2019-03-22 02:28:31,510] {bash_operator.py:123} INFO - Parameter I passed in
[2019-03-22 02:28:31,510] {bash_operator.py:123} INFO - 2018-10-13
[2019-03-22 02:28:31,510] {bash_operator.py:123} INFO - 2018-10-20
[2019-03-22 02:28:31,510] {bash_operator.py:123} INFO - Parameter I passed in
[2019-03-22 02:28:31,510] {bash_operator.py:127} INFO - Command exited with return code 0
[2019-03-22 02:28:35,380] {logging_mixin.py:95} INFO - [2019-03-22 02:28:35,379] {jobs.py:2527} INFO - Task exited with return code 0
