[2019-03-21 19:08:39,486] {models.py:1359} INFO - Dependencies all met for <TaskInstance: tutorial.print_date 2017-11-12T00:00:00+00:00 [queued]>
[2019-03-21 19:08:39,489] {models.py:1359} INFO - Dependencies all met for <TaskInstance: tutorial.print_date 2017-11-12T00:00:00+00:00 [queued]>
[2019-03-21 19:08:39,489] {models.py:1571} INFO - 
--------------------------------------------------------------------------------
Starting attempt 1 of 2
--------------------------------------------------------------------------------

[2019-03-21 19:08:39,505] {models.py:1593} INFO - Executing <Task(BashOperator): print_date> on 2017-11-12T00:00:00+00:00
[2019-03-21 19:08:39,505] {base_task_runner.py:118} INFO - Running: ['bash', '-c', 'airflow run tutorial print_date 2017-11-12T00:00:00+00:00 --job_id 1864 --raw -sd DAGS_FOLDER/tutorial.py --cfg_path /tmp/tmplouc7zcx']
[2019-03-21 19:08:40,139] {base_task_runner.py:101} INFO - Job 1864: Subtask print_date [2019-03-21 19:08:40,139] {__init__.py:51} INFO - Using executor SequentialExecutor
[2019-03-21 19:08:40,366] {base_task_runner.py:101} INFO - Job 1864: Subtask print_date [2019-03-21 19:08:40,366] {models.py:273} INFO - Filling up the DagBag from /home/rsandroni/airflow/dags/tutorial.py
[2019-03-21 19:08:40,382] {base_task_runner.py:101} INFO - Job 1864: Subtask print_date [2019-03-21 19:08:40,381] {cli.py:520} INFO - Running <TaskInstance: tutorial.print_date 2017-11-12T00:00:00+00:00 [running]> on host IADAIRP1.globalrs.rack.space
[2019-03-21 19:08:40,395] {bash_operator.py:77} INFO - Tmp dir root location: 
 /tmp
[2019-03-21 19:08:40,395] {bash_operator.py:86} INFO - Exporting the following env vars:
AIRFLOW_CTX_DAG_ID=tutorial
AIRFLOW_CTX_TASK_ID=print_date
AIRFLOW_CTX_EXECUTION_DATE=2017-11-12T00:00:00+00:00
AIRFLOW_CTX_DAG_RUN_ID=scheduled__2017-11-12T00:00:00+00:00
[2019-03-21 19:08:40,396] {bash_operator.py:100} INFO - Temporary script location: /tmp/airflowtmpfzwm_xs1/print_datej3ju848t
[2019-03-21 19:08:40,396] {bash_operator.py:110} INFO - Running command: date
[2019-03-21 19:08:40,401] {bash_operator.py:119} INFO - Output:
[2019-03-21 19:08:40,403] {bash_operator.py:123} INFO - Qui Mar 21 19:08:40 -03 2019
[2019-03-21 19:08:40,404] {bash_operator.py:127} INFO - Command exited with return code 0
[2019-03-21 19:08:44,497] {logging_mixin.py:95} INFO - [2019-03-21 19:08:44,496] {jobs.py:2527} INFO - Task exited with return code 0
