[2019-03-22 05:28:25,500] {models.py:1359} INFO - Dependencies all met for <TaskInstance: tutorial.templated 2019-02-25T00:00:00+00:00 [queued]>
[2019-03-22 05:28:25,505] {models.py:1359} INFO - Dependencies all met for <TaskInstance: tutorial.templated 2019-02-25T00:00:00+00:00 [queued]>
[2019-03-22 05:28:25,505] {models.py:1571} INFO - 
--------------------------------------------------------------------------------
Starting attempt 1 of 2
--------------------------------------------------------------------------------

[2019-03-22 05:28:25,569] {models.py:1593} INFO - Executing <Task(BashOperator): templated> on 2019-02-25T00:00:00+00:00
[2019-03-22 05:28:25,569] {base_task_runner.py:118} INFO - Running: ['bash', '-c', 'airflow run tutorial templated 2019-02-25T00:00:00+00:00 --job_id 2806 --raw -sd DAGS_FOLDER/example_dags/tutorial.py --cfg_path /tmp/tmp1446rkjr']
[2019-03-22 05:28:26,833] {base_task_runner.py:101} INFO - Job 2806: Subtask templated [2019-03-22 05:28:26,832] {__init__.py:51} INFO - Using executor SequentialExecutor
[2019-03-22 05:28:27,209] {base_task_runner.py:101} INFO - Job 2806: Subtask templated [2019-03-22 05:28:27,206] {models.py:273} INFO - Filling up the DagBag from /home/rsandroni/airflow/dags/example_dags/tutorial.py
[2019-03-22 05:28:27,354] {base_task_runner.py:101} INFO - Job 2806: Subtask templated [2019-03-22 05:28:27,353] {cli.py:520} INFO - Running <TaskInstance: tutorial.templated 2019-02-25T00:00:00+00:00 [running]> on host IADAIRP1.globalrs.rack.space
[2019-03-22 05:28:27,373] {bash_operator.py:77} INFO - Tmp dir root location: 
 /tmp
[2019-03-22 05:28:27,374] {bash_operator.py:86} INFO - Exporting the following env vars:
AIRFLOW_CTX_DAG_ID=tutorial
AIRFLOW_CTX_TASK_ID=templated
AIRFLOW_CTX_EXECUTION_DATE=2019-02-25T00:00:00+00:00
AIRFLOW_CTX_DAG_RUN_ID=scheduled__2019-02-25T00:00:00+00:00
[2019-03-22 05:28:27,374] {bash_operator.py:100} INFO - Temporary script location: /tmp/airflowtmpv_lsktx_/templatedx7vnrek7
[2019-03-22 05:28:27,374] {bash_operator.py:110} INFO - Running command: 

    echo "2019-02-25"
    echo "2019-03-04"
    echo "Parameter I passed in"

    echo "2019-02-25"
    echo "2019-03-04"
    echo "Parameter I passed in"

    echo "2019-02-25"
    echo "2019-03-04"
    echo "Parameter I passed in"

    echo "2019-02-25"
    echo "2019-03-04"
    echo "Parameter I passed in"

    echo "2019-02-25"
    echo "2019-03-04"
    echo "Parameter I passed in"

[2019-03-22 05:28:27,413] {bash_operator.py:119} INFO - Output:
[2019-03-22 05:28:27,414] {bash_operator.py:123} INFO - 2019-02-25
[2019-03-22 05:28:27,414] {bash_operator.py:123} INFO - 2019-03-04
[2019-03-22 05:28:27,414] {bash_operator.py:123} INFO - Parameter I passed in
[2019-03-22 05:28:27,414] {bash_operator.py:123} INFO - 2019-02-25
[2019-03-22 05:28:27,415] {bash_operator.py:123} INFO - 2019-03-04
[2019-03-22 05:28:27,415] {bash_operator.py:123} INFO - Parameter I passed in
[2019-03-22 05:28:27,415] {bash_operator.py:123} INFO - 2019-02-25
[2019-03-22 05:28:27,415] {bash_operator.py:123} INFO - 2019-03-04
[2019-03-22 05:28:27,415] {bash_operator.py:123} INFO - Parameter I passed in
[2019-03-22 05:28:27,415] {bash_operator.py:123} INFO - 2019-02-25
[2019-03-22 05:28:27,415] {bash_operator.py:123} INFO - 2019-03-04
[2019-03-22 05:28:27,415] {bash_operator.py:123} INFO - Parameter I passed in
[2019-03-22 05:28:27,415] {bash_operator.py:123} INFO - 2019-02-25
[2019-03-22 05:28:27,415] {bash_operator.py:123} INFO - 2019-03-04
[2019-03-22 05:28:27,415] {bash_operator.py:123} INFO - Parameter I passed in
[2019-03-22 05:28:27,415] {bash_operator.py:127} INFO - Command exited with return code 0
[2019-03-22 05:28:30,425] {logging_mixin.py:95} INFO - [2019-03-22 05:28:30,424] {jobs.py:2527} INFO - Task exited with return code 0
