[2019-03-21 16:52:21,125] {models.py:1359} INFO - Dependencies all met for <TaskInstance: tutorial.print_date 2017-05-15T00:00:00+00:00 [queued]>
[2019-03-21 16:52:21,127] {models.py:1359} INFO - Dependencies all met for <TaskInstance: tutorial.print_date 2017-05-15T00:00:00+00:00 [queued]>
[2019-03-21 16:52:21,127] {models.py:1571} INFO - 
--------------------------------------------------------------------------------
Starting attempt 1 of 2
--------------------------------------------------------------------------------

[2019-03-21 16:52:21,140] {models.py:1593} INFO - Executing <Task(BashOperator): print_date> on 2017-05-15T00:00:00+00:00
[2019-03-21 16:52:21,140] {base_task_runner.py:118} INFO - Running: ['bash', '-c', 'airflow run tutorial print_date 2017-05-15T00:00:00+00:00 --job_id 1434 --raw -sd DAGS_FOLDER/tutorial.py --cfg_path /tmp/tmpi8gcrzwf']
[2019-03-21 16:52:21,788] {base_task_runner.py:101} INFO - Job 1434: Subtask print_date [2019-03-21 16:52:21,787] {__init__.py:51} INFO - Using executor SequentialExecutor
[2019-03-21 16:52:22,020] {base_task_runner.py:101} INFO - Job 1434: Subtask print_date [2019-03-21 16:52:22,019] {models.py:273} INFO - Filling up the DagBag from /home/rsandroni/airflow/dags/tutorial.py
[2019-03-21 16:52:22,035] {base_task_runner.py:101} INFO - Job 1434: Subtask print_date [2019-03-21 16:52:22,034] {cli.py:520} INFO - Running <TaskInstance: tutorial.print_date 2017-05-15T00:00:00+00:00 [running]> on host IADAIRP1.globalrs.rack.space
[2019-03-21 16:52:22,047] {bash_operator.py:77} INFO - Tmp dir root location: 
 /tmp
[2019-03-21 16:52:22,048] {bash_operator.py:86} INFO - Exporting the following env vars:
AIRFLOW_CTX_DAG_ID=tutorial
AIRFLOW_CTX_TASK_ID=print_date
AIRFLOW_CTX_EXECUTION_DATE=2017-05-15T00:00:00+00:00
AIRFLOW_CTX_DAG_RUN_ID=scheduled__2017-05-15T00:00:00+00:00
[2019-03-21 16:52:22,048] {bash_operator.py:100} INFO - Temporary script location: /tmp/airflowtmpchc0v1_r/print_date7d_zoam6
[2019-03-21 16:52:22,048] {bash_operator.py:110} INFO - Running command: date
[2019-03-21 16:52:22,053] {bash_operator.py:119} INFO - Output:
[2019-03-21 16:52:22,055] {bash_operator.py:123} INFO - Qui Mar 21 16:52:22 -03 2019
[2019-03-21 16:52:22,056] {bash_operator.py:127} INFO - Command exited with return code 0
[2019-03-21 16:52:26,130] {logging_mixin.py:95} INFO - [2019-03-21 16:52:26,129] {jobs.py:2527} INFO - Task exited with return code 0
