[2019-03-22 01:46:56,431] {models.py:1359} INFO - Dependencies all met for <TaskInstance: tutorial.print_date 2018-09-13T00:00:00+00:00 [queued]>
[2019-03-22 01:46:56,434] {models.py:1359} INFO - Dependencies all met for <TaskInstance: tutorial.print_date 2018-09-13T00:00:00+00:00 [queued]>
[2019-03-22 01:46:56,434] {models.py:1571} INFO - 
--------------------------------------------------------------------------------
Starting attempt 1 of 2
--------------------------------------------------------------------------------

[2019-03-22 01:46:56,480] {models.py:1593} INFO - Executing <Task(BashOperator): print_date> on 2018-09-13T00:00:00+00:00
[2019-03-22 01:46:56,480] {base_task_runner.py:118} INFO - Running: ['bash', '-c', 'airflow run tutorial print_date 2018-09-13T00:00:00+00:00 --job_id 2473 --raw -sd DAGS_FOLDER/tutorial.py --cfg_path /tmp/tmpe5k5x1ss']
[2019-03-22 01:46:57,213] {base_task_runner.py:101} INFO - Job 2473: Subtask print_date [2019-03-22 01:46:57,212] {__init__.py:51} INFO - Using executor SequentialExecutor
[2019-03-22 01:46:57,625] {base_task_runner.py:101} INFO - Job 2473: Subtask print_date [2019-03-22 01:46:57,624] {models.py:273} INFO - Filling up the DagBag from /home/rsandroni/airflow/dags/tutorial.py
[2019-03-22 01:46:57,660] {base_task_runner.py:101} INFO - Job 2473: Subtask print_date [2019-03-22 01:46:57,659] {cli.py:520} INFO - Running <TaskInstance: tutorial.print_date 2018-09-13T00:00:00+00:00 [running]> on host IADAIRP1.globalrs.rack.space
[2019-03-22 01:46:57,687] {bash_operator.py:77} INFO - Tmp dir root location: 
 /tmp
[2019-03-22 01:46:57,687] {bash_operator.py:86} INFO - Exporting the following env vars:
AIRFLOW_CTX_DAG_ID=tutorial
AIRFLOW_CTX_TASK_ID=print_date
AIRFLOW_CTX_EXECUTION_DATE=2018-09-13T00:00:00+00:00
AIRFLOW_CTX_DAG_RUN_ID=scheduled__2018-09-13T00:00:00+00:00
[2019-03-22 01:46:57,687] {bash_operator.py:100} INFO - Temporary script location: /tmp/airflowtmpdcbtobub/print_datewrtcniai
[2019-03-22 01:46:57,687] {bash_operator.py:110} INFO - Running command: date
[2019-03-22 01:46:57,717] {bash_operator.py:119} INFO - Output:
[2019-03-22 01:46:57,752] {bash_operator.py:123} INFO - Sex Mar 22 01:46:57 -03 2019
[2019-03-22 01:46:57,753] {bash_operator.py:127} INFO - Command exited with return code 0
[2019-03-22 01:47:01,469] {logging_mixin.py:95} INFO - [2019-03-22 01:47:01,468] {jobs.py:2527} INFO - Task exited with return code 0
