[2019-03-21 19:15:57,581] {models.py:1359} INFO - Dependencies all met for <TaskInstance: tutorial.templated 2017-11-17T00:00:00+00:00 [queued]>
[2019-03-21 19:15:57,585] {models.py:1359} INFO - Dependencies all met for <TaskInstance: tutorial.templated 2017-11-17T00:00:00+00:00 [queued]>
[2019-03-21 19:15:57,585] {models.py:1571} INFO - 
--------------------------------------------------------------------------------
Starting attempt 1 of 2
--------------------------------------------------------------------------------

[2019-03-21 19:15:57,618] {models.py:1593} INFO - Executing <Task(BashOperator): templated> on 2017-11-17T00:00:00+00:00
[2019-03-21 19:15:57,618] {base_task_runner.py:118} INFO - Running: ['bash', '-c', 'airflow run tutorial templated 2017-11-17T00:00:00+00:00 --job_id 1875 --raw -sd DAGS_FOLDER/example_dags/tutorial.py --cfg_path /tmp/tmpfwdwvvg7']
[2019-03-21 19:15:58,255] {base_task_runner.py:101} INFO - Job 1875: Subtask templated [2019-03-21 19:15:58,253] {__init__.py:51} INFO - Using executor SequentialExecutor
[2019-03-21 19:15:58,482] {base_task_runner.py:101} INFO - Job 1875: Subtask templated [2019-03-21 19:15:58,481] {models.py:273} INFO - Filling up the DagBag from /home/rsandroni/airflow/dags/example_dags/tutorial.py
[2019-03-21 19:15:58,550] {base_task_runner.py:101} INFO - Job 1875: Subtask templated [2019-03-21 19:15:58,547] {cli.py:520} INFO - Running <TaskInstance: tutorial.templated 2017-11-17T00:00:00+00:00 [running]> on host IADAIRP1.globalrs.rack.space
[2019-03-21 19:15:58,564] {bash_operator.py:77} INFO - Tmp dir root location: 
 /tmp
[2019-03-21 19:15:58,564] {bash_operator.py:86} INFO - Exporting the following env vars:
AIRFLOW_CTX_DAG_ID=tutorial
AIRFLOW_CTX_TASK_ID=templated
AIRFLOW_CTX_EXECUTION_DATE=2017-11-17T00:00:00+00:00
AIRFLOW_CTX_DAG_RUN_ID=scheduled__2017-11-17T00:00:00+00:00
[2019-03-21 19:15:58,565] {bash_operator.py:100} INFO - Temporary script location: /tmp/airflowtmpjsf0z6u1/templatedxlu_8j5e
[2019-03-21 19:15:58,565] {bash_operator.py:110} INFO - Running command: 

    echo "2017-11-17"
    echo "2017-11-24"
    echo "Parameter I passed in"

    echo "2017-11-17"
    echo "2017-11-24"
    echo "Parameter I passed in"

    echo "2017-11-17"
    echo "2017-11-24"
    echo "Parameter I passed in"

    echo "2017-11-17"
    echo "2017-11-24"
    echo "Parameter I passed in"

    echo "2017-11-17"
    echo "2017-11-24"
    echo "Parameter I passed in"

[2019-03-21 19:15:58,571] {bash_operator.py:119} INFO - Output:
[2019-03-21 19:15:58,572] {bash_operator.py:123} INFO - 2017-11-17
[2019-03-21 19:15:58,572] {bash_operator.py:123} INFO - 2017-11-24
[2019-03-21 19:15:58,572] {bash_operator.py:123} INFO - Parameter I passed in
[2019-03-21 19:15:58,572] {bash_operator.py:123} INFO - 2017-11-17
[2019-03-21 19:15:58,572] {bash_operator.py:123} INFO - 2017-11-24
[2019-03-21 19:15:58,572] {bash_operator.py:123} INFO - Parameter I passed in
[2019-03-21 19:15:58,572] {bash_operator.py:123} INFO - 2017-11-17
[2019-03-21 19:15:58,572] {bash_operator.py:123} INFO - 2017-11-24
[2019-03-21 19:15:58,572] {bash_operator.py:123} INFO - Parameter I passed in
[2019-03-21 19:15:58,572] {bash_operator.py:123} INFO - 2017-11-17
[2019-03-21 19:15:58,572] {bash_operator.py:123} INFO - 2017-11-24
[2019-03-21 19:15:58,572] {bash_operator.py:123} INFO - Parameter I passed in
[2019-03-21 19:15:58,572] {bash_operator.py:123} INFO - 2017-11-17
[2019-03-21 19:15:58,572] {bash_operator.py:123} INFO - 2017-11-24
[2019-03-21 19:15:58,572] {bash_operator.py:123} INFO - Parameter I passed in
[2019-03-21 19:15:58,572] {bash_operator.py:127} INFO - Command exited with return code 0
[2019-03-21 19:16:02,583] {logging_mixin.py:95} INFO - [2019-03-21 19:16:02,583] {jobs.py:2527} INFO - Task exited with return code 0
