[2019-03-19 11:56:44,746] {models.py:1359} INFO - Dependencies all met for <TaskInstance: tutorial.print_date 2015-12-28T00:00:00+00:00 [queued]>
[2019-03-19 11:56:44,748] {models.py:1359} INFO - Dependencies all met for <TaskInstance: tutorial.print_date 2015-12-28T00:00:00+00:00 [queued]>
[2019-03-19 11:56:44,748] {models.py:1571} INFO - 
--------------------------------------------------------------------------------
Starting attempt 1 of 2
--------------------------------------------------------------------------------

[2019-03-19 11:56:44,762] {models.py:1593} INFO - Executing <Task(BashOperator): print_date> on 2015-12-28T00:00:00+00:00
[2019-03-19 11:56:44,763] {base_task_runner.py:118} INFO - Running: ['bash', '-c', 'airflow run tutorial print_date 2015-12-28T00:00:00+00:00 --job_id 426 --raw -sd DAGS_FOLDER/tutorial.py --cfg_path /tmp/tmpoe459ffx']
[2019-03-19 11:56:45,376] {base_task_runner.py:101} INFO - Job 426: Subtask print_date [2019-03-19 11:56:45,376] {__init__.py:51} INFO - Using executor SequentialExecutor
[2019-03-19 11:56:45,597] {base_task_runner.py:101} INFO - Job 426: Subtask print_date [2019-03-19 11:56:45,596] {models.py:273} INFO - Filling up the DagBag from /home/rsandroni/airflow/dags/tutorial.py
[2019-03-19 11:56:45,612] {base_task_runner.py:101} INFO - Job 426: Subtask print_date [2019-03-19 11:56:45,612] {cli.py:520} INFO - Running <TaskInstance: tutorial.print_date 2015-12-28T00:00:00+00:00 [running]> on host IADAIRP1.globalrs.rack.space
[2019-03-19 11:56:45,625] {bash_operator.py:77} INFO - Tmp dir root location: 
 /tmp
[2019-03-19 11:56:45,625] {bash_operator.py:86} INFO - Exporting the following env vars:
AIRFLOW_CTX_DAG_ID=tutorial
AIRFLOW_CTX_TASK_ID=print_date
AIRFLOW_CTX_EXECUTION_DATE=2015-12-28T00:00:00+00:00
AIRFLOW_CTX_DAG_RUN_ID=scheduled__2015-12-28T00:00:00+00:00
[2019-03-19 11:56:45,626] {bash_operator.py:100} INFO - Temporary script location: /tmp/airflowtmprcuef0xb/print_date9omgf38d
[2019-03-19 11:56:45,626] {bash_operator.py:110} INFO - Running command: date
[2019-03-19 11:56:45,631] {bash_operator.py:119} INFO - Output:
[2019-03-19 11:56:45,633] {bash_operator.py:123} INFO - Ter Mar 19 11:56:45 -03 2019
[2019-03-19 11:56:45,633] {bash_operator.py:127} INFO - Command exited with return code 0
[2019-03-19 11:56:49,754] {logging_mixin.py:95} INFO - [2019-03-19 11:56:49,753] {jobs.py:2527} INFO - Task exited with return code 0
