[2019-03-21 23:52:15,509] {models.py:1359} INFO - Dependencies all met for <TaskInstance: tutorial.templated 2018-06-17T00:00:00+00:00 [queued]>
[2019-03-21 23:52:15,514] {models.py:1359} INFO - Dependencies all met for <TaskInstance: tutorial.templated 2018-06-17T00:00:00+00:00 [queued]>
[2019-03-21 23:52:15,514] {models.py:1571} INFO - 
--------------------------------------------------------------------------------
Starting attempt 1 of 2
--------------------------------------------------------------------------------

[2019-03-21 23:52:15,528] {models.py:1593} INFO - Executing <Task(BashOperator): templated> on 2018-06-17T00:00:00+00:00
[2019-03-21 23:52:15,528] {base_task_runner.py:118} INFO - Running: ['bash', '-c', 'airflow run tutorial templated 2018-06-17T00:00:00+00:00 --job_id 2299 --raw -sd DAGS_FOLDER/example_dags/tutorial.py --cfg_path /tmp/tmp36b7m3as']
[2019-03-21 23:52:16,156] {base_task_runner.py:101} INFO - Job 2299: Subtask templated [2019-03-21 23:52:16,155] {__init__.py:51} INFO - Using executor SequentialExecutor
[2019-03-21 23:52:16,385] {base_task_runner.py:101} INFO - Job 2299: Subtask templated [2019-03-21 23:52:16,384] {models.py:273} INFO - Filling up the DagBag from /home/rsandroni/airflow/dags/example_dags/tutorial.py
[2019-03-21 23:52:16,449] {base_task_runner.py:101} INFO - Job 2299: Subtask templated [2019-03-21 23:52:16,448] {cli.py:520} INFO - Running <TaskInstance: tutorial.templated 2018-06-17T00:00:00+00:00 [running]> on host IADAIRP1.globalrs.rack.space
[2019-03-21 23:52:16,464] {bash_operator.py:77} INFO - Tmp dir root location: 
 /tmp
[2019-03-21 23:52:16,464] {bash_operator.py:86} INFO - Exporting the following env vars:
AIRFLOW_CTX_DAG_ID=tutorial
AIRFLOW_CTX_TASK_ID=templated
AIRFLOW_CTX_EXECUTION_DATE=2018-06-17T00:00:00+00:00
AIRFLOW_CTX_DAG_RUN_ID=scheduled__2018-06-17T00:00:00+00:00
[2019-03-21 23:52:16,465] {bash_operator.py:100} INFO - Temporary script location: /tmp/airflowtmp8xvxybyy/templatedgi47s0gl
[2019-03-21 23:52:16,465] {bash_operator.py:110} INFO - Running command: 

    echo "2018-06-17"
    echo "2018-06-24"
    echo "Parameter I passed in"

    echo "2018-06-17"
    echo "2018-06-24"
    echo "Parameter I passed in"

    echo "2018-06-17"
    echo "2018-06-24"
    echo "Parameter I passed in"

    echo "2018-06-17"
    echo "2018-06-24"
    echo "Parameter I passed in"

    echo "2018-06-17"
    echo "2018-06-24"
    echo "Parameter I passed in"

[2019-03-21 23:52:16,470] {bash_operator.py:119} INFO - Output:
[2019-03-21 23:52:16,472] {bash_operator.py:123} INFO - 2018-06-17
[2019-03-21 23:52:16,472] {bash_operator.py:123} INFO - 2018-06-24
[2019-03-21 23:52:16,472] {bash_operator.py:123} INFO - Parameter I passed in
[2019-03-21 23:52:16,472] {bash_operator.py:123} INFO - 2018-06-17
[2019-03-21 23:52:16,472] {bash_operator.py:123} INFO - 2018-06-24
[2019-03-21 23:52:16,472] {bash_operator.py:123} INFO - Parameter I passed in
[2019-03-21 23:52:16,472] {bash_operator.py:123} INFO - 2018-06-17
[2019-03-21 23:52:16,472] {bash_operator.py:123} INFO - 2018-06-24
[2019-03-21 23:52:16,472] {bash_operator.py:123} INFO - Parameter I passed in
[2019-03-21 23:52:16,472] {bash_operator.py:123} INFO - 2018-06-17
[2019-03-21 23:52:16,472] {bash_operator.py:123} INFO - 2018-06-24
[2019-03-21 23:52:16,472] {bash_operator.py:123} INFO - Parameter I passed in
[2019-03-21 23:52:16,472] {bash_operator.py:123} INFO - 2018-06-17
[2019-03-21 23:52:16,472] {bash_operator.py:123} INFO - 2018-06-24
[2019-03-21 23:52:16,472] {bash_operator.py:123} INFO - Parameter I passed in
[2019-03-21 23:52:16,472] {bash_operator.py:127} INFO - Command exited with return code 0
[2019-03-21 23:52:20,507] {logging_mixin.py:95} INFO - [2019-03-21 23:52:20,507] {jobs.py:2527} INFO - Task exited with return code 0
