[2019-03-21 20:55:53,733] {models.py:1359} INFO - Dependencies all met for <TaskInstance: tutorial.print_date 2018-02-03T00:00:00+00:00 [queued]>
[2019-03-21 20:55:53,736] {models.py:1359} INFO - Dependencies all met for <TaskInstance: tutorial.print_date 2018-02-03T00:00:00+00:00 [queued]>
[2019-03-21 20:55:53,736] {models.py:1571} INFO - 
--------------------------------------------------------------------------------
Starting attempt 1 of 2
--------------------------------------------------------------------------------

[2019-03-21 20:55:53,750] {models.py:1593} INFO - Executing <Task(BashOperator): print_date> on 2018-02-03T00:00:00+00:00
[2019-03-21 20:55:53,750] {base_task_runner.py:118} INFO - Running: ['bash', '-c', 'airflow run tutorial print_date 2018-02-03T00:00:00+00:00 --job_id 2029 --raw -sd DAGS_FOLDER/tutorial.py --cfg_path /tmp/tmp2nd2kvjn']
[2019-03-21 20:55:54,482] {base_task_runner.py:101} INFO - Job 2029: Subtask print_date [2019-03-21 20:55:54,481] {__init__.py:51} INFO - Using executor SequentialExecutor
[2019-03-21 20:55:54,749] {base_task_runner.py:101} INFO - Job 2029: Subtask print_date [2019-03-21 20:55:54,748] {models.py:273} INFO - Filling up the DagBag from /home/rsandroni/airflow/dags/tutorial.py
[2019-03-21 20:55:54,768] {base_task_runner.py:101} INFO - Job 2029: Subtask print_date [2019-03-21 20:55:54,765] {cli.py:520} INFO - Running <TaskInstance: tutorial.print_date 2018-02-03T00:00:00+00:00 [running]> on host IADAIRP1.globalrs.rack.space
[2019-03-21 20:55:54,779] {bash_operator.py:77} INFO - Tmp dir root location: 
 /tmp
[2019-03-21 20:55:54,779] {bash_operator.py:86} INFO - Exporting the following env vars:
AIRFLOW_CTX_DAG_ID=tutorial
AIRFLOW_CTX_TASK_ID=print_date
AIRFLOW_CTX_EXECUTION_DATE=2018-02-03T00:00:00+00:00
AIRFLOW_CTX_DAG_RUN_ID=scheduled__2018-02-03T00:00:00+00:00
[2019-03-21 20:55:54,779] {bash_operator.py:100} INFO - Temporary script location: /tmp/airflowtmpimiki5mn/print_date36v6h3x4
[2019-03-21 20:55:54,779] {bash_operator.py:110} INFO - Running command: date
[2019-03-21 20:55:54,785] {bash_operator.py:119} INFO - Output:
[2019-03-21 20:55:54,787] {bash_operator.py:123} INFO - Qui Mar 21 20:55:54 -03 2019
[2019-03-21 20:55:54,787] {bash_operator.py:127} INFO - Command exited with return code 0
[2019-03-21 20:55:58,719] {logging_mixin.py:95} INFO - [2019-03-21 20:55:58,718] {jobs.py:2527} INFO - Task exited with return code 0
