[2019-03-19 10:18:59,508] {models.py:1359} INFO - Dependencies all met for <TaskInstance: tutorial.print_date 2015-06-09T00:00:00+00:00 [queued]>
[2019-03-19 10:18:59,509] {models.py:1359} INFO - Dependencies all met for <TaskInstance: tutorial.print_date 2015-06-09T00:00:00+00:00 [queued]>
[2019-03-19 10:18:59,509] {models.py:1571} INFO - 
--------------------------------------------------------------------------------
Starting attempt 1 of 2
--------------------------------------------------------------------------------

[2019-03-19 10:18:59,521] {models.py:1593} INFO - Executing <Task(BashOperator): print_date> on 2015-06-09T00:00:00+00:00
[2019-03-19 10:18:59,521] {base_task_runner.py:118} INFO - Running: ['bash', '-c', 'airflow run tutorial print_date 2015-06-09T00:00:00+00:00 --job_id 21 --raw -sd DAGS_FOLDER/tutorial.py --cfg_path /tmp/tmplxlulg6o']
[2019-03-19 10:19:00,121] {base_task_runner.py:101} INFO - Job 21: Subtask print_date [2019-03-19 10:19:00,120] {__init__.py:51} INFO - Using executor SequentialExecutor
[2019-03-19 10:19:00,338] {base_task_runner.py:101} INFO - Job 21: Subtask print_date [2019-03-19 10:19:00,338] {models.py:273} INFO - Filling up the DagBag from /home/rsandroni/airflow/dags/tutorial.py
[2019-03-19 10:19:00,352] {base_task_runner.py:101} INFO - Job 21: Subtask print_date [2019-03-19 10:19:00,352] {cli.py:520} INFO - Running <TaskInstance: tutorial.print_date 2015-06-09T00:00:00+00:00 [running]> on host IADAIRP1.globalrs.rack.space
[2019-03-19 10:19:00,365] {bash_operator.py:77} INFO - Tmp dir root location: 
 /tmp
[2019-03-19 10:19:00,365] {bash_operator.py:86} INFO - Exporting the following env vars:
AIRFLOW_CTX_DAG_ID=tutorial
AIRFLOW_CTX_TASK_ID=print_date
AIRFLOW_CTX_EXECUTION_DATE=2015-06-09T00:00:00+00:00
AIRFLOW_CTX_DAG_RUN_ID=scheduled__2015-06-09T00:00:00+00:00
[2019-03-19 10:19:00,365] {bash_operator.py:100} INFO - Temporary script location: /tmp/airflowtmp6agw6fx4/print_datehiy_twnk
[2019-03-19 10:19:00,365] {bash_operator.py:110} INFO - Running command: date
[2019-03-19 10:19:00,370] {bash_operator.py:119} INFO - Output:
[2019-03-19 10:19:00,372] {bash_operator.py:123} INFO - Ter Mar 19 10:19:00 -03 2019
[2019-03-19 10:19:00,373] {bash_operator.py:127} INFO - Command exited with return code 0
[2019-03-19 10:19:04,511] {logging_mixin.py:95} INFO - [2019-03-19 10:19:04,510] {jobs.py:2527} INFO - Task exited with return code 0
