[2019-03-19 15:49:17,836] {models.py:1359} INFO - Dependencies all met for <TaskInstance: tutorial.print_date 2017-05-07T00:00:00+00:00 [queued]>
[2019-03-19 15:49:17,839] {models.py:1359} INFO - Dependencies all met for <TaskInstance: tutorial.print_date 2017-05-07T00:00:00+00:00 [queued]>
[2019-03-19 15:49:17,839] {models.py:1571} INFO - 
--------------------------------------------------------------------------------
Starting attempt 1 of 2
--------------------------------------------------------------------------------

[2019-03-19 15:49:17,853] {models.py:1593} INFO - Executing <Task(BashOperator): print_date> on 2017-05-07T00:00:00+00:00
[2019-03-19 15:49:17,853] {base_task_runner.py:118} INFO - Running: ['bash', '-c', 'airflow run tutorial print_date 2017-05-07T00:00:00+00:00 --job_id 1417 --raw -sd DAGS_FOLDER/tutorial.py --cfg_path /tmp/tmp9k_mkh1l']
[2019-03-19 15:49:18,495] {base_task_runner.py:101} INFO - Job 1417: Subtask print_date [2019-03-19 15:49:18,494] {__init__.py:51} INFO - Using executor SequentialExecutor
[2019-03-19 15:49:18,723] {base_task_runner.py:101} INFO - Job 1417: Subtask print_date [2019-03-19 15:49:18,723] {models.py:273} INFO - Filling up the DagBag from /home/rsandroni/airflow/dags/tutorial.py
[2019-03-19 15:49:18,739] {base_task_runner.py:101} INFO - Job 1417: Subtask print_date [2019-03-19 15:49:18,738] {cli.py:520} INFO - Running <TaskInstance: tutorial.print_date 2017-05-07T00:00:00+00:00 [running]> on host IADAIRP1.globalrs.rack.space
[2019-03-19 15:49:18,752] {bash_operator.py:77} INFO - Tmp dir root location: 
 /tmp
[2019-03-19 15:49:18,752] {bash_operator.py:86} INFO - Exporting the following env vars:
AIRFLOW_CTX_DAG_ID=tutorial
AIRFLOW_CTX_TASK_ID=print_date
AIRFLOW_CTX_EXECUTION_DATE=2017-05-07T00:00:00+00:00
AIRFLOW_CTX_DAG_RUN_ID=scheduled__2017-05-07T00:00:00+00:00
[2019-03-19 15:49:18,753] {bash_operator.py:100} INFO - Temporary script location: /tmp/airflowtmpxh9388y9/print_dateu57vhryw
[2019-03-19 15:49:18,753] {bash_operator.py:110} INFO - Running command: date
[2019-03-19 15:49:18,758] {bash_operator.py:119} INFO - Output:
[2019-03-19 15:49:18,760] {bash_operator.py:123} INFO - Ter Mar 19 15:49:18 -03 2019
[2019-03-19 15:49:18,760] {bash_operator.py:127} INFO - Command exited with return code 0
[2019-03-19 15:49:22,857] {logging_mixin.py:95} INFO - [2019-03-19 15:49:22,857] {jobs.py:2527} INFO - Task exited with return code 0
