[2019-03-19 13:45:38,254] {models.py:1359} INFO - Dependencies all met for <TaskInstance: tutorial.print_date 2016-08-18T00:00:00+00:00 [queued]>
[2019-03-19 13:45:38,257] {models.py:1359} INFO - Dependencies all met for <TaskInstance: tutorial.print_date 2016-08-18T00:00:00+00:00 [queued]>
[2019-03-19 13:45:38,257] {models.py:1571} INFO - 
--------------------------------------------------------------------------------
Starting attempt 1 of 2
--------------------------------------------------------------------------------

[2019-03-19 13:45:38,274] {models.py:1593} INFO - Executing <Task(BashOperator): print_date> on 2016-08-18T00:00:00+00:00
[2019-03-19 13:45:38,275] {base_task_runner.py:118} INFO - Running: ['bash', '-c', 'airflow run tutorial print_date 2016-08-18T00:00:00+00:00 --job_id 894 --raw -sd DAGS_FOLDER/tutorial.py --cfg_path /tmp/tmpqjxy6z09']
[2019-03-19 13:45:38,887] {base_task_runner.py:101} INFO - Job 894: Subtask print_date [2019-03-19 13:45:38,886] {__init__.py:51} INFO - Using executor SequentialExecutor
[2019-03-19 13:45:39,120] {base_task_runner.py:101} INFO - Job 894: Subtask print_date [2019-03-19 13:45:39,119] {models.py:273} INFO - Filling up the DagBag from /home/rsandroni/airflow/dags/tutorial.py
[2019-03-19 13:45:39,135] {base_task_runner.py:101} INFO - Job 894: Subtask print_date [2019-03-19 13:45:39,135] {cli.py:520} INFO - Running <TaskInstance: tutorial.print_date 2016-08-18T00:00:00+00:00 [running]> on host IADAIRP1.globalrs.rack.space
[2019-03-19 13:45:39,148] {bash_operator.py:77} INFO - Tmp dir root location: 
 /tmp
[2019-03-19 13:45:39,148] {bash_operator.py:86} INFO - Exporting the following env vars:
AIRFLOW_CTX_DAG_ID=tutorial
AIRFLOW_CTX_TASK_ID=print_date
AIRFLOW_CTX_EXECUTION_DATE=2016-08-18T00:00:00+00:00
AIRFLOW_CTX_DAG_RUN_ID=scheduled__2016-08-18T00:00:00+00:00
[2019-03-19 13:45:39,148] {bash_operator.py:100} INFO - Temporary script location: /tmp/airflowtmp1v2yk510/print_dateibujynkf
[2019-03-19 13:45:39,148] {bash_operator.py:110} INFO - Running command: date
[2019-03-19 13:45:39,153] {bash_operator.py:119} INFO - Output:
[2019-03-19 13:45:39,155] {bash_operator.py:123} INFO - Ter Mar 19 13:45:39 -03 2019
[2019-03-19 13:45:39,156] {bash_operator.py:127} INFO - Command exited with return code 0
[2019-03-19 13:45:43,254] {logging_mixin.py:95} INFO - [2019-03-19 13:45:43,253] {jobs.py:2527} INFO - Task exited with return code 0
