[2019-03-21 20:19:02,730] {models.py:1359} INFO - Dependencies all met for <TaskInstance: tutorial.print_date 2018-01-06T00:00:00+00:00 [queued]>
[2019-03-21 20:19:02,733] {models.py:1359} INFO - Dependencies all met for <TaskInstance: tutorial.print_date 2018-01-06T00:00:00+00:00 [queued]>
[2019-03-21 20:19:02,733] {models.py:1571} INFO - 
--------------------------------------------------------------------------------
Starting attempt 1 of 2
--------------------------------------------------------------------------------

[2019-03-21 20:19:02,745] {models.py:1593} INFO - Executing <Task(BashOperator): print_date> on 2018-01-06T00:00:00+00:00
[2019-03-21 20:19:02,746] {base_task_runner.py:118} INFO - Running: ['bash', '-c', 'airflow run tutorial print_date 2018-01-06T00:00:00+00:00 --job_id 1973 --raw -sd DAGS_FOLDER/tutorial.py --cfg_path /tmp/tmp9xuozfls']
[2019-03-21 20:19:03,387] {base_task_runner.py:101} INFO - Job 1973: Subtask print_date [2019-03-21 20:19:03,386] {__init__.py:51} INFO - Using executor SequentialExecutor
[2019-03-21 20:19:03,669] {base_task_runner.py:101} INFO - Job 1973: Subtask print_date [2019-03-21 20:19:03,667] {models.py:273} INFO - Filling up the DagBag from /home/rsandroni/airflow/dags/tutorial.py
[2019-03-21 20:19:03,684] {base_task_runner.py:101} INFO - Job 1973: Subtask print_date [2019-03-21 20:19:03,683] {cli.py:520} INFO - Running <TaskInstance: tutorial.print_date 2018-01-06T00:00:00+00:00 [running]> on host IADAIRP1.globalrs.rack.space
[2019-03-21 20:19:03,695] {bash_operator.py:77} INFO - Tmp dir root location: 
 /tmp
[2019-03-21 20:19:03,696] {bash_operator.py:86} INFO - Exporting the following env vars:
AIRFLOW_CTX_DAG_ID=tutorial
AIRFLOW_CTX_TASK_ID=print_date
AIRFLOW_CTX_EXECUTION_DATE=2018-01-06T00:00:00+00:00
AIRFLOW_CTX_DAG_RUN_ID=scheduled__2018-01-06T00:00:00+00:00
[2019-03-21 20:19:03,696] {bash_operator.py:100} INFO - Temporary script location: /tmp/airflowtmp65_lu0f1/print_date479smam5
[2019-03-21 20:19:03,696] {bash_operator.py:110} INFO - Running command: date
[2019-03-21 20:19:03,701] {bash_operator.py:119} INFO - Output:
[2019-03-21 20:19:03,703] {bash_operator.py:123} INFO - Qui Mar 21 20:19:03 -03 2019
[2019-03-21 20:19:03,704] {bash_operator.py:127} INFO - Command exited with return code 0
[2019-03-21 20:19:07,716] {logging_mixin.py:95} INFO - [2019-03-21 20:19:07,715] {jobs.py:2527} INFO - Task exited with return code 0
