[2019-03-21 23:57:25,311] {models.py:1359} INFO - Dependencies all met for <TaskInstance: tutorial.templated 2018-06-20T00:00:00+00:00 [queued]>
[2019-03-21 23:57:25,315] {models.py:1359} INFO - Dependencies all met for <TaskInstance: tutorial.templated 2018-06-20T00:00:00+00:00 [queued]>
[2019-03-21 23:57:25,315] {models.py:1571} INFO - 
--------------------------------------------------------------------------------
Starting attempt 1 of 2
--------------------------------------------------------------------------------

[2019-03-21 23:57:25,330] {models.py:1593} INFO - Executing <Task(BashOperator): templated> on 2018-06-20T00:00:00+00:00
[2019-03-21 23:57:25,330] {base_task_runner.py:118} INFO - Running: ['bash', '-c', 'airflow run tutorial templated 2018-06-20T00:00:00+00:00 --job_id 2306 --raw -sd DAGS_FOLDER/example_dags/tutorial.py --cfg_path /tmp/tmpu_ue75c0']
[2019-03-21 23:57:26,026] {base_task_runner.py:101} INFO - Job 2306: Subtask templated [2019-03-21 23:57:26,026] {__init__.py:51} INFO - Using executor SequentialExecutor
[2019-03-21 23:57:26,321] {base_task_runner.py:101} INFO - Job 2306: Subtask templated [2019-03-21 23:57:26,320] {models.py:273} INFO - Filling up the DagBag from /home/rsandroni/airflow/dags/example_dags/tutorial.py
[2019-03-21 23:57:26,385] {base_task_runner.py:101} INFO - Job 2306: Subtask templated [2019-03-21 23:57:26,385] {cli.py:520} INFO - Running <TaskInstance: tutorial.templated 2018-06-20T00:00:00+00:00 [running]> on host IADAIRP1.globalrs.rack.space
[2019-03-21 23:57:26,403] {bash_operator.py:77} INFO - Tmp dir root location: 
 /tmp
[2019-03-21 23:57:26,404] {bash_operator.py:86} INFO - Exporting the following env vars:
AIRFLOW_CTX_DAG_ID=tutorial
AIRFLOW_CTX_TASK_ID=templated
AIRFLOW_CTX_EXECUTION_DATE=2018-06-20T00:00:00+00:00
AIRFLOW_CTX_DAG_RUN_ID=scheduled__2018-06-20T00:00:00+00:00
[2019-03-21 23:57:26,404] {bash_operator.py:100} INFO - Temporary script location: /tmp/airflowtmpg_59fk1g/templated3dd2m3rg
[2019-03-21 23:57:26,404] {bash_operator.py:110} INFO - Running command: 

    echo "2018-06-20"
    echo "2018-06-27"
    echo "Parameter I passed in"

    echo "2018-06-20"
    echo "2018-06-27"
    echo "Parameter I passed in"

    echo "2018-06-20"
    echo "2018-06-27"
    echo "Parameter I passed in"

    echo "2018-06-20"
    echo "2018-06-27"
    echo "Parameter I passed in"

    echo "2018-06-20"
    echo "2018-06-27"
    echo "Parameter I passed in"

[2019-03-21 23:57:26,412] {bash_operator.py:119} INFO - Output:
[2019-03-21 23:57:26,413] {bash_operator.py:123} INFO - 2018-06-20
[2019-03-21 23:57:26,413] {bash_operator.py:123} INFO - 2018-06-27
[2019-03-21 23:57:26,413] {bash_operator.py:123} INFO - Parameter I passed in
[2019-03-21 23:57:26,413] {bash_operator.py:123} INFO - 2018-06-20
[2019-03-21 23:57:26,413] {bash_operator.py:123} INFO - 2018-06-27
[2019-03-21 23:57:26,413] {bash_operator.py:123} INFO - Parameter I passed in
[2019-03-21 23:57:26,413] {bash_operator.py:123} INFO - 2018-06-20
[2019-03-21 23:57:26,413] {bash_operator.py:123} INFO - 2018-06-27
[2019-03-21 23:57:26,413] {bash_operator.py:123} INFO - Parameter I passed in
[2019-03-21 23:57:26,413] {bash_operator.py:123} INFO - 2018-06-20
[2019-03-21 23:57:26,413] {bash_operator.py:123} INFO - 2018-06-27
[2019-03-21 23:57:26,414] {bash_operator.py:123} INFO - Parameter I passed in
[2019-03-21 23:57:26,414] {bash_operator.py:123} INFO - 2018-06-20
[2019-03-21 23:57:26,414] {bash_operator.py:123} INFO - 2018-06-27
[2019-03-21 23:57:26,414] {bash_operator.py:123} INFO - Parameter I passed in
[2019-03-21 23:57:26,414] {bash_operator.py:127} INFO - Command exited with return code 0
[2019-03-21 23:57:30,313] {logging_mixin.py:95} INFO - [2019-03-21 23:57:30,312] {jobs.py:2527} INFO - Task exited with return code 0
