[2019-03-19 15:29:57,201] {models.py:1359} INFO - Dependencies all met for <TaskInstance: tutorial.print_date 2017-03-25T00:00:00+00:00 [queued]>
[2019-03-19 15:29:57,203] {models.py:1359} INFO - Dependencies all met for <TaskInstance: tutorial.print_date 2017-03-25T00:00:00+00:00 [queued]>
[2019-03-19 15:29:57,203] {models.py:1571} INFO - 
--------------------------------------------------------------------------------
Starting attempt 1 of 2
--------------------------------------------------------------------------------

[2019-03-19 15:29:57,218] {models.py:1593} INFO - Executing <Task(BashOperator): print_date> on 2017-03-25T00:00:00+00:00
[2019-03-19 15:29:57,218] {base_task_runner.py:118} INFO - Running: ['bash', '-c', 'airflow run tutorial print_date 2017-03-25T00:00:00+00:00 --job_id 1332 --raw -sd DAGS_FOLDER/tutorial.py --cfg_path /tmp/tmpuje6m7ce']
[2019-03-19 15:29:57,850] {base_task_runner.py:101} INFO - Job 1332: Subtask print_date [2019-03-19 15:29:57,850] {__init__.py:51} INFO - Using executor SequentialExecutor
[2019-03-19 15:29:58,116] {base_task_runner.py:101} INFO - Job 1332: Subtask print_date [2019-03-19 15:29:58,115] {models.py:273} INFO - Filling up the DagBag from /home/rsandroni/airflow/dags/tutorial.py
[2019-03-19 15:29:58,133] {base_task_runner.py:101} INFO - Job 1332: Subtask print_date [2019-03-19 15:29:58,133] {cli.py:520} INFO - Running <TaskInstance: tutorial.print_date 2017-03-25T00:00:00+00:00 [running]> on host IADAIRP1.globalrs.rack.space
[2019-03-19 15:29:58,146] {bash_operator.py:77} INFO - Tmp dir root location: 
 /tmp
[2019-03-19 15:29:58,146] {bash_operator.py:86} INFO - Exporting the following env vars:
AIRFLOW_CTX_DAG_ID=tutorial
AIRFLOW_CTX_TASK_ID=print_date
AIRFLOW_CTX_EXECUTION_DATE=2017-03-25T00:00:00+00:00
AIRFLOW_CTX_DAG_RUN_ID=scheduled__2017-03-25T00:00:00+00:00
[2019-03-19 15:29:58,146] {bash_operator.py:100} INFO - Temporary script location: /tmp/airflowtmp7ov9s2ak/print_date48uq2rd4
[2019-03-19 15:29:58,146] {bash_operator.py:110} INFO - Running command: date
[2019-03-19 15:29:58,152] {bash_operator.py:119} INFO - Output:
[2019-03-19 15:29:58,154] {bash_operator.py:123} INFO - Ter Mar 19 15:29:58 -03 2019
[2019-03-19 15:29:58,154] {bash_operator.py:127} INFO - Command exited with return code 0
[2019-03-19 15:30:02,207] {logging_mixin.py:95} INFO - [2019-03-19 15:30:02,207] {jobs.py:2527} INFO - Task exited with return code 0
