[2019-03-19 15:47:57,457] {models.py:1359} INFO - Dependencies all met for <TaskInstance: tutorial.print_date 2017-05-04T00:00:00+00:00 [queued]>
[2019-03-19 15:47:57,461] {models.py:1359} INFO - Dependencies all met for <TaskInstance: tutorial.print_date 2017-05-04T00:00:00+00:00 [queued]>
[2019-03-19 15:47:57,461] {models.py:1571} INFO - 
--------------------------------------------------------------------------------
Starting attempt 1 of 2
--------------------------------------------------------------------------------

[2019-03-19 15:47:57,496] {models.py:1593} INFO - Executing <Task(BashOperator): print_date> on 2017-05-04T00:00:00+00:00
[2019-03-19 15:47:57,496] {base_task_runner.py:118} INFO - Running: ['bash', '-c', 'airflow run tutorial print_date 2017-05-04T00:00:00+00:00 --job_id 1411 --raw -sd DAGS_FOLDER/tutorial.py --cfg_path /tmp/tmpkkqaei_m']
[2019-03-19 15:47:58,126] {base_task_runner.py:101} INFO - Job 1411: Subtask print_date [2019-03-19 15:47:58,125] {__init__.py:51} INFO - Using executor SequentialExecutor
[2019-03-19 15:47:58,428] {base_task_runner.py:101} INFO - Job 1411: Subtask print_date [2019-03-19 15:47:58,423] {models.py:273} INFO - Filling up the DagBag from /home/rsandroni/airflow/dags/tutorial.py
[2019-03-19 15:47:58,439] {base_task_runner.py:101} INFO - Job 1411: Subtask print_date [2019-03-19 15:47:58,439] {cli.py:520} INFO - Running <TaskInstance: tutorial.print_date 2017-05-04T00:00:00+00:00 [running]> on host IADAIRP1.globalrs.rack.space
[2019-03-19 15:47:58,453] {bash_operator.py:77} INFO - Tmp dir root location: 
 /tmp
[2019-03-19 15:47:58,453] {bash_operator.py:86} INFO - Exporting the following env vars:
AIRFLOW_CTX_DAG_ID=tutorial
AIRFLOW_CTX_TASK_ID=print_date
AIRFLOW_CTX_EXECUTION_DATE=2017-05-04T00:00:00+00:00
AIRFLOW_CTX_DAG_RUN_ID=scheduled__2017-05-04T00:00:00+00:00
[2019-03-19 15:47:58,453] {bash_operator.py:100} INFO - Temporary script location: /tmp/airflowtmp5ex3xvhk/print_datewmapjxwd
[2019-03-19 15:47:58,453] {bash_operator.py:110} INFO - Running command: date
[2019-03-19 15:47:58,458] {bash_operator.py:119} INFO - Output:
[2019-03-19 15:47:58,461] {bash_operator.py:123} INFO - Ter Mar 19 15:47:58 -03 2019
[2019-03-19 15:47:58,461] {bash_operator.py:127} INFO - Command exited with return code 0
[2019-03-19 15:48:02,462] {logging_mixin.py:95} INFO - [2019-03-19 15:48:02,461] {jobs.py:2527} INFO - Task exited with return code 0
