[2019-03-22 00:51:12,423] {models.py:1359} INFO - Dependencies all met for <TaskInstance: tutorial.print_date 2018-08-01T00:00:00+00:00 [queued]>
[2019-03-22 00:51:12,427] {models.py:1359} INFO - Dependencies all met for <TaskInstance: tutorial.print_date 2018-08-01T00:00:00+00:00 [queued]>
[2019-03-22 00:51:12,427] {models.py:1571} INFO - 
--------------------------------------------------------------------------------
Starting attempt 1 of 2
--------------------------------------------------------------------------------

[2019-03-22 00:51:12,442] {models.py:1593} INFO - Executing <Task(BashOperator): print_date> on 2018-08-01T00:00:00+00:00
[2019-03-22 00:51:12,442] {base_task_runner.py:118} INFO - Running: ['bash', '-c', 'airflow run tutorial print_date 2018-08-01T00:00:00+00:00 --job_id 2388 --raw -sd DAGS_FOLDER/tutorial.py --cfg_path /tmp/tmp1_1l4e0f']
[2019-03-22 00:51:13,166] {base_task_runner.py:101} INFO - Job 2388: Subtask print_date [2019-03-22 00:51:13,165] {__init__.py:51} INFO - Using executor SequentialExecutor
[2019-03-22 00:51:13,535] {base_task_runner.py:101} INFO - Job 2388: Subtask print_date [2019-03-22 00:51:13,534] {models.py:273} INFO - Filling up the DagBag from /home/rsandroni/airflow/dags/tutorial.py
[2019-03-22 00:51:13,557] {base_task_runner.py:101} INFO - Job 2388: Subtask print_date [2019-03-22 00:51:13,556] {cli.py:520} INFO - Running <TaskInstance: tutorial.print_date 2018-08-01T00:00:00+00:00 [running]> on host IADAIRP1.globalrs.rack.space
[2019-03-22 00:51:13,578] {bash_operator.py:77} INFO - Tmp dir root location: 
 /tmp
[2019-03-22 00:51:13,578] {bash_operator.py:86} INFO - Exporting the following env vars:
AIRFLOW_CTX_DAG_ID=tutorial
AIRFLOW_CTX_TASK_ID=print_date
AIRFLOW_CTX_EXECUTION_DATE=2018-08-01T00:00:00+00:00
AIRFLOW_CTX_DAG_RUN_ID=scheduled__2018-08-01T00:00:00+00:00
[2019-03-22 00:51:13,579] {bash_operator.py:100} INFO - Temporary script location: /tmp/airflowtmp707zei5e/print_date6naa2y9c
[2019-03-22 00:51:13,579] {bash_operator.py:110} INFO - Running command: date
[2019-03-22 00:51:13,588] {bash_operator.py:119} INFO - Output:
[2019-03-22 00:51:13,589] {bash_operator.py:123} INFO - Sex Mar 22 00:51:13 -03 2019
[2019-03-22 00:51:13,589] {bash_operator.py:127} INFO - Command exited with return code 0
[2019-03-22 00:51:17,420] {logging_mixin.py:95} INFO - [2019-03-22 00:51:17,419] {jobs.py:2527} INFO - Task exited with return code 0
