[2019-03-22 04:22:41,533] {models.py:1359} INFO - Dependencies all met for <TaskInstance: tutorial.print_date 2019-01-08T00:00:00+00:00 [queued]>
[2019-03-22 04:22:41,536] {models.py:1359} INFO - Dependencies all met for <TaskInstance: tutorial.print_date 2019-01-08T00:00:00+00:00 [queued]>
[2019-03-22 04:22:41,536] {models.py:1571} INFO - 
--------------------------------------------------------------------------------
Starting attempt 1 of 2
--------------------------------------------------------------------------------

[2019-03-22 04:22:41,652] {models.py:1593} INFO - Executing <Task(BashOperator): print_date> on 2019-01-08T00:00:00+00:00
[2019-03-22 04:22:41,652] {base_task_runner.py:118} INFO - Running: ['bash', '-c', 'airflow run tutorial print_date 2019-01-08T00:00:00+00:00 --job_id 2708 --raw -sd DAGS_FOLDER/tutorial.py --cfg_path /tmp/tmp6qo_8rlj']
[2019-03-22 04:22:42,823] {base_task_runner.py:101} INFO - Job 2708: Subtask print_date [2019-03-22 04:22:42,791] {__init__.py:51} INFO - Using executor SequentialExecutor
[2019-03-22 04:22:43,468] {base_task_runner.py:101} INFO - Job 2708: Subtask print_date [2019-03-22 04:22:43,462] {models.py:273} INFO - Filling up the DagBag from /home/rsandroni/airflow/dags/tutorial.py
[2019-03-22 04:22:43,503] {base_task_runner.py:101} INFO - Job 2708: Subtask print_date [2019-03-22 04:22:43,502] {cli.py:520} INFO - Running <TaskInstance: tutorial.print_date 2019-01-08T00:00:00+00:00 [running]> on host IADAIRP1.globalrs.rack.space
[2019-03-22 04:22:43,548] {bash_operator.py:77} INFO - Tmp dir root location: 
 /tmp
[2019-03-22 04:22:43,548] {bash_operator.py:86} INFO - Exporting the following env vars:
AIRFLOW_CTX_DAG_ID=tutorial
AIRFLOW_CTX_TASK_ID=print_date
AIRFLOW_CTX_EXECUTION_DATE=2019-01-08T00:00:00+00:00
AIRFLOW_CTX_DAG_RUN_ID=scheduled__2019-01-08T00:00:00+00:00
[2019-03-22 04:22:43,549] {bash_operator.py:100} INFO - Temporary script location: /tmp/airflowtmp13e5smwi/print_date7_2j4avl
[2019-03-22 04:22:43,549] {bash_operator.py:110} INFO - Running command: date
[2019-03-22 04:22:43,598] {bash_operator.py:119} INFO - Output:
[2019-03-22 04:22:43,614] {bash_operator.py:123} INFO - Sex Mar 22 04:22:43 -03 2019
[2019-03-22 04:22:43,614] {bash_operator.py:127} INFO - Command exited with return code 0
[2019-03-22 04:22:46,477] {logging_mixin.py:95} INFO - [2019-03-22 04:22:46,476] {jobs.py:2527} INFO - Task exited with return code 0
