[2019-03-19 11:08:32,438] {models.py:1359} INFO - Dependencies all met for <TaskInstance: tutorial.templated 2015-09-10T00:00:00+00:00 [queued]>
[2019-03-19 11:08:32,442] {models.py:1359} INFO - Dependencies all met for <TaskInstance: tutorial.templated 2015-09-10T00:00:00+00:00 [queued]>
[2019-03-19 11:08:32,442] {models.py:1571} INFO - 
--------------------------------------------------------------------------------
Starting attempt 1 of 2
--------------------------------------------------------------------------------

[2019-03-19 11:08:32,463] {models.py:1593} INFO - Executing <Task(BashOperator): templated> on 2015-09-10T00:00:00+00:00
[2019-03-19 11:08:32,463] {base_task_runner.py:118} INFO - Running: ['bash', '-c', 'airflow run tutorial templated 2015-09-10T00:00:00+00:00 --job_id 210 --raw -sd DAGS_FOLDER/example_dags/tutorial.py --cfg_path /tmp/tmp70lqhiu7']
[2019-03-19 11:08:33,063] {base_task_runner.py:101} INFO - Job 210: Subtask templated [2019-03-19 11:08:33,062] {__init__.py:51} INFO - Using executor SequentialExecutor
[2019-03-19 11:08:33,278] {base_task_runner.py:101} INFO - Job 210: Subtask templated [2019-03-19 11:08:33,278] {models.py:273} INFO - Filling up the DagBag from /home/rsandroni/airflow/dags/example_dags/tutorial.py
[2019-03-19 11:08:33,320] {base_task_runner.py:101} INFO - Job 210: Subtask templated [2019-03-19 11:08:33,320] {cli.py:520} INFO - Running <TaskInstance: tutorial.templated 2015-09-10T00:00:00+00:00 [running]> on host IADAIRP1.globalrs.rack.space
[2019-03-19 11:08:33,336] {bash_operator.py:77} INFO - Tmp dir root location: 
 /tmp
[2019-03-19 11:08:33,336] {bash_operator.py:86} INFO - Exporting the following env vars:
AIRFLOW_CTX_DAG_ID=tutorial
AIRFLOW_CTX_TASK_ID=templated
AIRFLOW_CTX_EXECUTION_DATE=2015-09-10T00:00:00+00:00
AIRFLOW_CTX_DAG_RUN_ID=scheduled__2015-09-10T00:00:00+00:00
[2019-03-19 11:08:33,336] {bash_operator.py:100} INFO - Temporary script location: /tmp/airflowtmpgcgcke8k/templatedqk150aoc
[2019-03-19 11:08:33,336] {bash_operator.py:110} INFO - Running command: 

    echo "2015-09-10"
    echo "2015-09-17"
    echo "Parameter I passed in"

    echo "2015-09-10"
    echo "2015-09-17"
    echo "Parameter I passed in"

    echo "2015-09-10"
    echo "2015-09-17"
    echo "Parameter I passed in"

    echo "2015-09-10"
    echo "2015-09-17"
    echo "Parameter I passed in"

    echo "2015-09-10"
    echo "2015-09-17"
    echo "Parameter I passed in"

[2019-03-19 11:08:33,341] {bash_operator.py:119} INFO - Output:
[2019-03-19 11:08:33,343] {bash_operator.py:123} INFO - 2015-09-10
[2019-03-19 11:08:33,343] {bash_operator.py:123} INFO - 2015-09-17
[2019-03-19 11:08:33,343] {bash_operator.py:123} INFO - Parameter I passed in
[2019-03-19 11:08:33,343] {bash_operator.py:123} INFO - 2015-09-10
[2019-03-19 11:08:33,343] {bash_operator.py:123} INFO - 2015-09-17
[2019-03-19 11:08:33,343] {bash_operator.py:123} INFO - Parameter I passed in
[2019-03-19 11:08:33,343] {bash_operator.py:123} INFO - 2015-09-10
[2019-03-19 11:08:33,343] {bash_operator.py:123} INFO - 2015-09-17
[2019-03-19 11:08:33,343] {bash_operator.py:123} INFO - Parameter I passed in
[2019-03-19 11:08:33,343] {bash_operator.py:123} INFO - 2015-09-10
[2019-03-19 11:08:33,343] {bash_operator.py:123} INFO - 2015-09-17
[2019-03-19 11:08:33,343] {bash_operator.py:123} INFO - Parameter I passed in
[2019-03-19 11:08:33,343] {bash_operator.py:123} INFO - 2015-09-10
[2019-03-19 11:08:33,343] {bash_operator.py:123} INFO - 2015-09-17
[2019-03-19 11:08:33,343] {bash_operator.py:123} INFO - Parameter I passed in
[2019-03-19 11:08:33,343] {bash_operator.py:127} INFO - Command exited with return code 0
[2019-03-19 11:08:37,439] {logging_mixin.py:95} INFO - [2019-03-19 11:08:37,438] {jobs.py:2527} INFO - Task exited with return code 0
