[2019-03-19 10:49:12,466] {models.py:1359} INFO - Dependencies all met for <TaskInstance: tutorial.templated 2015-08-05T00:00:00+00:00 [queued]>
[2019-03-19 10:49:12,470] {models.py:1359} INFO - Dependencies all met for <TaskInstance: tutorial.templated 2015-08-05T00:00:00+00:00 [queued]>
[2019-03-19 10:49:12,470] {models.py:1571} INFO - 
--------------------------------------------------------------------------------
Starting attempt 1 of 2
--------------------------------------------------------------------------------

[2019-03-19 10:49:12,487] {models.py:1593} INFO - Executing <Task(BashOperator): templated> on 2015-08-05T00:00:00+00:00
[2019-03-19 10:49:12,488] {base_task_runner.py:118} INFO - Running: ['bash', '-c', 'airflow run tutorial templated 2015-08-05T00:00:00+00:00 --job_id 138 --raw -sd DAGS_FOLDER/example_dags/tutorial.py --cfg_path /tmp/tmp_d8p08uv']
[2019-03-19 10:49:13,087] {base_task_runner.py:101} INFO - Job 138: Subtask templated [2019-03-19 10:49:13,087] {__init__.py:51} INFO - Using executor SequentialExecutor
[2019-03-19 10:49:13,341] {base_task_runner.py:101} INFO - Job 138: Subtask templated [2019-03-19 10:49:13,341] {models.py:273} INFO - Filling up the DagBag from /home/rsandroni/airflow/dags/example_dags/tutorial.py
[2019-03-19 10:49:13,383] {base_task_runner.py:101} INFO - Job 138: Subtask templated [2019-03-19 10:49:13,383] {cli.py:520} INFO - Running <TaskInstance: tutorial.templated 2015-08-05T00:00:00+00:00 [running]> on host IADAIRP1.globalrs.rack.space
[2019-03-19 10:49:13,398] {bash_operator.py:77} INFO - Tmp dir root location: 
 /tmp
[2019-03-19 10:49:13,399] {bash_operator.py:86} INFO - Exporting the following env vars:
AIRFLOW_CTX_DAG_ID=tutorial
AIRFLOW_CTX_TASK_ID=templated
AIRFLOW_CTX_EXECUTION_DATE=2015-08-05T00:00:00+00:00
AIRFLOW_CTX_DAG_RUN_ID=scheduled__2015-08-05T00:00:00+00:00
[2019-03-19 10:49:13,399] {bash_operator.py:100} INFO - Temporary script location: /tmp/airflowtmpdm6mulim/templatedjq5mwcsf
[2019-03-19 10:49:13,399] {bash_operator.py:110} INFO - Running command: 

    echo "2015-08-05"
    echo "2015-08-12"
    echo "Parameter I passed in"

    echo "2015-08-05"
    echo "2015-08-12"
    echo "Parameter I passed in"

    echo "2015-08-05"
    echo "2015-08-12"
    echo "Parameter I passed in"

    echo "2015-08-05"
    echo "2015-08-12"
    echo "Parameter I passed in"

    echo "2015-08-05"
    echo "2015-08-12"
    echo "Parameter I passed in"

[2019-03-19 10:49:13,404] {bash_operator.py:119} INFO - Output:
[2019-03-19 10:49:13,405] {bash_operator.py:123} INFO - 2015-08-05
[2019-03-19 10:49:13,405] {bash_operator.py:123} INFO - 2015-08-12
[2019-03-19 10:49:13,405] {bash_operator.py:123} INFO - Parameter I passed in
[2019-03-19 10:49:13,405] {bash_operator.py:123} INFO - 2015-08-05
[2019-03-19 10:49:13,405] {bash_operator.py:123} INFO - 2015-08-12
[2019-03-19 10:49:13,406] {bash_operator.py:123} INFO - Parameter I passed in
[2019-03-19 10:49:13,406] {bash_operator.py:123} INFO - 2015-08-05
[2019-03-19 10:49:13,406] {bash_operator.py:123} INFO - 2015-08-12
[2019-03-19 10:49:13,406] {bash_operator.py:123} INFO - Parameter I passed in
[2019-03-19 10:49:13,406] {bash_operator.py:123} INFO - 2015-08-05
[2019-03-19 10:49:13,406] {bash_operator.py:123} INFO - 2015-08-12
[2019-03-19 10:49:13,406] {bash_operator.py:123} INFO - Parameter I passed in
[2019-03-19 10:49:13,406] {bash_operator.py:123} INFO - 2015-08-05
[2019-03-19 10:49:13,406] {bash_operator.py:123} INFO - 2015-08-12
[2019-03-19 10:49:13,406] {bash_operator.py:123} INFO - Parameter I passed in
[2019-03-19 10:49:13,406] {bash_operator.py:127} INFO - Command exited with return code 0
[2019-03-19 10:49:17,468] {logging_mixin.py:95} INFO - [2019-03-19 10:49:17,468] {jobs.py:2527} INFO - Task exited with return code 0
