[2019-03-19 15:47:51,428] {models.py:1359} INFO - Dependencies all met for <TaskInstance: tutorial.print_date 2017-05-03T00:00:00+00:00 [queued]>
[2019-03-19 15:47:51,432] {models.py:1359} INFO - Dependencies all met for <TaskInstance: tutorial.print_date 2017-05-03T00:00:00+00:00 [queued]>
[2019-03-19 15:47:51,432] {models.py:1571} INFO - 
--------------------------------------------------------------------------------
Starting attempt 1 of 2
--------------------------------------------------------------------------------

[2019-03-19 15:47:51,467] {models.py:1593} INFO - Executing <Task(BashOperator): print_date> on 2017-05-03T00:00:00+00:00
[2019-03-19 15:47:51,467] {base_task_runner.py:118} INFO - Running: ['bash', '-c', 'airflow run tutorial print_date 2017-05-03T00:00:00+00:00 --job_id 1410 --raw -sd DAGS_FOLDER/tutorial.py --cfg_path /tmp/tmp2qil6s8i']
[2019-03-19 15:47:52,104] {base_task_runner.py:101} INFO - Job 1410: Subtask print_date [2019-03-19 15:47:52,104] {__init__.py:51} INFO - Using executor SequentialExecutor
[2019-03-19 15:47:52,370] {base_task_runner.py:101} INFO - Job 1410: Subtask print_date [2019-03-19 15:47:52,369] {models.py:273} INFO - Filling up the DagBag from /home/rsandroni/airflow/dags/tutorial.py
[2019-03-19 15:47:52,387] {base_task_runner.py:101} INFO - Job 1410: Subtask print_date [2019-03-19 15:47:52,384] {cli.py:520} INFO - Running <TaskInstance: tutorial.print_date 2017-05-03T00:00:00+00:00 [running]> on host IADAIRP1.globalrs.rack.space
[2019-03-19 15:47:52,397] {bash_operator.py:77} INFO - Tmp dir root location: 
 /tmp
[2019-03-19 15:47:52,398] {bash_operator.py:86} INFO - Exporting the following env vars:
AIRFLOW_CTX_DAG_ID=tutorial
AIRFLOW_CTX_TASK_ID=print_date
AIRFLOW_CTX_EXECUTION_DATE=2017-05-03T00:00:00+00:00
AIRFLOW_CTX_DAG_RUN_ID=scheduled__2017-05-03T00:00:00+00:00
[2019-03-19 15:47:52,398] {bash_operator.py:100} INFO - Temporary script location: /tmp/airflowtmp_wz6_x3e/print_datemu4xc2pw
[2019-03-19 15:47:52,398] {bash_operator.py:110} INFO - Running command: date
[2019-03-19 15:47:52,403] {bash_operator.py:119} INFO - Output:
[2019-03-19 15:47:52,405] {bash_operator.py:123} INFO - Ter Mar 19 15:47:52 -03 2019
[2019-03-19 15:47:52,405] {bash_operator.py:127} INFO - Command exited with return code 0
[2019-03-19 15:47:56,417] {logging_mixin.py:95} INFO - [2019-03-19 15:47:56,416] {jobs.py:2527} INFO - Task exited with return code 0
