[2019-03-19 15:06:43,854] {models.py:1359} INFO - Dependencies all met for <TaskInstance: tutorial.print_date 2017-02-02T00:00:00+00:00 [queued]>
[2019-03-19 15:06:43,856] {models.py:1359} INFO - Dependencies all met for <TaskInstance: tutorial.print_date 2017-02-02T00:00:00+00:00 [queued]>
[2019-03-19 15:06:43,857] {models.py:1571} INFO - 
--------------------------------------------------------------------------------
Starting attempt 1 of 2
--------------------------------------------------------------------------------

[2019-03-19 15:06:43,912] {models.py:1593} INFO - Executing <Task(BashOperator): print_date> on 2017-02-02T00:00:00+00:00
[2019-03-19 15:06:43,912] {base_task_runner.py:118} INFO - Running: ['bash', '-c', 'airflow run tutorial print_date 2017-02-02T00:00:00+00:00 --job_id 1230 --raw -sd DAGS_FOLDER/tutorial.py --cfg_path /tmp/tmpbb0x1qt3']
[2019-03-19 15:06:44,673] {base_task_runner.py:101} INFO - Job 1230: Subtask print_date [2019-03-19 15:06:44,673] {__init__.py:51} INFO - Using executor SequentialExecutor
[2019-03-19 15:06:44,981] {base_task_runner.py:101} INFO - Job 1230: Subtask print_date [2019-03-19 15:06:44,973] {models.py:273} INFO - Filling up the DagBag from /home/rsandroni/airflow/dags/tutorial.py
[2019-03-19 15:06:44,996] {base_task_runner.py:101} INFO - Job 1230: Subtask print_date [2019-03-19 15:06:44,995] {cli.py:520} INFO - Running <TaskInstance: tutorial.print_date 2017-02-02T00:00:00+00:00 [running]> on host IADAIRP1.globalrs.rack.space
[2019-03-19 15:06:45,029] {bash_operator.py:77} INFO - Tmp dir root location: 
 /tmp
[2019-03-19 15:06:45,029] {bash_operator.py:86} INFO - Exporting the following env vars:
AIRFLOW_CTX_DAG_ID=tutorial
AIRFLOW_CTX_TASK_ID=print_date
AIRFLOW_CTX_EXECUTION_DATE=2017-02-02T00:00:00+00:00
AIRFLOW_CTX_DAG_RUN_ID=scheduled__2017-02-02T00:00:00+00:00
[2019-03-19 15:06:45,030] {bash_operator.py:100} INFO - Temporary script location: /tmp/airflowtmp4huci59c/print_date1tq7mkjo
[2019-03-19 15:06:45,030] {bash_operator.py:110} INFO - Running command: date
[2019-03-19 15:06:45,059] {bash_operator.py:119} INFO - Output:
[2019-03-19 15:06:45,102] {bash_operator.py:123} INFO - Ter Mar 19 15:06:45 -03 2019
[2019-03-19 15:06:45,103] {bash_operator.py:127} INFO - Command exited with return code 0
[2019-03-19 15:06:48,825] {logging_mixin.py:95} INFO - [2019-03-19 15:06:48,824] {jobs.py:2527} INFO - Task exited with return code 0
