[2019-03-22 05:45:16,773] {models.py:1359} INFO - Dependencies all met for <TaskInstance: tutorial.print_date 2019-03-12T00:00:00+00:00 [queued]>
[2019-03-22 05:45:16,777] {models.py:1359} INFO - Dependencies all met for <TaskInstance: tutorial.print_date 2019-03-12T00:00:00+00:00 [queued]>
[2019-03-22 05:45:16,777] {models.py:1571} INFO - 
--------------------------------------------------------------------------------
Starting attempt 1 of 2
--------------------------------------------------------------------------------

[2019-03-22 05:45:16,831] {models.py:1593} INFO - Executing <Task(BashOperator): print_date> on 2019-03-12T00:00:00+00:00
[2019-03-22 05:45:16,831] {base_task_runner.py:118} INFO - Running: ['bash', '-c', 'airflow run tutorial print_date 2019-03-12T00:00:00+00:00 --job_id 2833 --raw -sd DAGS_FOLDER/tutorial.py --cfg_path /tmp/tmp_lid5gs3']
[2019-03-22 05:45:17,675] {base_task_runner.py:101} INFO - Job 2833: Subtask print_date [2019-03-22 05:45:17,674] {__init__.py:51} INFO - Using executor SequentialExecutor
[2019-03-22 05:45:17,958] {base_task_runner.py:101} INFO - Job 2833: Subtask print_date [2019-03-22 05:45:17,957] {models.py:273} INFO - Filling up the DagBag from /home/rsandroni/airflow/dags/tutorial.py
[2019-03-22 05:45:17,973] {base_task_runner.py:101} INFO - Job 2833: Subtask print_date [2019-03-22 05:45:17,973] {cli.py:520} INFO - Running <TaskInstance: tutorial.print_date 2019-03-12T00:00:00+00:00 [running]> on host IADAIRP1.globalrs.rack.space
[2019-03-22 05:45:17,989] {bash_operator.py:77} INFO - Tmp dir root location: 
 /tmp
[2019-03-22 05:45:17,990] {bash_operator.py:86} INFO - Exporting the following env vars:
AIRFLOW_CTX_DAG_ID=tutorial
AIRFLOW_CTX_TASK_ID=print_date
AIRFLOW_CTX_EXECUTION_DATE=2019-03-12T00:00:00+00:00
AIRFLOW_CTX_DAG_RUN_ID=scheduled__2019-03-12T00:00:00+00:00
[2019-03-22 05:45:17,990] {bash_operator.py:100} INFO - Temporary script location: /tmp/airflowtmpffz4dwzy/print_datekcupk057
[2019-03-22 05:45:17,990] {bash_operator.py:110} INFO - Running command: date
[2019-03-22 05:45:17,995] {bash_operator.py:119} INFO - Output:
[2019-03-22 05:45:17,997] {bash_operator.py:123} INFO - Sex Mar 22 05:45:17 -03 2019
[2019-03-22 05:45:17,998] {bash_operator.py:127} INFO - Command exited with return code 0
[2019-03-22 05:45:21,746] {logging_mixin.py:95} INFO - [2019-03-22 05:45:21,745] {jobs.py:2527} INFO - Task exited with return code 0
