[2019-03-22 05:39:46,333] {models.py:1359} INFO - Dependencies all met for <TaskInstance: tutorial.print_date 2019-03-07T00:00:00+00:00 [queued]>
[2019-03-22 05:39:46,337] {models.py:1359} INFO - Dependencies all met for <TaskInstance: tutorial.print_date 2019-03-07T00:00:00+00:00 [queued]>
[2019-03-22 05:39:46,337] {models.py:1571} INFO - 
--------------------------------------------------------------------------------
Starting attempt 1 of 2
--------------------------------------------------------------------------------

[2019-03-22 05:39:46,395] {models.py:1593} INFO - Executing <Task(BashOperator): print_date> on 2019-03-07T00:00:00+00:00
[2019-03-22 05:39:46,395] {base_task_runner.py:118} INFO - Running: ['bash', '-c', 'airflow run tutorial print_date 2019-03-07T00:00:00+00:00 --job_id 2824 --raw -sd DAGS_FOLDER/tutorial.py --cfg_path /tmp/tmp2qofb8ux']
[2019-03-22 05:39:47,437] {base_task_runner.py:101} INFO - Job 2824: Subtask print_date [2019-03-22 05:39:47,435] {__init__.py:51} INFO - Using executor SequentialExecutor
[2019-03-22 05:39:47,880] {base_task_runner.py:101} INFO - Job 2824: Subtask print_date [2019-03-22 05:39:47,874] {models.py:273} INFO - Filling up the DagBag from /home/rsandroni/airflow/dags/tutorial.py
[2019-03-22 05:39:47,908] {base_task_runner.py:101} INFO - Job 2824: Subtask print_date [2019-03-22 05:39:47,905] {cli.py:520} INFO - Running <TaskInstance: tutorial.print_date 2019-03-07T00:00:00+00:00 [running]> on host IADAIRP1.globalrs.rack.space
[2019-03-22 05:39:47,948] {bash_operator.py:77} INFO - Tmp dir root location: 
 /tmp
[2019-03-22 05:39:47,948] {bash_operator.py:86} INFO - Exporting the following env vars:
AIRFLOW_CTX_DAG_ID=tutorial
AIRFLOW_CTX_TASK_ID=print_date
AIRFLOW_CTX_EXECUTION_DATE=2019-03-07T00:00:00+00:00
AIRFLOW_CTX_DAG_RUN_ID=scheduled__2019-03-07T00:00:00+00:00
[2019-03-22 05:39:47,949] {bash_operator.py:100} INFO - Temporary script location: /tmp/airflowtmp8csferuo/print_datey66vj86v
[2019-03-22 05:39:47,949] {bash_operator.py:110} INFO - Running command: date
[2019-03-22 05:39:47,964] {bash_operator.py:119} INFO - Output:
[2019-03-22 05:39:47,968] {bash_operator.py:123} INFO - Sex Mar 22 05:39:47 -03 2019
[2019-03-22 05:39:47,968] {bash_operator.py:127} INFO - Command exited with return code 0
[2019-03-22 05:39:51,356] {logging_mixin.py:95} INFO - [2019-03-22 05:39:51,355] {jobs.py:2527} INFO - Task exited with return code 0
