[2019-03-22 00:16:48,288] {models.py:1359} INFO - Dependencies all met for <TaskInstance: tutorial.print_date 2018-07-07T00:00:00+00:00 [queued]>
[2019-03-22 00:16:48,291] {models.py:1359} INFO - Dependencies all met for <TaskInstance: tutorial.print_date 2018-07-07T00:00:00+00:00 [queued]>
[2019-03-22 00:16:48,292] {models.py:1571} INFO - 
--------------------------------------------------------------------------------
Starting attempt 1 of 2
--------------------------------------------------------------------------------

[2019-03-22 00:16:48,360] {models.py:1593} INFO - Executing <Task(BashOperator): print_date> on 2018-07-07T00:00:00+00:00
[2019-03-22 00:16:48,360] {base_task_runner.py:118} INFO - Running: ['bash', '-c', 'airflow run tutorial print_date 2018-07-07T00:00:00+00:00 --job_id 2337 --raw -sd DAGS_FOLDER/tutorial.py --cfg_path /tmp/tmpqj7enp3_']
[2019-03-22 00:16:49,540] {base_task_runner.py:101} INFO - Job 2337: Subtask print_date [2019-03-22 00:16:49,540] {__init__.py:51} INFO - Using executor SequentialExecutor
[2019-03-22 00:16:49,851] {base_task_runner.py:101} INFO - Job 2337: Subtask print_date [2019-03-22 00:16:49,850] {models.py:273} INFO - Filling up the DagBag from /home/rsandroni/airflow/dags/tutorial.py
[2019-03-22 00:16:49,869] {base_task_runner.py:101} INFO - Job 2337: Subtask print_date [2019-03-22 00:16:49,868] {cli.py:520} INFO - Running <TaskInstance: tutorial.print_date 2018-07-07T00:00:00+00:00 [running]> on host IADAIRP1.globalrs.rack.space
[2019-03-22 00:16:49,888] {bash_operator.py:77} INFO - Tmp dir root location: 
 /tmp
[2019-03-22 00:16:49,888] {bash_operator.py:86} INFO - Exporting the following env vars:
AIRFLOW_CTX_DAG_ID=tutorial
AIRFLOW_CTX_TASK_ID=print_date
AIRFLOW_CTX_EXECUTION_DATE=2018-07-07T00:00:00+00:00
AIRFLOW_CTX_DAG_RUN_ID=scheduled__2018-07-07T00:00:00+00:00
[2019-03-22 00:16:49,888] {bash_operator.py:100} INFO - Temporary script location: /tmp/airflowtmpjkvoqvvy/print_date8dy7u8pm
[2019-03-22 00:16:49,889] {bash_operator.py:110} INFO - Running command: date
[2019-03-22 00:16:49,898] {bash_operator.py:119} INFO - Output:
[2019-03-22 00:16:49,899] {bash_operator.py:123} INFO - Sex Mar 22 00:16:49 -03 2019
[2019-03-22 00:16:49,899] {bash_operator.py:127} INFO - Command exited with return code 0
[2019-03-22 00:16:53,285] {logging_mixin.py:95} INFO - [2019-03-22 00:16:53,285] {jobs.py:2527} INFO - Task exited with return code 0
