[2019-03-22 03:37:13,340] {models.py:1359} INFO - Dependencies all met for <TaskInstance: tutorial.templated 2018-12-03T00:00:00+00:00 [queued]>
[2019-03-22 03:37:13,345] {models.py:1359} INFO - Dependencies all met for <TaskInstance: tutorial.templated 2018-12-03T00:00:00+00:00 [queued]>
[2019-03-22 03:37:13,346] {models.py:1571} INFO - 
--------------------------------------------------------------------------------
Starting attempt 1 of 2
--------------------------------------------------------------------------------

[2019-03-22 03:37:13,365] {models.py:1593} INFO - Executing <Task(BashOperator): templated> on 2018-12-03T00:00:00+00:00
[2019-03-22 03:37:13,365] {base_task_runner.py:118} INFO - Running: ['bash', '-c', 'airflow run tutorial templated 2018-12-03T00:00:00+00:00 --job_id 2638 --raw -sd DAGS_FOLDER/example_dags/tutorial.py --cfg_path /tmp/tmpky_pj2j_']
[2019-03-22 03:37:14,016] {base_task_runner.py:101} INFO - Job 2638: Subtask templated [2019-03-22 03:37:14,015] {__init__.py:51} INFO - Using executor SequentialExecutor
[2019-03-22 03:37:14,290] {base_task_runner.py:101} INFO - Job 2638: Subtask templated [2019-03-22 03:37:14,289] {models.py:273} INFO - Filling up the DagBag from /home/rsandroni/airflow/dags/example_dags/tutorial.py
[2019-03-22 03:37:14,355] {base_task_runner.py:101} INFO - Job 2638: Subtask templated [2019-03-22 03:37:14,354] {cli.py:520} INFO - Running <TaskInstance: tutorial.templated 2018-12-03T00:00:00+00:00 [running]> on host IADAIRP1.globalrs.rack.space
[2019-03-22 03:37:14,371] {bash_operator.py:77} INFO - Tmp dir root location: 
 /tmp
[2019-03-22 03:37:14,371] {bash_operator.py:86} INFO - Exporting the following env vars:
AIRFLOW_CTX_DAG_ID=tutorial
AIRFLOW_CTX_TASK_ID=templated
AIRFLOW_CTX_EXECUTION_DATE=2018-12-03T00:00:00+00:00
AIRFLOW_CTX_DAG_RUN_ID=scheduled__2018-12-03T00:00:00+00:00
[2019-03-22 03:37:14,372] {bash_operator.py:100} INFO - Temporary script location: /tmp/airflowtmpol50qles/templatedf7sldnqo
[2019-03-22 03:37:14,372] {bash_operator.py:110} INFO - Running command: 

    echo "2018-12-03"
    echo "2018-12-10"
    echo "Parameter I passed in"

    echo "2018-12-03"
    echo "2018-12-10"
    echo "Parameter I passed in"

    echo "2018-12-03"
    echo "2018-12-10"
    echo "Parameter I passed in"

    echo "2018-12-03"
    echo "2018-12-10"
    echo "Parameter I passed in"

    echo "2018-12-03"
    echo "2018-12-10"
    echo "Parameter I passed in"

[2019-03-22 03:37:14,378] {bash_operator.py:119} INFO - Output:
[2019-03-22 03:37:14,379] {bash_operator.py:123} INFO - 2018-12-03
[2019-03-22 03:37:14,379] {bash_operator.py:123} INFO - 2018-12-10
[2019-03-22 03:37:14,379] {bash_operator.py:123} INFO - Parameter I passed in
[2019-03-22 03:37:14,379] {bash_operator.py:123} INFO - 2018-12-03
[2019-03-22 03:37:14,379] {bash_operator.py:123} INFO - 2018-12-10
[2019-03-22 03:37:14,379] {bash_operator.py:123} INFO - Parameter I passed in
[2019-03-22 03:37:14,379] {bash_operator.py:123} INFO - 2018-12-03
[2019-03-22 03:37:14,379] {bash_operator.py:123} INFO - 2018-12-10
[2019-03-22 03:37:14,379] {bash_operator.py:123} INFO - Parameter I passed in
[2019-03-22 03:37:14,379] {bash_operator.py:123} INFO - 2018-12-03
[2019-03-22 03:37:14,379] {bash_operator.py:123} INFO - 2018-12-10
[2019-03-22 03:37:14,379] {bash_operator.py:123} INFO - Parameter I passed in
[2019-03-22 03:37:14,379] {bash_operator.py:123} INFO - 2018-12-03
[2019-03-22 03:37:14,379] {bash_operator.py:123} INFO - 2018-12-10
[2019-03-22 03:37:14,379] {bash_operator.py:123} INFO - Parameter I passed in
[2019-03-22 03:37:14,379] {bash_operator.py:127} INFO - Command exited with return code 0
[2019-03-22 03:37:18,370] {logging_mixin.py:95} INFO - [2019-03-22 03:37:18,369] {jobs.py:2527} INFO - Task exited with return code 0
