[2019-03-22 03:32:36,986] {models.py:1359} INFO - Dependencies all met for <TaskInstance: tutorial.print_date 2018-12-02T00:00:00+00:00 [queued]>
[2019-03-22 03:32:36,991] {models.py:1359} INFO - Dependencies all met for <TaskInstance: tutorial.print_date 2018-12-02T00:00:00+00:00 [queued]>
[2019-03-22 03:32:36,991] {models.py:1571} INFO - 
--------------------------------------------------------------------------------
Starting attempt 1 of 2
--------------------------------------------------------------------------------

[2019-03-22 03:32:37,064] {models.py:1593} INFO - Executing <Task(BashOperator): print_date> on 2018-12-02T00:00:00+00:00
[2019-03-22 03:32:37,064] {base_task_runner.py:118} INFO - Running: ['bash', '-c', 'airflow run tutorial print_date 2018-12-02T00:00:00+00:00 --job_id 2633 --raw -sd DAGS_FOLDER/tutorial.py --cfg_path /tmp/tmpz44r19fa']
[2019-03-22 03:32:39,469] {base_task_runner.py:101} INFO - Job 2633: Subtask print_date [2019-03-22 03:32:39,461] {__init__.py:51} INFO - Using executor SequentialExecutor
[2019-03-22 03:32:40,074] {base_task_runner.py:101} INFO - Job 2633: Subtask print_date [2019-03-22 03:32:40,067] {models.py:273} INFO - Filling up the DagBag from /home/rsandroni/airflow/dags/tutorial.py
[2019-03-22 03:32:40,084] {base_task_runner.py:101} INFO - Job 2633: Subtask print_date [2019-03-22 03:32:40,084] {cli.py:520} INFO - Running <TaskInstance: tutorial.print_date 2018-12-02T00:00:00+00:00 [running]> on host IADAIRP1.globalrs.rack.space
[2019-03-22 03:32:40,122] {bash_operator.py:77} INFO - Tmp dir root location: 
 /tmp
[2019-03-22 03:32:40,122] {bash_operator.py:86} INFO - Exporting the following env vars:
AIRFLOW_CTX_DAG_ID=tutorial
AIRFLOW_CTX_TASK_ID=print_date
AIRFLOW_CTX_EXECUTION_DATE=2018-12-02T00:00:00+00:00
AIRFLOW_CTX_DAG_RUN_ID=scheduled__2018-12-02T00:00:00+00:00
[2019-03-22 03:32:40,131] {bash_operator.py:100} INFO - Temporary script location: /tmp/airflowtmpnzumycy6/print_date9azigh7m
[2019-03-22 03:32:40,132] {bash_operator.py:110} INFO - Running command: date
[2019-03-22 03:32:40,175] {bash_operator.py:119} INFO - Output:
[2019-03-22 03:32:40,195] {bash_operator.py:123} INFO - Sex Mar 22 03:32:40 -03 2019
[2019-03-22 03:32:40,204] {bash_operator.py:127} INFO - Command exited with return code 0
[2019-03-22 03:32:41,991] {logging_mixin.py:95} INFO - [2019-03-22 03:32:41,990] {jobs.py:2527} INFO - Task exited with return code 0
