[2019-03-19 14:02:47,241] {models.py:1359} INFO - Dependencies all met for <TaskInstance: tutorial.templated 2016-09-21T00:00:00+00:00 [queued]>
[2019-03-19 14:02:47,246] {models.py:1359} INFO - Dependencies all met for <TaskInstance: tutorial.templated 2016-09-21T00:00:00+00:00 [queued]>
[2019-03-19 14:02:47,246] {models.py:1571} INFO - 
--------------------------------------------------------------------------------
Starting attempt 1 of 2
--------------------------------------------------------------------------------

[2019-03-19 14:02:47,360] {models.py:1593} INFO - Executing <Task(BashOperator): templated> on 2016-09-21T00:00:00+00:00
[2019-03-19 14:02:47,360] {base_task_runner.py:118} INFO - Running: ['bash', '-c', 'airflow run tutorial templated 2016-09-21T00:00:00+00:00 --job_id 964 --raw -sd DAGS_FOLDER/sql_server_load.py --cfg_path /tmp/tmp5duumsce']
[2019-03-19 14:02:49,487] {base_task_runner.py:101} INFO - Job 964: Subtask templated [2019-03-19 14:02:49,478] {__init__.py:51} INFO - Using executor SequentialExecutor
[2019-03-19 14:02:50,110] {base_task_runner.py:101} INFO - Job 964: Subtask templated [2019-03-19 14:02:50,102] {models.py:273} INFO - Filling up the DagBag from /home/rsandroni/airflow/dags/sql_server_load.py
[2019-03-19 14:02:50,178] {base_task_runner.py:101} INFO - Job 964: Subtask templated [2019-03-19 14:02:50,167] {cli.py:520} INFO - Running <TaskInstance: tutorial.templated 2016-09-21T00:00:00+00:00 [running]> on host IADAIRP1.globalrs.rack.space
[2019-03-19 14:02:50,214] {bash_operator.py:77} INFO - Tmp dir root location: 
 /tmp
[2019-03-19 14:02:50,214] {bash_operator.py:86} INFO - Exporting the following env vars:
AIRFLOW_CTX_DAG_ID=tutorial
AIRFLOW_CTX_TASK_ID=templated
AIRFLOW_CTX_EXECUTION_DATE=2016-09-21T00:00:00+00:00
AIRFLOW_CTX_DAG_RUN_ID=scheduled__2016-09-21T00:00:00+00:00
[2019-03-19 14:02:50,215] {bash_operator.py:100} INFO - Temporary script location: /tmp/airflowtmprifrq6pb/templatediqpc927b
[2019-03-19 14:02:50,215] {bash_operator.py:110} INFO - Running command: 
    
        echo "2016-09-21"
        echo "Parameter I passed in"
    
        echo "2016-09-21"
        echo "Parameter I passed in"
    
        echo "2016-09-21"
        echo "Parameter I passed in"
    
        echo "2016-09-21"
        echo "Parameter I passed in"
    
        echo "2016-09-21"
        echo "Parameter I passed in"
    
    
[2019-03-19 14:02:50,259] {bash_operator.py:119} INFO - Output:
[2019-03-19 14:02:50,261] {bash_operator.py:123} INFO - 2016-09-21
[2019-03-19 14:02:50,261] {bash_operator.py:123} INFO - Parameter I passed in
[2019-03-19 14:02:50,261] {bash_operator.py:123} INFO - 2016-09-21
[2019-03-19 14:02:50,261] {bash_operator.py:123} INFO - Parameter I passed in
[2019-03-19 14:02:50,261] {bash_operator.py:123} INFO - 2016-09-21
[2019-03-19 14:02:50,261] {bash_operator.py:123} INFO - Parameter I passed in
[2019-03-19 14:02:50,261] {bash_operator.py:123} INFO - 2016-09-21
[2019-03-19 14:02:50,261] {bash_operator.py:123} INFO - Parameter I passed in
[2019-03-19 14:02:50,261] {bash_operator.py:123} INFO - 2016-09-21
[2019-03-19 14:02:50,261] {bash_operator.py:123} INFO - Parameter I passed in
[2019-03-19 14:02:50,261] {bash_operator.py:127} INFO - Command exited with return code 0
[2019-03-19 14:02:52,267] {logging_mixin.py:95} INFO - [2019-03-19 14:02:52,266] {jobs.py:2527} INFO - Task exited with return code 0
