[2019-03-19 12:04:03,271] {models.py:1359} INFO - Dependencies all met for <TaskInstance: tutorial.templated 2016-01-14T00:00:00+00:00 [queued]>
[2019-03-19 12:04:03,275] {models.py:1359} INFO - Dependencies all met for <TaskInstance: tutorial.templated 2016-01-14T00:00:00+00:00 [queued]>
[2019-03-19 12:04:03,275] {models.py:1571} INFO - 
--------------------------------------------------------------------------------
Starting attempt 1 of 2
--------------------------------------------------------------------------------

[2019-03-19 12:04:03,292] {models.py:1593} INFO - Executing <Task(BashOperator): templated> on 2016-01-14T00:00:00+00:00
[2019-03-19 12:04:03,292] {base_task_runner.py:118} INFO - Running: ['bash', '-c', 'airflow run tutorial templated 2016-01-14T00:00:00+00:00 --job_id 461 --raw -sd DAGS_FOLDER/example_dags/tutorial.py --cfg_path /tmp/tmplinndm4o']
[2019-03-19 12:04:03,919] {base_task_runner.py:101} INFO - Job 461: Subtask templated [2019-03-19 12:04:03,918] {__init__.py:51} INFO - Using executor SequentialExecutor
[2019-03-19 12:04:04,153] {base_task_runner.py:101} INFO - Job 461: Subtask templated [2019-03-19 12:04:04,153] {models.py:273} INFO - Filling up the DagBag from /home/rsandroni/airflow/dags/example_dags/tutorial.py
[2019-03-19 12:04:04,194] {base_task_runner.py:101} INFO - Job 461: Subtask templated [2019-03-19 12:04:04,194] {cli.py:520} INFO - Running <TaskInstance: tutorial.templated 2016-01-14T00:00:00+00:00 [running]> on host IADAIRP1.globalrs.rack.space
[2019-03-19 12:04:04,211] {bash_operator.py:77} INFO - Tmp dir root location: 
 /tmp
[2019-03-19 12:04:04,211] {bash_operator.py:86} INFO - Exporting the following env vars:
AIRFLOW_CTX_DAG_ID=tutorial
AIRFLOW_CTX_TASK_ID=templated
AIRFLOW_CTX_EXECUTION_DATE=2016-01-14T00:00:00+00:00
AIRFLOW_CTX_DAG_RUN_ID=scheduled__2016-01-14T00:00:00+00:00
[2019-03-19 12:04:04,212] {bash_operator.py:100} INFO - Temporary script location: /tmp/airflowtmplr948sv4/templateduy4wr7em
[2019-03-19 12:04:04,212] {bash_operator.py:110} INFO - Running command: 

    echo "2016-01-14"
    echo "2016-01-21"
    echo "Parameter I passed in"

    echo "2016-01-14"
    echo "2016-01-21"
    echo "Parameter I passed in"

    echo "2016-01-14"
    echo "2016-01-21"
    echo "Parameter I passed in"

    echo "2016-01-14"
    echo "2016-01-21"
    echo "Parameter I passed in"

    echo "2016-01-14"
    echo "2016-01-21"
    echo "Parameter I passed in"

[2019-03-19 12:04:04,217] {bash_operator.py:119} INFO - Output:
[2019-03-19 12:04:04,219] {bash_operator.py:123} INFO - 2016-01-14
[2019-03-19 12:04:04,219] {bash_operator.py:123} INFO - 2016-01-21
[2019-03-19 12:04:04,219] {bash_operator.py:123} INFO - Parameter I passed in
[2019-03-19 12:04:04,219] {bash_operator.py:123} INFO - 2016-01-14
[2019-03-19 12:04:04,219] {bash_operator.py:123} INFO - 2016-01-21
[2019-03-19 12:04:04,219] {bash_operator.py:123} INFO - Parameter I passed in
[2019-03-19 12:04:04,219] {bash_operator.py:123} INFO - 2016-01-14
[2019-03-19 12:04:04,219] {bash_operator.py:123} INFO - 2016-01-21
[2019-03-19 12:04:04,219] {bash_operator.py:123} INFO - Parameter I passed in
[2019-03-19 12:04:04,219] {bash_operator.py:123} INFO - 2016-01-14
[2019-03-19 12:04:04,219] {bash_operator.py:123} INFO - 2016-01-21
[2019-03-19 12:04:04,219] {bash_operator.py:123} INFO - Parameter I passed in
[2019-03-19 12:04:04,219] {bash_operator.py:123} INFO - 2016-01-14
[2019-03-19 12:04:04,219] {bash_operator.py:123} INFO - 2016-01-21
[2019-03-19 12:04:04,219] {bash_operator.py:123} INFO - Parameter I passed in
[2019-03-19 12:04:04,219] {bash_operator.py:127} INFO - Command exited with return code 0
[2019-03-19 12:04:08,274] {logging_mixin.py:95} INFO - [2019-03-19 12:04:08,273] {jobs.py:2527} INFO - Task exited with return code 0
