[2019-03-21 16:54:28,614] {models.py:1359} INFO - Dependencies all met for <TaskInstance: tutorial.print_date 2017-05-18T00:00:00+00:00 [queued]>
[2019-03-21 16:54:28,616] {models.py:1359} INFO - Dependencies all met for <TaskInstance: tutorial.print_date 2017-05-18T00:00:00+00:00 [queued]>
[2019-03-21 16:54:28,616] {models.py:1571} INFO - 
--------------------------------------------------------------------------------
Starting attempt 1 of 2
--------------------------------------------------------------------------------

[2019-03-21 16:54:28,630] {models.py:1593} INFO - Executing <Task(BashOperator): print_date> on 2017-05-18T00:00:00+00:00
[2019-03-21 16:54:28,630] {base_task_runner.py:118} INFO - Running: ['bash', '-c', 'airflow run tutorial print_date 2017-05-18T00:00:00+00:00 --job_id 1441 --raw -sd DAGS_FOLDER/tutorial.py --cfg_path /tmp/tmp3ewv4fs6']
[2019-03-21 16:54:29,356] {base_task_runner.py:101} INFO - Job 1441: Subtask print_date [2019-03-21 16:54:29,355] {__init__.py:51} INFO - Using executor SequentialExecutor
[2019-03-21 16:54:29,603] {base_task_runner.py:101} INFO - Job 1441: Subtask print_date [2019-03-21 16:54:29,600] {models.py:273} INFO - Filling up the DagBag from /home/rsandroni/airflow/dags/tutorial.py
[2019-03-21 16:54:29,616] {base_task_runner.py:101} INFO - Job 1441: Subtask print_date [2019-03-21 16:54:29,615] {cli.py:520} INFO - Running <TaskInstance: tutorial.print_date 2017-05-18T00:00:00+00:00 [running]> on host IADAIRP1.globalrs.rack.space
[2019-03-21 16:54:29,628] {bash_operator.py:77} INFO - Tmp dir root location: 
 /tmp
[2019-03-21 16:54:29,628] {bash_operator.py:86} INFO - Exporting the following env vars:
AIRFLOW_CTX_DAG_ID=tutorial
AIRFLOW_CTX_TASK_ID=print_date
AIRFLOW_CTX_EXECUTION_DATE=2017-05-18T00:00:00+00:00
AIRFLOW_CTX_DAG_RUN_ID=scheduled__2017-05-18T00:00:00+00:00
[2019-03-21 16:54:29,629] {bash_operator.py:100} INFO - Temporary script location: /tmp/airflowtmpj_1udx59/print_dateb6cwjme4
[2019-03-21 16:54:29,629] {bash_operator.py:110} INFO - Running command: date
[2019-03-21 16:54:29,634] {bash_operator.py:119} INFO - Output:
[2019-03-21 16:54:29,636] {bash_operator.py:123} INFO - Qui Mar 21 16:54:29 -03 2019
[2019-03-21 16:54:29,637] {bash_operator.py:127} INFO - Command exited with return code 0
[2019-03-21 16:54:33,611] {logging_mixin.py:95} INFO - [2019-03-21 16:54:33,610] {jobs.py:2527} INFO - Task exited with return code 0
