[2019-03-19 13:42:33,423] {models.py:1359} INFO - Dependencies all met for <TaskInstance: tutorial.templated 2016-08-11T00:00:00+00:00 [queued]>
[2019-03-19 13:42:33,428] {models.py:1359} INFO - Dependencies all met for <TaskInstance: tutorial.templated 2016-08-11T00:00:00+00:00 [queued]>
[2019-03-19 13:42:33,428] {models.py:1571} INFO - 
--------------------------------------------------------------------------------
Starting attempt 1 of 2
--------------------------------------------------------------------------------

[2019-03-19 13:42:33,441] {models.py:1593} INFO - Executing <Task(BashOperator): templated> on 2016-08-11T00:00:00+00:00
[2019-03-19 13:42:33,441] {base_task_runner.py:118} INFO - Running: ['bash', '-c', 'airflow run tutorial templated 2016-08-11T00:00:00+00:00 --job_id 881 --raw -sd DAGS_FOLDER/example_dags/tutorial.py --cfg_path /tmp/tmpe_deteg0']
[2019-03-19 13:42:34,053] {base_task_runner.py:101} INFO - Job 881: Subtask templated [2019-03-19 13:42:34,052] {__init__.py:51} INFO - Using executor SequentialExecutor
[2019-03-19 13:42:34,279] {base_task_runner.py:101} INFO - Job 881: Subtask templated [2019-03-19 13:42:34,278] {models.py:273} INFO - Filling up the DagBag from /home/rsandroni/airflow/dags/example_dags/tutorial.py
[2019-03-19 13:42:34,319] {base_task_runner.py:101} INFO - Job 881: Subtask templated [2019-03-19 13:42:34,319] {cli.py:520} INFO - Running <TaskInstance: tutorial.templated 2016-08-11T00:00:00+00:00 [running]> on host IADAIRP1.globalrs.rack.space
[2019-03-19 13:42:34,336] {bash_operator.py:77} INFO - Tmp dir root location: 
 /tmp
[2019-03-19 13:42:34,337] {bash_operator.py:86} INFO - Exporting the following env vars:
AIRFLOW_CTX_DAG_ID=tutorial
AIRFLOW_CTX_TASK_ID=templated
AIRFLOW_CTX_EXECUTION_DATE=2016-08-11T00:00:00+00:00
AIRFLOW_CTX_DAG_RUN_ID=scheduled__2016-08-11T00:00:00+00:00
[2019-03-19 13:42:34,337] {bash_operator.py:100} INFO - Temporary script location: /tmp/airflowtmpmo5u_m0n/templatedyzbm_r90
[2019-03-19 13:42:34,337] {bash_operator.py:110} INFO - Running command: 

    echo "2016-08-11"
    echo "2016-08-18"
    echo "Parameter I passed in"

    echo "2016-08-11"
    echo "2016-08-18"
    echo "Parameter I passed in"

    echo "2016-08-11"
    echo "2016-08-18"
    echo "Parameter I passed in"

    echo "2016-08-11"
    echo "2016-08-18"
    echo "Parameter I passed in"

    echo "2016-08-11"
    echo "2016-08-18"
    echo "Parameter I passed in"

[2019-03-19 13:42:34,342] {bash_operator.py:119} INFO - Output:
[2019-03-19 13:42:34,343] {bash_operator.py:123} INFO - 2016-08-11
[2019-03-19 13:42:34,343] {bash_operator.py:123} INFO - 2016-08-18
[2019-03-19 13:42:34,344] {bash_operator.py:123} INFO - Parameter I passed in
[2019-03-19 13:42:34,344] {bash_operator.py:123} INFO - 2016-08-11
[2019-03-19 13:42:34,344] {bash_operator.py:123} INFO - 2016-08-18
[2019-03-19 13:42:34,344] {bash_operator.py:123} INFO - Parameter I passed in
[2019-03-19 13:42:34,344] {bash_operator.py:123} INFO - 2016-08-11
[2019-03-19 13:42:34,344] {bash_operator.py:123} INFO - 2016-08-18
[2019-03-19 13:42:34,344] {bash_operator.py:123} INFO - Parameter I passed in
[2019-03-19 13:42:34,344] {bash_operator.py:123} INFO - 2016-08-11
[2019-03-19 13:42:34,344] {bash_operator.py:123} INFO - 2016-08-18
[2019-03-19 13:42:34,344] {bash_operator.py:123} INFO - Parameter I passed in
[2019-03-19 13:42:34,344] {bash_operator.py:123} INFO - 2016-08-11
[2019-03-19 13:42:34,344] {bash_operator.py:123} INFO - 2016-08-18
[2019-03-19 13:42:34,344] {bash_operator.py:123} INFO - Parameter I passed in
[2019-03-19 13:42:34,344] {bash_operator.py:127} INFO - Command exited with return code 0
[2019-03-19 13:42:38,413] {logging_mixin.py:95} INFO - [2019-03-19 13:42:38,413] {jobs.py:2527} INFO - Task exited with return code 0
