[2019-03-19 15:48:26,665] {models.py:1359} INFO - Dependencies all met for <TaskInstance: tutorial.templated 2017-05-04T00:00:00+00:00 [queued]>
[2019-03-19 15:48:26,671] {models.py:1359} INFO - Dependencies all met for <TaskInstance: tutorial.templated 2017-05-04T00:00:00+00:00 [queued]>
[2019-03-19 15:48:26,671] {models.py:1571} INFO - 
--------------------------------------------------------------------------------
Starting attempt 1 of 2
--------------------------------------------------------------------------------

[2019-03-19 15:48:26,733] {models.py:1593} INFO - Executing <Task(BashOperator): templated> on 2017-05-04T00:00:00+00:00
[2019-03-19 15:48:26,733] {base_task_runner.py:118} INFO - Running: ['bash', '-c', 'airflow run tutorial templated 2017-05-04T00:00:00+00:00 --job_id 1414 --raw -sd DAGS_FOLDER/sql_server_load.py --cfg_path /tmp/tmpm80z3bpo']
[2019-03-19 15:48:28,060] {base_task_runner.py:101} INFO - Job 1414: Subtask templated [2019-03-19 15:48:28,060] {__init__.py:51} INFO - Using executor SequentialExecutor
[2019-03-19 15:48:28,677] {base_task_runner.py:101} INFO - Job 1414: Subtask templated [2019-03-19 15:48:28,674] {models.py:273} INFO - Filling up the DagBag from /home/rsandroni/airflow/dags/sql_server_load.py
[2019-03-19 15:48:28,728] {base_task_runner.py:101} INFO - Job 1414: Subtask templated [2019-03-19 15:48:28,727] {cli.py:520} INFO - Running <TaskInstance: tutorial.templated 2017-05-04T00:00:00+00:00 [running]> on host IADAIRP1.globalrs.rack.space
[2019-03-19 15:48:28,772] {bash_operator.py:77} INFO - Tmp dir root location: 
 /tmp
[2019-03-19 15:48:28,772] {bash_operator.py:86} INFO - Exporting the following env vars:
AIRFLOW_CTX_DAG_ID=tutorial
AIRFLOW_CTX_TASK_ID=templated
AIRFLOW_CTX_EXECUTION_DATE=2017-05-04T00:00:00+00:00
AIRFLOW_CTX_DAG_RUN_ID=scheduled__2017-05-04T00:00:00+00:00
[2019-03-19 15:48:28,773] {bash_operator.py:100} INFO - Temporary script location: /tmp/airflowtmpf4xsz_ve/templatedbf84ysj8
[2019-03-19 15:48:28,773] {bash_operator.py:110} INFO - Running command: 
    
        echo "2017-05-04"
        echo "Parameter I passed in"
    
        echo "2017-05-04"
        echo "Parameter I passed in"
    
        echo "2017-05-04"
        echo "Parameter I passed in"
    
        echo "2017-05-04"
        echo "Parameter I passed in"
    
        echo "2017-05-04"
        echo "Parameter I passed in"
    
    
[2019-03-19 15:48:28,804] {bash_operator.py:119} INFO - Output:
[2019-03-19 15:48:28,815] {bash_operator.py:123} INFO - 2017-05-04
[2019-03-19 15:48:28,815] {bash_operator.py:123} INFO - Parameter I passed in
[2019-03-19 15:48:28,815] {bash_operator.py:123} INFO - 2017-05-04
[2019-03-19 15:48:28,815] {bash_operator.py:123} INFO - Parameter I passed in
[2019-03-19 15:48:28,816] {bash_operator.py:123} INFO - 2017-05-04
[2019-03-19 15:48:28,816] {bash_operator.py:123} INFO - Parameter I passed in
[2019-03-19 15:48:28,816] {bash_operator.py:123} INFO - 2017-05-04
[2019-03-19 15:48:28,816] {bash_operator.py:123} INFO - Parameter I passed in
[2019-03-19 15:48:28,816] {bash_operator.py:123} INFO - 2017-05-04
[2019-03-19 15:48:28,816] {bash_operator.py:123} INFO - Parameter I passed in
[2019-03-19 15:48:28,816] {bash_operator.py:127} INFO - Command exited with return code 0
[2019-03-19 15:48:31,660] {logging_mixin.py:95} INFO - [2019-03-19 15:48:31,659] {jobs.py:2527} INFO - Task exited with return code 0
