[2019-03-19 15:08:58,313] {models.py:1359} INFO - Dependencies all met for <TaskInstance: tutorial.templated 2017-02-07T00:00:00+00:00 [queued]>
[2019-03-19 15:08:58,317] {models.py:1359} INFO - Dependencies all met for <TaskInstance: tutorial.templated 2017-02-07T00:00:00+00:00 [queued]>
[2019-03-19 15:08:58,318] {models.py:1571} INFO - 
--------------------------------------------------------------------------------
Starting attempt 1 of 2
--------------------------------------------------------------------------------

[2019-03-19 15:08:58,396] {models.py:1593} INFO - Executing <Task(BashOperator): templated> on 2017-02-07T00:00:00+00:00
[2019-03-19 15:08:58,396] {base_task_runner.py:118} INFO - Running: ['bash', '-c', 'airflow run tutorial templated 2017-02-07T00:00:00+00:00 --job_id 1241 --raw -sd DAGS_FOLDER/example_dags/tutorial.py --cfg_path /tmp/tmprj0x6ctd']
[2019-03-19 15:08:59,498] {base_task_runner.py:101} INFO - Job 1241: Subtask templated [2019-03-19 15:08:59,495] {__init__.py:51} INFO - Using executor SequentialExecutor
[2019-03-19 15:08:59,810] {base_task_runner.py:101} INFO - Job 1241: Subtask templated [2019-03-19 15:08:59,802] {models.py:273} INFO - Filling up the DagBag from /home/rsandroni/airflow/dags/example_dags/tutorial.py
[2019-03-19 15:08:59,873] {base_task_runner.py:101} INFO - Job 1241: Subtask templated [2019-03-19 15:08:59,868] {cli.py:520} INFO - Running <TaskInstance: tutorial.templated 2017-02-07T00:00:00+00:00 [running]> on host IADAIRP1.globalrs.rack.space
[2019-03-19 15:08:59,909] {bash_operator.py:77} INFO - Tmp dir root location: 
 /tmp
[2019-03-19 15:08:59,909] {bash_operator.py:86} INFO - Exporting the following env vars:
AIRFLOW_CTX_DAG_ID=tutorial
AIRFLOW_CTX_TASK_ID=templated
AIRFLOW_CTX_EXECUTION_DATE=2017-02-07T00:00:00+00:00
AIRFLOW_CTX_DAG_RUN_ID=scheduled__2017-02-07T00:00:00+00:00
[2019-03-19 15:08:59,910] {bash_operator.py:100} INFO - Temporary script location: /tmp/airflowtmpo062zl7s/templatedag272su_
[2019-03-19 15:08:59,910] {bash_operator.py:110} INFO - Running command: 

    echo "2017-02-07"
    echo "2017-02-14"
    echo "Parameter I passed in"

    echo "2017-02-07"
    echo "2017-02-14"
    echo "Parameter I passed in"

    echo "2017-02-07"
    echo "2017-02-14"
    echo "Parameter I passed in"

    echo "2017-02-07"
    echo "2017-02-14"
    echo "Parameter I passed in"

    echo "2017-02-07"
    echo "2017-02-14"
    echo "Parameter I passed in"

[2019-03-19 15:08:59,925] {bash_operator.py:119} INFO - Output:
[2019-03-19 15:08:59,926] {bash_operator.py:123} INFO - 2017-02-07
[2019-03-19 15:08:59,926] {bash_operator.py:123} INFO - 2017-02-14
[2019-03-19 15:08:59,926] {bash_operator.py:123} INFO - Parameter I passed in
[2019-03-19 15:08:59,926] {bash_operator.py:123} INFO - 2017-02-07
[2019-03-19 15:08:59,926] {bash_operator.py:123} INFO - 2017-02-14
[2019-03-19 15:08:59,926] {bash_operator.py:123} INFO - Parameter I passed in
[2019-03-19 15:08:59,926] {bash_operator.py:123} INFO - 2017-02-07
[2019-03-19 15:08:59,926] {bash_operator.py:123} INFO - 2017-02-14
[2019-03-19 15:08:59,926] {bash_operator.py:123} INFO - Parameter I passed in
[2019-03-19 15:08:59,926] {bash_operator.py:123} INFO - 2017-02-07
[2019-03-19 15:08:59,926] {bash_operator.py:123} INFO - 2017-02-14
[2019-03-19 15:08:59,926] {bash_operator.py:123} INFO - Parameter I passed in
[2019-03-19 15:08:59,926] {bash_operator.py:123} INFO - 2017-02-07
[2019-03-19 15:08:59,926] {bash_operator.py:123} INFO - 2017-02-14
[2019-03-19 15:08:59,926] {bash_operator.py:123} INFO - Parameter I passed in
[2019-03-19 15:08:59,926] {bash_operator.py:127} INFO - Command exited with return code 0
[2019-03-19 15:09:03,233] {logging_mixin.py:95} INFO - [2019-03-19 15:09:03,233] {jobs.py:2527} INFO - Task exited with return code 0
