[2019-03-19 13:37:07,001] {models.py:1359} INFO - Dependencies all met for <TaskInstance: tutorial.templated 2016-07-29T00:00:00+00:00 [queued]>
[2019-03-19 13:37:07,006] {models.py:1359} INFO - Dependencies all met for <TaskInstance: tutorial.templated 2016-07-29T00:00:00+00:00 [queued]>
[2019-03-19 13:37:07,006] {models.py:1571} INFO - 
--------------------------------------------------------------------------------
Starting attempt 1 of 2
--------------------------------------------------------------------------------

[2019-03-19 13:37:07,022] {models.py:1593} INFO - Executing <Task(BashOperator): templated> on 2016-07-29T00:00:00+00:00
[2019-03-19 13:37:07,022] {base_task_runner.py:118} INFO - Running: ['bash', '-c', 'airflow run tutorial templated 2016-07-29T00:00:00+00:00 --job_id 856 --raw -sd DAGS_FOLDER/sql_server_load.py --cfg_path /tmp/tmpg92tesg0']
[2019-03-19 13:37:07,628] {base_task_runner.py:101} INFO - Job 856: Subtask templated [2019-03-19 13:37:07,627] {__init__.py:51} INFO - Using executor SequentialExecutor
[2019-03-19 13:37:07,879] {base_task_runner.py:101} INFO - Job 856: Subtask templated [2019-03-19 13:37:07,877] {models.py:273} INFO - Filling up the DagBag from /home/rsandroni/airflow/dags/sql_server_load.py
[2019-03-19 13:37:07,895] {base_task_runner.py:101} INFO - Job 856: Subtask templated [2019-03-19 13:37:07,894] {cli.py:520} INFO - Running <TaskInstance: tutorial.templated 2016-07-29T00:00:00+00:00 [running]> on host IADAIRP1.globalrs.rack.space
[2019-03-19 13:37:07,908] {bash_operator.py:77} INFO - Tmp dir root location: 
 /tmp
[2019-03-19 13:37:07,908] {bash_operator.py:86} INFO - Exporting the following env vars:
AIRFLOW_CTX_DAG_ID=tutorial
AIRFLOW_CTX_TASK_ID=templated
AIRFLOW_CTX_EXECUTION_DATE=2016-07-29T00:00:00+00:00
AIRFLOW_CTX_DAG_RUN_ID=scheduled__2016-07-29T00:00:00+00:00
[2019-03-19 13:37:07,909] {bash_operator.py:100} INFO - Temporary script location: /tmp/airflowtmpz34x6zsy/templatedvgseq3gt
[2019-03-19 13:37:07,909] {bash_operator.py:110} INFO - Running command: 
    
        echo "2016-07-29"
        echo "Parameter I passed in"
    
        echo "2016-07-29"
        echo "Parameter I passed in"
    
        echo "2016-07-29"
        echo "Parameter I passed in"
    
        echo "2016-07-29"
        echo "Parameter I passed in"
    
        echo "2016-07-29"
        echo "Parameter I passed in"
    
    
[2019-03-19 13:37:07,914] {bash_operator.py:119} INFO - Output:
[2019-03-19 13:37:07,915] {bash_operator.py:123} INFO - 2016-07-29
[2019-03-19 13:37:07,915] {bash_operator.py:123} INFO - Parameter I passed in
[2019-03-19 13:37:07,915] {bash_operator.py:123} INFO - 2016-07-29
[2019-03-19 13:37:07,915] {bash_operator.py:123} INFO - Parameter I passed in
[2019-03-19 13:37:07,915] {bash_operator.py:123} INFO - 2016-07-29
[2019-03-19 13:37:07,915] {bash_operator.py:123} INFO - Parameter I passed in
[2019-03-19 13:37:07,915] {bash_operator.py:123} INFO - 2016-07-29
[2019-03-19 13:37:07,915] {bash_operator.py:123} INFO - Parameter I passed in
[2019-03-19 13:37:07,915] {bash_operator.py:123} INFO - 2016-07-29
[2019-03-19 13:37:07,915] {bash_operator.py:123} INFO - Parameter I passed in
[2019-03-19 13:37:07,915] {bash_operator.py:127} INFO - Command exited with return code 0
[2019-03-19 13:37:12,006] {logging_mixin.py:95} INFO - [2019-03-19 13:37:12,006] {jobs.py:2527} INFO - Task exited with return code 0
