[2019-03-19 15:27:39,832] {models.py:1359} INFO - Dependencies all met for <TaskInstance: tutorial.print_date 2017-03-21T00:00:00+00:00 [queued]>
[2019-03-19 15:27:39,835] {models.py:1359} INFO - Dependencies all met for <TaskInstance: tutorial.print_date 2017-03-21T00:00:00+00:00 [queued]>
[2019-03-19 15:27:39,835] {models.py:1571} INFO - 
--------------------------------------------------------------------------------
Starting attempt 1 of 2
--------------------------------------------------------------------------------

[2019-03-19 15:27:39,901] {models.py:1593} INFO - Executing <Task(BashOperator): print_date> on 2017-03-21T00:00:00+00:00
[2019-03-19 15:27:39,901] {base_task_runner.py:118} INFO - Running: ['bash', '-c', 'airflow run tutorial print_date 2017-03-21T00:00:00+00:00 --job_id 1322 --raw -sd DAGS_FOLDER/sql_server_load.py --cfg_path /tmp/tmpyil6y2hk']
[2019-03-19 15:27:42,144] {base_task_runner.py:101} INFO - Job 1322: Subtask print_date [2019-03-19 15:27:42,135] {__init__.py:51} INFO - Using executor SequentialExecutor
[2019-03-19 15:27:42,934] {base_task_runner.py:101} INFO - Job 1322: Subtask print_date [2019-03-19 15:27:42,929] {models.py:273} INFO - Filling up the DagBag from /home/rsandroni/airflow/dags/sql_server_load.py
[2019-03-19 15:27:42,978] {base_task_runner.py:101} INFO - Job 1322: Subtask print_date [2019-03-19 15:27:42,977] {cli.py:520} INFO - Running <TaskInstance: tutorial.print_date 2017-03-21T00:00:00+00:00 [running]> on host IADAIRP1.globalrs.rack.space
[2019-03-19 15:27:43,024] {bash_operator.py:77} INFO - Tmp dir root location: 
 /tmp
[2019-03-19 15:27:43,024] {bash_operator.py:86} INFO - Exporting the following env vars:
AIRFLOW_CTX_DAG_ID=tutorial
AIRFLOW_CTX_TASK_ID=print_date
AIRFLOW_CTX_EXECUTION_DATE=2017-03-21T00:00:00+00:00
AIRFLOW_CTX_DAG_RUN_ID=scheduled__2017-03-21T00:00:00+00:00
[2019-03-19 15:27:43,025] {bash_operator.py:100} INFO - Temporary script location: /tmp/airflowtmpad4j1yrk/print_date3wsrjmi8
[2019-03-19 15:27:43,025] {bash_operator.py:110} INFO - Running command: date
[2019-03-19 15:27:43,072] {bash_operator.py:119} INFO - Output:
[2019-03-19 15:27:43,083] {bash_operator.py:123} INFO - Ter Mar 19 15:27:43 -03 2019
[2019-03-19 15:27:43,091] {bash_operator.py:127} INFO - Command exited with return code 0
[2019-03-19 15:27:44,864] {logging_mixin.py:95} INFO - [2019-03-19 15:27:44,864] {jobs.py:2527} INFO - Task exited with return code 0
