[2019-03-22 01:22:27,868] {models.py:1359} INFO - Dependencies all met for <TaskInstance: tutorial.templated 2018-08-24T00:00:00+00:00 [queued]>
[2019-03-22 01:22:27,874] {models.py:1359} INFO - Dependencies all met for <TaskInstance: tutorial.templated 2018-08-24T00:00:00+00:00 [queued]>
[2019-03-22 01:22:27,874] {models.py:1571} INFO - 
--------------------------------------------------------------------------------
Starting attempt 1 of 2
--------------------------------------------------------------------------------

[2019-03-22 01:22:27,891] {models.py:1593} INFO - Executing <Task(BashOperator): templated> on 2018-08-24T00:00:00+00:00
[2019-03-22 01:22:27,891] {base_task_runner.py:118} INFO - Running: ['bash', '-c', 'airflow run tutorial templated 2018-08-24T00:00:00+00:00 --job_id 2435 --raw -sd DAGS_FOLDER/example_dags/tutorial.py --cfg_path /tmp/tmpuy9bq_g4']
[2019-03-22 01:22:28,627] {base_task_runner.py:101} INFO - Job 2435: Subtask templated [2019-03-22 01:22:28,627] {__init__.py:51} INFO - Using executor SequentialExecutor
[2019-03-22 01:22:28,927] {base_task_runner.py:101} INFO - Job 2435: Subtask templated [2019-03-22 01:22:28,924] {models.py:273} INFO - Filling up the DagBag from /home/rsandroni/airflow/dags/example_dags/tutorial.py
[2019-03-22 01:22:28,994] {base_task_runner.py:101} INFO - Job 2435: Subtask templated [2019-03-22 01:22:28,991] {cli.py:520} INFO - Running <TaskInstance: tutorial.templated 2018-08-24T00:00:00+00:00 [running]> on host IADAIRP1.globalrs.rack.space
[2019-03-22 01:22:29,011] {bash_operator.py:77} INFO - Tmp dir root location: 
 /tmp
[2019-03-22 01:22:29,012] {bash_operator.py:86} INFO - Exporting the following env vars:
AIRFLOW_CTX_DAG_ID=tutorial
AIRFLOW_CTX_TASK_ID=templated
AIRFLOW_CTX_EXECUTION_DATE=2018-08-24T00:00:00+00:00
AIRFLOW_CTX_DAG_RUN_ID=scheduled__2018-08-24T00:00:00+00:00
[2019-03-22 01:22:29,012] {bash_operator.py:100} INFO - Temporary script location: /tmp/airflowtmphirzob8u/templatedq_1ac2lb
[2019-03-22 01:22:29,012] {bash_operator.py:110} INFO - Running command: 

    echo "2018-08-24"
    echo "2018-08-31"
    echo "Parameter I passed in"

    echo "2018-08-24"
    echo "2018-08-31"
    echo "Parameter I passed in"

    echo "2018-08-24"
    echo "2018-08-31"
    echo "Parameter I passed in"

    echo "2018-08-24"
    echo "2018-08-31"
    echo "Parameter I passed in"

    echo "2018-08-24"
    echo "2018-08-31"
    echo "Parameter I passed in"

[2019-03-22 01:22:29,020] {bash_operator.py:119} INFO - Output:
[2019-03-22 01:22:29,022] {bash_operator.py:123} INFO - 2018-08-24
[2019-03-22 01:22:29,022] {bash_operator.py:123} INFO - 2018-08-31
[2019-03-22 01:22:29,022] {bash_operator.py:123} INFO - Parameter I passed in
[2019-03-22 01:22:29,022] {bash_operator.py:123} INFO - 2018-08-24
[2019-03-22 01:22:29,022] {bash_operator.py:123} INFO - 2018-08-31
[2019-03-22 01:22:29,022] {bash_operator.py:123} INFO - Parameter I passed in
[2019-03-22 01:22:29,022] {bash_operator.py:123} INFO - 2018-08-24
[2019-03-22 01:22:29,022] {bash_operator.py:123} INFO - 2018-08-31
[2019-03-22 01:22:29,022] {bash_operator.py:123} INFO - Parameter I passed in
[2019-03-22 01:22:29,022] {bash_operator.py:123} INFO - 2018-08-24
[2019-03-22 01:22:29,023] {bash_operator.py:123} INFO - 2018-08-31
[2019-03-22 01:22:29,023] {bash_operator.py:123} INFO - Parameter I passed in
[2019-03-22 01:22:29,023] {bash_operator.py:123} INFO - 2018-08-24
[2019-03-22 01:22:29,023] {bash_operator.py:123} INFO - 2018-08-31
[2019-03-22 01:22:29,023] {bash_operator.py:123} INFO - Parameter I passed in
[2019-03-22 01:22:29,023] {bash_operator.py:127} INFO - Command exited with return code 0
[2019-03-22 01:22:32,840] {logging_mixin.py:95} INFO - [2019-03-22 01:22:32,840] {jobs.py:2527} INFO - Task exited with return code 0
