[2019-03-22 03:47:44,912] {models.py:1359} INFO - Dependencies all met for <TaskInstance: tutorial.templated 2018-12-11T00:00:00+00:00 [queued]>
[2019-03-22 03:47:44,917] {models.py:1359} INFO - Dependencies all met for <TaskInstance: tutorial.templated 2018-12-11T00:00:00+00:00 [queued]>
[2019-03-22 03:47:44,917] {models.py:1571} INFO - 
--------------------------------------------------------------------------------
Starting attempt 1 of 2
--------------------------------------------------------------------------------

[2019-03-22 03:47:44,949] {models.py:1593} INFO - Executing <Task(BashOperator): templated> on 2018-12-11T00:00:00+00:00
[2019-03-22 03:47:44,949] {base_task_runner.py:118} INFO - Running: ['bash', '-c', 'airflow run tutorial templated 2018-12-11T00:00:00+00:00 --job_id 2654 --raw -sd DAGS_FOLDER/example_dags/tutorial.py --cfg_path /tmp/tmp06rnnexl']
[2019-03-22 03:47:45,614] {base_task_runner.py:101} INFO - Job 2654: Subtask templated [2019-03-22 03:47:45,613] {__init__.py:51} INFO - Using executor SequentialExecutor
[2019-03-22 03:47:45,890] {base_task_runner.py:101} INFO - Job 2654: Subtask templated [2019-03-22 03:47:45,889] {models.py:273} INFO - Filling up the DagBag from /home/rsandroni/airflow/dags/example_dags/tutorial.py
[2019-03-22 03:47:45,965] {base_task_runner.py:101} INFO - Job 2654: Subtask templated [2019-03-22 03:47:45,964] {cli.py:520} INFO - Running <TaskInstance: tutorial.templated 2018-12-11T00:00:00+00:00 [running]> on host IADAIRP1.globalrs.rack.space
[2019-03-22 03:47:46,013] {bash_operator.py:77} INFO - Tmp dir root location: 
 /tmp
[2019-03-22 03:47:46,014] {bash_operator.py:86} INFO - Exporting the following env vars:
AIRFLOW_CTX_DAG_ID=tutorial
AIRFLOW_CTX_TASK_ID=templated
AIRFLOW_CTX_EXECUTION_DATE=2018-12-11T00:00:00+00:00
AIRFLOW_CTX_DAG_RUN_ID=scheduled__2018-12-11T00:00:00+00:00
[2019-03-22 03:47:46,014] {bash_operator.py:100} INFO - Temporary script location: /tmp/airflowtmpme16vmb_/templatedvwaf3ua9
[2019-03-22 03:47:46,014] {bash_operator.py:110} INFO - Running command: 

    echo "2018-12-11"
    echo "2018-12-18"
    echo "Parameter I passed in"

    echo "2018-12-11"
    echo "2018-12-18"
    echo "Parameter I passed in"

    echo "2018-12-11"
    echo "2018-12-18"
    echo "Parameter I passed in"

    echo "2018-12-11"
    echo "2018-12-18"
    echo "Parameter I passed in"

    echo "2018-12-11"
    echo "2018-12-18"
    echo "Parameter I passed in"

[2019-03-22 03:47:46,054] {bash_operator.py:119} INFO - Output:
[2019-03-22 03:47:46,054] {bash_operator.py:123} INFO - 2018-12-11
[2019-03-22 03:47:46,054] {bash_operator.py:123} INFO - 2018-12-18
[2019-03-22 03:47:46,055] {bash_operator.py:123} INFO - Parameter I passed in
[2019-03-22 03:47:46,055] {bash_operator.py:123} INFO - 2018-12-11
[2019-03-22 03:47:46,055] {bash_operator.py:123} INFO - 2018-12-18
[2019-03-22 03:47:46,055] {bash_operator.py:123} INFO - Parameter I passed in
[2019-03-22 03:47:46,055] {bash_operator.py:123} INFO - 2018-12-11
[2019-03-22 03:47:46,055] {bash_operator.py:123} INFO - 2018-12-18
[2019-03-22 03:47:46,055] {bash_operator.py:123} INFO - Parameter I passed in
[2019-03-22 03:47:46,055] {bash_operator.py:123} INFO - 2018-12-11
[2019-03-22 03:47:46,055] {bash_operator.py:123} INFO - 2018-12-18
[2019-03-22 03:47:46,055] {bash_operator.py:123} INFO - Parameter I passed in
[2019-03-22 03:47:46,055] {bash_operator.py:123} INFO - 2018-12-11
[2019-03-22 03:47:46,055] {bash_operator.py:123} INFO - 2018-12-18
[2019-03-22 03:47:46,055] {bash_operator.py:123} INFO - Parameter I passed in
[2019-03-22 03:47:46,055] {bash_operator.py:127} INFO - Command exited with return code 0
[2019-03-22 03:47:49,996] {logging_mixin.py:95} INFO - [2019-03-22 03:47:49,995] {jobs.py:2527} INFO - Task exited with return code 0
