[2019-03-21 22:42:02,667] {models.py:1359} INFO - Dependencies all met for <TaskInstance: tutorial.templated 2018-04-23T00:00:00+00:00 [queued]>
[2019-03-21 22:42:02,672] {models.py:1359} INFO - Dependencies all met for <TaskInstance: tutorial.templated 2018-04-23T00:00:00+00:00 [queued]>
[2019-03-21 22:42:02,672] {models.py:1571} INFO - 
--------------------------------------------------------------------------------
Starting attempt 1 of 2
--------------------------------------------------------------------------------

[2019-03-21 22:42:02,686] {models.py:1593} INFO - Executing <Task(BashOperator): templated> on 2018-04-23T00:00:00+00:00
[2019-03-21 22:42:02,686] {base_task_runner.py:118} INFO - Running: ['bash', '-c', 'airflow run tutorial templated 2018-04-23T00:00:00+00:00 --job_id 2190 --raw -sd DAGS_FOLDER/example_dags/tutorial.py --cfg_path /tmp/tmp6jhe017g']
[2019-03-21 22:42:03,320] {base_task_runner.py:101} INFO - Job 2190: Subtask templated [2019-03-21 22:42:03,319] {__init__.py:51} INFO - Using executor SequentialExecutor
[2019-03-21 22:42:03,553] {base_task_runner.py:101} INFO - Job 2190: Subtask templated [2019-03-21 22:42:03,552] {models.py:273} INFO - Filling up the DagBag from /home/rsandroni/airflow/dags/example_dags/tutorial.py
[2019-03-21 22:42:03,617] {base_task_runner.py:101} INFO - Job 2190: Subtask templated [2019-03-21 22:42:03,616] {cli.py:520} INFO - Running <TaskInstance: tutorial.templated 2018-04-23T00:00:00+00:00 [running]> on host IADAIRP1.globalrs.rack.space
[2019-03-21 22:42:03,634] {bash_operator.py:77} INFO - Tmp dir root location: 
 /tmp
[2019-03-21 22:42:03,634] {bash_operator.py:86} INFO - Exporting the following env vars:
AIRFLOW_CTX_DAG_ID=tutorial
AIRFLOW_CTX_TASK_ID=templated
AIRFLOW_CTX_EXECUTION_DATE=2018-04-23T00:00:00+00:00
AIRFLOW_CTX_DAG_RUN_ID=scheduled__2018-04-23T00:00:00+00:00
[2019-03-21 22:42:03,635] {bash_operator.py:100} INFO - Temporary script location: /tmp/airflowtmpn1mie39q/templatediik6nw55
[2019-03-21 22:42:03,635] {bash_operator.py:110} INFO - Running command: 

    echo "2018-04-23"
    echo "2018-04-30"
    echo "Parameter I passed in"

    echo "2018-04-23"
    echo "2018-04-30"
    echo "Parameter I passed in"

    echo "2018-04-23"
    echo "2018-04-30"
    echo "Parameter I passed in"

    echo "2018-04-23"
    echo "2018-04-30"
    echo "Parameter I passed in"

    echo "2018-04-23"
    echo "2018-04-30"
    echo "Parameter I passed in"

[2019-03-21 22:42:03,640] {bash_operator.py:119} INFO - Output:
[2019-03-21 22:42:03,641] {bash_operator.py:123} INFO - 2018-04-23
[2019-03-21 22:42:03,641] {bash_operator.py:123} INFO - 2018-04-30
[2019-03-21 22:42:03,641] {bash_operator.py:123} INFO - Parameter I passed in
[2019-03-21 22:42:03,641] {bash_operator.py:123} INFO - 2018-04-23
[2019-03-21 22:42:03,642] {bash_operator.py:123} INFO - 2018-04-30
[2019-03-21 22:42:03,642] {bash_operator.py:123} INFO - Parameter I passed in
[2019-03-21 22:42:03,642] {bash_operator.py:123} INFO - 2018-04-23
[2019-03-21 22:42:03,642] {bash_operator.py:123} INFO - 2018-04-30
[2019-03-21 22:42:03,642] {bash_operator.py:123} INFO - Parameter I passed in
[2019-03-21 22:42:03,642] {bash_operator.py:123} INFO - 2018-04-23
[2019-03-21 22:42:03,642] {bash_operator.py:123} INFO - 2018-04-30
[2019-03-21 22:42:03,642] {bash_operator.py:123} INFO - Parameter I passed in
[2019-03-21 22:42:03,642] {bash_operator.py:123} INFO - 2018-04-23
[2019-03-21 22:42:03,642] {bash_operator.py:123} INFO - 2018-04-30
[2019-03-21 22:42:03,642] {bash_operator.py:123} INFO - Parameter I passed in
[2019-03-21 22:42:03,642] {bash_operator.py:127} INFO - Command exited with return code 0
[2019-03-21 22:42:07,672] {logging_mixin.py:95} INFO - [2019-03-21 22:42:07,671] {jobs.py:2527} INFO - Task exited with return code 0
