[2019-03-19 15:27:15,948] {models.py:1359} INFO - Dependencies all met for <TaskInstance: tutorial.print_date 2017-03-19T00:00:00+00:00 [queued]>
[2019-03-19 15:27:15,950] {models.py:1359} INFO - Dependencies all met for <TaskInstance: tutorial.print_date 2017-03-19T00:00:00+00:00 [queued]>
[2019-03-19 15:27:15,951] {models.py:1571} INFO - 
--------------------------------------------------------------------------------
Starting attempt 1 of 2
--------------------------------------------------------------------------------

[2019-03-19 15:27:16,012] {models.py:1593} INFO - Executing <Task(BashOperator): print_date> on 2017-03-19T00:00:00+00:00
[2019-03-19 15:27:16,012] {base_task_runner.py:118} INFO - Running: ['bash', '-c', 'airflow run tutorial print_date 2017-03-19T00:00:00+00:00 --job_id 1320 --raw -sd DAGS_FOLDER/tutorial.py --cfg_path /tmp/tmpefkhrrpi']
[2019-03-19 15:27:16,991] {base_task_runner.py:101} INFO - Job 1320: Subtask print_date [2019-03-19 15:27:16,990] {__init__.py:51} INFO - Using executor SequentialExecutor
[2019-03-19 15:27:17,301] {base_task_runner.py:101} INFO - Job 1320: Subtask print_date [2019-03-19 15:27:17,293] {models.py:273} INFO - Filling up the DagBag from /home/rsandroni/airflow/dags/tutorial.py
[2019-03-19 15:27:17,310] {base_task_runner.py:101} INFO - Job 1320: Subtask print_date [2019-03-19 15:27:17,309] {cli.py:520} INFO - Running <TaskInstance: tutorial.print_date 2017-03-19T00:00:00+00:00 [running]> on host IADAIRP1.globalrs.rack.space
[2019-03-19 15:27:17,330] {bash_operator.py:77} INFO - Tmp dir root location: 
 /tmp
[2019-03-19 15:27:17,330] {bash_operator.py:86} INFO - Exporting the following env vars:
AIRFLOW_CTX_DAG_ID=tutorial
AIRFLOW_CTX_TASK_ID=print_date
AIRFLOW_CTX_EXECUTION_DATE=2017-03-19T00:00:00+00:00
AIRFLOW_CTX_DAG_RUN_ID=scheduled__2017-03-19T00:00:00+00:00
[2019-03-19 15:27:17,331] {bash_operator.py:100} INFO - Temporary script location: /tmp/airflowtmpcawxk4vi/print_date04zjg1qg
[2019-03-19 15:27:17,331] {bash_operator.py:110} INFO - Running command: date
[2019-03-19 15:27:17,346] {bash_operator.py:119} INFO - Output:
[2019-03-19 15:27:17,359] {bash_operator.py:123} INFO - Ter Mar 19 15:27:17 -03 2019
[2019-03-19 15:27:17,359] {bash_operator.py:127} INFO - Command exited with return code 0
[2019-03-19 15:27:20,933] {logging_mixin.py:95} INFO - [2019-03-19 15:27:20,932] {jobs.py:2527} INFO - Task exited with return code 0
