[2019-03-21 17:19:22,555] {models.py:1359} INFO - Dependencies all met for <TaskInstance: tutorial.templated 2017-06-28T00:00:00+00:00 [queued]>
[2019-03-21 17:19:22,559] {models.py:1359} INFO - Dependencies all met for <TaskInstance: tutorial.templated 2017-06-28T00:00:00+00:00 [queued]>
[2019-03-21 17:19:22,559] {models.py:1571} INFO - 
--------------------------------------------------------------------------------
Starting attempt 1 of 2
--------------------------------------------------------------------------------

[2019-03-21 17:19:22,576] {models.py:1593} INFO - Executing <Task(BashOperator): templated> on 2017-06-28T00:00:00+00:00
[2019-03-21 17:19:22,576] {base_task_runner.py:118} INFO - Running: ['bash', '-c', 'airflow run tutorial templated 2017-06-28T00:00:00+00:00 --job_id 1547 --raw -sd DAGS_FOLDER/example_dags/tutorial.py --cfg_path /tmp/tmplexgg3i4']
[2019-03-21 17:19:23,209] {base_task_runner.py:101} INFO - Job 1547: Subtask templated [2019-03-21 17:19:23,208] {__init__.py:51} INFO - Using executor SequentialExecutor
[2019-03-21 17:19:23,443] {base_task_runner.py:101} INFO - Job 1547: Subtask templated [2019-03-21 17:19:23,440] {models.py:273} INFO - Filling up the DagBag from /home/rsandroni/airflow/dags/example_dags/tutorial.py
[2019-03-21 17:19:23,506] {base_task_runner.py:101} INFO - Job 1547: Subtask templated [2019-03-21 17:19:23,505] {cli.py:520} INFO - Running <TaskInstance: tutorial.templated 2017-06-28T00:00:00+00:00 [running]> on host IADAIRP1.globalrs.rack.space
[2019-03-21 17:19:23,522] {bash_operator.py:77} INFO - Tmp dir root location: 
 /tmp
[2019-03-21 17:19:23,522] {bash_operator.py:86} INFO - Exporting the following env vars:
AIRFLOW_CTX_DAG_ID=tutorial
AIRFLOW_CTX_TASK_ID=templated
AIRFLOW_CTX_EXECUTION_DATE=2017-06-28T00:00:00+00:00
AIRFLOW_CTX_DAG_RUN_ID=scheduled__2017-06-28T00:00:00+00:00
[2019-03-21 17:19:23,523] {bash_operator.py:100} INFO - Temporary script location: /tmp/airflowtmpyia5rv0u/templatedql6mu58b
[2019-03-21 17:19:23,523] {bash_operator.py:110} INFO - Running command: 

    echo "2017-06-28"
    echo "2017-07-05"
    echo "Parameter I passed in"

    echo "2017-06-28"
    echo "2017-07-05"
    echo "Parameter I passed in"

    echo "2017-06-28"
    echo "2017-07-05"
    echo "Parameter I passed in"

    echo "2017-06-28"
    echo "2017-07-05"
    echo "Parameter I passed in"

    echo "2017-06-28"
    echo "2017-07-05"
    echo "Parameter I passed in"

[2019-03-21 17:19:23,528] {bash_operator.py:119} INFO - Output:
[2019-03-21 17:19:23,529] {bash_operator.py:123} INFO - 2017-06-28
[2019-03-21 17:19:23,529] {bash_operator.py:123} INFO - 2017-07-05
[2019-03-21 17:19:23,529] {bash_operator.py:123} INFO - Parameter I passed in
[2019-03-21 17:19:23,529] {bash_operator.py:123} INFO - 2017-06-28
[2019-03-21 17:19:23,529] {bash_operator.py:123} INFO - 2017-07-05
[2019-03-21 17:19:23,530] {bash_operator.py:123} INFO - Parameter I passed in
[2019-03-21 17:19:23,530] {bash_operator.py:123} INFO - 2017-06-28
[2019-03-21 17:19:23,530] {bash_operator.py:123} INFO - 2017-07-05
[2019-03-21 17:19:23,530] {bash_operator.py:123} INFO - Parameter I passed in
[2019-03-21 17:19:23,530] {bash_operator.py:123} INFO - 2017-06-28
[2019-03-21 17:19:23,530] {bash_operator.py:123} INFO - 2017-07-05
[2019-03-21 17:19:23,530] {bash_operator.py:123} INFO - Parameter I passed in
[2019-03-21 17:19:23,530] {bash_operator.py:123} INFO - 2017-06-28
[2019-03-21 17:19:23,530] {bash_operator.py:123} INFO - 2017-07-05
[2019-03-21 17:19:23,530] {bash_operator.py:123} INFO - Parameter I passed in
[2019-03-21 17:19:23,530] {bash_operator.py:127} INFO - Command exited with return code 0
[2019-03-21 17:19:27,563] {logging_mixin.py:95} INFO - [2019-03-21 17:19:27,562] {jobs.py:2527} INFO - Task exited with return code 0
