[2019-03-21 18:05:03,713] {models.py:1359} INFO - Dependencies all met for <TaskInstance: tutorial.templated 2017-09-07T00:00:00+00:00 [queued]>
[2019-03-21 18:05:03,718] {models.py:1359} INFO - Dependencies all met for <TaskInstance: tutorial.templated 2017-09-07T00:00:00+00:00 [queued]>
[2019-03-21 18:05:03,718] {models.py:1571} INFO - 
--------------------------------------------------------------------------------
Starting attempt 1 of 2
--------------------------------------------------------------------------------

[2019-03-21 18:05:03,730] {models.py:1593} INFO - Executing <Task(BashOperator): templated> on 2017-09-07T00:00:00+00:00
[2019-03-21 18:05:03,730] {base_task_runner.py:118} INFO - Running: ['bash', '-c', 'airflow run tutorial templated 2017-09-07T00:00:00+00:00 --job_id 1726 --raw -sd DAGS_FOLDER/example_dags/tutorial.py --cfg_path /tmp/tmpa2pf6qta']
[2019-03-21 18:05:04,362] {base_task_runner.py:101} INFO - Job 1726: Subtask templated [2019-03-21 18:05:04,361] {__init__.py:51} INFO - Using executor SequentialExecutor
[2019-03-21 18:05:04,590] {base_task_runner.py:101} INFO - Job 1726: Subtask templated [2019-03-21 18:05:04,589] {models.py:273} INFO - Filling up the DagBag from /home/rsandroni/airflow/dags/example_dags/tutorial.py
[2019-03-21 18:05:04,653] {base_task_runner.py:101} INFO - Job 1726: Subtask templated [2019-03-21 18:05:04,652] {cli.py:520} INFO - Running <TaskInstance: tutorial.templated 2017-09-07T00:00:00+00:00 [running]> on host IADAIRP1.globalrs.rack.space
[2019-03-21 18:05:04,669] {bash_operator.py:77} INFO - Tmp dir root location: 
 /tmp
[2019-03-21 18:05:04,670] {bash_operator.py:86} INFO - Exporting the following env vars:
AIRFLOW_CTX_DAG_ID=tutorial
AIRFLOW_CTX_TASK_ID=templated
AIRFLOW_CTX_EXECUTION_DATE=2017-09-07T00:00:00+00:00
AIRFLOW_CTX_DAG_RUN_ID=scheduled__2017-09-07T00:00:00+00:00
[2019-03-21 18:05:04,670] {bash_operator.py:100} INFO - Temporary script location: /tmp/airflowtmpgtwusvk6/templatedh7y8ht2f
[2019-03-21 18:05:04,670] {bash_operator.py:110} INFO - Running command: 

    echo "2017-09-07"
    echo "2017-09-14"
    echo "Parameter I passed in"

    echo "2017-09-07"
    echo "2017-09-14"
    echo "Parameter I passed in"

    echo "2017-09-07"
    echo "2017-09-14"
    echo "Parameter I passed in"

    echo "2017-09-07"
    echo "2017-09-14"
    echo "Parameter I passed in"

    echo "2017-09-07"
    echo "2017-09-14"
    echo "Parameter I passed in"

[2019-03-21 18:05:04,676] {bash_operator.py:119} INFO - Output:
[2019-03-21 18:05:04,677] {bash_operator.py:123} INFO - 2017-09-07
[2019-03-21 18:05:04,677] {bash_operator.py:123} INFO - 2017-09-14
[2019-03-21 18:05:04,677] {bash_operator.py:123} INFO - Parameter I passed in
[2019-03-21 18:05:04,677] {bash_operator.py:123} INFO - 2017-09-07
[2019-03-21 18:05:04,677] {bash_operator.py:123} INFO - 2017-09-14
[2019-03-21 18:05:04,677] {bash_operator.py:123} INFO - Parameter I passed in
[2019-03-21 18:05:04,677] {bash_operator.py:123} INFO - 2017-09-07
[2019-03-21 18:05:04,677] {bash_operator.py:123} INFO - 2017-09-14
[2019-03-21 18:05:04,677] {bash_operator.py:123} INFO - Parameter I passed in
[2019-03-21 18:05:04,677] {bash_operator.py:123} INFO - 2017-09-07
[2019-03-21 18:05:04,677] {bash_operator.py:123} INFO - 2017-09-14
[2019-03-21 18:05:04,677] {bash_operator.py:123} INFO - Parameter I passed in
[2019-03-21 18:05:04,677] {bash_operator.py:123} INFO - 2017-09-07
[2019-03-21 18:05:04,677] {bash_operator.py:123} INFO - 2017-09-14
[2019-03-21 18:05:04,677] {bash_operator.py:123} INFO - Parameter I passed in
[2019-03-21 18:05:04,678] {bash_operator.py:127} INFO - Command exited with return code 0
[2019-03-21 18:05:08,716] {logging_mixin.py:95} INFO - [2019-03-21 18:05:08,715] {jobs.py:2527} INFO - Task exited with return code 0
