[2019-03-22 05:33:58,334] {models.py:1359} INFO - Dependencies all met for <TaskInstance: tutorial.templated 2019-03-02T00:00:00+00:00 [queued]>
[2019-03-22 05:33:58,340] {models.py:1359} INFO - Dependencies all met for <TaskInstance: tutorial.templated 2019-03-02T00:00:00+00:00 [queued]>
[2019-03-22 05:33:58,340] {models.py:1571} INFO - 
--------------------------------------------------------------------------------
Starting attempt 1 of 2
--------------------------------------------------------------------------------

[2019-03-22 05:33:58,397] {models.py:1593} INFO - Executing <Task(BashOperator): templated> on 2019-03-02T00:00:00+00:00
[2019-03-22 05:33:58,397] {base_task_runner.py:118} INFO - Running: ['bash', '-c', 'airflow run tutorial templated 2019-03-02T00:00:00+00:00 --job_id 2815 --raw -sd DAGS_FOLDER/example_dags/tutorial.py --cfg_path /tmp/tmpa0ao2qfl']
[2019-03-22 05:34:00,443] {base_task_runner.py:101} INFO - Job 2815: Subtask templated [2019-03-22 05:34:00,442] {__init__.py:51} INFO - Using executor SequentialExecutor
[2019-03-22 05:34:01,370] {base_task_runner.py:101} INFO - Job 2815: Subtask templated [2019-03-22 05:34:01,362] {models.py:273} INFO - Filling up the DagBag from /home/rsandroni/airflow/dags/example_dags/tutorial.py
[2019-03-22 05:34:01,577] {base_task_runner.py:101} INFO - Job 2815: Subtask templated [2019-03-22 05:34:01,572] {cli.py:520} INFO - Running <TaskInstance: tutorial.templated 2019-03-02T00:00:00+00:00 [running]> on host IADAIRP1.globalrs.rack.space
[2019-03-22 05:34:01,616] {bash_operator.py:77} INFO - Tmp dir root location: 
 /tmp
[2019-03-22 05:34:01,617] {bash_operator.py:86} INFO - Exporting the following env vars:
AIRFLOW_CTX_DAG_ID=tutorial
AIRFLOW_CTX_TASK_ID=templated
AIRFLOW_CTX_EXECUTION_DATE=2019-03-02T00:00:00+00:00
AIRFLOW_CTX_DAG_RUN_ID=scheduled__2019-03-02T00:00:00+00:00
[2019-03-22 05:34:01,617] {bash_operator.py:100} INFO - Temporary script location: /tmp/airflowtmppc0ugcy9/templatedfe1tz_jj
[2019-03-22 05:34:01,618] {bash_operator.py:110} INFO - Running command: 

    echo "2019-03-02"
    echo "2019-03-09"
    echo "Parameter I passed in"

    echo "2019-03-02"
    echo "2019-03-09"
    echo "Parameter I passed in"

    echo "2019-03-02"
    echo "2019-03-09"
    echo "Parameter I passed in"

    echo "2019-03-02"
    echo "2019-03-09"
    echo "Parameter I passed in"

    echo "2019-03-02"
    echo "2019-03-09"
    echo "Parameter I passed in"

[2019-03-22 05:34:01,659] {bash_operator.py:119} INFO - Output:
[2019-03-22 05:34:01,670] {bash_operator.py:123} INFO - 2019-03-02
[2019-03-22 05:34:01,670] {bash_operator.py:123} INFO - 2019-03-09
[2019-03-22 05:34:01,670] {bash_operator.py:123} INFO - Parameter I passed in
[2019-03-22 05:34:01,670] {bash_operator.py:123} INFO - 2019-03-02
[2019-03-22 05:34:01,670] {bash_operator.py:123} INFO - 2019-03-09
[2019-03-22 05:34:01,670] {bash_operator.py:123} INFO - Parameter I passed in
[2019-03-22 05:34:01,670] {bash_operator.py:123} INFO - 2019-03-02
[2019-03-22 05:34:01,670] {bash_operator.py:123} INFO - 2019-03-09
[2019-03-22 05:34:01,670] {bash_operator.py:123} INFO - Parameter I passed in
[2019-03-22 05:34:01,671] {bash_operator.py:123} INFO - 2019-03-02
[2019-03-22 05:34:01,671] {bash_operator.py:123} INFO - 2019-03-09
[2019-03-22 05:34:01,671] {bash_operator.py:123} INFO - Parameter I passed in
[2019-03-22 05:34:01,671] {bash_operator.py:123} INFO - 2019-03-02
[2019-03-22 05:34:01,671] {bash_operator.py:123} INFO - 2019-03-09
[2019-03-22 05:34:01,671] {bash_operator.py:123} INFO - Parameter I passed in
[2019-03-22 05:34:01,671] {bash_operator.py:127} INFO - Command exited with return code 0
[2019-03-22 05:34:03,406] {logging_mixin.py:95} INFO - [2019-03-22 05:34:03,405] {jobs.py:2527} INFO - Task exited with return code 0
