[2019-03-22 01:17:05,660] {models.py:1359} INFO - Dependencies all met for <TaskInstance: tutorial.templated 2018-08-19T00:00:00+00:00 [queued]>
[2019-03-22 01:17:05,683] {models.py:1359} INFO - Dependencies all met for <TaskInstance: tutorial.templated 2018-08-19T00:00:00+00:00 [queued]>
[2019-03-22 01:17:05,683] {models.py:1571} INFO - 
--------------------------------------------------------------------------------
Starting attempt 1 of 2
--------------------------------------------------------------------------------

[2019-03-22 01:17:05,745] {models.py:1593} INFO - Executing <Task(BashOperator): templated> on 2018-08-19T00:00:00+00:00
[2019-03-22 01:17:05,745] {base_task_runner.py:118} INFO - Running: ['bash', '-c', 'airflow run tutorial templated 2018-08-19T00:00:00+00:00 --job_id 2426 --raw -sd DAGS_FOLDER/example_dags/tutorial.py --cfg_path /tmp/tmp2zwfyt1a']
[2019-03-22 01:17:06,569] {base_task_runner.py:101} INFO - Job 2426: Subtask templated [2019-03-22 01:17:06,568] {__init__.py:51} INFO - Using executor SequentialExecutor
[2019-03-22 01:17:07,034] {base_task_runner.py:101} INFO - Job 2426: Subtask templated [2019-03-22 01:17:07,033] {models.py:273} INFO - Filling up the DagBag from /home/rsandroni/airflow/dags/example_dags/tutorial.py
[2019-03-22 01:17:07,157] {base_task_runner.py:101} INFO - Job 2426: Subtask templated [2019-03-22 01:17:07,150] {cli.py:520} INFO - Running <TaskInstance: tutorial.templated 2018-08-19T00:00:00+00:00 [running]> on host IADAIRP1.globalrs.rack.space
[2019-03-22 01:17:07,193] {bash_operator.py:77} INFO - Tmp dir root location: 
 /tmp
[2019-03-22 01:17:07,194] {bash_operator.py:86} INFO - Exporting the following env vars:
AIRFLOW_CTX_DAG_ID=tutorial
AIRFLOW_CTX_TASK_ID=templated
AIRFLOW_CTX_EXECUTION_DATE=2018-08-19T00:00:00+00:00
AIRFLOW_CTX_DAG_RUN_ID=scheduled__2018-08-19T00:00:00+00:00
[2019-03-22 01:17:07,194] {bash_operator.py:100} INFO - Temporary script location: /tmp/airflowtmp159yml00/templatedic8u2z73
[2019-03-22 01:17:07,194] {bash_operator.py:110} INFO - Running command: 

    echo "2018-08-19"
    echo "2018-08-26"
    echo "Parameter I passed in"

    echo "2018-08-19"
    echo "2018-08-26"
    echo "Parameter I passed in"

    echo "2018-08-19"
    echo "2018-08-26"
    echo "Parameter I passed in"

    echo "2018-08-19"
    echo "2018-08-26"
    echo "Parameter I passed in"

    echo "2018-08-19"
    echo "2018-08-26"
    echo "Parameter I passed in"

[2019-03-22 01:17:07,244] {bash_operator.py:119} INFO - Output:
[2019-03-22 01:17:07,245] {bash_operator.py:123} INFO - 2018-08-19
[2019-03-22 01:17:07,245] {bash_operator.py:123} INFO - 2018-08-26
[2019-03-22 01:17:07,245] {bash_operator.py:123} INFO - Parameter I passed in
[2019-03-22 01:17:07,245] {bash_operator.py:123} INFO - 2018-08-19
[2019-03-22 01:17:07,245] {bash_operator.py:123} INFO - 2018-08-26
[2019-03-22 01:17:07,245] {bash_operator.py:123} INFO - Parameter I passed in
[2019-03-22 01:17:07,246] {bash_operator.py:123} INFO - 2018-08-19
[2019-03-22 01:17:07,246] {bash_operator.py:123} INFO - 2018-08-26
[2019-03-22 01:17:07,246] {bash_operator.py:123} INFO - Parameter I passed in
[2019-03-22 01:17:07,246] {bash_operator.py:123} INFO - 2018-08-19
[2019-03-22 01:17:07,246] {bash_operator.py:123} INFO - 2018-08-26
[2019-03-22 01:17:07,246] {bash_operator.py:123} INFO - Parameter I passed in
[2019-03-22 01:17:07,246] {bash_operator.py:123} INFO - 2018-08-19
[2019-03-22 01:17:07,246] {bash_operator.py:123} INFO - 2018-08-26
[2019-03-22 01:17:07,246] {bash_operator.py:123} INFO - Parameter I passed in
[2019-03-22 01:17:07,246] {bash_operator.py:127} INFO - Command exited with return code 0
[2019-03-22 01:17:10,629] {logging_mixin.py:95} INFO - [2019-03-22 01:17:10,629] {jobs.py:2527} INFO - Task exited with return code 0
