[2019-03-19 10:27:50,492] {models.py:1359} INFO - Dependencies all met for <TaskInstance: tutorial.templated 2015-06-27T00:00:00+00:00 [queued]>
[2019-03-19 10:27:50,496] {models.py:1359} INFO - Dependencies all met for <TaskInstance: tutorial.templated 2015-06-27T00:00:00+00:00 [queued]>
[2019-03-19 10:27:50,497] {models.py:1571} INFO - 
--------------------------------------------------------------------------------
Starting attempt 1 of 2
--------------------------------------------------------------------------------

[2019-03-19 10:27:50,511] {models.py:1593} INFO - Executing <Task(BashOperator): templated> on 2015-06-27T00:00:00+00:00
[2019-03-19 10:27:50,511] {base_task_runner.py:118} INFO - Running: ['bash', '-c', 'airflow run tutorial templated 2015-06-27T00:00:00+00:00 --job_id 59 --raw -sd DAGS_FOLDER/example_dags/tutorial.py --cfg_path /tmp/tmpmgpdj984']
[2019-03-19 10:27:51,112] {base_task_runner.py:101} INFO - Job 59: Subtask templated [2019-03-19 10:27:51,112] {__init__.py:51} INFO - Using executor SequentialExecutor
[2019-03-19 10:27:51,375] {base_task_runner.py:101} INFO - Job 59: Subtask templated [2019-03-19 10:27:51,374] {models.py:273} INFO - Filling up the DagBag from /home/rsandroni/airflow/dags/example_dags/tutorial.py
[2019-03-19 10:27:51,418] {base_task_runner.py:101} INFO - Job 59: Subtask templated [2019-03-19 10:27:51,417] {cli.py:520} INFO - Running <TaskInstance: tutorial.templated 2015-06-27T00:00:00+00:00 [running]> on host IADAIRP1.globalrs.rack.space
[2019-03-19 10:27:51,433] {bash_operator.py:77} INFO - Tmp dir root location: 
 /tmp
[2019-03-19 10:27:51,433] {bash_operator.py:86} INFO - Exporting the following env vars:
AIRFLOW_CTX_DAG_ID=tutorial
AIRFLOW_CTX_TASK_ID=templated
AIRFLOW_CTX_EXECUTION_DATE=2015-06-27T00:00:00+00:00
AIRFLOW_CTX_DAG_RUN_ID=scheduled__2015-06-27T00:00:00+00:00
[2019-03-19 10:27:51,434] {bash_operator.py:100} INFO - Temporary script location: /tmp/airflowtmpemb4ptzl/templatedcazm6i_l
[2019-03-19 10:27:51,434] {bash_operator.py:110} INFO - Running command: 

    echo "2015-06-27"
    echo "2015-07-04"
    echo "Parameter I passed in"

    echo "2015-06-27"
    echo "2015-07-04"
    echo "Parameter I passed in"

    echo "2015-06-27"
    echo "2015-07-04"
    echo "Parameter I passed in"

    echo "2015-06-27"
    echo "2015-07-04"
    echo "Parameter I passed in"

    echo "2015-06-27"
    echo "2015-07-04"
    echo "Parameter I passed in"

[2019-03-19 10:27:51,439] {bash_operator.py:119} INFO - Output:
[2019-03-19 10:27:51,440] {bash_operator.py:123} INFO - 2015-06-27
[2019-03-19 10:27:51,440] {bash_operator.py:123} INFO - 2015-07-04
[2019-03-19 10:27:51,440] {bash_operator.py:123} INFO - Parameter I passed in
[2019-03-19 10:27:51,440] {bash_operator.py:123} INFO - 2015-06-27
[2019-03-19 10:27:51,440] {bash_operator.py:123} INFO - 2015-07-04
[2019-03-19 10:27:51,440] {bash_operator.py:123} INFO - Parameter I passed in
[2019-03-19 10:27:51,440] {bash_operator.py:123} INFO - 2015-06-27
[2019-03-19 10:27:51,441] {bash_operator.py:123} INFO - 2015-07-04
[2019-03-19 10:27:51,441] {bash_operator.py:123} INFO - Parameter I passed in
[2019-03-19 10:27:51,441] {bash_operator.py:123} INFO - 2015-06-27
[2019-03-19 10:27:51,441] {bash_operator.py:123} INFO - 2015-07-04
[2019-03-19 10:27:51,441] {bash_operator.py:123} INFO - Parameter I passed in
[2019-03-19 10:27:51,441] {bash_operator.py:123} INFO - 2015-06-27
[2019-03-19 10:27:51,441] {bash_operator.py:123} INFO - 2015-07-04
[2019-03-19 10:27:51,441] {bash_operator.py:123} INFO - Parameter I passed in
[2019-03-19 10:27:51,441] {bash_operator.py:127} INFO - Command exited with return code 0
[2019-03-19 10:27:55,493] {logging_mixin.py:95} INFO - [2019-03-19 10:27:55,493] {jobs.py:2527} INFO - Task exited with return code 0
