[2019-03-21 17:25:54,079] {models.py:1359} INFO - Dependencies all met for <TaskInstance: tutorial.print_date 2017-07-09T00:00:00+00:00 [queued]>
[2019-03-21 17:25:54,083] {models.py:1359} INFO - Dependencies all met for <TaskInstance: tutorial.print_date 2017-07-09T00:00:00+00:00 [queued]>
[2019-03-21 17:25:54,083] {models.py:1571} INFO - 
--------------------------------------------------------------------------------
Starting attempt 1 of 2
--------------------------------------------------------------------------------

[2019-03-21 17:25:54,171] {models.py:1593} INFO - Executing <Task(BashOperator): print_date> on 2017-07-09T00:00:00+00:00
[2019-03-21 17:25:54,172] {base_task_runner.py:118} INFO - Running: ['bash', '-c', 'airflow run tutorial print_date 2017-07-09T00:00:00+00:00 --job_id 1573 --raw -sd DAGS_FOLDER/tutorial.py --cfg_path /tmp/tmpg24dh5_c']
[2019-03-21 17:25:55,972] {base_task_runner.py:101} INFO - Job 1573: Subtask print_date [2019-03-21 17:25:55,971] {__init__.py:51} INFO - Using executor SequentialExecutor
[2019-03-21 17:25:56,291] {base_task_runner.py:101} INFO - Job 1573: Subtask print_date [2019-03-21 17:25:56,288] {models.py:273} INFO - Filling up the DagBag from /home/rsandroni/airflow/dags/tutorial.py
[2019-03-21 17:25:56,311] {base_task_runner.py:101} INFO - Job 1573: Subtask print_date [2019-03-21 17:25:56,310] {cli.py:520} INFO - Running <TaskInstance: tutorial.print_date 2017-07-09T00:00:00+00:00 [running]> on host IADAIRP1.globalrs.rack.space
[2019-03-21 17:25:56,330] {bash_operator.py:77} INFO - Tmp dir root location: 
 /tmp
[2019-03-21 17:25:56,330] {bash_operator.py:86} INFO - Exporting the following env vars:
AIRFLOW_CTX_DAG_ID=tutorial
AIRFLOW_CTX_TASK_ID=print_date
AIRFLOW_CTX_EXECUTION_DATE=2017-07-09T00:00:00+00:00
AIRFLOW_CTX_DAG_RUN_ID=scheduled__2017-07-09T00:00:00+00:00
[2019-03-21 17:25:56,330] {bash_operator.py:100} INFO - Temporary script location: /tmp/airflowtmptmo947zy/print_dateqvny05lo
[2019-03-21 17:25:56,330] {bash_operator.py:110} INFO - Running command: date
[2019-03-21 17:25:56,337] {bash_operator.py:119} INFO - Output:
[2019-03-21 17:25:56,340] {bash_operator.py:123} INFO - Qui Mar 21 17:25:56 -03 2019
[2019-03-21 17:25:56,340] {bash_operator.py:127} INFO - Command exited with return code 0
[2019-03-21 17:25:59,074] {logging_mixin.py:95} INFO - [2019-03-21 17:25:59,073] {jobs.py:2527} INFO - Task exited with return code 0
