[2019-03-19 12:29:14,083] {models.py:1359} INFO - Dependencies all met for <TaskInstance: tutorial.print_date 2016-03-12T00:00:00+00:00 [queued]>
[2019-03-19 12:29:14,088] {models.py:1359} INFO - Dependencies all met for <TaskInstance: tutorial.print_date 2016-03-12T00:00:00+00:00 [queued]>
[2019-03-19 12:29:14,088] {models.py:1571} INFO - 
--------------------------------------------------------------------------------
Starting attempt 1 of 2
--------------------------------------------------------------------------------

[2019-03-19 12:29:14,125] {models.py:1593} INFO - Executing <Task(BashOperator): print_date> on 2016-03-12T00:00:00+00:00
[2019-03-19 12:29:14,125] {base_task_runner.py:118} INFO - Running: ['bash', '-c', 'airflow run tutorial print_date 2016-03-12T00:00:00+00:00 --job_id 576 --raw -sd DAGS_FOLDER/tutorial.py --cfg_path /tmp/tmpuidk82u5']
[2019-03-19 12:29:14,795] {base_task_runner.py:101} INFO - Job 576: Subtask print_date [2019-03-19 12:29:14,794] {__init__.py:51} INFO - Using executor SequentialExecutor
[2019-03-19 12:29:15,180] {base_task_runner.py:101} INFO - Job 576: Subtask print_date [2019-03-19 12:29:15,179] {models.py:273} INFO - Filling up the DagBag from /home/rsandroni/airflow/dags/tutorial.py
[2019-03-19 12:29:15,213] {base_task_runner.py:101} INFO - Job 576: Subtask print_date [2019-03-19 12:29:15,208] {cli.py:520} INFO - Running <TaskInstance: tutorial.print_date 2016-03-12T00:00:00+00:00 [running]> on host IADAIRP1.globalrs.rack.space
[2019-03-19 12:29:15,254] {bash_operator.py:77} INFO - Tmp dir root location: 
 /tmp
[2019-03-19 12:29:15,254] {bash_operator.py:86} INFO - Exporting the following env vars:
AIRFLOW_CTX_DAG_ID=tutorial
AIRFLOW_CTX_TASK_ID=print_date
AIRFLOW_CTX_EXECUTION_DATE=2016-03-12T00:00:00+00:00
AIRFLOW_CTX_DAG_RUN_ID=scheduled__2016-03-12T00:00:00+00:00
[2019-03-19 12:29:15,254] {bash_operator.py:100} INFO - Temporary script location: /tmp/airflowtmpuh0ud7bd/print_date3jlq487u
[2019-03-19 12:29:15,255] {bash_operator.py:110} INFO - Running command: date
[2019-03-19 12:29:15,303] {bash_operator.py:119} INFO - Output:
[2019-03-19 12:29:15,307] {bash_operator.py:123} INFO - Ter Mar 19 12:29:15 -03 2019
[2019-03-19 12:29:15,308] {bash_operator.py:127} INFO - Command exited with return code 0
[2019-03-19 12:29:19,073] {logging_mixin.py:95} INFO - [2019-03-19 12:29:19,072] {jobs.py:2527} INFO - Task exited with return code 0
