[2019-03-19 11:59:26,769] {models.py:1359} INFO - Dependencies all met for <TaskInstance: tutorial.print_date 2016-01-04T00:00:00+00:00 [queued]>
[2019-03-19 11:59:26,771] {models.py:1359} INFO - Dependencies all met for <TaskInstance: tutorial.print_date 2016-01-04T00:00:00+00:00 [queued]>
[2019-03-19 11:59:26,771] {models.py:1571} INFO - 
--------------------------------------------------------------------------------
Starting attempt 1 of 2
--------------------------------------------------------------------------------

[2019-03-19 11:59:26,795] {models.py:1593} INFO - Executing <Task(BashOperator): print_date> on 2016-01-04T00:00:00+00:00
[2019-03-19 11:59:26,795] {base_task_runner.py:118} INFO - Running: ['bash', '-c', 'airflow run tutorial print_date 2016-01-04T00:00:00+00:00 --job_id 439 --raw -sd DAGS_FOLDER/tutorial.py --cfg_path /tmp/tmpo8ixqk85']
[2019-03-19 11:59:27,419] {base_task_runner.py:101} INFO - Job 439: Subtask print_date [2019-03-19 11:59:27,419] {__init__.py:51} INFO - Using executor SequentialExecutor
[2019-03-19 11:59:27,657] {base_task_runner.py:101} INFO - Job 439: Subtask print_date [2019-03-19 11:59:27,656] {models.py:273} INFO - Filling up the DagBag from /home/rsandroni/airflow/dags/tutorial.py
[2019-03-19 11:59:27,672] {base_task_runner.py:101} INFO - Job 439: Subtask print_date [2019-03-19 11:59:27,671] {cli.py:520} INFO - Running <TaskInstance: tutorial.print_date 2016-01-04T00:00:00+00:00 [running]> on host IADAIRP1.globalrs.rack.space
[2019-03-19 11:59:27,684] {bash_operator.py:77} INFO - Tmp dir root location: 
 /tmp
[2019-03-19 11:59:27,684] {bash_operator.py:86} INFO - Exporting the following env vars:
AIRFLOW_CTX_DAG_ID=tutorial
AIRFLOW_CTX_TASK_ID=print_date
AIRFLOW_CTX_EXECUTION_DATE=2016-01-04T00:00:00+00:00
AIRFLOW_CTX_DAG_RUN_ID=scheduled__2016-01-04T00:00:00+00:00
[2019-03-19 11:59:27,685] {bash_operator.py:100} INFO - Temporary script location: /tmp/airflowtmpx79gz1_y/print_datel7yag8ia
[2019-03-19 11:59:27,685] {bash_operator.py:110} INFO - Running command: date
[2019-03-19 11:59:27,690] {bash_operator.py:119} INFO - Output:
[2019-03-19 11:59:27,692] {bash_operator.py:123} INFO - Ter Mar 19 11:59:27 -03 2019
[2019-03-19 11:59:27,692] {bash_operator.py:127} INFO - Command exited with return code 0
[2019-03-19 11:59:31,752] {logging_mixin.py:95} INFO - [2019-03-19 11:59:31,751] {jobs.py:2527} INFO - Task exited with return code 0
