[2019-03-19 13:13:24,965] {models.py:1359} INFO - Dependencies all met for <TaskInstance: tutorial.print_date 2016-06-09T00:00:00+00:00 [queued]>
[2019-03-19 13:13:24,967] {models.py:1359} INFO - Dependencies all met for <TaskInstance: tutorial.print_date 2016-06-09T00:00:00+00:00 [queued]>
[2019-03-19 13:13:24,967] {models.py:1571} INFO - 
--------------------------------------------------------------------------------
Starting attempt 1 of 2
--------------------------------------------------------------------------------

[2019-03-19 13:13:24,994] {models.py:1593} INFO - Executing <Task(BashOperator): print_date> on 2016-06-09T00:00:00+00:00
[2019-03-19 13:13:24,994] {base_task_runner.py:118} INFO - Running: ['bash', '-c', 'airflow run tutorial print_date 2016-06-09T00:00:00+00:00 --job_id 752 --raw -sd DAGS_FOLDER/sql_server_load.py --cfg_path /tmp/tmp602z4kku']
[2019-03-19 13:13:25,872] {base_task_runner.py:101} INFO - Job 752: Subtask print_date [2019-03-19 13:13:25,871] {__init__.py:51} INFO - Using executor SequentialExecutor
[2019-03-19 13:13:26,444] {base_task_runner.py:101} INFO - Job 752: Subtask print_date [2019-03-19 13:13:26,440] {models.py:273} INFO - Filling up the DagBag from /home/rsandroni/airflow/dags/sql_server_load.py
[2019-03-19 13:13:26,475] {base_task_runner.py:101} INFO - Job 752: Subtask print_date [2019-03-19 13:13:26,472] {cli.py:520} INFO - Running <TaskInstance: tutorial.print_date 2016-06-09T00:00:00+00:00 [running]> on host IADAIRP1.globalrs.rack.space
[2019-03-19 13:13:26,535] {bash_operator.py:77} INFO - Tmp dir root location: 
 /tmp
[2019-03-19 13:13:26,535] {bash_operator.py:86} INFO - Exporting the following env vars:
AIRFLOW_CTX_DAG_ID=tutorial
AIRFLOW_CTX_TASK_ID=print_date
AIRFLOW_CTX_EXECUTION_DATE=2016-06-09T00:00:00+00:00
AIRFLOW_CTX_DAG_RUN_ID=scheduled__2016-06-09T00:00:00+00:00
[2019-03-19 13:13:26,535] {bash_operator.py:100} INFO - Temporary script location: /tmp/airflowtmp82vvypqy/print_datevnsd3uj_
[2019-03-19 13:13:26,535] {bash_operator.py:110} INFO - Running command: date
[2019-03-19 13:13:26,585] {bash_operator.py:119} INFO - Output:
[2019-03-19 13:13:26,605] {bash_operator.py:123} INFO - Ter Mar 19 13:13:26 -03 2019
[2019-03-19 13:13:26,606] {bash_operator.py:127} INFO - Command exited with return code 0
[2019-03-19 13:13:29,930] {logging_mixin.py:95} INFO - [2019-03-19 13:13:29,930] {jobs.py:2527} INFO - Task exited with return code 0
