[2019-03-22 02:13:16,188] {models.py:1359} INFO - Dependencies all met for <TaskInstance: tutorial.print_date 2018-10-03T00:00:00+00:00 [queued]>
[2019-03-22 02:13:16,193] {models.py:1359} INFO - Dependencies all met for <TaskInstance: tutorial.print_date 2018-10-03T00:00:00+00:00 [queued]>
[2019-03-22 02:13:16,194] {models.py:1571} INFO - 
--------------------------------------------------------------------------------
Starting attempt 1 of 2
--------------------------------------------------------------------------------

[2019-03-22 02:13:16,240] {models.py:1593} INFO - Executing <Task(BashOperator): print_date> on 2018-10-03T00:00:00+00:00
[2019-03-22 02:13:16,240] {base_task_runner.py:118} INFO - Running: ['bash', '-c', 'airflow run tutorial print_date 2018-10-03T00:00:00+00:00 --job_id 2513 --raw -sd DAGS_FOLDER/tutorial.py --cfg_path /tmp/tmpktmyfjjm']
[2019-03-22 02:13:17,063] {base_task_runner.py:101} INFO - Job 2513: Subtask print_date [2019-03-22 02:13:17,062] {__init__.py:51} INFO - Using executor SequentialExecutor
[2019-03-22 02:13:17,420] {base_task_runner.py:101} INFO - Job 2513: Subtask print_date [2019-03-22 02:13:17,418] {models.py:273} INFO - Filling up the DagBag from /home/rsandroni/airflow/dags/tutorial.py
[2019-03-22 02:13:17,454] {base_task_runner.py:101} INFO - Job 2513: Subtask print_date [2019-03-22 02:13:17,450] {cli.py:520} INFO - Running <TaskInstance: tutorial.print_date 2018-10-03T00:00:00+00:00 [running]> on host IADAIRP1.globalrs.rack.space
[2019-03-22 02:13:17,497] {bash_operator.py:77} INFO - Tmp dir root location: 
 /tmp
[2019-03-22 02:13:17,497] {bash_operator.py:86} INFO - Exporting the following env vars:
AIRFLOW_CTX_DAG_ID=tutorial
AIRFLOW_CTX_TASK_ID=print_date
AIRFLOW_CTX_EXECUTION_DATE=2018-10-03T00:00:00+00:00
AIRFLOW_CTX_DAG_RUN_ID=scheduled__2018-10-03T00:00:00+00:00
[2019-03-22 02:13:17,497] {bash_operator.py:100} INFO - Temporary script location: /tmp/airflowtmpj1t5rvg9/print_datet65mh0wp
[2019-03-22 02:13:17,498] {bash_operator.py:110} INFO - Running command: date
[2019-03-22 02:13:17,536] {bash_operator.py:119} INFO - Output:
[2019-03-22 02:13:17,553] {bash_operator.py:123} INFO - Sex Mar 22 02:13:17 -03 2019
[2019-03-22 02:13:17,564] {bash_operator.py:127} INFO - Command exited with return code 0
[2019-03-22 02:13:21,221] {logging_mixin.py:95} INFO - [2019-03-22 02:13:21,220] {jobs.py:2527} INFO - Task exited with return code 0
