[2019-03-19 15:51:09,064] {models.py:1359} INFO - Dependencies all met for <TaskInstance: tutorial.templated 2017-05-10T00:00:00+00:00 [queued]>
[2019-03-19 15:51:09,068] {models.py:1359} INFO - Dependencies all met for <TaskInstance: tutorial.templated 2017-05-10T00:00:00+00:00 [queued]>
[2019-03-19 15:51:09,068] {models.py:1571} INFO - 
--------------------------------------------------------------------------------
Starting attempt 1 of 2
--------------------------------------------------------------------------------

[2019-03-19 15:51:09,081] {models.py:1593} INFO - Executing <Task(BashOperator): templated> on 2017-05-10T00:00:00+00:00
[2019-03-19 15:51:09,081] {base_task_runner.py:118} INFO - Running: ['bash', '-c', 'airflow run tutorial templated 2017-05-10T00:00:00+00:00 --job_id 1426 --raw -sd DAGS_FOLDER/sql_server_load.py --cfg_path /tmp/tmp0bml6wcv']
[2019-03-19 15:51:09,791] {base_task_runner.py:101} INFO - Job 1426: Subtask templated [2019-03-19 15:51:09,790] {__init__.py:51} INFO - Using executor SequentialExecutor
[2019-03-19 15:51:10,074] {base_task_runner.py:101} INFO - Job 1426: Subtask templated [2019-03-19 15:51:10,070] {models.py:273} INFO - Filling up the DagBag from /home/rsandroni/airflow/dags/sql_server_load.py
[2019-03-19 15:51:10,088] {base_task_runner.py:101} INFO - Job 1426: Subtask templated [2019-03-19 15:51:10,088] {cli.py:520} INFO - Running <TaskInstance: tutorial.templated 2017-05-10T00:00:00+00:00 [running]> on host IADAIRP1.globalrs.rack.space
[2019-03-19 15:51:10,102] {bash_operator.py:77} INFO - Tmp dir root location: 
 /tmp
[2019-03-19 15:51:10,103] {bash_operator.py:86} INFO - Exporting the following env vars:
AIRFLOW_CTX_DAG_ID=tutorial
AIRFLOW_CTX_TASK_ID=templated
AIRFLOW_CTX_EXECUTION_DATE=2017-05-10T00:00:00+00:00
AIRFLOW_CTX_DAG_RUN_ID=scheduled__2017-05-10T00:00:00+00:00
[2019-03-19 15:51:10,103] {bash_operator.py:100} INFO - Temporary script location: /tmp/airflowtmp6yno0t2z/templatedw2q3if0d
[2019-03-19 15:51:10,103] {bash_operator.py:110} INFO - Running command: 
    
        echo "2017-05-10"
        echo "Parameter I passed in"
    
        echo "2017-05-10"
        echo "Parameter I passed in"
    
        echo "2017-05-10"
        echo "Parameter I passed in"
    
        echo "2017-05-10"
        echo "Parameter I passed in"
    
        echo "2017-05-10"
        echo "Parameter I passed in"
    
    
[2019-03-19 15:51:10,108] {bash_operator.py:119} INFO - Output:
[2019-03-19 15:51:10,110] {bash_operator.py:123} INFO - 2017-05-10
[2019-03-19 15:51:10,110] {bash_operator.py:123} INFO - Parameter I passed in
[2019-03-19 15:51:10,110] {bash_operator.py:123} INFO - 2017-05-10
[2019-03-19 15:51:10,110] {bash_operator.py:123} INFO - Parameter I passed in
[2019-03-19 15:51:10,110] {bash_operator.py:123} INFO - 2017-05-10
[2019-03-19 15:51:10,110] {bash_operator.py:123} INFO - Parameter I passed in
[2019-03-19 15:51:10,110] {bash_operator.py:123} INFO - 2017-05-10
[2019-03-19 15:51:10,110] {bash_operator.py:123} INFO - Parameter I passed in
[2019-03-19 15:51:10,110] {bash_operator.py:123} INFO - 2017-05-10
[2019-03-19 15:51:10,110] {bash_operator.py:123} INFO - Parameter I passed in
[2019-03-19 15:51:10,110] {bash_operator.py:127} INFO - Command exited with return code 0
[2019-03-19 15:51:14,067] {logging_mixin.py:95} INFO - [2019-03-19 15:51:14,066] {jobs.py:2527} INFO - Task exited with return code 0
