[2019-03-19 12:40:26,781] {models.py:1359} INFO - Dependencies all met for <TaskInstance: tutorial.templated 2016-04-03T00:00:00+00:00 [queued]>
[2019-03-19 12:40:26,786] {models.py:1359} INFO - Dependencies all met for <TaskInstance: tutorial.templated 2016-04-03T00:00:00+00:00 [queued]>
[2019-03-19 12:40:26,787] {models.py:1571} INFO - 
--------------------------------------------------------------------------------
Starting attempt 1 of 2
--------------------------------------------------------------------------------

[2019-03-19 12:40:26,909] {models.py:1593} INFO - Executing <Task(BashOperator): templated> on 2016-04-03T00:00:00+00:00
[2019-03-19 12:40:26,909] {base_task_runner.py:118} INFO - Running: ['bash', '-c', 'airflow run tutorial templated 2016-04-03T00:00:00+00:00 --job_id 622 --raw -sd DAGS_FOLDER/sql_server_load.py --cfg_path /tmp/tmphrzp3t_i']
[2019-03-19 12:40:29,948] {base_task_runner.py:101} INFO - Job 622: Subtask templated [2019-03-19 12:40:29,946] {__init__.py:51} INFO - Using executor SequentialExecutor
[2019-03-19 12:40:31,284] {base_task_runner.py:101} INFO - Job 622: Subtask templated [2019-03-19 12:40:31,277] {models.py:273} INFO - Filling up the DagBag from /home/rsandroni/airflow/dags/sql_server_load.py
[2019-03-19 12:40:31,336] {base_task_runner.py:101} INFO - Job 622: Subtask templated [2019-03-19 12:40:31,335] {cli.py:520} INFO - Running <TaskInstance: tutorial.templated 2016-04-03T00:00:00+00:00 [running]> on host IADAIRP1.globalrs.rack.space
[2019-03-19 12:40:31,372] {bash_operator.py:77} INFO - Tmp dir root location: 
 /tmp
[2019-03-19 12:40:31,373] {bash_operator.py:86} INFO - Exporting the following env vars:
AIRFLOW_CTX_DAG_ID=tutorial
AIRFLOW_CTX_TASK_ID=templated
AIRFLOW_CTX_EXECUTION_DATE=2016-04-03T00:00:00+00:00
AIRFLOW_CTX_DAG_RUN_ID=scheduled__2016-04-03T00:00:00+00:00
[2019-03-19 12:40:31,373] {bash_operator.py:100} INFO - Temporary script location: /tmp/airflowtmp1cozus04/templatedilf677j2
[2019-03-19 12:40:31,373] {bash_operator.py:110} INFO - Running command: 
    
        echo "2016-04-03"
        echo "Parameter I passed in"
    
        echo "2016-04-03"
        echo "Parameter I passed in"
    
        echo "2016-04-03"
        echo "Parameter I passed in"
    
        echo "2016-04-03"
        echo "Parameter I passed in"
    
        echo "2016-04-03"
        echo "Parameter I passed in"
    
    
[2019-03-19 12:40:31,547] {bash_operator.py:119} INFO - Output:
[2019-03-19 12:40:31,547] {bash_operator.py:123} INFO - 2016-04-03
[2019-03-19 12:40:31,547] {bash_operator.py:123} INFO - Parameter I passed in
[2019-03-19 12:40:31,547] {bash_operator.py:123} INFO - 2016-04-03
[2019-03-19 12:40:31,547] {bash_operator.py:123} INFO - Parameter I passed in
[2019-03-19 12:40:31,547] {bash_operator.py:123} INFO - 2016-04-03
[2019-03-19 12:40:31,547] {bash_operator.py:123} INFO - Parameter I passed in
[2019-03-19 12:40:31,547] {bash_operator.py:123} INFO - 2016-04-03
[2019-03-19 12:40:31,547] {bash_operator.py:123} INFO - Parameter I passed in
[2019-03-19 12:40:31,547] {bash_operator.py:123} INFO - 2016-04-03
[2019-03-19 12:40:31,547] {bash_operator.py:123} INFO - Parameter I passed in
[2019-03-19 12:40:31,548] {bash_operator.py:127} INFO - Command exited with return code 0
[2019-03-19 12:40:31,821] {logging_mixin.py:95} INFO - [2019-03-19 12:40:31,821] {jobs.py:2595} WARNING - State of this instance has been externally set to success. Taking the poison pill.
[2019-03-19 12:40:31,837] {helpers.py:250} INFO - Sending Signals.SIGTERM to GPID 105152
[2019-03-19 12:40:31,913] {helpers.py:232} INFO - Process psutil.Process(pid=105152, status='terminated') (105152) terminated with exit code -15
[2019-03-19 12:40:31,915] {logging_mixin.py:95} INFO - [2019-03-19 12:40:31,914] {jobs.py:2527} INFO - Task exited with return code 0
