[2019-03-21 23:42:21,622] {models.py:1359} INFO - Dependencies all met for <TaskInstance: tutorial.print_date 2018-06-10T00:00:00+00:00 [queued]>
[2019-03-21 23:42:21,625] {models.py:1359} INFO - Dependencies all met for <TaskInstance: tutorial.print_date 2018-06-10T00:00:00+00:00 [queued]>
[2019-03-21 23:42:21,625] {models.py:1571} INFO - 
--------------------------------------------------------------------------------
Starting attempt 1 of 2
--------------------------------------------------------------------------------

[2019-03-21 23:42:21,637] {models.py:1593} INFO - Executing <Task(BashOperator): print_date> on 2018-06-10T00:00:00+00:00
[2019-03-21 23:42:21,638] {base_task_runner.py:118} INFO - Running: ['bash', '-c', 'airflow run tutorial print_date 2018-06-10T00:00:00+00:00 --job_id 2284 --raw -sd DAGS_FOLDER/tutorial.py --cfg_path /tmp/tmpgndub_cn']
[2019-03-21 23:42:22,276] {base_task_runner.py:101} INFO - Job 2284: Subtask print_date [2019-03-21 23:42:22,275] {__init__.py:51} INFO - Using executor SequentialExecutor
[2019-03-21 23:42:22,509] {base_task_runner.py:101} INFO - Job 2284: Subtask print_date [2019-03-21 23:42:22,508] {models.py:273} INFO - Filling up the DagBag from /home/rsandroni/airflow/dags/tutorial.py
[2019-03-21 23:42:22,525] {base_task_runner.py:101} INFO - Job 2284: Subtask print_date [2019-03-21 23:42:22,524] {cli.py:520} INFO - Running <TaskInstance: tutorial.print_date 2018-06-10T00:00:00+00:00 [running]> on host IADAIRP1.globalrs.rack.space
[2019-03-21 23:42:22,539] {bash_operator.py:77} INFO - Tmp dir root location: 
 /tmp
[2019-03-21 23:42:22,539] {bash_operator.py:86} INFO - Exporting the following env vars:
AIRFLOW_CTX_DAG_ID=tutorial
AIRFLOW_CTX_TASK_ID=print_date
AIRFLOW_CTX_EXECUTION_DATE=2018-06-10T00:00:00+00:00
AIRFLOW_CTX_DAG_RUN_ID=scheduled__2018-06-10T00:00:00+00:00
[2019-03-21 23:42:22,540] {bash_operator.py:100} INFO - Temporary script location: /tmp/airflowtmps30ubw1n/print_date_q6qipkp
[2019-03-21 23:42:22,540] {bash_operator.py:110} INFO - Running command: date
[2019-03-21 23:42:22,545] {bash_operator.py:119} INFO - Output:
[2019-03-21 23:42:22,547] {bash_operator.py:123} INFO - Qui Mar 21 23:42:22 -03 2019
[2019-03-21 23:42:22,547] {bash_operator.py:127} INFO - Command exited with return code 0
[2019-03-21 23:42:26,626] {logging_mixin.py:95} INFO - [2019-03-21 23:42:26,626] {jobs.py:2527} INFO - Task exited with return code 0
