[2019-03-19 13:30:08,743] {models.py:1359} INFO - Dependencies all met for <TaskInstance: tutorial.print_date 2016-07-14T00:00:00+00:00 [queued]>
[2019-03-19 13:30:08,746] {models.py:1359} INFO - Dependencies all met for <TaskInstance: tutorial.print_date 2016-07-14T00:00:00+00:00 [queued]>
[2019-03-19 13:30:08,746] {models.py:1571} INFO - 
--------------------------------------------------------------------------------
Starting attempt 1 of 2
--------------------------------------------------------------------------------

[2019-03-19 13:30:08,830] {models.py:1593} INFO - Executing <Task(BashOperator): print_date> on 2016-07-14T00:00:00+00:00
[2019-03-19 13:30:08,830] {base_task_runner.py:118} INFO - Running: ['bash', '-c', 'airflow run tutorial print_date 2016-07-14T00:00:00+00:00 --job_id 823 --raw -sd DAGS_FOLDER/tutorial.py --cfg_path /tmp/tmpggt_w25f']
[2019-03-19 13:30:09,715] {base_task_runner.py:101} INFO - Job 823: Subtask print_date [2019-03-19 13:30:09,715] {__init__.py:51} INFO - Using executor SequentialExecutor
[2019-03-19 13:30:10,273] {base_task_runner.py:101} INFO - Job 823: Subtask print_date [2019-03-19 13:30:10,268] {models.py:273} INFO - Filling up the DagBag from /home/rsandroni/airflow/dags/tutorial.py
[2019-03-19 13:30:10,301] {base_task_runner.py:101} INFO - Job 823: Subtask print_date [2019-03-19 13:30:10,296] {cli.py:520} INFO - Running <TaskInstance: tutorial.print_date 2016-07-14T00:00:00+00:00 [running]> on host IADAIRP1.globalrs.rack.space
[2019-03-19 13:30:10,340] {bash_operator.py:77} INFO - Tmp dir root location: 
 /tmp
[2019-03-19 13:30:10,340] {bash_operator.py:86} INFO - Exporting the following env vars:
AIRFLOW_CTX_DAG_ID=tutorial
AIRFLOW_CTX_TASK_ID=print_date
AIRFLOW_CTX_EXECUTION_DATE=2016-07-14T00:00:00+00:00
AIRFLOW_CTX_DAG_RUN_ID=scheduled__2016-07-14T00:00:00+00:00
[2019-03-19 13:30:10,340] {bash_operator.py:100} INFO - Temporary script location: /tmp/airflowtmp_kd5etf2/print_dateapl6tjn0
[2019-03-19 13:30:10,340] {bash_operator.py:110} INFO - Running command: date
[2019-03-19 13:30:10,374] {bash_operator.py:119} INFO - Output:
[2019-03-19 13:30:10,390] {bash_operator.py:123} INFO - Ter Mar 19 13:30:10 -03 2019
[2019-03-19 13:30:10,400] {bash_operator.py:127} INFO - Command exited with return code 0
[2019-03-19 13:30:13,702] {logging_mixin.py:95} INFO - [2019-03-19 13:30:13,701] {jobs.py:2527} INFO - Task exited with return code 0
