[2019-03-21 18:06:21,792] {models.py:1359} INFO - Dependencies all met for <TaskInstance: tutorial.templated 2017-09-10T00:00:00+00:00 [queued]>
[2019-03-21 18:06:21,796] {models.py:1359} INFO - Dependencies all met for <TaskInstance: tutorial.templated 2017-09-10T00:00:00+00:00 [queued]>
[2019-03-21 18:06:21,796] {models.py:1571} INFO - 
--------------------------------------------------------------------------------
Starting attempt 1 of 2
--------------------------------------------------------------------------------

[2019-03-21 18:06:21,811] {models.py:1593} INFO - Executing <Task(BashOperator): templated> on 2017-09-10T00:00:00+00:00
[2019-03-21 18:06:21,812] {base_task_runner.py:118} INFO - Running: ['bash', '-c', 'airflow run tutorial templated 2017-09-10T00:00:00+00:00 --job_id 1732 --raw -sd DAGS_FOLDER/example_dags/tutorial.py --cfg_path /tmp/tmpuh46b8hr']
[2019-03-21 18:06:22,449] {base_task_runner.py:101} INFO - Job 1732: Subtask templated [2019-03-21 18:06:22,448] {__init__.py:51} INFO - Using executor SequentialExecutor
[2019-03-21 18:06:22,681] {base_task_runner.py:101} INFO - Job 1732: Subtask templated [2019-03-21 18:06:22,680] {models.py:273} INFO - Filling up the DagBag from /home/rsandroni/airflow/dags/example_dags/tutorial.py
[2019-03-21 18:06:22,745] {base_task_runner.py:101} INFO - Job 1732: Subtask templated [2019-03-21 18:06:22,744] {cli.py:520} INFO - Running <TaskInstance: tutorial.templated 2017-09-10T00:00:00+00:00 [running]> on host IADAIRP1.globalrs.rack.space
[2019-03-21 18:06:22,761] {bash_operator.py:77} INFO - Tmp dir root location: 
 /tmp
[2019-03-21 18:06:22,761] {bash_operator.py:86} INFO - Exporting the following env vars:
AIRFLOW_CTX_DAG_ID=tutorial
AIRFLOW_CTX_TASK_ID=templated
AIRFLOW_CTX_EXECUTION_DATE=2017-09-10T00:00:00+00:00
AIRFLOW_CTX_DAG_RUN_ID=scheduled__2017-09-10T00:00:00+00:00
[2019-03-21 18:06:22,762] {bash_operator.py:100} INFO - Temporary script location: /tmp/airflowtmpupf30g9m/templatedlv6y2p5g
[2019-03-21 18:06:22,762] {bash_operator.py:110} INFO - Running command: 

    echo "2017-09-10"
    echo "2017-09-17"
    echo "Parameter I passed in"

    echo "2017-09-10"
    echo "2017-09-17"
    echo "Parameter I passed in"

    echo "2017-09-10"
    echo "2017-09-17"
    echo "Parameter I passed in"

    echo "2017-09-10"
    echo "2017-09-17"
    echo "Parameter I passed in"

    echo "2017-09-10"
    echo "2017-09-17"
    echo "Parameter I passed in"

[2019-03-21 18:06:22,768] {bash_operator.py:119} INFO - Output:
[2019-03-21 18:06:22,769] {bash_operator.py:123} INFO - 2017-09-10
[2019-03-21 18:06:22,769] {bash_operator.py:123} INFO - 2017-09-17
[2019-03-21 18:06:22,769] {bash_operator.py:123} INFO - Parameter I passed in
[2019-03-21 18:06:22,769] {bash_operator.py:123} INFO - 2017-09-10
[2019-03-21 18:06:22,769] {bash_operator.py:123} INFO - 2017-09-17
[2019-03-21 18:06:22,769] {bash_operator.py:123} INFO - Parameter I passed in
[2019-03-21 18:06:22,769] {bash_operator.py:123} INFO - 2017-09-10
[2019-03-21 18:06:22,769] {bash_operator.py:123} INFO - 2017-09-17
[2019-03-21 18:06:22,769] {bash_operator.py:123} INFO - Parameter I passed in
[2019-03-21 18:06:22,769] {bash_operator.py:123} INFO - 2017-09-10
[2019-03-21 18:06:22,769] {bash_operator.py:123} INFO - 2017-09-17
[2019-03-21 18:06:22,769] {bash_operator.py:123} INFO - Parameter I passed in
[2019-03-21 18:06:22,769] {bash_operator.py:123} INFO - 2017-09-10
[2019-03-21 18:06:22,769] {bash_operator.py:123} INFO - 2017-09-17
[2019-03-21 18:06:22,769] {bash_operator.py:123} INFO - Parameter I passed in
[2019-03-21 18:06:22,769] {bash_operator.py:127} INFO - Command exited with return code 0
[2019-03-21 18:06:26,793] {logging_mixin.py:95} INFO - [2019-03-21 18:06:26,792] {jobs.py:2527} INFO - Task exited with return code 0
