[2019-03-22 04:59:19,887] {models.py:1359} INFO - Dependencies all met for <TaskInstance: tutorial.templated 2019-02-04T00:00:00+00:00 [queued]>
[2019-03-22 04:59:19,893] {models.py:1359} INFO - Dependencies all met for <TaskInstance: tutorial.templated 2019-02-04T00:00:00+00:00 [queued]>
[2019-03-22 04:59:19,893] {models.py:1571} INFO - 
--------------------------------------------------------------------------------
Starting attempt 1 of 2
--------------------------------------------------------------------------------

[2019-03-22 04:59:19,910] {models.py:1593} INFO - Executing <Task(BashOperator): templated> on 2019-02-04T00:00:00+00:00
[2019-03-22 04:59:19,910] {base_task_runner.py:118} INFO - Running: ['bash', '-c', 'airflow run tutorial templated 2019-02-04T00:00:00+00:00 --job_id 2763 --raw -sd DAGS_FOLDER/example_dags/tutorial.py --cfg_path /tmp/tmp3b9a455z']
[2019-03-22 04:59:20,757] {base_task_runner.py:101} INFO - Job 2763: Subtask templated [2019-03-22 04:59:20,757] {__init__.py:51} INFO - Using executor SequentialExecutor
[2019-03-22 04:59:21,337] {base_task_runner.py:101} INFO - Job 2763: Subtask templated [2019-03-22 04:59:21,334] {models.py:273} INFO - Filling up the DagBag from /home/rsandroni/airflow/dags/example_dags/tutorial.py
[2019-03-22 04:59:21,557] {base_task_runner.py:101} INFO - Job 2763: Subtask templated [2019-03-22 04:59:21,556] {cli.py:520} INFO - Running <TaskInstance: tutorial.templated 2019-02-04T00:00:00+00:00 [running]> on host IADAIRP1.globalrs.rack.space
[2019-03-22 04:59:21,601] {bash_operator.py:77} INFO - Tmp dir root location: 
 /tmp
[2019-03-22 04:59:21,601] {bash_operator.py:86} INFO - Exporting the following env vars:
AIRFLOW_CTX_DAG_ID=tutorial
AIRFLOW_CTX_TASK_ID=templated
AIRFLOW_CTX_EXECUTION_DATE=2019-02-04T00:00:00+00:00
AIRFLOW_CTX_DAG_RUN_ID=scheduled__2019-02-04T00:00:00+00:00
[2019-03-22 04:59:21,602] {bash_operator.py:100} INFO - Temporary script location: /tmp/airflowtmpypjg5thg/templatedbzaj50ag
[2019-03-22 04:59:21,602] {bash_operator.py:110} INFO - Running command: 

    echo "2019-02-04"
    echo "2019-02-11"
    echo "Parameter I passed in"

    echo "2019-02-04"
    echo "2019-02-11"
    echo "Parameter I passed in"

    echo "2019-02-04"
    echo "2019-02-11"
    echo "Parameter I passed in"

    echo "2019-02-04"
    echo "2019-02-11"
    echo "Parameter I passed in"

    echo "2019-02-04"
    echo "2019-02-11"
    echo "Parameter I passed in"

[2019-03-22 04:59:21,643] {bash_operator.py:119} INFO - Output:
[2019-03-22 04:59:21,654] {bash_operator.py:123} INFO - 2019-02-04
[2019-03-22 04:59:21,654] {bash_operator.py:123} INFO - 2019-02-11
[2019-03-22 04:59:21,654] {bash_operator.py:123} INFO - Parameter I passed in
[2019-03-22 04:59:21,654] {bash_operator.py:123} INFO - 2019-02-04
[2019-03-22 04:59:21,654] {bash_operator.py:123} INFO - 2019-02-11
[2019-03-22 04:59:21,655] {bash_operator.py:123} INFO - Parameter I passed in
[2019-03-22 04:59:21,655] {bash_operator.py:123} INFO - 2019-02-04
[2019-03-22 04:59:21,655] {bash_operator.py:123} INFO - 2019-02-11
[2019-03-22 04:59:21,655] {bash_operator.py:123} INFO - Parameter I passed in
[2019-03-22 04:59:21,655] {bash_operator.py:123} INFO - 2019-02-04
[2019-03-22 04:59:21,655] {bash_operator.py:123} INFO - 2019-02-11
[2019-03-22 04:59:21,655] {bash_operator.py:123} INFO - Parameter I passed in
[2019-03-22 04:59:21,655] {bash_operator.py:123} INFO - 2019-02-04
[2019-03-22 04:59:21,655] {bash_operator.py:123} INFO - 2019-02-11
[2019-03-22 04:59:21,655] {bash_operator.py:123} INFO - Parameter I passed in
[2019-03-22 04:59:21,655] {bash_operator.py:127} INFO - Command exited with return code 0
[2019-03-22 04:59:24,973] {logging_mixin.py:95} INFO - [2019-03-22 04:59:24,972] {jobs.py:2527} INFO - Task exited with return code 0
