[2019-03-22 00:50:35,831] {models.py:1359} INFO - Dependencies all met for <TaskInstance: tutorial.templated 2018-07-30T00:00:00+00:00 [queued]>
[2019-03-22 00:50:35,837] {models.py:1359} INFO - Dependencies all met for <TaskInstance: tutorial.templated 2018-07-30T00:00:00+00:00 [queued]>
[2019-03-22 00:50:35,837] {models.py:1571} INFO - 
--------------------------------------------------------------------------------
Starting attempt 1 of 2
--------------------------------------------------------------------------------

[2019-03-22 00:50:35,923] {models.py:1593} INFO - Executing <Task(BashOperator): templated> on 2018-07-30T00:00:00+00:00
[2019-03-22 00:50:35,923] {base_task_runner.py:118} INFO - Running: ['bash', '-c', 'airflow run tutorial templated 2018-07-30T00:00:00+00:00 --job_id 2386 --raw -sd DAGS_FOLDER/example_dags/tutorial.py --cfg_path /tmp/tmpulf9_q6l']
[2019-03-22 00:50:36,960] {base_task_runner.py:101} INFO - Job 2386: Subtask templated [2019-03-22 00:50:36,960] {__init__.py:51} INFO - Using executor SequentialExecutor
[2019-03-22 00:50:37,347] {base_task_runner.py:101} INFO - Job 2386: Subtask templated [2019-03-22 00:50:37,346] {models.py:273} INFO - Filling up the DagBag from /home/rsandroni/airflow/dags/example_dags/tutorial.py
[2019-03-22 00:50:37,509] {base_task_runner.py:101} INFO - Job 2386: Subtask templated [2019-03-22 00:50:37,508] {cli.py:520} INFO - Running <TaskInstance: tutorial.templated 2018-07-30T00:00:00+00:00 [running]> on host IADAIRP1.globalrs.rack.space
[2019-03-22 00:50:37,557] {bash_operator.py:77} INFO - Tmp dir root location: 
 /tmp
[2019-03-22 00:50:37,558] {bash_operator.py:86} INFO - Exporting the following env vars:
AIRFLOW_CTX_DAG_ID=tutorial
AIRFLOW_CTX_TASK_ID=templated
AIRFLOW_CTX_EXECUTION_DATE=2018-07-30T00:00:00+00:00
AIRFLOW_CTX_DAG_RUN_ID=scheduled__2018-07-30T00:00:00+00:00
[2019-03-22 00:50:37,559] {bash_operator.py:100} INFO - Temporary script location: /tmp/airflowtmpfuo154c1/templated331o9b6f
[2019-03-22 00:50:37,559] {bash_operator.py:110} INFO - Running command: 

    echo "2018-07-30"
    echo "2018-08-06"
    echo "Parameter I passed in"

    echo "2018-07-30"
    echo "2018-08-06"
    echo "Parameter I passed in"

    echo "2018-07-30"
    echo "2018-08-06"
    echo "Parameter I passed in"

    echo "2018-07-30"
    echo "2018-08-06"
    echo "Parameter I passed in"

    echo "2018-07-30"
    echo "2018-08-06"
    echo "Parameter I passed in"

[2019-03-22 00:50:37,591] {bash_operator.py:119} INFO - Output:
[2019-03-22 00:50:37,591] {bash_operator.py:123} INFO - 2018-07-30
[2019-03-22 00:50:37,591] {bash_operator.py:123} INFO - 2018-08-06
[2019-03-22 00:50:37,591] {bash_operator.py:123} INFO - Parameter I passed in
[2019-03-22 00:50:37,591] {bash_operator.py:123} INFO - 2018-07-30
[2019-03-22 00:50:37,592] {bash_operator.py:123} INFO - 2018-08-06
[2019-03-22 00:50:37,592] {bash_operator.py:123} INFO - Parameter I passed in
[2019-03-22 00:50:37,592] {bash_operator.py:123} INFO - 2018-07-30
[2019-03-22 00:50:37,592] {bash_operator.py:123} INFO - 2018-08-06
[2019-03-22 00:50:37,592] {bash_operator.py:123} INFO - Parameter I passed in
[2019-03-22 00:50:37,592] {bash_operator.py:123} INFO - 2018-07-30
[2019-03-22 00:50:37,592] {bash_operator.py:123} INFO - 2018-08-06
[2019-03-22 00:50:37,592] {bash_operator.py:123} INFO - Parameter I passed in
[2019-03-22 00:50:37,592] {bash_operator.py:123} INFO - 2018-07-30
[2019-03-22 00:50:37,592] {bash_operator.py:123} INFO - 2018-08-06
[2019-03-22 00:50:37,592] {bash_operator.py:123} INFO - Parameter I passed in
[2019-03-22 00:50:37,592] {bash_operator.py:127} INFO - Command exited with return code 0
[2019-03-22 00:50:40,777] {logging_mixin.py:95} INFO - [2019-03-22 00:50:40,776] {jobs.py:2527} INFO - Task exited with return code 0
