[2019-03-19 15:14:58,342] {models.py:1359} INFO - Dependencies all met for <TaskInstance: tutorial.print_date 2017-02-20T00:00:00+00:00 [queued]>
[2019-03-19 15:14:58,344] {models.py:1359} INFO - Dependencies all met for <TaskInstance: tutorial.print_date 2017-02-20T00:00:00+00:00 [queued]>
[2019-03-19 15:14:58,344] {models.py:1571} INFO - 
--------------------------------------------------------------------------------
Starting attempt 1 of 2
--------------------------------------------------------------------------------

[2019-03-19 15:14:58,365] {models.py:1593} INFO - Executing <Task(BashOperator): print_date> on 2017-02-20T00:00:00+00:00
[2019-03-19 15:14:58,365] {base_task_runner.py:118} INFO - Running: ['bash', '-c', 'airflow run tutorial print_date 2017-02-20T00:00:00+00:00 --job_id 1266 --raw -sd DAGS_FOLDER/tutorial.py --cfg_path /tmp/tmpp04jrnlq']
[2019-03-19 15:14:59,245] {base_task_runner.py:101} INFO - Job 1266: Subtask print_date [2019-03-19 15:14:59,244] {__init__.py:51} INFO - Using executor SequentialExecutor
[2019-03-19 15:14:59,605] {base_task_runner.py:101} INFO - Job 1266: Subtask print_date [2019-03-19 15:14:59,604] {models.py:273} INFO - Filling up the DagBag from /home/rsandroni/airflow/dags/tutorial.py
[2019-03-19 15:14:59,655] {base_task_runner.py:101} INFO - Job 1266: Subtask print_date [2019-03-19 15:14:59,648] {cli.py:520} INFO - Running <TaskInstance: tutorial.print_date 2017-02-20T00:00:00+00:00 [running]> on host IADAIRP1.globalrs.rack.space
[2019-03-19 15:14:59,681] {bash_operator.py:77} INFO - Tmp dir root location: 
 /tmp
[2019-03-19 15:14:59,681] {bash_operator.py:86} INFO - Exporting the following env vars:
AIRFLOW_CTX_DAG_ID=tutorial
AIRFLOW_CTX_TASK_ID=print_date
AIRFLOW_CTX_EXECUTION_DATE=2017-02-20T00:00:00+00:00
AIRFLOW_CTX_DAG_RUN_ID=scheduled__2017-02-20T00:00:00+00:00
[2019-03-19 15:14:59,682] {bash_operator.py:100} INFO - Temporary script location: /tmp/airflowtmp90tg181c/print_date9ym7rtfb
[2019-03-19 15:14:59,682] {bash_operator.py:110} INFO - Running command: date
[2019-03-19 15:14:59,730] {bash_operator.py:119} INFO - Output:
[2019-03-19 15:14:59,782] {bash_operator.py:123} INFO - Ter Mar 19 15:14:59 -03 2019
[2019-03-19 15:14:59,790] {bash_operator.py:127} INFO - Command exited with return code 0
[2019-03-19 15:15:03,362] {logging_mixin.py:95} INFO - [2019-03-19 15:15:03,361] {jobs.py:2527} INFO - Task exited with return code 0
