[2019-03-19 13:32:11,328] {models.py:1359} INFO - Dependencies all met for <TaskInstance: tutorial.templated 2016-07-18T00:00:00+00:00 [queued]>
[2019-03-19 13:32:11,332] {models.py:1359} INFO - Dependencies all met for <TaskInstance: tutorial.templated 2016-07-18T00:00:00+00:00 [queued]>
[2019-03-19 13:32:11,332] {models.py:1571} INFO - 
--------------------------------------------------------------------------------
Starting attempt 1 of 2
--------------------------------------------------------------------------------

[2019-03-19 13:32:11,348] {models.py:1593} INFO - Executing <Task(BashOperator): templated> on 2016-07-18T00:00:00+00:00
[2019-03-19 13:32:11,349] {base_task_runner.py:118} INFO - Running: ['bash', '-c', 'airflow run tutorial templated 2016-07-18T00:00:00+00:00 --job_id 833 --raw -sd DAGS_FOLDER/example_dags/tutorial.py --cfg_path /tmp/tmpe2m6ihss']
[2019-03-19 13:32:11,966] {base_task_runner.py:101} INFO - Job 833: Subtask templated [2019-03-19 13:32:11,966] {__init__.py:51} INFO - Using executor SequentialExecutor
[2019-03-19 13:32:12,224] {base_task_runner.py:101} INFO - Job 833: Subtask templated [2019-03-19 13:32:12,223] {models.py:273} INFO - Filling up the DagBag from /home/rsandroni/airflow/dags/example_dags/tutorial.py
[2019-03-19 13:32:12,265] {base_task_runner.py:101} INFO - Job 833: Subtask templated [2019-03-19 13:32:12,264] {cli.py:520} INFO - Running <TaskInstance: tutorial.templated 2016-07-18T00:00:00+00:00 [running]> on host IADAIRP1.globalrs.rack.space
[2019-03-19 13:32:12,283] {bash_operator.py:77} INFO - Tmp dir root location: 
 /tmp
[2019-03-19 13:32:12,283] {bash_operator.py:86} INFO - Exporting the following env vars:
AIRFLOW_CTX_DAG_ID=tutorial
AIRFLOW_CTX_TASK_ID=templated
AIRFLOW_CTX_EXECUTION_DATE=2016-07-18T00:00:00+00:00
AIRFLOW_CTX_DAG_RUN_ID=scheduled__2016-07-18T00:00:00+00:00
[2019-03-19 13:32:12,283] {bash_operator.py:100} INFO - Temporary script location: /tmp/airflowtmpnpn26d6p/templatedgck8wrnr
[2019-03-19 13:32:12,283] {bash_operator.py:110} INFO - Running command: 

    echo "2016-07-18"
    echo "2016-07-25"
    echo "Parameter I passed in"

    echo "2016-07-18"
    echo "2016-07-25"
    echo "Parameter I passed in"

    echo "2016-07-18"
    echo "2016-07-25"
    echo "Parameter I passed in"

    echo "2016-07-18"
    echo "2016-07-25"
    echo "Parameter I passed in"

    echo "2016-07-18"
    echo "2016-07-25"
    echo "Parameter I passed in"

[2019-03-19 13:32:12,289] {bash_operator.py:119} INFO - Output:
[2019-03-19 13:32:12,290] {bash_operator.py:123} INFO - 2016-07-18
[2019-03-19 13:32:12,290] {bash_operator.py:123} INFO - 2016-07-25
[2019-03-19 13:32:12,290] {bash_operator.py:123} INFO - Parameter I passed in
[2019-03-19 13:32:12,290] {bash_operator.py:123} INFO - 2016-07-18
[2019-03-19 13:32:12,290] {bash_operator.py:123} INFO - 2016-07-25
[2019-03-19 13:32:12,290] {bash_operator.py:123} INFO - Parameter I passed in
[2019-03-19 13:32:12,290] {bash_operator.py:123} INFO - 2016-07-18
[2019-03-19 13:32:12,290] {bash_operator.py:123} INFO - 2016-07-25
[2019-03-19 13:32:12,290] {bash_operator.py:123} INFO - Parameter I passed in
[2019-03-19 13:32:12,290] {bash_operator.py:123} INFO - 2016-07-18
[2019-03-19 13:32:12,290] {bash_operator.py:123} INFO - 2016-07-25
[2019-03-19 13:32:12,290] {bash_operator.py:123} INFO - Parameter I passed in
[2019-03-19 13:32:12,290] {bash_operator.py:123} INFO - 2016-07-18
[2019-03-19 13:32:12,291] {bash_operator.py:123} INFO - 2016-07-25
[2019-03-19 13:32:12,291] {bash_operator.py:123} INFO - Parameter I passed in
[2019-03-19 13:32:12,291] {bash_operator.py:127} INFO - Command exited with return code 0
[2019-03-19 13:32:16,331] {logging_mixin.py:95} INFO - [2019-03-19 13:32:16,331] {jobs.py:2527} INFO - Task exited with return code 0
