[2019-03-19 11:41:32,326] {models.py:1359} INFO - Dependencies all met for <TaskInstance: tutorial.print_date 2015-11-24T00:00:00+00:00 [queued]>
[2019-03-19 11:41:32,327] {models.py:1359} INFO - Dependencies all met for <TaskInstance: tutorial.print_date 2015-11-24T00:00:00+00:00 [queued]>
[2019-03-19 11:41:32,328] {models.py:1571} INFO - 
--------------------------------------------------------------------------------
Starting attempt 1 of 2
--------------------------------------------------------------------------------

[2019-03-19 11:41:32,347] {models.py:1593} INFO - Executing <Task(BashOperator): print_date> on 2015-11-24T00:00:00+00:00
[2019-03-19 11:41:32,347] {base_task_runner.py:118} INFO - Running: ['bash', '-c', 'airflow run tutorial print_date 2015-11-24T00:00:00+00:00 --job_id 356 --raw -sd DAGS_FOLDER/sql_server_load.py --cfg_path /tmp/tmpu7s_h8e6']
[2019-03-19 11:41:32,945] {base_task_runner.py:101} INFO - Job 356: Subtask print_date [2019-03-19 11:41:32,945] {__init__.py:51} INFO - Using executor SequentialExecutor
[2019-03-19 11:41:33,162] {base_task_runner.py:101} INFO - Job 356: Subtask print_date [2019-03-19 11:41:33,162] {models.py:273} INFO - Filling up the DagBag from /home/rsandroni/airflow/dags/sql_server_load.py
[2019-03-19 11:41:33,180] {base_task_runner.py:101} INFO - Job 356: Subtask print_date [2019-03-19 11:41:33,180] {cli.py:520} INFO - Running <TaskInstance: tutorial.print_date 2015-11-24T00:00:00+00:00 [running]> on host IADAIRP1.globalrs.rack.space
[2019-03-19 11:41:33,193] {bash_operator.py:77} INFO - Tmp dir root location: 
 /tmp
[2019-03-19 11:41:33,193] {bash_operator.py:86} INFO - Exporting the following env vars:
AIRFLOW_CTX_DAG_ID=tutorial
AIRFLOW_CTX_TASK_ID=print_date
AIRFLOW_CTX_EXECUTION_DATE=2015-11-24T00:00:00+00:00
AIRFLOW_CTX_DAG_RUN_ID=scheduled__2015-11-24T00:00:00+00:00
[2019-03-19 11:41:33,193] {bash_operator.py:100} INFO - Temporary script location: /tmp/airflowtmptsf4pg3l/print_daterpixq2di
[2019-03-19 11:41:33,193] {bash_operator.py:110} INFO - Running command: date
[2019-03-19 11:41:33,198] {bash_operator.py:119} INFO - Output:
[2019-03-19 11:41:33,200] {bash_operator.py:123} INFO - Ter Mar 19 11:41:33 -03 2019
[2019-03-19 11:41:33,201] {bash_operator.py:127} INFO - Command exited with return code 0
[2019-03-19 11:41:37,328] {logging_mixin.py:95} INFO - [2019-03-19 11:41:37,327] {jobs.py:2527} INFO - Task exited with return code 0
