[2019-03-21 16:53:59,173] {models.py:1359} INFO - Dependencies all met for <TaskInstance: tutorial.templated 2017-05-17T00:00:00+00:00 [queued]>
[2019-03-21 16:53:59,178] {models.py:1359} INFO - Dependencies all met for <TaskInstance: tutorial.templated 2017-05-17T00:00:00+00:00 [queued]>
[2019-03-21 16:53:59,178] {models.py:1571} INFO - 
--------------------------------------------------------------------------------
Starting attempt 1 of 2
--------------------------------------------------------------------------------

[2019-03-21 16:53:59,193] {models.py:1593} INFO - Executing <Task(BashOperator): templated> on 2017-05-17T00:00:00+00:00
[2019-03-21 16:53:59,194] {base_task_runner.py:118} INFO - Running: ['bash', '-c', 'airflow run tutorial templated 2017-05-17T00:00:00+00:00 --job_id 1440 --raw -sd DAGS_FOLDER/example_dags/tutorial.py --cfg_path /tmp/tmpwo8d3yls']
[2019-03-21 16:53:59,835] {base_task_runner.py:101} INFO - Job 1440: Subtask templated [2019-03-21 16:53:59,834] {__init__.py:51} INFO - Using executor SequentialExecutor
[2019-03-21 16:54:00,082] {base_task_runner.py:101} INFO - Job 1440: Subtask templated [2019-03-21 16:54:00,081] {models.py:273} INFO - Filling up the DagBag from /home/rsandroni/airflow/dags/example_dags/tutorial.py
[2019-03-21 16:54:00,150] {base_task_runner.py:101} INFO - Job 1440: Subtask templated [2019-03-21 16:54:00,149] {cli.py:520} INFO - Running <TaskInstance: tutorial.templated 2017-05-17T00:00:00+00:00 [running]> on host IADAIRP1.globalrs.rack.space
[2019-03-21 16:54:00,169] {bash_operator.py:77} INFO - Tmp dir root location: 
 /tmp
[2019-03-21 16:54:00,169] {bash_operator.py:86} INFO - Exporting the following env vars:
AIRFLOW_CTX_DAG_ID=tutorial
AIRFLOW_CTX_TASK_ID=templated
AIRFLOW_CTX_EXECUTION_DATE=2017-05-17T00:00:00+00:00
AIRFLOW_CTX_DAG_RUN_ID=scheduled__2017-05-17T00:00:00+00:00
[2019-03-21 16:54:00,170] {bash_operator.py:100} INFO - Temporary script location: /tmp/airflowtmptrj8wtox/templatedpaiovgxm
[2019-03-21 16:54:00,170] {bash_operator.py:110} INFO - Running command: 

    echo "2017-05-17"
    echo "2017-05-24"
    echo "Parameter I passed in"

    echo "2017-05-17"
    echo "2017-05-24"
    echo "Parameter I passed in"

    echo "2017-05-17"
    echo "2017-05-24"
    echo "Parameter I passed in"

    echo "2017-05-17"
    echo "2017-05-24"
    echo "Parameter I passed in"

    echo "2017-05-17"
    echo "2017-05-24"
    echo "Parameter I passed in"

[2019-03-21 16:54:00,176] {bash_operator.py:119} INFO - Output:
[2019-03-21 16:54:00,177] {bash_operator.py:123} INFO - 2017-05-17
[2019-03-21 16:54:00,177] {bash_operator.py:123} INFO - 2017-05-24
[2019-03-21 16:54:00,177] {bash_operator.py:123} INFO - Parameter I passed in
[2019-03-21 16:54:00,177] {bash_operator.py:123} INFO - 2017-05-17
[2019-03-21 16:54:00,177] {bash_operator.py:123} INFO - 2017-05-24
[2019-03-21 16:54:00,177] {bash_operator.py:123} INFO - Parameter I passed in
[2019-03-21 16:54:00,177] {bash_operator.py:123} INFO - 2017-05-17
[2019-03-21 16:54:00,177] {bash_operator.py:123} INFO - 2017-05-24
[2019-03-21 16:54:00,177] {bash_operator.py:123} INFO - Parameter I passed in
[2019-03-21 16:54:00,177] {bash_operator.py:123} INFO - 2017-05-17
[2019-03-21 16:54:00,177] {bash_operator.py:123} INFO - 2017-05-24
[2019-03-21 16:54:00,177] {bash_operator.py:123} INFO - Parameter I passed in
[2019-03-21 16:54:00,177] {bash_operator.py:123} INFO - 2017-05-17
[2019-03-21 16:54:00,177] {bash_operator.py:123} INFO - 2017-05-24
[2019-03-21 16:54:00,177] {bash_operator.py:123} INFO - Parameter I passed in
[2019-03-21 16:54:00,177] {bash_operator.py:127} INFO - Command exited with return code 0
[2019-03-21 16:54:04,177] {logging_mixin.py:95} INFO - [2019-03-21 16:54:04,176] {jobs.py:2527} INFO - Task exited with return code 0
