[2019-03-22 04:35:25,499] {models.py:1359} INFO - Dependencies all met for <TaskInstance: tutorial.templated 2019-01-17T00:00:00+00:00 [queued]>
[2019-03-22 04:35:25,508] {models.py:1359} INFO - Dependencies all met for <TaskInstance: tutorial.templated 2019-01-17T00:00:00+00:00 [queued]>
[2019-03-22 04:35:25,508] {models.py:1571} INFO - 
--------------------------------------------------------------------------------
Starting attempt 1 of 2
--------------------------------------------------------------------------------

[2019-03-22 04:35:25,580] {models.py:1593} INFO - Executing <Task(BashOperator): templated> on 2019-01-17T00:00:00+00:00
[2019-03-22 04:35:25,580] {base_task_runner.py:118} INFO - Running: ['bash', '-c', 'airflow run tutorial templated 2019-01-17T00:00:00+00:00 --job_id 2727 --raw -sd DAGS_FOLDER/example_dags/tutorial.py --cfg_path /tmp/tmp_w1t7shj']
[2019-03-22 04:35:28,207] {base_task_runner.py:101} INFO - Job 2727: Subtask templated [2019-03-22 04:35:28,202] {__init__.py:51} INFO - Using executor SequentialExecutor
[2019-03-22 04:35:29,220] {base_task_runner.py:101} INFO - Job 2727: Subtask templated [2019-03-22 04:35:29,215] {models.py:273} INFO - Filling up the DagBag from /home/rsandroni/airflow/dags/example_dags/tutorial.py
[2019-03-22 04:35:29,297] {base_task_runner.py:101} INFO - Job 2727: Subtask templated [2019-03-22 04:35:29,293] {cli.py:520} INFO - Running <TaskInstance: tutorial.templated 2019-01-17T00:00:00+00:00 [running]> on host IADAIRP1.globalrs.rack.space
[2019-03-22 04:35:29,322] {bash_operator.py:77} INFO - Tmp dir root location: 
 /tmp
[2019-03-22 04:35:29,323] {bash_operator.py:86} INFO - Exporting the following env vars:
AIRFLOW_CTX_DAG_ID=tutorial
AIRFLOW_CTX_TASK_ID=templated
AIRFLOW_CTX_EXECUTION_DATE=2019-01-17T00:00:00+00:00
AIRFLOW_CTX_DAG_RUN_ID=scheduled__2019-01-17T00:00:00+00:00
[2019-03-22 04:35:29,323] {bash_operator.py:100} INFO - Temporary script location: /tmp/airflowtmpynfebs0i/templatedg1f_h52k
[2019-03-22 04:35:29,324] {bash_operator.py:110} INFO - Running command: 

    echo "2019-01-17"
    echo "2019-01-24"
    echo "Parameter I passed in"

    echo "2019-01-17"
    echo "2019-01-24"
    echo "Parameter I passed in"

    echo "2019-01-17"
    echo "2019-01-24"
    echo "Parameter I passed in"

    echo "2019-01-17"
    echo "2019-01-24"
    echo "Parameter I passed in"

    echo "2019-01-17"
    echo "2019-01-24"
    echo "Parameter I passed in"

[2019-03-22 04:35:29,382] {bash_operator.py:119} INFO - Output:
[2019-03-22 04:35:29,383] {bash_operator.py:123} INFO - 2019-01-17
[2019-03-22 04:35:29,383] {bash_operator.py:123} INFO - 2019-01-24
[2019-03-22 04:35:29,383] {bash_operator.py:123} INFO - Parameter I passed in
[2019-03-22 04:35:29,383] {bash_operator.py:123} INFO - 2019-01-17
[2019-03-22 04:35:29,383] {bash_operator.py:123} INFO - 2019-01-24
[2019-03-22 04:35:29,383] {bash_operator.py:123} INFO - Parameter I passed in
[2019-03-22 04:35:29,383] {bash_operator.py:123} INFO - 2019-01-17
[2019-03-22 04:35:29,383] {bash_operator.py:123} INFO - 2019-01-24
[2019-03-22 04:35:29,383] {bash_operator.py:123} INFO - Parameter I passed in
[2019-03-22 04:35:29,383] {bash_operator.py:123} INFO - 2019-01-17
[2019-03-22 04:35:29,383] {bash_operator.py:123} INFO - 2019-01-24
[2019-03-22 04:35:29,383] {bash_operator.py:123} INFO - Parameter I passed in
[2019-03-22 04:35:29,383] {bash_operator.py:123} INFO - 2019-01-17
[2019-03-22 04:35:29,383] {bash_operator.py:123} INFO - 2019-01-24
[2019-03-22 04:35:29,383] {bash_operator.py:123} INFO - Parameter I passed in
[2019-03-22 04:35:29,383] {bash_operator.py:127} INFO - Command exited with return code 0
[2019-03-22 04:35:30,459] {logging_mixin.py:95} INFO - [2019-03-22 04:35:30,458] {jobs.py:2527} INFO - Task exited with return code 0
