[2019-03-19 10:59:57,170] {models.py:1359} INFO - Dependencies all met for <TaskInstance: tutorial.templated 2015-08-25T00:00:00+00:00 [queued]>
[2019-03-19 10:59:57,174] {models.py:1359} INFO - Dependencies all met for <TaskInstance: tutorial.templated 2015-08-25T00:00:00+00:00 [queued]>
[2019-03-19 10:59:57,174] {models.py:1571} INFO - 
--------------------------------------------------------------------------------
Starting attempt 1 of 2
--------------------------------------------------------------------------------

[2019-03-19 10:59:57,191] {models.py:1593} INFO - Executing <Task(BashOperator): templated> on 2015-08-25T00:00:00+00:00
[2019-03-19 10:59:57,191] {base_task_runner.py:118} INFO - Running: ['bash', '-c', 'airflow run tutorial templated 2015-08-25T00:00:00+00:00 --job_id 178 --raw -sd DAGS_FOLDER/example_dags/tutorial.py --cfg_path /tmp/tmpb3aj7ltt']
[2019-03-19 10:59:57,790] {base_task_runner.py:101} INFO - Job 178: Subtask templated [2019-03-19 10:59:57,789] {__init__.py:51} INFO - Using executor SequentialExecutor
[2019-03-19 10:59:58,009] {base_task_runner.py:101} INFO - Job 178: Subtask templated [2019-03-19 10:59:58,008] {models.py:273} INFO - Filling up the DagBag from /home/rsandroni/airflow/dags/example_dags/tutorial.py
[2019-03-19 10:59:58,050] {base_task_runner.py:101} INFO - Job 178: Subtask templated [2019-03-19 10:59:58,050] {cli.py:520} INFO - Running <TaskInstance: tutorial.templated 2015-08-25T00:00:00+00:00 [running]> on host IADAIRP1.globalrs.rack.space
[2019-03-19 10:59:58,066] {bash_operator.py:77} INFO - Tmp dir root location: 
 /tmp
[2019-03-19 10:59:58,067] {bash_operator.py:86} INFO - Exporting the following env vars:
AIRFLOW_CTX_DAG_ID=tutorial
AIRFLOW_CTX_TASK_ID=templated
AIRFLOW_CTX_EXECUTION_DATE=2015-08-25T00:00:00+00:00
AIRFLOW_CTX_DAG_RUN_ID=scheduled__2015-08-25T00:00:00+00:00
[2019-03-19 10:59:58,067] {bash_operator.py:100} INFO - Temporary script location: /tmp/airflowtmp0jzzzhm6/templatedc4a52d8n
[2019-03-19 10:59:58,067] {bash_operator.py:110} INFO - Running command: 

    echo "2015-08-25"
    echo "2015-09-01"
    echo "Parameter I passed in"

    echo "2015-08-25"
    echo "2015-09-01"
    echo "Parameter I passed in"

    echo "2015-08-25"
    echo "2015-09-01"
    echo "Parameter I passed in"

    echo "2015-08-25"
    echo "2015-09-01"
    echo "Parameter I passed in"

    echo "2015-08-25"
    echo "2015-09-01"
    echo "Parameter I passed in"

[2019-03-19 10:59:58,072] {bash_operator.py:119} INFO - Output:
[2019-03-19 10:59:58,073] {bash_operator.py:123} INFO - 2015-08-25
[2019-03-19 10:59:58,073] {bash_operator.py:123} INFO - 2015-09-01
[2019-03-19 10:59:58,073] {bash_operator.py:123} INFO - Parameter I passed in
[2019-03-19 10:59:58,073] {bash_operator.py:123} INFO - 2015-08-25
[2019-03-19 10:59:58,073] {bash_operator.py:123} INFO - 2015-09-01
[2019-03-19 10:59:58,073] {bash_operator.py:123} INFO - Parameter I passed in
[2019-03-19 10:59:58,073] {bash_operator.py:123} INFO - 2015-08-25
[2019-03-19 10:59:58,073] {bash_operator.py:123} INFO - 2015-09-01
[2019-03-19 10:59:58,073] {bash_operator.py:123} INFO - Parameter I passed in
[2019-03-19 10:59:58,073] {bash_operator.py:123} INFO - 2015-08-25
[2019-03-19 10:59:58,073] {bash_operator.py:123} INFO - 2015-09-01
[2019-03-19 10:59:58,074] {bash_operator.py:123} INFO - Parameter I passed in
[2019-03-19 10:59:58,074] {bash_operator.py:123} INFO - 2015-08-25
[2019-03-19 10:59:58,074] {bash_operator.py:123} INFO - 2015-09-01
[2019-03-19 10:59:58,074] {bash_operator.py:123} INFO - Parameter I passed in
[2019-03-19 10:59:58,074] {bash_operator.py:127} INFO - Command exited with return code 0
[2019-03-19 11:00:02,161] {logging_mixin.py:95} INFO - [2019-03-19 11:00:02,160] {jobs.py:2527} INFO - Task exited with return code 0
