[2019-03-21 20:47:23,963] {models.py:1359} INFO - Dependencies all met for <TaskInstance: tutorial.templated 2018-01-26T00:00:00+00:00 [queued]>
[2019-03-21 20:47:23,988] {models.py:1359} INFO - Dependencies all met for <TaskInstance: tutorial.templated 2018-01-26T00:00:00+00:00 [queued]>
[2019-03-21 20:47:23,988] {models.py:1571} INFO - 
--------------------------------------------------------------------------------
Starting attempt 1 of 2
--------------------------------------------------------------------------------

[2019-03-21 20:47:24,057] {models.py:1593} INFO - Executing <Task(BashOperator): templated> on 2018-01-26T00:00:00+00:00
[2019-03-21 20:47:24,057] {base_task_runner.py:118} INFO - Running: ['bash', '-c', 'airflow run tutorial templated 2018-01-26T00:00:00+00:00 --job_id 2015 --raw -sd DAGS_FOLDER/example_dags/tutorial.py --cfg_path /tmp/tmplras_yv6']
[2019-03-21 20:47:26,182] {base_task_runner.py:101} INFO - Job 2015: Subtask templated [2019-03-21 20:47:26,165] {__init__.py:51} INFO - Using executor SequentialExecutor
[2019-03-21 20:47:26,971] {base_task_runner.py:101} INFO - Job 2015: Subtask templated [2019-03-21 20:47:26,965] {models.py:273} INFO - Filling up the DagBag from /home/rsandroni/airflow/dags/example_dags/tutorial.py
[2019-03-21 20:47:27,113] {base_task_runner.py:101} INFO - Job 2015: Subtask templated [2019-03-21 20:47:27,109] {cli.py:520} INFO - Running <TaskInstance: tutorial.templated 2018-01-26T00:00:00+00:00 [running]> on host IADAIRP1.globalrs.rack.space
[2019-03-21 20:47:27,145] {bash_operator.py:77} INFO - Tmp dir root location: 
 /tmp
[2019-03-21 20:47:27,145] {bash_operator.py:86} INFO - Exporting the following env vars:
AIRFLOW_CTX_DAG_ID=tutorial
AIRFLOW_CTX_TASK_ID=templated
AIRFLOW_CTX_EXECUTION_DATE=2018-01-26T00:00:00+00:00
AIRFLOW_CTX_DAG_RUN_ID=scheduled__2018-01-26T00:00:00+00:00
[2019-03-21 20:47:27,146] {bash_operator.py:100} INFO - Temporary script location: /tmp/airflowtmp4ndixoks/templatedhd7ccbyb
[2019-03-21 20:47:27,146] {bash_operator.py:110} INFO - Running command: 

    echo "2018-01-26"
    echo "2018-02-02"
    echo "Parameter I passed in"

    echo "2018-01-26"
    echo "2018-02-02"
    echo "Parameter I passed in"

    echo "2018-01-26"
    echo "2018-02-02"
    echo "Parameter I passed in"

    echo "2018-01-26"
    echo "2018-02-02"
    echo "Parameter I passed in"

    echo "2018-01-26"
    echo "2018-02-02"
    echo "Parameter I passed in"

[2019-03-21 20:47:27,183] {bash_operator.py:119} INFO - Output:
[2019-03-21 20:47:27,184] {bash_operator.py:123} INFO - 2018-01-26
[2019-03-21 20:47:27,184] {bash_operator.py:123} INFO - 2018-02-02
[2019-03-21 20:47:27,184] {bash_operator.py:123} INFO - Parameter I passed in
[2019-03-21 20:47:27,184] {bash_operator.py:123} INFO - 2018-01-26
[2019-03-21 20:47:27,184] {bash_operator.py:123} INFO - 2018-02-02
[2019-03-21 20:47:27,184] {bash_operator.py:123} INFO - Parameter I passed in
[2019-03-21 20:47:27,184] {bash_operator.py:123} INFO - 2018-01-26
[2019-03-21 20:47:27,184] {bash_operator.py:123} INFO - 2018-02-02
[2019-03-21 20:47:27,184] {bash_operator.py:123} INFO - Parameter I passed in
[2019-03-21 20:47:27,184] {bash_operator.py:123} INFO - 2018-01-26
[2019-03-21 20:47:27,184] {bash_operator.py:123} INFO - 2018-02-02
[2019-03-21 20:47:27,184] {bash_operator.py:123} INFO - Parameter I passed in
[2019-03-21 20:47:27,184] {bash_operator.py:123} INFO - 2018-01-26
[2019-03-21 20:47:27,184] {bash_operator.py:123} INFO - 2018-02-02
[2019-03-21 20:47:27,185] {bash_operator.py:123} INFO - Parameter I passed in
[2019-03-21 20:47:27,185] {bash_operator.py:127} INFO - Command exited with return code 0
[2019-03-21 20:47:28,998] {logging_mixin.py:95} INFO - [2019-03-21 20:47:28,997] {jobs.py:2527} INFO - Task exited with return code 0
