[2019-03-21 17:21:40,590] {models.py:1359} INFO - Dependencies all met for <TaskInstance: tutorial.templated 2017-07-01T00:00:00+00:00 [queued]>
[2019-03-21 17:21:40,595] {models.py:1359} INFO - Dependencies all met for <TaskInstance: tutorial.templated 2017-07-01T00:00:00+00:00 [queued]>
[2019-03-21 17:21:40,595] {models.py:1571} INFO - 
--------------------------------------------------------------------------------
Starting attempt 1 of 2
--------------------------------------------------------------------------------

[2019-03-21 17:21:40,627] {models.py:1593} INFO - Executing <Task(BashOperator): templated> on 2017-07-01T00:00:00+00:00
[2019-03-21 17:21:40,627] {base_task_runner.py:118} INFO - Running: ['bash', '-c', 'airflow run tutorial templated 2017-07-01T00:00:00+00:00 --job_id 1556 --raw -sd DAGS_FOLDER/example_dags/tutorial.py --cfg_path /tmp/tmpskspyqlk']
[2019-03-21 17:21:41,265] {base_task_runner.py:101} INFO - Job 1556: Subtask templated [2019-03-21 17:21:41,264] {__init__.py:51} INFO - Using executor SequentialExecutor
[2019-03-21 17:21:41,490] {base_task_runner.py:101} INFO - Job 1556: Subtask templated [2019-03-21 17:21:41,490] {models.py:273} INFO - Filling up the DagBag from /home/rsandroni/airflow/dags/example_dags/tutorial.py
[2019-03-21 17:21:41,554] {base_task_runner.py:101} INFO - Job 1556: Subtask templated [2019-03-21 17:21:41,553] {cli.py:520} INFO - Running <TaskInstance: tutorial.templated 2017-07-01T00:00:00+00:00 [running]> on host IADAIRP1.globalrs.rack.space
[2019-03-21 17:21:41,570] {bash_operator.py:77} INFO - Tmp dir root location: 
 /tmp
[2019-03-21 17:21:41,570] {bash_operator.py:86} INFO - Exporting the following env vars:
AIRFLOW_CTX_DAG_ID=tutorial
AIRFLOW_CTX_TASK_ID=templated
AIRFLOW_CTX_EXECUTION_DATE=2017-07-01T00:00:00+00:00
AIRFLOW_CTX_DAG_RUN_ID=scheduled__2017-07-01T00:00:00+00:00
[2019-03-21 17:21:41,571] {bash_operator.py:100} INFO - Temporary script location: /tmp/airflowtmpoun_nh01/templatedzwp10lvv
[2019-03-21 17:21:41,571] {bash_operator.py:110} INFO - Running command: 

    echo "2017-07-01"
    echo "2017-07-08"
    echo "Parameter I passed in"

    echo "2017-07-01"
    echo "2017-07-08"
    echo "Parameter I passed in"

    echo "2017-07-01"
    echo "2017-07-08"
    echo "Parameter I passed in"

    echo "2017-07-01"
    echo "2017-07-08"
    echo "Parameter I passed in"

    echo "2017-07-01"
    echo "2017-07-08"
    echo "Parameter I passed in"

[2019-03-21 17:21:41,576] {bash_operator.py:119} INFO - Output:
[2019-03-21 17:21:41,577] {bash_operator.py:123} INFO - 2017-07-01
[2019-03-21 17:21:41,577] {bash_operator.py:123} INFO - 2017-07-08
[2019-03-21 17:21:41,578] {bash_operator.py:123} INFO - Parameter I passed in
[2019-03-21 17:21:41,578] {bash_operator.py:123} INFO - 2017-07-01
[2019-03-21 17:21:41,578] {bash_operator.py:123} INFO - 2017-07-08
[2019-03-21 17:21:41,578] {bash_operator.py:123} INFO - Parameter I passed in
[2019-03-21 17:21:41,578] {bash_operator.py:123} INFO - 2017-07-01
[2019-03-21 17:21:41,578] {bash_operator.py:123} INFO - 2017-07-08
[2019-03-21 17:21:41,578] {bash_operator.py:123} INFO - Parameter I passed in
[2019-03-21 17:21:41,578] {bash_operator.py:123} INFO - 2017-07-01
[2019-03-21 17:21:41,578] {bash_operator.py:123} INFO - 2017-07-08
[2019-03-21 17:21:41,578] {bash_operator.py:123} INFO - Parameter I passed in
[2019-03-21 17:21:41,578] {bash_operator.py:123} INFO - 2017-07-01
[2019-03-21 17:21:41,578] {bash_operator.py:123} INFO - 2017-07-08
[2019-03-21 17:21:41,578] {bash_operator.py:123} INFO - Parameter I passed in
[2019-03-21 17:21:41,578] {bash_operator.py:127} INFO - Command exited with return code 0
[2019-03-21 17:21:45,596] {logging_mixin.py:95} INFO - [2019-03-21 17:21:45,595] {jobs.py:2527} INFO - Task exited with return code 0
