[2019-03-19 15:30:32,602] {models.py:1359} INFO - Dependencies all met for <TaskInstance: tutorial.templated 2017-03-26T00:00:00+00:00 [queued]>
[2019-03-19 15:30:32,607] {models.py:1359} INFO - Dependencies all met for <TaskInstance: tutorial.templated 2017-03-26T00:00:00+00:00 [queued]>
[2019-03-19 15:30:32,607] {models.py:1571} INFO - 
--------------------------------------------------------------------------------
Starting attempt 1 of 2
--------------------------------------------------------------------------------

[2019-03-19 15:30:32,642] {models.py:1593} INFO - Executing <Task(BashOperator): templated> on 2017-03-26T00:00:00+00:00
[2019-03-19 15:30:32,643] {base_task_runner.py:118} INFO - Running: ['bash', '-c', 'airflow run tutorial templated 2017-03-26T00:00:00+00:00 --job_id 1336 --raw -sd DAGS_FOLDER/sql_server_load.py --cfg_path /tmp/tmpufpg24v7']
[2019-03-19 15:30:33,258] {base_task_runner.py:101} INFO - Job 1336: Subtask templated [2019-03-19 15:30:33,258] {__init__.py:51} INFO - Using executor SequentialExecutor
[2019-03-19 15:30:33,508] {base_task_runner.py:101} INFO - Job 1336: Subtask templated [2019-03-19 15:30:33,506] {models.py:273} INFO - Filling up the DagBag from /home/rsandroni/airflow/dags/sql_server_load.py
[2019-03-19 15:30:33,526] {base_task_runner.py:101} INFO - Job 1336: Subtask templated [2019-03-19 15:30:33,525] {cli.py:520} INFO - Running <TaskInstance: tutorial.templated 2017-03-26T00:00:00+00:00 [running]> on host IADAIRP1.globalrs.rack.space
[2019-03-19 15:30:33,540] {bash_operator.py:77} INFO - Tmp dir root location: 
 /tmp
[2019-03-19 15:30:33,540] {bash_operator.py:86} INFO - Exporting the following env vars:
AIRFLOW_CTX_DAG_ID=tutorial
AIRFLOW_CTX_TASK_ID=templated
AIRFLOW_CTX_EXECUTION_DATE=2017-03-26T00:00:00+00:00
AIRFLOW_CTX_DAG_RUN_ID=scheduled__2017-03-26T00:00:00+00:00
[2019-03-19 15:30:33,540] {bash_operator.py:100} INFO - Temporary script location: /tmp/airflowtmp1nhdiah3/templatednb24k32i
[2019-03-19 15:30:33,540] {bash_operator.py:110} INFO - Running command: 
    
        echo "2017-03-26"
        echo "Parameter I passed in"
    
        echo "2017-03-26"
        echo "Parameter I passed in"
    
        echo "2017-03-26"
        echo "Parameter I passed in"
    
        echo "2017-03-26"
        echo "Parameter I passed in"
    
        echo "2017-03-26"
        echo "Parameter I passed in"
    
    
[2019-03-19 15:30:33,545] {bash_operator.py:119} INFO - Output:
[2019-03-19 15:30:33,547] {bash_operator.py:123} INFO - 2017-03-26
[2019-03-19 15:30:33,547] {bash_operator.py:123} INFO - Parameter I passed in
[2019-03-19 15:30:33,547] {bash_operator.py:123} INFO - 2017-03-26
[2019-03-19 15:30:33,547] {bash_operator.py:123} INFO - Parameter I passed in
[2019-03-19 15:30:33,547] {bash_operator.py:123} INFO - 2017-03-26
[2019-03-19 15:30:33,547] {bash_operator.py:123} INFO - Parameter I passed in
[2019-03-19 15:30:33,547] {bash_operator.py:123} INFO - 2017-03-26
[2019-03-19 15:30:33,547] {bash_operator.py:123} INFO - Parameter I passed in
[2019-03-19 15:30:33,547] {bash_operator.py:123} INFO - 2017-03-26
[2019-03-19 15:30:33,547] {bash_operator.py:123} INFO - Parameter I passed in
[2019-03-19 15:30:33,547] {bash_operator.py:127} INFO - Command exited with return code 0
[2019-03-19 15:30:37,597] {logging_mixin.py:95} INFO - [2019-03-19 15:30:37,596] {jobs.py:2527} INFO - Task exited with return code 0
