[2019-03-19 12:41:50,622] {models.py:1359} INFO - Dependencies all met for <TaskInstance: tutorial.templated 2016-04-05T00:00:00+00:00 [queued]>
[2019-03-19 12:41:50,627] {models.py:1359} INFO - Dependencies all met for <TaskInstance: tutorial.templated 2016-04-05T00:00:00+00:00 [queued]>
[2019-03-19 12:41:50,627] {models.py:1571} INFO - 
--------------------------------------------------------------------------------
Starting attempt 1 of 2
--------------------------------------------------------------------------------

[2019-03-19 12:41:50,693] {models.py:1593} INFO - Executing <Task(BashOperator): templated> on 2016-04-05T00:00:00+00:00
[2019-03-19 12:41:50,693] {base_task_runner.py:118} INFO - Running: ['bash', '-c', 'airflow run tutorial templated 2016-04-05T00:00:00+00:00 --job_id 627 --raw -sd DAGS_FOLDER/sql_server_load.py --cfg_path /tmp/tmpczagewet']
[2019-03-19 12:41:53,574] {base_task_runner.py:101} INFO - Job 627: Subtask templated [2019-03-19 12:41:53,574] {__init__.py:51} INFO - Using executor SequentialExecutor
[2019-03-19 12:41:54,704] {base_task_runner.py:101} INFO - Job 627: Subtask templated [2019-03-19 12:41:54,697] {models.py:273} INFO - Filling up the DagBag from /home/rsandroni/airflow/dags/sql_server_load.py
[2019-03-19 12:41:54,764] {base_task_runner.py:101} INFO - Job 627: Subtask templated [2019-03-19 12:41:54,758] {cli.py:520} INFO - Running <TaskInstance: tutorial.templated 2016-04-05T00:00:00+00:00 [running]> on host IADAIRP1.globalrs.rack.space
[2019-03-19 12:41:54,816] {bash_operator.py:77} INFO - Tmp dir root location: 
 /tmp
[2019-03-19 12:41:54,817] {bash_operator.py:86} INFO - Exporting the following env vars:
AIRFLOW_CTX_DAG_ID=tutorial
AIRFLOW_CTX_TASK_ID=templated
AIRFLOW_CTX_EXECUTION_DATE=2016-04-05T00:00:00+00:00
AIRFLOW_CTX_DAG_RUN_ID=scheduled__2016-04-05T00:00:00+00:00
[2019-03-19 12:41:54,817] {bash_operator.py:100} INFO - Temporary script location: /tmp/airflowtmpt4gyb562/templated2s9qtyf7
[2019-03-19 12:41:54,817] {bash_operator.py:110} INFO - Running command: 
    
        echo "2016-04-05"
        echo "Parameter I passed in"
    
        echo "2016-04-05"
        echo "Parameter I passed in"
    
        echo "2016-04-05"
        echo "Parameter I passed in"
    
        echo "2016-04-05"
        echo "Parameter I passed in"
    
        echo "2016-04-05"
        echo "Parameter I passed in"
    
    
[2019-03-19 12:41:54,930] {bash_operator.py:119} INFO - Output:
[2019-03-19 12:41:54,931] {bash_operator.py:123} INFO - 2016-04-05
[2019-03-19 12:41:54,931] {bash_operator.py:123} INFO - Parameter I passed in
[2019-03-19 12:41:54,931] {bash_operator.py:123} INFO - 2016-04-05
[2019-03-19 12:41:54,931] {bash_operator.py:123} INFO - Parameter I passed in
[2019-03-19 12:41:54,931] {bash_operator.py:123} INFO - 2016-04-05
[2019-03-19 12:41:54,931] {bash_operator.py:123} INFO - Parameter I passed in
[2019-03-19 12:41:54,931] {bash_operator.py:123} INFO - 2016-04-05
[2019-03-19 12:41:54,931] {bash_operator.py:123} INFO - Parameter I passed in
[2019-03-19 12:41:54,931] {bash_operator.py:123} INFO - 2016-04-05
[2019-03-19 12:41:54,931] {bash_operator.py:123} INFO - Parameter I passed in
[2019-03-19 12:41:54,931] {bash_operator.py:127} INFO - Command exited with return code 0
[2019-03-19 12:41:55,597] {logging_mixin.py:95} INFO - [2019-03-19 12:41:55,597] {jobs.py:2595} WARNING - State of this instance has been externally set to success. Taking the poison pill.
[2019-03-19 12:41:55,613] {helpers.py:250} INFO - Sending Signals.SIGTERM to GPID 108488
[2019-03-19 12:41:55,642] {helpers.py:232} INFO - Process psutil.Process(pid=108488, status='terminated') (108488) terminated with exit code -15
[2019-03-19 12:41:55,643] {logging_mixin.py:95} INFO - [2019-03-19 12:41:55,642] {jobs.py:2527} INFO - Task exited with return code 0
