[2019-03-19 11:39:03,017] {models.py:1359} INFO - Dependencies all met for <TaskInstance: tutorial.templated 2015-11-16T00:00:00+00:00 [queued]>
[2019-03-19 11:39:03,021] {models.py:1359} INFO - Dependencies all met for <TaskInstance: tutorial.templated 2015-11-16T00:00:00+00:00 [queued]>
[2019-03-19 11:39:03,022] {models.py:1571} INFO - 
--------------------------------------------------------------------------------
Starting attempt 1 of 2
--------------------------------------------------------------------------------

[2019-03-19 11:39:03,041] {models.py:1593} INFO - Executing <Task(BashOperator): templated> on 2015-11-16T00:00:00+00:00
[2019-03-19 11:39:03,041] {base_task_runner.py:118} INFO - Running: ['bash', '-c', 'airflow run tutorial templated 2015-11-16T00:00:00+00:00 --job_id 345 --raw -sd DAGS_FOLDER/sql_server_load.py --cfg_path /tmp/tmp7w1u0qjr']
[2019-03-19 11:39:03,638] {base_task_runner.py:101} INFO - Job 345: Subtask templated [2019-03-19 11:39:03,638] {__init__.py:51} INFO - Using executor SequentialExecutor
[2019-03-19 11:39:03,883] {base_task_runner.py:101} INFO - Job 345: Subtask templated [2019-03-19 11:39:03,882] {models.py:273} INFO - Filling up the DagBag from /home/rsandroni/airflow/dags/sql_server_load.py
[2019-03-19 11:39:03,900] {base_task_runner.py:101} INFO - Job 345: Subtask templated [2019-03-19 11:39:03,900] {cli.py:520} INFO - Running <TaskInstance: tutorial.templated 2015-11-16T00:00:00+00:00 [running]> on host IADAIRP1.globalrs.rack.space
[2019-03-19 11:39:03,913] {bash_operator.py:77} INFO - Tmp dir root location: 
 /tmp
[2019-03-19 11:39:03,914] {bash_operator.py:86} INFO - Exporting the following env vars:
AIRFLOW_CTX_DAG_ID=tutorial
AIRFLOW_CTX_TASK_ID=templated
AIRFLOW_CTX_EXECUTION_DATE=2015-11-16T00:00:00+00:00
AIRFLOW_CTX_DAG_RUN_ID=scheduled__2015-11-16T00:00:00+00:00
[2019-03-19 11:39:03,914] {bash_operator.py:100} INFO - Temporary script location: /tmp/airflowtmptwy0i932/templatedaq9lm3dt
[2019-03-19 11:39:03,914] {bash_operator.py:110} INFO - Running command: 
    
        echo "2015-11-16"
        echo "Parameter I passed in"
    
        echo "2015-11-16"
        echo "Parameter I passed in"
    
        echo "2015-11-16"
        echo "Parameter I passed in"
    
        echo "2015-11-16"
        echo "Parameter I passed in"
    
        echo "2015-11-16"
        echo "Parameter I passed in"
    
    
[2019-03-19 11:39:03,919] {bash_operator.py:119} INFO - Output:
[2019-03-19 11:39:03,920] {bash_operator.py:123} INFO - 2015-11-16
[2019-03-19 11:39:03,920] {bash_operator.py:123} INFO - Parameter I passed in
[2019-03-19 11:39:03,920] {bash_operator.py:123} INFO - 2015-11-16
[2019-03-19 11:39:03,920] {bash_operator.py:123} INFO - Parameter I passed in
[2019-03-19 11:39:03,920] {bash_operator.py:123} INFO - 2015-11-16
[2019-03-19 11:39:03,920] {bash_operator.py:123} INFO - Parameter I passed in
[2019-03-19 11:39:03,920] {bash_operator.py:123} INFO - 2015-11-16
[2019-03-19 11:39:03,920] {bash_operator.py:123} INFO - Parameter I passed in
[2019-03-19 11:39:03,920] {bash_operator.py:123} INFO - 2015-11-16
[2019-03-19 11:39:03,920] {bash_operator.py:123} INFO - Parameter I passed in
[2019-03-19 11:39:03,921] {bash_operator.py:127} INFO - Command exited with return code 0
[2019-03-19 11:39:08,010] {logging_mixin.py:95} INFO - [2019-03-19 11:39:08,010] {jobs.py:2527} INFO - Task exited with return code 0
