[2019-03-21 22:52:26,036] {models.py:1359} INFO - Dependencies all met for <TaskInstance: tutorial.templated 2018-05-01T00:00:00+00:00 [queued]>
[2019-03-21 22:52:26,040] {models.py:1359} INFO - Dependencies all met for <TaskInstance: tutorial.templated 2018-05-01T00:00:00+00:00 [queued]>
[2019-03-21 22:52:26,040] {models.py:1571} INFO - 
--------------------------------------------------------------------------------
Starting attempt 1 of 2
--------------------------------------------------------------------------------

[2019-03-21 22:52:26,058] {models.py:1593} INFO - Executing <Task(BashOperator): templated> on 2018-05-01T00:00:00+00:00
[2019-03-21 22:52:26,058] {base_task_runner.py:118} INFO - Running: ['bash', '-c', 'airflow run tutorial templated 2018-05-01T00:00:00+00:00 --job_id 2206 --raw -sd DAGS_FOLDER/example_dags/tutorial.py --cfg_path /tmp/tmpfk1fb_r0']
[2019-03-21 22:52:26,725] {base_task_runner.py:101} INFO - Job 2206: Subtask templated [2019-03-21 22:52:26,724] {__init__.py:51} INFO - Using executor SequentialExecutor
[2019-03-21 22:52:26,966] {base_task_runner.py:101} INFO - Job 2206: Subtask templated [2019-03-21 22:52:26,966] {models.py:273} INFO - Filling up the DagBag from /home/rsandroni/airflow/dags/example_dags/tutorial.py
[2019-03-21 22:52:27,034] {base_task_runner.py:101} INFO - Job 2206: Subtask templated [2019-03-21 22:52:27,033] {cli.py:520} INFO - Running <TaskInstance: tutorial.templated 2018-05-01T00:00:00+00:00 [running]> on host IADAIRP1.globalrs.rack.space
[2019-03-21 22:52:27,049] {bash_operator.py:77} INFO - Tmp dir root location: 
 /tmp
[2019-03-21 22:52:27,050] {bash_operator.py:86} INFO - Exporting the following env vars:
AIRFLOW_CTX_DAG_ID=tutorial
AIRFLOW_CTX_TASK_ID=templated
AIRFLOW_CTX_EXECUTION_DATE=2018-05-01T00:00:00+00:00
AIRFLOW_CTX_DAG_RUN_ID=scheduled__2018-05-01T00:00:00+00:00
[2019-03-21 22:52:27,050] {bash_operator.py:100} INFO - Temporary script location: /tmp/airflowtmpq9ffp1po/templatedy6nh_1bf
[2019-03-21 22:52:27,050] {bash_operator.py:110} INFO - Running command: 

    echo "2018-05-01"
    echo "2018-05-08"
    echo "Parameter I passed in"

    echo "2018-05-01"
    echo "2018-05-08"
    echo "Parameter I passed in"

    echo "2018-05-01"
    echo "2018-05-08"
    echo "Parameter I passed in"

    echo "2018-05-01"
    echo "2018-05-08"
    echo "Parameter I passed in"

    echo "2018-05-01"
    echo "2018-05-08"
    echo "Parameter I passed in"

[2019-03-21 22:52:27,056] {bash_operator.py:119} INFO - Output:
[2019-03-21 22:52:27,057] {bash_operator.py:123} INFO - 2018-05-01
[2019-03-21 22:52:27,057] {bash_operator.py:123} INFO - 2018-05-08
[2019-03-21 22:52:27,057] {bash_operator.py:123} INFO - Parameter I passed in
[2019-03-21 22:52:27,057] {bash_operator.py:123} INFO - 2018-05-01
[2019-03-21 22:52:27,057] {bash_operator.py:123} INFO - 2018-05-08
[2019-03-21 22:52:27,057] {bash_operator.py:123} INFO - Parameter I passed in
[2019-03-21 22:52:27,057] {bash_operator.py:123} INFO - 2018-05-01
[2019-03-21 22:52:27,057] {bash_operator.py:123} INFO - 2018-05-08
[2019-03-21 22:52:27,057] {bash_operator.py:123} INFO - Parameter I passed in
[2019-03-21 22:52:27,057] {bash_operator.py:123} INFO - 2018-05-01
[2019-03-21 22:52:27,058] {bash_operator.py:123} INFO - 2018-05-08
[2019-03-21 22:52:27,058] {bash_operator.py:123} INFO - Parameter I passed in
[2019-03-21 22:52:27,058] {bash_operator.py:123} INFO - 2018-05-01
[2019-03-21 22:52:27,058] {bash_operator.py:123} INFO - 2018-05-08
[2019-03-21 22:52:27,058] {bash_operator.py:123} INFO - Parameter I passed in
[2019-03-21 22:52:27,058] {bash_operator.py:127} INFO - Command exited with return code 0
[2019-03-21 22:52:31,059] {logging_mixin.py:95} INFO - [2019-03-21 22:52:31,058] {jobs.py:2527} INFO - Task exited with return code 0
