[2019-03-19 11:34:49,105] {models.py:1359} INFO - Dependencies all met for <TaskInstance: tutorial.print_date 2015-11-08T00:00:00+00:00 [queued]>
[2019-03-19 11:34:49,107] {models.py:1359} INFO - Dependencies all met for <TaskInstance: tutorial.print_date 2015-11-08T00:00:00+00:00 [queued]>
[2019-03-19 11:34:49,107] {models.py:1571} INFO - 
--------------------------------------------------------------------------------
Starting attempt 1 of 2
--------------------------------------------------------------------------------

[2019-03-19 11:34:49,125] {models.py:1593} INFO - Executing <Task(BashOperator): print_date> on 2015-11-08T00:00:00+00:00
[2019-03-19 11:34:49,125] {base_task_runner.py:118} INFO - Running: ['bash', '-c', 'airflow run tutorial print_date 2015-11-08T00:00:00+00:00 --job_id 325 --raw -sd DAGS_FOLDER/tutorial.py --cfg_path /tmp/tmpgr1jjgvl']
[2019-03-19 11:34:49,731] {base_task_runner.py:101} INFO - Job 325: Subtask print_date [2019-03-19 11:34:49,731] {__init__.py:51} INFO - Using executor SequentialExecutor
[2019-03-19 11:34:49,951] {base_task_runner.py:101} INFO - Job 325: Subtask print_date [2019-03-19 11:34:49,950] {models.py:273} INFO - Filling up the DagBag from /home/rsandroni/airflow/dags/tutorial.py
[2019-03-19 11:34:49,966] {base_task_runner.py:101} INFO - Job 325: Subtask print_date [2019-03-19 11:34:49,965] {cli.py:520} INFO - Running <TaskInstance: tutorial.print_date 2015-11-08T00:00:00+00:00 [running]> on host IADAIRP1.globalrs.rack.space
[2019-03-19 11:34:49,979] {bash_operator.py:77} INFO - Tmp dir root location: 
 /tmp
[2019-03-19 11:34:49,979] {bash_operator.py:86} INFO - Exporting the following env vars:
AIRFLOW_CTX_DAG_ID=tutorial
AIRFLOW_CTX_TASK_ID=print_date
AIRFLOW_CTX_EXECUTION_DATE=2015-11-08T00:00:00+00:00
AIRFLOW_CTX_DAG_RUN_ID=scheduled__2015-11-08T00:00:00+00:00
[2019-03-19 11:34:49,979] {bash_operator.py:100} INFO - Temporary script location: /tmp/airflowtmpuqgmn3ii/print_datel2ld3wc2
[2019-03-19 11:34:49,980] {bash_operator.py:110} INFO - Running command: date
[2019-03-19 11:34:49,984] {bash_operator.py:119} INFO - Output:
[2019-03-19 11:34:49,987] {bash_operator.py:123} INFO - Ter Mar 19 11:34:49 -03 2019
[2019-03-19 11:34:49,987] {bash_operator.py:127} INFO - Command exited with return code 0
[2019-03-19 11:34:54,106] {logging_mixin.py:95} INFO - [2019-03-19 11:34:54,105] {jobs.py:2527} INFO - Task exited with return code 0
