[2019-03-19 13:47:50,859] {models.py:1359} INFO - Dependencies all met for <TaskInstance: tutorial.templated 2016-08-23T00:00:00+00:00 [queued]>
[2019-03-19 13:47:50,864] {models.py:1359} INFO - Dependencies all met for <TaskInstance: tutorial.templated 2016-08-23T00:00:00+00:00 [queued]>
[2019-03-19 13:47:50,864] {models.py:1571} INFO - 
--------------------------------------------------------------------------------
Starting attempt 1 of 2
--------------------------------------------------------------------------------

[2019-03-19 13:47:51,044] {models.py:1593} INFO - Executing <Task(BashOperator): templated> on 2016-08-23T00:00:00+00:00
[2019-03-19 13:47:51,044] {base_task_runner.py:118} INFO - Running: ['bash', '-c', 'airflow run tutorial templated 2016-08-23T00:00:00+00:00 --job_id 905 --raw -sd DAGS_FOLDER/example_dags/tutorial.py --cfg_path /tmp/tmp7q2_537n']
[2019-03-19 13:47:53,699] {base_task_runner.py:101} INFO - Job 905: Subtask templated [2019-03-19 13:47:53,665] {__init__.py:51} INFO - Using executor SequentialExecutor
[2019-03-19 13:47:54,571] {base_task_runner.py:101} INFO - Job 905: Subtask templated [2019-03-19 13:47:54,566] {models.py:273} INFO - Filling up the DagBag from /home/rsandroni/airflow/dags/example_dags/tutorial.py
[2019-03-19 13:47:54,665] {base_task_runner.py:101} INFO - Job 905: Subtask templated [2019-03-19 13:47:54,660] {cli.py:520} INFO - Running <TaskInstance: tutorial.templated 2016-08-23T00:00:00+00:00 [running]> on host IADAIRP1.globalrs.rack.space
[2019-03-19 13:47:54,704] {bash_operator.py:77} INFO - Tmp dir root location: 
 /tmp
[2019-03-19 13:47:54,704] {bash_operator.py:86} INFO - Exporting the following env vars:
AIRFLOW_CTX_DAG_ID=tutorial
AIRFLOW_CTX_TASK_ID=templated
AIRFLOW_CTX_EXECUTION_DATE=2016-08-23T00:00:00+00:00
AIRFLOW_CTX_DAG_RUN_ID=scheduled__2016-08-23T00:00:00+00:00
[2019-03-19 13:47:54,704] {bash_operator.py:100} INFO - Temporary script location: /tmp/airflowtmp30ocldft/templated7thn8c52
[2019-03-19 13:47:54,704] {bash_operator.py:110} INFO - Running command: 

    echo "2016-08-23"
    echo "2016-08-30"
    echo "Parameter I passed in"

    echo "2016-08-23"
    echo "2016-08-30"
    echo "Parameter I passed in"

    echo "2016-08-23"
    echo "2016-08-30"
    echo "Parameter I passed in"

    echo "2016-08-23"
    echo "2016-08-30"
    echo "Parameter I passed in"

    echo "2016-08-23"
    echo "2016-08-30"
    echo "Parameter I passed in"

[2019-03-19 13:47:54,754] {bash_operator.py:119} INFO - Output:
[2019-03-19 13:47:54,766] {bash_operator.py:123} INFO - 2016-08-23
[2019-03-19 13:47:54,766] {bash_operator.py:123} INFO - 2016-08-30
[2019-03-19 13:47:54,766] {bash_operator.py:123} INFO - Parameter I passed in
[2019-03-19 13:47:54,766] {bash_operator.py:123} INFO - 2016-08-23
[2019-03-19 13:47:54,766] {bash_operator.py:123} INFO - 2016-08-30
[2019-03-19 13:47:54,766] {bash_operator.py:123} INFO - Parameter I passed in
[2019-03-19 13:47:54,766] {bash_operator.py:123} INFO - 2016-08-23
[2019-03-19 13:47:54,766] {bash_operator.py:123} INFO - 2016-08-30
[2019-03-19 13:47:54,766] {bash_operator.py:123} INFO - Parameter I passed in
[2019-03-19 13:47:54,766] {bash_operator.py:123} INFO - 2016-08-23
[2019-03-19 13:47:54,766] {bash_operator.py:123} INFO - 2016-08-30
[2019-03-19 13:47:54,766] {bash_operator.py:123} INFO - Parameter I passed in
[2019-03-19 13:47:54,766] {bash_operator.py:123} INFO - 2016-08-23
[2019-03-19 13:47:54,767] {bash_operator.py:123} INFO - 2016-08-30
[2019-03-19 13:47:54,767] {bash_operator.py:123} INFO - Parameter I passed in
[2019-03-19 13:47:54,767] {bash_operator.py:127} INFO - Command exited with return code 0
[2019-03-19 13:47:55,858] {logging_mixin.py:95} INFO - [2019-03-19 13:47:55,858] {jobs.py:2527} INFO - Task exited with return code 0
