[2019-03-22 00:13:33,287] {models.py:1359} INFO - Dependencies all met for <TaskInstance: tutorial.templated 2018-07-03T00:00:00+00:00 [queued]>
[2019-03-22 00:13:33,292] {models.py:1359} INFO - Dependencies all met for <TaskInstance: tutorial.templated 2018-07-03T00:00:00+00:00 [queued]>
[2019-03-22 00:13:33,292] {models.py:1571} INFO - 
--------------------------------------------------------------------------------
Starting attempt 1 of 2
--------------------------------------------------------------------------------

[2019-03-22 00:13:33,333] {models.py:1593} INFO - Executing <Task(BashOperator): templated> on 2018-07-03T00:00:00+00:00
[2019-03-22 00:13:33,333] {base_task_runner.py:118} INFO - Running: ['bash', '-c', 'airflow run tutorial templated 2018-07-03T00:00:00+00:00 --job_id 2331 --raw -sd DAGS_FOLDER/example_dags/tutorial.py --cfg_path /tmp/tmpgo1nby8x']
[2019-03-22 00:13:34,055] {base_task_runner.py:101} INFO - Job 2331: Subtask templated [2019-03-22 00:13:34,054] {__init__.py:51} INFO - Using executor SequentialExecutor
[2019-03-22 00:13:34,356] {base_task_runner.py:101} INFO - Job 2331: Subtask templated [2019-03-22 00:13:34,356] {models.py:273} INFO - Filling up the DagBag from /home/rsandroni/airflow/dags/example_dags/tutorial.py
[2019-03-22 00:13:34,546] {base_task_runner.py:101} INFO - Job 2331: Subtask templated [2019-03-22 00:13:34,542] {cli.py:520} INFO - Running <TaskInstance: tutorial.templated 2018-07-03T00:00:00+00:00 [running]> on host IADAIRP1.globalrs.rack.space
[2019-03-22 00:13:34,587] {bash_operator.py:77} INFO - Tmp dir root location: 
 /tmp
[2019-03-22 00:13:34,587] {bash_operator.py:86} INFO - Exporting the following env vars:
AIRFLOW_CTX_DAG_ID=tutorial
AIRFLOW_CTX_TASK_ID=templated
AIRFLOW_CTX_EXECUTION_DATE=2018-07-03T00:00:00+00:00
AIRFLOW_CTX_DAG_RUN_ID=scheduled__2018-07-03T00:00:00+00:00
[2019-03-22 00:13:34,588] {bash_operator.py:100} INFO - Temporary script location: /tmp/airflowtmphby6_988/templated0ekbfl09
[2019-03-22 00:13:34,588] {bash_operator.py:110} INFO - Running command: 

    echo "2018-07-03"
    echo "2018-07-10"
    echo "Parameter I passed in"

    echo "2018-07-03"
    echo "2018-07-10"
    echo "Parameter I passed in"

    echo "2018-07-03"
    echo "2018-07-10"
    echo "Parameter I passed in"

    echo "2018-07-03"
    echo "2018-07-10"
    echo "Parameter I passed in"

    echo "2018-07-03"
    echo "2018-07-10"
    echo "Parameter I passed in"

[2019-03-22 00:13:34,609] {bash_operator.py:119} INFO - Output:
[2019-03-22 00:13:34,610] {bash_operator.py:123} INFO - 2018-07-03
[2019-03-22 00:13:34,610] {bash_operator.py:123} INFO - 2018-07-10
[2019-03-22 00:13:34,610] {bash_operator.py:123} INFO - Parameter I passed in
[2019-03-22 00:13:34,610] {bash_operator.py:123} INFO - 2018-07-03
[2019-03-22 00:13:34,610] {bash_operator.py:123} INFO - 2018-07-10
[2019-03-22 00:13:34,610] {bash_operator.py:123} INFO - Parameter I passed in
[2019-03-22 00:13:34,610] {bash_operator.py:123} INFO - 2018-07-03
[2019-03-22 00:13:34,610] {bash_operator.py:123} INFO - 2018-07-10
[2019-03-22 00:13:34,610] {bash_operator.py:123} INFO - Parameter I passed in
[2019-03-22 00:13:34,610] {bash_operator.py:123} INFO - 2018-07-03
[2019-03-22 00:13:34,610] {bash_operator.py:123} INFO - 2018-07-10
[2019-03-22 00:13:34,610] {bash_operator.py:123} INFO - Parameter I passed in
[2019-03-22 00:13:34,611] {bash_operator.py:123} INFO - 2018-07-03
[2019-03-22 00:13:34,611] {bash_operator.py:123} INFO - 2018-07-10
[2019-03-22 00:13:34,611] {bash_operator.py:123} INFO - Parameter I passed in
[2019-03-22 00:13:34,611] {bash_operator.py:127} INFO - Command exited with return code 0
[2019-03-22 00:13:38,268] {logging_mixin.py:95} INFO - [2019-03-22 00:13:38,268] {jobs.py:2527} INFO - Task exited with return code 0
