[2019-03-19 11:37:51,416] {models.py:1359} INFO - Dependencies all met for <TaskInstance: tutorial.templated 2015-11-14T00:00:00+00:00 [queued]>
[2019-03-19 11:37:51,421] {models.py:1359} INFO - Dependencies all met for <TaskInstance: tutorial.templated 2015-11-14T00:00:00+00:00 [queued]>
[2019-03-19 11:37:51,421] {models.py:1571} INFO - 
--------------------------------------------------------------------------------
Starting attempt 1 of 2
--------------------------------------------------------------------------------

[2019-03-19 11:37:51,432] {models.py:1593} INFO - Executing <Task(BashOperator): templated> on 2015-11-14T00:00:00+00:00
[2019-03-19 11:37:51,432] {base_task_runner.py:118} INFO - Running: ['bash', '-c', 'airflow run tutorial templated 2015-11-14T00:00:00+00:00 --job_id 340 --raw -sd DAGS_FOLDER/sql_server_load.py --cfg_path /tmp/tmpuos0thu1']
[2019-03-19 11:37:52,054] {base_task_runner.py:101} INFO - Job 340: Subtask templated [2019-03-19 11:37:52,053] {__init__.py:51} INFO - Using executor SequentialExecutor
[2019-03-19 11:37:52,280] {base_task_runner.py:101} INFO - Job 340: Subtask templated [2019-03-19 11:37:52,280] {models.py:273} INFO - Filling up the DagBag from /home/rsandroni/airflow/dags/sql_server_load.py
[2019-03-19 11:37:52,298] {base_task_runner.py:101} INFO - Job 340: Subtask templated [2019-03-19 11:37:52,297] {cli.py:520} INFO - Running <TaskInstance: tutorial.templated 2015-11-14T00:00:00+00:00 [running]> on host IADAIRP1.globalrs.rack.space
[2019-03-19 11:37:52,311] {bash_operator.py:77} INFO - Tmp dir root location: 
 /tmp
[2019-03-19 11:37:52,312] {bash_operator.py:86} INFO - Exporting the following env vars:
AIRFLOW_CTX_DAG_ID=tutorial
AIRFLOW_CTX_TASK_ID=templated
AIRFLOW_CTX_EXECUTION_DATE=2015-11-14T00:00:00+00:00
AIRFLOW_CTX_DAG_RUN_ID=scheduled__2015-11-14T00:00:00+00:00
[2019-03-19 11:37:52,312] {bash_operator.py:100} INFO - Temporary script location: /tmp/airflowtmpahre6t1j/templatedoiwkpr1r
[2019-03-19 11:37:52,312] {bash_operator.py:110} INFO - Running command: 
    
        echo "2015-11-14"
        echo "Parameter I passed in"
    
        echo "2015-11-14"
        echo "Parameter I passed in"
    
        echo "2015-11-14"
        echo "Parameter I passed in"
    
        echo "2015-11-14"
        echo "Parameter I passed in"
    
        echo "2015-11-14"
        echo "Parameter I passed in"
    
    
[2019-03-19 11:37:52,317] {bash_operator.py:119} INFO - Output:
[2019-03-19 11:37:52,319] {bash_operator.py:123} INFO - 2015-11-14
[2019-03-19 11:37:52,319] {bash_operator.py:123} INFO - Parameter I passed in
[2019-03-19 11:37:52,319] {bash_operator.py:123} INFO - 2015-11-14
[2019-03-19 11:37:52,319] {bash_operator.py:123} INFO - Parameter I passed in
[2019-03-19 11:37:52,319] {bash_operator.py:123} INFO - 2015-11-14
[2019-03-19 11:37:52,319] {bash_operator.py:123} INFO - Parameter I passed in
[2019-03-19 11:37:52,319] {bash_operator.py:123} INFO - 2015-11-14
[2019-03-19 11:37:52,319] {bash_operator.py:123} INFO - Parameter I passed in
[2019-03-19 11:37:52,319] {bash_operator.py:123} INFO - 2015-11-14
[2019-03-19 11:37:52,319] {bash_operator.py:123} INFO - Parameter I passed in
[2019-03-19 11:37:52,319] {bash_operator.py:127} INFO - Command exited with return code 0
[2019-03-19 11:37:56,422] {logging_mixin.py:95} INFO - [2019-03-19 11:37:56,421] {jobs.py:2527} INFO - Task exited with return code 0
