[2019-03-22 04:03:37,725] {models.py:1359} INFO - Dependencies all met for <TaskInstance: tutorial.templated 2018-12-23T00:00:00+00:00 [queued]>
[2019-03-22 04:03:37,730] {models.py:1359} INFO - Dependencies all met for <TaskInstance: tutorial.templated 2018-12-23T00:00:00+00:00 [queued]>
[2019-03-22 04:03:37,730] {models.py:1571} INFO - 
--------------------------------------------------------------------------------
Starting attempt 1 of 2
--------------------------------------------------------------------------------

[2019-03-22 04:03:37,820] {models.py:1593} INFO - Executing <Task(BashOperator): templated> on 2018-12-23T00:00:00+00:00
[2019-03-22 04:03:37,820] {base_task_runner.py:118} INFO - Running: ['bash', '-c', 'airflow run tutorial templated 2018-12-23T00:00:00+00:00 --job_id 2678 --raw -sd DAGS_FOLDER/example_dags/tutorial.py --cfg_path /tmp/tmp8nah46pu']
[2019-03-22 04:03:38,905] {base_task_runner.py:101} INFO - Job 2678: Subtask templated [2019-03-22 04:03:38,900] {__init__.py:51} INFO - Using executor SequentialExecutor
[2019-03-22 04:03:39,280] {base_task_runner.py:101} INFO - Job 2678: Subtask templated [2019-03-22 04:03:39,274] {models.py:273} INFO - Filling up the DagBag from /home/rsandroni/airflow/dags/example_dags/tutorial.py
[2019-03-22 04:03:39,383] {base_task_runner.py:101} INFO - Job 2678: Subtask templated [2019-03-22 04:03:39,378] {cli.py:520} INFO - Running <TaskInstance: tutorial.templated 2018-12-23T00:00:00+00:00 [running]> on host IADAIRP1.globalrs.rack.space
[2019-03-22 04:03:39,421] {bash_operator.py:77} INFO - Tmp dir root location: 
 /tmp
[2019-03-22 04:03:39,421] {bash_operator.py:86} INFO - Exporting the following env vars:
AIRFLOW_CTX_DAG_ID=tutorial
AIRFLOW_CTX_TASK_ID=templated
AIRFLOW_CTX_EXECUTION_DATE=2018-12-23T00:00:00+00:00
AIRFLOW_CTX_DAG_RUN_ID=scheduled__2018-12-23T00:00:00+00:00
[2019-03-22 04:03:39,422] {bash_operator.py:100} INFO - Temporary script location: /tmp/airflowtmp73mo02ko/templated1_3r0g96
[2019-03-22 04:03:39,422] {bash_operator.py:110} INFO - Running command: 

    echo "2018-12-23"
    echo "2018-12-30"
    echo "Parameter I passed in"

    echo "2018-12-23"
    echo "2018-12-30"
    echo "Parameter I passed in"

    echo "2018-12-23"
    echo "2018-12-30"
    echo "Parameter I passed in"

    echo "2018-12-23"
    echo "2018-12-30"
    echo "Parameter I passed in"

    echo "2018-12-23"
    echo "2018-12-30"
    echo "Parameter I passed in"

[2019-03-22 04:03:39,463] {bash_operator.py:119} INFO - Output:
[2019-03-22 04:03:39,464] {bash_operator.py:123} INFO - 2018-12-23
[2019-03-22 04:03:39,464] {bash_operator.py:123} INFO - 2018-12-30
[2019-03-22 04:03:39,464] {bash_operator.py:123} INFO - Parameter I passed in
[2019-03-22 04:03:39,464] {bash_operator.py:123} INFO - 2018-12-23
[2019-03-22 04:03:39,464] {bash_operator.py:123} INFO - 2018-12-30
[2019-03-22 04:03:39,464] {bash_operator.py:123} INFO - Parameter I passed in
[2019-03-22 04:03:39,464] {bash_operator.py:123} INFO - 2018-12-23
[2019-03-22 04:03:39,464] {bash_operator.py:123} INFO - 2018-12-30
[2019-03-22 04:03:39,464] {bash_operator.py:123} INFO - Parameter I passed in
[2019-03-22 04:03:39,464] {bash_operator.py:123} INFO - 2018-12-23
[2019-03-22 04:03:39,464] {bash_operator.py:123} INFO - 2018-12-30
[2019-03-22 04:03:39,464] {bash_operator.py:123} INFO - Parameter I passed in
[2019-03-22 04:03:39,464] {bash_operator.py:123} INFO - 2018-12-23
[2019-03-22 04:03:39,464] {bash_operator.py:123} INFO - 2018-12-30
[2019-03-22 04:03:39,464] {bash_operator.py:123} INFO - Parameter I passed in
[2019-03-22 04:03:39,464] {bash_operator.py:127} INFO - Command exited with return code 0
[2019-03-22 04:03:42,724] {logging_mixin.py:95} INFO - [2019-03-22 04:03:42,723] {jobs.py:2527} INFO - Task exited with return code 0
