[2019-03-21 22:27:03,188] {models.py:1359} INFO - Dependencies all met for <TaskInstance: tutorial.print_date 2018-04-13T00:00:00+00:00 [queued]>
[2019-03-21 22:27:03,191] {models.py:1359} INFO - Dependencies all met for <TaskInstance: tutorial.print_date 2018-04-13T00:00:00+00:00 [queued]>
[2019-03-21 22:27:03,191] {models.py:1571} INFO - 
--------------------------------------------------------------------------------
Starting attempt 1 of 2
--------------------------------------------------------------------------------

[2019-03-21 22:27:03,203] {models.py:1593} INFO - Executing <Task(BashOperator): print_date> on 2018-04-13T00:00:00+00:00
[2019-03-21 22:27:03,204] {base_task_runner.py:118} INFO - Running: ['bash', '-c', 'airflow run tutorial print_date 2018-04-13T00:00:00+00:00 --job_id 2168 --raw -sd DAGS_FOLDER/tutorial.py --cfg_path /tmp/tmp0vnu08uw']
[2019-03-21 22:27:03,834] {base_task_runner.py:101} INFO - Job 2168: Subtask print_date [2019-03-21 22:27:03,834] {__init__.py:51} INFO - Using executor SequentialExecutor
[2019-03-21 22:27:04,063] {base_task_runner.py:101} INFO - Job 2168: Subtask print_date [2019-03-21 22:27:04,062] {models.py:273} INFO - Filling up the DagBag from /home/rsandroni/airflow/dags/tutorial.py
[2019-03-21 22:27:04,080] {base_task_runner.py:101} INFO - Job 2168: Subtask print_date [2019-03-21 22:27:04,080] {cli.py:520} INFO - Running <TaskInstance: tutorial.print_date 2018-04-13T00:00:00+00:00 [running]> on host IADAIRP1.globalrs.rack.space
[2019-03-21 22:27:04,093] {bash_operator.py:77} INFO - Tmp dir root location: 
 /tmp
[2019-03-21 22:27:04,093] {bash_operator.py:86} INFO - Exporting the following env vars:
AIRFLOW_CTX_DAG_ID=tutorial
AIRFLOW_CTX_TASK_ID=print_date
AIRFLOW_CTX_EXECUTION_DATE=2018-04-13T00:00:00+00:00
AIRFLOW_CTX_DAG_RUN_ID=scheduled__2018-04-13T00:00:00+00:00
[2019-03-21 22:27:04,094] {bash_operator.py:100} INFO - Temporary script location: /tmp/airflowtmptpvbki3t/print_datel8_hnbiq
[2019-03-21 22:27:04,094] {bash_operator.py:110} INFO - Running command: date
[2019-03-21 22:27:04,099] {bash_operator.py:119} INFO - Output:
[2019-03-21 22:27:04,101] {bash_operator.py:123} INFO - Qui Mar 21 22:27:04 -03 2019
[2019-03-21 22:27:04,101] {bash_operator.py:127} INFO - Command exited with return code 0
[2019-03-21 22:27:08,195] {logging_mixin.py:95} INFO - [2019-03-21 22:27:08,195] {jobs.py:2527} INFO - Task exited with return code 0
