[2019-03-19 13:39:15,375] {models.py:1359} INFO - Dependencies all met for <TaskInstance: tutorial.print_date 2016-08-04T00:00:00+00:00 [queued]>
[2019-03-19 13:39:15,377] {models.py:1359} INFO - Dependencies all met for <TaskInstance: tutorial.print_date 2016-08-04T00:00:00+00:00 [queued]>
[2019-03-19 13:39:15,377] {models.py:1571} INFO - 
--------------------------------------------------------------------------------
Starting attempt 1 of 2
--------------------------------------------------------------------------------

[2019-03-19 13:39:15,396] {models.py:1593} INFO - Executing <Task(BashOperator): print_date> on 2016-08-04T00:00:00+00:00
[2019-03-19 13:39:15,396] {base_task_runner.py:118} INFO - Running: ['bash', '-c', 'airflow run tutorial print_date 2016-08-04T00:00:00+00:00 --job_id 865 --raw -sd DAGS_FOLDER/tutorial.py --cfg_path /tmp/tmp07lr3i2e']
[2019-03-19 13:39:16,008] {base_task_runner.py:101} INFO - Job 865: Subtask print_date [2019-03-19 13:39:16,008] {__init__.py:51} INFO - Using executor SequentialExecutor
[2019-03-19 13:39:16,244] {base_task_runner.py:101} INFO - Job 865: Subtask print_date [2019-03-19 13:39:16,243] {models.py:273} INFO - Filling up the DagBag from /home/rsandroni/airflow/dags/tutorial.py
[2019-03-19 13:39:16,259] {base_task_runner.py:101} INFO - Job 865: Subtask print_date [2019-03-19 13:39:16,259] {cli.py:520} INFO - Running <TaskInstance: tutorial.print_date 2016-08-04T00:00:00+00:00 [running]> on host IADAIRP1.globalrs.rack.space
[2019-03-19 13:39:16,272] {bash_operator.py:77} INFO - Tmp dir root location: 
 /tmp
[2019-03-19 13:39:16,272] {bash_operator.py:86} INFO - Exporting the following env vars:
AIRFLOW_CTX_DAG_ID=tutorial
AIRFLOW_CTX_TASK_ID=print_date
AIRFLOW_CTX_EXECUTION_DATE=2016-08-04T00:00:00+00:00
AIRFLOW_CTX_DAG_RUN_ID=scheduled__2016-08-04T00:00:00+00:00
[2019-03-19 13:39:16,273] {bash_operator.py:100} INFO - Temporary script location: /tmp/airflowtmpj89f5rgs/print_date2q0hnmyu
[2019-03-19 13:39:16,273] {bash_operator.py:110} INFO - Running command: date
[2019-03-19 13:39:16,278] {bash_operator.py:119} INFO - Output:
[2019-03-19 13:39:16,280] {bash_operator.py:123} INFO - Ter Mar 19 13:39:16 -03 2019
[2019-03-19 13:39:16,280] {bash_operator.py:127} INFO - Command exited with return code 0
[2019-03-19 13:39:20,379] {logging_mixin.py:95} INFO - [2019-03-19 13:39:20,379] {jobs.py:2527} INFO - Task exited with return code 0
