[2019-03-22 00:21:22,781] {models.py:1359} INFO - Dependencies all met for <TaskInstance: tutorial.templated 2018-07-08T00:00:00+00:00 [queued]>
[2019-03-22 00:21:22,787] {models.py:1359} INFO - Dependencies all met for <TaskInstance: tutorial.templated 2018-07-08T00:00:00+00:00 [queued]>
[2019-03-22 00:21:22,787] {models.py:1571} INFO - 
--------------------------------------------------------------------------------
Starting attempt 1 of 2
--------------------------------------------------------------------------------

[2019-03-22 00:21:22,841] {models.py:1593} INFO - Executing <Task(BashOperator): templated> on 2018-07-08T00:00:00+00:00
[2019-03-22 00:21:22,842] {base_task_runner.py:118} INFO - Running: ['bash', '-c', 'airflow run tutorial templated 2018-07-08T00:00:00+00:00 --job_id 2342 --raw -sd DAGS_FOLDER/example_dags/tutorial.py --cfg_path /tmp/tmpv43bw8ra']
[2019-03-22 00:21:23,634] {base_task_runner.py:101} INFO - Job 2342: Subtask templated [2019-03-22 00:21:23,633] {__init__.py:51} INFO - Using executor SequentialExecutor
[2019-03-22 00:21:23,957] {base_task_runner.py:101} INFO - Job 2342: Subtask templated [2019-03-22 00:21:23,956] {models.py:273} INFO - Filling up the DagBag from /home/rsandroni/airflow/dags/example_dags/tutorial.py
[2019-03-22 00:21:24,026] {base_task_runner.py:101} INFO - Job 2342: Subtask templated [2019-03-22 00:21:24,026] {cli.py:520} INFO - Running <TaskInstance: tutorial.templated 2018-07-08T00:00:00+00:00 [running]> on host IADAIRP1.globalrs.rack.space
[2019-03-22 00:21:24,046] {bash_operator.py:77} INFO - Tmp dir root location: 
 /tmp
[2019-03-22 00:21:24,047] {bash_operator.py:86} INFO - Exporting the following env vars:
AIRFLOW_CTX_DAG_ID=tutorial
AIRFLOW_CTX_TASK_ID=templated
AIRFLOW_CTX_EXECUTION_DATE=2018-07-08T00:00:00+00:00
AIRFLOW_CTX_DAG_RUN_ID=scheduled__2018-07-08T00:00:00+00:00
[2019-03-22 00:21:24,047] {bash_operator.py:100} INFO - Temporary script location: /tmp/airflowtmpptpj65b1/templatedrqzqqm71
[2019-03-22 00:21:24,048] {bash_operator.py:110} INFO - Running command: 

    echo "2018-07-08"
    echo "2018-07-15"
    echo "Parameter I passed in"

    echo "2018-07-08"
    echo "2018-07-15"
    echo "Parameter I passed in"

    echo "2018-07-08"
    echo "2018-07-15"
    echo "Parameter I passed in"

    echo "2018-07-08"
    echo "2018-07-15"
    echo "Parameter I passed in"

    echo "2018-07-08"
    echo "2018-07-15"
    echo "Parameter I passed in"

[2019-03-22 00:21:24,054] {bash_operator.py:119} INFO - Output:
[2019-03-22 00:21:24,055] {bash_operator.py:123} INFO - 2018-07-08
[2019-03-22 00:21:24,056] {bash_operator.py:123} INFO - 2018-07-15
[2019-03-22 00:21:24,056] {bash_operator.py:123} INFO - Parameter I passed in
[2019-03-22 00:21:24,056] {bash_operator.py:123} INFO - 2018-07-08
[2019-03-22 00:21:24,056] {bash_operator.py:123} INFO - 2018-07-15
[2019-03-22 00:21:24,056] {bash_operator.py:123} INFO - Parameter I passed in
[2019-03-22 00:21:24,056] {bash_operator.py:123} INFO - 2018-07-08
[2019-03-22 00:21:24,056] {bash_operator.py:123} INFO - 2018-07-15
[2019-03-22 00:21:24,056] {bash_operator.py:123} INFO - Parameter I passed in
[2019-03-22 00:21:24,056] {bash_operator.py:123} INFO - 2018-07-08
[2019-03-22 00:21:24,056] {bash_operator.py:123} INFO - 2018-07-15
[2019-03-22 00:21:24,056] {bash_operator.py:123} INFO - Parameter I passed in
[2019-03-22 00:21:24,056] {bash_operator.py:123} INFO - 2018-07-08
[2019-03-22 00:21:24,056] {bash_operator.py:123} INFO - 2018-07-15
[2019-03-22 00:21:24,056] {bash_operator.py:123} INFO - Parameter I passed in
[2019-03-22 00:21:24,056] {bash_operator.py:127} INFO - Command exited with return code 0
[2019-03-22 00:21:27,835] {logging_mixin.py:95} INFO - [2019-03-22 00:21:27,834] {jobs.py:2527} INFO - Task exited with return code 0
