[2019-03-19 11:45:31,278] {models.py:1359} INFO - Dependencies all met for <TaskInstance: tutorial.templated 2015-12-01T00:00:00+00:00 [queued]>
[2019-03-19 11:45:31,283] {models.py:1359} INFO - Dependencies all met for <TaskInstance: tutorial.templated 2015-12-01T00:00:00+00:00 [queued]>
[2019-03-19 11:45:31,283] {models.py:1571} INFO - 
--------------------------------------------------------------------------------
Starting attempt 1 of 2
--------------------------------------------------------------------------------

[2019-03-19 11:45:31,299] {models.py:1593} INFO - Executing <Task(BashOperator): templated> on 2015-12-01T00:00:00+00:00
[2019-03-19 11:45:31,299] {base_task_runner.py:118} INFO - Running: ['bash', '-c', 'airflow run tutorial templated 2015-12-01T00:00:00+00:00 --job_id 375 --raw -sd DAGS_FOLDER/sql_server_load.py --cfg_path /tmp/tmp0r1yeswz']
[2019-03-19 11:45:32,003] {base_task_runner.py:101} INFO - Job 375: Subtask templated [2019-03-19 11:45:32,003] {__init__.py:51} INFO - Using executor SequentialExecutor
[2019-03-19 11:45:32,229] {base_task_runner.py:101} INFO - Job 375: Subtask templated [2019-03-19 11:45:32,229] {models.py:273} INFO - Filling up the DagBag from /home/rsandroni/airflow/dags/sql_server_load.py
[2019-03-19 11:45:32,247] {base_task_runner.py:101} INFO - Job 375: Subtask templated [2019-03-19 11:45:32,247] {cli.py:520} INFO - Running <TaskInstance: tutorial.templated 2015-12-01T00:00:00+00:00 [running]> on host IADAIRP1.globalrs.rack.space
[2019-03-19 11:45:32,261] {bash_operator.py:77} INFO - Tmp dir root location: 
 /tmp
[2019-03-19 11:45:32,261] {bash_operator.py:86} INFO - Exporting the following env vars:
AIRFLOW_CTX_DAG_ID=tutorial
AIRFLOW_CTX_TASK_ID=templated
AIRFLOW_CTX_EXECUTION_DATE=2015-12-01T00:00:00+00:00
AIRFLOW_CTX_DAG_RUN_ID=scheduled__2015-12-01T00:00:00+00:00
[2019-03-19 11:45:32,262] {bash_operator.py:100} INFO - Temporary script location: /tmp/airflowtmp42okso10/templatedzbxazm_z
[2019-03-19 11:45:32,262] {bash_operator.py:110} INFO - Running command: 
    
        echo "2015-12-01"
        echo "Parameter I passed in"
    
        echo "2015-12-01"
        echo "Parameter I passed in"
    
        echo "2015-12-01"
        echo "Parameter I passed in"
    
        echo "2015-12-01"
        echo "Parameter I passed in"
    
        echo "2015-12-01"
        echo "Parameter I passed in"
    
    
[2019-03-19 11:45:32,267] {bash_operator.py:119} INFO - Output:
[2019-03-19 11:45:32,268] {bash_operator.py:123} INFO - 2015-12-01
[2019-03-19 11:45:32,268] {bash_operator.py:123} INFO - Parameter I passed in
[2019-03-19 11:45:32,268] {bash_operator.py:123} INFO - 2015-12-01
[2019-03-19 11:45:32,268] {bash_operator.py:123} INFO - Parameter I passed in
[2019-03-19 11:45:32,268] {bash_operator.py:123} INFO - 2015-12-01
[2019-03-19 11:45:32,268] {bash_operator.py:123} INFO - Parameter I passed in
[2019-03-19 11:45:32,268] {bash_operator.py:123} INFO - 2015-12-01
[2019-03-19 11:45:32,268] {bash_operator.py:123} INFO - Parameter I passed in
[2019-03-19 11:45:32,268] {bash_operator.py:123} INFO - 2015-12-01
[2019-03-19 11:45:32,268] {bash_operator.py:123} INFO - Parameter I passed in
[2019-03-19 11:45:32,269] {bash_operator.py:127} INFO - Command exited with return code 0
[2019-03-19 11:45:36,277] {logging_mixin.py:95} INFO - [2019-03-19 11:45:36,276] {jobs.py:2527} INFO - Task exited with return code 0
