[2019-03-22 01:04:25,095] {models.py:1359} INFO - Dependencies all met for <TaskInstance: tutorial.print_date 2018-08-11T00:00:00+00:00 [queued]>
[2019-03-22 01:04:25,099] {models.py:1359} INFO - Dependencies all met for <TaskInstance: tutorial.print_date 2018-08-11T00:00:00+00:00 [queued]>
[2019-03-22 01:04:25,099] {models.py:1571} INFO - 
--------------------------------------------------------------------------------
Starting attempt 1 of 2
--------------------------------------------------------------------------------

[2019-03-22 01:04:25,177] {models.py:1593} INFO - Executing <Task(BashOperator): print_date> on 2018-08-11T00:00:00+00:00
[2019-03-22 01:04:25,177] {base_task_runner.py:118} INFO - Running: ['bash', '-c', 'airflow run tutorial print_date 2018-08-11T00:00:00+00:00 --job_id 2408 --raw -sd DAGS_FOLDER/tutorial.py --cfg_path /tmp/tmp7j7tvinh']
[2019-03-22 01:04:25,937] {base_task_runner.py:101} INFO - Job 2408: Subtask print_date [2019-03-22 01:04:25,936] {__init__.py:51} INFO - Using executor SequentialExecutor
[2019-03-22 01:04:26,313] {base_task_runner.py:101} INFO - Job 2408: Subtask print_date [2019-03-22 01:04:26,313] {models.py:273} INFO - Filling up the DagBag from /home/rsandroni/airflow/dags/tutorial.py
[2019-03-22 01:04:26,344] {base_task_runner.py:101} INFO - Job 2408: Subtask print_date [2019-03-22 01:04:26,341] {cli.py:520} INFO - Running <TaskInstance: tutorial.print_date 2018-08-11T00:00:00+00:00 [running]> on host IADAIRP1.globalrs.rack.space
[2019-03-22 01:04:26,389] {bash_operator.py:77} INFO - Tmp dir root location: 
 /tmp
[2019-03-22 01:04:26,389] {bash_operator.py:86} INFO - Exporting the following env vars:
AIRFLOW_CTX_DAG_ID=tutorial
AIRFLOW_CTX_TASK_ID=print_date
AIRFLOW_CTX_EXECUTION_DATE=2018-08-11T00:00:00+00:00
AIRFLOW_CTX_DAG_RUN_ID=scheduled__2018-08-11T00:00:00+00:00
[2019-03-22 01:04:26,389] {bash_operator.py:100} INFO - Temporary script location: /tmp/airflowtmpha3jihsu/print_date80q_juqk
[2019-03-22 01:04:26,389] {bash_operator.py:110} INFO - Running command: date
[2019-03-22 01:04:26,446] {bash_operator.py:119} INFO - Output:
[2019-03-22 01:04:26,466] {bash_operator.py:123} INFO - Sex Mar 22 01:04:26 -03 2019
[2019-03-22 01:04:26,466] {bash_operator.py:127} INFO - Command exited with return code 0
[2019-03-22 01:04:30,068] {logging_mixin.py:95} INFO - [2019-03-22 01:04:30,067] {jobs.py:2527} INFO - Task exited with return code 0
