[2019-03-22 05:41:55,616] {models.py:1359} INFO - Dependencies all met for <TaskInstance: tutorial.templated 2019-03-08T00:00:00+00:00 [queued]>
[2019-03-22 05:41:55,622] {models.py:1359} INFO - Dependencies all met for <TaskInstance: tutorial.templated 2019-03-08T00:00:00+00:00 [queued]>
[2019-03-22 05:41:55,622] {models.py:1571} INFO - 
--------------------------------------------------------------------------------
Starting attempt 1 of 2
--------------------------------------------------------------------------------

[2019-03-22 05:41:55,671] {models.py:1593} INFO - Executing <Task(BashOperator): templated> on 2019-03-08T00:00:00+00:00
[2019-03-22 05:41:55,671] {base_task_runner.py:118} INFO - Running: ['bash', '-c', 'airflow run tutorial templated 2019-03-08T00:00:00+00:00 --job_id 2827 --raw -sd DAGS_FOLDER/example_dags/tutorial.py --cfg_path /tmp/tmp266v5dcx']
[2019-03-22 05:41:56,871] {base_task_runner.py:101} INFO - Job 2827: Subtask templated [2019-03-22 05:41:56,870] {__init__.py:51} INFO - Using executor SequentialExecutor
[2019-03-22 05:41:57,297] {base_task_runner.py:101} INFO - Job 2827: Subtask templated [2019-03-22 05:41:57,296] {models.py:273} INFO - Filling up the DagBag from /home/rsandroni/airflow/dags/example_dags/tutorial.py
[2019-03-22 05:41:57,433] {base_task_runner.py:101} INFO - Job 2827: Subtask templated [2019-03-22 05:41:57,432] {cli.py:520} INFO - Running <TaskInstance: tutorial.templated 2019-03-08T00:00:00+00:00 [running]> on host IADAIRP1.globalrs.rack.space
[2019-03-22 05:41:57,475] {bash_operator.py:77} INFO - Tmp dir root location: 
 /tmp
[2019-03-22 05:41:57,476] {bash_operator.py:86} INFO - Exporting the following env vars:
AIRFLOW_CTX_DAG_ID=tutorial
AIRFLOW_CTX_TASK_ID=templated
AIRFLOW_CTX_EXECUTION_DATE=2019-03-08T00:00:00+00:00
AIRFLOW_CTX_DAG_RUN_ID=scheduled__2019-03-08T00:00:00+00:00
[2019-03-22 05:41:57,476] {bash_operator.py:100} INFO - Temporary script location: /tmp/airflowtmpzlt80ijf/templatedwqob8_s4
[2019-03-22 05:41:57,476] {bash_operator.py:110} INFO - Running command: 

    echo "2019-03-08"
    echo "2019-03-15"
    echo "Parameter I passed in"

    echo "2019-03-08"
    echo "2019-03-15"
    echo "Parameter I passed in"

    echo "2019-03-08"
    echo "2019-03-15"
    echo "Parameter I passed in"

    echo "2019-03-08"
    echo "2019-03-15"
    echo "Parameter I passed in"

    echo "2019-03-08"
    echo "2019-03-15"
    echo "Parameter I passed in"

[2019-03-22 05:41:57,490] {bash_operator.py:119} INFO - Output:
[2019-03-22 05:41:57,490] {bash_operator.py:123} INFO - 2019-03-08
[2019-03-22 05:41:57,491] {bash_operator.py:123} INFO - 2019-03-15
[2019-03-22 05:41:57,491] {bash_operator.py:123} INFO - Parameter I passed in
[2019-03-22 05:41:57,491] {bash_operator.py:123} INFO - 2019-03-08
[2019-03-22 05:41:57,491] {bash_operator.py:123} INFO - 2019-03-15
[2019-03-22 05:41:57,491] {bash_operator.py:123} INFO - Parameter I passed in
[2019-03-22 05:41:57,491] {bash_operator.py:123} INFO - 2019-03-08
[2019-03-22 05:41:57,491] {bash_operator.py:123} INFO - 2019-03-15
[2019-03-22 05:41:57,491] {bash_operator.py:123} INFO - Parameter I passed in
[2019-03-22 05:41:57,491] {bash_operator.py:123} INFO - 2019-03-08
[2019-03-22 05:41:57,491] {bash_operator.py:123} INFO - 2019-03-15
[2019-03-22 05:41:57,491] {bash_operator.py:123} INFO - Parameter I passed in
[2019-03-22 05:41:57,491] {bash_operator.py:123} INFO - 2019-03-08
[2019-03-22 05:41:57,491] {bash_operator.py:123} INFO - 2019-03-15
[2019-03-22 05:41:57,491] {bash_operator.py:123} INFO - Parameter I passed in
[2019-03-22 05:41:57,491] {bash_operator.py:127} INFO - Command exited with return code 0
[2019-03-22 05:42:00,561] {logging_mixin.py:95} INFO - [2019-03-22 05:42:00,560] {jobs.py:2527} INFO - Task exited with return code 0
