[2019-03-19 13:14:49,360] {models.py:1359} INFO - Dependencies all met for <TaskInstance: tutorial.print_date 2016-06-12T00:00:00+00:00 [queued]>
[2019-03-19 13:14:49,362] {models.py:1359} INFO - Dependencies all met for <TaskInstance: tutorial.print_date 2016-06-12T00:00:00+00:00 [queued]>
[2019-03-19 13:14:49,362] {models.py:1571} INFO - 
--------------------------------------------------------------------------------
Starting attempt 1 of 2
--------------------------------------------------------------------------------

[2019-03-19 13:14:49,392] {models.py:1593} INFO - Executing <Task(BashOperator): print_date> on 2016-06-12T00:00:00+00:00
[2019-03-19 13:14:49,392] {base_task_runner.py:118} INFO - Running: ['bash', '-c', 'airflow run tutorial print_date 2016-06-12T00:00:00+00:00 --job_id 758 --raw -sd DAGS_FOLDER/sql_server_load.py --cfg_path /tmp/tmp28i77kfw']
[2019-03-19 13:14:50,852] {base_task_runner.py:101} INFO - Job 758: Subtask print_date [2019-03-19 13:14:50,851] {__init__.py:51} INFO - Using executor SequentialExecutor
[2019-03-19 13:14:51,476] {base_task_runner.py:101} INFO - Job 758: Subtask print_date [2019-03-19 13:14:51,475] {models.py:273} INFO - Filling up the DagBag from /home/rsandroni/airflow/dags/sql_server_load.py
[2019-03-19 13:14:51,521] {base_task_runner.py:101} INFO - Job 758: Subtask print_date [2019-03-19 13:14:51,520] {cli.py:520} INFO - Running <TaskInstance: tutorial.print_date 2016-06-12T00:00:00+00:00 [running]> on host IADAIRP1.globalrs.rack.space
[2019-03-19 13:14:51,547] {bash_operator.py:77} INFO - Tmp dir root location: 
 /tmp
[2019-03-19 13:14:51,547] {bash_operator.py:86} INFO - Exporting the following env vars:
AIRFLOW_CTX_DAG_ID=tutorial
AIRFLOW_CTX_TASK_ID=print_date
AIRFLOW_CTX_EXECUTION_DATE=2016-06-12T00:00:00+00:00
AIRFLOW_CTX_DAG_RUN_ID=scheduled__2016-06-12T00:00:00+00:00
[2019-03-19 13:14:51,548] {bash_operator.py:100} INFO - Temporary script location: /tmp/airflowtmp6b2ptkxq/print_dateppiy8y5o
[2019-03-19 13:14:51,548] {bash_operator.py:110} INFO - Running command: date
[2019-03-19 13:14:51,588] {bash_operator.py:119} INFO - Output:
[2019-03-19 13:14:51,594] {bash_operator.py:123} INFO - Ter Mar 19 13:14:51 -03 2019
[2019-03-19 13:14:51,597] {bash_operator.py:127} INFO - Command exited with return code 0
[2019-03-19 13:14:54,374] {logging_mixin.py:95} INFO - [2019-03-19 13:14:54,374] {jobs.py:2527} INFO - Task exited with return code 0
