[2019-03-22 04:49:20,977] {models.py:1359} INFO - Dependencies all met for <TaskInstance: tutorial.print_date 2019-01-29T00:00:00+00:00 [queued]>
[2019-03-22 04:49:20,981] {models.py:1359} INFO - Dependencies all met for <TaskInstance: tutorial.print_date 2019-01-29T00:00:00+00:00 [queued]>
[2019-03-22 04:49:20,982] {models.py:1571} INFO - 
--------------------------------------------------------------------------------
Starting attempt 1 of 2
--------------------------------------------------------------------------------

[2019-03-22 04:49:21,041] {models.py:1593} INFO - Executing <Task(BashOperator): print_date> on 2019-01-29T00:00:00+00:00
[2019-03-22 04:49:21,041] {base_task_runner.py:118} INFO - Running: ['bash', '-c', 'airflow run tutorial print_date 2019-01-29T00:00:00+00:00 --job_id 2749 --raw -sd DAGS_FOLDER/tutorial.py --cfg_path /tmp/tmp0z_m_rd6']
[2019-03-22 04:49:22,704] {base_task_runner.py:101} INFO - Job 2749: Subtask print_date [2019-03-22 04:49:22,695] {__init__.py:51} INFO - Using executor SequentialExecutor
[2019-03-22 04:49:23,370] {base_task_runner.py:101} INFO - Job 2749: Subtask print_date [2019-03-22 04:49:23,364] {models.py:273} INFO - Filling up the DagBag from /home/rsandroni/airflow/dags/tutorial.py
[2019-03-22 04:49:23,411] {base_task_runner.py:101} INFO - Job 2749: Subtask print_date [2019-03-22 04:49:23,406] {cli.py:520} INFO - Running <TaskInstance: tutorial.print_date 2019-01-29T00:00:00+00:00 [running]> on host IADAIRP1.globalrs.rack.space
[2019-03-22 04:49:23,444] {bash_operator.py:77} INFO - Tmp dir root location: 
 /tmp
[2019-03-22 04:49:23,444] {bash_operator.py:86} INFO - Exporting the following env vars:
AIRFLOW_CTX_DAG_ID=tutorial
AIRFLOW_CTX_TASK_ID=print_date
AIRFLOW_CTX_EXECUTION_DATE=2019-01-29T00:00:00+00:00
AIRFLOW_CTX_DAG_RUN_ID=scheduled__2019-01-29T00:00:00+00:00
[2019-03-22 04:49:23,444] {bash_operator.py:100} INFO - Temporary script location: /tmp/airflowtmp2qq0djx_/print_date9p3alm_w
[2019-03-22 04:49:23,444] {bash_operator.py:110} INFO - Running command: date
[2019-03-22 04:49:23,492] {bash_operator.py:119} INFO - Output:
[2019-03-22 04:49:23,523] {bash_operator.py:123} INFO - Sex Mar 22 04:49:23 -03 2019
[2019-03-22 04:49:23,523] {bash_operator.py:127} INFO - Command exited with return code 0
[2019-03-22 04:49:25,958] {logging_mixin.py:95} INFO - [2019-03-22 04:49:25,957] {jobs.py:2527} INFO - Task exited with return code 0
