[2019-03-22 01:14:26,025] {models.py:1359} INFO - Dependencies all met for <TaskInstance: tutorial.templated 2018-08-17T00:00:00+00:00 [queued]>
[2019-03-22 01:14:26,031] {models.py:1359} INFO - Dependencies all met for <TaskInstance: tutorial.templated 2018-08-17T00:00:00+00:00 [queued]>
[2019-03-22 01:14:26,031] {models.py:1571} INFO - 
--------------------------------------------------------------------------------
Starting attempt 1 of 2
--------------------------------------------------------------------------------

[2019-03-22 01:14:26,147] {models.py:1593} INFO - Executing <Task(BashOperator): templated> on 2018-08-17T00:00:00+00:00
[2019-03-22 01:14:26,147] {base_task_runner.py:118} INFO - Running: ['bash', '-c', 'airflow run tutorial templated 2018-08-17T00:00:00+00:00 --job_id 2422 --raw -sd DAGS_FOLDER/example_dags/tutorial.py --cfg_path /tmp/tmpsk6djluw']
[2019-03-22 01:14:28,324] {base_task_runner.py:101} INFO - Job 2422: Subtask templated [2019-03-22 01:14:28,320] {__init__.py:51} INFO - Using executor SequentialExecutor
[2019-03-22 01:14:28,841] {base_task_runner.py:101} INFO - Job 2422: Subtask templated [2019-03-22 01:14:28,833] {models.py:273} INFO - Filling up the DagBag from /home/rsandroni/airflow/dags/example_dags/tutorial.py
[2019-03-22 01:14:28,985] {base_task_runner.py:101} INFO - Job 2422: Subtask templated [2019-03-22 01:14:28,981] {cli.py:520} INFO - Running <TaskInstance: tutorial.templated 2018-08-17T00:00:00+00:00 [running]> on host IADAIRP1.globalrs.rack.space
[2019-03-22 01:14:29,037] {bash_operator.py:77} INFO - Tmp dir root location: 
 /tmp
[2019-03-22 01:14:29,038] {bash_operator.py:86} INFO - Exporting the following env vars:
AIRFLOW_CTX_DAG_ID=tutorial
AIRFLOW_CTX_TASK_ID=templated
AIRFLOW_CTX_EXECUTION_DATE=2018-08-17T00:00:00+00:00
AIRFLOW_CTX_DAG_RUN_ID=scheduled__2018-08-17T00:00:00+00:00
[2019-03-22 01:14:29,038] {bash_operator.py:100} INFO - Temporary script location: /tmp/airflowtmpgw4awttv/templatedh5vghrv3
[2019-03-22 01:14:29,038] {bash_operator.py:110} INFO - Running command: 

    echo "2018-08-17"
    echo "2018-08-24"
    echo "Parameter I passed in"

    echo "2018-08-17"
    echo "2018-08-24"
    echo "Parameter I passed in"

    echo "2018-08-17"
    echo "2018-08-24"
    echo "Parameter I passed in"

    echo "2018-08-17"
    echo "2018-08-24"
    echo "Parameter I passed in"

    echo "2018-08-17"
    echo "2018-08-24"
    echo "Parameter I passed in"

[2019-03-22 01:14:29,083] {bash_operator.py:119} INFO - Output:
[2019-03-22 01:14:29,084] {bash_operator.py:123} INFO - 2018-08-17
[2019-03-22 01:14:29,084] {bash_operator.py:123} INFO - 2018-08-24
[2019-03-22 01:14:29,084] {bash_operator.py:123} INFO - Parameter I passed in
[2019-03-22 01:14:29,084] {bash_operator.py:123} INFO - 2018-08-17
[2019-03-22 01:14:29,084] {bash_operator.py:123} INFO - 2018-08-24
[2019-03-22 01:14:29,084] {bash_operator.py:123} INFO - Parameter I passed in
[2019-03-22 01:14:29,084] {bash_operator.py:123} INFO - 2018-08-17
[2019-03-22 01:14:29,084] {bash_operator.py:123} INFO - 2018-08-24
[2019-03-22 01:14:29,084] {bash_operator.py:123} INFO - Parameter I passed in
[2019-03-22 01:14:29,084] {bash_operator.py:123} INFO - 2018-08-17
[2019-03-22 01:14:29,084] {bash_operator.py:123} INFO - 2018-08-24
[2019-03-22 01:14:29,084] {bash_operator.py:123} INFO - Parameter I passed in
[2019-03-22 01:14:29,084] {bash_operator.py:123} INFO - 2018-08-17
[2019-03-22 01:14:29,084] {bash_operator.py:123} INFO - 2018-08-24
[2019-03-22 01:14:29,084] {bash_operator.py:123} INFO - Parameter I passed in
[2019-03-22 01:14:29,084] {bash_operator.py:127} INFO - Command exited with return code 0
[2019-03-22 01:14:30,950] {logging_mixin.py:95} INFO - [2019-03-22 01:14:30,949] {jobs.py:2527} INFO - Task exited with return code 0
