[2019-03-22 04:46:42,298] {models.py:1359} INFO - Dependencies all met for <TaskInstance: tutorial.print_date 2019-01-27T00:00:00+00:00 [queued]>
[2019-03-22 04:46:42,302] {models.py:1359} INFO - Dependencies all met for <TaskInstance: tutorial.print_date 2019-01-27T00:00:00+00:00 [queued]>
[2019-03-22 04:46:42,302] {models.py:1571} INFO - 
--------------------------------------------------------------------------------
Starting attempt 1 of 2
--------------------------------------------------------------------------------

[2019-03-22 04:46:42,384] {models.py:1593} INFO - Executing <Task(BashOperator): print_date> on 2019-01-27T00:00:00+00:00
[2019-03-22 04:46:42,384] {base_task_runner.py:118} INFO - Running: ['bash', '-c', 'airflow run tutorial print_date 2019-01-27T00:00:00+00:00 --job_id 2745 --raw -sd DAGS_FOLDER/tutorial.py --cfg_path /tmp/tmp55_a2hcs']
[2019-03-22 04:46:45,021] {base_task_runner.py:101} INFO - Job 2745: Subtask print_date [2019-03-22 04:46:44,974] {__init__.py:51} INFO - Using executor SequentialExecutor
[2019-03-22 04:46:45,933] {base_task_runner.py:101} INFO - Job 2745: Subtask print_date [2019-03-22 04:46:45,927] {models.py:273} INFO - Filling up the DagBag from /home/rsandroni/airflow/dags/tutorial.py
[2019-03-22 04:46:45,980] {base_task_runner.py:101} INFO - Job 2745: Subtask print_date [2019-03-22 04:46:45,976] {cli.py:520} INFO - Running <TaskInstance: tutorial.print_date 2019-01-27T00:00:00+00:00 [running]> on host IADAIRP1.globalrs.rack.space
[2019-03-22 04:46:46,023] {bash_operator.py:77} INFO - Tmp dir root location: 
 /tmp
[2019-03-22 04:46:46,023] {bash_operator.py:86} INFO - Exporting the following env vars:
AIRFLOW_CTX_DAG_ID=tutorial
AIRFLOW_CTX_TASK_ID=print_date
AIRFLOW_CTX_EXECUTION_DATE=2019-01-27T00:00:00+00:00
AIRFLOW_CTX_DAG_RUN_ID=scheduled__2019-01-27T00:00:00+00:00
[2019-03-22 04:46:46,024] {bash_operator.py:100} INFO - Temporary script location: /tmp/airflowtmpv7rj_bil/print_date58xx_e5u
[2019-03-22 04:46:46,024] {bash_operator.py:110} INFO - Running command: date
[2019-03-22 04:46:46,069] {bash_operator.py:119} INFO - Output:
[2019-03-22 04:46:46,083] {bash_operator.py:123} INFO - Sex Mar 22 04:46:46 -03 2019
[2019-03-22 04:46:46,091] {bash_operator.py:127} INFO - Command exited with return code 0
[2019-03-22 04:46:47,281] {logging_mixin.py:95} INFO - [2019-03-22 04:46:47,280] {jobs.py:2527} INFO - Task exited with return code 0
