[2019-03-19 10:47:03,700] {models.py:1359} INFO - Dependencies all met for <TaskInstance: tutorial.templated 2015-08-01T00:00:00+00:00 [queued]>
[2019-03-19 10:47:03,704] {models.py:1359} INFO - Dependencies all met for <TaskInstance: tutorial.templated 2015-08-01T00:00:00+00:00 [queued]>
[2019-03-19 10:47:03,704] {models.py:1571} INFO - 
--------------------------------------------------------------------------------
Starting attempt 1 of 2
--------------------------------------------------------------------------------

[2019-03-19 10:47:03,717] {models.py:1593} INFO - Executing <Task(BashOperator): templated> on 2015-08-01T00:00:00+00:00
[2019-03-19 10:47:03,717] {base_task_runner.py:118} INFO - Running: ['bash', '-c', 'airflow run tutorial templated 2015-08-01T00:00:00+00:00 --job_id 130 --raw -sd DAGS_FOLDER/example_dags/tutorial.py --cfg_path /tmp/tmpuk3w7v9i']
[2019-03-19 10:47:04,313] {base_task_runner.py:101} INFO - Job 130: Subtask templated [2019-03-19 10:47:04,312] {__init__.py:51} INFO - Using executor SequentialExecutor
[2019-03-19 10:47:04,575] {base_task_runner.py:101} INFO - Job 130: Subtask templated [2019-03-19 10:47:04,575] {models.py:273} INFO - Filling up the DagBag from /home/rsandroni/airflow/dags/example_dags/tutorial.py
[2019-03-19 10:47:04,615] {base_task_runner.py:101} INFO - Job 130: Subtask templated [2019-03-19 10:47:04,615] {cli.py:520} INFO - Running <TaskInstance: tutorial.templated 2015-08-01T00:00:00+00:00 [running]> on host IADAIRP1.globalrs.rack.space
[2019-03-19 10:47:04,631] {bash_operator.py:77} INFO - Tmp dir root location: 
 /tmp
[2019-03-19 10:47:04,631] {bash_operator.py:86} INFO - Exporting the following env vars:
AIRFLOW_CTX_DAG_ID=tutorial
AIRFLOW_CTX_TASK_ID=templated
AIRFLOW_CTX_EXECUTION_DATE=2015-08-01T00:00:00+00:00
AIRFLOW_CTX_DAG_RUN_ID=scheduled__2015-08-01T00:00:00+00:00
[2019-03-19 10:47:04,632] {bash_operator.py:100} INFO - Temporary script location: /tmp/airflowtmpevfhjjzk/templated8yz3fwcy
[2019-03-19 10:47:04,632] {bash_operator.py:110} INFO - Running command: 

    echo "2015-08-01"
    echo "2015-08-08"
    echo "Parameter I passed in"

    echo "2015-08-01"
    echo "2015-08-08"
    echo "Parameter I passed in"

    echo "2015-08-01"
    echo "2015-08-08"
    echo "Parameter I passed in"

    echo "2015-08-01"
    echo "2015-08-08"
    echo "Parameter I passed in"

    echo "2015-08-01"
    echo "2015-08-08"
    echo "Parameter I passed in"

[2019-03-19 10:47:04,637] {bash_operator.py:119} INFO - Output:
[2019-03-19 10:47:04,638] {bash_operator.py:123} INFO - 2015-08-01
[2019-03-19 10:47:04,638] {bash_operator.py:123} INFO - 2015-08-08
[2019-03-19 10:47:04,638] {bash_operator.py:123} INFO - Parameter I passed in
[2019-03-19 10:47:04,638] {bash_operator.py:123} INFO - 2015-08-01
[2019-03-19 10:47:04,638] {bash_operator.py:123} INFO - 2015-08-08
[2019-03-19 10:47:04,638] {bash_operator.py:123} INFO - Parameter I passed in
[2019-03-19 10:47:04,638] {bash_operator.py:123} INFO - 2015-08-01
[2019-03-19 10:47:04,638] {bash_operator.py:123} INFO - 2015-08-08
[2019-03-19 10:47:04,638] {bash_operator.py:123} INFO - Parameter I passed in
[2019-03-19 10:47:04,638] {bash_operator.py:123} INFO - 2015-08-01
[2019-03-19 10:47:04,638] {bash_operator.py:123} INFO - 2015-08-08
[2019-03-19 10:47:04,639] {bash_operator.py:123} INFO - Parameter I passed in
[2019-03-19 10:47:04,639] {bash_operator.py:123} INFO - 2015-08-01
[2019-03-19 10:47:04,639] {bash_operator.py:123} INFO - 2015-08-08
[2019-03-19 10:47:04,639] {bash_operator.py:123} INFO - Parameter I passed in
[2019-03-19 10:47:04,639] {bash_operator.py:127} INFO - Command exited with return code 0
[2019-03-19 10:47:08,706] {logging_mixin.py:95} INFO - [2019-03-19 10:47:08,706] {jobs.py:2527} INFO - Task exited with return code 0
