[2019-03-19 11:19:39,080] {models.py:1359} INFO - Dependencies all met for <TaskInstance: tutorial.templated 2015-10-02T00:00:00+00:00 [queued]>
[2019-03-19 11:19:39,084] {models.py:1359} INFO - Dependencies all met for <TaskInstance: tutorial.templated 2015-10-02T00:00:00+00:00 [queued]>
[2019-03-19 11:19:39,085] {models.py:1571} INFO - 
--------------------------------------------------------------------------------
Starting attempt 1 of 2
--------------------------------------------------------------------------------

[2019-03-19 11:19:39,105] {models.py:1593} INFO - Executing <Task(BashOperator): templated> on 2015-10-02T00:00:00+00:00
[2019-03-19 11:19:39,106] {base_task_runner.py:118} INFO - Running: ['bash', '-c', 'airflow run tutorial templated 2015-10-02T00:00:00+00:00 --job_id 255 --raw -sd DAGS_FOLDER/sql_server_load.py --cfg_path /tmp/tmpxq09o2lq']
[2019-03-19 11:19:39,705] {base_task_runner.py:101} INFO - Job 255: Subtask templated [2019-03-19 11:19:39,705] {__init__.py:51} INFO - Using executor SequentialExecutor
[2019-03-19 11:19:39,929] {base_task_runner.py:101} INFO - Job 255: Subtask templated [2019-03-19 11:19:39,928] {models.py:273} INFO - Filling up the DagBag from /home/rsandroni/airflow/dags/sql_server_load.py
[2019-03-19 11:19:39,949] {base_task_runner.py:101} INFO - Job 255: Subtask templated [2019-03-19 11:19:39,948] {cli.py:520} INFO - Running <TaskInstance: tutorial.templated 2015-10-02T00:00:00+00:00 [running]> on host IADAIRP1.globalrs.rack.space
[2019-03-19 11:19:39,963] {bash_operator.py:77} INFO - Tmp dir root location: 
 /tmp
[2019-03-19 11:19:39,963] {bash_operator.py:86} INFO - Exporting the following env vars:
AIRFLOW_CTX_DAG_ID=tutorial
AIRFLOW_CTX_TASK_ID=templated
AIRFLOW_CTX_EXECUTION_DATE=2015-10-02T00:00:00+00:00
AIRFLOW_CTX_DAG_RUN_ID=scheduled__2015-10-02T00:00:00+00:00
[2019-03-19 11:19:39,963] {bash_operator.py:100} INFO - Temporary script location: /tmp/airflowtmpog99mr02/templatedkhfz6i4x
[2019-03-19 11:19:39,963] {bash_operator.py:110} INFO - Running command: 
    
        echo "2015-10-02"
        echo "Parameter I passed in"
    
        echo "2015-10-02"
        echo "Parameter I passed in"
    
        echo "2015-10-02"
        echo "Parameter I passed in"
    
        echo "2015-10-02"
        echo "Parameter I passed in"
    
        echo "2015-10-02"
        echo "Parameter I passed in"
    
    
[2019-03-19 11:19:39,968] {bash_operator.py:119} INFO - Output:
[2019-03-19 11:19:39,970] {bash_operator.py:123} INFO - 2015-10-02
[2019-03-19 11:19:39,970] {bash_operator.py:123} INFO - Parameter I passed in
[2019-03-19 11:19:39,970] {bash_operator.py:123} INFO - 2015-10-02
[2019-03-19 11:19:39,970] {bash_operator.py:123} INFO - Parameter I passed in
[2019-03-19 11:19:39,970] {bash_operator.py:123} INFO - 2015-10-02
[2019-03-19 11:19:39,970] {bash_operator.py:123} INFO - Parameter I passed in
[2019-03-19 11:19:39,970] {bash_operator.py:123} INFO - 2015-10-02
[2019-03-19 11:19:39,970] {bash_operator.py:123} INFO - Parameter I passed in
[2019-03-19 11:19:39,970] {bash_operator.py:123} INFO - 2015-10-02
[2019-03-19 11:19:39,970] {bash_operator.py:123} INFO - Parameter I passed in
[2019-03-19 11:19:39,970] {bash_operator.py:127} INFO - Command exited with return code 0
[2019-03-19 11:19:44,069] {logging_mixin.py:95} INFO - [2019-03-19 11:19:44,068] {jobs.py:2527} INFO - Task exited with return code 0
