[2019-03-21 23:31:23,200] {models.py:1359} INFO - Dependencies all met for <TaskInstance: tutorial.templated 2018-05-31T00:00:00+00:00 [queued]>
[2019-03-21 23:31:23,205] {models.py:1359} INFO - Dependencies all met for <TaskInstance: tutorial.templated 2018-05-31T00:00:00+00:00 [queued]>
[2019-03-21 23:31:23,205] {models.py:1571} INFO - 
--------------------------------------------------------------------------------
Starting attempt 1 of 2
--------------------------------------------------------------------------------

[2019-03-21 23:31:23,222] {models.py:1593} INFO - Executing <Task(BashOperator): templated> on 2018-05-31T00:00:00+00:00
[2019-03-21 23:31:23,223] {base_task_runner.py:118} INFO - Running: ['bash', '-c', 'airflow run tutorial templated 2018-05-31T00:00:00+00:00 --job_id 2266 --raw -sd DAGS_FOLDER/example_dags/tutorial.py --cfg_path /tmp/tmpia_dfzju']
[2019-03-21 23:31:23,855] {base_task_runner.py:101} INFO - Job 2266: Subtask templated [2019-03-21 23:31:23,854] {__init__.py:51} INFO - Using executor SequentialExecutor
[2019-03-21 23:31:24,082] {base_task_runner.py:101} INFO - Job 2266: Subtask templated [2019-03-21 23:31:24,081] {models.py:273} INFO - Filling up the DagBag from /home/rsandroni/airflow/dags/example_dags/tutorial.py
[2019-03-21 23:31:24,145] {base_task_runner.py:101} INFO - Job 2266: Subtask templated [2019-03-21 23:31:24,145] {cli.py:520} INFO - Running <TaskInstance: tutorial.templated 2018-05-31T00:00:00+00:00 [running]> on host IADAIRP1.globalrs.rack.space
[2019-03-21 23:31:24,161] {bash_operator.py:77} INFO - Tmp dir root location: 
 /tmp
[2019-03-21 23:31:24,161] {bash_operator.py:86} INFO - Exporting the following env vars:
AIRFLOW_CTX_DAG_ID=tutorial
AIRFLOW_CTX_TASK_ID=templated
AIRFLOW_CTX_EXECUTION_DATE=2018-05-31T00:00:00+00:00
AIRFLOW_CTX_DAG_RUN_ID=scheduled__2018-05-31T00:00:00+00:00
[2019-03-21 23:31:24,162] {bash_operator.py:100} INFO - Temporary script location: /tmp/airflowtmpwuneh_rg/templatedhokc21fg
[2019-03-21 23:31:24,162] {bash_operator.py:110} INFO - Running command: 

    echo "2018-05-31"
    echo "2018-06-07"
    echo "Parameter I passed in"

    echo "2018-05-31"
    echo "2018-06-07"
    echo "Parameter I passed in"

    echo "2018-05-31"
    echo "2018-06-07"
    echo "Parameter I passed in"

    echo "2018-05-31"
    echo "2018-06-07"
    echo "Parameter I passed in"

    echo "2018-05-31"
    echo "2018-06-07"
    echo "Parameter I passed in"

[2019-03-21 23:31:24,167] {bash_operator.py:119} INFO - Output:
[2019-03-21 23:31:24,169] {bash_operator.py:123} INFO - 2018-05-31
[2019-03-21 23:31:24,169] {bash_operator.py:123} INFO - 2018-06-07
[2019-03-21 23:31:24,169] {bash_operator.py:123} INFO - Parameter I passed in
[2019-03-21 23:31:24,169] {bash_operator.py:123} INFO - 2018-05-31
[2019-03-21 23:31:24,169] {bash_operator.py:123} INFO - 2018-06-07
[2019-03-21 23:31:24,169] {bash_operator.py:123} INFO - Parameter I passed in
[2019-03-21 23:31:24,169] {bash_operator.py:123} INFO - 2018-05-31
[2019-03-21 23:31:24,169] {bash_operator.py:123} INFO - 2018-06-07
[2019-03-21 23:31:24,169] {bash_operator.py:123} INFO - Parameter I passed in
[2019-03-21 23:31:24,169] {bash_operator.py:123} INFO - 2018-05-31
[2019-03-21 23:31:24,169] {bash_operator.py:123} INFO - 2018-06-07
[2019-03-21 23:31:24,169] {bash_operator.py:123} INFO - Parameter I passed in
[2019-03-21 23:31:24,169] {bash_operator.py:123} INFO - 2018-05-31
[2019-03-21 23:31:24,169] {bash_operator.py:123} INFO - 2018-06-07
[2019-03-21 23:31:24,169] {bash_operator.py:123} INFO - Parameter I passed in
[2019-03-21 23:31:24,169] {bash_operator.py:127} INFO - Command exited with return code 0
[2019-03-21 23:31:28,199] {logging_mixin.py:95} INFO - [2019-03-21 23:31:28,198] {jobs.py:2527} INFO - Task exited with return code 0
