[2019-03-21 17:20:28,458] {models.py:1359} INFO - Dependencies all met for <TaskInstance: tutorial.templated 2017-06-29T00:00:00+00:00 [queued]>
[2019-03-21 17:20:28,463] {models.py:1359} INFO - Dependencies all met for <TaskInstance: tutorial.templated 2017-06-29T00:00:00+00:00 [queued]>
[2019-03-21 17:20:28,463] {models.py:1571} INFO - 
--------------------------------------------------------------------------------
Starting attempt 1 of 2
--------------------------------------------------------------------------------

[2019-03-21 17:20:28,477] {models.py:1593} INFO - Executing <Task(BashOperator): templated> on 2017-06-29T00:00:00+00:00
[2019-03-21 17:20:28,477] {base_task_runner.py:118} INFO - Running: ['bash', '-c', 'airflow run tutorial templated 2017-06-29T00:00:00+00:00 --job_id 1551 --raw -sd DAGS_FOLDER/example_dags/tutorial.py --cfg_path /tmp/tmpbxadhwhm']
[2019-03-21 17:20:29,115] {base_task_runner.py:101} INFO - Job 1551: Subtask templated [2019-03-21 17:20:29,114] {__init__.py:51} INFO - Using executor SequentialExecutor
[2019-03-21 17:20:29,351] {base_task_runner.py:101} INFO - Job 1551: Subtask templated [2019-03-21 17:20:29,351] {models.py:273} INFO - Filling up the DagBag from /home/rsandroni/airflow/dags/example_dags/tutorial.py
[2019-03-21 17:20:29,416] {base_task_runner.py:101} INFO - Job 1551: Subtask templated [2019-03-21 17:20:29,415] {cli.py:520} INFO - Running <TaskInstance: tutorial.templated 2017-06-29T00:00:00+00:00 [running]> on host IADAIRP1.globalrs.rack.space
[2019-03-21 17:20:29,432] {bash_operator.py:77} INFO - Tmp dir root location: 
 /tmp
[2019-03-21 17:20:29,433] {bash_operator.py:86} INFO - Exporting the following env vars:
AIRFLOW_CTX_DAG_ID=tutorial
AIRFLOW_CTX_TASK_ID=templated
AIRFLOW_CTX_EXECUTION_DATE=2017-06-29T00:00:00+00:00
AIRFLOW_CTX_DAG_RUN_ID=scheduled__2017-06-29T00:00:00+00:00
[2019-03-21 17:20:29,433] {bash_operator.py:100} INFO - Temporary script location: /tmp/airflowtmpphf8xvpo/templatedckz5ch2e
[2019-03-21 17:20:29,433] {bash_operator.py:110} INFO - Running command: 

    echo "2017-06-29"
    echo "2017-07-06"
    echo "Parameter I passed in"

    echo "2017-06-29"
    echo "2017-07-06"
    echo "Parameter I passed in"

    echo "2017-06-29"
    echo "2017-07-06"
    echo "Parameter I passed in"

    echo "2017-06-29"
    echo "2017-07-06"
    echo "Parameter I passed in"

    echo "2017-06-29"
    echo "2017-07-06"
    echo "Parameter I passed in"

[2019-03-21 17:20:29,439] {bash_operator.py:119} INFO - Output:
[2019-03-21 17:20:29,440] {bash_operator.py:123} INFO - 2017-06-29
[2019-03-21 17:20:29,440] {bash_operator.py:123} INFO - 2017-07-06
[2019-03-21 17:20:29,440] {bash_operator.py:123} INFO - Parameter I passed in
[2019-03-21 17:20:29,440] {bash_operator.py:123} INFO - 2017-06-29
[2019-03-21 17:20:29,440] {bash_operator.py:123} INFO - 2017-07-06
[2019-03-21 17:20:29,440] {bash_operator.py:123} INFO - Parameter I passed in
[2019-03-21 17:20:29,440] {bash_operator.py:123} INFO - 2017-06-29
[2019-03-21 17:20:29,440] {bash_operator.py:123} INFO - 2017-07-06
[2019-03-21 17:20:29,440] {bash_operator.py:123} INFO - Parameter I passed in
[2019-03-21 17:20:29,440] {bash_operator.py:123} INFO - 2017-06-29
[2019-03-21 17:20:29,440] {bash_operator.py:123} INFO - 2017-07-06
[2019-03-21 17:20:29,441] {bash_operator.py:123} INFO - Parameter I passed in
[2019-03-21 17:20:29,441] {bash_operator.py:123} INFO - 2017-06-29
[2019-03-21 17:20:29,441] {bash_operator.py:123} INFO - 2017-07-06
[2019-03-21 17:20:29,441] {bash_operator.py:123} INFO - Parameter I passed in
[2019-03-21 17:20:29,441] {bash_operator.py:127} INFO - Command exited with return code 0
[2019-03-21 17:20:33,461] {logging_mixin.py:95} INFO - [2019-03-21 17:20:33,461] {jobs.py:2527} INFO - Task exited with return code 0
