[2019-03-22 02:36:21,909] {models.py:1359} INFO - Dependencies all met for <TaskInstance: tutorial.templated 2018-10-18T00:00:00+00:00 [queued]>
[2019-03-22 02:36:21,914] {models.py:1359} INFO - Dependencies all met for <TaskInstance: tutorial.templated 2018-10-18T00:00:00+00:00 [queued]>
[2019-03-22 02:36:21,914] {models.py:1571} INFO - 
--------------------------------------------------------------------------------
Starting attempt 1 of 2
--------------------------------------------------------------------------------

[2019-03-22 02:36:21,928] {models.py:1593} INFO - Executing <Task(BashOperator): templated> on 2018-10-18T00:00:00+00:00
[2019-03-22 02:36:21,928] {base_task_runner.py:118} INFO - Running: ['bash', '-c', 'airflow run tutorial templated 2018-10-18T00:00:00+00:00 --job_id 2546 --raw -sd DAGS_FOLDER/example_dags/tutorial.py --cfg_path /tmp/tmpaxhdi75u']
[2019-03-22 02:36:22,594] {base_task_runner.py:101} INFO - Job 2546: Subtask templated [2019-03-22 02:36:22,586] {__init__.py:51} INFO - Using executor SequentialExecutor
[2019-03-22 02:36:22,942] {base_task_runner.py:101} INFO - Job 2546: Subtask templated [2019-03-22 02:36:22,941] {models.py:273} INFO - Filling up the DagBag from /home/rsandroni/airflow/dags/example_dags/tutorial.py
[2019-03-22 02:36:23,012] {base_task_runner.py:101} INFO - Job 2546: Subtask templated [2019-03-22 02:36:23,011] {cli.py:520} INFO - Running <TaskInstance: tutorial.templated 2018-10-18T00:00:00+00:00 [running]> on host IADAIRP1.globalrs.rack.space
[2019-03-22 02:36:23,038] {bash_operator.py:77} INFO - Tmp dir root location: 
 /tmp
[2019-03-22 02:36:23,039] {bash_operator.py:86} INFO - Exporting the following env vars:
AIRFLOW_CTX_DAG_ID=tutorial
AIRFLOW_CTX_TASK_ID=templated
AIRFLOW_CTX_EXECUTION_DATE=2018-10-18T00:00:00+00:00
AIRFLOW_CTX_DAG_RUN_ID=scheduled__2018-10-18T00:00:00+00:00
[2019-03-22 02:36:23,039] {bash_operator.py:100} INFO - Temporary script location: /tmp/airflowtmp_a84qut6/templatedkc6gcixp
[2019-03-22 02:36:23,039] {bash_operator.py:110} INFO - Running command: 

    echo "2018-10-18"
    echo "2018-10-25"
    echo "Parameter I passed in"

    echo "2018-10-18"
    echo "2018-10-25"
    echo "Parameter I passed in"

    echo "2018-10-18"
    echo "2018-10-25"
    echo "Parameter I passed in"

    echo "2018-10-18"
    echo "2018-10-25"
    echo "Parameter I passed in"

    echo "2018-10-18"
    echo "2018-10-25"
    echo "Parameter I passed in"

[2019-03-22 02:36:23,049] {bash_operator.py:119} INFO - Output:
[2019-03-22 02:36:23,050] {bash_operator.py:123} INFO - 2018-10-18
[2019-03-22 02:36:23,050] {bash_operator.py:123} INFO - 2018-10-25
[2019-03-22 02:36:23,050] {bash_operator.py:123} INFO - Parameter I passed in
[2019-03-22 02:36:23,050] {bash_operator.py:123} INFO - 2018-10-18
[2019-03-22 02:36:23,050] {bash_operator.py:123} INFO - 2018-10-25
[2019-03-22 02:36:23,050] {bash_operator.py:123} INFO - Parameter I passed in
[2019-03-22 02:36:23,050] {bash_operator.py:123} INFO - 2018-10-18
[2019-03-22 02:36:23,051] {bash_operator.py:123} INFO - 2018-10-25
[2019-03-22 02:36:23,051] {bash_operator.py:123} INFO - Parameter I passed in
[2019-03-22 02:36:23,051] {bash_operator.py:123} INFO - 2018-10-18
[2019-03-22 02:36:23,051] {bash_operator.py:123} INFO - 2018-10-25
[2019-03-22 02:36:23,051] {bash_operator.py:123} INFO - Parameter I passed in
[2019-03-22 02:36:23,051] {bash_operator.py:123} INFO - 2018-10-18
[2019-03-22 02:36:23,051] {bash_operator.py:123} INFO - 2018-10-25
[2019-03-22 02:36:23,051] {bash_operator.py:123} INFO - Parameter I passed in
[2019-03-22 02:36:23,051] {bash_operator.py:127} INFO - Command exited with return code 0
[2019-03-22 02:36:26,936] {logging_mixin.py:95} INFO - [2019-03-22 02:36:26,935] {jobs.py:2527} INFO - Task exited with return code 0
