[2019-03-19 10:36:51,218] {models.py:1359} INFO - Dependencies all met for <TaskInstance: tutorial.print_date 2015-07-14T00:00:00+00:00 [queued]>
[2019-03-19 10:36:51,219] {models.py:1359} INFO - Dependencies all met for <TaskInstance: tutorial.print_date 2015-07-14T00:00:00+00:00 [queued]>
[2019-03-19 10:36:51,219] {models.py:1571} INFO - 
--------------------------------------------------------------------------------
Starting attempt 1 of 2
--------------------------------------------------------------------------------

[2019-03-19 10:36:51,233] {models.py:1593} INFO - Executing <Task(BashOperator): print_date> on 2015-07-14T00:00:00+00:00
[2019-03-19 10:36:51,233] {base_task_runner.py:118} INFO - Running: ['bash', '-c', 'airflow run tutorial print_date 2015-07-14T00:00:00+00:00 --job_id 92 --raw -sd DAGS_FOLDER/tutorial.py --cfg_path /tmp/tmpzqksbbqb']
[2019-03-19 10:36:51,845] {base_task_runner.py:101} INFO - Job 92: Subtask print_date [2019-03-19 10:36:51,844] {__init__.py:51} INFO - Using executor SequentialExecutor
[2019-03-19 10:36:52,073] {base_task_runner.py:101} INFO - Job 92: Subtask print_date [2019-03-19 10:36:52,072] {models.py:273} INFO - Filling up the DagBag from /home/rsandroni/airflow/dags/tutorial.py
[2019-03-19 10:36:52,088] {base_task_runner.py:101} INFO - Job 92: Subtask print_date [2019-03-19 10:36:52,088] {cli.py:520} INFO - Running <TaskInstance: tutorial.print_date 2015-07-14T00:00:00+00:00 [running]> on host IADAIRP1.globalrs.rack.space
[2019-03-19 10:36:52,101] {bash_operator.py:77} INFO - Tmp dir root location: 
 /tmp
[2019-03-19 10:36:52,101] {bash_operator.py:86} INFO - Exporting the following env vars:
AIRFLOW_CTX_DAG_ID=tutorial
AIRFLOW_CTX_TASK_ID=print_date
AIRFLOW_CTX_EXECUTION_DATE=2015-07-14T00:00:00+00:00
AIRFLOW_CTX_DAG_RUN_ID=scheduled__2015-07-14T00:00:00+00:00
[2019-03-19 10:36:52,102] {bash_operator.py:100} INFO - Temporary script location: /tmp/airflowtmphvkwd5_b/print_dates60ur6i1
[2019-03-19 10:36:52,102] {bash_operator.py:110} INFO - Running command: date
[2019-03-19 10:36:52,109] {bash_operator.py:119} INFO - Output:
[2019-03-19 10:36:52,111] {bash_operator.py:123} INFO - Ter Mar 19 10:36:52 -03 2019
[2019-03-19 10:36:52,112] {bash_operator.py:127} INFO - Command exited with return code 0
[2019-03-19 10:36:56,228] {logging_mixin.py:95} INFO - [2019-03-19 10:36:56,227] {jobs.py:2527} INFO - Task exited with return code 0
