[2019-03-21 17:32:42,051] {models.py:1359} INFO - Dependencies all met for <TaskInstance: tutorial.print_date 2017-07-19T00:00:00+00:00 [queued]>
[2019-03-21 17:32:42,054] {models.py:1359} INFO - Dependencies all met for <TaskInstance: tutorial.print_date 2017-07-19T00:00:00+00:00 [queued]>
[2019-03-21 17:32:42,054] {models.py:1571} INFO - 
--------------------------------------------------------------------------------
Starting attempt 1 of 2
--------------------------------------------------------------------------------

[2019-03-21 17:32:42,113] {models.py:1593} INFO - Executing <Task(BashOperator): print_date> on 2017-07-19T00:00:00+00:00
[2019-03-21 17:32:42,113] {base_task_runner.py:118} INFO - Running: ['bash', '-c', 'airflow run tutorial print_date 2017-07-19T00:00:00+00:00 --job_id 1598 --raw -sd DAGS_FOLDER/tutorial.py --cfg_path /tmp/tmpknpafzso']
[2019-03-21 17:32:43,223] {base_task_runner.py:101} INFO - Job 1598: Subtask print_date [2019-03-21 17:32:43,221] {__init__.py:51} INFO - Using executor SequentialExecutor
[2019-03-21 17:32:43,606] {base_task_runner.py:101} INFO - Job 1598: Subtask print_date [2019-03-21 17:32:43,599] {models.py:273} INFO - Filling up the DagBag from /home/rsandroni/airflow/dags/tutorial.py
[2019-03-21 17:32:43,629] {base_task_runner.py:101} INFO - Job 1598: Subtask print_date [2019-03-21 17:32:43,629] {cli.py:520} INFO - Running <TaskInstance: tutorial.print_date 2017-07-19T00:00:00+00:00 [running]> on host IADAIRP1.globalrs.rack.space
[2019-03-21 17:32:43,661] {bash_operator.py:77} INFO - Tmp dir root location: 
 /tmp
[2019-03-21 17:32:43,661] {bash_operator.py:86} INFO - Exporting the following env vars:
AIRFLOW_CTX_DAG_ID=tutorial
AIRFLOW_CTX_TASK_ID=print_date
AIRFLOW_CTX_EXECUTION_DATE=2017-07-19T00:00:00+00:00
AIRFLOW_CTX_DAG_RUN_ID=scheduled__2017-07-19T00:00:00+00:00
[2019-03-21 17:32:43,661] {bash_operator.py:100} INFO - Temporary script location: /tmp/airflowtmpyfsxo41o/print_date8pk0n9qx
[2019-03-21 17:32:43,661] {bash_operator.py:110} INFO - Running command: date
[2019-03-21 17:32:43,684] {bash_operator.py:119} INFO - Output:
[2019-03-21 17:32:43,689] {bash_operator.py:123} INFO - Qui Mar 21 17:32:43 -03 2019
[2019-03-21 17:32:43,700] {bash_operator.py:127} INFO - Command exited with return code 0
[2019-03-21 17:32:46,992] {logging_mixin.py:95} INFO - [2019-03-21 17:32:46,991] {jobs.py:2527} INFO - Task exited with return code 0
