[2019-03-22 02:44:16,499] {models.py:1359} INFO - Dependencies all met for <TaskInstance: tutorial.templated 2018-10-24T00:00:00+00:00 [queued]>
[2019-03-22 02:44:16,504] {models.py:1359} INFO - Dependencies all met for <TaskInstance: tutorial.templated 2018-10-24T00:00:00+00:00 [queued]>
[2019-03-22 02:44:16,504] {models.py:1571} INFO - 
--------------------------------------------------------------------------------
Starting attempt 1 of 2
--------------------------------------------------------------------------------

[2019-03-22 02:44:16,559] {models.py:1593} INFO - Executing <Task(BashOperator): templated> on 2018-10-24T00:00:00+00:00
[2019-03-22 02:44:16,560] {base_task_runner.py:118} INFO - Running: ['bash', '-c', 'airflow run tutorial templated 2018-10-24T00:00:00+00:00 --job_id 2558 --raw -sd DAGS_FOLDER/example_dags/tutorial.py --cfg_path /tmp/tmpkrf16vld']
[2019-03-22 02:44:17,223] {base_task_runner.py:101} INFO - Job 2558: Subtask templated [2019-03-22 02:44:17,222] {__init__.py:51} INFO - Using executor SequentialExecutor
[2019-03-22 02:44:17,515] {base_task_runner.py:101} INFO - Job 2558: Subtask templated [2019-03-22 02:44:17,514] {models.py:273} INFO - Filling up the DagBag from /home/rsandroni/airflow/dags/example_dags/tutorial.py
[2019-03-22 02:44:17,582] {base_task_runner.py:101} INFO - Job 2558: Subtask templated [2019-03-22 02:44:17,579] {cli.py:520} INFO - Running <TaskInstance: tutorial.templated 2018-10-24T00:00:00+00:00 [running]> on host IADAIRP1.globalrs.rack.space
[2019-03-22 02:44:17,595] {bash_operator.py:77} INFO - Tmp dir root location: 
 /tmp
[2019-03-22 02:44:17,596] {bash_operator.py:86} INFO - Exporting the following env vars:
AIRFLOW_CTX_DAG_ID=tutorial
AIRFLOW_CTX_TASK_ID=templated
AIRFLOW_CTX_EXECUTION_DATE=2018-10-24T00:00:00+00:00
AIRFLOW_CTX_DAG_RUN_ID=scheduled__2018-10-24T00:00:00+00:00
[2019-03-22 02:44:17,596] {bash_operator.py:100} INFO - Temporary script location: /tmp/airflowtmpy_llyfvw/templated3ytdgehu
[2019-03-22 02:44:17,596] {bash_operator.py:110} INFO - Running command: 

    echo "2018-10-24"
    echo "2018-10-31"
    echo "Parameter I passed in"

    echo "2018-10-24"
    echo "2018-10-31"
    echo "Parameter I passed in"

    echo "2018-10-24"
    echo "2018-10-31"
    echo "Parameter I passed in"

    echo "2018-10-24"
    echo "2018-10-31"
    echo "Parameter I passed in"

    echo "2018-10-24"
    echo "2018-10-31"
    echo "Parameter I passed in"

[2019-03-22 02:44:17,602] {bash_operator.py:119} INFO - Output:
[2019-03-22 02:44:17,603] {bash_operator.py:123} INFO - 2018-10-24
[2019-03-22 02:44:17,603] {bash_operator.py:123} INFO - 2018-10-31
[2019-03-22 02:44:17,603] {bash_operator.py:123} INFO - Parameter I passed in
[2019-03-22 02:44:17,603] {bash_operator.py:123} INFO - 2018-10-24
[2019-03-22 02:44:17,603] {bash_operator.py:123} INFO - 2018-10-31
[2019-03-22 02:44:17,603] {bash_operator.py:123} INFO - Parameter I passed in
[2019-03-22 02:44:17,603] {bash_operator.py:123} INFO - 2018-10-24
[2019-03-22 02:44:17,603] {bash_operator.py:123} INFO - 2018-10-31
[2019-03-22 02:44:17,603] {bash_operator.py:123} INFO - Parameter I passed in
[2019-03-22 02:44:17,603] {bash_operator.py:123} INFO - 2018-10-24
[2019-03-22 02:44:17,603] {bash_operator.py:123} INFO - 2018-10-31
[2019-03-22 02:44:17,603] {bash_operator.py:123} INFO - Parameter I passed in
[2019-03-22 02:44:17,603] {bash_operator.py:123} INFO - 2018-10-24
[2019-03-22 02:44:17,604] {bash_operator.py:123} INFO - 2018-10-31
[2019-03-22 02:44:17,604] {bash_operator.py:123} INFO - Parameter I passed in
[2019-03-22 02:44:17,604] {bash_operator.py:127} INFO - Command exited with return code 0
[2019-03-22 02:44:21,497] {logging_mixin.py:95} INFO - [2019-03-22 02:44:21,496] {jobs.py:2527} INFO - Task exited with return code 0
