[2019-03-22 00:35:21,087] {models.py:1359} INFO - Dependencies all met for <TaskInstance: tutorial.print_date 2018-07-20T00:00:00+00:00 [queued]>
[2019-03-22 00:35:21,091] {models.py:1359} INFO - Dependencies all met for <TaskInstance: tutorial.print_date 2018-07-20T00:00:00+00:00 [queued]>
[2019-03-22 00:35:21,091] {models.py:1571} INFO - 
--------------------------------------------------------------------------------
Starting attempt 1 of 2
--------------------------------------------------------------------------------

[2019-03-22 00:35:21,106] {models.py:1593} INFO - Executing <Task(BashOperator): print_date> on 2018-07-20T00:00:00+00:00
[2019-03-22 00:35:21,106] {base_task_runner.py:118} INFO - Running: ['bash', '-c', 'airflow run tutorial print_date 2018-07-20T00:00:00+00:00 --job_id 2364 --raw -sd DAGS_FOLDER/tutorial.py --cfg_path /tmp/tmpr0qaa6vu']
[2019-03-22 00:35:21,781] {base_task_runner.py:101} INFO - Job 2364: Subtask print_date [2019-03-22 00:35:21,778] {__init__.py:51} INFO - Using executor SequentialExecutor
[2019-03-22 00:35:22,091] {base_task_runner.py:101} INFO - Job 2364: Subtask print_date [2019-03-22 00:35:22,090] {models.py:273} INFO - Filling up the DagBag from /home/rsandroni/airflow/dags/tutorial.py
[2019-03-22 00:35:22,108] {base_task_runner.py:101} INFO - Job 2364: Subtask print_date [2019-03-22 00:35:22,107] {cli.py:520} INFO - Running <TaskInstance: tutorial.print_date 2018-07-20T00:00:00+00:00 [running]> on host IADAIRP1.globalrs.rack.space
[2019-03-22 00:35:22,121] {bash_operator.py:77} INFO - Tmp dir root location: 
 /tmp
[2019-03-22 00:35:22,121] {bash_operator.py:86} INFO - Exporting the following env vars:
AIRFLOW_CTX_DAG_ID=tutorial
AIRFLOW_CTX_TASK_ID=print_date
AIRFLOW_CTX_EXECUTION_DATE=2018-07-20T00:00:00+00:00
AIRFLOW_CTX_DAG_RUN_ID=scheduled__2018-07-20T00:00:00+00:00
[2019-03-22 00:35:22,121] {bash_operator.py:100} INFO - Temporary script location: /tmp/airflowtmpnd_ivuje/print_dateoehsen_y
[2019-03-22 00:35:22,121] {bash_operator.py:110} INFO - Running command: date
[2019-03-22 00:35:22,127] {bash_operator.py:119} INFO - Output:
[2019-03-22 00:35:22,129] {bash_operator.py:123} INFO - Sex Mar 22 00:35:22 -03 2019
[2019-03-22 00:35:22,129] {bash_operator.py:127} INFO - Command exited with return code 0
[2019-03-22 00:35:26,157] {logging_mixin.py:95} INFO - [2019-03-22 00:35:26,156] {jobs.py:2527} INFO - Task exited with return code 0
