[2019-03-19 12:09:50,329] {models.py:1359} INFO - Dependencies all met for <TaskInstance: tutorial.print_date 2016-01-28T00:00:00+00:00 [queued]>
[2019-03-19 12:09:50,331] {models.py:1359} INFO - Dependencies all met for <TaskInstance: tutorial.print_date 2016-01-28T00:00:00+00:00 [queued]>
[2019-03-19 12:09:50,331] {models.py:1571} INFO - 
--------------------------------------------------------------------------------
Starting attempt 1 of 2
--------------------------------------------------------------------------------

[2019-03-19 12:09:50,346] {models.py:1593} INFO - Executing <Task(BashOperator): print_date> on 2016-01-28T00:00:00+00:00
[2019-03-19 12:09:50,347] {base_task_runner.py:118} INFO - Running: ['bash', '-c', 'airflow run tutorial print_date 2016-01-28T00:00:00+00:00 --job_id 487 --raw -sd DAGS_FOLDER/tutorial.py --cfg_path /tmp/tmpij1gopmv']
[2019-03-19 12:09:50,964] {base_task_runner.py:101} INFO - Job 487: Subtask print_date [2019-03-19 12:09:50,964] {__init__.py:51} INFO - Using executor SequentialExecutor
[2019-03-19 12:09:51,200] {base_task_runner.py:101} INFO - Job 487: Subtask print_date [2019-03-19 12:09:51,199] {models.py:273} INFO - Filling up the DagBag from /home/rsandroni/airflow/dags/tutorial.py
[2019-03-19 12:09:51,216] {base_task_runner.py:101} INFO - Job 487: Subtask print_date [2019-03-19 12:09:51,215] {cli.py:520} INFO - Running <TaskInstance: tutorial.print_date 2016-01-28T00:00:00+00:00 [running]> on host IADAIRP1.globalrs.rack.space
[2019-03-19 12:09:51,229] {bash_operator.py:77} INFO - Tmp dir root location: 
 /tmp
[2019-03-19 12:09:51,229] {bash_operator.py:86} INFO - Exporting the following env vars:
AIRFLOW_CTX_DAG_ID=tutorial
AIRFLOW_CTX_TASK_ID=print_date
AIRFLOW_CTX_EXECUTION_DATE=2016-01-28T00:00:00+00:00
AIRFLOW_CTX_DAG_RUN_ID=scheduled__2016-01-28T00:00:00+00:00
[2019-03-19 12:09:51,230] {bash_operator.py:100} INFO - Temporary script location: /tmp/airflowtmppar01y7d/print_dateenfueobw
[2019-03-19 12:09:51,230] {bash_operator.py:110} INFO - Running command: date
[2019-03-19 12:09:51,235] {bash_operator.py:119} INFO - Output:
[2019-03-19 12:09:51,237] {bash_operator.py:123} INFO - Ter Mar 19 12:09:51 -03 2019
[2019-03-19 12:09:51,237] {bash_operator.py:127} INFO - Command exited with return code 0
[2019-03-19 12:09:55,340] {logging_mixin.py:95} INFO - [2019-03-19 12:09:55,339] {jobs.py:2527} INFO - Task exited with return code 0
