[2019-03-22 01:19:44,256] {models.py:1359} INFO - Dependencies all met for <TaskInstance: tutorial.templated 2018-08-21T00:00:00+00:00 [queued]>
[2019-03-22 01:19:44,262] {models.py:1359} INFO - Dependencies all met for <TaskInstance: tutorial.templated 2018-08-21T00:00:00+00:00 [queued]>
[2019-03-22 01:19:44,262] {models.py:1571} INFO - 
--------------------------------------------------------------------------------
Starting attempt 1 of 2
--------------------------------------------------------------------------------

[2019-03-22 01:19:44,358] {models.py:1593} INFO - Executing <Task(BashOperator): templated> on 2018-08-21T00:00:00+00:00
[2019-03-22 01:19:44,358] {base_task_runner.py:118} INFO - Running: ['bash', '-c', 'airflow run tutorial templated 2018-08-21T00:00:00+00:00 --job_id 2430 --raw -sd DAGS_FOLDER/example_dags/tutorial.py --cfg_path /tmp/tmpi4sc9nwm']
[2019-03-22 01:19:45,569] {base_task_runner.py:101} INFO - Job 2430: Subtask templated [2019-03-22 01:19:45,568] {__init__.py:51} INFO - Using executor SequentialExecutor
[2019-03-22 01:19:45,939] {base_task_runner.py:101} INFO - Job 2430: Subtask templated [2019-03-22 01:19:45,933] {models.py:273} INFO - Filling up the DagBag from /home/rsandroni/airflow/dags/example_dags/tutorial.py
[2019-03-22 01:19:46,090] {base_task_runner.py:101} INFO - Job 2430: Subtask templated [2019-03-22 01:19:46,089] {cli.py:520} INFO - Running <TaskInstance: tutorial.templated 2018-08-21T00:00:00+00:00 [running]> on host IADAIRP1.globalrs.rack.space
[2019-03-22 01:19:46,139] {bash_operator.py:77} INFO - Tmp dir root location: 
 /tmp
[2019-03-22 01:19:46,140] {bash_operator.py:86} INFO - Exporting the following env vars:
AIRFLOW_CTX_DAG_ID=tutorial
AIRFLOW_CTX_TASK_ID=templated
AIRFLOW_CTX_EXECUTION_DATE=2018-08-21T00:00:00+00:00
AIRFLOW_CTX_DAG_RUN_ID=scheduled__2018-08-21T00:00:00+00:00
[2019-03-22 01:19:46,140] {bash_operator.py:100} INFO - Temporary script location: /tmp/airflowtmpavhfxc3p/templatedyj4g2v9k
[2019-03-22 01:19:46,140] {bash_operator.py:110} INFO - Running command: 

    echo "2018-08-21"
    echo "2018-08-28"
    echo "Parameter I passed in"

    echo "2018-08-21"
    echo "2018-08-28"
    echo "Parameter I passed in"

    echo "2018-08-21"
    echo "2018-08-28"
    echo "Parameter I passed in"

    echo "2018-08-21"
    echo "2018-08-28"
    echo "Parameter I passed in"

    echo "2018-08-21"
    echo "2018-08-28"
    echo "Parameter I passed in"

[2019-03-22 01:19:46,169] {bash_operator.py:119} INFO - Output:
[2019-03-22 01:19:46,180] {bash_operator.py:123} INFO - 2018-08-21
[2019-03-22 01:19:46,180] {bash_operator.py:123} INFO - 2018-08-28
[2019-03-22 01:19:46,180] {bash_operator.py:123} INFO - Parameter I passed in
[2019-03-22 01:19:46,180] {bash_operator.py:123} INFO - 2018-08-21
[2019-03-22 01:19:46,180] {bash_operator.py:123} INFO - 2018-08-28
[2019-03-22 01:19:46,180] {bash_operator.py:123} INFO - Parameter I passed in
[2019-03-22 01:19:46,180] {bash_operator.py:123} INFO - 2018-08-21
[2019-03-22 01:19:46,180] {bash_operator.py:123} INFO - 2018-08-28
[2019-03-22 01:19:46,180] {bash_operator.py:123} INFO - Parameter I passed in
[2019-03-22 01:19:46,180] {bash_operator.py:123} INFO - 2018-08-21
[2019-03-22 01:19:46,181] {bash_operator.py:123} INFO - 2018-08-28
[2019-03-22 01:19:46,181] {bash_operator.py:123} INFO - Parameter I passed in
[2019-03-22 01:19:46,181] {bash_operator.py:123} INFO - 2018-08-21
[2019-03-22 01:19:46,181] {bash_operator.py:123} INFO - 2018-08-28
[2019-03-22 01:19:46,181] {bash_operator.py:123} INFO - Parameter I passed in
[2019-03-22 01:19:46,181] {bash_operator.py:127} INFO - Command exited with return code 0
[2019-03-22 01:19:49,222] {logging_mixin.py:95} INFO - [2019-03-22 01:19:49,221] {jobs.py:2527} INFO - Task exited with return code 0
