[2019-03-21 18:47:52,967] {models.py:1359} INFO - Dependencies all met for <TaskInstance: tutorial.print_date 2017-10-27T00:00:00+00:00 [queued]>
[2019-03-21 18:47:52,970] {models.py:1359} INFO - Dependencies all met for <TaskInstance: tutorial.print_date 2017-10-27T00:00:00+00:00 [queued]>
[2019-03-21 18:47:52,970] {models.py:1571} INFO - 
--------------------------------------------------------------------------------
Starting attempt 1 of 2
--------------------------------------------------------------------------------

[2019-03-21 18:47:52,985] {models.py:1593} INFO - Executing <Task(BashOperator): print_date> on 2017-10-27T00:00:00+00:00
[2019-03-21 18:47:52,985] {base_task_runner.py:118} INFO - Running: ['bash', '-c', 'airflow run tutorial print_date 2017-10-27T00:00:00+00:00 --job_id 1832 --raw -sd DAGS_FOLDER/tutorial.py --cfg_path /tmp/tmphr76_tj_']
[2019-03-21 18:47:53,628] {base_task_runner.py:101} INFO - Job 1832: Subtask print_date [2019-03-21 18:47:53,628] {__init__.py:51} INFO - Using executor SequentialExecutor
[2019-03-21 18:47:53,865] {base_task_runner.py:101} INFO - Job 1832: Subtask print_date [2019-03-21 18:47:53,865] {models.py:273} INFO - Filling up the DagBag from /home/rsandroni/airflow/dags/tutorial.py
[2019-03-21 18:47:53,882] {base_task_runner.py:101} INFO - Job 1832: Subtask print_date [2019-03-21 18:47:53,882] {cli.py:520} INFO - Running <TaskInstance: tutorial.print_date 2017-10-27T00:00:00+00:00 [running]> on host IADAIRP1.globalrs.rack.space
[2019-03-21 18:47:53,896] {bash_operator.py:77} INFO - Tmp dir root location: 
 /tmp
[2019-03-21 18:47:53,896] {bash_operator.py:86} INFO - Exporting the following env vars:
AIRFLOW_CTX_DAG_ID=tutorial
AIRFLOW_CTX_TASK_ID=print_date
AIRFLOW_CTX_EXECUTION_DATE=2017-10-27T00:00:00+00:00
AIRFLOW_CTX_DAG_RUN_ID=scheduled__2017-10-27T00:00:00+00:00
[2019-03-21 18:47:53,897] {bash_operator.py:100} INFO - Temporary script location: /tmp/airflowtmpvjht_8lo/print_date2qmibk36
[2019-03-21 18:47:53,897] {bash_operator.py:110} INFO - Running command: date
[2019-03-21 18:47:53,902] {bash_operator.py:119} INFO - Output:
[2019-03-21 18:47:53,904] {bash_operator.py:123} INFO - Qui Mar 21 18:47:53 -03 2019
[2019-03-21 18:47:53,905] {bash_operator.py:127} INFO - Command exited with return code 0
[2019-03-21 18:47:57,974] {logging_mixin.py:95} INFO - [2019-03-21 18:47:57,973] {jobs.py:2527} INFO - Task exited with return code 0
