[2019-03-21 18:27:06,236] {models.py:1359} INFO - Dependencies all met for <TaskInstance: tutorial.print_date 2017-10-11T00:00:00+00:00 [queued]>
[2019-03-21 18:27:06,238] {models.py:1359} INFO - Dependencies all met for <TaskInstance: tutorial.print_date 2017-10-11T00:00:00+00:00 [queued]>
[2019-03-21 18:27:06,238] {models.py:1571} INFO - 
--------------------------------------------------------------------------------
Starting attempt 1 of 2
--------------------------------------------------------------------------------

[2019-03-21 18:27:06,251] {models.py:1593} INFO - Executing <Task(BashOperator): print_date> on 2017-10-11T00:00:00+00:00
[2019-03-21 18:27:06,252] {base_task_runner.py:118} INFO - Running: ['bash', '-c', 'airflow run tutorial print_date 2017-10-11T00:00:00+00:00 --job_id 1800 --raw -sd DAGS_FOLDER/tutorial.py --cfg_path /tmp/tmpzbskqdfw']
[2019-03-21 18:27:06,897] {base_task_runner.py:101} INFO - Job 1800: Subtask print_date [2019-03-21 18:27:06,897] {__init__.py:51} INFO - Using executor SequentialExecutor
[2019-03-21 18:27:07,132] {base_task_runner.py:101} INFO - Job 1800: Subtask print_date [2019-03-21 18:27:07,131] {models.py:273} INFO - Filling up the DagBag from /home/rsandroni/airflow/dags/tutorial.py
[2019-03-21 18:27:07,147] {base_task_runner.py:101} INFO - Job 1800: Subtask print_date [2019-03-21 18:27:07,147] {cli.py:520} INFO - Running <TaskInstance: tutorial.print_date 2017-10-11T00:00:00+00:00 [running]> on host IADAIRP1.globalrs.rack.space
[2019-03-21 18:27:07,161] {bash_operator.py:77} INFO - Tmp dir root location: 
 /tmp
[2019-03-21 18:27:07,161] {bash_operator.py:86} INFO - Exporting the following env vars:
AIRFLOW_CTX_DAG_ID=tutorial
AIRFLOW_CTX_TASK_ID=print_date
AIRFLOW_CTX_EXECUTION_DATE=2017-10-11T00:00:00+00:00
AIRFLOW_CTX_DAG_RUN_ID=scheduled__2017-10-11T00:00:00+00:00
[2019-03-21 18:27:07,162] {bash_operator.py:100} INFO - Temporary script location: /tmp/airflowtmp5zd2wvfo/print_date8h1jqiie
[2019-03-21 18:27:07,162] {bash_operator.py:110} INFO - Running command: date
[2019-03-21 18:27:07,167] {bash_operator.py:119} INFO - Output:
[2019-03-21 18:27:07,169] {bash_operator.py:123} INFO - Qui Mar 21 18:27:07 -03 2019
[2019-03-21 18:27:07,170] {bash_operator.py:127} INFO - Command exited with return code 0
[2019-03-21 18:27:11,246] {logging_mixin.py:95} INFO - [2019-03-21 18:27:11,245] {jobs.py:2527} INFO - Task exited with return code 0
