[2019-03-19 15:34:10,250] {models.py:1359} INFO - Dependencies all met for <TaskInstance: tutorial.print_date 2017-04-04T00:00:00+00:00 [queued]>
[2019-03-19 15:34:10,253] {models.py:1359} INFO - Dependencies all met for <TaskInstance: tutorial.print_date 2017-04-04T00:00:00+00:00 [queued]>
[2019-03-19 15:34:10,253] {models.py:1571} INFO - 
--------------------------------------------------------------------------------
Starting attempt 1 of 2
--------------------------------------------------------------------------------

[2019-03-19 15:34:10,324] {models.py:1593} INFO - Executing <Task(BashOperator): print_date> on 2017-04-04T00:00:00+00:00
[2019-03-19 15:34:10,324] {base_task_runner.py:118} INFO - Running: ['bash', '-c', 'airflow run tutorial print_date 2017-04-04T00:00:00+00:00 --job_id 1351 --raw -sd DAGS_FOLDER/tutorial.py --cfg_path /tmp/tmp7nzo6j4j']
[2019-03-19 15:34:11,763] {base_task_runner.py:101} INFO - Job 1351: Subtask print_date [2019-03-19 15:34:11,758] {__init__.py:51} INFO - Using executor SequentialExecutor
[2019-03-19 15:34:12,271] {base_task_runner.py:101} INFO - Job 1351: Subtask print_date [2019-03-19 15:34:12,265] {models.py:273} INFO - Filling up the DagBag from /home/rsandroni/airflow/dags/tutorial.py
[2019-03-19 15:34:12,311] {base_task_runner.py:101} INFO - Job 1351: Subtask print_date [2019-03-19 15:34:12,310] {cli.py:520} INFO - Running <TaskInstance: tutorial.print_date 2017-04-04T00:00:00+00:00 [running]> on host IADAIRP1.globalrs.rack.space
[2019-03-19 15:34:12,351] {bash_operator.py:77} INFO - Tmp dir root location: 
 /tmp
[2019-03-19 15:34:12,351] {bash_operator.py:86} INFO - Exporting the following env vars:
AIRFLOW_CTX_DAG_ID=tutorial
AIRFLOW_CTX_TASK_ID=print_date
AIRFLOW_CTX_EXECUTION_DATE=2017-04-04T00:00:00+00:00
AIRFLOW_CTX_DAG_RUN_ID=scheduled__2017-04-04T00:00:00+00:00
[2019-03-19 15:34:12,351] {bash_operator.py:100} INFO - Temporary script location: /tmp/airflowtmp7n2xckym/print_date5ywy2p6i
[2019-03-19 15:34:12,351] {bash_operator.py:110} INFO - Running command: date
[2019-03-19 15:34:12,406] {bash_operator.py:119} INFO - Output:
[2019-03-19 15:34:12,430] {bash_operator.py:123} INFO - Ter Mar 19 15:34:12 -03 2019
[2019-03-19 15:34:12,430] {bash_operator.py:127} INFO - Command exited with return code 0
[2019-03-19 15:34:15,247] {logging_mixin.py:95} INFO - [2019-03-19 15:34:15,246] {jobs.py:2527} INFO - Task exited with return code 0
