[2019-03-21 18:42:12,065] {models.py:1359} INFO - Dependencies all met for <TaskInstance: tutorial.templated 2017-10-22T00:00:00+00:00 [queued]>
[2019-03-21 18:42:12,069] {models.py:1359} INFO - Dependencies all met for <TaskInstance: tutorial.templated 2017-10-22T00:00:00+00:00 [queued]>
[2019-03-21 18:42:12,069] {models.py:1571} INFO - 
--------------------------------------------------------------------------------
Starting attempt 1 of 2
--------------------------------------------------------------------------------

[2019-03-21 18:42:12,083] {models.py:1593} INFO - Executing <Task(BashOperator): templated> on 2017-10-22T00:00:00+00:00
[2019-03-21 18:42:12,083] {base_task_runner.py:118} INFO - Running: ['bash', '-c', 'airflow run tutorial templated 2017-10-22T00:00:00+00:00 --job_id 1823 --raw -sd DAGS_FOLDER/example_dags/tutorial.py --cfg_path /tmp/tmpo67yrpjl']
[2019-03-21 18:42:12,722] {base_task_runner.py:101} INFO - Job 1823: Subtask templated [2019-03-21 18:42:12,721] {__init__.py:51} INFO - Using executor SequentialExecutor
[2019-03-21 18:42:12,952] {base_task_runner.py:101} INFO - Job 1823: Subtask templated [2019-03-21 18:42:12,951] {models.py:273} INFO - Filling up the DagBag from /home/rsandroni/airflow/dags/example_dags/tutorial.py
[2019-03-21 18:42:13,015] {base_task_runner.py:101} INFO - Job 1823: Subtask templated [2019-03-21 18:42:13,015] {cli.py:520} INFO - Running <TaskInstance: tutorial.templated 2017-10-22T00:00:00+00:00 [running]> on host IADAIRP1.globalrs.rack.space
[2019-03-21 18:42:13,033] {bash_operator.py:77} INFO - Tmp dir root location: 
 /tmp
[2019-03-21 18:42:13,033] {bash_operator.py:86} INFO - Exporting the following env vars:
AIRFLOW_CTX_DAG_ID=tutorial
AIRFLOW_CTX_TASK_ID=templated
AIRFLOW_CTX_EXECUTION_DATE=2017-10-22T00:00:00+00:00
AIRFLOW_CTX_DAG_RUN_ID=scheduled__2017-10-22T00:00:00+00:00
[2019-03-21 18:42:13,034] {bash_operator.py:100} INFO - Temporary script location: /tmp/airflowtmp9aq41y5s/templateduq9upoqj
[2019-03-21 18:42:13,034] {bash_operator.py:110} INFO - Running command: 

    echo "2017-10-22"
    echo "2017-10-29"
    echo "Parameter I passed in"

    echo "2017-10-22"
    echo "2017-10-29"
    echo "Parameter I passed in"

    echo "2017-10-22"
    echo "2017-10-29"
    echo "Parameter I passed in"

    echo "2017-10-22"
    echo "2017-10-29"
    echo "Parameter I passed in"

    echo "2017-10-22"
    echo "2017-10-29"
    echo "Parameter I passed in"

[2019-03-21 18:42:13,039] {bash_operator.py:119} INFO - Output:
[2019-03-21 18:42:13,040] {bash_operator.py:123} INFO - 2017-10-22
[2019-03-21 18:42:13,040] {bash_operator.py:123} INFO - 2017-10-29
[2019-03-21 18:42:13,040] {bash_operator.py:123} INFO - Parameter I passed in
[2019-03-21 18:42:13,040] {bash_operator.py:123} INFO - 2017-10-22
[2019-03-21 18:42:13,040] {bash_operator.py:123} INFO - 2017-10-29
[2019-03-21 18:42:13,040] {bash_operator.py:123} INFO - Parameter I passed in
[2019-03-21 18:42:13,041] {bash_operator.py:123} INFO - 2017-10-22
[2019-03-21 18:42:13,041] {bash_operator.py:123} INFO - 2017-10-29
[2019-03-21 18:42:13,041] {bash_operator.py:123} INFO - Parameter I passed in
[2019-03-21 18:42:13,041] {bash_operator.py:123} INFO - 2017-10-22
[2019-03-21 18:42:13,041] {bash_operator.py:123} INFO - 2017-10-29
[2019-03-21 18:42:13,041] {bash_operator.py:123} INFO - Parameter I passed in
[2019-03-21 18:42:13,041] {bash_operator.py:123} INFO - 2017-10-22
[2019-03-21 18:42:13,041] {bash_operator.py:123} INFO - 2017-10-29
[2019-03-21 18:42:13,041] {bash_operator.py:123} INFO - Parameter I passed in
[2019-03-21 18:42:13,041] {bash_operator.py:127} INFO - Command exited with return code 0
[2019-03-21 18:42:17,079] {logging_mixin.py:95} INFO - [2019-03-21 18:42:17,079] {jobs.py:2527} INFO - Task exited with return code 0
