[2019-03-22 05:58:04,369] {models.py:1359} INFO - Dependencies all met for <TaskInstance: tutorial.sleep 2019-03-20T00:00:00+00:00 [queued]>
[2019-03-22 05:58:04,375] {models.py:1359} INFO - Dependencies all met for <TaskInstance: tutorial.sleep 2019-03-20T00:00:00+00:00 [queued]>
[2019-03-22 05:58:04,375] {models.py:1571} INFO - 
--------------------------------------------------------------------------------
Starting attempt 1 of 2
--------------------------------------------------------------------------------

[2019-03-22 05:58:04,447] {models.py:1593} INFO - Executing <Task(BashOperator): sleep> on 2019-03-20T00:00:00+00:00
[2019-03-22 05:58:04,447] {base_task_runner.py:118} INFO - Running: ['bash', '-c', 'airflow run tutorial sleep 2019-03-20T00:00:00+00:00 --job_id 2853 --raw -sd DAGS_FOLDER/example_dags/tutorial.py --cfg_path /tmp/tmp98ncnmqo']
[2019-03-22 05:58:05,209] {base_task_runner.py:101} INFO - Job 2853: Subtask sleep [2019-03-22 05:58:05,208] {__init__.py:51} INFO - Using executor SequentialExecutor
[2019-03-22 05:58:05,725] {base_task_runner.py:101} INFO - Job 2853: Subtask sleep [2019-03-22 05:58:05,722] {models.py:273} INFO - Filling up the DagBag from /home/rsandroni/airflow/dags/example_dags/tutorial.py
[2019-03-22 05:58:05,874] {base_task_runner.py:101} INFO - Job 2853: Subtask sleep [2019-03-22 05:58:05,870] {cli.py:520} INFO - Running <TaskInstance: tutorial.sleep 2019-03-20T00:00:00+00:00 [running]> on host IADAIRP1.globalrs.rack.space
[2019-03-22 05:58:05,917] {bash_operator.py:77} INFO - Tmp dir root location: 
 /tmp
[2019-03-22 05:58:05,917] {bash_operator.py:86} INFO - Exporting the following env vars:
AIRFLOW_CTX_DAG_ID=tutorial
AIRFLOW_CTX_TASK_ID=sleep
AIRFLOW_CTX_EXECUTION_DATE=2019-03-20T00:00:00+00:00
AIRFLOW_CTX_DAG_RUN_ID=scheduled__2019-03-20T00:00:00+00:00
[2019-03-22 05:58:05,918] {bash_operator.py:100} INFO - Temporary script location: /tmp/airflowtmp0j6ar9n2/sleepuq0lkq67
[2019-03-22 05:58:05,918] {bash_operator.py:110} INFO - Running command: sleep 5
[2019-03-22 05:58:05,949] {bash_operator.py:119} INFO - Output:
[2019-03-22 05:58:10,989] {bash_operator.py:127} INFO - Command exited with return code 0
[2019-03-22 05:58:14,320] {logging_mixin.py:95} INFO - [2019-03-22 05:58:14,319] {jobs.py:2527} INFO - Task exited with return code 0
