[2019-03-22 04:45:54,237] {models.py:1359} INFO - Dependencies all met for <TaskInstance: tutorial.templated 2019-01-24T00:00:00+00:00 [queued]>
[2019-03-22 04:45:54,242] {models.py:1359} INFO - Dependencies all met for <TaskInstance: tutorial.templated 2019-01-24T00:00:00+00:00 [queued]>
[2019-03-22 04:45:54,242] {models.py:1571} INFO - 
--------------------------------------------------------------------------------
Starting attempt 1 of 2
--------------------------------------------------------------------------------

[2019-03-22 04:45:54,256] {models.py:1593} INFO - Executing <Task(BashOperator): templated> on 2019-01-24T00:00:00+00:00
[2019-03-22 04:45:54,256] {base_task_runner.py:118} INFO - Running: ['bash', '-c', 'airflow run tutorial templated 2019-01-24T00:00:00+00:00 --job_id 2742 --raw -sd DAGS_FOLDER/example_dags/tutorial.py --cfg_path /tmp/tmp7rkq9_6k']
[2019-03-22 04:45:54,897] {base_task_runner.py:101} INFO - Job 2742: Subtask templated [2019-03-22 04:45:54,897] {__init__.py:51} INFO - Using executor SequentialExecutor
[2019-03-22 04:45:55,166] {base_task_runner.py:101} INFO - Job 2742: Subtask templated [2019-03-22 04:45:55,165] {models.py:273} INFO - Filling up the DagBag from /home/rsandroni/airflow/dags/example_dags/tutorial.py
[2019-03-22 04:45:55,246] {base_task_runner.py:101} INFO - Job 2742: Subtask templated [2019-03-22 04:45:55,243] {cli.py:520} INFO - Running <TaskInstance: tutorial.templated 2019-01-24T00:00:00+00:00 [running]> on host IADAIRP1.globalrs.rack.space
[2019-03-22 04:45:55,283] {bash_operator.py:77} INFO - Tmp dir root location: 
 /tmp
[2019-03-22 04:45:55,283] {bash_operator.py:86} INFO - Exporting the following env vars:
AIRFLOW_CTX_DAG_ID=tutorial
AIRFLOW_CTX_TASK_ID=templated
AIRFLOW_CTX_EXECUTION_DATE=2019-01-24T00:00:00+00:00
AIRFLOW_CTX_DAG_RUN_ID=scheduled__2019-01-24T00:00:00+00:00
[2019-03-22 04:45:55,284] {bash_operator.py:100} INFO - Temporary script location: /tmp/airflowtmpsp4dbncr/templatedq6lf7t1c
[2019-03-22 04:45:55,284] {bash_operator.py:110} INFO - Running command: 

    echo "2019-01-24"
    echo "2019-01-31"
    echo "Parameter I passed in"

    echo "2019-01-24"
    echo "2019-01-31"
    echo "Parameter I passed in"

    echo "2019-01-24"
    echo "2019-01-31"
    echo "Parameter I passed in"

    echo "2019-01-24"
    echo "2019-01-31"
    echo "Parameter I passed in"

    echo "2019-01-24"
    echo "2019-01-31"
    echo "Parameter I passed in"

[2019-03-22 04:45:55,291] {bash_operator.py:119} INFO - Output:
[2019-03-22 04:45:55,291] {bash_operator.py:123} INFO - 2019-01-24
[2019-03-22 04:45:55,291] {bash_operator.py:123} INFO - 2019-01-31
[2019-03-22 04:45:55,291] {bash_operator.py:123} INFO - Parameter I passed in
[2019-03-22 04:45:55,291] {bash_operator.py:123} INFO - 2019-01-24
[2019-03-22 04:45:55,291] {bash_operator.py:123} INFO - 2019-01-31
[2019-03-22 04:45:55,291] {bash_operator.py:123} INFO - Parameter I passed in
[2019-03-22 04:45:55,291] {bash_operator.py:123} INFO - 2019-01-24
[2019-03-22 04:45:55,291] {bash_operator.py:123} INFO - 2019-01-31
[2019-03-22 04:45:55,291] {bash_operator.py:123} INFO - Parameter I passed in
[2019-03-22 04:45:55,291] {bash_operator.py:123} INFO - 2019-01-24
[2019-03-22 04:45:55,291] {bash_operator.py:123} INFO - 2019-01-31
[2019-03-22 04:45:55,291] {bash_operator.py:123} INFO - Parameter I passed in
[2019-03-22 04:45:55,291] {bash_operator.py:123} INFO - 2019-01-24
[2019-03-22 04:45:55,292] {bash_operator.py:123} INFO - 2019-01-31
[2019-03-22 04:45:55,292] {bash_operator.py:123} INFO - Parameter I passed in
[2019-03-22 04:45:55,292] {bash_operator.py:127} INFO - Command exited with return code 0
[2019-03-22 04:45:59,255] {logging_mixin.py:95} INFO - [2019-03-22 04:45:59,253] {jobs.py:2527} INFO - Task exited with return code 0
