[2019-03-19 12:24:50,655] {models.py:1359} INFO - Dependencies all met for <TaskInstance: tutorial.templated 2016-03-02T00:00:00+00:00 [queued]>
[2019-03-19 12:24:50,659] {models.py:1359} INFO - Dependencies all met for <TaskInstance: tutorial.templated 2016-03-02T00:00:00+00:00 [queued]>
[2019-03-19 12:24:50,659] {models.py:1571} INFO - 
--------------------------------------------------------------------------------
Starting attempt 1 of 2
--------------------------------------------------------------------------------

[2019-03-19 12:24:50,676] {models.py:1593} INFO - Executing <Task(BashOperator): templated> on 2016-03-02T00:00:00+00:00
[2019-03-19 12:24:50,676] {base_task_runner.py:118} INFO - Running: ['bash', '-c', 'airflow run tutorial templated 2016-03-02T00:00:00+00:00 --job_id 557 --raw -sd DAGS_FOLDER/example_dags/tutorial.py --cfg_path /tmp/tmpcpgd2wno']
[2019-03-19 12:24:51,286] {base_task_runner.py:101} INFO - Job 557: Subtask templated [2019-03-19 12:24:51,285] {__init__.py:51} INFO - Using executor SequentialExecutor
[2019-03-19 12:24:51,511] {base_task_runner.py:101} INFO - Job 557: Subtask templated [2019-03-19 12:24:51,510] {models.py:273} INFO - Filling up the DagBag from /home/rsandroni/airflow/dags/example_dags/tutorial.py
[2019-03-19 12:24:51,552] {base_task_runner.py:101} INFO - Job 557: Subtask templated [2019-03-19 12:24:51,551] {cli.py:520} INFO - Running <TaskInstance: tutorial.templated 2016-03-02T00:00:00+00:00 [running]> on host IADAIRP1.globalrs.rack.space
[2019-03-19 12:24:51,571] {bash_operator.py:77} INFO - Tmp dir root location: 
 /tmp
[2019-03-19 12:24:51,571] {bash_operator.py:86} INFO - Exporting the following env vars:
AIRFLOW_CTX_DAG_ID=tutorial
AIRFLOW_CTX_TASK_ID=templated
AIRFLOW_CTX_EXECUTION_DATE=2016-03-02T00:00:00+00:00
AIRFLOW_CTX_DAG_RUN_ID=scheduled__2016-03-02T00:00:00+00:00
[2019-03-19 12:24:51,571] {bash_operator.py:100} INFO - Temporary script location: /tmp/airflowtmplsuka5ws/templatedn54oz8dr
[2019-03-19 12:24:51,571] {bash_operator.py:110} INFO - Running command: 

    echo "2016-03-02"
    echo "2016-03-09"
    echo "Parameter I passed in"

    echo "2016-03-02"
    echo "2016-03-09"
    echo "Parameter I passed in"

    echo "2016-03-02"
    echo "2016-03-09"
    echo "Parameter I passed in"

    echo "2016-03-02"
    echo "2016-03-09"
    echo "Parameter I passed in"

    echo "2016-03-02"
    echo "2016-03-09"
    echo "Parameter I passed in"

[2019-03-19 12:24:51,577] {bash_operator.py:119} INFO - Output:
[2019-03-19 12:24:51,578] {bash_operator.py:123} INFO - 2016-03-02
[2019-03-19 12:24:51,578] {bash_operator.py:123} INFO - 2016-03-09
[2019-03-19 12:24:51,578] {bash_operator.py:123} INFO - Parameter I passed in
[2019-03-19 12:24:51,578] {bash_operator.py:123} INFO - 2016-03-02
[2019-03-19 12:24:51,578] {bash_operator.py:123} INFO - 2016-03-09
[2019-03-19 12:24:51,579] {bash_operator.py:123} INFO - Parameter I passed in
[2019-03-19 12:24:51,579] {bash_operator.py:123} INFO - 2016-03-02
[2019-03-19 12:24:51,579] {bash_operator.py:123} INFO - 2016-03-09
[2019-03-19 12:24:51,579] {bash_operator.py:123} INFO - Parameter I passed in
[2019-03-19 12:24:51,579] {bash_operator.py:123} INFO - 2016-03-02
[2019-03-19 12:24:51,579] {bash_operator.py:123} INFO - 2016-03-09
[2019-03-19 12:24:51,579] {bash_operator.py:123} INFO - Parameter I passed in
[2019-03-19 12:24:51,579] {bash_operator.py:123} INFO - 2016-03-02
[2019-03-19 12:24:51,579] {bash_operator.py:123} INFO - 2016-03-09
[2019-03-19 12:24:51,579] {bash_operator.py:123} INFO - Parameter I passed in
[2019-03-19 12:24:51,579] {bash_operator.py:127} INFO - Command exited with return code 0
[2019-03-19 12:24:55,657] {logging_mixin.py:95} INFO - [2019-03-19 12:24:55,656] {jobs.py:2527} INFO - Task exited with return code 0
