[2019-03-19 12:59:44,041] {models.py:1359} INFO - Dependencies all met for <TaskInstance: tutorial.print_date 2016-05-11T00:00:00+00:00 [queued]>
[2019-03-19 12:59:44,043] {models.py:1359} INFO - Dependencies all met for <TaskInstance: tutorial.print_date 2016-05-11T00:00:00+00:00 [queued]>
[2019-03-19 12:59:44,043] {models.py:1571} INFO - 
--------------------------------------------------------------------------------
Starting attempt 1 of 2
--------------------------------------------------------------------------------

[2019-03-19 12:59:44,091] {models.py:1593} INFO - Executing <Task(BashOperator): print_date> on 2016-05-11T00:00:00+00:00
[2019-03-19 12:59:44,092] {base_task_runner.py:118} INFO - Running: ['bash', '-c', 'airflow run tutorial print_date 2016-05-11T00:00:00+00:00 --job_id 696 --raw -sd DAGS_FOLDER/tutorial.py --cfg_path /tmp/tmpw4p10871']
[2019-03-19 12:59:44,938] {base_task_runner.py:101} INFO - Job 696: Subtask print_date [2019-03-19 12:59:44,937] {__init__.py:51} INFO - Using executor SequentialExecutor
[2019-03-19 12:59:45,309] {base_task_runner.py:101} INFO - Job 696: Subtask print_date [2019-03-19 12:59:45,304] {models.py:273} INFO - Filling up the DagBag from /home/rsandroni/airflow/dags/tutorial.py
[2019-03-19 12:59:45,349] {base_task_runner.py:101} INFO - Job 696: Subtask print_date [2019-03-19 12:59:45,348] {cli.py:520} INFO - Running <TaskInstance: tutorial.print_date 2016-05-11T00:00:00+00:00 [running]> on host IADAIRP1.globalrs.rack.space
[2019-03-19 12:59:45,394] {bash_operator.py:77} INFO - Tmp dir root location: 
 /tmp
[2019-03-19 12:59:45,394] {bash_operator.py:86} INFO - Exporting the following env vars:
AIRFLOW_CTX_DAG_ID=tutorial
AIRFLOW_CTX_TASK_ID=print_date
AIRFLOW_CTX_EXECUTION_DATE=2016-05-11T00:00:00+00:00
AIRFLOW_CTX_DAG_RUN_ID=scheduled__2016-05-11T00:00:00+00:00
[2019-03-19 12:59:45,394] {bash_operator.py:100} INFO - Temporary script location: /tmp/airflowtmpz6tvca4j/print_date5r6dqm2a
[2019-03-19 12:59:45,395] {bash_operator.py:110} INFO - Running command: date
[2019-03-19 12:59:45,427] {bash_operator.py:119} INFO - Output:
[2019-03-19 12:59:45,447] {bash_operator.py:123} INFO - Ter Mar 19 12:59:45 -03 2019
[2019-03-19 12:59:45,457] {bash_operator.py:127} INFO - Command exited with return code 0
[2019-03-19 12:59:49,050] {logging_mixin.py:95} INFO - [2019-03-19 12:59:49,049] {jobs.py:2527} INFO - Task exited with return code 0
