[2019-03-19 10:56:16,664] {models.py:1359} INFO - Dependencies all met for <TaskInstance: tutorial.print_date 2015-08-20T00:00:00+00:00 [queued]>
[2019-03-19 10:56:16,665] {models.py:1359} INFO - Dependencies all met for <TaskInstance: tutorial.print_date 2015-08-20T00:00:00+00:00 [queued]>
[2019-03-19 10:56:16,665] {models.py:1571} INFO - 
--------------------------------------------------------------------------------
Starting attempt 1 of 2
--------------------------------------------------------------------------------

[2019-03-19 10:56:16,699] {models.py:1593} INFO - Executing <Task(BashOperator): print_date> on 2015-08-20T00:00:00+00:00
[2019-03-19 10:56:16,699] {base_task_runner.py:118} INFO - Running: ['bash', '-c', 'airflow run tutorial print_date 2015-08-20T00:00:00+00:00 --job_id 165 --raw -sd DAGS_FOLDER/tutorial.py --cfg_path /tmp/tmpkm7l8a8y']
[2019-03-19 10:56:17,297] {base_task_runner.py:101} INFO - Job 165: Subtask print_date [2019-03-19 10:56:17,296] {__init__.py:51} INFO - Using executor SequentialExecutor
[2019-03-19 10:56:17,515] {base_task_runner.py:101} INFO - Job 165: Subtask print_date [2019-03-19 10:56:17,515] {models.py:273} INFO - Filling up the DagBag from /home/rsandroni/airflow/dags/tutorial.py
[2019-03-19 10:56:17,530] {base_task_runner.py:101} INFO - Job 165: Subtask print_date [2019-03-19 10:56:17,530] {cli.py:520} INFO - Running <TaskInstance: tutorial.print_date 2015-08-20T00:00:00+00:00 [running]> on host IADAIRP1.globalrs.rack.space
[2019-03-19 10:56:17,544] {bash_operator.py:77} INFO - Tmp dir root location: 
 /tmp
[2019-03-19 10:56:17,544] {bash_operator.py:86} INFO - Exporting the following env vars:
AIRFLOW_CTX_DAG_ID=tutorial
AIRFLOW_CTX_TASK_ID=print_date
AIRFLOW_CTX_EXECUTION_DATE=2015-08-20T00:00:00+00:00
AIRFLOW_CTX_DAG_RUN_ID=scheduled__2015-08-20T00:00:00+00:00
[2019-03-19 10:56:17,545] {bash_operator.py:100} INFO - Temporary script location: /tmp/airflowtmpxz1i6v4j/print_datemo56wyrv
[2019-03-19 10:56:17,545] {bash_operator.py:110} INFO - Running command: date
[2019-03-19 10:56:17,550] {bash_operator.py:119} INFO - Output:
[2019-03-19 10:56:17,552] {bash_operator.py:123} INFO - Ter Mar 19 10:56:17 -03 2019
[2019-03-19 10:56:17,552] {bash_operator.py:127} INFO - Command exited with return code 0
[2019-03-19 10:56:21,649] {logging_mixin.py:95} INFO - [2019-03-19 10:56:21,648] {jobs.py:2527} INFO - Task exited with return code 0
