[2019-03-22 02:31:03,451] {models.py:1359} INFO - Dependencies all met for <TaskInstance: tutorial.templated 2018-10-14T00:00:00+00:00 [queued]>
[2019-03-22 02:31:03,456] {models.py:1359} INFO - Dependencies all met for <TaskInstance: tutorial.templated 2018-10-14T00:00:00+00:00 [queued]>
[2019-03-22 02:31:03,456] {models.py:1571} INFO - 
--------------------------------------------------------------------------------
Starting attempt 1 of 2
--------------------------------------------------------------------------------

[2019-03-22 02:31:03,488] {models.py:1593} INFO - Executing <Task(BashOperator): templated> on 2018-10-14T00:00:00+00:00
[2019-03-22 02:31:03,488] {base_task_runner.py:118} INFO - Running: ['bash', '-c', 'airflow run tutorial templated 2018-10-14T00:00:00+00:00 --job_id 2538 --raw -sd DAGS_FOLDER/example_dags/tutorial.py --cfg_path /tmp/tmp5kispu73']
[2019-03-22 02:31:04,174] {base_task_runner.py:101} INFO - Job 2538: Subtask templated [2019-03-22 02:31:04,173] {__init__.py:51} INFO - Using executor SequentialExecutor
[2019-03-22 02:31:04,443] {base_task_runner.py:101} INFO - Job 2538: Subtask templated [2019-03-22 02:31:04,442] {models.py:273} INFO - Filling up the DagBag from /home/rsandroni/airflow/dags/example_dags/tutorial.py
[2019-03-22 02:31:04,510] {base_task_runner.py:101} INFO - Job 2538: Subtask templated [2019-03-22 02:31:04,508] {cli.py:520} INFO - Running <TaskInstance: tutorial.templated 2018-10-14T00:00:00+00:00 [running]> on host IADAIRP1.globalrs.rack.space
[2019-03-22 02:31:04,533] {bash_operator.py:77} INFO - Tmp dir root location: 
 /tmp
[2019-03-22 02:31:04,534] {bash_operator.py:86} INFO - Exporting the following env vars:
AIRFLOW_CTX_DAG_ID=tutorial
AIRFLOW_CTX_TASK_ID=templated
AIRFLOW_CTX_EXECUTION_DATE=2018-10-14T00:00:00+00:00
AIRFLOW_CTX_DAG_RUN_ID=scheduled__2018-10-14T00:00:00+00:00
[2019-03-22 02:31:04,534] {bash_operator.py:100} INFO - Temporary script location: /tmp/airflowtmptst5nyaa/templated8wrifoxh
[2019-03-22 02:31:04,535] {bash_operator.py:110} INFO - Running command: 

    echo "2018-10-14"
    echo "2018-10-21"
    echo "Parameter I passed in"

    echo "2018-10-14"
    echo "2018-10-21"
    echo "Parameter I passed in"

    echo "2018-10-14"
    echo "2018-10-21"
    echo "Parameter I passed in"

    echo "2018-10-14"
    echo "2018-10-21"
    echo "Parameter I passed in"

    echo "2018-10-14"
    echo "2018-10-21"
    echo "Parameter I passed in"

[2019-03-22 02:31:04,542] {bash_operator.py:119} INFO - Output:
[2019-03-22 02:31:04,543] {bash_operator.py:123} INFO - 2018-10-14
[2019-03-22 02:31:04,543] {bash_operator.py:123} INFO - 2018-10-21
[2019-03-22 02:31:04,543] {bash_operator.py:123} INFO - Parameter I passed in
[2019-03-22 02:31:04,543] {bash_operator.py:123} INFO - 2018-10-14
[2019-03-22 02:31:04,543] {bash_operator.py:123} INFO - 2018-10-21
[2019-03-22 02:31:04,543] {bash_operator.py:123} INFO - Parameter I passed in
[2019-03-22 02:31:04,543] {bash_operator.py:123} INFO - 2018-10-14
[2019-03-22 02:31:04,543] {bash_operator.py:123} INFO - 2018-10-21
[2019-03-22 02:31:04,543] {bash_operator.py:123} INFO - Parameter I passed in
[2019-03-22 02:31:04,543] {bash_operator.py:123} INFO - 2018-10-14
[2019-03-22 02:31:04,543] {bash_operator.py:123} INFO - 2018-10-21
[2019-03-22 02:31:04,543] {bash_operator.py:123} INFO - Parameter I passed in
[2019-03-22 02:31:04,543] {bash_operator.py:123} INFO - 2018-10-14
[2019-03-22 02:31:04,543] {bash_operator.py:123} INFO - 2018-10-21
[2019-03-22 02:31:04,543] {bash_operator.py:123} INFO - Parameter I passed in
[2019-03-22 02:31:04,543] {bash_operator.py:127} INFO - Command exited with return code 0
[2019-03-22 02:31:08,447] {logging_mixin.py:95} INFO - [2019-03-22 02:31:08,446] {jobs.py:2527} INFO - Task exited with return code 0
