[2019-03-19 10:19:21,691] {jobs.py:391} INFO - Started process (PID=226499) to work on /home/rsandroni/airflow/dags/crawler.py
[2019-03-19 10:19:21,696] {jobs.py:1675} INFO - Processing file /home/rsandroni/airflow/dags/crawler.py for tasks to queue
[2019-03-19 10:19:21,697] {logging_mixin.py:95} INFO - [2019-03-19 10:19:21,697] {models.py:273} INFO - Filling up the DagBag from /home/rsandroni/airflow/dags/crawler.py
[2019-03-19 10:19:21,702] {jobs.py:1687} INFO - DAG(s) dict_keys(['tutorial']) retrieved from /home/rsandroni/airflow/dags/crawler.py
[2019-03-19 10:19:21,750] {jobs.py:1422} INFO - Processing tutorial
[2019-03-19 10:19:21,808] {jobs.py:1426} INFO - Created <DagRun tutorial @ 2015-06-10 00:00:00+00:00: scheduled__2015-06-10T00:00:00+00:00, externally triggered: False>
[2019-03-19 10:19:21,811] {jobs.py:917} INFO - Examining DAG run <DagRun tutorial @ 2015-06-08 00:00:00+00:00: scheduled__2015-06-08T00:00:00+00:00, externally triggered: False>
[2019-03-19 10:19:21,820] {jobs.py:917} INFO - Examining DAG run <DagRun tutorial @ 2015-06-09 00:00:00+00:00: scheduled__2015-06-09T00:00:00+00:00, externally triggered: False>
[2019-03-19 10:19:21,827] {jobs.py:917} INFO - Examining DAG run <DagRun tutorial @ 2015-06-10 00:00:00+00:00: scheduled__2015-06-10T00:00:00+00:00, externally triggered: False>
[2019-03-19 10:19:21,848] {jobs.py:626} INFO - Skipping SLA check for <DAG: tutorial> because no tasks in DAG have SLAs
[2019-03-19 10:19:21,864] {jobs.py:1752} INFO - Creating / updating <TaskInstance: tutorial.templated 2015-06-08 00:00:00+00:00 [scheduled]> in ORM
[2019-03-19 10:19:21,867] {jobs.py:1752} INFO - Creating / updating <TaskInstance: tutorial.templated 2015-06-09 00:00:00+00:00 [scheduled]> in ORM
[2019-03-19 10:19:21,870] {jobs.py:1752} INFO - Creating / updating <TaskInstance: tutorial.print_date 2015-06-10 00:00:00+00:00 [scheduled]> in ORM
[2019-03-19 10:19:21,889] {jobs.py:399} INFO - Processing /home/rsandroni/airflow/dags/crawler.py took 0.197 seconds
[2019-03-19 10:20:37,275] {jobs.py:391} INFO - Started process (PID=227418) to work on /home/rsandroni/airflow/dags/crawler.py
[2019-03-19 10:20:37,280] {jobs.py:1675} INFO - Processing file /home/rsandroni/airflow/dags/crawler.py for tasks to queue
[2019-03-19 10:20:37,280] {logging_mixin.py:95} INFO - [2019-03-19 10:20:37,280] {models.py:273} INFO - Filling up the DagBag from /home/rsandroni/airflow/dags/crawler.py
[2019-03-19 10:20:37,286] {jobs.py:1687} INFO - DAG(s) dict_keys(['tutorial']) retrieved from /home/rsandroni/airflow/dags/crawler.py
[2019-03-19 10:20:37,316] {jobs.py:1422} INFO - Processing tutorial
[2019-03-19 10:20:37,363] {jobs.py:1426} INFO - Created <DagRun tutorial @ 2015-06-13 00:00:00+00:00: scheduled__2015-06-13T00:00:00+00:00, externally triggered: False>
[2019-03-19 10:20:37,366] {jobs.py:917} INFO - Examining DAG run <DagRun tutorial @ 2015-06-11 00:00:00+00:00: scheduled__2015-06-11T00:00:00+00:00, externally triggered: False>
[2019-03-19 10:20:37,374] {jobs.py:917} INFO - Examining DAG run <DagRun tutorial @ 2015-06-12 00:00:00+00:00: scheduled__2015-06-12T00:00:00+00:00, externally triggered: False>
[2019-03-19 10:20:37,382] {jobs.py:917} INFO - Examining DAG run <DagRun tutorial @ 2015-06-13 00:00:00+00:00: scheduled__2015-06-13T00:00:00+00:00, externally triggered: False>
[2019-03-19 10:20:37,402] {jobs.py:626} INFO - Skipping SLA check for <DAG: tutorial> because no tasks in DAG have SLAs
[2019-03-19 10:20:37,420] {jobs.py:1752} INFO - Creating / updating <TaskInstance: tutorial.templated 2015-06-11 00:00:00+00:00 [scheduled]> in ORM
[2019-03-19 10:20:37,423] {jobs.py:1752} INFO - Creating / updating <TaskInstance: tutorial.templated 2015-06-12 00:00:00+00:00 [scheduled]> in ORM
[2019-03-19 10:20:37,426] {jobs.py:1752} INFO - Creating / updating <TaskInstance: tutorial.print_date 2015-06-13 00:00:00+00:00 [scheduled]> in ORM
[2019-03-19 10:20:37,438] {jobs.py:399} INFO - Processing /home/rsandroni/airflow/dags/crawler.py took 0.163 seconds
[2019-03-19 10:21:53,130] {jobs.py:391} INFO - Started process (PID=230246) to work on /home/rsandroni/airflow/dags/crawler.py
[2019-03-19 10:21:53,135] {jobs.py:1675} INFO - Processing file /home/rsandroni/airflow/dags/crawler.py for tasks to queue
[2019-03-19 10:21:53,135] {logging_mixin.py:95} INFO - [2019-03-19 10:21:53,135] {models.py:273} INFO - Filling up the DagBag from /home/rsandroni/airflow/dags/crawler.py
[2019-03-19 10:21:53,167] {jobs.py:1687} INFO - DAG(s) dict_keys(['example_bash_operator', 'example_branch_operator', 'example_branch_dop_operator_v3', 'example_http_operator', 'latest_only', 'latest_only_with_trigger', 'example_passing_params_via_test_command', 'example_python_operator', 'example_short_circuit_operator', 'example_skip_dag', 'example_subdag_operator.section-1', 'example_subdag_operator.section-2', 'example_subdag_operator', 'example_trigger_controller_dag', 'example_trigger_target_dag', 'example_xcom', 'test_utils', 'tutorial']) retrieved from /home/rsandroni/airflow/dags/crawler.py
[2019-03-19 10:21:53,424] {jobs.py:1422} INFO - Processing tutorial
[2019-03-19 10:21:53,460] {jobs.py:1426} INFO - Created <DagRun tutorial @ 2015-06-16 00:00:00+00:00: scheduled__2015-06-16T00:00:00+00:00, externally triggered: False>
[2019-03-19 10:21:53,463] {jobs.py:917} INFO - Examining DAG run <DagRun tutorial @ 2015-06-14 00:00:00+00:00: scheduled__2015-06-14T00:00:00+00:00, externally triggered: False>
[2019-03-19 10:21:53,471] {jobs.py:917} INFO - Examining DAG run <DagRun tutorial @ 2015-06-15 00:00:00+00:00: scheduled__2015-06-15T00:00:00+00:00, externally triggered: False>
[2019-03-19 10:21:53,479] {jobs.py:917} INFO - Examining DAG run <DagRun tutorial @ 2015-06-16 00:00:00+00:00: scheduled__2015-06-16T00:00:00+00:00, externally triggered: False>
[2019-03-19 10:21:53,495] {jobs.py:626} INFO - Skipping SLA check for <DAG: tutorial> because no tasks in DAG have SLAs
[2019-03-19 10:21:53,511] {jobs.py:1752} INFO - Creating / updating <TaskInstance: tutorial.templated 2015-06-14 00:00:00+00:00 [scheduled]> in ORM
[2019-03-19 10:21:53,513] {jobs.py:1752} INFO - Creating / updating <TaskInstance: tutorial.templated 2015-06-15 00:00:00+00:00 [scheduled]> in ORM
[2019-03-19 10:21:53,530] {jobs.py:399} INFO - Processing /home/rsandroni/airflow/dags/crawler.py took 0.399 seconds
[2019-03-19 10:23:03,666] {jobs.py:391} INFO - Started process (PID=231095) to work on /home/rsandroni/airflow/dags/crawler.py
[2019-03-19 10:23:03,671] {jobs.py:1675} INFO - Processing file /home/rsandroni/airflow/dags/crawler.py for tasks to queue
[2019-03-19 10:23:03,672] {logging_mixin.py:95} INFO - [2019-03-19 10:23:03,671] {models.py:273} INFO - Filling up the DagBag from /home/rsandroni/airflow/dags/crawler.py
[2019-03-19 10:23:03,705] {jobs.py:1687} INFO - DAG(s) dict_keys(['example_bash_operator', 'example_branch_operator', 'example_branch_dop_operator_v3', 'example_http_operator', 'latest_only', 'latest_only_with_trigger', 'example_passing_params_via_test_command', 'example_python_operator', 'example_short_circuit_operator', 'example_skip_dag', 'example_subdag_operator.section-1', 'example_subdag_operator.section-2', 'example_subdag_operator', 'example_trigger_controller_dag', 'example_trigger_target_dag', 'example_xcom', 'test_utils', 'tutorial']) retrieved from /home/rsandroni/airflow/dags/crawler.py
[2019-03-19 10:23:03,960] {jobs.py:1422} INFO - Processing tutorial
[2019-03-19 10:23:03,995] {jobs.py:1426} INFO - Created <DagRun tutorial @ 2015-06-19 00:00:00+00:00: scheduled__2015-06-19T00:00:00+00:00, externally triggered: False>
[2019-03-19 10:23:03,998] {jobs.py:917} INFO - Examining DAG run <DagRun tutorial @ 2015-06-16 00:00:00+00:00: scheduled__2015-06-16T00:00:00+00:00, externally triggered: False>
[2019-03-19 10:23:04,006] {jobs.py:917} INFO - Examining DAG run <DagRun tutorial @ 2015-06-17 00:00:00+00:00: scheduled__2015-06-17T00:00:00+00:00, externally triggered: False>
[2019-03-19 10:23:04,014] {jobs.py:917} INFO - Examining DAG run <DagRun tutorial @ 2015-06-18 00:00:00+00:00: scheduled__2015-06-18T00:00:00+00:00, externally triggered: False>
[2019-03-19 10:23:04,022] {jobs.py:917} INFO - Examining DAG run <DagRun tutorial @ 2015-06-19 00:00:00+00:00: scheduled__2015-06-19T00:00:00+00:00, externally triggered: False>
[2019-03-19 10:23:04,043] {jobs.py:626} INFO - Skipping SLA check for <DAG: tutorial> because no tasks in DAG have SLAs
[2019-03-19 10:23:04,058] {jobs.py:1752} INFO - Creating / updating <TaskInstance: tutorial.templated 2015-06-16 00:00:00+00:00 [scheduled]> in ORM
[2019-03-19 10:23:04,061] {jobs.py:1752} INFO - Creating / updating <TaskInstance: tutorial.templated 2015-06-17 00:00:00+00:00 [scheduled]> in ORM
[2019-03-19 10:23:04,064] {jobs.py:1752} INFO - Creating / updating <TaskInstance: tutorial.templated 2015-06-18 00:00:00+00:00 [scheduled]> in ORM
[2019-03-19 10:23:04,080] {jobs.py:399} INFO - Processing /home/rsandroni/airflow/dags/crawler.py took 0.414 seconds
