[2019-03-22 03:58:28,497] {models.py:1359} INFO - Dependencies all met for <TaskInstance: tutorial.templated 2018-12-20T00:00:00+00:00 [queued]>
[2019-03-22 03:58:28,502] {models.py:1359} INFO - Dependencies all met for <TaskInstance: tutorial.templated 2018-12-20T00:00:00+00:00 [queued]>
[2019-03-22 03:58:28,502] {models.py:1571} INFO - 
--------------------------------------------------------------------------------
Starting attempt 1 of 2
--------------------------------------------------------------------------------

[2019-03-22 03:58:28,520] {models.py:1593} INFO - Executing <Task(BashOperator): templated> on 2018-12-20T00:00:00+00:00
[2019-03-22 03:58:28,521] {base_task_runner.py:118} INFO - Running: ['bash', '-c', 'airflow run tutorial templated 2018-12-20T00:00:00+00:00 --job_id 2671 --raw -sd DAGS_FOLDER/example_dags/tutorial.py --cfg_path /tmp/tmpovlt31bp']
[2019-03-22 03:58:29,159] {base_task_runner.py:101} INFO - Job 2671: Subtask templated [2019-03-22 03:58:29,159] {__init__.py:51} INFO - Using executor SequentialExecutor
[2019-03-22 03:58:29,428] {base_task_runner.py:101} INFO - Job 2671: Subtask templated [2019-03-22 03:58:29,427] {models.py:273} INFO - Filling up the DagBag from /home/rsandroni/airflow/dags/example_dags/tutorial.py
[2019-03-22 03:58:29,493] {base_task_runner.py:101} INFO - Job 2671: Subtask templated [2019-03-22 03:58:29,492] {cli.py:520} INFO - Running <TaskInstance: tutorial.templated 2018-12-20T00:00:00+00:00 [running]> on host IADAIRP1.globalrs.rack.space
[2019-03-22 03:58:29,510] {bash_operator.py:77} INFO - Tmp dir root location: 
 /tmp
[2019-03-22 03:58:29,510] {bash_operator.py:86} INFO - Exporting the following env vars:
AIRFLOW_CTX_DAG_ID=tutorial
AIRFLOW_CTX_TASK_ID=templated
AIRFLOW_CTX_EXECUTION_DATE=2018-12-20T00:00:00+00:00
AIRFLOW_CTX_DAG_RUN_ID=scheduled__2018-12-20T00:00:00+00:00
[2019-03-22 03:58:29,511] {bash_operator.py:100} INFO - Temporary script location: /tmp/airflowtmpw86p3prf/templatedh907tc5p
[2019-03-22 03:58:29,511] {bash_operator.py:110} INFO - Running command: 

    echo "2018-12-20"
    echo "2018-12-27"
    echo "Parameter I passed in"

    echo "2018-12-20"
    echo "2018-12-27"
    echo "Parameter I passed in"

    echo "2018-12-20"
    echo "2018-12-27"
    echo "Parameter I passed in"

    echo "2018-12-20"
    echo "2018-12-27"
    echo "Parameter I passed in"

    echo "2018-12-20"
    echo "2018-12-27"
    echo "Parameter I passed in"

[2019-03-22 03:58:29,517] {bash_operator.py:119} INFO - Output:
[2019-03-22 03:58:29,518] {bash_operator.py:123} INFO - 2018-12-20
[2019-03-22 03:58:29,518] {bash_operator.py:123} INFO - 2018-12-27
[2019-03-22 03:58:29,518] {bash_operator.py:123} INFO - Parameter I passed in
[2019-03-22 03:58:29,518] {bash_operator.py:123} INFO - 2018-12-20
[2019-03-22 03:58:29,518] {bash_operator.py:123} INFO - 2018-12-27
[2019-03-22 03:58:29,519] {bash_operator.py:123} INFO - Parameter I passed in
[2019-03-22 03:58:29,519] {bash_operator.py:123} INFO - 2018-12-20
[2019-03-22 03:58:29,519] {bash_operator.py:123} INFO - 2018-12-27
[2019-03-22 03:58:29,519] {bash_operator.py:123} INFO - Parameter I passed in
[2019-03-22 03:58:29,519] {bash_operator.py:123} INFO - 2018-12-20
[2019-03-22 03:58:29,519] {bash_operator.py:123} INFO - 2018-12-27
[2019-03-22 03:58:29,519] {bash_operator.py:123} INFO - Parameter I passed in
[2019-03-22 03:58:29,519] {bash_operator.py:123} INFO - 2018-12-20
[2019-03-22 03:58:29,519] {bash_operator.py:123} INFO - 2018-12-27
[2019-03-22 03:58:29,519] {bash_operator.py:123} INFO - Parameter I passed in
[2019-03-22 03:58:29,519] {bash_operator.py:127} INFO - Command exited with return code 0
[2019-03-22 03:58:33,518] {logging_mixin.py:95} INFO - [2019-03-22 03:58:33,517] {jobs.py:2527} INFO - Task exited with return code 0
