[2019-03-19 11:58:36,200] {models.py:1359} INFO - Dependencies all met for <TaskInstance: tutorial.templated 2016-01-01T00:00:00+00:00 [queued]>
[2019-03-19 11:58:36,205] {models.py:1359} INFO - Dependencies all met for <TaskInstance: tutorial.templated 2016-01-01T00:00:00+00:00 [queued]>
[2019-03-19 11:58:36,205] {models.py:1571} INFO - 
--------------------------------------------------------------------------------
Starting attempt 1 of 2
--------------------------------------------------------------------------------

[2019-03-19 11:58:36,219] {models.py:1593} INFO - Executing <Task(BashOperator): templated> on 2016-01-01T00:00:00+00:00
[2019-03-19 11:58:36,219] {base_task_runner.py:118} INFO - Running: ['bash', '-c', 'airflow run tutorial templated 2016-01-01T00:00:00+00:00 --job_id 436 --raw -sd DAGS_FOLDER/sql_server_load.py --cfg_path /tmp/tmps_3_1pds']
[2019-03-19 11:58:36,833] {base_task_runner.py:101} INFO - Job 436: Subtask templated [2019-03-19 11:58:36,832] {__init__.py:51} INFO - Using executor SequentialExecutor
[2019-03-19 11:58:37,061] {base_task_runner.py:101} INFO - Job 436: Subtask templated [2019-03-19 11:58:37,058] {models.py:273} INFO - Filling up the DagBag from /home/rsandroni/airflow/dags/sql_server_load.py
[2019-03-19 11:58:37,078] {base_task_runner.py:101} INFO - Job 436: Subtask templated [2019-03-19 11:58:37,078] {cli.py:520} INFO - Running <TaskInstance: tutorial.templated 2016-01-01T00:00:00+00:00 [running]> on host IADAIRP1.globalrs.rack.space
[2019-03-19 11:58:37,093] {bash_operator.py:77} INFO - Tmp dir root location: 
 /tmp
[2019-03-19 11:58:37,093] {bash_operator.py:86} INFO - Exporting the following env vars:
AIRFLOW_CTX_DAG_ID=tutorial
AIRFLOW_CTX_TASK_ID=templated
AIRFLOW_CTX_EXECUTION_DATE=2016-01-01T00:00:00+00:00
AIRFLOW_CTX_DAG_RUN_ID=scheduled__2016-01-01T00:00:00+00:00
[2019-03-19 11:58:37,093] {bash_operator.py:100} INFO - Temporary script location: /tmp/airflowtmpetypk800/templatedh11pgq9u
[2019-03-19 11:58:37,093] {bash_operator.py:110} INFO - Running command: 
    
        echo "2016-01-01"
        echo "Parameter I passed in"
    
        echo "2016-01-01"
        echo "Parameter I passed in"
    
        echo "2016-01-01"
        echo "Parameter I passed in"
    
        echo "2016-01-01"
        echo "Parameter I passed in"
    
        echo "2016-01-01"
        echo "Parameter I passed in"
    
    
[2019-03-19 11:58:37,099] {bash_operator.py:119} INFO - Output:
[2019-03-19 11:58:37,100] {bash_operator.py:123} INFO - 2016-01-01
[2019-03-19 11:58:37,100] {bash_operator.py:123} INFO - Parameter I passed in
[2019-03-19 11:58:37,100] {bash_operator.py:123} INFO - 2016-01-01
[2019-03-19 11:58:37,100] {bash_operator.py:123} INFO - Parameter I passed in
[2019-03-19 11:58:37,100] {bash_operator.py:123} INFO - 2016-01-01
[2019-03-19 11:58:37,100] {bash_operator.py:123} INFO - Parameter I passed in
[2019-03-19 11:58:37,100] {bash_operator.py:123} INFO - 2016-01-01
[2019-03-19 11:58:37,100] {bash_operator.py:123} INFO - Parameter I passed in
[2019-03-19 11:58:37,100] {bash_operator.py:123} INFO - 2016-01-01
[2019-03-19 11:58:37,100] {bash_operator.py:123} INFO - Parameter I passed in
[2019-03-19 11:58:37,100] {bash_operator.py:127} INFO - Command exited with return code 0
[2019-03-19 11:58:41,203] {logging_mixin.py:95} INFO - [2019-03-19 11:58:41,202] {jobs.py:2527} INFO - Task exited with return code 0
