[2019-03-22 03:24:40,739] {models.py:1359} INFO - Dependencies all met for <TaskInstance: tutorial.print_date 2018-11-26T00:00:00+00:00 [queued]>
[2019-03-22 03:24:40,743] {models.py:1359} INFO - Dependencies all met for <TaskInstance: tutorial.print_date 2018-11-26T00:00:00+00:00 [queued]>
[2019-03-22 03:24:40,743] {models.py:1571} INFO - 
--------------------------------------------------------------------------------
Starting attempt 1 of 2
--------------------------------------------------------------------------------

[2019-03-22 03:24:40,802] {models.py:1593} INFO - Executing <Task(BashOperator): print_date> on 2018-11-26T00:00:00+00:00
[2019-03-22 03:24:40,802] {base_task_runner.py:118} INFO - Running: ['bash', '-c', 'airflow run tutorial print_date 2018-11-26T00:00:00+00:00 --job_id 2621 --raw -sd DAGS_FOLDER/tutorial.py --cfg_path /tmp/tmpa5pvcpte']
[2019-03-22 03:24:41,887] {base_task_runner.py:101} INFO - Job 2621: Subtask print_date [2019-03-22 03:24:41,882] {__init__.py:51} INFO - Using executor SequentialExecutor
[2019-03-22 03:24:42,215] {base_task_runner.py:101} INFO - Job 2621: Subtask print_date [2019-03-22 03:24:42,214] {models.py:273} INFO - Filling up the DagBag from /home/rsandroni/airflow/dags/tutorial.py
[2019-03-22 03:24:42,243] {base_task_runner.py:101} INFO - Job 2621: Subtask print_date [2019-03-22 03:24:42,242] {cli.py:520} INFO - Running <TaskInstance: tutorial.print_date 2018-11-26T00:00:00+00:00 [running]> on host IADAIRP1.globalrs.rack.space
[2019-03-22 03:24:42,278] {bash_operator.py:77} INFO - Tmp dir root location: 
 /tmp
[2019-03-22 03:24:42,279] {bash_operator.py:86} INFO - Exporting the following env vars:
AIRFLOW_CTX_DAG_ID=tutorial
AIRFLOW_CTX_TASK_ID=print_date
AIRFLOW_CTX_EXECUTION_DATE=2018-11-26T00:00:00+00:00
AIRFLOW_CTX_DAG_RUN_ID=scheduled__2018-11-26T00:00:00+00:00
[2019-03-22 03:24:42,279] {bash_operator.py:100} INFO - Temporary script location: /tmp/airflowtmpzn_rbaus/print_datej5gitliz
[2019-03-22 03:24:42,279] {bash_operator.py:110} INFO - Running command: date
[2019-03-22 03:24:42,317] {bash_operator.py:119} INFO - Output:
[2019-03-22 03:24:42,319] {bash_operator.py:123} INFO - Sex Mar 22 03:24:42 -03 2019
[2019-03-22 03:24:42,340] {bash_operator.py:127} INFO - Command exited with return code 0
[2019-03-22 03:24:45,717] {logging_mixin.py:95} INFO - [2019-03-22 03:24:45,716] {jobs.py:2527} INFO - Task exited with return code 0
