[2019-03-22 00:42:37,703] {models.py:1359} INFO - Dependencies all met for <TaskInstance: tutorial.templated 2018-07-24T00:00:00+00:00 [queued]>
[2019-03-22 00:42:37,708] {models.py:1359} INFO - Dependencies all met for <TaskInstance: tutorial.templated 2018-07-24T00:00:00+00:00 [queued]>
[2019-03-22 00:42:37,708] {models.py:1571} INFO - 
--------------------------------------------------------------------------------
Starting attempt 1 of 2
--------------------------------------------------------------------------------

[2019-03-22 00:42:37,723] {models.py:1593} INFO - Executing <Task(BashOperator): templated> on 2018-07-24T00:00:00+00:00
[2019-03-22 00:42:37,723] {base_task_runner.py:118} INFO - Running: ['bash', '-c', 'airflow run tutorial templated 2018-07-24T00:00:00+00:00 --job_id 2374 --raw -sd DAGS_FOLDER/example_dags/tutorial.py --cfg_path /tmp/tmp472tm7t5']
[2019-03-22 00:42:38,475] {base_task_runner.py:101} INFO - Job 2374: Subtask templated [2019-03-22 00:42:38,474] {__init__.py:51} INFO - Using executor SequentialExecutor
[2019-03-22 00:42:38,791] {base_task_runner.py:101} INFO - Job 2374: Subtask templated [2019-03-22 00:42:38,790] {models.py:273} INFO - Filling up the DagBag from /home/rsandroni/airflow/dags/example_dags/tutorial.py
[2019-03-22 00:42:38,860] {base_task_runner.py:101} INFO - Job 2374: Subtask templated [2019-03-22 00:42:38,860] {cli.py:520} INFO - Running <TaskInstance: tutorial.templated 2018-07-24T00:00:00+00:00 [running]> on host IADAIRP1.globalrs.rack.space
[2019-03-22 00:42:38,886] {bash_operator.py:77} INFO - Tmp dir root location: 
 /tmp
[2019-03-22 00:42:38,887] {bash_operator.py:86} INFO - Exporting the following env vars:
AIRFLOW_CTX_DAG_ID=tutorial
AIRFLOW_CTX_TASK_ID=templated
AIRFLOW_CTX_EXECUTION_DATE=2018-07-24T00:00:00+00:00
AIRFLOW_CTX_DAG_RUN_ID=scheduled__2018-07-24T00:00:00+00:00
[2019-03-22 00:42:38,888] {bash_operator.py:100} INFO - Temporary script location: /tmp/airflowtmp6swzvo00/templatedf52_6zv7
[2019-03-22 00:42:38,888] {bash_operator.py:110} INFO - Running command: 

    echo "2018-07-24"
    echo "2018-07-31"
    echo "Parameter I passed in"

    echo "2018-07-24"
    echo "2018-07-31"
    echo "Parameter I passed in"

    echo "2018-07-24"
    echo "2018-07-31"
    echo "Parameter I passed in"

    echo "2018-07-24"
    echo "2018-07-31"
    echo "Parameter I passed in"

    echo "2018-07-24"
    echo "2018-07-31"
    echo "Parameter I passed in"

[2019-03-22 00:42:38,897] {bash_operator.py:119} INFO - Output:
[2019-03-22 00:42:38,898] {bash_operator.py:123} INFO - 2018-07-24
[2019-03-22 00:42:38,898] {bash_operator.py:123} INFO - 2018-07-31
[2019-03-22 00:42:38,898] {bash_operator.py:123} INFO - Parameter I passed in
[2019-03-22 00:42:38,898] {bash_operator.py:123} INFO - 2018-07-24
[2019-03-22 00:42:38,898] {bash_operator.py:123} INFO - 2018-07-31
[2019-03-22 00:42:38,898] {bash_operator.py:123} INFO - Parameter I passed in
[2019-03-22 00:42:38,898] {bash_operator.py:123} INFO - 2018-07-24
[2019-03-22 00:42:38,899] {bash_operator.py:123} INFO - 2018-07-31
[2019-03-22 00:42:38,899] {bash_operator.py:123} INFO - Parameter I passed in
[2019-03-22 00:42:38,899] {bash_operator.py:123} INFO - 2018-07-24
[2019-03-22 00:42:38,899] {bash_operator.py:123} INFO - 2018-07-31
[2019-03-22 00:42:38,899] {bash_operator.py:123} INFO - Parameter I passed in
[2019-03-22 00:42:38,899] {bash_operator.py:123} INFO - 2018-07-24
[2019-03-22 00:42:38,899] {bash_operator.py:123} INFO - 2018-07-31
[2019-03-22 00:42:38,899] {bash_operator.py:123} INFO - Parameter I passed in
[2019-03-22 00:42:38,899] {bash_operator.py:127} INFO - Command exited with return code 0
[2019-03-22 00:42:42,720] {logging_mixin.py:95} INFO - [2019-03-22 00:42:42,719] {jobs.py:2527} INFO - Task exited with return code 0
