[2019-03-21 22:21:51,675] {models.py:1359} INFO - Dependencies all met for <TaskInstance: tutorial.print_date 2018-04-09T00:00:00+00:00 [queued]>
[2019-03-21 22:21:51,677] {models.py:1359} INFO - Dependencies all met for <TaskInstance: tutorial.print_date 2018-04-09T00:00:00+00:00 [queued]>
[2019-03-21 22:21:51,677] {models.py:1571} INFO - 
--------------------------------------------------------------------------------
Starting attempt 1 of 2
--------------------------------------------------------------------------------

[2019-03-21 22:21:51,690] {models.py:1593} INFO - Executing <Task(BashOperator): print_date> on 2018-04-09T00:00:00+00:00
[2019-03-21 22:21:51,691] {base_task_runner.py:118} INFO - Running: ['bash', '-c', 'airflow run tutorial print_date 2018-04-09T00:00:00+00:00 --job_id 2160 --raw -sd DAGS_FOLDER/tutorial.py --cfg_path /tmp/tmpym52qrmr']
[2019-03-21 22:21:52,323] {base_task_runner.py:101} INFO - Job 2160: Subtask print_date [2019-03-21 22:21:52,323] {__init__.py:51} INFO - Using executor SequentialExecutor
[2019-03-21 22:21:52,561] {base_task_runner.py:101} INFO - Job 2160: Subtask print_date [2019-03-21 22:21:52,561] {models.py:273} INFO - Filling up the DagBag from /home/rsandroni/airflow/dags/tutorial.py
[2019-03-21 22:21:52,578] {base_task_runner.py:101} INFO - Job 2160: Subtask print_date [2019-03-21 22:21:52,578] {cli.py:520} INFO - Running <TaskInstance: tutorial.print_date 2018-04-09T00:00:00+00:00 [running]> on host IADAIRP1.globalrs.rack.space
[2019-03-21 22:21:52,591] {bash_operator.py:77} INFO - Tmp dir root location: 
 /tmp
[2019-03-21 22:21:52,591] {bash_operator.py:86} INFO - Exporting the following env vars:
AIRFLOW_CTX_DAG_ID=tutorial
AIRFLOW_CTX_TASK_ID=print_date
AIRFLOW_CTX_EXECUTION_DATE=2018-04-09T00:00:00+00:00
AIRFLOW_CTX_DAG_RUN_ID=scheduled__2018-04-09T00:00:00+00:00
[2019-03-21 22:21:52,592] {bash_operator.py:100} INFO - Temporary script location: /tmp/airflowtmp7tfe4eu2/print_datevu9w4ir8
[2019-03-21 22:21:52,592] {bash_operator.py:110} INFO - Running command: date
[2019-03-21 22:21:52,597] {bash_operator.py:119} INFO - Output:
[2019-03-21 22:21:52,599] {bash_operator.py:123} INFO - Qui Mar 21 22:21:52 -03 2019
[2019-03-21 22:21:52,599] {bash_operator.py:127} INFO - Command exited with return code 0
[2019-03-21 22:21:56,676] {logging_mixin.py:95} INFO - [2019-03-21 22:21:56,675] {jobs.py:2527} INFO - Task exited with return code 0
