[2019-03-22 05:07:08,959] {models.py:1359} INFO - Dependencies all met for <TaskInstance: tutorial.templated 2019-02-09T00:00:00+00:00 [queued]>
[2019-03-22 05:07:08,964] {models.py:1359} INFO - Dependencies all met for <TaskInstance: tutorial.templated 2019-02-09T00:00:00+00:00 [queued]>
[2019-03-22 05:07:08,965] {models.py:1571} INFO - 
--------------------------------------------------------------------------------
Starting attempt 1 of 2
--------------------------------------------------------------------------------

[2019-03-22 05:07:08,982] {models.py:1593} INFO - Executing <Task(BashOperator): templated> on 2019-02-09T00:00:00+00:00
[2019-03-22 05:07:08,982] {base_task_runner.py:118} INFO - Running: ['bash', '-c', 'airflow run tutorial templated 2019-02-09T00:00:00+00:00 --job_id 2774 --raw -sd DAGS_FOLDER/example_dags/tutorial.py --cfg_path /tmp/tmpega2qv1n']
[2019-03-22 05:07:09,628] {base_task_runner.py:101} INFO - Job 2774: Subtask templated [2019-03-22 05:07:09,627] {__init__.py:51} INFO - Using executor SequentialExecutor
[2019-03-22 05:07:09,895] {base_task_runner.py:101} INFO - Job 2774: Subtask templated [2019-03-22 05:07:09,893] {models.py:273} INFO - Filling up the DagBag from /home/rsandroni/airflow/dags/example_dags/tutorial.py
[2019-03-22 05:07:09,962] {base_task_runner.py:101} INFO - Job 2774: Subtask templated [2019-03-22 05:07:09,959] {cli.py:520} INFO - Running <TaskInstance: tutorial.templated 2019-02-09T00:00:00+00:00 [running]> on host IADAIRP1.globalrs.rack.space
[2019-03-22 05:07:09,986] {bash_operator.py:77} INFO - Tmp dir root location: 
 /tmp
[2019-03-22 05:07:09,987] {bash_operator.py:86} INFO - Exporting the following env vars:
AIRFLOW_CTX_DAG_ID=tutorial
AIRFLOW_CTX_TASK_ID=templated
AIRFLOW_CTX_EXECUTION_DATE=2019-02-09T00:00:00+00:00
AIRFLOW_CTX_DAG_RUN_ID=scheduled__2019-02-09T00:00:00+00:00
[2019-03-22 05:07:09,988] {bash_operator.py:100} INFO - Temporary script location: /tmp/airflowtmp7uen9iqs/templatedbn839hlr
[2019-03-22 05:07:09,988] {bash_operator.py:110} INFO - Running command: 

    echo "2019-02-09"
    echo "2019-02-16"
    echo "Parameter I passed in"

    echo "2019-02-09"
    echo "2019-02-16"
    echo "Parameter I passed in"

    echo "2019-02-09"
    echo "2019-02-16"
    echo "Parameter I passed in"

    echo "2019-02-09"
    echo "2019-02-16"
    echo "Parameter I passed in"

    echo "2019-02-09"
    echo "2019-02-16"
    echo "Parameter I passed in"

[2019-03-22 05:07:09,993] {bash_operator.py:119} INFO - Output:
[2019-03-22 05:07:09,994] {bash_operator.py:123} INFO - 2019-02-09
[2019-03-22 05:07:09,995] {bash_operator.py:123} INFO - 2019-02-16
[2019-03-22 05:07:09,995] {bash_operator.py:123} INFO - Parameter I passed in
[2019-03-22 05:07:09,995] {bash_operator.py:123} INFO - 2019-02-09
[2019-03-22 05:07:09,995] {bash_operator.py:123} INFO - 2019-02-16
[2019-03-22 05:07:09,995] {bash_operator.py:123} INFO - Parameter I passed in
[2019-03-22 05:07:09,995] {bash_operator.py:123} INFO - 2019-02-09
[2019-03-22 05:07:09,995] {bash_operator.py:123} INFO - 2019-02-16
[2019-03-22 05:07:09,995] {bash_operator.py:123} INFO - Parameter I passed in
[2019-03-22 05:07:09,995] {bash_operator.py:123} INFO - 2019-02-09
[2019-03-22 05:07:09,995] {bash_operator.py:123} INFO - 2019-02-16
[2019-03-22 05:07:09,995] {bash_operator.py:123} INFO - Parameter I passed in
[2019-03-22 05:07:09,995] {bash_operator.py:123} INFO - 2019-02-09
[2019-03-22 05:07:09,995] {bash_operator.py:123} INFO - 2019-02-16
[2019-03-22 05:07:09,995] {bash_operator.py:123} INFO - Parameter I passed in
[2019-03-22 05:07:09,995] {bash_operator.py:127} INFO - Command exited with return code 0
[2019-03-22 05:07:14,034] {logging_mixin.py:95} INFO - [2019-03-22 05:07:14,033] {jobs.py:2527} INFO - Task exited with return code 0
