[2019-03-21 17:15:10,305] {models.py:1359} INFO - Dependencies all met for <TaskInstance: tutorial.print_date 2017-06-22T00:00:00+00:00 [queued]>
[2019-03-21 17:15:10,307] {models.py:1359} INFO - Dependencies all met for <TaskInstance: tutorial.print_date 2017-06-22T00:00:00+00:00 [queued]>
[2019-03-21 17:15:10,308] {models.py:1571} INFO - 
--------------------------------------------------------------------------------
Starting attempt 1 of 2
--------------------------------------------------------------------------------

[2019-03-21 17:15:10,322] {models.py:1593} INFO - Executing <Task(BashOperator): print_date> on 2017-06-22T00:00:00+00:00
[2019-03-21 17:15:10,322] {base_task_runner.py:118} INFO - Running: ['bash', '-c', 'airflow run tutorial print_date 2017-06-22T00:00:00+00:00 --job_id 1529 --raw -sd DAGS_FOLDER/tutorial.py --cfg_path /tmp/tmpehm5brrq']
[2019-03-21 17:15:10,958] {base_task_runner.py:101} INFO - Job 1529: Subtask print_date [2019-03-21 17:15:10,957] {__init__.py:51} INFO - Using executor SequentialExecutor
[2019-03-21 17:15:11,233] {base_task_runner.py:101} INFO - Job 1529: Subtask print_date [2019-03-21 17:15:11,231] {models.py:273} INFO - Filling up the DagBag from /home/rsandroni/airflow/dags/tutorial.py
[2019-03-21 17:15:11,247] {base_task_runner.py:101} INFO - Job 1529: Subtask print_date [2019-03-21 17:15:11,246] {cli.py:520} INFO - Running <TaskInstance: tutorial.print_date 2017-06-22T00:00:00+00:00 [running]> on host IADAIRP1.globalrs.rack.space
[2019-03-21 17:15:11,260] {bash_operator.py:77} INFO - Tmp dir root location: 
 /tmp
[2019-03-21 17:15:11,260] {bash_operator.py:86} INFO - Exporting the following env vars:
AIRFLOW_CTX_DAG_ID=tutorial
AIRFLOW_CTX_TASK_ID=print_date
AIRFLOW_CTX_EXECUTION_DATE=2017-06-22T00:00:00+00:00
AIRFLOW_CTX_DAG_RUN_ID=scheduled__2017-06-22T00:00:00+00:00
[2019-03-21 17:15:11,261] {bash_operator.py:100} INFO - Temporary script location: /tmp/airflowtmp8792owxa/print_datepwzdbqmk
[2019-03-21 17:15:11,261] {bash_operator.py:110} INFO - Running command: date
[2019-03-21 17:15:11,266] {bash_operator.py:119} INFO - Output:
[2019-03-21 17:15:11,268] {bash_operator.py:123} INFO - Qui Mar 21 17:15:11 -03 2019
[2019-03-21 17:15:11,268] {bash_operator.py:127} INFO - Command exited with return code 0
[2019-03-21 17:15:15,309] {logging_mixin.py:95} INFO - [2019-03-21 17:15:15,308] {jobs.py:2527} INFO - Task exited with return code 0
