[2019-03-22 00:29:31,495] {models.py:1359} INFO - Dependencies all met for <TaskInstance: tutorial.templated 2018-07-15T00:00:00+00:00 [queued]>
[2019-03-22 00:29:31,500] {models.py:1359} INFO - Dependencies all met for <TaskInstance: tutorial.templated 2018-07-15T00:00:00+00:00 [queued]>
[2019-03-22 00:29:31,500] {models.py:1571} INFO - 
--------------------------------------------------------------------------------
Starting attempt 1 of 2
--------------------------------------------------------------------------------

[2019-03-22 00:29:31,530] {models.py:1593} INFO - Executing <Task(BashOperator): templated> on 2018-07-15T00:00:00+00:00
[2019-03-22 00:29:31,530] {base_task_runner.py:118} INFO - Running: ['bash', '-c', 'airflow run tutorial templated 2018-07-15T00:00:00+00:00 --job_id 2355 --raw -sd DAGS_FOLDER/example_dags/tutorial.py --cfg_path /tmp/tmpfh9nn8jq']
[2019-03-22 00:29:32,335] {base_task_runner.py:101} INFO - Job 2355: Subtask templated [2019-03-22 00:29:32,335] {__init__.py:51} INFO - Using executor SequentialExecutor
[2019-03-22 00:29:32,670] {base_task_runner.py:101} INFO - Job 2355: Subtask templated [2019-03-22 00:29:32,669] {models.py:273} INFO - Filling up the DagBag from /home/rsandroni/airflow/dags/example_dags/tutorial.py
[2019-03-22 00:29:32,767] {base_task_runner.py:101} INFO - Job 2355: Subtask templated [2019-03-22 00:29:32,763] {cli.py:520} INFO - Running <TaskInstance: tutorial.templated 2018-07-15T00:00:00+00:00 [running]> on host IADAIRP1.globalrs.rack.space
[2019-03-22 00:29:32,794] {bash_operator.py:77} INFO - Tmp dir root location: 
 /tmp
[2019-03-22 00:29:32,794] {bash_operator.py:86} INFO - Exporting the following env vars:
AIRFLOW_CTX_DAG_ID=tutorial
AIRFLOW_CTX_TASK_ID=templated
AIRFLOW_CTX_EXECUTION_DATE=2018-07-15T00:00:00+00:00
AIRFLOW_CTX_DAG_RUN_ID=scheduled__2018-07-15T00:00:00+00:00
[2019-03-22 00:29:32,795] {bash_operator.py:100} INFO - Temporary script location: /tmp/airflowtmp1g0m6fvj/templatedr8n9nniv
[2019-03-22 00:29:32,795] {bash_operator.py:110} INFO - Running command: 

    echo "2018-07-15"
    echo "2018-07-22"
    echo "Parameter I passed in"

    echo "2018-07-15"
    echo "2018-07-22"
    echo "Parameter I passed in"

    echo "2018-07-15"
    echo "2018-07-22"
    echo "Parameter I passed in"

    echo "2018-07-15"
    echo "2018-07-22"
    echo "Parameter I passed in"

    echo "2018-07-15"
    echo "2018-07-22"
    echo "Parameter I passed in"

[2019-03-22 00:29:32,813] {bash_operator.py:119} INFO - Output:
[2019-03-22 00:29:32,816] {bash_operator.py:123} INFO - 2018-07-15
[2019-03-22 00:29:32,817] {bash_operator.py:123} INFO - 2018-07-22
[2019-03-22 00:29:32,817] {bash_operator.py:123} INFO - Parameter I passed in
[2019-03-22 00:29:32,817] {bash_operator.py:123} INFO - 2018-07-15
[2019-03-22 00:29:32,817] {bash_operator.py:123} INFO - 2018-07-22
[2019-03-22 00:29:32,817] {bash_operator.py:123} INFO - Parameter I passed in
[2019-03-22 00:29:32,817] {bash_operator.py:123} INFO - 2018-07-15
[2019-03-22 00:29:32,817] {bash_operator.py:123} INFO - 2018-07-22
[2019-03-22 00:29:32,817] {bash_operator.py:123} INFO - Parameter I passed in
[2019-03-22 00:29:32,817] {bash_operator.py:123} INFO - 2018-07-15
[2019-03-22 00:29:32,817] {bash_operator.py:123} INFO - 2018-07-22
[2019-03-22 00:29:32,817] {bash_operator.py:123} INFO - Parameter I passed in
[2019-03-22 00:29:32,817] {bash_operator.py:123} INFO - 2018-07-15
[2019-03-22 00:29:32,817] {bash_operator.py:123} INFO - 2018-07-22
[2019-03-22 00:29:32,817] {bash_operator.py:123} INFO - Parameter I passed in
[2019-03-22 00:29:32,817] {bash_operator.py:127} INFO - Command exited with return code 0
[2019-03-22 00:29:36,450] {logging_mixin.py:95} INFO - [2019-03-22 00:29:36,449] {jobs.py:2527} INFO - Task exited with return code 0
