[2019-03-19 11:13:27,324] {models.py:1359} INFO - Dependencies all met for <TaskInstance: tutorial.print_date 2015-09-21T00:00:00+00:00 [queued]>
[2019-03-19 11:13:27,326] {models.py:1359} INFO - Dependencies all met for <TaskInstance: tutorial.print_date 2015-09-21T00:00:00+00:00 [queued]>
[2019-03-19 11:13:27,326] {models.py:1571} INFO - 
--------------------------------------------------------------------------------
Starting attempt 1 of 2
--------------------------------------------------------------------------------

[2019-03-19 11:13:27,345] {models.py:1593} INFO - Executing <Task(BashOperator): print_date> on 2015-09-21T00:00:00+00:00
[2019-03-19 11:13:27,345] {base_task_runner.py:118} INFO - Running: ['bash', '-c', 'airflow run tutorial print_date 2015-09-21T00:00:00+00:00 --job_id 229 --raw -sd DAGS_FOLDER/tutorial.py --cfg_path /tmp/tmp0t4rodb9']
[2019-03-19 11:13:27,971] {base_task_runner.py:101} INFO - Job 229: Subtask print_date [2019-03-19 11:13:27,970] {__init__.py:51} INFO - Using executor SequentialExecutor
[2019-03-19 11:13:28,203] {base_task_runner.py:101} INFO - Job 229: Subtask print_date [2019-03-19 11:13:28,202] {models.py:273} INFO - Filling up the DagBag from /home/rsandroni/airflow/dags/tutorial.py
[2019-03-19 11:13:28,218] {base_task_runner.py:101} INFO - Job 229: Subtask print_date [2019-03-19 11:13:28,217] {cli.py:520} INFO - Running <TaskInstance: tutorial.print_date 2015-09-21T00:00:00+00:00 [running]> on host IADAIRP1.globalrs.rack.space
[2019-03-19 11:13:28,231] {bash_operator.py:77} INFO - Tmp dir root location: 
 /tmp
[2019-03-19 11:13:28,231] {bash_operator.py:86} INFO - Exporting the following env vars:
AIRFLOW_CTX_DAG_ID=tutorial
AIRFLOW_CTX_TASK_ID=print_date
AIRFLOW_CTX_EXECUTION_DATE=2015-09-21T00:00:00+00:00
AIRFLOW_CTX_DAG_RUN_ID=scheduled__2015-09-21T00:00:00+00:00
[2019-03-19 11:13:28,232] {bash_operator.py:100} INFO - Temporary script location: /tmp/airflowtmp0ru5c7e3/print_date0t8eb59g
[2019-03-19 11:13:28,232] {bash_operator.py:110} INFO - Running command: date
[2019-03-19 11:13:28,237] {bash_operator.py:119} INFO - Output:
[2019-03-19 11:13:28,239] {bash_operator.py:123} INFO - Ter Mar 19 11:13:28 -03 2019
[2019-03-19 11:13:28,239] {bash_operator.py:127} INFO - Command exited with return code 0
[2019-03-19 11:13:32,324] {logging_mixin.py:95} INFO - [2019-03-19 11:13:32,324] {jobs.py:2527} INFO - Task exited with return code 0
