[2019-03-19 11:15:30,212] {models.py:1359} INFO - Dependencies all met for <TaskInstance: tutorial.print_date 2015-09-24T00:00:00+00:00 [queued]>
[2019-03-19 11:15:30,213] {models.py:1359} INFO - Dependencies all met for <TaskInstance: tutorial.print_date 2015-09-24T00:00:00+00:00 [queued]>
[2019-03-19 11:15:30,213] {models.py:1571} INFO - 
--------------------------------------------------------------------------------
Starting attempt 1 of 2
--------------------------------------------------------------------------------

[2019-03-19 11:15:30,230] {models.py:1593} INFO - Executing <Task(BashOperator): print_date> on 2015-09-24T00:00:00+00:00
[2019-03-19 11:15:30,230] {base_task_runner.py:118} INFO - Running: ['bash', '-c', 'airflow run tutorial print_date 2015-09-24T00:00:00+00:00 --job_id 236 --raw -sd DAGS_FOLDER/tutorial.py --cfg_path /tmp/tmp6y6zkwqc']
[2019-03-19 11:15:30,835] {base_task_runner.py:101} INFO - Job 236: Subtask print_date [2019-03-19 11:15:30,834] {__init__.py:51} INFO - Using executor SequentialExecutor
[2019-03-19 11:15:31,060] {base_task_runner.py:101} INFO - Job 236: Subtask print_date [2019-03-19 11:15:31,059] {models.py:273} INFO - Filling up the DagBag from /home/rsandroni/airflow/dags/tutorial.py
[2019-03-19 11:15:31,075] {base_task_runner.py:101} INFO - Job 236: Subtask print_date [2019-03-19 11:15:31,074] {cli.py:520} INFO - Running <TaskInstance: tutorial.print_date 2015-09-24T00:00:00+00:00 [running]> on host IADAIRP1.globalrs.rack.space
[2019-03-19 11:15:31,088] {bash_operator.py:77} INFO - Tmp dir root location: 
 /tmp
[2019-03-19 11:15:31,088] {bash_operator.py:86} INFO - Exporting the following env vars:
AIRFLOW_CTX_DAG_ID=tutorial
AIRFLOW_CTX_TASK_ID=print_date
AIRFLOW_CTX_EXECUTION_DATE=2015-09-24T00:00:00+00:00
AIRFLOW_CTX_DAG_RUN_ID=scheduled__2015-09-24T00:00:00+00:00
[2019-03-19 11:15:31,089] {bash_operator.py:100} INFO - Temporary script location: /tmp/airflowtmpegzql_8q/print_datez4yt8pcv
[2019-03-19 11:15:31,089] {bash_operator.py:110} INFO - Running command: date
[2019-03-19 11:15:31,094] {bash_operator.py:119} INFO - Output:
[2019-03-19 11:15:31,096] {bash_operator.py:123} INFO - Ter Mar 19 11:15:31 -03 2019
[2019-03-19 11:15:31,096] {bash_operator.py:127} INFO - Command exited with return code 0
[2019-03-19 11:15:35,216] {logging_mixin.py:95} INFO - [2019-03-19 11:15:35,215] {jobs.py:2527} INFO - Task exited with return code 0
