[2019-03-21 23:36:40,858] {models.py:1359} INFO - Dependencies all met for <TaskInstance: tutorial.templated 2018-06-05T00:00:00+00:00 [queued]>
[2019-03-21 23:36:40,863] {models.py:1359} INFO - Dependencies all met for <TaskInstance: tutorial.templated 2018-06-05T00:00:00+00:00 [queued]>
[2019-03-21 23:36:40,863] {models.py:1571} INFO - 
--------------------------------------------------------------------------------
Starting attempt 1 of 2
--------------------------------------------------------------------------------

[2019-03-21 23:36:40,878] {models.py:1593} INFO - Executing <Task(BashOperator): templated> on 2018-06-05T00:00:00+00:00
[2019-03-21 23:36:40,878] {base_task_runner.py:118} INFO - Running: ['bash', '-c', 'airflow run tutorial templated 2018-06-05T00:00:00+00:00 --job_id 2275 --raw -sd DAGS_FOLDER/example_dags/tutorial.py --cfg_path /tmp/tmp86ui8npd']
[2019-03-21 23:36:41,514] {base_task_runner.py:101} INFO - Job 2275: Subtask templated [2019-03-21 23:36:41,513] {__init__.py:51} INFO - Using executor SequentialExecutor
[2019-03-21 23:36:41,744] {base_task_runner.py:101} INFO - Job 2275: Subtask templated [2019-03-21 23:36:41,743] {models.py:273} INFO - Filling up the DagBag from /home/rsandroni/airflow/dags/example_dags/tutorial.py
[2019-03-21 23:36:41,808] {base_task_runner.py:101} INFO - Job 2275: Subtask templated [2019-03-21 23:36:41,807] {cli.py:520} INFO - Running <TaskInstance: tutorial.templated 2018-06-05T00:00:00+00:00 [running]> on host IADAIRP1.globalrs.rack.space
[2019-03-21 23:36:41,824] {bash_operator.py:77} INFO - Tmp dir root location: 
 /tmp
[2019-03-21 23:36:41,824] {bash_operator.py:86} INFO - Exporting the following env vars:
AIRFLOW_CTX_DAG_ID=tutorial
AIRFLOW_CTX_TASK_ID=templated
AIRFLOW_CTX_EXECUTION_DATE=2018-06-05T00:00:00+00:00
AIRFLOW_CTX_DAG_RUN_ID=scheduled__2018-06-05T00:00:00+00:00
[2019-03-21 23:36:41,825] {bash_operator.py:100} INFO - Temporary script location: /tmp/airflowtmpattg6d97/templateduiyo30yl
[2019-03-21 23:36:41,825] {bash_operator.py:110} INFO - Running command: 

    echo "2018-06-05"
    echo "2018-06-12"
    echo "Parameter I passed in"

    echo "2018-06-05"
    echo "2018-06-12"
    echo "Parameter I passed in"

    echo "2018-06-05"
    echo "2018-06-12"
    echo "Parameter I passed in"

    echo "2018-06-05"
    echo "2018-06-12"
    echo "Parameter I passed in"

    echo "2018-06-05"
    echo "2018-06-12"
    echo "Parameter I passed in"

[2019-03-21 23:36:41,830] {bash_operator.py:119} INFO - Output:
[2019-03-21 23:36:41,831] {bash_operator.py:123} INFO - 2018-06-05
[2019-03-21 23:36:41,831] {bash_operator.py:123} INFO - 2018-06-12
[2019-03-21 23:36:41,832] {bash_operator.py:123} INFO - Parameter I passed in
[2019-03-21 23:36:41,832] {bash_operator.py:123} INFO - 2018-06-05
[2019-03-21 23:36:41,832] {bash_operator.py:123} INFO - 2018-06-12
[2019-03-21 23:36:41,832] {bash_operator.py:123} INFO - Parameter I passed in
[2019-03-21 23:36:41,832] {bash_operator.py:123} INFO - 2018-06-05
[2019-03-21 23:36:41,832] {bash_operator.py:123} INFO - 2018-06-12
[2019-03-21 23:36:41,832] {bash_operator.py:123} INFO - Parameter I passed in
[2019-03-21 23:36:41,832] {bash_operator.py:123} INFO - 2018-06-05
[2019-03-21 23:36:41,832] {bash_operator.py:123} INFO - 2018-06-12
[2019-03-21 23:36:41,832] {bash_operator.py:123} INFO - Parameter I passed in
[2019-03-21 23:36:41,832] {bash_operator.py:123} INFO - 2018-06-05
[2019-03-21 23:36:41,832] {bash_operator.py:123} INFO - 2018-06-12
[2019-03-21 23:36:41,832] {bash_operator.py:123} INFO - Parameter I passed in
[2019-03-21 23:36:41,832] {bash_operator.py:127} INFO - Command exited with return code 0
[2019-03-21 23:36:45,861] {logging_mixin.py:95} INFO - [2019-03-21 23:36:45,860] {jobs.py:2527} INFO - Task exited with return code 0
