[2019-03-21 21:35:13,655] {models.py:1359} INFO - Dependencies all met for <TaskInstance: tutorial.print_date 2018-03-05T00:00:00+00:00 [queued]>
[2019-03-21 21:35:13,658] {models.py:1359} INFO - Dependencies all met for <TaskInstance: tutorial.print_date 2018-03-05T00:00:00+00:00 [queued]>
[2019-03-21 21:35:13,658] {models.py:1571} INFO - 
--------------------------------------------------------------------------------
Starting attempt 1 of 2
--------------------------------------------------------------------------------

[2019-03-21 21:35:13,674] {models.py:1593} INFO - Executing <Task(BashOperator): print_date> on 2018-03-05T00:00:00+00:00
[2019-03-21 21:35:13,674] {base_task_runner.py:118} INFO - Running: ['bash', '-c', 'airflow run tutorial print_date 2018-03-05T00:00:00+00:00 --job_id 2089 --raw -sd DAGS_FOLDER/tutorial.py --cfg_path /tmp/tmpfltw3v0z']
[2019-03-21 21:35:14,310] {base_task_runner.py:101} INFO - Job 2089: Subtask print_date [2019-03-21 21:35:14,309] {__init__.py:51} INFO - Using executor SequentialExecutor
[2019-03-21 21:35:14,539] {base_task_runner.py:101} INFO - Job 2089: Subtask print_date [2019-03-21 21:35:14,538] {models.py:273} INFO - Filling up the DagBag from /home/rsandroni/airflow/dags/tutorial.py
[2019-03-21 21:35:14,554] {base_task_runner.py:101} INFO - Job 2089: Subtask print_date [2019-03-21 21:35:14,554] {cli.py:520} INFO - Running <TaskInstance: tutorial.print_date 2018-03-05T00:00:00+00:00 [running]> on host IADAIRP1.globalrs.rack.space
[2019-03-21 21:35:14,567] {bash_operator.py:77} INFO - Tmp dir root location: 
 /tmp
[2019-03-21 21:35:14,567] {bash_operator.py:86} INFO - Exporting the following env vars:
AIRFLOW_CTX_DAG_ID=tutorial
AIRFLOW_CTX_TASK_ID=print_date
AIRFLOW_CTX_EXECUTION_DATE=2018-03-05T00:00:00+00:00
AIRFLOW_CTX_DAG_RUN_ID=scheduled__2018-03-05T00:00:00+00:00
[2019-03-21 21:35:14,568] {bash_operator.py:100} INFO - Temporary script location: /tmp/airflowtmpq9emrnvx/print_dateoy8w_s7g
[2019-03-21 21:35:14,568] {bash_operator.py:110} INFO - Running command: date
[2019-03-21 21:35:14,573] {bash_operator.py:119} INFO - Output:
[2019-03-21 21:35:14,575] {bash_operator.py:123} INFO - Qui Mar 21 21:35:14 -03 2019
[2019-03-21 21:35:14,575] {bash_operator.py:127} INFO - Command exited with return code 0
[2019-03-21 21:35:18,659] {logging_mixin.py:95} INFO - [2019-03-21 21:35:18,658] {jobs.py:2527} INFO - Task exited with return code 0
