[2019-03-22 04:43:52,093] {models.py:1359} INFO - Dependencies all met for <TaskInstance: tutorial.print_date 2019-01-24T00:00:00+00:00 [queued]>
[2019-03-22 04:43:52,097] {models.py:1359} INFO - Dependencies all met for <TaskInstance: tutorial.print_date 2019-01-24T00:00:00+00:00 [queued]>
[2019-03-22 04:43:52,098] {models.py:1571} INFO - 
--------------------------------------------------------------------------------
Starting attempt 1 of 2
--------------------------------------------------------------------------------

[2019-03-22 04:43:52,162] {models.py:1593} INFO - Executing <Task(BashOperator): print_date> on 2019-01-24T00:00:00+00:00
[2019-03-22 04:43:52,162] {base_task_runner.py:118} INFO - Running: ['bash', '-c', 'airflow run tutorial print_date 2019-01-24T00:00:00+00:00 --job_id 2740 --raw -sd DAGS_FOLDER/tutorial.py --cfg_path /tmp/tmpk6o_pl2p']
[2019-03-22 04:43:53,349] {base_task_runner.py:101} INFO - Job 2740: Subtask print_date [2019-03-22 04:43:53,348] {__init__.py:51} INFO - Using executor SequentialExecutor
[2019-03-22 04:43:53,771] {base_task_runner.py:101} INFO - Job 2740: Subtask print_date [2019-03-22 04:43:53,765] {models.py:273} INFO - Filling up the DagBag from /home/rsandroni/airflow/dags/tutorial.py
[2019-03-22 04:43:53,816] {base_task_runner.py:101} INFO - Job 2740: Subtask print_date [2019-03-22 04:43:53,812] {cli.py:520} INFO - Running <TaskInstance: tutorial.print_date 2019-01-24T00:00:00+00:00 [running]> on host IADAIRP1.globalrs.rack.space
[2019-03-22 04:43:53,856] {bash_operator.py:77} INFO - Tmp dir root location: 
 /tmp
[2019-03-22 04:43:53,856] {bash_operator.py:86} INFO - Exporting the following env vars:
AIRFLOW_CTX_DAG_ID=tutorial
AIRFLOW_CTX_TASK_ID=print_date
AIRFLOW_CTX_EXECUTION_DATE=2019-01-24T00:00:00+00:00
AIRFLOW_CTX_DAG_RUN_ID=scheduled__2019-01-24T00:00:00+00:00
[2019-03-22 04:43:53,856] {bash_operator.py:100} INFO - Temporary script location: /tmp/airflowtmpq163cgdu/print_dateuqoe6ran
[2019-03-22 04:43:53,856] {bash_operator.py:110} INFO - Running command: date
[2019-03-22 04:43:53,900] {bash_operator.py:119} INFO - Output:
[2019-03-22 04:43:53,923] {bash_operator.py:123} INFO - Sex Mar 22 04:43:53 -03 2019
[2019-03-22 04:43:53,924] {bash_operator.py:127} INFO - Command exited with return code 0
[2019-03-22 04:43:57,101] {logging_mixin.py:95} INFO - [2019-03-22 04:43:57,100] {jobs.py:2527} INFO - Task exited with return code 0
