[2019-03-19 11:28:36,327] {models.py:1359} INFO - Dependencies all met for <TaskInstance: tutorial.print_date 2015-10-25T00:00:00+00:00 [queued]>
[2019-03-19 11:28:36,329] {models.py:1359} INFO - Dependencies all met for <TaskInstance: tutorial.print_date 2015-10-25T00:00:00+00:00 [queued]>
[2019-03-19 11:28:36,329] {models.py:1571} INFO - 
--------------------------------------------------------------------------------
Starting attempt 1 of 2
--------------------------------------------------------------------------------

[2019-03-19 11:28:36,349] {models.py:1593} INFO - Executing <Task(BashOperator): print_date> on 2015-10-25T00:00:00+00:00
[2019-03-19 11:28:36,349] {base_task_runner.py:118} INFO - Running: ['bash', '-c', 'airflow run tutorial print_date 2015-10-25T00:00:00+00:00 --job_id 296 --raw -sd DAGS_FOLDER/sql_server_load.py --cfg_path /tmp/tmpbmhjj2bc']
[2019-03-19 11:28:36,945] {base_task_runner.py:101} INFO - Job 296: Subtask print_date [2019-03-19 11:28:36,944] {__init__.py:51} INFO - Using executor SequentialExecutor
[2019-03-19 11:28:37,171] {base_task_runner.py:101} INFO - Job 296: Subtask print_date [2019-03-19 11:28:37,170] {models.py:273} INFO - Filling up the DagBag from /home/rsandroni/airflow/dags/sql_server_load.py
[2019-03-19 11:28:37,188] {base_task_runner.py:101} INFO - Job 296: Subtask print_date [2019-03-19 11:28:37,188] {cli.py:520} INFO - Running <TaskInstance: tutorial.print_date 2015-10-25T00:00:00+00:00 [running]> on host IADAIRP1.globalrs.rack.space
[2019-03-19 11:28:37,205] {bash_operator.py:77} INFO - Tmp dir root location: 
 /tmp
[2019-03-19 11:28:37,205] {bash_operator.py:86} INFO - Exporting the following env vars:
AIRFLOW_CTX_DAG_ID=tutorial
AIRFLOW_CTX_TASK_ID=print_date
AIRFLOW_CTX_EXECUTION_DATE=2015-10-25T00:00:00+00:00
AIRFLOW_CTX_DAG_RUN_ID=scheduled__2015-10-25T00:00:00+00:00
[2019-03-19 11:28:37,206] {bash_operator.py:100} INFO - Temporary script location: /tmp/airflowtmpn0by8r8c/print_dateek1u5u75
[2019-03-19 11:28:37,206] {bash_operator.py:110} INFO - Running command: date
[2019-03-19 11:28:37,211] {bash_operator.py:119} INFO - Output:
[2019-03-19 11:28:37,213] {bash_operator.py:123} INFO - Ter Mar 19 11:28:37 -03 2019
[2019-03-19 11:28:37,213] {bash_operator.py:127} INFO - Command exited with return code 0
[2019-03-19 11:28:41,332] {logging_mixin.py:95} INFO - [2019-03-19 11:28:41,331] {jobs.py:2527} INFO - Task exited with return code 0
