[2019-03-22 05:36:29,744] {models.py:1359} INFO - Dependencies all met for <TaskInstance: tutorial.templated 2019-03-03T00:00:00+00:00 [queued]>
[2019-03-22 05:36:29,751] {models.py:1359} INFO - Dependencies all met for <TaskInstance: tutorial.templated 2019-03-03T00:00:00+00:00 [queued]>
[2019-03-22 05:36:29,751] {models.py:1571} INFO - 
--------------------------------------------------------------------------------
Starting attempt 1 of 2
--------------------------------------------------------------------------------

[2019-03-22 05:36:29,787] {models.py:1593} INFO - Executing <Task(BashOperator): templated> on 2019-03-03T00:00:00+00:00
[2019-03-22 05:36:29,787] {base_task_runner.py:118} INFO - Running: ['bash', '-c', 'airflow run tutorial templated 2019-03-03T00:00:00+00:00 --job_id 2818 --raw -sd DAGS_FOLDER/example_dags/tutorial.py --cfg_path /tmp/tmphxtlrofm']
[2019-03-22 05:36:30,705] {base_task_runner.py:101} INFO - Job 2818: Subtask templated [2019-03-22 05:36:30,703] {__init__.py:51} INFO - Using executor SequentialExecutor
[2019-03-22 05:36:31,065] {base_task_runner.py:101} INFO - Job 2818: Subtask templated [2019-03-22 05:36:31,059] {models.py:273} INFO - Filling up the DagBag from /home/rsandroni/airflow/dags/example_dags/tutorial.py
[2019-03-22 05:36:31,199] {base_task_runner.py:101} INFO - Job 2818: Subtask templated [2019-03-22 05:36:31,197] {cli.py:520} INFO - Running <TaskInstance: tutorial.templated 2019-03-03T00:00:00+00:00 [running]> on host IADAIRP1.globalrs.rack.space
[2019-03-22 05:36:31,230] {bash_operator.py:77} INFO - Tmp dir root location: 
 /tmp
[2019-03-22 05:36:31,231] {bash_operator.py:86} INFO - Exporting the following env vars:
AIRFLOW_CTX_DAG_ID=tutorial
AIRFLOW_CTX_TASK_ID=templated
AIRFLOW_CTX_EXECUTION_DATE=2019-03-03T00:00:00+00:00
AIRFLOW_CTX_DAG_RUN_ID=scheduled__2019-03-03T00:00:00+00:00
[2019-03-22 05:36:31,231] {bash_operator.py:100} INFO - Temporary script location: /tmp/airflowtmpnoexj5bn/templated6h09e5hn
[2019-03-22 05:36:31,231] {bash_operator.py:110} INFO - Running command: 

    echo "2019-03-03"
    echo "2019-03-10"
    echo "Parameter I passed in"

    echo "2019-03-03"
    echo "2019-03-10"
    echo "Parameter I passed in"

    echo "2019-03-03"
    echo "2019-03-10"
    echo "Parameter I passed in"

    echo "2019-03-03"
    echo "2019-03-10"
    echo "Parameter I passed in"

    echo "2019-03-03"
    echo "2019-03-10"
    echo "Parameter I passed in"

[2019-03-22 05:36:31,264] {bash_operator.py:119} INFO - Output:
[2019-03-22 05:36:31,269] {bash_operator.py:123} INFO - 2019-03-03
[2019-03-22 05:36:31,269] {bash_operator.py:123} INFO - 2019-03-10
[2019-03-22 05:36:31,269] {bash_operator.py:123} INFO - Parameter I passed in
[2019-03-22 05:36:31,269] {bash_operator.py:123} INFO - 2019-03-03
[2019-03-22 05:36:31,269] {bash_operator.py:123} INFO - 2019-03-10
[2019-03-22 05:36:31,269] {bash_operator.py:123} INFO - Parameter I passed in
[2019-03-22 05:36:31,269] {bash_operator.py:123} INFO - 2019-03-03
[2019-03-22 05:36:31,269] {bash_operator.py:123} INFO - 2019-03-10
[2019-03-22 05:36:31,269] {bash_operator.py:123} INFO - Parameter I passed in
[2019-03-22 05:36:31,270] {bash_operator.py:123} INFO - 2019-03-03
[2019-03-22 05:36:31,270] {bash_operator.py:123} INFO - 2019-03-10
[2019-03-22 05:36:31,270] {bash_operator.py:123} INFO - Parameter I passed in
[2019-03-22 05:36:31,270] {bash_operator.py:123} INFO - 2019-03-03
[2019-03-22 05:36:31,270] {bash_operator.py:123} INFO - 2019-03-10
[2019-03-22 05:36:31,270] {bash_operator.py:123} INFO - Parameter I passed in
[2019-03-22 05:36:31,270] {bash_operator.py:127} INFO - Command exited with return code 0
[2019-03-22 05:36:34,734] {logging_mixin.py:95} INFO - [2019-03-22 05:36:34,733] {jobs.py:2527} INFO - Task exited with return code 0
