[2019-03-21 22:34:15,279] {models.py:1359} INFO - Dependencies all met for <TaskInstance: tutorial.templated 2018-04-17T00:00:00+00:00 [queued]>
[2019-03-21 22:34:15,283] {models.py:1359} INFO - Dependencies all met for <TaskInstance: tutorial.templated 2018-04-17T00:00:00+00:00 [queued]>
[2019-03-21 22:34:15,283] {models.py:1571} INFO - 
--------------------------------------------------------------------------------
Starting attempt 1 of 2
--------------------------------------------------------------------------------

[2019-03-21 22:34:15,303] {models.py:1593} INFO - Executing <Task(BashOperator): templated> on 2018-04-17T00:00:00+00:00
[2019-03-21 22:34:15,304] {base_task_runner.py:118} INFO - Running: ['bash', '-c', 'airflow run tutorial templated 2018-04-17T00:00:00+00:00 --job_id 2178 --raw -sd DAGS_FOLDER/example_dags/tutorial.py --cfg_path /tmp/tmprf6l7wzj']
[2019-03-21 22:34:15,943] {base_task_runner.py:101} INFO - Job 2178: Subtask templated [2019-03-21 22:34:15,942] {__init__.py:51} INFO - Using executor SequentialExecutor
[2019-03-21 22:34:16,185] {base_task_runner.py:101} INFO - Job 2178: Subtask templated [2019-03-21 22:34:16,185] {models.py:273} INFO - Filling up the DagBag from /home/rsandroni/airflow/dags/example_dags/tutorial.py
[2019-03-21 22:34:16,249] {base_task_runner.py:101} INFO - Job 2178: Subtask templated [2019-03-21 22:34:16,249] {cli.py:520} INFO - Running <TaskInstance: tutorial.templated 2018-04-17T00:00:00+00:00 [running]> on host IADAIRP1.globalrs.rack.space
[2019-03-21 22:34:16,266] {bash_operator.py:77} INFO - Tmp dir root location: 
 /tmp
[2019-03-21 22:34:16,267] {bash_operator.py:86} INFO - Exporting the following env vars:
AIRFLOW_CTX_DAG_ID=tutorial
AIRFLOW_CTX_TASK_ID=templated
AIRFLOW_CTX_EXECUTION_DATE=2018-04-17T00:00:00+00:00
AIRFLOW_CTX_DAG_RUN_ID=scheduled__2018-04-17T00:00:00+00:00
[2019-03-21 22:34:16,267] {bash_operator.py:100} INFO - Temporary script location: /tmp/airflowtmpv5rziai_/templatedr_7hne7m
[2019-03-21 22:34:16,267] {bash_operator.py:110} INFO - Running command: 

    echo "2018-04-17"
    echo "2018-04-24"
    echo "Parameter I passed in"

    echo "2018-04-17"
    echo "2018-04-24"
    echo "Parameter I passed in"

    echo "2018-04-17"
    echo "2018-04-24"
    echo "Parameter I passed in"

    echo "2018-04-17"
    echo "2018-04-24"
    echo "Parameter I passed in"

    echo "2018-04-17"
    echo "2018-04-24"
    echo "Parameter I passed in"

[2019-03-21 22:34:16,273] {bash_operator.py:119} INFO - Output:
[2019-03-21 22:34:16,274] {bash_operator.py:123} INFO - 2018-04-17
[2019-03-21 22:34:16,274] {bash_operator.py:123} INFO - 2018-04-24
[2019-03-21 22:34:16,274] {bash_operator.py:123} INFO - Parameter I passed in
[2019-03-21 22:34:16,274] {bash_operator.py:123} INFO - 2018-04-17
[2019-03-21 22:34:16,274] {bash_operator.py:123} INFO - 2018-04-24
[2019-03-21 22:34:16,274] {bash_operator.py:123} INFO - Parameter I passed in
[2019-03-21 22:34:16,274] {bash_operator.py:123} INFO - 2018-04-17
[2019-03-21 22:34:16,274] {bash_operator.py:123} INFO - 2018-04-24
[2019-03-21 22:34:16,274] {bash_operator.py:123} INFO - Parameter I passed in
[2019-03-21 22:34:16,274] {bash_operator.py:123} INFO - 2018-04-17
[2019-03-21 22:34:16,274] {bash_operator.py:123} INFO - 2018-04-24
[2019-03-21 22:34:16,274] {bash_operator.py:123} INFO - Parameter I passed in
[2019-03-21 22:34:16,274] {bash_operator.py:123} INFO - 2018-04-17
[2019-03-21 22:34:16,274] {bash_operator.py:123} INFO - 2018-04-24
[2019-03-21 22:34:16,274] {bash_operator.py:123} INFO - Parameter I passed in
[2019-03-21 22:34:16,274] {bash_operator.py:127} INFO - Command exited with return code 0
[2019-03-21 22:34:20,282] {logging_mixin.py:95} INFO - [2019-03-21 22:34:20,281] {jobs.py:2527} INFO - Task exited with return code 0
