[2019-03-19 13:38:18,802] {models.py:1359} INFO - Dependencies all met for <TaskInstance: tutorial.templated 2016-07-31T00:00:00+00:00 [queued]>
[2019-03-19 13:38:18,809] {models.py:1359} INFO - Dependencies all met for <TaskInstance: tutorial.templated 2016-07-31T00:00:00+00:00 [queued]>
[2019-03-19 13:38:18,809] {models.py:1571} INFO - 
--------------------------------------------------------------------------------
Starting attempt 1 of 2
--------------------------------------------------------------------------------

[2019-03-19 13:38:18,826] {models.py:1593} INFO - Executing <Task(BashOperator): templated> on 2016-07-31T00:00:00+00:00
[2019-03-19 13:38:18,826] {base_task_runner.py:118} INFO - Running: ['bash', '-c', 'airflow run tutorial templated 2016-07-31T00:00:00+00:00 --job_id 861 --raw -sd DAGS_FOLDER/sql_server_load.py --cfg_path /tmp/tmpk1d4i2k0']
[2019-03-19 13:38:19,440] {base_task_runner.py:101} INFO - Job 861: Subtask templated [2019-03-19 13:38:19,439] {__init__.py:51} INFO - Using executor SequentialExecutor
[2019-03-19 13:38:19,667] {base_task_runner.py:101} INFO - Job 861: Subtask templated [2019-03-19 13:38:19,666] {models.py:273} INFO - Filling up the DagBag from /home/rsandroni/airflow/dags/sql_server_load.py
[2019-03-19 13:38:19,687] {base_task_runner.py:101} INFO - Job 861: Subtask templated [2019-03-19 13:38:19,686] {cli.py:520} INFO - Running <TaskInstance: tutorial.templated 2016-07-31T00:00:00+00:00 [running]> on host IADAIRP1.globalrs.rack.space
[2019-03-19 13:38:19,700] {bash_operator.py:77} INFO - Tmp dir root location: 
 /tmp
[2019-03-19 13:38:19,700] {bash_operator.py:86} INFO - Exporting the following env vars:
AIRFLOW_CTX_DAG_ID=tutorial
AIRFLOW_CTX_TASK_ID=templated
AIRFLOW_CTX_EXECUTION_DATE=2016-07-31T00:00:00+00:00
AIRFLOW_CTX_DAG_RUN_ID=scheduled__2016-07-31T00:00:00+00:00
[2019-03-19 13:38:19,700] {bash_operator.py:100} INFO - Temporary script location: /tmp/airflowtmprup9ofyr/templated_t7o892s
[2019-03-19 13:38:19,700] {bash_operator.py:110} INFO - Running command: 
    
        echo "2016-07-31"
        echo "Parameter I passed in"
    
        echo "2016-07-31"
        echo "Parameter I passed in"
    
        echo "2016-07-31"
        echo "Parameter I passed in"
    
        echo "2016-07-31"
        echo "Parameter I passed in"
    
        echo "2016-07-31"
        echo "Parameter I passed in"
    
    
[2019-03-19 13:38:19,706] {bash_operator.py:119} INFO - Output:
[2019-03-19 13:38:19,708] {bash_operator.py:123} INFO - 2016-07-31
[2019-03-19 13:38:19,708] {bash_operator.py:123} INFO - Parameter I passed in
[2019-03-19 13:38:19,708] {bash_operator.py:123} INFO - 2016-07-31
[2019-03-19 13:38:19,708] {bash_operator.py:123} INFO - Parameter I passed in
[2019-03-19 13:38:19,708] {bash_operator.py:123} INFO - 2016-07-31
[2019-03-19 13:38:19,708] {bash_operator.py:123} INFO - Parameter I passed in
[2019-03-19 13:38:19,708] {bash_operator.py:123} INFO - 2016-07-31
[2019-03-19 13:38:19,708] {bash_operator.py:123} INFO - Parameter I passed in
[2019-03-19 13:38:19,708] {bash_operator.py:123} INFO - 2016-07-31
[2019-03-19 13:38:19,708] {bash_operator.py:123} INFO - Parameter I passed in
[2019-03-19 13:38:19,708] {bash_operator.py:127} INFO - Command exited with return code 0
[2019-03-19 13:38:23,802] {logging_mixin.py:95} INFO - [2019-03-19 13:38:23,801] {jobs.py:2527} INFO - Task exited with return code 0
