[2019-03-22 03:21:16,657] {models.py:1359} INFO - Dependencies all met for <TaskInstance: tutorial.templated 2018-11-21T00:00:00+00:00 [queued]>
[2019-03-22 03:21:16,662] {models.py:1359} INFO - Dependencies all met for <TaskInstance: tutorial.templated 2018-11-21T00:00:00+00:00 [queued]>
[2019-03-22 03:21:16,663] {models.py:1571} INFO - 
--------------------------------------------------------------------------------
Starting attempt 1 of 2
--------------------------------------------------------------------------------

[2019-03-22 03:21:16,680] {models.py:1593} INFO - Executing <Task(BashOperator): templated> on 2018-11-21T00:00:00+00:00
[2019-03-22 03:21:16,680] {base_task_runner.py:118} INFO - Running: ['bash', '-c', 'airflow run tutorial templated 2018-11-21T00:00:00+00:00 --job_id 2614 --raw -sd DAGS_FOLDER/example_dags/tutorial.py --cfg_path /tmp/tmp91c4jd1p']
[2019-03-22 03:21:17,331] {base_task_runner.py:101} INFO - Job 2614: Subtask templated [2019-03-22 03:21:17,330] {__init__.py:51} INFO - Using executor SequentialExecutor
[2019-03-22 03:21:17,631] {base_task_runner.py:101} INFO - Job 2614: Subtask templated [2019-03-22 03:21:17,630] {models.py:273} INFO - Filling up the DagBag from /home/rsandroni/airflow/dags/example_dags/tutorial.py
[2019-03-22 03:21:17,695] {base_task_runner.py:101} INFO - Job 2614: Subtask templated [2019-03-22 03:21:17,695] {cli.py:520} INFO - Running <TaskInstance: tutorial.templated 2018-11-21T00:00:00+00:00 [running]> on host IADAIRP1.globalrs.rack.space
[2019-03-22 03:21:17,713] {bash_operator.py:77} INFO - Tmp dir root location: 
 /tmp
[2019-03-22 03:21:17,713] {bash_operator.py:86} INFO - Exporting the following env vars:
AIRFLOW_CTX_DAG_ID=tutorial
AIRFLOW_CTX_TASK_ID=templated
AIRFLOW_CTX_EXECUTION_DATE=2018-11-21T00:00:00+00:00
AIRFLOW_CTX_DAG_RUN_ID=scheduled__2018-11-21T00:00:00+00:00
[2019-03-22 03:21:17,714] {bash_operator.py:100} INFO - Temporary script location: /tmp/airflowtmppzbjbyl0/templatedlvqrv1j6
[2019-03-22 03:21:17,714] {bash_operator.py:110} INFO - Running command: 

    echo "2018-11-21"
    echo "2018-11-28"
    echo "Parameter I passed in"

    echo "2018-11-21"
    echo "2018-11-28"
    echo "Parameter I passed in"

    echo "2018-11-21"
    echo "2018-11-28"
    echo "Parameter I passed in"

    echo "2018-11-21"
    echo "2018-11-28"
    echo "Parameter I passed in"

    echo "2018-11-21"
    echo "2018-11-28"
    echo "Parameter I passed in"

[2019-03-22 03:21:17,720] {bash_operator.py:119} INFO - Output:
[2019-03-22 03:21:17,721] {bash_operator.py:123} INFO - 2018-11-21
[2019-03-22 03:21:17,721] {bash_operator.py:123} INFO - 2018-11-28
[2019-03-22 03:21:17,721] {bash_operator.py:123} INFO - Parameter I passed in
[2019-03-22 03:21:17,721] {bash_operator.py:123} INFO - 2018-11-21
[2019-03-22 03:21:17,721] {bash_operator.py:123} INFO - 2018-11-28
[2019-03-22 03:21:17,721] {bash_operator.py:123} INFO - Parameter I passed in
[2019-03-22 03:21:17,721] {bash_operator.py:123} INFO - 2018-11-21
[2019-03-22 03:21:17,721] {bash_operator.py:123} INFO - 2018-11-28
[2019-03-22 03:21:17,721] {bash_operator.py:123} INFO - Parameter I passed in
[2019-03-22 03:21:17,721] {bash_operator.py:123} INFO - 2018-11-21
[2019-03-22 03:21:17,721] {bash_operator.py:123} INFO - 2018-11-28
[2019-03-22 03:21:17,721] {bash_operator.py:123} INFO - Parameter I passed in
[2019-03-22 03:21:17,721] {bash_operator.py:123} INFO - 2018-11-21
[2019-03-22 03:21:17,721] {bash_operator.py:123} INFO - 2018-11-28
[2019-03-22 03:21:17,721] {bash_operator.py:123} INFO - Parameter I passed in
[2019-03-22 03:21:17,722] {bash_operator.py:127} INFO - Command exited with return code 0
[2019-03-22 03:21:21,665] {logging_mixin.py:95} INFO - [2019-03-22 03:21:21,664] {jobs.py:2527} INFO - Task exited with return code 0
