[2019-03-22 05:12:28,575] {models.py:1359} INFO - Dependencies all met for <TaskInstance: tutorial.templated 2019-02-13T00:00:00+00:00 [queued]>
[2019-03-22 05:12:28,582] {models.py:1359} INFO - Dependencies all met for <TaskInstance: tutorial.templated 2019-02-13T00:00:00+00:00 [queued]>
[2019-03-22 05:12:28,582] {models.py:1571} INFO - 
--------------------------------------------------------------------------------
Starting attempt 1 of 2
--------------------------------------------------------------------------------

[2019-03-22 05:12:28,651] {models.py:1593} INFO - Executing <Task(BashOperator): templated> on 2019-02-13T00:00:00+00:00
[2019-03-22 05:12:28,652] {base_task_runner.py:118} INFO - Running: ['bash', '-c', 'airflow run tutorial templated 2019-02-13T00:00:00+00:00 --job_id 2782 --raw -sd DAGS_FOLDER/example_dags/tutorial.py --cfg_path /tmp/tmpf33_546l']
[2019-03-22 05:12:29,576] {base_task_runner.py:101} INFO - Job 2782: Subtask templated [2019-03-22 05:12:29,575] {__init__.py:51} INFO - Using executor SequentialExecutor
[2019-03-22 05:12:29,907] {base_task_runner.py:101} INFO - Job 2782: Subtask templated [2019-03-22 05:12:29,906] {models.py:273} INFO - Filling up the DagBag from /home/rsandroni/airflow/dags/example_dags/tutorial.py
[2019-03-22 05:12:29,991] {base_task_runner.py:101} INFO - Job 2782: Subtask templated [2019-03-22 05:12:29,987] {cli.py:520} INFO - Running <TaskInstance: tutorial.templated 2019-02-13T00:00:00+00:00 [running]> on host IADAIRP1.globalrs.rack.space
[2019-03-22 05:12:30,020] {bash_operator.py:77} INFO - Tmp dir root location: 
 /tmp
[2019-03-22 05:12:30,021] {bash_operator.py:86} INFO - Exporting the following env vars:
AIRFLOW_CTX_DAG_ID=tutorial
AIRFLOW_CTX_TASK_ID=templated
AIRFLOW_CTX_EXECUTION_DATE=2019-02-13T00:00:00+00:00
AIRFLOW_CTX_DAG_RUN_ID=scheduled__2019-02-13T00:00:00+00:00
[2019-03-22 05:12:30,021] {bash_operator.py:100} INFO - Temporary script location: /tmp/airflowtmpj39cgkwd/templated4ygsw2iv
[2019-03-22 05:12:30,021] {bash_operator.py:110} INFO - Running command: 

    echo "2019-02-13"
    echo "2019-02-20"
    echo "Parameter I passed in"

    echo "2019-02-13"
    echo "2019-02-20"
    echo "Parameter I passed in"

    echo "2019-02-13"
    echo "2019-02-20"
    echo "Parameter I passed in"

    echo "2019-02-13"
    echo "2019-02-20"
    echo "Parameter I passed in"

    echo "2019-02-13"
    echo "2019-02-20"
    echo "Parameter I passed in"

[2019-03-22 05:12:30,036] {bash_operator.py:119} INFO - Output:
[2019-03-22 05:12:30,037] {bash_operator.py:123} INFO - 2019-02-13
[2019-03-22 05:12:30,037] {bash_operator.py:123} INFO - 2019-02-20
[2019-03-22 05:12:30,037] {bash_operator.py:123} INFO - Parameter I passed in
[2019-03-22 05:12:30,037] {bash_operator.py:123} INFO - 2019-02-13
[2019-03-22 05:12:30,037] {bash_operator.py:123} INFO - 2019-02-20
[2019-03-22 05:12:30,037] {bash_operator.py:123} INFO - Parameter I passed in
[2019-03-22 05:12:30,037] {bash_operator.py:123} INFO - 2019-02-13
[2019-03-22 05:12:30,037] {bash_operator.py:123} INFO - 2019-02-20
[2019-03-22 05:12:30,037] {bash_operator.py:123} INFO - Parameter I passed in
[2019-03-22 05:12:30,037] {bash_operator.py:123} INFO - 2019-02-13
[2019-03-22 05:12:30,037] {bash_operator.py:123} INFO - 2019-02-20
[2019-03-22 05:12:30,037] {bash_operator.py:123} INFO - Parameter I passed in
[2019-03-22 05:12:30,037] {bash_operator.py:123} INFO - 2019-02-13
[2019-03-22 05:12:30,037] {bash_operator.py:123} INFO - 2019-02-20
[2019-03-22 05:12:30,037] {bash_operator.py:123} INFO - Parameter I passed in
[2019-03-22 05:12:30,037] {bash_operator.py:127} INFO - Command exited with return code 0
[2019-03-22 05:12:33,563] {logging_mixin.py:95} INFO - [2019-03-22 05:12:33,562] {jobs.py:2527} INFO - Task exited with return code 0
