[2019-03-19 15:30:03,304] {models.py:1359} INFO - Dependencies all met for <TaskInstance: tutorial.print_date 2017-03-26T00:00:00+00:00 [queued]>
[2019-03-19 15:30:03,306] {models.py:1359} INFO - Dependencies all met for <TaskInstance: tutorial.print_date 2017-03-26T00:00:00+00:00 [queued]>
[2019-03-19 15:30:03,306] {models.py:1571} INFO - 
--------------------------------------------------------------------------------
Starting attempt 1 of 2
--------------------------------------------------------------------------------

[2019-03-19 15:30:03,322] {models.py:1593} INFO - Executing <Task(BashOperator): print_date> on 2017-03-26T00:00:00+00:00
[2019-03-19 15:30:03,322] {base_task_runner.py:118} INFO - Running: ['bash', '-c', 'airflow run tutorial print_date 2017-03-26T00:00:00+00:00 --job_id 1333 --raw -sd DAGS_FOLDER/tutorial.py --cfg_path /tmp/tmpo6oujgy8']
[2019-03-19 15:30:04,000] {base_task_runner.py:101} INFO - Job 1333: Subtask print_date [2019-03-19 15:30:03,999] {__init__.py:51} INFO - Using executor SequentialExecutor
[2019-03-19 15:30:04,244] {base_task_runner.py:101} INFO - Job 1333: Subtask print_date [2019-03-19 15:30:04,243] {models.py:273} INFO - Filling up the DagBag from /home/rsandroni/airflow/dags/tutorial.py
[2019-03-19 15:30:04,259] {base_task_runner.py:101} INFO - Job 1333: Subtask print_date [2019-03-19 15:30:04,258] {cli.py:520} INFO - Running <TaskInstance: tutorial.print_date 2017-03-26T00:00:00+00:00 [running]> on host IADAIRP1.globalrs.rack.space
[2019-03-19 15:30:04,271] {bash_operator.py:77} INFO - Tmp dir root location: 
 /tmp
[2019-03-19 15:30:04,271] {bash_operator.py:86} INFO - Exporting the following env vars:
AIRFLOW_CTX_DAG_ID=tutorial
AIRFLOW_CTX_TASK_ID=print_date
AIRFLOW_CTX_EXECUTION_DATE=2017-03-26T00:00:00+00:00
AIRFLOW_CTX_DAG_RUN_ID=scheduled__2017-03-26T00:00:00+00:00
[2019-03-19 15:30:04,272] {bash_operator.py:100} INFO - Temporary script location: /tmp/airflowtmpxplfl_xp/print_datep0oh6i4_
[2019-03-19 15:30:04,272] {bash_operator.py:110} INFO - Running command: date
[2019-03-19 15:30:04,277] {bash_operator.py:119} INFO - Output:
[2019-03-19 15:30:04,279] {bash_operator.py:123} INFO - Ter Mar 19 15:30:04 -03 2019
[2019-03-19 15:30:04,279] {bash_operator.py:127} INFO - Command exited with return code 0
[2019-03-19 15:30:08,312] {logging_mixin.py:95} INFO - [2019-03-19 15:30:08,311] {jobs.py:2527} INFO - Task exited with return code 0
