[2019-03-21 17:59:39,316] {models.py:1359} INFO - Dependencies all met for <TaskInstance: tutorial.print_date 2017-08-30T00:00:00+00:00 [queued]>
[2019-03-21 17:59:39,318] {models.py:1359} INFO - Dependencies all met for <TaskInstance: tutorial.print_date 2017-08-30T00:00:00+00:00 [queued]>
[2019-03-21 17:59:39,318] {models.py:1571} INFO - 
--------------------------------------------------------------------------------
Starting attempt 1 of 2
--------------------------------------------------------------------------------

[2019-03-21 17:59:39,340] {models.py:1593} INFO - Executing <Task(BashOperator): print_date> on 2017-08-30T00:00:00+00:00
[2019-03-21 17:59:39,340] {base_task_runner.py:118} INFO - Running: ['bash', '-c', 'airflow run tutorial print_date 2017-08-30T00:00:00+00:00 --job_id 1703 --raw -sd DAGS_FOLDER/tutorial.py --cfg_path /tmp/tmpesim79hd']
[2019-03-21 17:59:39,975] {base_task_runner.py:101} INFO - Job 1703: Subtask print_date [2019-03-21 17:59:39,974] {__init__.py:51} INFO - Using executor SequentialExecutor
[2019-03-21 17:59:40,205] {base_task_runner.py:101} INFO - Job 1703: Subtask print_date [2019-03-21 17:59:40,205] {models.py:273} INFO - Filling up the DagBag from /home/rsandroni/airflow/dags/tutorial.py
[2019-03-21 17:59:40,221] {base_task_runner.py:101} INFO - Job 1703: Subtask print_date [2019-03-21 17:59:40,220] {cli.py:520} INFO - Running <TaskInstance: tutorial.print_date 2017-08-30T00:00:00+00:00 [running]> on host IADAIRP1.globalrs.rack.space
[2019-03-21 17:59:40,234] {bash_operator.py:77} INFO - Tmp dir root location: 
 /tmp
[2019-03-21 17:59:40,234] {bash_operator.py:86} INFO - Exporting the following env vars:
AIRFLOW_CTX_DAG_ID=tutorial
AIRFLOW_CTX_TASK_ID=print_date
AIRFLOW_CTX_EXECUTION_DATE=2017-08-30T00:00:00+00:00
AIRFLOW_CTX_DAG_RUN_ID=scheduled__2017-08-30T00:00:00+00:00
[2019-03-21 17:59:40,234] {bash_operator.py:100} INFO - Temporary script location: /tmp/airflowtmpkid3y57a/print_datemq_jlhb4
[2019-03-21 17:59:40,235] {bash_operator.py:110} INFO - Running command: date
[2019-03-21 17:59:40,240] {bash_operator.py:119} INFO - Output:
[2019-03-21 17:59:40,242] {bash_operator.py:123} INFO - Qui Mar 21 17:59:40 -03 2019
[2019-03-21 17:59:40,242] {bash_operator.py:127} INFO - Command exited with return code 0
[2019-03-21 17:59:44,321] {logging_mixin.py:95} INFO - [2019-03-21 17:59:44,320] {jobs.py:2527} INFO - Task exited with return code 0
