[2019-03-19 14:55:56,821] {models.py:1359} INFO - Dependencies all met for <TaskInstance: tutorial.print_date 2017-01-10T00:00:00+00:00 [queued]>
[2019-03-19 14:55:56,823] {models.py:1359} INFO - Dependencies all met for <TaskInstance: tutorial.print_date 2017-01-10T00:00:00+00:00 [queued]>
[2019-03-19 14:55:56,823] {models.py:1571} INFO - 
--------------------------------------------------------------------------------
Starting attempt 1 of 2
--------------------------------------------------------------------------------

[2019-03-19 14:55:56,891] {models.py:1593} INFO - Executing <Task(BashOperator): print_date> on 2017-01-10T00:00:00+00:00
[2019-03-19 14:55:56,891] {base_task_runner.py:118} INFO - Running: ['bash', '-c', 'airflow run tutorial print_date 2017-01-10T00:00:00+00:00 --job_id 1183 --raw -sd DAGS_FOLDER/tutorial.py --cfg_path /tmp/tmpq6sp0w4i']
[2019-03-19 14:55:58,689] {base_task_runner.py:101} INFO - Job 1183: Subtask print_date [2019-03-19 14:55:58,682] {__init__.py:51} INFO - Using executor SequentialExecutor
[2019-03-19 14:55:59,478] {base_task_runner.py:101} INFO - Job 1183: Subtask print_date [2019-03-19 14:55:59,473] {models.py:273} INFO - Filling up the DagBag from /home/rsandroni/airflow/dags/tutorial.py
[2019-03-19 14:55:59,525] {base_task_runner.py:101} INFO - Job 1183: Subtask print_date [2019-03-19 14:55:59,517] {cli.py:520} INFO - Running <TaskInstance: tutorial.print_date 2017-01-10T00:00:00+00:00 [running]> on host IADAIRP1.globalrs.rack.space
[2019-03-19 14:55:59,569] {bash_operator.py:77} INFO - Tmp dir root location: 
 /tmp
[2019-03-19 14:55:59,569] {bash_operator.py:86} INFO - Exporting the following env vars:
AIRFLOW_CTX_DAG_ID=tutorial
AIRFLOW_CTX_TASK_ID=print_date
AIRFLOW_CTX_EXECUTION_DATE=2017-01-10T00:00:00+00:00
AIRFLOW_CTX_DAG_RUN_ID=scheduled__2017-01-10T00:00:00+00:00
[2019-03-19 14:55:59,570] {bash_operator.py:100} INFO - Temporary script location: /tmp/airflowtmpv_vexdbi/print_date794duo8e
[2019-03-19 14:55:59,570] {bash_operator.py:110} INFO - Running command: date
[2019-03-19 14:55:59,607] {bash_operator.py:119} INFO - Output:
[2019-03-19 14:55:59,630] {bash_operator.py:123} INFO - Ter Mar 19 14:55:59 -03 2019
[2019-03-19 14:55:59,637] {bash_operator.py:127} INFO - Command exited with return code 0
[2019-03-19 14:56:01,839] {logging_mixin.py:95} INFO - [2019-03-19 14:56:01,839] {jobs.py:2527} INFO - Task exited with return code 0
