[2019-03-21 19:19:02,612] {models.py:1359} INFO - Dependencies all met for <TaskInstance: tutorial.print_date 2017-11-20T00:00:00+00:00 [queued]>
[2019-03-21 19:19:02,615] {models.py:1359} INFO - Dependencies all met for <TaskInstance: tutorial.print_date 2017-11-20T00:00:00+00:00 [queued]>
[2019-03-21 19:19:02,615] {models.py:1571} INFO - 
--------------------------------------------------------------------------------
Starting attempt 1 of 2
--------------------------------------------------------------------------------

[2019-03-21 19:19:02,629] {models.py:1593} INFO - Executing <Task(BashOperator): print_date> on 2017-11-20T00:00:00+00:00
[2019-03-21 19:19:02,629] {base_task_runner.py:118} INFO - Running: ['bash', '-c', 'airflow run tutorial print_date 2017-11-20T00:00:00+00:00 --job_id 1880 --raw -sd DAGS_FOLDER/tutorial.py --cfg_path /tmp/tmp3hopfra7']
[2019-03-21 19:19:03,292] {base_task_runner.py:101} INFO - Job 1880: Subtask print_date [2019-03-21 19:19:03,291] {__init__.py:51} INFO - Using executor SequentialExecutor
[2019-03-21 19:19:03,528] {base_task_runner.py:101} INFO - Job 1880: Subtask print_date [2019-03-21 19:19:03,528] {models.py:273} INFO - Filling up the DagBag from /home/rsandroni/airflow/dags/tutorial.py
[2019-03-21 19:19:03,543] {base_task_runner.py:101} INFO - Job 1880: Subtask print_date [2019-03-21 19:19:03,543] {cli.py:520} INFO - Running <TaskInstance: tutorial.print_date 2017-11-20T00:00:00+00:00 [running]> on host IADAIRP1.globalrs.rack.space
[2019-03-21 19:19:03,556] {bash_operator.py:77} INFO - Tmp dir root location: 
 /tmp
[2019-03-21 19:19:03,556] {bash_operator.py:86} INFO - Exporting the following env vars:
AIRFLOW_CTX_DAG_ID=tutorial
AIRFLOW_CTX_TASK_ID=print_date
AIRFLOW_CTX_EXECUTION_DATE=2017-11-20T00:00:00+00:00
AIRFLOW_CTX_DAG_RUN_ID=scheduled__2017-11-20T00:00:00+00:00
[2019-03-21 19:19:03,556] {bash_operator.py:100} INFO - Temporary script location: /tmp/airflowtmphwdncxjo/print_datezbpj2jsy
[2019-03-21 19:19:03,557] {bash_operator.py:110} INFO - Running command: date
[2019-03-21 19:19:03,562] {bash_operator.py:119} INFO - Output:
[2019-03-21 19:19:03,564] {bash_operator.py:123} INFO - Qui Mar 21 19:19:03 -03 2019
[2019-03-21 19:19:03,565] {bash_operator.py:127} INFO - Command exited with return code 0
[2019-03-21 19:19:07,616] {logging_mixin.py:95} INFO - [2019-03-21 19:19:07,615] {jobs.py:2527} INFO - Task exited with return code 0
