[2019-03-22 00:24:02,789] {models.py:1359} INFO - Dependencies all met for <TaskInstance: tutorial.templated 2018-07-10T00:00:00+00:00 [queued]>
[2019-03-22 00:24:02,794] {models.py:1359} INFO - Dependencies all met for <TaskInstance: tutorial.templated 2018-07-10T00:00:00+00:00 [queued]>
[2019-03-22 00:24:02,794] {models.py:1571} INFO - 
--------------------------------------------------------------------------------
Starting attempt 1 of 2
--------------------------------------------------------------------------------

[2019-03-22 00:24:02,848] {models.py:1593} INFO - Executing <Task(BashOperator): templated> on 2018-07-10T00:00:00+00:00
[2019-03-22 00:24:02,848] {base_task_runner.py:118} INFO - Running: ['bash', '-c', 'airflow run tutorial templated 2018-07-10T00:00:00+00:00 --job_id 2346 --raw -sd DAGS_FOLDER/example_dags/tutorial.py --cfg_path /tmp/tmptfmx4bfd']
[2019-03-22 00:24:04,198] {base_task_runner.py:101} INFO - Job 2346: Subtask templated [2019-03-22 00:24:04,197] {__init__.py:51} INFO - Using executor SequentialExecutor
[2019-03-22 00:24:04,572] {base_task_runner.py:101} INFO - Job 2346: Subtask templated [2019-03-22 00:24:04,566] {models.py:273} INFO - Filling up the DagBag from /home/rsandroni/airflow/dags/example_dags/tutorial.py
[2019-03-22 00:24:04,725] {base_task_runner.py:101} INFO - Job 2346: Subtask templated [2019-03-22 00:24:04,724] {cli.py:520} INFO - Running <TaskInstance: tutorial.templated 2018-07-10T00:00:00+00:00 [running]> on host IADAIRP1.globalrs.rack.space
[2019-03-22 00:24:04,756] {bash_operator.py:77} INFO - Tmp dir root location: 
 /tmp
[2019-03-22 00:24:04,756] {bash_operator.py:86} INFO - Exporting the following env vars:
AIRFLOW_CTX_DAG_ID=tutorial
AIRFLOW_CTX_TASK_ID=templated
AIRFLOW_CTX_EXECUTION_DATE=2018-07-10T00:00:00+00:00
AIRFLOW_CTX_DAG_RUN_ID=scheduled__2018-07-10T00:00:00+00:00
[2019-03-22 00:24:04,757] {bash_operator.py:100} INFO - Temporary script location: /tmp/airflowtmpus_sipji/templatedrh8n8v2x
[2019-03-22 00:24:04,757] {bash_operator.py:110} INFO - Running command: 

    echo "2018-07-10"
    echo "2018-07-17"
    echo "Parameter I passed in"

    echo "2018-07-10"
    echo "2018-07-17"
    echo "Parameter I passed in"

    echo "2018-07-10"
    echo "2018-07-17"
    echo "Parameter I passed in"

    echo "2018-07-10"
    echo "2018-07-17"
    echo "Parameter I passed in"

    echo "2018-07-10"
    echo "2018-07-17"
    echo "Parameter I passed in"

[2019-03-22 00:24:04,796] {bash_operator.py:119} INFO - Output:
[2019-03-22 00:24:04,807] {bash_operator.py:123} INFO - 2018-07-10
[2019-03-22 00:24:04,807] {bash_operator.py:123} INFO - 2018-07-17
[2019-03-22 00:24:04,807] {bash_operator.py:123} INFO - Parameter I passed in
[2019-03-22 00:24:04,807] {bash_operator.py:123} INFO - 2018-07-10
[2019-03-22 00:24:04,807] {bash_operator.py:123} INFO - 2018-07-17
[2019-03-22 00:24:04,807] {bash_operator.py:123} INFO - Parameter I passed in
[2019-03-22 00:24:04,807] {bash_operator.py:123} INFO - 2018-07-10
[2019-03-22 00:24:04,807] {bash_operator.py:123} INFO - 2018-07-17
[2019-03-22 00:24:04,807] {bash_operator.py:123} INFO - Parameter I passed in
[2019-03-22 00:24:04,807] {bash_operator.py:123} INFO - 2018-07-10
[2019-03-22 00:24:04,808] {bash_operator.py:123} INFO - 2018-07-17
[2019-03-22 00:24:04,808] {bash_operator.py:123} INFO - Parameter I passed in
[2019-03-22 00:24:04,808] {bash_operator.py:123} INFO - 2018-07-10
[2019-03-22 00:24:04,808] {bash_operator.py:123} INFO - 2018-07-17
[2019-03-22 00:24:04,808] {bash_operator.py:123} INFO - Parameter I passed in
[2019-03-22 00:24:04,808] {bash_operator.py:127} INFO - Command exited with return code 0
[2019-03-22 00:24:07,743] {logging_mixin.py:95} INFO - [2019-03-22 00:24:07,742] {jobs.py:2527} INFO - Task exited with return code 0
