[2019-03-21 20:16:23,759] {models.py:1359} INFO - Dependencies all met for <TaskInstance: tutorial.print_date 2018-01-04T00:00:00+00:00 [queued]>
[2019-03-21 20:16:23,762] {models.py:1359} INFO - Dependencies all met for <TaskInstance: tutorial.print_date 2018-01-04T00:00:00+00:00 [queued]>
[2019-03-21 20:16:23,762] {models.py:1571} INFO - 
--------------------------------------------------------------------------------
Starting attempt 1 of 2
--------------------------------------------------------------------------------

[2019-03-21 20:16:23,782] {models.py:1593} INFO - Executing <Task(BashOperator): print_date> on 2018-01-04T00:00:00+00:00
[2019-03-21 20:16:23,782] {base_task_runner.py:118} INFO - Running: ['bash', '-c', 'airflow run tutorial print_date 2018-01-04T00:00:00+00:00 --job_id 1969 --raw -sd DAGS_FOLDER/tutorial.py --cfg_path /tmp/tmph0q2vucd']
[2019-03-21 20:16:24,427] {base_task_runner.py:101} INFO - Job 1969: Subtask print_date [2019-03-21 20:16:24,427] {__init__.py:51} INFO - Using executor SequentialExecutor
[2019-03-21 20:16:24,748] {base_task_runner.py:101} INFO - Job 1969: Subtask print_date [2019-03-21 20:16:24,747] {models.py:273} INFO - Filling up the DagBag from /home/rsandroni/airflow/dags/tutorial.py
[2019-03-21 20:16:24,766] {base_task_runner.py:101} INFO - Job 1969: Subtask print_date [2019-03-21 20:16:24,766] {cli.py:520} INFO - Running <TaskInstance: tutorial.print_date 2018-01-04T00:00:00+00:00 [running]> on host IADAIRP1.globalrs.rack.space
[2019-03-21 20:16:24,780] {bash_operator.py:77} INFO - Tmp dir root location: 
 /tmp
[2019-03-21 20:16:24,781] {bash_operator.py:86} INFO - Exporting the following env vars:
AIRFLOW_CTX_DAG_ID=tutorial
AIRFLOW_CTX_TASK_ID=print_date
AIRFLOW_CTX_EXECUTION_DATE=2018-01-04T00:00:00+00:00
AIRFLOW_CTX_DAG_RUN_ID=scheduled__2018-01-04T00:00:00+00:00
[2019-03-21 20:16:24,781] {bash_operator.py:100} INFO - Temporary script location: /tmp/airflowtmpjl4lw2fj/print_datekk9kmgep
[2019-03-21 20:16:24,781] {bash_operator.py:110} INFO - Running command: date
[2019-03-21 20:16:24,786] {bash_operator.py:119} INFO - Output:
[2019-03-21 20:16:24,788] {bash_operator.py:123} INFO - Qui Mar 21 20:16:24 -03 2019
[2019-03-21 20:16:24,789] {bash_operator.py:127} INFO - Command exited with return code 0
[2019-03-21 20:16:28,759] {logging_mixin.py:95} INFO - [2019-03-21 20:16:28,758] {jobs.py:2527} INFO - Task exited with return code 0
