[2019-03-21 17:30:46,684] {models.py:1359} INFO - Dependencies all met for <TaskInstance: tutorial.templated 2017-07-15T00:00:00+00:00 [queued]>
[2019-03-21 17:30:46,689] {models.py:1359} INFO - Dependencies all met for <TaskInstance: tutorial.templated 2017-07-15T00:00:00+00:00 [queued]>
[2019-03-21 17:30:46,690] {models.py:1571} INFO - 
--------------------------------------------------------------------------------
Starting attempt 1 of 2
--------------------------------------------------------------------------------

[2019-03-21 17:30:46,716] {models.py:1593} INFO - Executing <Task(BashOperator): templated> on 2017-07-15T00:00:00+00:00
[2019-03-21 17:30:46,717] {base_task_runner.py:118} INFO - Running: ['bash', '-c', 'airflow run tutorial templated 2017-07-15T00:00:00+00:00 --job_id 1591 --raw -sd DAGS_FOLDER/example_dags/tutorial.py --cfg_path /tmp/tmpdx3tx4qg']
[2019-03-21 17:30:47,492] {base_task_runner.py:101} INFO - Job 1591: Subtask templated [2019-03-21 17:30:47,491] {__init__.py:51} INFO - Using executor SequentialExecutor
[2019-03-21 17:30:47,790] {base_task_runner.py:101} INFO - Job 1591: Subtask templated [2019-03-21 17:30:47,790] {models.py:273} INFO - Filling up the DagBag from /home/rsandroni/airflow/dags/example_dags/tutorial.py
[2019-03-21 17:30:47,859] {base_task_runner.py:101} INFO - Job 1591: Subtask templated [2019-03-21 17:30:47,859] {cli.py:520} INFO - Running <TaskInstance: tutorial.templated 2017-07-15T00:00:00+00:00 [running]> on host IADAIRP1.globalrs.rack.space
[2019-03-21 17:30:47,893] {bash_operator.py:77} INFO - Tmp dir root location: 
 /tmp
[2019-03-21 17:30:47,894] {bash_operator.py:86} INFO - Exporting the following env vars:
AIRFLOW_CTX_DAG_ID=tutorial
AIRFLOW_CTX_TASK_ID=templated
AIRFLOW_CTX_EXECUTION_DATE=2017-07-15T00:00:00+00:00
AIRFLOW_CTX_DAG_RUN_ID=scheduled__2017-07-15T00:00:00+00:00
[2019-03-21 17:30:47,895] {bash_operator.py:100} INFO - Temporary script location: /tmp/airflowtmpwqupfyrq/templated1rkm07br
[2019-03-21 17:30:47,895] {bash_operator.py:110} INFO - Running command: 

    echo "2017-07-15"
    echo "2017-07-22"
    echo "Parameter I passed in"

    echo "2017-07-15"
    echo "2017-07-22"
    echo "Parameter I passed in"

    echo "2017-07-15"
    echo "2017-07-22"
    echo "Parameter I passed in"

    echo "2017-07-15"
    echo "2017-07-22"
    echo "Parameter I passed in"

    echo "2017-07-15"
    echo "2017-07-22"
    echo "Parameter I passed in"

[2019-03-21 17:30:47,906] {bash_operator.py:119} INFO - Output:
[2019-03-21 17:30:47,906] {bash_operator.py:123} INFO - 2017-07-15
[2019-03-21 17:30:47,906] {bash_operator.py:123} INFO - 2017-07-22
[2019-03-21 17:30:47,906] {bash_operator.py:123} INFO - Parameter I passed in
[2019-03-21 17:30:47,906] {bash_operator.py:123} INFO - 2017-07-15
[2019-03-21 17:30:47,906] {bash_operator.py:123} INFO - 2017-07-22
[2019-03-21 17:30:47,906] {bash_operator.py:123} INFO - Parameter I passed in
[2019-03-21 17:30:47,906] {bash_operator.py:123} INFO - 2017-07-15
[2019-03-21 17:30:47,906] {bash_operator.py:123} INFO - 2017-07-22
[2019-03-21 17:30:47,907] {bash_operator.py:123} INFO - Parameter I passed in
[2019-03-21 17:30:47,907] {bash_operator.py:123} INFO - 2017-07-15
[2019-03-21 17:30:47,907] {bash_operator.py:123} INFO - 2017-07-22
[2019-03-21 17:30:47,907] {bash_operator.py:123} INFO - Parameter I passed in
[2019-03-21 17:30:47,907] {bash_operator.py:123} INFO - 2017-07-15
[2019-03-21 17:30:47,907] {bash_operator.py:123} INFO - 2017-07-22
[2019-03-21 17:30:47,907] {bash_operator.py:123} INFO - Parameter I passed in
[2019-03-21 17:30:47,907] {bash_operator.py:127} INFO - Command exited with return code 0
[2019-03-21 17:30:51,692] {logging_mixin.py:95} INFO - [2019-03-21 17:30:51,691] {jobs.py:2527} INFO - Task exited with return code 0
