[2019-03-22 01:03:47,386] {models.py:1359} INFO - Dependencies all met for <TaskInstance: tutorial.templated 2018-08-09T00:00:00+00:00 [queued]>
[2019-03-22 01:03:47,391] {models.py:1359} INFO - Dependencies all met for <TaskInstance: tutorial.templated 2018-08-09T00:00:00+00:00 [queued]>
[2019-03-22 01:03:47,391] {models.py:1571} INFO - 
--------------------------------------------------------------------------------
Starting attempt 1 of 2
--------------------------------------------------------------------------------

[2019-03-22 01:03:47,431] {models.py:1593} INFO - Executing <Task(BashOperator): templated> on 2018-08-09T00:00:00+00:00
[2019-03-22 01:03:47,432] {base_task_runner.py:118} INFO - Running: ['bash', '-c', 'airflow run tutorial templated 2018-08-09T00:00:00+00:00 --job_id 2406 --raw -sd DAGS_FOLDER/example_dags/tutorial.py --cfg_path /tmp/tmpqqfzm2fy']
[2019-03-22 01:03:48,147] {base_task_runner.py:101} INFO - Job 2406: Subtask templated [2019-03-22 01:03:48,146] {__init__.py:51} INFO - Using executor SequentialExecutor
[2019-03-22 01:03:48,375] {base_task_runner.py:101} INFO - Job 2406: Subtask templated [2019-03-22 01:03:48,372] {models.py:273} INFO - Filling up the DagBag from /home/rsandroni/airflow/dags/example_dags/tutorial.py
[2019-03-22 01:03:48,437] {base_task_runner.py:101} INFO - Job 2406: Subtask templated [2019-03-22 01:03:48,436] {cli.py:520} INFO - Running <TaskInstance: tutorial.templated 2018-08-09T00:00:00+00:00 [running]> on host IADAIRP1.globalrs.rack.space
[2019-03-22 01:03:48,452] {bash_operator.py:77} INFO - Tmp dir root location: 
 /tmp
[2019-03-22 01:03:48,453] {bash_operator.py:86} INFO - Exporting the following env vars:
AIRFLOW_CTX_DAG_ID=tutorial
AIRFLOW_CTX_TASK_ID=templated
AIRFLOW_CTX_EXECUTION_DATE=2018-08-09T00:00:00+00:00
AIRFLOW_CTX_DAG_RUN_ID=scheduled__2018-08-09T00:00:00+00:00
[2019-03-22 01:03:48,453] {bash_operator.py:100} INFO - Temporary script location: /tmp/airflowtmp9m1axoz5/templatedi2687gdt
[2019-03-22 01:03:48,453] {bash_operator.py:110} INFO - Running command: 

    echo "2018-08-09"
    echo "2018-08-16"
    echo "Parameter I passed in"

    echo "2018-08-09"
    echo "2018-08-16"
    echo "Parameter I passed in"

    echo "2018-08-09"
    echo "2018-08-16"
    echo "Parameter I passed in"

    echo "2018-08-09"
    echo "2018-08-16"
    echo "Parameter I passed in"

    echo "2018-08-09"
    echo "2018-08-16"
    echo "Parameter I passed in"

[2019-03-22 01:03:48,460] {bash_operator.py:119} INFO - Output:
[2019-03-22 01:03:48,461] {bash_operator.py:123} INFO - 2018-08-09
[2019-03-22 01:03:48,461] {bash_operator.py:123} INFO - 2018-08-16
[2019-03-22 01:03:48,461] {bash_operator.py:123} INFO - Parameter I passed in
[2019-03-22 01:03:48,461] {bash_operator.py:123} INFO - 2018-08-09
[2019-03-22 01:03:48,461] {bash_operator.py:123} INFO - 2018-08-16
[2019-03-22 01:03:48,461] {bash_operator.py:123} INFO - Parameter I passed in
[2019-03-22 01:03:48,461] {bash_operator.py:123} INFO - 2018-08-09
[2019-03-22 01:03:48,461] {bash_operator.py:123} INFO - 2018-08-16
[2019-03-22 01:03:48,461] {bash_operator.py:123} INFO - Parameter I passed in
[2019-03-22 01:03:48,461] {bash_operator.py:123} INFO - 2018-08-09
[2019-03-22 01:03:48,461] {bash_operator.py:123} INFO - 2018-08-16
[2019-03-22 01:03:48,461] {bash_operator.py:123} INFO - Parameter I passed in
[2019-03-22 01:03:48,461] {bash_operator.py:123} INFO - 2018-08-09
[2019-03-22 01:03:48,461] {bash_operator.py:123} INFO - 2018-08-16
[2019-03-22 01:03:48,461] {bash_operator.py:123} INFO - Parameter I passed in
[2019-03-22 01:03:48,462] {bash_operator.py:127} INFO - Command exited with return code 0
[2019-03-22 01:03:52,341] {logging_mixin.py:95} INFO - [2019-03-22 01:03:52,340] {jobs.py:2527} INFO - Task exited with return code 0
