[2019-03-19 12:48:50,032] {models.py:1359} INFO - Dependencies all met for <TaskInstance: tutorial.print_date 2016-04-20T00:00:00+00:00 [queued]>
[2019-03-19 12:48:50,035] {models.py:1359} INFO - Dependencies all met for <TaskInstance: tutorial.print_date 2016-04-20T00:00:00+00:00 [queued]>
[2019-03-19 12:48:50,035] {models.py:1571} INFO - 
--------------------------------------------------------------------------------
Starting attempt 1 of 2
--------------------------------------------------------------------------------

[2019-03-19 12:48:50,081] {models.py:1593} INFO - Executing <Task(BashOperator): print_date> on 2016-04-20T00:00:00+00:00
[2019-03-19 12:48:50,081] {base_task_runner.py:118} INFO - Running: ['bash', '-c', 'airflow run tutorial print_date 2016-04-20T00:00:00+00:00 --job_id 654 --raw -sd DAGS_FOLDER/tutorial.py --cfg_path /tmp/tmpk8z_vk7a']
[2019-03-19 12:48:51,108] {base_task_runner.py:101} INFO - Job 654: Subtask print_date [2019-03-19 12:48:51,107] {__init__.py:51} INFO - Using executor SequentialExecutor
[2019-03-19 12:48:51,535] {base_task_runner.py:101} INFO - Job 654: Subtask print_date [2019-03-19 12:48:51,529] {models.py:273} INFO - Filling up the DagBag from /home/rsandroni/airflow/dags/tutorial.py
[2019-03-19 12:48:51,559] {base_task_runner.py:101} INFO - Job 654: Subtask print_date [2019-03-19 12:48:51,558] {cli.py:520} INFO - Running <TaskInstance: tutorial.print_date 2016-04-20T00:00:00+00:00 [running]> on host IADAIRP1.globalrs.rack.space
[2019-03-19 12:48:51,602] {bash_operator.py:77} INFO - Tmp dir root location: 
 /tmp
[2019-03-19 12:48:51,602] {bash_operator.py:86} INFO - Exporting the following env vars:
AIRFLOW_CTX_DAG_ID=tutorial
AIRFLOW_CTX_TASK_ID=print_date
AIRFLOW_CTX_EXECUTION_DATE=2016-04-20T00:00:00+00:00
AIRFLOW_CTX_DAG_RUN_ID=scheduled__2016-04-20T00:00:00+00:00
[2019-03-19 12:48:51,603] {bash_operator.py:100} INFO - Temporary script location: /tmp/airflowtmpmkjrmpkd/print_datecooqxsu4
[2019-03-19 12:48:51,603] {bash_operator.py:110} INFO - Running command: date
[2019-03-19 12:48:51,609] {bash_operator.py:119} INFO - Output:
[2019-03-19 12:48:51,612] {bash_operator.py:123} INFO - Ter Mar 19 12:48:51 -03 2019
[2019-03-19 12:48:51,613] {bash_operator.py:127} INFO - Command exited with return code 0
[2019-03-19 12:48:54,980] {logging_mixin.py:95} INFO - [2019-03-19 12:48:54,979] {jobs.py:2527} INFO - Task exited with return code 0
