[2019-03-21 19:47:36,816] {models.py:1359} INFO - Dependencies all met for <TaskInstance: tutorial.print_date 2017-12-12T00:00:00+00:00 [queued]>
[2019-03-21 19:47:36,819] {models.py:1359} INFO - Dependencies all met for <TaskInstance: tutorial.print_date 2017-12-12T00:00:00+00:00 [queued]>
[2019-03-21 19:47:36,819] {models.py:1571} INFO - 
--------------------------------------------------------------------------------
Starting attempt 1 of 2
--------------------------------------------------------------------------------

[2019-03-21 19:47:36,835] {models.py:1593} INFO - Executing <Task(BashOperator): print_date> on 2017-12-12T00:00:00+00:00
[2019-03-21 19:47:36,835] {base_task_runner.py:118} INFO - Running: ['bash', '-c', 'airflow run tutorial print_date 2017-12-12T00:00:00+00:00 --job_id 1924 --raw -sd DAGS_FOLDER/tutorial.py --cfg_path /tmp/tmpjf13jt_a']
[2019-03-21 19:47:37,472] {base_task_runner.py:101} INFO - Job 1924: Subtask print_date [2019-03-21 19:47:37,472] {__init__.py:51} INFO - Using executor SequentialExecutor
[2019-03-21 19:47:37,701] {base_task_runner.py:101} INFO - Job 1924: Subtask print_date [2019-03-21 19:47:37,700] {models.py:273} INFO - Filling up the DagBag from /home/rsandroni/airflow/dags/tutorial.py
[2019-03-21 19:47:37,716] {base_task_runner.py:101} INFO - Job 1924: Subtask print_date [2019-03-21 19:47:37,716] {cli.py:520} INFO - Running <TaskInstance: tutorial.print_date 2017-12-12T00:00:00+00:00 [running]> on host IADAIRP1.globalrs.rack.space
[2019-03-21 19:47:37,728] {bash_operator.py:77} INFO - Tmp dir root location: 
 /tmp
[2019-03-21 19:47:37,729] {bash_operator.py:86} INFO - Exporting the following env vars:
AIRFLOW_CTX_DAG_ID=tutorial
AIRFLOW_CTX_TASK_ID=print_date
AIRFLOW_CTX_EXECUTION_DATE=2017-12-12T00:00:00+00:00
AIRFLOW_CTX_DAG_RUN_ID=scheduled__2017-12-12T00:00:00+00:00
[2019-03-21 19:47:37,729] {bash_operator.py:100} INFO - Temporary script location: /tmp/airflowtmp2r54ami8/print_datesk4mp3j1
[2019-03-21 19:47:37,729] {bash_operator.py:110} INFO - Running command: date
[2019-03-21 19:47:37,735] {bash_operator.py:119} INFO - Output:
[2019-03-21 19:47:37,737] {bash_operator.py:123} INFO - Qui Mar 21 19:47:37 -03 2019
[2019-03-21 19:47:37,737] {bash_operator.py:127} INFO - Command exited with return code 0
[2019-03-21 19:47:41,821] {logging_mixin.py:95} INFO - [2019-03-21 19:47:41,820] {jobs.py:2527} INFO - Task exited with return code 0
