[2019-03-19 15:47:00,276] {models.py:1359} INFO - Dependencies all met for <TaskInstance: tutorial.templated 2017-04-30T00:00:00+00:00 [queued]>
[2019-03-19 15:47:00,281] {models.py:1359} INFO - Dependencies all met for <TaskInstance: tutorial.templated 2017-04-30T00:00:00+00:00 [queued]>
[2019-03-19 15:47:00,281] {models.py:1571} INFO - 
--------------------------------------------------------------------------------
Starting attempt 1 of 2
--------------------------------------------------------------------------------

[2019-03-19 15:47:00,293] {models.py:1593} INFO - Executing <Task(BashOperator): templated> on 2017-04-30T00:00:00+00:00
[2019-03-19 15:47:00,294] {base_task_runner.py:118} INFO - Running: ['bash', '-c', 'airflow run tutorial templated 2017-04-30T00:00:00+00:00 --job_id 1407 --raw -sd DAGS_FOLDER/sql_server_load.py --cfg_path /tmp/tmpgfsjngee']
[2019-03-19 15:47:00,907] {base_task_runner.py:101} INFO - Job 1407: Subtask templated [2019-03-19 15:47:00,906] {__init__.py:51} INFO - Using executor SequentialExecutor
[2019-03-19 15:47:01,139] {base_task_runner.py:101} INFO - Job 1407: Subtask templated [2019-03-19 15:47:01,137] {models.py:273} INFO - Filling up the DagBag from /home/rsandroni/airflow/dags/sql_server_load.py
[2019-03-19 15:47:01,157] {base_task_runner.py:101} INFO - Job 1407: Subtask templated [2019-03-19 15:47:01,156] {cli.py:520} INFO - Running <TaskInstance: tutorial.templated 2017-04-30T00:00:00+00:00 [running]> on host IADAIRP1.globalrs.rack.space
[2019-03-19 15:47:01,172] {bash_operator.py:77} INFO - Tmp dir root location: 
 /tmp
[2019-03-19 15:47:01,172] {bash_operator.py:86} INFO - Exporting the following env vars:
AIRFLOW_CTX_DAG_ID=tutorial
AIRFLOW_CTX_TASK_ID=templated
AIRFLOW_CTX_EXECUTION_DATE=2017-04-30T00:00:00+00:00
AIRFLOW_CTX_DAG_RUN_ID=scheduled__2017-04-30T00:00:00+00:00
[2019-03-19 15:47:01,172] {bash_operator.py:100} INFO - Temporary script location: /tmp/airflowtmprtjkib8j/templated_980whxf
[2019-03-19 15:47:01,172] {bash_operator.py:110} INFO - Running command: 
    
        echo "2017-04-30"
        echo "Parameter I passed in"
    
        echo "2017-04-30"
        echo "Parameter I passed in"
    
        echo "2017-04-30"
        echo "Parameter I passed in"
    
        echo "2017-04-30"
        echo "Parameter I passed in"
    
        echo "2017-04-30"
        echo "Parameter I passed in"
    
    
[2019-03-19 15:47:01,178] {bash_operator.py:119} INFO - Output:
[2019-03-19 15:47:01,179] {bash_operator.py:123} INFO - 2017-04-30
[2019-03-19 15:47:01,179] {bash_operator.py:123} INFO - Parameter I passed in
[2019-03-19 15:47:01,179] {bash_operator.py:123} INFO - 2017-04-30
[2019-03-19 15:47:01,179] {bash_operator.py:123} INFO - Parameter I passed in
[2019-03-19 15:47:01,179] {bash_operator.py:123} INFO - 2017-04-30
[2019-03-19 15:47:01,179] {bash_operator.py:123} INFO - Parameter I passed in
[2019-03-19 15:47:01,179] {bash_operator.py:123} INFO - 2017-04-30
[2019-03-19 15:47:01,179] {bash_operator.py:123} INFO - Parameter I passed in
[2019-03-19 15:47:01,179] {bash_operator.py:123} INFO - 2017-04-30
[2019-03-19 15:47:01,179] {bash_operator.py:123} INFO - Parameter I passed in
[2019-03-19 15:47:01,179] {bash_operator.py:127} INFO - Command exited with return code 0
[2019-03-19 15:47:05,298] {logging_mixin.py:95} INFO - [2019-03-19 15:47:05,298] {jobs.py:2527} INFO - Task exited with return code 0
