[2019-03-22 03:51:03,510] {models.py:1359} INFO - Dependencies all met for <TaskInstance: tutorial.print_date 2018-12-15T00:00:00+00:00 [queued]>
[2019-03-22 03:51:03,516] {models.py:1359} INFO - Dependencies all met for <TaskInstance: tutorial.print_date 2018-12-15T00:00:00+00:00 [queued]>
[2019-03-22 03:51:03,516] {models.py:1571} INFO - 
--------------------------------------------------------------------------------
Starting attempt 1 of 2
--------------------------------------------------------------------------------

[2019-03-22 03:51:03,559] {models.py:1593} INFO - Executing <Task(BashOperator): print_date> on 2018-12-15T00:00:00+00:00
[2019-03-22 03:51:03,559] {base_task_runner.py:118} INFO - Running: ['bash', '-c', 'airflow run tutorial print_date 2018-12-15T00:00:00+00:00 --job_id 2660 --raw -sd DAGS_FOLDER/tutorial.py --cfg_path /tmp/tmpmhyd_3g5']
[2019-03-22 03:51:05,064] {base_task_runner.py:101} INFO - Job 2660: Subtask print_date [2019-03-22 03:51:05,060] {__init__.py:51} INFO - Using executor SequentialExecutor
[2019-03-22 03:51:05,678] {base_task_runner.py:101} INFO - Job 2660: Subtask print_date [2019-03-22 03:51:05,675] {models.py:273} INFO - Filling up the DagBag from /home/rsandroni/airflow/dags/tutorial.py
[2019-03-22 03:51:05,729] {base_task_runner.py:101} INFO - Job 2660: Subtask print_date [2019-03-22 03:51:05,729] {cli.py:520} INFO - Running <TaskInstance: tutorial.print_date 2018-12-15T00:00:00+00:00 [running]> on host IADAIRP1.globalrs.rack.space
[2019-03-22 03:51:05,762] {bash_operator.py:77} INFO - Tmp dir root location: 
 /tmp
[2019-03-22 03:51:05,762] {bash_operator.py:86} INFO - Exporting the following env vars:
AIRFLOW_CTX_DAG_ID=tutorial
AIRFLOW_CTX_TASK_ID=print_date
AIRFLOW_CTX_EXECUTION_DATE=2018-12-15T00:00:00+00:00
AIRFLOW_CTX_DAG_RUN_ID=scheduled__2018-12-15T00:00:00+00:00
[2019-03-22 03:51:05,763] {bash_operator.py:100} INFO - Temporary script location: /tmp/airflowtmpczedvtyw/print_datewtruw5uy
[2019-03-22 03:51:05,763] {bash_operator.py:110} INFO - Running command: date
[2019-03-22 03:51:05,795] {bash_operator.py:119} INFO - Output:
[2019-03-22 03:51:05,825] {bash_operator.py:123} INFO - Sex Mar 22 03:51:05 -03 2019
[2019-03-22 03:51:05,825] {bash_operator.py:127} INFO - Command exited with return code 0
[2019-03-22 03:51:08,432] {logging_mixin.py:95} INFO - [2019-03-22 03:51:08,431] {jobs.py:2527} INFO - Task exited with return code 0
