[2019-03-19 10:40:10,337] {models.py:1359} INFO - Dependencies all met for <TaskInstance: tutorial.print_date 2015-07-21T00:00:00+00:00 [queued]>
[2019-03-19 10:40:10,339] {models.py:1359} INFO - Dependencies all met for <TaskInstance: tutorial.print_date 2015-07-21T00:00:00+00:00 [queued]>
[2019-03-19 10:40:10,339] {models.py:1571} INFO - 
--------------------------------------------------------------------------------
Starting attempt 1 of 2
--------------------------------------------------------------------------------

[2019-03-19 10:40:10,355] {models.py:1593} INFO - Executing <Task(BashOperator): print_date> on 2015-07-21T00:00:00+00:00
[2019-03-19 10:40:10,355] {base_task_runner.py:118} INFO - Running: ['bash', '-c', 'airflow run tutorial print_date 2015-07-21T00:00:00+00:00 --job_id 105 --raw -sd DAGS_FOLDER/tutorial.py --cfg_path /tmp/tmplbnn9axu']
[2019-03-19 10:40:10,956] {base_task_runner.py:101} INFO - Job 105: Subtask print_date [2019-03-19 10:40:10,955] {__init__.py:51} INFO - Using executor SequentialExecutor
[2019-03-19 10:40:11,190] {base_task_runner.py:101} INFO - Job 105: Subtask print_date [2019-03-19 10:40:11,189] {models.py:273} INFO - Filling up the DagBag from /home/rsandroni/airflow/dags/tutorial.py
[2019-03-19 10:40:11,205] {base_task_runner.py:101} INFO - Job 105: Subtask print_date [2019-03-19 10:40:11,204] {cli.py:520} INFO - Running <TaskInstance: tutorial.print_date 2015-07-21T00:00:00+00:00 [running]> on host IADAIRP1.globalrs.rack.space
[2019-03-19 10:40:11,217] {bash_operator.py:77} INFO - Tmp dir root location: 
 /tmp
[2019-03-19 10:40:11,217] {bash_operator.py:86} INFO - Exporting the following env vars:
AIRFLOW_CTX_DAG_ID=tutorial
AIRFLOW_CTX_TASK_ID=print_date
AIRFLOW_CTX_EXECUTION_DATE=2015-07-21T00:00:00+00:00
AIRFLOW_CTX_DAG_RUN_ID=scheduled__2015-07-21T00:00:00+00:00
[2019-03-19 10:40:11,217] {bash_operator.py:100} INFO - Temporary script location: /tmp/airflowtmpja4dv07u/print_dated69vlptp
[2019-03-19 10:40:11,217] {bash_operator.py:110} INFO - Running command: date
[2019-03-19 10:40:11,223] {bash_operator.py:119} INFO - Output:
[2019-03-19 10:40:11,225] {bash_operator.py:123} INFO - Ter Mar 19 10:40:11 -03 2019
[2019-03-19 10:40:11,225] {bash_operator.py:127} INFO - Command exited with return code 0
[2019-03-19 10:40:15,346] {logging_mixin.py:95} INFO - [2019-03-19 10:40:15,345] {jobs.py:2527} INFO - Task exited with return code 0
