[2019-03-21 17:41:34,413] {models.py:1359} INFO - Dependencies all met for <TaskInstance: tutorial.templated 2017-08-01T00:00:00+00:00 [queued]>
[2019-03-21 17:41:34,418] {models.py:1359} INFO - Dependencies all met for <TaskInstance: tutorial.templated 2017-08-01T00:00:00+00:00 [queued]>
[2019-03-21 17:41:34,418] {models.py:1571} INFO - 
--------------------------------------------------------------------------------
Starting attempt 1 of 2
--------------------------------------------------------------------------------

[2019-03-21 17:41:34,443] {models.py:1593} INFO - Executing <Task(BashOperator): templated> on 2017-08-01T00:00:00+00:00
[2019-03-21 17:41:34,444] {base_task_runner.py:118} INFO - Running: ['bash', '-c', 'airflow run tutorial templated 2017-08-01T00:00:00+00:00 --job_id 1632 --raw -sd DAGS_FOLDER/example_dags/tutorial.py --cfg_path /tmp/tmpkbgqvxkc']
[2019-03-21 17:41:35,198] {base_task_runner.py:101} INFO - Job 1632: Subtask templated [2019-03-21 17:41:35,198] {__init__.py:51} INFO - Using executor SequentialExecutor
[2019-03-21 17:41:35,498] {base_task_runner.py:101} INFO - Job 1632: Subtask templated [2019-03-21 17:41:35,497] {models.py:273} INFO - Filling up the DagBag from /home/rsandroni/airflow/dags/example_dags/tutorial.py
[2019-03-21 17:41:35,566] {base_task_runner.py:101} INFO - Job 1632: Subtask templated [2019-03-21 17:41:35,565] {cli.py:520} INFO - Running <TaskInstance: tutorial.templated 2017-08-01T00:00:00+00:00 [running]> on host IADAIRP1.globalrs.rack.space
[2019-03-21 17:41:35,581] {bash_operator.py:77} INFO - Tmp dir root location: 
 /tmp
[2019-03-21 17:41:35,582] {bash_operator.py:86} INFO - Exporting the following env vars:
AIRFLOW_CTX_DAG_ID=tutorial
AIRFLOW_CTX_TASK_ID=templated
AIRFLOW_CTX_EXECUTION_DATE=2017-08-01T00:00:00+00:00
AIRFLOW_CTX_DAG_RUN_ID=scheduled__2017-08-01T00:00:00+00:00
[2019-03-21 17:41:35,582] {bash_operator.py:100} INFO - Temporary script location: /tmp/airflowtmp_afkb6hu/templatedlciiluri
[2019-03-21 17:41:35,582] {bash_operator.py:110} INFO - Running command: 

    echo "2017-08-01"
    echo "2017-08-08"
    echo "Parameter I passed in"

    echo "2017-08-01"
    echo "2017-08-08"
    echo "Parameter I passed in"

    echo "2017-08-01"
    echo "2017-08-08"
    echo "Parameter I passed in"

    echo "2017-08-01"
    echo "2017-08-08"
    echo "Parameter I passed in"

    echo "2017-08-01"
    echo "2017-08-08"
    echo "Parameter I passed in"

[2019-03-21 17:41:35,588] {bash_operator.py:119} INFO - Output:
[2019-03-21 17:41:35,589] {bash_operator.py:123} INFO - 2017-08-01
[2019-03-21 17:41:35,589] {bash_operator.py:123} INFO - 2017-08-08
[2019-03-21 17:41:35,589] {bash_operator.py:123} INFO - Parameter I passed in
[2019-03-21 17:41:35,589] {bash_operator.py:123} INFO - 2017-08-01
[2019-03-21 17:41:35,589] {bash_operator.py:123} INFO - 2017-08-08
[2019-03-21 17:41:35,589] {bash_operator.py:123} INFO - Parameter I passed in
[2019-03-21 17:41:35,589] {bash_operator.py:123} INFO - 2017-08-01
[2019-03-21 17:41:35,589] {bash_operator.py:123} INFO - 2017-08-08
[2019-03-21 17:41:35,589] {bash_operator.py:123} INFO - Parameter I passed in
[2019-03-21 17:41:35,590] {bash_operator.py:123} INFO - 2017-08-01
[2019-03-21 17:41:35,590] {bash_operator.py:123} INFO - 2017-08-08
[2019-03-21 17:41:35,590] {bash_operator.py:123} INFO - Parameter I passed in
[2019-03-21 17:41:35,590] {bash_operator.py:123} INFO - 2017-08-01
[2019-03-21 17:41:35,590] {bash_operator.py:123} INFO - 2017-08-08
[2019-03-21 17:41:35,590] {bash_operator.py:123} INFO - Parameter I passed in
[2019-03-21 17:41:35,590] {bash_operator.py:127} INFO - Command exited with return code 0
[2019-03-21 17:41:39,441] {logging_mixin.py:95} INFO - [2019-03-21 17:41:39,440] {jobs.py:2527} INFO - Task exited with return code 0
