[2019-03-21 16:57:47,412] {models.py:1359} INFO - Dependencies all met for <TaskInstance: tutorial.templated 2017-05-23T00:00:00+00:00 [queued]>
[2019-03-21 16:57:47,417] {models.py:1359} INFO - Dependencies all met for <TaskInstance: tutorial.templated 2017-05-23T00:00:00+00:00 [queued]>
[2019-03-21 16:57:47,417] {models.py:1571} INFO - 
--------------------------------------------------------------------------------
Starting attempt 1 of 2
--------------------------------------------------------------------------------

[2019-03-21 16:57:47,432] {models.py:1593} INFO - Executing <Task(BashOperator): templated> on 2017-05-23T00:00:00+00:00
[2019-03-21 16:57:47,432] {base_task_runner.py:118} INFO - Running: ['bash', '-c', 'airflow run tutorial templated 2017-05-23T00:00:00+00:00 --job_id 1457 --raw -sd DAGS_FOLDER/example_dags/tutorial.py --cfg_path /tmp/tmpo9lz8map']
[2019-03-21 16:57:48,075] {base_task_runner.py:101} INFO - Job 1457: Subtask templated [2019-03-21 16:57:48,074] {__init__.py:51} INFO - Using executor SequentialExecutor
[2019-03-21 16:57:48,307] {base_task_runner.py:101} INFO - Job 1457: Subtask templated [2019-03-21 16:57:48,306] {models.py:273} INFO - Filling up the DagBag from /home/rsandroni/airflow/dags/example_dags/tutorial.py
[2019-03-21 16:57:48,373] {base_task_runner.py:101} INFO - Job 1457: Subtask templated [2019-03-21 16:57:48,372] {cli.py:520} INFO - Running <TaskInstance: tutorial.templated 2017-05-23T00:00:00+00:00 [running]> on host IADAIRP1.globalrs.rack.space
[2019-03-21 16:57:48,391] {bash_operator.py:77} INFO - Tmp dir root location: 
 /tmp
[2019-03-21 16:57:48,392] {bash_operator.py:86} INFO - Exporting the following env vars:
AIRFLOW_CTX_DAG_ID=tutorial
AIRFLOW_CTX_TASK_ID=templated
AIRFLOW_CTX_EXECUTION_DATE=2017-05-23T00:00:00+00:00
AIRFLOW_CTX_DAG_RUN_ID=scheduled__2017-05-23T00:00:00+00:00
[2019-03-21 16:57:48,392] {bash_operator.py:100} INFO - Temporary script location: /tmp/airflowtmpldocna_m/templated_s_mpple
[2019-03-21 16:57:48,392] {bash_operator.py:110} INFO - Running command: 

    echo "2017-05-23"
    echo "2017-05-30"
    echo "Parameter I passed in"

    echo "2017-05-23"
    echo "2017-05-30"
    echo "Parameter I passed in"

    echo "2017-05-23"
    echo "2017-05-30"
    echo "Parameter I passed in"

    echo "2017-05-23"
    echo "2017-05-30"
    echo "Parameter I passed in"

    echo "2017-05-23"
    echo "2017-05-30"
    echo "Parameter I passed in"

[2019-03-21 16:57:48,398] {bash_operator.py:119} INFO - Output:
[2019-03-21 16:57:48,400] {bash_operator.py:123} INFO - 2017-05-23
[2019-03-21 16:57:48,400] {bash_operator.py:123} INFO - 2017-05-30
[2019-03-21 16:57:48,400] {bash_operator.py:123} INFO - Parameter I passed in
[2019-03-21 16:57:48,400] {bash_operator.py:123} INFO - 2017-05-23
[2019-03-21 16:57:48,400] {bash_operator.py:123} INFO - 2017-05-30
[2019-03-21 16:57:48,400] {bash_operator.py:123} INFO - Parameter I passed in
[2019-03-21 16:57:48,400] {bash_operator.py:123} INFO - 2017-05-23
[2019-03-21 16:57:48,400] {bash_operator.py:123} INFO - 2017-05-30
[2019-03-21 16:57:48,400] {bash_operator.py:123} INFO - Parameter I passed in
[2019-03-21 16:57:48,400] {bash_operator.py:123} INFO - 2017-05-23
[2019-03-21 16:57:48,400] {bash_operator.py:123} INFO - 2017-05-30
[2019-03-21 16:57:48,400] {bash_operator.py:123} INFO - Parameter I passed in
[2019-03-21 16:57:48,400] {bash_operator.py:123} INFO - 2017-05-23
[2019-03-21 16:57:48,400] {bash_operator.py:123} INFO - 2017-05-30
[2019-03-21 16:57:48,400] {bash_operator.py:123} INFO - Parameter I passed in
[2019-03-21 16:57:48,400] {bash_operator.py:127} INFO - Command exited with return code 0
[2019-03-21 16:57:52,422] {logging_mixin.py:95} INFO - [2019-03-21 16:57:52,421] {jobs.py:2527} INFO - Task exited with return code 0
