[2019-03-21 22:00:30,121] {models.py:1359} INFO - Dependencies all met for <TaskInstance: tutorial.templated 2018-03-22T00:00:00+00:00 [queued]>
[2019-03-21 22:00:30,126] {models.py:1359} INFO - Dependencies all met for <TaskInstance: tutorial.templated 2018-03-22T00:00:00+00:00 [queued]>
[2019-03-21 22:00:30,126] {models.py:1571} INFO - 
--------------------------------------------------------------------------------
Starting attempt 1 of 2
--------------------------------------------------------------------------------

[2019-03-21 22:00:30,143] {models.py:1593} INFO - Executing <Task(BashOperator): templated> on 2018-03-22T00:00:00+00:00
[2019-03-21 22:00:30,143] {base_task_runner.py:118} INFO - Running: ['bash', '-c', 'airflow run tutorial templated 2018-03-22T00:00:00+00:00 --job_id 2126 --raw -sd DAGS_FOLDER/example_dags/tutorial.py --cfg_path /tmp/tmpvz9u018z']
[2019-03-21 22:00:30,776] {base_task_runner.py:101} INFO - Job 2126: Subtask templated [2019-03-21 22:00:30,776] {__init__.py:51} INFO - Using executor SequentialExecutor
[2019-03-21 22:00:31,016] {base_task_runner.py:101} INFO - Job 2126: Subtask templated [2019-03-21 22:00:31,016] {models.py:273} INFO - Filling up the DagBag from /home/rsandroni/airflow/dags/example_dags/tutorial.py
[2019-03-21 22:00:31,079] {base_task_runner.py:101} INFO - Job 2126: Subtask templated [2019-03-21 22:00:31,079] {cli.py:520} INFO - Running <TaskInstance: tutorial.templated 2018-03-22T00:00:00+00:00 [running]> on host IADAIRP1.globalrs.rack.space
[2019-03-21 22:00:31,095] {bash_operator.py:77} INFO - Tmp dir root location: 
 /tmp
[2019-03-21 22:00:31,095] {bash_operator.py:86} INFO - Exporting the following env vars:
AIRFLOW_CTX_DAG_ID=tutorial
AIRFLOW_CTX_TASK_ID=templated
AIRFLOW_CTX_EXECUTION_DATE=2018-03-22T00:00:00+00:00
AIRFLOW_CTX_DAG_RUN_ID=scheduled__2018-03-22T00:00:00+00:00
[2019-03-21 22:00:31,096] {bash_operator.py:100} INFO - Temporary script location: /tmp/airflowtmpd2ik8oa5/templatedhljo9diu
[2019-03-21 22:00:31,096] {bash_operator.py:110} INFO - Running command: 

    echo "2018-03-22"
    echo "2018-03-29"
    echo "Parameter I passed in"

    echo "2018-03-22"
    echo "2018-03-29"
    echo "Parameter I passed in"

    echo "2018-03-22"
    echo "2018-03-29"
    echo "Parameter I passed in"

    echo "2018-03-22"
    echo "2018-03-29"
    echo "Parameter I passed in"

    echo "2018-03-22"
    echo "2018-03-29"
    echo "Parameter I passed in"

[2019-03-21 22:00:31,101] {bash_operator.py:119} INFO - Output:
[2019-03-21 22:00:31,103] {bash_operator.py:123} INFO - 2018-03-22
[2019-03-21 22:00:31,103] {bash_operator.py:123} INFO - 2018-03-29
[2019-03-21 22:00:31,103] {bash_operator.py:123} INFO - Parameter I passed in
[2019-03-21 22:00:31,103] {bash_operator.py:123} INFO - 2018-03-22
[2019-03-21 22:00:31,103] {bash_operator.py:123} INFO - 2018-03-29
[2019-03-21 22:00:31,103] {bash_operator.py:123} INFO - Parameter I passed in
[2019-03-21 22:00:31,103] {bash_operator.py:123} INFO - 2018-03-22
[2019-03-21 22:00:31,103] {bash_operator.py:123} INFO - 2018-03-29
[2019-03-21 22:00:31,103] {bash_operator.py:123} INFO - Parameter I passed in
[2019-03-21 22:00:31,103] {bash_operator.py:123} INFO - 2018-03-22
[2019-03-21 22:00:31,103] {bash_operator.py:123} INFO - 2018-03-29
[2019-03-21 22:00:31,103] {bash_operator.py:123} INFO - Parameter I passed in
[2019-03-21 22:00:31,103] {bash_operator.py:123} INFO - 2018-03-22
[2019-03-21 22:00:31,103] {bash_operator.py:123} INFO - 2018-03-29
[2019-03-21 22:00:31,103] {bash_operator.py:123} INFO - Parameter I passed in
[2019-03-21 22:00:31,103] {bash_operator.py:127} INFO - Command exited with return code 0
[2019-03-21 22:00:35,125] {logging_mixin.py:95} INFO - [2019-03-21 22:00:35,124] {jobs.py:2527} INFO - Task exited with return code 0
