[2019-03-22 05:07:15,454] {models.py:1359} INFO - Dependencies all met for <TaskInstance: tutorial.templated 2019-02-10T00:00:00+00:00 [queued]>
[2019-03-22 05:07:15,460] {models.py:1359} INFO - Dependencies all met for <TaskInstance: tutorial.templated 2019-02-10T00:00:00+00:00 [queued]>
[2019-03-22 05:07:15,460] {models.py:1571} INFO - 
--------------------------------------------------------------------------------
Starting attempt 1 of 2
--------------------------------------------------------------------------------

[2019-03-22 05:07:15,502] {models.py:1593} INFO - Executing <Task(BashOperator): templated> on 2019-02-10T00:00:00+00:00
[2019-03-22 05:07:15,503] {base_task_runner.py:118} INFO - Running: ['bash', '-c', 'airflow run tutorial templated 2019-02-10T00:00:00+00:00 --job_id 2775 --raw -sd DAGS_FOLDER/example_dags/tutorial.py --cfg_path /tmp/tmp73h70nu9']
[2019-03-22 05:07:16,309] {base_task_runner.py:101} INFO - Job 2775: Subtask templated [2019-03-22 05:07:16,308] {__init__.py:51} INFO - Using executor SequentialExecutor
[2019-03-22 05:07:16,647] {base_task_runner.py:101} INFO - Job 2775: Subtask templated [2019-03-22 05:07:16,645] {models.py:273} INFO - Filling up the DagBag from /home/rsandroni/airflow/dags/example_dags/tutorial.py
[2019-03-22 05:07:16,716] {base_task_runner.py:101} INFO - Job 2775: Subtask templated [2019-03-22 05:07:16,715] {cli.py:520} INFO - Running <TaskInstance: tutorial.templated 2019-02-10T00:00:00+00:00 [running]> on host IADAIRP1.globalrs.rack.space
[2019-03-22 05:07:16,743] {bash_operator.py:77} INFO - Tmp dir root location: 
 /tmp
[2019-03-22 05:07:16,744] {bash_operator.py:86} INFO - Exporting the following env vars:
AIRFLOW_CTX_DAG_ID=tutorial
AIRFLOW_CTX_TASK_ID=templated
AIRFLOW_CTX_EXECUTION_DATE=2019-02-10T00:00:00+00:00
AIRFLOW_CTX_DAG_RUN_ID=scheduled__2019-02-10T00:00:00+00:00
[2019-03-22 05:07:16,744] {bash_operator.py:100} INFO - Temporary script location: /tmp/airflowtmpdl6arboy/templatedbxbt4n_p
[2019-03-22 05:07:16,745] {bash_operator.py:110} INFO - Running command: 

    echo "2019-02-10"
    echo "2019-02-17"
    echo "Parameter I passed in"

    echo "2019-02-10"
    echo "2019-02-17"
    echo "Parameter I passed in"

    echo "2019-02-10"
    echo "2019-02-17"
    echo "Parameter I passed in"

    echo "2019-02-10"
    echo "2019-02-17"
    echo "Parameter I passed in"

    echo "2019-02-10"
    echo "2019-02-17"
    echo "Parameter I passed in"

[2019-03-22 05:07:16,763] {bash_operator.py:119} INFO - Output:
[2019-03-22 05:07:16,764] {bash_operator.py:123} INFO - 2019-02-10
[2019-03-22 05:07:16,764] {bash_operator.py:123} INFO - 2019-02-17
[2019-03-22 05:07:16,764] {bash_operator.py:123} INFO - Parameter I passed in
[2019-03-22 05:07:16,764] {bash_operator.py:123} INFO - 2019-02-10
[2019-03-22 05:07:16,764] {bash_operator.py:123} INFO - 2019-02-17
[2019-03-22 05:07:16,765] {bash_operator.py:123} INFO - Parameter I passed in
[2019-03-22 05:07:16,765] {bash_operator.py:123} INFO - 2019-02-10
[2019-03-22 05:07:16,765] {bash_operator.py:123} INFO - 2019-02-17
[2019-03-22 05:07:16,765] {bash_operator.py:123} INFO - Parameter I passed in
[2019-03-22 05:07:16,765] {bash_operator.py:123} INFO - 2019-02-10
[2019-03-22 05:07:16,765] {bash_operator.py:123} INFO - 2019-02-17
[2019-03-22 05:07:16,765] {bash_operator.py:123} INFO - Parameter I passed in
[2019-03-22 05:07:16,765] {bash_operator.py:123} INFO - 2019-02-10
[2019-03-22 05:07:16,765] {bash_operator.py:123} INFO - 2019-02-17
[2019-03-22 05:07:16,765] {bash_operator.py:123} INFO - Parameter I passed in
[2019-03-22 05:07:16,765] {bash_operator.py:127} INFO - Command exited with return code 0
[2019-03-22 05:07:20,434] {logging_mixin.py:95} INFO - [2019-03-22 05:07:20,433] {jobs.py:2527} INFO - Task exited with return code 0
