[2019-03-21 17:57:58,176] {models.py:1359} INFO - Dependencies all met for <TaskInstance: tutorial.templated 2017-08-27T00:00:00+00:00 [queued]>
[2019-03-21 17:57:58,181] {models.py:1359} INFO - Dependencies all met for <TaskInstance: tutorial.templated 2017-08-27T00:00:00+00:00 [queued]>
[2019-03-21 17:57:58,181] {models.py:1571} INFO - 
--------------------------------------------------------------------------------
Starting attempt 1 of 2
--------------------------------------------------------------------------------

[2019-03-21 17:57:58,200] {models.py:1593} INFO - Executing <Task(BashOperator): templated> on 2017-08-27T00:00:00+00:00
[2019-03-21 17:57:58,200] {base_task_runner.py:118} INFO - Running: ['bash', '-c', 'airflow run tutorial templated 2017-08-27T00:00:00+00:00 --job_id 1697 --raw -sd DAGS_FOLDER/example_dags/tutorial.py --cfg_path /tmp/tmpn41jbgpo']
[2019-03-21 17:57:58,842] {base_task_runner.py:101} INFO - Job 1697: Subtask templated [2019-03-21 17:57:58,841] {__init__.py:51} INFO - Using executor SequentialExecutor
[2019-03-21 17:57:59,079] {base_task_runner.py:101} INFO - Job 1697: Subtask templated [2019-03-21 17:57:59,078] {models.py:273} INFO - Filling up the DagBag from /home/rsandroni/airflow/dags/example_dags/tutorial.py
[2019-03-21 17:57:59,145] {base_task_runner.py:101} INFO - Job 1697: Subtask templated [2019-03-21 17:57:59,145] {cli.py:520} INFO - Running <TaskInstance: tutorial.templated 2017-08-27T00:00:00+00:00 [running]> on host IADAIRP1.globalrs.rack.space
[2019-03-21 17:57:59,162] {bash_operator.py:77} INFO - Tmp dir root location: 
 /tmp
[2019-03-21 17:57:59,163] {bash_operator.py:86} INFO - Exporting the following env vars:
AIRFLOW_CTX_DAG_ID=tutorial
AIRFLOW_CTX_TASK_ID=templated
AIRFLOW_CTX_EXECUTION_DATE=2017-08-27T00:00:00+00:00
AIRFLOW_CTX_DAG_RUN_ID=scheduled__2017-08-27T00:00:00+00:00
[2019-03-21 17:57:59,163] {bash_operator.py:100} INFO - Temporary script location: /tmp/airflowtmpo1ulixgb/templatedz5em_blg
[2019-03-21 17:57:59,163] {bash_operator.py:110} INFO - Running command: 

    echo "2017-08-27"
    echo "2017-09-03"
    echo "Parameter I passed in"

    echo "2017-08-27"
    echo "2017-09-03"
    echo "Parameter I passed in"

    echo "2017-08-27"
    echo "2017-09-03"
    echo "Parameter I passed in"

    echo "2017-08-27"
    echo "2017-09-03"
    echo "Parameter I passed in"

    echo "2017-08-27"
    echo "2017-09-03"
    echo "Parameter I passed in"

[2019-03-21 17:57:59,169] {bash_operator.py:119} INFO - Output:
[2019-03-21 17:57:59,170] {bash_operator.py:123} INFO - 2017-08-27
[2019-03-21 17:57:59,170] {bash_operator.py:123} INFO - 2017-09-03
[2019-03-21 17:57:59,170] {bash_operator.py:123} INFO - Parameter I passed in
[2019-03-21 17:57:59,170] {bash_operator.py:123} INFO - 2017-08-27
[2019-03-21 17:57:59,170] {bash_operator.py:123} INFO - 2017-09-03
[2019-03-21 17:57:59,170] {bash_operator.py:123} INFO - Parameter I passed in
[2019-03-21 17:57:59,170] {bash_operator.py:123} INFO - 2017-08-27
[2019-03-21 17:57:59,170] {bash_operator.py:123} INFO - 2017-09-03
[2019-03-21 17:57:59,170] {bash_operator.py:123} INFO - Parameter I passed in
[2019-03-21 17:57:59,170] {bash_operator.py:123} INFO - 2017-08-27
[2019-03-21 17:57:59,170] {bash_operator.py:123} INFO - 2017-09-03
[2019-03-21 17:57:59,171] {bash_operator.py:123} INFO - Parameter I passed in
[2019-03-21 17:57:59,171] {bash_operator.py:123} INFO - 2017-08-27
[2019-03-21 17:57:59,171] {bash_operator.py:123} INFO - 2017-09-03
[2019-03-21 17:57:59,171] {bash_operator.py:123} INFO - Parameter I passed in
[2019-03-21 17:57:59,171] {bash_operator.py:127} INFO - Command exited with return code 0
[2019-03-21 17:58:03,177] {logging_mixin.py:95} INFO - [2019-03-21 17:58:03,176] {jobs.py:2527} INFO - Task exited with return code 0
