[2019-03-19 15:15:04,978] {models.py:1359} INFO - Dependencies all met for <TaskInstance: tutorial.print_date 2017-02-21T00:00:00+00:00 [queued]>
[2019-03-19 15:15:04,981] {models.py:1359} INFO - Dependencies all met for <TaskInstance: tutorial.print_date 2017-02-21T00:00:00+00:00 [queued]>
[2019-03-19 15:15:04,982] {models.py:1571} INFO - 
--------------------------------------------------------------------------------
Starting attempt 1 of 2
--------------------------------------------------------------------------------

[2019-03-19 15:15:05,049] {models.py:1593} INFO - Executing <Task(BashOperator): print_date> on 2017-02-21T00:00:00+00:00
[2019-03-19 15:15:05,049] {base_task_runner.py:118} INFO - Running: ['bash', '-c', 'airflow run tutorial print_date 2017-02-21T00:00:00+00:00 --job_id 1267 --raw -sd DAGS_FOLDER/tutorial.py --cfg_path /tmp/tmp0ebh4op7']
[2019-03-19 15:15:05,859] {base_task_runner.py:101} INFO - Job 1267: Subtask print_date [2019-03-19 15:15:05,856] {__init__.py:51} INFO - Using executor SequentialExecutor
[2019-03-19 15:15:06,224] {base_task_runner.py:101} INFO - Job 1267: Subtask print_date [2019-03-19 15:15:06,218] {models.py:273} INFO - Filling up the DagBag from /home/rsandroni/airflow/dags/tutorial.py
[2019-03-19 15:15:06,263] {base_task_runner.py:101} INFO - Job 1267: Subtask print_date [2019-03-19 15:15:06,259] {cli.py:520} INFO - Running <TaskInstance: tutorial.print_date 2017-02-21T00:00:00+00:00 [running]> on host IADAIRP1.globalrs.rack.space
[2019-03-19 15:15:06,295] {bash_operator.py:77} INFO - Tmp dir root location: 
 /tmp
[2019-03-19 15:15:06,295] {bash_operator.py:86} INFO - Exporting the following env vars:
AIRFLOW_CTX_DAG_ID=tutorial
AIRFLOW_CTX_TASK_ID=print_date
AIRFLOW_CTX_EXECUTION_DATE=2017-02-21T00:00:00+00:00
AIRFLOW_CTX_DAG_RUN_ID=scheduled__2017-02-21T00:00:00+00:00
[2019-03-19 15:15:06,295] {bash_operator.py:100} INFO - Temporary script location: /tmp/airflowtmpbtwhp6iz/print_datew_ig7mec
[2019-03-19 15:15:06,295] {bash_operator.py:110} INFO - Running command: date
[2019-03-19 15:15:06,334] {bash_operator.py:119} INFO - Output:
[2019-03-19 15:15:06,337] {bash_operator.py:123} INFO - Ter Mar 19 15:15:06 -03 2019
[2019-03-19 15:15:06,347] {bash_operator.py:127} INFO - Command exited with return code 0
[2019-03-19 15:15:09,951] {logging_mixin.py:95} INFO - [2019-03-19 15:15:09,950] {jobs.py:2527} INFO - Task exited with return code 0
