[2019-03-19 11:42:49,943] {models.py:1359} INFO - Dependencies all met for <TaskInstance: tutorial.print_date 2015-11-27T00:00:00+00:00 [queued]>
[2019-03-19 11:42:49,945] {models.py:1359} INFO - Dependencies all met for <TaskInstance: tutorial.print_date 2015-11-27T00:00:00+00:00 [queued]>
[2019-03-19 11:42:49,945] {models.py:1571} INFO - 
--------------------------------------------------------------------------------
Starting attempt 1 of 2
--------------------------------------------------------------------------------

[2019-03-19 11:42:49,958] {models.py:1593} INFO - Executing <Task(BashOperator): print_date> on 2015-11-27T00:00:00+00:00
[2019-03-19 11:42:49,958] {base_task_runner.py:118} INFO - Running: ['bash', '-c', 'airflow run tutorial print_date 2015-11-27T00:00:00+00:00 --job_id 362 --raw -sd DAGS_FOLDER/sql_server_load.py --cfg_path /tmp/tmpwj5fimo0']
[2019-03-19 11:42:50,559] {base_task_runner.py:101} INFO - Job 362: Subtask print_date [2019-03-19 11:42:50,558] {__init__.py:51} INFO - Using executor SequentialExecutor
[2019-03-19 11:42:50,782] {base_task_runner.py:101} INFO - Job 362: Subtask print_date [2019-03-19 11:42:50,780] {models.py:273} INFO - Filling up the DagBag from /home/rsandroni/airflow/dags/sql_server_load.py
[2019-03-19 11:42:50,798] {base_task_runner.py:101} INFO - Job 362: Subtask print_date [2019-03-19 11:42:50,798] {cli.py:520} INFO - Running <TaskInstance: tutorial.print_date 2015-11-27T00:00:00+00:00 [running]> on host IADAIRP1.globalrs.rack.space
[2019-03-19 11:42:50,810] {bash_operator.py:77} INFO - Tmp dir root location: 
 /tmp
[2019-03-19 11:42:50,810] {bash_operator.py:86} INFO - Exporting the following env vars:
AIRFLOW_CTX_DAG_ID=tutorial
AIRFLOW_CTX_TASK_ID=print_date
AIRFLOW_CTX_EXECUTION_DATE=2015-11-27T00:00:00+00:00
AIRFLOW_CTX_DAG_RUN_ID=scheduled__2015-11-27T00:00:00+00:00
[2019-03-19 11:42:50,811] {bash_operator.py:100} INFO - Temporary script location: /tmp/airflowtmplsehll9m/print_dated5i1qy6z
[2019-03-19 11:42:50,811] {bash_operator.py:110} INFO - Running command: date
[2019-03-19 11:42:50,816] {bash_operator.py:119} INFO - Output:
[2019-03-19 11:42:50,818] {bash_operator.py:123} INFO - Ter Mar 19 11:42:50 -03 2019
[2019-03-19 11:42:50,818] {bash_operator.py:127} INFO - Command exited with return code 0
[2019-03-19 11:42:54,948] {logging_mixin.py:95} INFO - [2019-03-19 11:42:54,948] {jobs.py:2527} INFO - Task exited with return code 0
