[2019-03-21 21:21:39,359] {models.py:1359} INFO - Dependencies all met for <TaskInstance: tutorial.templated 2018-02-21T00:00:00+00:00 [queued]>
[2019-03-21 21:21:39,364] {models.py:1359} INFO - Dependencies all met for <TaskInstance: tutorial.templated 2018-02-21T00:00:00+00:00 [queued]>
[2019-03-21 21:21:39,364] {models.py:1571} INFO - 
--------------------------------------------------------------------------------
Starting attempt 1 of 2
--------------------------------------------------------------------------------

[2019-03-21 21:21:39,376] {models.py:1593} INFO - Executing <Task(BashOperator): templated> on 2018-02-21T00:00:00+00:00
[2019-03-21 21:21:39,376] {base_task_runner.py:118} INFO - Running: ['bash', '-c', 'airflow run tutorial templated 2018-02-21T00:00:00+00:00 --job_id 2067 --raw -sd DAGS_FOLDER/example_dags/tutorial.py --cfg_path /tmp/tmpzmvi8_uq']
[2019-03-21 21:21:40,012] {base_task_runner.py:101} INFO - Job 2067: Subtask templated [2019-03-21 21:21:40,011] {__init__.py:51} INFO - Using executor SequentialExecutor
[2019-03-21 21:21:40,249] {base_task_runner.py:101} INFO - Job 2067: Subtask templated [2019-03-21 21:21:40,247] {models.py:273} INFO - Filling up the DagBag from /home/rsandroni/airflow/dags/example_dags/tutorial.py
[2019-03-21 21:21:40,312] {base_task_runner.py:101} INFO - Job 2067: Subtask templated [2019-03-21 21:21:40,312] {cli.py:520} INFO - Running <TaskInstance: tutorial.templated 2018-02-21T00:00:00+00:00 [running]> on host IADAIRP1.globalrs.rack.space
[2019-03-21 21:21:40,328] {bash_operator.py:77} INFO - Tmp dir root location: 
 /tmp
[2019-03-21 21:21:40,329] {bash_operator.py:86} INFO - Exporting the following env vars:
AIRFLOW_CTX_DAG_ID=tutorial
AIRFLOW_CTX_TASK_ID=templated
AIRFLOW_CTX_EXECUTION_DATE=2018-02-21T00:00:00+00:00
AIRFLOW_CTX_DAG_RUN_ID=scheduled__2018-02-21T00:00:00+00:00
[2019-03-21 21:21:40,329] {bash_operator.py:100} INFO - Temporary script location: /tmp/airflowtmp8pyl4ji9/templatedj3kc58g_
[2019-03-21 21:21:40,329] {bash_operator.py:110} INFO - Running command: 

    echo "2018-02-21"
    echo "2018-02-28"
    echo "Parameter I passed in"

    echo "2018-02-21"
    echo "2018-02-28"
    echo "Parameter I passed in"

    echo "2018-02-21"
    echo "2018-02-28"
    echo "Parameter I passed in"

    echo "2018-02-21"
    echo "2018-02-28"
    echo "Parameter I passed in"

    echo "2018-02-21"
    echo "2018-02-28"
    echo "Parameter I passed in"

[2019-03-21 21:21:40,335] {bash_operator.py:119} INFO - Output:
[2019-03-21 21:21:40,336] {bash_operator.py:123} INFO - 2018-02-21
[2019-03-21 21:21:40,336] {bash_operator.py:123} INFO - 2018-02-28
[2019-03-21 21:21:40,336] {bash_operator.py:123} INFO - Parameter I passed in
[2019-03-21 21:21:40,337] {bash_operator.py:123} INFO - 2018-02-21
[2019-03-21 21:21:40,337] {bash_operator.py:123} INFO - 2018-02-28
[2019-03-21 21:21:40,337] {bash_operator.py:123} INFO - Parameter I passed in
[2019-03-21 21:21:40,337] {bash_operator.py:123} INFO - 2018-02-21
[2019-03-21 21:21:40,337] {bash_operator.py:123} INFO - 2018-02-28
[2019-03-21 21:21:40,337] {bash_operator.py:123} INFO - Parameter I passed in
[2019-03-21 21:21:40,337] {bash_operator.py:123} INFO - 2018-02-21
[2019-03-21 21:21:40,337] {bash_operator.py:123} INFO - 2018-02-28
[2019-03-21 21:21:40,337] {bash_operator.py:123} INFO - Parameter I passed in
[2019-03-21 21:21:40,337] {bash_operator.py:123} INFO - 2018-02-21
[2019-03-21 21:21:40,337] {bash_operator.py:123} INFO - 2018-02-28
[2019-03-21 21:21:40,337] {bash_operator.py:123} INFO - Parameter I passed in
[2019-03-21 21:21:40,337] {bash_operator.py:127} INFO - Command exited with return code 0
[2019-03-21 21:21:44,362] {logging_mixin.py:95} INFO - [2019-03-21 21:21:44,362] {jobs.py:2527} INFO - Task exited with return code 0
