[2019-03-21 17:04:59,302] {models.py:1359} INFO - Dependencies all met for <TaskInstance: tutorial.templated 2017-06-04T00:00:00+00:00 [queued]>
[2019-03-21 17:04:59,307] {models.py:1359} INFO - Dependencies all met for <TaskInstance: tutorial.templated 2017-06-04T00:00:00+00:00 [queued]>
[2019-03-21 17:04:59,307] {models.py:1571} INFO - 
--------------------------------------------------------------------------------
Starting attempt 1 of 2
--------------------------------------------------------------------------------

[2019-03-21 17:04:59,323] {models.py:1593} INFO - Executing <Task(BashOperator): templated> on 2017-06-04T00:00:00+00:00
[2019-03-21 17:04:59,323] {base_task_runner.py:118} INFO - Running: ['bash', '-c', 'airflow run tutorial templated 2017-06-04T00:00:00+00:00 --job_id 1487 --raw -sd DAGS_FOLDER/example_dags/tutorial.py --cfg_path /tmp/tmpsz4qmhbg']
[2019-03-21 17:04:59,960] {base_task_runner.py:101} INFO - Job 1487: Subtask templated [2019-03-21 17:04:59,959] {__init__.py:51} INFO - Using executor SequentialExecutor
[2019-03-21 17:05:00,188] {base_task_runner.py:101} INFO - Job 1487: Subtask templated [2019-03-21 17:05:00,187] {models.py:273} INFO - Filling up the DagBag from /home/rsandroni/airflow/dags/example_dags/tutorial.py
[2019-03-21 17:05:00,252] {base_task_runner.py:101} INFO - Job 1487: Subtask templated [2019-03-21 17:05:00,251] {cli.py:520} INFO - Running <TaskInstance: tutorial.templated 2017-06-04T00:00:00+00:00 [running]> on host IADAIRP1.globalrs.rack.space
[2019-03-21 17:05:00,268] {bash_operator.py:77} INFO - Tmp dir root location: 
 /tmp
[2019-03-21 17:05:00,269] {bash_operator.py:86} INFO - Exporting the following env vars:
AIRFLOW_CTX_DAG_ID=tutorial
AIRFLOW_CTX_TASK_ID=templated
AIRFLOW_CTX_EXECUTION_DATE=2017-06-04T00:00:00+00:00
AIRFLOW_CTX_DAG_RUN_ID=scheduled__2017-06-04T00:00:00+00:00
[2019-03-21 17:05:00,269] {bash_operator.py:100} INFO - Temporary script location: /tmp/airflowtmph_aiy5za/templated4axt_s38
[2019-03-21 17:05:00,269] {bash_operator.py:110} INFO - Running command: 

    echo "2017-06-04"
    echo "2017-06-11"
    echo "Parameter I passed in"

    echo "2017-06-04"
    echo "2017-06-11"
    echo "Parameter I passed in"

    echo "2017-06-04"
    echo "2017-06-11"
    echo "Parameter I passed in"

    echo "2017-06-04"
    echo "2017-06-11"
    echo "Parameter I passed in"

    echo "2017-06-04"
    echo "2017-06-11"
    echo "Parameter I passed in"

[2019-03-21 17:05:00,276] {bash_operator.py:119} INFO - Output:
[2019-03-21 17:05:00,277] {bash_operator.py:123} INFO - 2017-06-04
[2019-03-21 17:05:00,277] {bash_operator.py:123} INFO - 2017-06-11
[2019-03-21 17:05:00,277] {bash_operator.py:123} INFO - Parameter I passed in
[2019-03-21 17:05:00,277] {bash_operator.py:123} INFO - 2017-06-04
[2019-03-21 17:05:00,277] {bash_operator.py:123} INFO - 2017-06-11
[2019-03-21 17:05:00,277] {bash_operator.py:123} INFO - Parameter I passed in
[2019-03-21 17:05:00,277] {bash_operator.py:123} INFO - 2017-06-04
[2019-03-21 17:05:00,277] {bash_operator.py:123} INFO - 2017-06-11
[2019-03-21 17:05:00,277] {bash_operator.py:123} INFO - Parameter I passed in
[2019-03-21 17:05:00,277] {bash_operator.py:123} INFO - 2017-06-04
[2019-03-21 17:05:00,277] {bash_operator.py:123} INFO - 2017-06-11
[2019-03-21 17:05:00,277] {bash_operator.py:123} INFO - Parameter I passed in
[2019-03-21 17:05:00,277] {bash_operator.py:123} INFO - 2017-06-04
[2019-03-21 17:05:00,277] {bash_operator.py:123} INFO - 2017-06-11
[2019-03-21 17:05:00,277] {bash_operator.py:123} INFO - Parameter I passed in
[2019-03-21 17:05:00,278] {bash_operator.py:127} INFO - Command exited with return code 0
[2019-03-21 17:05:04,303] {logging_mixin.py:95} INFO - [2019-03-21 17:05:04,302] {jobs.py:2527} INFO - Task exited with return code 0
