[2019-03-22 02:41:38,685] {models.py:1359} INFO - Dependencies all met for <TaskInstance: tutorial.templated 2018-10-22T00:00:00+00:00 [queued]>
[2019-03-22 02:41:38,690] {models.py:1359} INFO - Dependencies all met for <TaskInstance: tutorial.templated 2018-10-22T00:00:00+00:00 [queued]>
[2019-03-22 02:41:38,690] {models.py:1571} INFO - 
--------------------------------------------------------------------------------
Starting attempt 1 of 2
--------------------------------------------------------------------------------

[2019-03-22 02:41:38,722] {models.py:1593} INFO - Executing <Task(BashOperator): templated> on 2018-10-22T00:00:00+00:00
[2019-03-22 02:41:38,723] {base_task_runner.py:118} INFO - Running: ['bash', '-c', 'airflow run tutorial templated 2018-10-22T00:00:00+00:00 --job_id 2554 --raw -sd DAGS_FOLDER/example_dags/tutorial.py --cfg_path /tmp/tmptr3_mw8u']
[2019-03-22 02:41:39,389] {base_task_runner.py:101} INFO - Job 2554: Subtask templated [2019-03-22 02:41:39,388] {__init__.py:51} INFO - Using executor SequentialExecutor
[2019-03-22 02:41:39,651] {base_task_runner.py:101} INFO - Job 2554: Subtask templated [2019-03-22 02:41:39,650] {models.py:273} INFO - Filling up the DagBag from /home/rsandroni/airflow/dags/example_dags/tutorial.py
[2019-03-22 02:41:39,715] {base_task_runner.py:101} INFO - Job 2554: Subtask templated [2019-03-22 02:41:39,715] {cli.py:520} INFO - Running <TaskInstance: tutorial.templated 2018-10-22T00:00:00+00:00 [running]> on host IADAIRP1.globalrs.rack.space
[2019-03-22 02:41:39,735] {bash_operator.py:77} INFO - Tmp dir root location: 
 /tmp
[2019-03-22 02:41:39,736] {bash_operator.py:86} INFO - Exporting the following env vars:
AIRFLOW_CTX_DAG_ID=tutorial
AIRFLOW_CTX_TASK_ID=templated
AIRFLOW_CTX_EXECUTION_DATE=2018-10-22T00:00:00+00:00
AIRFLOW_CTX_DAG_RUN_ID=scheduled__2018-10-22T00:00:00+00:00
[2019-03-22 02:41:39,737] {bash_operator.py:100} INFO - Temporary script location: /tmp/airflowtmpg8dovwn1/templatededmuifvq
[2019-03-22 02:41:39,737] {bash_operator.py:110} INFO - Running command: 

    echo "2018-10-22"
    echo "2018-10-29"
    echo "Parameter I passed in"

    echo "2018-10-22"
    echo "2018-10-29"
    echo "Parameter I passed in"

    echo "2018-10-22"
    echo "2018-10-29"
    echo "Parameter I passed in"

    echo "2018-10-22"
    echo "2018-10-29"
    echo "Parameter I passed in"

    echo "2018-10-22"
    echo "2018-10-29"
    echo "Parameter I passed in"

[2019-03-22 02:41:39,743] {bash_operator.py:119} INFO - Output:
[2019-03-22 02:41:39,744] {bash_operator.py:123} INFO - 2018-10-22
[2019-03-22 02:41:39,744] {bash_operator.py:123} INFO - 2018-10-29
[2019-03-22 02:41:39,744] {bash_operator.py:123} INFO - Parameter I passed in
[2019-03-22 02:41:39,744] {bash_operator.py:123} INFO - 2018-10-22
[2019-03-22 02:41:39,744] {bash_operator.py:123} INFO - 2018-10-29
[2019-03-22 02:41:39,744] {bash_operator.py:123} INFO - Parameter I passed in
[2019-03-22 02:41:39,744] {bash_operator.py:123} INFO - 2018-10-22
[2019-03-22 02:41:39,745] {bash_operator.py:123} INFO - 2018-10-29
[2019-03-22 02:41:39,745] {bash_operator.py:123} INFO - Parameter I passed in
[2019-03-22 02:41:39,745] {bash_operator.py:123} INFO - 2018-10-22
[2019-03-22 02:41:39,745] {bash_operator.py:123} INFO - 2018-10-29
[2019-03-22 02:41:39,745] {bash_operator.py:123} INFO - Parameter I passed in
[2019-03-22 02:41:39,745] {bash_operator.py:123} INFO - 2018-10-22
[2019-03-22 02:41:39,745] {bash_operator.py:123} INFO - 2018-10-29
[2019-03-22 02:41:39,745] {bash_operator.py:123} INFO - Parameter I passed in
[2019-03-22 02:41:39,745] {bash_operator.py:127} INFO - Command exited with return code 0
[2019-03-22 02:41:43,646] {logging_mixin.py:95} INFO - [2019-03-22 02:41:43,645] {jobs.py:2527} INFO - Task exited with return code 0
