[2019-03-21 23:06:06,839] {models.py:1359} INFO - Dependencies all met for <TaskInstance: tutorial.print_date 2018-05-14T00:00:00+00:00 [queued]>
[2019-03-21 23:06:06,842] {models.py:1359} INFO - Dependencies all met for <TaskInstance: tutorial.print_date 2018-05-14T00:00:00+00:00 [queued]>
[2019-03-21 23:06:06,842] {models.py:1571} INFO - 
--------------------------------------------------------------------------------
Starting attempt 1 of 2
--------------------------------------------------------------------------------

[2019-03-21 23:06:06,859] {models.py:1593} INFO - Executing <Task(BashOperator): print_date> on 2018-05-14T00:00:00+00:00
[2019-03-21 23:06:06,859] {base_task_runner.py:118} INFO - Running: ['bash', '-c', 'airflow run tutorial print_date 2018-05-14T00:00:00+00:00 --job_id 2229 --raw -sd DAGS_FOLDER/tutorial.py --cfg_path /tmp/tmpvcttlo8h']
[2019-03-21 23:06:07,493] {base_task_runner.py:101} INFO - Job 2229: Subtask print_date [2019-03-21 23:06:07,492] {__init__.py:51} INFO - Using executor SequentialExecutor
[2019-03-21 23:06:07,724] {base_task_runner.py:101} INFO - Job 2229: Subtask print_date [2019-03-21 23:06:07,723] {models.py:273} INFO - Filling up the DagBag from /home/rsandroni/airflow/dags/tutorial.py
[2019-03-21 23:06:07,739] {base_task_runner.py:101} INFO - Job 2229: Subtask print_date [2019-03-21 23:06:07,739] {cli.py:520} INFO - Running <TaskInstance: tutorial.print_date 2018-05-14T00:00:00+00:00 [running]> on host IADAIRP1.globalrs.rack.space
[2019-03-21 23:06:07,751] {bash_operator.py:77} INFO - Tmp dir root location: 
 /tmp
[2019-03-21 23:06:07,751] {bash_operator.py:86} INFO - Exporting the following env vars:
AIRFLOW_CTX_DAG_ID=tutorial
AIRFLOW_CTX_TASK_ID=print_date
AIRFLOW_CTX_EXECUTION_DATE=2018-05-14T00:00:00+00:00
AIRFLOW_CTX_DAG_RUN_ID=scheduled__2018-05-14T00:00:00+00:00
[2019-03-21 23:06:07,752] {bash_operator.py:100} INFO - Temporary script location: /tmp/airflowtmp5vgt9rrx/print_dateh5s9zykb
[2019-03-21 23:06:07,752] {bash_operator.py:110} INFO - Running command: date
[2019-03-21 23:06:07,757] {bash_operator.py:119} INFO - Output:
[2019-03-21 23:06:07,759] {bash_operator.py:123} INFO - Qui Mar 21 23:06:07 -03 2019
[2019-03-21 23:06:07,759] {bash_operator.py:127} INFO - Command exited with return code 0
[2019-03-21 23:06:11,847] {logging_mixin.py:95} INFO - [2019-03-21 23:06:11,846] {jobs.py:2527} INFO - Task exited with return code 0
