[2019-03-22 00:06:10,978] {models.py:1359} INFO - Dependencies all met for <TaskInstance: tutorial.print_date 2018-06-29T00:00:00+00:00 [queued]>
[2019-03-22 00:06:10,982] {models.py:1359} INFO - Dependencies all met for <TaskInstance: tutorial.print_date 2018-06-29T00:00:00+00:00 [queued]>
[2019-03-22 00:06:10,982] {models.py:1571} INFO - 
--------------------------------------------------------------------------------
Starting attempt 1 of 2
--------------------------------------------------------------------------------

[2019-03-22 00:06:11,019] {models.py:1593} INFO - Executing <Task(BashOperator): print_date> on 2018-06-29T00:00:00+00:00
[2019-03-22 00:06:11,019] {base_task_runner.py:118} INFO - Running: ['bash', '-c', 'airflow run tutorial print_date 2018-06-29T00:00:00+00:00 --job_id 2321 --raw -sd DAGS_FOLDER/tutorial.py --cfg_path /tmp/tmpx0p36e0g']
[2019-03-22 00:06:11,710] {base_task_runner.py:101} INFO - Job 2321: Subtask print_date [2019-03-22 00:06:11,709] {__init__.py:51} INFO - Using executor SequentialExecutor
[2019-03-22 00:06:12,063] {base_task_runner.py:101} INFO - Job 2321: Subtask print_date [2019-03-22 00:06:12,062] {models.py:273} INFO - Filling up the DagBag from /home/rsandroni/airflow/dags/tutorial.py
[2019-03-22 00:06:12,097] {base_task_runner.py:101} INFO - Job 2321: Subtask print_date [2019-03-22 00:06:12,092] {cli.py:520} INFO - Running <TaskInstance: tutorial.print_date 2018-06-29T00:00:00+00:00 [running]> on host IADAIRP1.globalrs.rack.space
[2019-03-22 00:06:12,158] {bash_operator.py:77} INFO - Tmp dir root location: 
 /tmp
[2019-03-22 00:06:12,158] {bash_operator.py:86} INFO - Exporting the following env vars:
AIRFLOW_CTX_DAG_ID=tutorial
AIRFLOW_CTX_TASK_ID=print_date
AIRFLOW_CTX_EXECUTION_DATE=2018-06-29T00:00:00+00:00
AIRFLOW_CTX_DAG_RUN_ID=scheduled__2018-06-29T00:00:00+00:00
[2019-03-22 00:06:12,159] {bash_operator.py:100} INFO - Temporary script location: /tmp/airflowtmpxixlgp5v/print_dateerxr4ow2
[2019-03-22 00:06:12,159] {bash_operator.py:110} INFO - Running command: date
[2019-03-22 00:06:12,185] {bash_operator.py:119} INFO - Output:
[2019-03-22 00:06:12,188] {bash_operator.py:123} INFO - Sex Mar 22 00:06:12 -03 2019
[2019-03-22 00:06:12,188] {bash_operator.py:127} INFO - Command exited with return code 0
[2019-03-22 00:06:16,027] {logging_mixin.py:95} INFO - [2019-03-22 00:06:16,026] {jobs.py:2527} INFO - Task exited with return code 0
