[2019-03-19 15:37:39,802] {models.py:1359} INFO - Dependencies all met for <TaskInstance: tutorial.templated 2017-04-11T00:00:00+00:00 [queued]>
[2019-03-19 15:37:39,806] {models.py:1359} INFO - Dependencies all met for <TaskInstance: tutorial.templated 2017-04-11T00:00:00+00:00 [queued]>
[2019-03-19 15:37:39,807] {models.py:1571} INFO - 
--------------------------------------------------------------------------------
Starting attempt 1 of 2
--------------------------------------------------------------------------------

[2019-03-19 15:37:39,822] {models.py:1593} INFO - Executing <Task(BashOperator): templated> on 2017-04-11T00:00:00+00:00
[2019-03-19 15:37:39,822] {base_task_runner.py:118} INFO - Running: ['bash', '-c', 'airflow run tutorial templated 2017-04-11T00:00:00+00:00 --job_id 1367 --raw -sd DAGS_FOLDER/example_dags/tutorial.py --cfg_path /tmp/tmp9qtgsap9']
[2019-03-19 15:37:40,510] {base_task_runner.py:101} INFO - Job 1367: Subtask templated [2019-03-19 15:37:40,510] {__init__.py:51} INFO - Using executor SequentialExecutor
[2019-03-19 15:37:40,781] {base_task_runner.py:101} INFO - Job 1367: Subtask templated [2019-03-19 15:37:40,773] {models.py:273} INFO - Filling up the DagBag from /home/rsandroni/airflow/dags/example_dags/tutorial.py
[2019-03-19 15:37:40,813] {base_task_runner.py:101} INFO - Job 1367: Subtask templated [2019-03-19 15:37:40,813] {cli.py:520} INFO - Running <TaskInstance: tutorial.templated 2017-04-11T00:00:00+00:00 [running]> on host IADAIRP1.globalrs.rack.space
[2019-03-19 15:37:40,832] {bash_operator.py:77} INFO - Tmp dir root location: 
 /tmp
[2019-03-19 15:37:40,832] {bash_operator.py:86} INFO - Exporting the following env vars:
AIRFLOW_CTX_DAG_ID=tutorial
AIRFLOW_CTX_TASK_ID=templated
AIRFLOW_CTX_EXECUTION_DATE=2017-04-11T00:00:00+00:00
AIRFLOW_CTX_DAG_RUN_ID=scheduled__2017-04-11T00:00:00+00:00
[2019-03-19 15:37:40,832] {bash_operator.py:100} INFO - Temporary script location: /tmp/airflowtmp83bbewq6/templated364g6hw_
[2019-03-19 15:37:40,832] {bash_operator.py:110} INFO - Running command: 

    echo "2017-04-11"
    echo "2017-04-18"
    echo "Parameter I passed in"

    echo "2017-04-11"
    echo "2017-04-18"
    echo "Parameter I passed in"

    echo "2017-04-11"
    echo "2017-04-18"
    echo "Parameter I passed in"

    echo "2017-04-11"
    echo "2017-04-18"
    echo "Parameter I passed in"

    echo "2017-04-11"
    echo "2017-04-18"
    echo "Parameter I passed in"

[2019-03-19 15:37:40,837] {bash_operator.py:119} INFO - Output:
[2019-03-19 15:37:40,839] {bash_operator.py:123} INFO - 2017-04-11
[2019-03-19 15:37:40,839] {bash_operator.py:123} INFO - 2017-04-18
[2019-03-19 15:37:40,839] {bash_operator.py:123} INFO - Parameter I passed in
[2019-03-19 15:37:40,839] {bash_operator.py:123} INFO - 2017-04-11
[2019-03-19 15:37:40,839] {bash_operator.py:123} INFO - 2017-04-18
[2019-03-19 15:37:40,839] {bash_operator.py:123} INFO - Parameter I passed in
[2019-03-19 15:37:40,839] {bash_operator.py:123} INFO - 2017-04-11
[2019-03-19 15:37:40,839] {bash_operator.py:123} INFO - 2017-04-18
[2019-03-19 15:37:40,839] {bash_operator.py:123} INFO - Parameter I passed in
[2019-03-19 15:37:40,839] {bash_operator.py:123} INFO - 2017-04-11
[2019-03-19 15:37:40,839] {bash_operator.py:123} INFO - 2017-04-18
[2019-03-19 15:37:40,839] {bash_operator.py:123} INFO - Parameter I passed in
[2019-03-19 15:37:40,839] {bash_operator.py:123} INFO - 2017-04-11
[2019-03-19 15:37:40,839] {bash_operator.py:123} INFO - 2017-04-18
[2019-03-19 15:37:40,839] {bash_operator.py:123} INFO - Parameter I passed in
[2019-03-19 15:37:40,839] {bash_operator.py:127} INFO - Command exited with return code 0
[2019-03-19 15:37:44,813] {logging_mixin.py:95} INFO - [2019-03-19 15:37:44,812] {jobs.py:2527} INFO - Task exited with return code 0
