[2019-03-19 11:09:42,876] {models.py:1359} INFO - Dependencies all met for <TaskInstance: tutorial.templated 2015-09-13T00:00:00+00:00 [queued]>
[2019-03-19 11:09:42,881] {models.py:1359} INFO - Dependencies all met for <TaskInstance: tutorial.templated 2015-09-13T00:00:00+00:00 [queued]>
[2019-03-19 11:09:42,881] {models.py:1571} INFO - 
--------------------------------------------------------------------------------
Starting attempt 1 of 2
--------------------------------------------------------------------------------

[2019-03-19 11:09:42,895] {models.py:1593} INFO - Executing <Task(BashOperator): templated> on 2015-09-13T00:00:00+00:00
[2019-03-19 11:09:42,895] {base_task_runner.py:118} INFO - Running: ['bash', '-c', 'airflow run tutorial templated 2015-09-13T00:00:00+00:00 --job_id 215 --raw -sd DAGS_FOLDER/example_dags/tutorial.py --cfg_path /tmp/tmpnp5317c3']
[2019-03-19 11:09:43,494] {base_task_runner.py:101} INFO - Job 215: Subtask templated [2019-03-19 11:09:43,494] {__init__.py:51} INFO - Using executor SequentialExecutor
[2019-03-19 11:09:43,714] {base_task_runner.py:101} INFO - Job 215: Subtask templated [2019-03-19 11:09:43,713] {models.py:273} INFO - Filling up the DagBag from /home/rsandroni/airflow/dags/example_dags/tutorial.py
[2019-03-19 11:09:43,754] {base_task_runner.py:101} INFO - Job 215: Subtask templated [2019-03-19 11:09:43,753] {cli.py:520} INFO - Running <TaskInstance: tutorial.templated 2015-09-13T00:00:00+00:00 [running]> on host IADAIRP1.globalrs.rack.space
[2019-03-19 11:09:43,769] {bash_operator.py:77} INFO - Tmp dir root location: 
 /tmp
[2019-03-19 11:09:43,769] {bash_operator.py:86} INFO - Exporting the following env vars:
AIRFLOW_CTX_DAG_ID=tutorial
AIRFLOW_CTX_TASK_ID=templated
AIRFLOW_CTX_EXECUTION_DATE=2015-09-13T00:00:00+00:00
AIRFLOW_CTX_DAG_RUN_ID=scheduled__2015-09-13T00:00:00+00:00
[2019-03-19 11:09:43,769] {bash_operator.py:100} INFO - Temporary script location: /tmp/airflowtmpvjok2ac_/templatedwzi7ny77
[2019-03-19 11:09:43,769] {bash_operator.py:110} INFO - Running command: 

    echo "2015-09-13"
    echo "2015-09-20"
    echo "Parameter I passed in"

    echo "2015-09-13"
    echo "2015-09-20"
    echo "Parameter I passed in"

    echo "2015-09-13"
    echo "2015-09-20"
    echo "Parameter I passed in"

    echo "2015-09-13"
    echo "2015-09-20"
    echo "Parameter I passed in"

    echo "2015-09-13"
    echo "2015-09-20"
    echo "Parameter I passed in"

[2019-03-19 11:09:43,774] {bash_operator.py:119} INFO - Output:
[2019-03-19 11:09:43,775] {bash_operator.py:123} INFO - 2015-09-13
[2019-03-19 11:09:43,776] {bash_operator.py:123} INFO - 2015-09-20
[2019-03-19 11:09:43,776] {bash_operator.py:123} INFO - Parameter I passed in
[2019-03-19 11:09:43,776] {bash_operator.py:123} INFO - 2015-09-13
[2019-03-19 11:09:43,776] {bash_operator.py:123} INFO - 2015-09-20
[2019-03-19 11:09:43,776] {bash_operator.py:123} INFO - Parameter I passed in
[2019-03-19 11:09:43,776] {bash_operator.py:123} INFO - 2015-09-13
[2019-03-19 11:09:43,776] {bash_operator.py:123} INFO - 2015-09-20
[2019-03-19 11:09:43,776] {bash_operator.py:123} INFO - Parameter I passed in
[2019-03-19 11:09:43,776] {bash_operator.py:123} INFO - 2015-09-13
[2019-03-19 11:09:43,776] {bash_operator.py:123} INFO - 2015-09-20
[2019-03-19 11:09:43,776] {bash_operator.py:123} INFO - Parameter I passed in
[2019-03-19 11:09:43,776] {bash_operator.py:123} INFO - 2015-09-13
[2019-03-19 11:09:43,776] {bash_operator.py:123} INFO - 2015-09-20
[2019-03-19 11:09:43,776] {bash_operator.py:123} INFO - Parameter I passed in
[2019-03-19 11:09:43,776] {bash_operator.py:127} INFO - Command exited with return code 0
[2019-03-19 11:09:47,880] {logging_mixin.py:95} INFO - [2019-03-19 11:09:47,880] {jobs.py:2527} INFO - Task exited with return code 0
