[2019-03-19 10:38:59,921] {models.py:1359} INFO - Dependencies all met for <TaskInstance: tutorial.print_date 2015-07-18T00:00:00+00:00 [queued]>
[2019-03-19 10:38:59,923] {models.py:1359} INFO - Dependencies all met for <TaskInstance: tutorial.print_date 2015-07-18T00:00:00+00:00 [queued]>
[2019-03-19 10:38:59,923] {models.py:1571} INFO - 
--------------------------------------------------------------------------------
Starting attempt 1 of 2
--------------------------------------------------------------------------------

[2019-03-19 10:38:59,937] {models.py:1593} INFO - Executing <Task(BashOperator): print_date> on 2015-07-18T00:00:00+00:00
[2019-03-19 10:38:59,937] {base_task_runner.py:118} INFO - Running: ['bash', '-c', 'airflow run tutorial print_date 2015-07-18T00:00:00+00:00 --job_id 100 --raw -sd DAGS_FOLDER/tutorial.py --cfg_path /tmp/tmpqizr65qr']
[2019-03-19 10:39:00,538] {base_task_runner.py:101} INFO - Job 100: Subtask print_date [2019-03-19 10:39:00,538] {__init__.py:51} INFO - Using executor SequentialExecutor
[2019-03-19 10:39:00,758] {base_task_runner.py:101} INFO - Job 100: Subtask print_date [2019-03-19 10:39:00,757] {models.py:273} INFO - Filling up the DagBag from /home/rsandroni/airflow/dags/tutorial.py
[2019-03-19 10:39:00,771] {base_task_runner.py:101} INFO - Job 100: Subtask print_date [2019-03-19 10:39:00,771] {cli.py:520} INFO - Running <TaskInstance: tutorial.print_date 2015-07-18T00:00:00+00:00 [running]> on host IADAIRP1.globalrs.rack.space
[2019-03-19 10:39:00,783] {bash_operator.py:77} INFO - Tmp dir root location: 
 /tmp
[2019-03-19 10:39:00,784] {bash_operator.py:86} INFO - Exporting the following env vars:
AIRFLOW_CTX_DAG_ID=tutorial
AIRFLOW_CTX_TASK_ID=print_date
AIRFLOW_CTX_EXECUTION_DATE=2015-07-18T00:00:00+00:00
AIRFLOW_CTX_DAG_RUN_ID=scheduled__2015-07-18T00:00:00+00:00
[2019-03-19 10:39:00,784] {bash_operator.py:100} INFO - Temporary script location: /tmp/airflowtmp31g_ftn0/print_date61p4vnvk
[2019-03-19 10:39:00,784] {bash_operator.py:110} INFO - Running command: date
[2019-03-19 10:39:00,790] {bash_operator.py:119} INFO - Output:
[2019-03-19 10:39:00,791] {bash_operator.py:123} INFO - Ter Mar 19 10:39:00 -03 2019
[2019-03-19 10:39:00,791] {bash_operator.py:127} INFO - Command exited with return code 0
[2019-03-19 10:39:04,918] {logging_mixin.py:95} INFO - [2019-03-19 10:39:04,917] {jobs.py:2527} INFO - Task exited with return code 0
