[2019-03-19 12:46:18,099] {models.py:1359} INFO - Dependencies all met for <TaskInstance: tutorial.templated 2016-04-14T00:00:00+00:00 [queued]>
[2019-03-19 12:46:18,104] {models.py:1359} INFO - Dependencies all met for <TaskInstance: tutorial.templated 2016-04-14T00:00:00+00:00 [queued]>
[2019-03-19 12:46:18,104] {models.py:1571} INFO - 
--------------------------------------------------------------------------------
Starting attempt 1 of 2
--------------------------------------------------------------------------------

[2019-03-19 12:46:18,161] {models.py:1593} INFO - Executing <Task(BashOperator): templated> on 2016-04-14T00:00:00+00:00
[2019-03-19 12:46:18,161] {base_task_runner.py:118} INFO - Running: ['bash', '-c', 'airflow run tutorial templated 2016-04-14T00:00:00+00:00 --job_id 645 --raw -sd DAGS_FOLDER/sql_server_load.py --cfg_path /tmp/tmpjc76d_d_']
[2019-03-19 12:46:20,227] {base_task_runner.py:101} INFO - Job 645: Subtask templated [2019-03-19 12:46:20,227] {__init__.py:51} INFO - Using executor SequentialExecutor
[2019-03-19 12:46:20,994] {base_task_runner.py:101} INFO - Job 645: Subtask templated [2019-03-19 12:46:20,993] {models.py:273} INFO - Filling up the DagBag from /home/rsandroni/airflow/dags/sql_server_load.py
[2019-03-19 12:46:21,058] {base_task_runner.py:101} INFO - Job 645: Subtask templated [2019-03-19 12:46:21,054] {cli.py:520} INFO - Running <TaskInstance: tutorial.templated 2016-04-14T00:00:00+00:00 [running]> on host IADAIRP1.globalrs.rack.space
[2019-03-19 12:46:21,101] {bash_operator.py:77} INFO - Tmp dir root location: 
 /tmp
[2019-03-19 12:46:21,101] {bash_operator.py:86} INFO - Exporting the following env vars:
AIRFLOW_CTX_DAG_ID=tutorial
AIRFLOW_CTX_TASK_ID=templated
AIRFLOW_CTX_EXECUTION_DATE=2016-04-14T00:00:00+00:00
AIRFLOW_CTX_DAG_RUN_ID=scheduled__2016-04-14T00:00:00+00:00
[2019-03-19 12:46:21,102] {bash_operator.py:100} INFO - Temporary script location: /tmp/airflowtmpv12ydfmk/templatedf_v02frz
[2019-03-19 12:46:21,102] {bash_operator.py:110} INFO - Running command: 
    
        echo "2016-04-14"
        echo "Parameter I passed in"
    
        echo "2016-04-14"
        echo "Parameter I passed in"
    
        echo "2016-04-14"
        echo "Parameter I passed in"
    
        echo "2016-04-14"
        echo "Parameter I passed in"
    
        echo "2016-04-14"
        echo "Parameter I passed in"
    
    
[2019-03-19 12:46:21,150] {bash_operator.py:119} INFO - Output:
[2019-03-19 12:46:21,159] {bash_operator.py:123} INFO - 2016-04-14
[2019-03-19 12:46:21,159] {bash_operator.py:123} INFO - Parameter I passed in
[2019-03-19 12:46:21,160] {bash_operator.py:123} INFO - 2016-04-14
[2019-03-19 12:46:21,160] {bash_operator.py:123} INFO - Parameter I passed in
[2019-03-19 12:46:21,160] {bash_operator.py:123} INFO - 2016-04-14
[2019-03-19 12:46:21,160] {bash_operator.py:123} INFO - Parameter I passed in
[2019-03-19 12:46:21,160] {bash_operator.py:123} INFO - 2016-04-14
[2019-03-19 12:46:21,160] {bash_operator.py:123} INFO - Parameter I passed in
[2019-03-19 12:46:21,160] {bash_operator.py:123} INFO - 2016-04-14
[2019-03-19 12:46:21,160] {bash_operator.py:123} INFO - Parameter I passed in
[2019-03-19 12:46:21,160] {bash_operator.py:127} INFO - Command exited with return code 0
[2019-03-19 12:46:23,177] {logging_mixin.py:95} INFO - [2019-03-19 12:46:23,177] {jobs.py:2527} INFO - Task exited with return code 0
