[2019-03-21 18:09:51,542] {models.py:1359} INFO - Dependencies all met for <TaskInstance: tutorial.templated 2017-09-15T00:00:00+00:00 [queued]>
[2019-03-21 18:09:51,546] {models.py:1359} INFO - Dependencies all met for <TaskInstance: tutorial.templated 2017-09-15T00:00:00+00:00 [queued]>
[2019-03-21 18:09:51,546] {models.py:1571} INFO - 
--------------------------------------------------------------------------------
Starting attempt 1 of 2
--------------------------------------------------------------------------------

[2019-03-21 18:09:51,569] {models.py:1593} INFO - Executing <Task(BashOperator): templated> on 2017-09-15T00:00:00+00:00
[2019-03-21 18:09:51,569] {base_task_runner.py:118} INFO - Running: ['bash', '-c', 'airflow run tutorial templated 2017-09-15T00:00:00+00:00 --job_id 1746 --raw -sd DAGS_FOLDER/example_dags/tutorial.py --cfg_path /tmp/tmp6imy3i9w']
[2019-03-21 18:09:52,206] {base_task_runner.py:101} INFO - Job 1746: Subtask templated [2019-03-21 18:09:52,205] {__init__.py:51} INFO - Using executor SequentialExecutor
[2019-03-21 18:09:52,443] {base_task_runner.py:101} INFO - Job 1746: Subtask templated [2019-03-21 18:09:52,442] {models.py:273} INFO - Filling up the DagBag from /home/rsandroni/airflow/dags/example_dags/tutorial.py
[2019-03-21 18:09:52,507] {base_task_runner.py:101} INFO - Job 1746: Subtask templated [2019-03-21 18:09:52,507] {cli.py:520} INFO - Running <TaskInstance: tutorial.templated 2017-09-15T00:00:00+00:00 [running]> on host IADAIRP1.globalrs.rack.space
[2019-03-21 18:09:52,524] {bash_operator.py:77} INFO - Tmp dir root location: 
 /tmp
[2019-03-21 18:09:52,525] {bash_operator.py:86} INFO - Exporting the following env vars:
AIRFLOW_CTX_DAG_ID=tutorial
AIRFLOW_CTX_TASK_ID=templated
AIRFLOW_CTX_EXECUTION_DATE=2017-09-15T00:00:00+00:00
AIRFLOW_CTX_DAG_RUN_ID=scheduled__2017-09-15T00:00:00+00:00
[2019-03-21 18:09:52,525] {bash_operator.py:100} INFO - Temporary script location: /tmp/airflowtmp7dj84lmv/templatedlsaiceo4
[2019-03-21 18:09:52,525] {bash_operator.py:110} INFO - Running command: 

    echo "2017-09-15"
    echo "2017-09-22"
    echo "Parameter I passed in"

    echo "2017-09-15"
    echo "2017-09-22"
    echo "Parameter I passed in"

    echo "2017-09-15"
    echo "2017-09-22"
    echo "Parameter I passed in"

    echo "2017-09-15"
    echo "2017-09-22"
    echo "Parameter I passed in"

    echo "2017-09-15"
    echo "2017-09-22"
    echo "Parameter I passed in"

[2019-03-21 18:09:52,531] {bash_operator.py:119} INFO - Output:
[2019-03-21 18:09:52,532] {bash_operator.py:123} INFO - 2017-09-15
[2019-03-21 18:09:52,532] {bash_operator.py:123} INFO - 2017-09-22
[2019-03-21 18:09:52,532] {bash_operator.py:123} INFO - Parameter I passed in
[2019-03-21 18:09:52,532] {bash_operator.py:123} INFO - 2017-09-15
[2019-03-21 18:09:52,532] {bash_operator.py:123} INFO - 2017-09-22
[2019-03-21 18:09:52,532] {bash_operator.py:123} INFO - Parameter I passed in
[2019-03-21 18:09:52,532] {bash_operator.py:123} INFO - 2017-09-15
[2019-03-21 18:09:52,532] {bash_operator.py:123} INFO - 2017-09-22
[2019-03-21 18:09:52,532] {bash_operator.py:123} INFO - Parameter I passed in
[2019-03-21 18:09:52,532] {bash_operator.py:123} INFO - 2017-09-15
[2019-03-21 18:09:52,532] {bash_operator.py:123} INFO - 2017-09-22
[2019-03-21 18:09:52,532] {bash_operator.py:123} INFO - Parameter I passed in
[2019-03-21 18:09:52,532] {bash_operator.py:123} INFO - 2017-09-15
[2019-03-21 18:09:52,532] {bash_operator.py:123} INFO - 2017-09-22
[2019-03-21 18:09:52,533] {bash_operator.py:123} INFO - Parameter I passed in
[2019-03-21 18:09:52,533] {bash_operator.py:127} INFO - Command exited with return code 0
[2019-03-21 18:09:56,545] {logging_mixin.py:95} INFO - [2019-03-21 18:09:56,544] {jobs.py:2527} INFO - Task exited with return code 0
