[2019-03-22 04:51:22,623] {models.py:1359} INFO - Dependencies all met for <TaskInstance: tutorial.templated 2019-01-29T00:00:00+00:00 [queued]>
[2019-03-22 04:51:22,628] {models.py:1359} INFO - Dependencies all met for <TaskInstance: tutorial.templated 2019-01-29T00:00:00+00:00 [queued]>
[2019-03-22 04:51:22,628] {models.py:1571} INFO - 
--------------------------------------------------------------------------------
Starting attempt 1 of 2
--------------------------------------------------------------------------------

[2019-03-22 04:51:22,641] {models.py:1593} INFO - Executing <Task(BashOperator): templated> on 2019-01-29T00:00:00+00:00
[2019-03-22 04:51:22,641] {base_task_runner.py:118} INFO - Running: ['bash', '-c', 'airflow run tutorial templated 2019-01-29T00:00:00+00:00 --job_id 2751 --raw -sd DAGS_FOLDER/example_dags/tutorial.py --cfg_path /tmp/tmpjcw0kuvv']
[2019-03-22 04:51:23,287] {base_task_runner.py:101} INFO - Job 2751: Subtask templated [2019-03-22 04:51:23,287] {__init__.py:51} INFO - Using executor SequentialExecutor
[2019-03-22 04:51:23,551] {base_task_runner.py:101} INFO - Job 2751: Subtask templated [2019-03-22 04:51:23,551] {models.py:273} INFO - Filling up the DagBag from /home/rsandroni/airflow/dags/example_dags/tutorial.py
[2019-03-22 04:51:23,615] {base_task_runner.py:101} INFO - Job 2751: Subtask templated [2019-03-22 04:51:23,615] {cli.py:520} INFO - Running <TaskInstance: tutorial.templated 2019-01-29T00:00:00+00:00 [running]> on host IADAIRP1.globalrs.rack.space
[2019-03-22 04:51:23,631] {bash_operator.py:77} INFO - Tmp dir root location: 
 /tmp
[2019-03-22 04:51:23,632] {bash_operator.py:86} INFO - Exporting the following env vars:
AIRFLOW_CTX_DAG_ID=tutorial
AIRFLOW_CTX_TASK_ID=templated
AIRFLOW_CTX_EXECUTION_DATE=2019-01-29T00:00:00+00:00
AIRFLOW_CTX_DAG_RUN_ID=scheduled__2019-01-29T00:00:00+00:00
[2019-03-22 04:51:23,632] {bash_operator.py:100} INFO - Temporary script location: /tmp/airflowtmp90ewdf6j/templatedftuls6x7
[2019-03-22 04:51:23,632] {bash_operator.py:110} INFO - Running command: 

    echo "2019-01-29"
    echo "2019-02-05"
    echo "Parameter I passed in"

    echo "2019-01-29"
    echo "2019-02-05"
    echo "Parameter I passed in"

    echo "2019-01-29"
    echo "2019-02-05"
    echo "Parameter I passed in"

    echo "2019-01-29"
    echo "2019-02-05"
    echo "Parameter I passed in"

    echo "2019-01-29"
    echo "2019-02-05"
    echo "Parameter I passed in"

[2019-03-22 04:51:23,638] {bash_operator.py:119} INFO - Output:
[2019-03-22 04:51:23,639] {bash_operator.py:123} INFO - 2019-01-29
[2019-03-22 04:51:23,639] {bash_operator.py:123} INFO - 2019-02-05
[2019-03-22 04:51:23,639] {bash_operator.py:123} INFO - Parameter I passed in
[2019-03-22 04:51:23,639] {bash_operator.py:123} INFO - 2019-01-29
[2019-03-22 04:51:23,639] {bash_operator.py:123} INFO - 2019-02-05
[2019-03-22 04:51:23,639] {bash_operator.py:123} INFO - Parameter I passed in
[2019-03-22 04:51:23,639] {bash_operator.py:123} INFO - 2019-01-29
[2019-03-22 04:51:23,639] {bash_operator.py:123} INFO - 2019-02-05
[2019-03-22 04:51:23,639] {bash_operator.py:123} INFO - Parameter I passed in
[2019-03-22 04:51:23,639] {bash_operator.py:123} INFO - 2019-01-29
[2019-03-22 04:51:23,639] {bash_operator.py:123} INFO - 2019-02-05
[2019-03-22 04:51:23,639] {bash_operator.py:123} INFO - Parameter I passed in
[2019-03-22 04:51:23,639] {bash_operator.py:123} INFO - 2019-01-29
[2019-03-22 04:51:23,639] {bash_operator.py:123} INFO - 2019-02-05
[2019-03-22 04:51:23,639] {bash_operator.py:123} INFO - Parameter I passed in
[2019-03-22 04:51:23,640] {bash_operator.py:127} INFO - Command exited with return code 0
[2019-03-22 04:51:27,680] {logging_mixin.py:95} INFO - [2019-03-22 04:51:27,680] {jobs.py:2527} INFO - Task exited with return code 0
