[2019-03-19 10:20:52,420] {models.py:1359} INFO - Dependencies all met for <TaskInstance: tutorial.templated 2015-06-12T00:00:00+00:00 [queued]>
[2019-03-19 10:20:52,425] {models.py:1359} INFO - Dependencies all met for <TaskInstance: tutorial.templated 2015-06-12T00:00:00+00:00 [queued]>
[2019-03-19 10:20:52,425] {models.py:1571} INFO - 
--------------------------------------------------------------------------------
Starting attempt 1 of 2
--------------------------------------------------------------------------------

[2019-03-19 10:20:52,438] {models.py:1593} INFO - Executing <Task(BashOperator): templated> on 2015-06-12T00:00:00+00:00
[2019-03-19 10:20:52,438] {base_task_runner.py:118} INFO - Running: ['bash', '-c', 'airflow run tutorial templated 2015-06-12T00:00:00+00:00 --job_id 30 --raw -sd DAGS_FOLDER/crawler.py --cfg_path /tmp/tmpnr3j0b2h']
[2019-03-19 10:20:53,052] {base_task_runner.py:101} INFO - Job 30: Subtask templated [2019-03-19 10:20:53,052] {__init__.py:51} INFO - Using executor SequentialExecutor
[2019-03-19 10:20:53,279] {base_task_runner.py:101} INFO - Job 30: Subtask templated [2019-03-19 10:20:53,279] {models.py:273} INFO - Filling up the DagBag from /home/rsandroni/airflow/dags/crawler.py
[2019-03-19 10:20:53,294] {base_task_runner.py:101} INFO - Job 30: Subtask templated [2019-03-19 10:20:53,294] {cli.py:520} INFO - Running <TaskInstance: tutorial.templated 2015-06-12T00:00:00+00:00 [running]> on host IADAIRP1.globalrs.rack.space
[2019-03-19 10:20:53,307] {bash_operator.py:77} INFO - Tmp dir root location: 
 /tmp
[2019-03-19 10:20:53,308] {bash_operator.py:86} INFO - Exporting the following env vars:
AIRFLOW_CTX_DAG_ID=tutorial
AIRFLOW_CTX_TASK_ID=templated
AIRFLOW_CTX_EXECUTION_DATE=2015-06-12T00:00:00+00:00
AIRFLOW_CTX_DAG_RUN_ID=scheduled__2015-06-12T00:00:00+00:00
[2019-03-19 10:20:53,308] {bash_operator.py:100} INFO - Temporary script location: /tmp/airflowtmpjvo781nl/templatedidccogo9
[2019-03-19 10:20:53,308] {bash_operator.py:110} INFO - Running command: 
    
        echo "2015-06-12"
        echo "Parameter I passed in"
    
        echo "2015-06-12"
        echo "Parameter I passed in"
    
        echo "2015-06-12"
        echo "Parameter I passed in"
    
        echo "2015-06-12"
        echo "Parameter I passed in"
    
        echo "2015-06-12"
        echo "Parameter I passed in"
    
    
[2019-03-19 10:20:53,313] {bash_operator.py:119} INFO - Output:
[2019-03-19 10:20:53,314] {bash_operator.py:123} INFO - 2015-06-12
[2019-03-19 10:20:53,314] {bash_operator.py:123} INFO - Parameter I passed in
[2019-03-19 10:20:53,314] {bash_operator.py:123} INFO - 2015-06-12
[2019-03-19 10:20:53,314] {bash_operator.py:123} INFO - Parameter I passed in
[2019-03-19 10:20:53,315] {bash_operator.py:123} INFO - 2015-06-12
[2019-03-19 10:20:53,315] {bash_operator.py:123} INFO - Parameter I passed in
[2019-03-19 10:20:53,315] {bash_operator.py:123} INFO - 2015-06-12
[2019-03-19 10:20:53,315] {bash_operator.py:123} INFO - Parameter I passed in
[2019-03-19 10:20:53,315] {bash_operator.py:123} INFO - 2015-06-12
[2019-03-19 10:20:53,315] {bash_operator.py:123} INFO - Parameter I passed in
[2019-03-19 10:20:53,315] {bash_operator.py:127} INFO - Command exited with return code 0
[2019-03-19 10:20:57,424] {logging_mixin.py:95} INFO - [2019-03-19 10:20:57,423] {jobs.py:2527} INFO - Task exited with return code 0
