[2019-03-19 15:50:33,649] {models.py:1359} INFO - Dependencies all met for <TaskInstance: tutorial.print_date 2017-05-09T00:00:00+00:00 [queued]>
[2019-03-19 15:50:33,652] {models.py:1359} INFO - Dependencies all met for <TaskInstance: tutorial.print_date 2017-05-09T00:00:00+00:00 [queued]>
[2019-03-19 15:50:33,653] {models.py:1571} INFO - 
--------------------------------------------------------------------------------
Starting attempt 1 of 2
--------------------------------------------------------------------------------

[2019-03-19 15:50:33,725] {models.py:1593} INFO - Executing <Task(BashOperator): print_date> on 2017-05-09T00:00:00+00:00
[2019-03-19 15:50:33,725] {base_task_runner.py:118} INFO - Running: ['bash', '-c', 'airflow run tutorial print_date 2017-05-09T00:00:00+00:00 --job_id 1422 --raw -sd DAGS_FOLDER/tutorial.py --cfg_path /tmp/tmpp2b7hx_w']
[2019-03-19 15:50:35,229] {base_task_runner.py:101} INFO - Job 1422: Subtask print_date [2019-03-19 15:50:35,226] {__init__.py:51} INFO - Using executor SequentialExecutor
[2019-03-19 15:50:35,800] {base_task_runner.py:101} INFO - Job 1422: Subtask print_date [2019-03-19 15:50:35,795] {models.py:273} INFO - Filling up the DagBag from /home/rsandroni/airflow/dags/tutorial.py
[2019-03-19 15:50:35,839] {base_task_runner.py:101} INFO - Job 1422: Subtask print_date [2019-03-19 15:50:35,835] {cli.py:520} INFO - Running <TaskInstance: tutorial.print_date 2017-05-09T00:00:00+00:00 [running]> on host IADAIRP1.globalrs.rack.space
[2019-03-19 15:50:35,881] {bash_operator.py:77} INFO - Tmp dir root location: 
 /tmp
[2019-03-19 15:50:35,881] {bash_operator.py:86} INFO - Exporting the following env vars:
AIRFLOW_CTX_DAG_ID=tutorial
AIRFLOW_CTX_TASK_ID=print_date
AIRFLOW_CTX_EXECUTION_DATE=2017-05-09T00:00:00+00:00
AIRFLOW_CTX_DAG_RUN_ID=scheduled__2017-05-09T00:00:00+00:00
[2019-03-19 15:50:35,881] {bash_operator.py:100} INFO - Temporary script location: /tmp/airflowtmpg4i9wqr6/print_datehgzaziqe
[2019-03-19 15:50:35,881] {bash_operator.py:110} INFO - Running command: date
[2019-03-19 15:50:35,910] {bash_operator.py:119} INFO - Output:
[2019-03-19 15:50:35,958] {bash_operator.py:123} INFO - Ter Mar 19 15:50:35 -03 2019
[2019-03-19 15:50:35,959] {bash_operator.py:127} INFO - Command exited with return code 0
[2019-03-19 15:50:38,656] {logging_mixin.py:95} INFO - [2019-03-19 15:50:38,655] {jobs.py:2527} INFO - Task exited with return code 0
