[2019-03-22 05:31:47,123] {models.py:1359} INFO - Dependencies all met for <TaskInstance: tutorial.print_date 2019-03-01T00:00:00+00:00 [queued]>
[2019-03-22 05:31:47,126] {models.py:1359} INFO - Dependencies all met for <TaskInstance: tutorial.print_date 2019-03-01T00:00:00+00:00 [queued]>
[2019-03-22 05:31:47,126] {models.py:1571} INFO - 
--------------------------------------------------------------------------------
Starting attempt 1 of 2
--------------------------------------------------------------------------------

[2019-03-22 05:31:47,145] {models.py:1593} INFO - Executing <Task(BashOperator): print_date> on 2019-03-01T00:00:00+00:00
[2019-03-22 05:31:47,145] {base_task_runner.py:118} INFO - Running: ['bash', '-c', 'airflow run tutorial print_date 2019-03-01T00:00:00+00:00 --job_id 2812 --raw -sd DAGS_FOLDER/tutorial.py --cfg_path /tmp/tmpiw4c71p6']
[2019-03-22 05:31:47,779] {base_task_runner.py:101} INFO - Job 2812: Subtask print_date [2019-03-22 05:31:47,779] {__init__.py:51} INFO - Using executor SequentialExecutor
[2019-03-22 05:31:48,051] {base_task_runner.py:101} INFO - Job 2812: Subtask print_date [2019-03-22 05:31:48,050] {models.py:273} INFO - Filling up the DagBag from /home/rsandroni/airflow/dags/tutorial.py
[2019-03-22 05:31:48,066] {base_task_runner.py:101} INFO - Job 2812: Subtask print_date [2019-03-22 05:31:48,066] {cli.py:520} INFO - Running <TaskInstance: tutorial.print_date 2019-03-01T00:00:00+00:00 [running]> on host IADAIRP1.globalrs.rack.space
[2019-03-22 05:31:48,079] {bash_operator.py:77} INFO - Tmp dir root location: 
 /tmp
[2019-03-22 05:31:48,079] {bash_operator.py:86} INFO - Exporting the following env vars:
AIRFLOW_CTX_DAG_ID=tutorial
AIRFLOW_CTX_TASK_ID=print_date
AIRFLOW_CTX_EXECUTION_DATE=2019-03-01T00:00:00+00:00
AIRFLOW_CTX_DAG_RUN_ID=scheduled__2019-03-01T00:00:00+00:00
[2019-03-22 05:31:48,080] {bash_operator.py:100} INFO - Temporary script location: /tmp/airflowtmp15oobe5q/print_datetujw93b5
[2019-03-22 05:31:48,080] {bash_operator.py:110} INFO - Running command: date
[2019-03-22 05:31:48,085] {bash_operator.py:119} INFO - Output:
[2019-03-22 05:31:48,087] {bash_operator.py:123} INFO - Sex Mar 22 05:31:48 -03 2019
[2019-03-22 05:31:48,087] {bash_operator.py:127} INFO - Command exited with return code 0
[2019-03-22 05:31:52,213] {logging_mixin.py:95} INFO - [2019-03-22 05:31:52,212] {jobs.py:2527} INFO - Task exited with return code 0
