[2019-03-19 11:10:47,302] {models.py:1359} INFO - Dependencies all met for <TaskInstance: tutorial.templated 2015-09-15T00:00:00+00:00 [queued]>
[2019-03-19 11:10:47,306] {models.py:1359} INFO - Dependencies all met for <TaskInstance: tutorial.templated 2015-09-15T00:00:00+00:00 [queued]>
[2019-03-19 11:10:47,306] {models.py:1571} INFO - 
--------------------------------------------------------------------------------
Starting attempt 1 of 2
--------------------------------------------------------------------------------

[2019-03-19 11:10:47,327] {models.py:1593} INFO - Executing <Task(BashOperator): templated> on 2015-09-15T00:00:00+00:00
[2019-03-19 11:10:47,328] {base_task_runner.py:118} INFO - Running: ['bash', '-c', 'airflow run tutorial templated 2015-09-15T00:00:00+00:00 --job_id 219 --raw -sd DAGS_FOLDER/example_dags/tutorial.py --cfg_path /tmp/tmpzdbu_td0']
[2019-03-19 11:10:47,932] {base_task_runner.py:101} INFO - Job 219: Subtask templated [2019-03-19 11:10:47,929] {__init__.py:51} INFO - Using executor SequentialExecutor
[2019-03-19 11:10:48,153] {base_task_runner.py:101} INFO - Job 219: Subtask templated [2019-03-19 11:10:48,152] {models.py:273} INFO - Filling up the DagBag from /home/rsandroni/airflow/dags/example_dags/tutorial.py
[2019-03-19 11:10:48,193] {base_task_runner.py:101} INFO - Job 219: Subtask templated [2019-03-19 11:10:48,193] {cli.py:520} INFO - Running <TaskInstance: tutorial.templated 2015-09-15T00:00:00+00:00 [running]> on host IADAIRP1.globalrs.rack.space
[2019-03-19 11:10:48,210] {bash_operator.py:77} INFO - Tmp dir root location: 
 /tmp
[2019-03-19 11:10:48,210] {bash_operator.py:86} INFO - Exporting the following env vars:
AIRFLOW_CTX_DAG_ID=tutorial
AIRFLOW_CTX_TASK_ID=templated
AIRFLOW_CTX_EXECUTION_DATE=2015-09-15T00:00:00+00:00
AIRFLOW_CTX_DAG_RUN_ID=scheduled__2015-09-15T00:00:00+00:00
[2019-03-19 11:10:48,210] {bash_operator.py:100} INFO - Temporary script location: /tmp/airflowtmpc1kor_7l/templatede0d368ds
[2019-03-19 11:10:48,211] {bash_operator.py:110} INFO - Running command: 

    echo "2015-09-15"
    echo "2015-09-22"
    echo "Parameter I passed in"

    echo "2015-09-15"
    echo "2015-09-22"
    echo "Parameter I passed in"

    echo "2015-09-15"
    echo "2015-09-22"
    echo "Parameter I passed in"

    echo "2015-09-15"
    echo "2015-09-22"
    echo "Parameter I passed in"

    echo "2015-09-15"
    echo "2015-09-22"
    echo "Parameter I passed in"

[2019-03-19 11:10:48,216] {bash_operator.py:119} INFO - Output:
[2019-03-19 11:10:48,217] {bash_operator.py:123} INFO - 2015-09-15
[2019-03-19 11:10:48,217] {bash_operator.py:123} INFO - 2015-09-22
[2019-03-19 11:10:48,217] {bash_operator.py:123} INFO - Parameter I passed in
[2019-03-19 11:10:48,217] {bash_operator.py:123} INFO - 2015-09-15
[2019-03-19 11:10:48,217] {bash_operator.py:123} INFO - 2015-09-22
[2019-03-19 11:10:48,217] {bash_operator.py:123} INFO - Parameter I passed in
[2019-03-19 11:10:48,217] {bash_operator.py:123} INFO - 2015-09-15
[2019-03-19 11:10:48,217] {bash_operator.py:123} INFO - 2015-09-22
[2019-03-19 11:10:48,217] {bash_operator.py:123} INFO - Parameter I passed in
[2019-03-19 11:10:48,217] {bash_operator.py:123} INFO - 2015-09-15
[2019-03-19 11:10:48,217] {bash_operator.py:123} INFO - 2015-09-22
[2019-03-19 11:10:48,217] {bash_operator.py:123} INFO - Parameter I passed in
[2019-03-19 11:10:48,217] {bash_operator.py:123} INFO - 2015-09-15
[2019-03-19 11:10:48,217] {bash_operator.py:123} INFO - 2015-09-22
[2019-03-19 11:10:48,217] {bash_operator.py:123} INFO - Parameter I passed in
[2019-03-19 11:10:48,218] {bash_operator.py:127} INFO - Command exited with return code 0
[2019-03-19 11:10:52,294] {logging_mixin.py:95} INFO - [2019-03-19 11:10:52,294] {jobs.py:2527} INFO - Task exited with return code 0
