[2019-03-22 01:27:47,560] {models.py:1359} INFO - Dependencies all met for <TaskInstance: tutorial.templated 2018-08-28T00:00:00+00:00 [queued]>
[2019-03-22 01:27:47,565] {models.py:1359} INFO - Dependencies all met for <TaskInstance: tutorial.templated 2018-08-28T00:00:00+00:00 [queued]>
[2019-03-22 01:27:47,565] {models.py:1571} INFO - 
--------------------------------------------------------------------------------
Starting attempt 1 of 2
--------------------------------------------------------------------------------

[2019-03-22 01:27:47,602] {models.py:1593} INFO - Executing <Task(BashOperator): templated> on 2018-08-28T00:00:00+00:00
[2019-03-22 01:27:47,602] {base_task_runner.py:118} INFO - Running: ['bash', '-c', 'airflow run tutorial templated 2018-08-28T00:00:00+00:00 --job_id 2443 --raw -sd DAGS_FOLDER/example_dags/tutorial.py --cfg_path /tmp/tmpuvgy5za3']
[2019-03-22 01:27:48,369] {base_task_runner.py:101} INFO - Job 2443: Subtask templated [2019-03-22 01:27:48,368] {__init__.py:51} INFO - Using executor SequentialExecutor
[2019-03-22 01:27:48,711] {base_task_runner.py:101} INFO - Job 2443: Subtask templated [2019-03-22 01:27:48,703] {models.py:273} INFO - Filling up the DagBag from /home/rsandroni/airflow/dags/example_dags/tutorial.py
[2019-03-22 01:27:48,800] {base_task_runner.py:101} INFO - Job 2443: Subtask templated [2019-03-22 01:27:48,800] {cli.py:520} INFO - Running <TaskInstance: tutorial.templated 2018-08-28T00:00:00+00:00 [running]> on host IADAIRP1.globalrs.rack.space
[2019-03-22 01:27:48,820] {bash_operator.py:77} INFO - Tmp dir root location: 
 /tmp
[2019-03-22 01:27:48,820] {bash_operator.py:86} INFO - Exporting the following env vars:
AIRFLOW_CTX_DAG_ID=tutorial
AIRFLOW_CTX_TASK_ID=templated
AIRFLOW_CTX_EXECUTION_DATE=2018-08-28T00:00:00+00:00
AIRFLOW_CTX_DAG_RUN_ID=scheduled__2018-08-28T00:00:00+00:00
[2019-03-22 01:27:48,821] {bash_operator.py:100} INFO - Temporary script location: /tmp/airflowtmpnm_2vke1/templated1rcms1s0
[2019-03-22 01:27:48,821] {bash_operator.py:110} INFO - Running command: 

    echo "2018-08-28"
    echo "2018-09-04"
    echo "Parameter I passed in"

    echo "2018-08-28"
    echo "2018-09-04"
    echo "Parameter I passed in"

    echo "2018-08-28"
    echo "2018-09-04"
    echo "Parameter I passed in"

    echo "2018-08-28"
    echo "2018-09-04"
    echo "Parameter I passed in"

    echo "2018-08-28"
    echo "2018-09-04"
    echo "Parameter I passed in"

[2019-03-22 01:27:48,848] {bash_operator.py:119} INFO - Output:
[2019-03-22 01:27:48,849] {bash_operator.py:123} INFO - 2018-08-28
[2019-03-22 01:27:48,849] {bash_operator.py:123} INFO - 2018-09-04
[2019-03-22 01:27:48,849] {bash_operator.py:123} INFO - Parameter I passed in
[2019-03-22 01:27:48,849] {bash_operator.py:123} INFO - 2018-08-28
[2019-03-22 01:27:48,849] {bash_operator.py:123} INFO - 2018-09-04
[2019-03-22 01:27:48,849] {bash_operator.py:123} INFO - Parameter I passed in
[2019-03-22 01:27:48,849] {bash_operator.py:123} INFO - 2018-08-28
[2019-03-22 01:27:48,849] {bash_operator.py:123} INFO - 2018-09-04
[2019-03-22 01:27:48,849] {bash_operator.py:123} INFO - Parameter I passed in
[2019-03-22 01:27:48,849] {bash_operator.py:123} INFO - 2018-08-28
[2019-03-22 01:27:48,849] {bash_operator.py:123} INFO - 2018-09-04
[2019-03-22 01:27:48,849] {bash_operator.py:123} INFO - Parameter I passed in
[2019-03-22 01:27:48,849] {bash_operator.py:123} INFO - 2018-08-28
[2019-03-22 01:27:48,849] {bash_operator.py:123} INFO - 2018-09-04
[2019-03-22 01:27:48,849] {bash_operator.py:123} INFO - Parameter I passed in
[2019-03-22 01:27:48,849] {bash_operator.py:127} INFO - Command exited with return code 0
[2019-03-22 01:27:52,546] {logging_mixin.py:95} INFO - [2019-03-22 01:27:52,545] {jobs.py:2527} INFO - Task exited with return code 0
