[2019-03-22 03:53:05,224] {models.py:1359} INFO - Dependencies all met for <TaskInstance: tutorial.templated 2018-12-15T00:00:00+00:00 [queued]>
[2019-03-22 03:53:05,234] {models.py:1359} INFO - Dependencies all met for <TaskInstance: tutorial.templated 2018-12-15T00:00:00+00:00 [queued]>
[2019-03-22 03:53:05,234] {models.py:1571} INFO - 
--------------------------------------------------------------------------------
Starting attempt 1 of 2
--------------------------------------------------------------------------------

[2019-03-22 03:53:05,323] {models.py:1593} INFO - Executing <Task(BashOperator): templated> on 2018-12-15T00:00:00+00:00
[2019-03-22 03:53:05,323] {base_task_runner.py:118} INFO - Running: ['bash', '-c', 'airflow run tutorial templated 2018-12-15T00:00:00+00:00 --job_id 2662 --raw -sd DAGS_FOLDER/example_dags/tutorial.py --cfg_path /tmp/tmp5pgqns_y']
[2019-03-22 03:53:06,345] {base_task_runner.py:101} INFO - Job 2662: Subtask templated [2019-03-22 03:53:06,344] {__init__.py:51} INFO - Using executor SequentialExecutor
[2019-03-22 03:53:06,692] {base_task_runner.py:101} INFO - Job 2662: Subtask templated [2019-03-22 03:53:06,691] {models.py:273} INFO - Filling up the DagBag from /home/rsandroni/airflow/dags/example_dags/tutorial.py
[2019-03-22 03:53:06,908] {base_task_runner.py:101} INFO - Job 2662: Subtask templated [2019-03-22 03:53:06,905] {cli.py:520} INFO - Running <TaskInstance: tutorial.templated 2018-12-15T00:00:00+00:00 [running]> on host IADAIRP1.globalrs.rack.space
[2019-03-22 03:53:06,950] {bash_operator.py:77} INFO - Tmp dir root location: 
 /tmp
[2019-03-22 03:53:06,951] {bash_operator.py:86} INFO - Exporting the following env vars:
AIRFLOW_CTX_DAG_ID=tutorial
AIRFLOW_CTX_TASK_ID=templated
AIRFLOW_CTX_EXECUTION_DATE=2018-12-15T00:00:00+00:00
AIRFLOW_CTX_DAG_RUN_ID=scheduled__2018-12-15T00:00:00+00:00
[2019-03-22 03:53:06,952] {bash_operator.py:100} INFO - Temporary script location: /tmp/airflowtmpf0mzcbot/templatedxw8xi0pu
[2019-03-22 03:53:06,952] {bash_operator.py:110} INFO - Running command: 

    echo "2018-12-15"
    echo "2018-12-22"
    echo "Parameter I passed in"

    echo "2018-12-15"
    echo "2018-12-22"
    echo "Parameter I passed in"

    echo "2018-12-15"
    echo "2018-12-22"
    echo "Parameter I passed in"

    echo "2018-12-15"
    echo "2018-12-22"
    echo "Parameter I passed in"

    echo "2018-12-15"
    echo "2018-12-22"
    echo "Parameter I passed in"

[2019-03-22 03:53:06,970] {bash_operator.py:119} INFO - Output:
[2019-03-22 03:53:06,970] {bash_operator.py:123} INFO - 2018-12-15
[2019-03-22 03:53:06,970] {bash_operator.py:123} INFO - 2018-12-22
[2019-03-22 03:53:06,970] {bash_operator.py:123} INFO - Parameter I passed in
[2019-03-22 03:53:06,970] {bash_operator.py:123} INFO - 2018-12-15
[2019-03-22 03:53:06,970] {bash_operator.py:123} INFO - 2018-12-22
[2019-03-22 03:53:06,970] {bash_operator.py:123} INFO - Parameter I passed in
[2019-03-22 03:53:06,970] {bash_operator.py:123} INFO - 2018-12-15
[2019-03-22 03:53:06,970] {bash_operator.py:123} INFO - 2018-12-22
[2019-03-22 03:53:06,970] {bash_operator.py:123} INFO - Parameter I passed in
[2019-03-22 03:53:06,970] {bash_operator.py:123} INFO - 2018-12-15
[2019-03-22 03:53:06,970] {bash_operator.py:123} INFO - 2018-12-22
[2019-03-22 03:53:06,970] {bash_operator.py:123} INFO - Parameter I passed in
[2019-03-22 03:53:06,971] {bash_operator.py:123} INFO - 2018-12-15
[2019-03-22 03:53:06,971] {bash_operator.py:123} INFO - 2018-12-22
[2019-03-22 03:53:06,971] {bash_operator.py:123} INFO - Parameter I passed in
[2019-03-22 03:53:06,971] {bash_operator.py:127} INFO - Command exited with return code 0
[2019-03-22 03:53:10,153] {logging_mixin.py:95} INFO - [2019-03-22 03:53:10,152] {jobs.py:2527} INFO - Task exited with return code 0
