[2019-03-19 14:54:55,906] {models.py:1359} INFO - Dependencies all met for <TaskInstance: tutorial.templated 2017-01-06T00:00:00+00:00 [queued]>
[2019-03-19 14:54:55,911] {models.py:1359} INFO - Dependencies all met for <TaskInstance: tutorial.templated 2017-01-06T00:00:00+00:00 [queued]>
[2019-03-19 14:54:55,911] {models.py:1571} INFO - 
--------------------------------------------------------------------------------
Starting attempt 1 of 2
--------------------------------------------------------------------------------

[2019-03-19 14:54:55,977] {models.py:1593} INFO - Executing <Task(BashOperator): templated> on 2017-01-06T00:00:00+00:00
[2019-03-19 14:54:55,977] {base_task_runner.py:118} INFO - Running: ['bash', '-c', 'airflow run tutorial templated 2017-01-06T00:00:00+00:00 --job_id 1179 --raw -sd DAGS_FOLDER/sql_server_load.py --cfg_path /tmp/tmp_lmbjwie']
[2019-03-19 14:54:56,846] {base_task_runner.py:101} INFO - Job 1179: Subtask templated [2019-03-19 14:54:56,845] {__init__.py:51} INFO - Using executor SequentialExecutor
[2019-03-19 14:54:57,276] {base_task_runner.py:101} INFO - Job 1179: Subtask templated [2019-03-19 14:54:57,275] {models.py:273} INFO - Filling up the DagBag from /home/rsandroni/airflow/dags/sql_server_load.py
[2019-03-19 14:54:57,311] {base_task_runner.py:101} INFO - Job 1179: Subtask templated [2019-03-19 14:54:57,307] {cli.py:520} INFO - Running <TaskInstance: tutorial.templated 2017-01-06T00:00:00+00:00 [running]> on host IADAIRP1.globalrs.rack.space
[2019-03-19 14:54:57,354] {bash_operator.py:77} INFO - Tmp dir root location: 
 /tmp
[2019-03-19 14:54:57,354] {bash_operator.py:86} INFO - Exporting the following env vars:
AIRFLOW_CTX_DAG_ID=tutorial
AIRFLOW_CTX_TASK_ID=templated
AIRFLOW_CTX_EXECUTION_DATE=2017-01-06T00:00:00+00:00
AIRFLOW_CTX_DAG_RUN_ID=scheduled__2017-01-06T00:00:00+00:00
[2019-03-19 14:54:57,355] {bash_operator.py:100} INFO - Temporary script location: /tmp/airflowtmpj1i0b3e8/templatedecyfbrvn
[2019-03-19 14:54:57,355] {bash_operator.py:110} INFO - Running command: 
    
        echo "2017-01-06"
        echo "Parameter I passed in"
    
        echo "2017-01-06"
        echo "Parameter I passed in"
    
        echo "2017-01-06"
        echo "Parameter I passed in"
    
        echo "2017-01-06"
        echo "Parameter I passed in"
    
        echo "2017-01-06"
        echo "Parameter I passed in"
    
    
[2019-03-19 14:54:57,393] {bash_operator.py:119} INFO - Output:
[2019-03-19 14:54:57,400] {bash_operator.py:123} INFO - 2017-01-06
[2019-03-19 14:54:57,400] {bash_operator.py:123} INFO - Parameter I passed in
[2019-03-19 14:54:57,400] {bash_operator.py:123} INFO - 2017-01-06
[2019-03-19 14:54:57,400] {bash_operator.py:123} INFO - Parameter I passed in
[2019-03-19 14:54:57,400] {bash_operator.py:123} INFO - 2017-01-06
[2019-03-19 14:54:57,400] {bash_operator.py:123} INFO - Parameter I passed in
[2019-03-19 14:54:57,400] {bash_operator.py:123} INFO - 2017-01-06
[2019-03-19 14:54:57,400] {bash_operator.py:123} INFO - Parameter I passed in
[2019-03-19 14:54:57,400] {bash_operator.py:123} INFO - 2017-01-06
[2019-03-19 14:54:57,400] {bash_operator.py:123} INFO - Parameter I passed in
[2019-03-19 14:54:57,400] {bash_operator.py:127} INFO - Command exited with return code 0
[2019-03-19 14:55:00,938] {logging_mixin.py:95} INFO - [2019-03-19 14:55:00,938] {jobs.py:2527} INFO - Task exited with return code 0
