[2019-03-19 10:45:00,981] {models.py:1359} INFO - Dependencies all met for <TaskInstance: tutorial.templated 2015-07-29T00:00:00+00:00 [queued]>
[2019-03-19 10:45:00,985] {models.py:1359} INFO - Dependencies all met for <TaskInstance: tutorial.templated 2015-07-29T00:00:00+00:00 [queued]>
[2019-03-19 10:45:00,985] {models.py:1571} INFO - 
--------------------------------------------------------------------------------
Starting attempt 1 of 2
--------------------------------------------------------------------------------

[2019-03-19 10:45:00,997] {models.py:1593} INFO - Executing <Task(BashOperator): templated> on 2015-07-29T00:00:00+00:00
[2019-03-19 10:45:00,998] {base_task_runner.py:118} INFO - Running: ['bash', '-c', 'airflow run tutorial templated 2015-07-29T00:00:00+00:00 --job_id 123 --raw -sd DAGS_FOLDER/example_dags/tutorial.py --cfg_path /tmp/tmpv4wx2n_7']
[2019-03-19 10:45:01,596] {base_task_runner.py:101} INFO - Job 123: Subtask templated [2019-03-19 10:45:01,596] {__init__.py:51} INFO - Using executor SequentialExecutor
[2019-03-19 10:45:01,812] {base_task_runner.py:101} INFO - Job 123: Subtask templated [2019-03-19 10:45:01,811] {models.py:273} INFO - Filling up the DagBag from /home/rsandroni/airflow/dags/example_dags/tutorial.py
[2019-03-19 10:45:01,852] {base_task_runner.py:101} INFO - Job 123: Subtask templated [2019-03-19 10:45:01,851] {cli.py:520} INFO - Running <TaskInstance: tutorial.templated 2015-07-29T00:00:00+00:00 [running]> on host IADAIRP1.globalrs.rack.space
[2019-03-19 10:45:01,866] {bash_operator.py:77} INFO - Tmp dir root location: 
 /tmp
[2019-03-19 10:45:01,866] {bash_operator.py:86} INFO - Exporting the following env vars:
AIRFLOW_CTX_DAG_ID=tutorial
AIRFLOW_CTX_TASK_ID=templated
AIRFLOW_CTX_EXECUTION_DATE=2015-07-29T00:00:00+00:00
AIRFLOW_CTX_DAG_RUN_ID=scheduled__2015-07-29T00:00:00+00:00
[2019-03-19 10:45:01,867] {bash_operator.py:100} INFO - Temporary script location: /tmp/airflowtmpk60c6a39/templated_a87kyj5
[2019-03-19 10:45:01,867] {bash_operator.py:110} INFO - Running command: 

    echo "2015-07-29"
    echo "2015-08-05"
    echo "Parameter I passed in"

    echo "2015-07-29"
    echo "2015-08-05"
    echo "Parameter I passed in"

    echo "2015-07-29"
    echo "2015-08-05"
    echo "Parameter I passed in"

    echo "2015-07-29"
    echo "2015-08-05"
    echo "Parameter I passed in"

    echo "2015-07-29"
    echo "2015-08-05"
    echo "Parameter I passed in"

[2019-03-19 10:45:01,872] {bash_operator.py:119} INFO - Output:
[2019-03-19 10:45:01,873] {bash_operator.py:123} INFO - 2015-07-29
[2019-03-19 10:45:01,873] {bash_operator.py:123} INFO - 2015-08-05
[2019-03-19 10:45:01,873] {bash_operator.py:123} INFO - Parameter I passed in
[2019-03-19 10:45:01,873] {bash_operator.py:123} INFO - 2015-07-29
[2019-03-19 10:45:01,873] {bash_operator.py:123} INFO - 2015-08-05
[2019-03-19 10:45:01,873] {bash_operator.py:123} INFO - Parameter I passed in
[2019-03-19 10:45:01,873] {bash_operator.py:123} INFO - 2015-07-29
[2019-03-19 10:45:01,873] {bash_operator.py:123} INFO - 2015-08-05
[2019-03-19 10:45:01,874] {bash_operator.py:123} INFO - Parameter I passed in
[2019-03-19 10:45:01,874] {bash_operator.py:123} INFO - 2015-07-29
[2019-03-19 10:45:01,874] {bash_operator.py:123} INFO - 2015-08-05
[2019-03-19 10:45:01,874] {bash_operator.py:123} INFO - Parameter I passed in
[2019-03-19 10:45:01,874] {bash_operator.py:123} INFO - 2015-07-29
[2019-03-19 10:45:01,874] {bash_operator.py:123} INFO - 2015-08-05
[2019-03-19 10:45:01,874] {bash_operator.py:123} INFO - Parameter I passed in
[2019-03-19 10:45:01,874] {bash_operator.py:127} INFO - Command exited with return code 0
[2019-03-19 10:45:05,987] {logging_mixin.py:95} INFO - [2019-03-19 10:45:05,986] {jobs.py:2527} INFO - Task exited with return code 0
