[2019-03-22 04:27:27,345] {models.py:1359} INFO - Dependencies all met for <TaskInstance: tutorial.templated 2019-01-11T00:00:00+00:00 [queued]>
[2019-03-22 04:27:27,351] {models.py:1359} INFO - Dependencies all met for <TaskInstance: tutorial.templated 2019-01-11T00:00:00+00:00 [queued]>
[2019-03-22 04:27:27,351] {models.py:1571} INFO - 
--------------------------------------------------------------------------------
Starting attempt 1 of 2
--------------------------------------------------------------------------------

[2019-03-22 04:27:27,391] {models.py:1593} INFO - Executing <Task(BashOperator): templated> on 2019-01-11T00:00:00+00:00
[2019-03-22 04:27:27,391] {base_task_runner.py:118} INFO - Running: ['bash', '-c', 'airflow run tutorial templated 2019-01-11T00:00:00+00:00 --job_id 2715 --raw -sd DAGS_FOLDER/example_dags/tutorial.py --cfg_path /tmp/tmpkt_6f8h9']
[2019-03-22 04:27:28,062] {base_task_runner.py:101} INFO - Job 2715: Subtask templated [2019-03-22 04:27:28,061] {__init__.py:51} INFO - Using executor SequentialExecutor
[2019-03-22 04:27:28,324] {base_task_runner.py:101} INFO - Job 2715: Subtask templated [2019-03-22 04:27:28,323] {models.py:273} INFO - Filling up the DagBag from /home/rsandroni/airflow/dags/example_dags/tutorial.py
[2019-03-22 04:27:28,392] {base_task_runner.py:101} INFO - Job 2715: Subtask templated [2019-03-22 04:27:28,389] {cli.py:520} INFO - Running <TaskInstance: tutorial.templated 2019-01-11T00:00:00+00:00 [running]> on host IADAIRP1.globalrs.rack.space
[2019-03-22 04:27:28,408] {bash_operator.py:77} INFO - Tmp dir root location: 
 /tmp
[2019-03-22 04:27:28,408] {bash_operator.py:86} INFO - Exporting the following env vars:
AIRFLOW_CTX_DAG_ID=tutorial
AIRFLOW_CTX_TASK_ID=templated
AIRFLOW_CTX_EXECUTION_DATE=2019-01-11T00:00:00+00:00
AIRFLOW_CTX_DAG_RUN_ID=scheduled__2019-01-11T00:00:00+00:00
[2019-03-22 04:27:28,409] {bash_operator.py:100} INFO - Temporary script location: /tmp/airflowtmp0hzc_138/templatedl0kjnmo7
[2019-03-22 04:27:28,409] {bash_operator.py:110} INFO - Running command: 

    echo "2019-01-11"
    echo "2019-01-18"
    echo "Parameter I passed in"

    echo "2019-01-11"
    echo "2019-01-18"
    echo "Parameter I passed in"

    echo "2019-01-11"
    echo "2019-01-18"
    echo "Parameter I passed in"

    echo "2019-01-11"
    echo "2019-01-18"
    echo "Parameter I passed in"

    echo "2019-01-11"
    echo "2019-01-18"
    echo "Parameter I passed in"

[2019-03-22 04:27:28,414] {bash_operator.py:119} INFO - Output:
[2019-03-22 04:27:28,415] {bash_operator.py:123} INFO - 2019-01-11
[2019-03-22 04:27:28,415] {bash_operator.py:123} INFO - 2019-01-18
[2019-03-22 04:27:28,415] {bash_operator.py:123} INFO - Parameter I passed in
[2019-03-22 04:27:28,415] {bash_operator.py:123} INFO - 2019-01-11
[2019-03-22 04:27:28,416] {bash_operator.py:123} INFO - 2019-01-18
[2019-03-22 04:27:28,416] {bash_operator.py:123} INFO - Parameter I passed in
[2019-03-22 04:27:28,416] {bash_operator.py:123} INFO - 2019-01-11
[2019-03-22 04:27:28,416] {bash_operator.py:123} INFO - 2019-01-18
[2019-03-22 04:27:28,416] {bash_operator.py:123} INFO - Parameter I passed in
[2019-03-22 04:27:28,416] {bash_operator.py:123} INFO - 2019-01-11
[2019-03-22 04:27:28,416] {bash_operator.py:123} INFO - 2019-01-18
[2019-03-22 04:27:28,416] {bash_operator.py:123} INFO - Parameter I passed in
[2019-03-22 04:27:28,416] {bash_operator.py:123} INFO - 2019-01-11
[2019-03-22 04:27:28,416] {bash_operator.py:123} INFO - 2019-01-18
[2019-03-22 04:27:28,416] {bash_operator.py:123} INFO - Parameter I passed in
[2019-03-22 04:27:28,416] {bash_operator.py:127} INFO - Command exited with return code 0
[2019-03-22 04:27:32,359] {logging_mixin.py:95} INFO - [2019-03-22 04:27:32,358] {jobs.py:2527} INFO - Task exited with return code 0
