[2019-03-21 23:13:54,077] {models.py:1359} INFO - Dependencies all met for <TaskInstance: tutorial.print_date 2018-05-20T00:00:00+00:00 [queued]>
[2019-03-21 23:13:54,079] {models.py:1359} INFO - Dependencies all met for <TaskInstance: tutorial.print_date 2018-05-20T00:00:00+00:00 [queued]>
[2019-03-21 23:13:54,079] {models.py:1571} INFO - 
--------------------------------------------------------------------------------
Starting attempt 1 of 2
--------------------------------------------------------------------------------

[2019-03-21 23:13:54,091] {models.py:1593} INFO - Executing <Task(BashOperator): print_date> on 2018-05-20T00:00:00+00:00
[2019-03-21 23:13:54,091] {base_task_runner.py:118} INFO - Running: ['bash', '-c', 'airflow run tutorial print_date 2018-05-20T00:00:00+00:00 --job_id 2241 --raw -sd DAGS_FOLDER/tutorial.py --cfg_path /tmp/tmpc5kfn7gg']
[2019-03-21 23:13:54,727] {base_task_runner.py:101} INFO - Job 2241: Subtask print_date [2019-03-21 23:13:54,726] {__init__.py:51} INFO - Using executor SequentialExecutor
[2019-03-21 23:13:54,958] {base_task_runner.py:101} INFO - Job 2241: Subtask print_date [2019-03-21 23:13:54,957] {models.py:273} INFO - Filling up the DagBag from /home/rsandroni/airflow/dags/tutorial.py
[2019-03-21 23:13:54,974] {base_task_runner.py:101} INFO - Job 2241: Subtask print_date [2019-03-21 23:13:54,973] {cli.py:520} INFO - Running <TaskInstance: tutorial.print_date 2018-05-20T00:00:00+00:00 [running]> on host IADAIRP1.globalrs.rack.space
[2019-03-21 23:13:54,987] {bash_operator.py:77} INFO - Tmp dir root location: 
 /tmp
[2019-03-21 23:13:54,987] {bash_operator.py:86} INFO - Exporting the following env vars:
AIRFLOW_CTX_DAG_ID=tutorial
AIRFLOW_CTX_TASK_ID=print_date
AIRFLOW_CTX_EXECUTION_DATE=2018-05-20T00:00:00+00:00
AIRFLOW_CTX_DAG_RUN_ID=scheduled__2018-05-20T00:00:00+00:00
[2019-03-21 23:13:54,987] {bash_operator.py:100} INFO - Temporary script location: /tmp/airflowtmp38_b12ze/print_datet76r4j0l
[2019-03-21 23:13:54,988] {bash_operator.py:110} INFO - Running command: date
[2019-03-21 23:13:54,993] {bash_operator.py:119} INFO - Output:
[2019-03-21 23:13:54,995] {bash_operator.py:123} INFO - Qui Mar 21 23:13:54 -03 2019
[2019-03-21 23:13:54,995] {bash_operator.py:127} INFO - Command exited with return code 0
[2019-03-21 23:13:59,083] {logging_mixin.py:95} INFO - [2019-03-21 23:13:59,082] {jobs.py:2527} INFO - Task exited with return code 0
