[2019-03-21 20:31:34,255] {models.py:1359} INFO - Dependencies all met for <TaskInstance: tutorial.templated 2018-01-14T00:00:00+00:00 [queued]>
[2019-03-21 20:31:34,260] {models.py:1359} INFO - Dependencies all met for <TaskInstance: tutorial.templated 2018-01-14T00:00:00+00:00 [queued]>
[2019-03-21 20:31:34,260] {models.py:1571} INFO - 
--------------------------------------------------------------------------------
Starting attempt 1 of 2
--------------------------------------------------------------------------------

[2019-03-21 20:31:34,286] {models.py:1593} INFO - Executing <Task(BashOperator): templated> on 2018-01-14T00:00:00+00:00
[2019-03-21 20:31:34,286] {base_task_runner.py:118} INFO - Running: ['bash', '-c', 'airflow run tutorial templated 2018-01-14T00:00:00+00:00 --job_id 1991 --raw -sd DAGS_FOLDER/example_dags/tutorial.py --cfg_path /tmp/tmpadnby6hw']
[2019-03-21 20:31:35,197] {base_task_runner.py:101} INFO - Job 1991: Subtask templated [2019-03-21 20:31:35,190] {__init__.py:51} INFO - Using executor SequentialExecutor
[2019-03-21 20:31:35,603] {base_task_runner.py:101} INFO - Job 1991: Subtask templated [2019-03-21 20:31:35,602] {models.py:273} INFO - Filling up the DagBag from /home/rsandroni/airflow/dags/example_dags/tutorial.py
[2019-03-21 20:31:35,685] {base_task_runner.py:101} INFO - Job 1991: Subtask templated [2019-03-21 20:31:35,684] {cli.py:520} INFO - Running <TaskInstance: tutorial.templated 2018-01-14T00:00:00+00:00 [running]> on host IADAIRP1.globalrs.rack.space
[2019-03-21 20:31:35,719] {bash_operator.py:77} INFO - Tmp dir root location: 
 /tmp
[2019-03-21 20:31:35,719] {bash_operator.py:86} INFO - Exporting the following env vars:
AIRFLOW_CTX_DAG_ID=tutorial
AIRFLOW_CTX_TASK_ID=templated
AIRFLOW_CTX_EXECUTION_DATE=2018-01-14T00:00:00+00:00
AIRFLOW_CTX_DAG_RUN_ID=scheduled__2018-01-14T00:00:00+00:00
[2019-03-21 20:31:35,720] {bash_operator.py:100} INFO - Temporary script location: /tmp/airflowtmprd9vikf5/templatedtvaxvyh7
[2019-03-21 20:31:35,720] {bash_operator.py:110} INFO - Running command: 

    echo "2018-01-14"
    echo "2018-01-21"
    echo "Parameter I passed in"

    echo "2018-01-14"
    echo "2018-01-21"
    echo "Parameter I passed in"

    echo "2018-01-14"
    echo "2018-01-21"
    echo "Parameter I passed in"

    echo "2018-01-14"
    echo "2018-01-21"
    echo "Parameter I passed in"

    echo "2018-01-14"
    echo "2018-01-21"
    echo "Parameter I passed in"

[2019-03-21 20:31:35,755] {bash_operator.py:119} INFO - Output:
[2019-03-21 20:31:35,756] {bash_operator.py:123} INFO - 2018-01-14
[2019-03-21 20:31:35,756] {bash_operator.py:123} INFO - 2018-01-21
[2019-03-21 20:31:35,756] {bash_operator.py:123} INFO - Parameter I passed in
[2019-03-21 20:31:35,756] {bash_operator.py:123} INFO - 2018-01-14
[2019-03-21 20:31:35,756] {bash_operator.py:123} INFO - 2018-01-21
[2019-03-21 20:31:35,756] {bash_operator.py:123} INFO - Parameter I passed in
[2019-03-21 20:31:35,756] {bash_operator.py:123} INFO - 2018-01-14
[2019-03-21 20:31:35,756] {bash_operator.py:123} INFO - 2018-01-21
[2019-03-21 20:31:35,756] {bash_operator.py:123} INFO - Parameter I passed in
[2019-03-21 20:31:35,756] {bash_operator.py:123} INFO - 2018-01-14
[2019-03-21 20:31:35,756] {bash_operator.py:123} INFO - 2018-01-21
[2019-03-21 20:31:35,756] {bash_operator.py:123} INFO - Parameter I passed in
[2019-03-21 20:31:35,756] {bash_operator.py:123} INFO - 2018-01-14
[2019-03-21 20:31:35,756] {bash_operator.py:123} INFO - 2018-01-21
[2019-03-21 20:31:35,757] {bash_operator.py:123} INFO - Parameter I passed in
[2019-03-21 20:31:35,757] {bash_operator.py:127} INFO - Command exited with return code 0
[2019-03-21 20:31:39,265] {logging_mixin.py:95} INFO - [2019-03-21 20:31:39,264] {jobs.py:2527} INFO - Task exited with return code 0
