[2019-03-19 15:13:43,335] {models.py:1359} INFO - Dependencies all met for <TaskInstance: tutorial.print_date 2017-02-18T00:00:00+00:00 [queued]>
[2019-03-19 15:13:43,338] {models.py:1359} INFO - Dependencies all met for <TaskInstance: tutorial.print_date 2017-02-18T00:00:00+00:00 [queued]>
[2019-03-19 15:13:43,338] {models.py:1571} INFO - 
--------------------------------------------------------------------------------
Starting attempt 1 of 2
--------------------------------------------------------------------------------

[2019-03-19 15:13:43,411] {models.py:1593} INFO - Executing <Task(BashOperator): print_date> on 2017-02-18T00:00:00+00:00
[2019-03-19 15:13:43,411] {base_task_runner.py:118} INFO - Running: ['bash', '-c', 'airflow run tutorial print_date 2017-02-18T00:00:00+00:00 --job_id 1261 --raw -sd DAGS_FOLDER/tutorial.py --cfg_path /tmp/tmp1zyr4ehv']
[2019-03-19 15:13:44,826] {base_task_runner.py:101} INFO - Job 1261: Subtask print_date [2019-03-19 15:13:44,825] {__init__.py:51} INFO - Using executor SequentialExecutor
[2019-03-19 15:13:45,355] {base_task_runner.py:101} INFO - Job 1261: Subtask print_date [2019-03-19 15:13:45,349] {models.py:273} INFO - Filling up the DagBag from /home/rsandroni/airflow/dags/tutorial.py
[2019-03-19 15:13:45,397] {base_task_runner.py:101} INFO - Job 1261: Subtask print_date [2019-03-19 15:13:45,397] {cli.py:520} INFO - Running <TaskInstance: tutorial.print_date 2017-02-18T00:00:00+00:00 [running]> on host IADAIRP1.globalrs.rack.space
[2019-03-19 15:13:45,433] {bash_operator.py:77} INFO - Tmp dir root location: 
 /tmp
[2019-03-19 15:13:45,433] {bash_operator.py:86} INFO - Exporting the following env vars:
AIRFLOW_CTX_DAG_ID=tutorial
AIRFLOW_CTX_TASK_ID=print_date
AIRFLOW_CTX_EXECUTION_DATE=2017-02-18T00:00:00+00:00
AIRFLOW_CTX_DAG_RUN_ID=scheduled__2017-02-18T00:00:00+00:00
[2019-03-19 15:13:45,434] {bash_operator.py:100} INFO - Temporary script location: /tmp/airflowtmpl0dsjdv8/print_date5zpspyz9
[2019-03-19 15:13:45,434] {bash_operator.py:110} INFO - Running command: date
[2019-03-19 15:13:45,467] {bash_operator.py:119} INFO - Output:
[2019-03-19 15:13:45,493] {bash_operator.py:123} INFO - Ter Mar 19 15:13:45 -03 2019
[2019-03-19 15:13:45,493] {bash_operator.py:127} INFO - Command exited with return code 0
[2019-03-19 15:13:48,354] {logging_mixin.py:95} INFO - [2019-03-19 15:13:48,353] {jobs.py:2527} INFO - Task exited with return code 0
