[2019-03-21 21:34:38,335] {models.py:1359} INFO - Dependencies all met for <TaskInstance: tutorial.templated 2018-03-03T00:00:00+00:00 [queued]>
[2019-03-21 21:34:38,339] {models.py:1359} INFO - Dependencies all met for <TaskInstance: tutorial.templated 2018-03-03T00:00:00+00:00 [queued]>
[2019-03-21 21:34:38,339] {models.py:1571} INFO - 
--------------------------------------------------------------------------------
Starting attempt 1 of 2
--------------------------------------------------------------------------------

[2019-03-21 21:34:38,353] {models.py:1593} INFO - Executing <Task(BashOperator): templated> on 2018-03-03T00:00:00+00:00
[2019-03-21 21:34:38,353] {base_task_runner.py:118} INFO - Running: ['bash', '-c', 'airflow run tutorial templated 2018-03-03T00:00:00+00:00 --job_id 2087 --raw -sd DAGS_FOLDER/example_dags/tutorial.py --cfg_path /tmp/tmptfg4_1ed']
[2019-03-21 21:34:38,997] {base_task_runner.py:101} INFO - Job 2087: Subtask templated [2019-03-21 21:34:38,996] {__init__.py:51} INFO - Using executor SequentialExecutor
[2019-03-21 21:34:39,231] {base_task_runner.py:101} INFO - Job 2087: Subtask templated [2019-03-21 21:34:39,230] {models.py:273} INFO - Filling up the DagBag from /home/rsandroni/airflow/dags/example_dags/tutorial.py
[2019-03-21 21:34:39,295] {base_task_runner.py:101} INFO - Job 2087: Subtask templated [2019-03-21 21:34:39,295] {cli.py:520} INFO - Running <TaskInstance: tutorial.templated 2018-03-03T00:00:00+00:00 [running]> on host IADAIRP1.globalrs.rack.space
[2019-03-21 21:34:39,313] {bash_operator.py:77} INFO - Tmp dir root location: 
 /tmp
[2019-03-21 21:34:39,314] {bash_operator.py:86} INFO - Exporting the following env vars:
AIRFLOW_CTX_DAG_ID=tutorial
AIRFLOW_CTX_TASK_ID=templated
AIRFLOW_CTX_EXECUTION_DATE=2018-03-03T00:00:00+00:00
AIRFLOW_CTX_DAG_RUN_ID=scheduled__2018-03-03T00:00:00+00:00
[2019-03-21 21:34:39,314] {bash_operator.py:100} INFO - Temporary script location: /tmp/airflowtmpcniefh0a/templatedzv9q1mmj
[2019-03-21 21:34:39,314] {bash_operator.py:110} INFO - Running command: 

    echo "2018-03-03"
    echo "2018-03-10"
    echo "Parameter I passed in"

    echo "2018-03-03"
    echo "2018-03-10"
    echo "Parameter I passed in"

    echo "2018-03-03"
    echo "2018-03-10"
    echo "Parameter I passed in"

    echo "2018-03-03"
    echo "2018-03-10"
    echo "Parameter I passed in"

    echo "2018-03-03"
    echo "2018-03-10"
    echo "Parameter I passed in"

[2019-03-21 21:34:39,320] {bash_operator.py:119} INFO - Output:
[2019-03-21 21:34:39,321] {bash_operator.py:123} INFO - 2018-03-03
[2019-03-21 21:34:39,321] {bash_operator.py:123} INFO - 2018-03-10
[2019-03-21 21:34:39,321] {bash_operator.py:123} INFO - Parameter I passed in
[2019-03-21 21:34:39,321] {bash_operator.py:123} INFO - 2018-03-03
[2019-03-21 21:34:39,321] {bash_operator.py:123} INFO - 2018-03-10
[2019-03-21 21:34:39,321] {bash_operator.py:123} INFO - Parameter I passed in
[2019-03-21 21:34:39,321] {bash_operator.py:123} INFO - 2018-03-03
[2019-03-21 21:34:39,321] {bash_operator.py:123} INFO - 2018-03-10
[2019-03-21 21:34:39,321] {bash_operator.py:123} INFO - Parameter I passed in
[2019-03-21 21:34:39,321] {bash_operator.py:123} INFO - 2018-03-03
[2019-03-21 21:34:39,321] {bash_operator.py:123} INFO - 2018-03-10
[2019-03-21 21:34:39,321] {bash_operator.py:123} INFO - Parameter I passed in
[2019-03-21 21:34:39,321] {bash_operator.py:123} INFO - 2018-03-03
[2019-03-21 21:34:39,321] {bash_operator.py:123} INFO - 2018-03-10
[2019-03-21 21:34:39,321] {bash_operator.py:123} INFO - Parameter I passed in
[2019-03-21 21:34:39,321] {bash_operator.py:127} INFO - Command exited with return code 0
[2019-03-21 21:34:43,336] {logging_mixin.py:95} INFO - [2019-03-21 21:34:43,335] {jobs.py:2527} INFO - Task exited with return code 0
