[2019-03-19 14:09:14,528] {models.py:1359} INFO - Dependencies all met for <TaskInstance: tutorial.templated 2016-10-04T00:00:00+00:00 [queued]>
[2019-03-19 14:09:14,533] {models.py:1359} INFO - Dependencies all met for <TaskInstance: tutorial.templated 2016-10-04T00:00:00+00:00 [queued]>
[2019-03-19 14:09:14,533] {models.py:1571} INFO - 
--------------------------------------------------------------------------------
Starting attempt 1 of 2
--------------------------------------------------------------------------------

[2019-03-19 14:09:14,607] {models.py:1593} INFO - Executing <Task(BashOperator): templated> on 2016-10-04T00:00:00+00:00
[2019-03-19 14:09:14,607] {base_task_runner.py:118} INFO - Running: ['bash', '-c', 'airflow run tutorial templated 2016-10-04T00:00:00+00:00 --job_id 989 --raw -sd DAGS_FOLDER/example_dags/tutorial.py --cfg_path /tmp/tmpy42xj_yt']
[2019-03-19 14:09:17,008] {base_task_runner.py:101} INFO - Job 989: Subtask templated [2019-03-19 14:09:16,987] {__init__.py:51} INFO - Using executor SequentialExecutor
[2019-03-19 14:09:17,828] {base_task_runner.py:101} INFO - Job 989: Subtask templated [2019-03-19 14:09:17,820] {models.py:273} INFO - Filling up the DagBag from /home/rsandroni/airflow/dags/example_dags/tutorial.py
[2019-03-19 14:09:17,964] {base_task_runner.py:101} INFO - Job 989: Subtask templated [2019-03-19 14:09:17,960] {cli.py:520} INFO - Running <TaskInstance: tutorial.templated 2016-10-04T00:00:00+00:00 [running]> on host IADAIRP1.globalrs.rack.space
[2019-03-19 14:09:18,006] {bash_operator.py:77} INFO - Tmp dir root location: 
 /tmp
[2019-03-19 14:09:18,007] {bash_operator.py:86} INFO - Exporting the following env vars:
AIRFLOW_CTX_DAG_ID=tutorial
AIRFLOW_CTX_TASK_ID=templated
AIRFLOW_CTX_EXECUTION_DATE=2016-10-04T00:00:00+00:00
AIRFLOW_CTX_DAG_RUN_ID=scheduled__2016-10-04T00:00:00+00:00
[2019-03-19 14:09:18,007] {bash_operator.py:100} INFO - Temporary script location: /tmp/airflowtmpuk0owq04/templatedc39uykb0
[2019-03-19 14:09:18,007] {bash_operator.py:110} INFO - Running command: 

    echo "2016-10-04"
    echo "2016-10-11"
    echo "Parameter I passed in"

    echo "2016-10-04"
    echo "2016-10-11"
    echo "Parameter I passed in"

    echo "2016-10-04"
    echo "2016-10-11"
    echo "Parameter I passed in"

    echo "2016-10-04"
    echo "2016-10-11"
    echo "Parameter I passed in"

    echo "2016-10-04"
    echo "2016-10-11"
    echo "Parameter I passed in"

[2019-03-19 14:09:18,094] {bash_operator.py:119} INFO - Output:
[2019-03-19 14:09:18,096] {bash_operator.py:123} INFO - 2016-10-04
[2019-03-19 14:09:18,096] {bash_operator.py:123} INFO - 2016-10-11
[2019-03-19 14:09:18,096] {bash_operator.py:123} INFO - Parameter I passed in
[2019-03-19 14:09:18,096] {bash_operator.py:123} INFO - 2016-10-04
[2019-03-19 14:09:18,096] {bash_operator.py:123} INFO - 2016-10-11
[2019-03-19 14:09:18,096] {bash_operator.py:123} INFO - Parameter I passed in
[2019-03-19 14:09:18,096] {bash_operator.py:123} INFO - 2016-10-04
[2019-03-19 14:09:18,096] {bash_operator.py:123} INFO - 2016-10-11
[2019-03-19 14:09:18,096] {bash_operator.py:123} INFO - Parameter I passed in
[2019-03-19 14:09:18,096] {bash_operator.py:123} INFO - 2016-10-04
[2019-03-19 14:09:18,096] {bash_operator.py:123} INFO - 2016-10-11
[2019-03-19 14:09:18,096] {bash_operator.py:123} INFO - Parameter I passed in
[2019-03-19 14:09:18,096] {bash_operator.py:123} INFO - 2016-10-04
[2019-03-19 14:09:18,096] {bash_operator.py:123} INFO - 2016-10-11
[2019-03-19 14:09:18,096] {bash_operator.py:123} INFO - Parameter I passed in
[2019-03-19 14:09:18,096] {bash_operator.py:127} INFO - Command exited with return code 0
[2019-03-19 14:09:19,519] {logging_mixin.py:95} INFO - [2019-03-19 14:09:19,518] {jobs.py:2527} INFO - Task exited with return code 0
