[2019-03-22 05:58:39,299] {models.py:1359} INFO - Dependencies all met for <TaskInstance: tutorial.templated 2019-03-21T00:00:00+00:00 [queued]>
[2019-03-22 05:58:39,306] {models.py:1359} INFO - Dependencies all met for <TaskInstance: tutorial.templated 2019-03-21T00:00:00+00:00 [queued]>
[2019-03-22 05:58:39,306] {models.py:1571} INFO - 
--------------------------------------------------------------------------------
Starting attempt 1 of 2
--------------------------------------------------------------------------------

[2019-03-22 05:58:39,362] {models.py:1593} INFO - Executing <Task(BashOperator): templated> on 2019-03-21T00:00:00+00:00
[2019-03-22 05:58:39,363] {base_task_runner.py:118} INFO - Running: ['bash', '-c', 'airflow run tutorial templated 2019-03-21T00:00:00+00:00 --job_id 2854 --raw -sd DAGS_FOLDER/tutorial.py --cfg_path /tmp/tmpkx340x0z']
[2019-03-22 05:58:40,211] {base_task_runner.py:101} INFO - Job 2854: Subtask templated [2019-03-22 05:58:40,210] {__init__.py:51} INFO - Using executor SequentialExecutor
[2019-03-22 05:58:40,499] {base_task_runner.py:101} INFO - Job 2854: Subtask templated [2019-03-22 05:58:40,499] {models.py:273} INFO - Filling up the DagBag from /home/rsandroni/airflow/dags/tutorial.py
[2019-03-22 05:58:40,514] {base_task_runner.py:101} INFO - Job 2854: Subtask templated [2019-03-22 05:58:40,514] {cli.py:520} INFO - Running <TaskInstance: tutorial.templated 2019-03-21T00:00:00+00:00 [running]> on host IADAIRP1.globalrs.rack.space
[2019-03-22 05:58:40,528] {bash_operator.py:77} INFO - Tmp dir root location: 
 /tmp
[2019-03-22 05:58:40,528] {bash_operator.py:86} INFO - Exporting the following env vars:
AIRFLOW_CTX_DAG_ID=tutorial
AIRFLOW_CTX_TASK_ID=templated
AIRFLOW_CTX_EXECUTION_DATE=2019-03-21T00:00:00+00:00
AIRFLOW_CTX_DAG_RUN_ID=scheduled__2019-03-21T00:00:00+00:00
[2019-03-22 05:58:40,528] {bash_operator.py:100} INFO - Temporary script location: /tmp/airflowtmpz6dw9mu0/templatedjnn19jw1
[2019-03-22 05:58:40,529] {bash_operator.py:110} INFO - Running command: 
    
        echo "2019-03-21"
        echo "Parameter I passed in"
    
        echo "2019-03-21"
        echo "Parameter I passed in"
    
        echo "2019-03-21"
        echo "Parameter I passed in"
    
        echo "2019-03-21"
        echo "Parameter I passed in"
    
        echo "2019-03-21"
        echo "Parameter I passed in"
    
    
[2019-03-22 05:58:40,534] {bash_operator.py:119} INFO - Output:
[2019-03-22 05:58:40,535] {bash_operator.py:123} INFO - 2019-03-21
[2019-03-22 05:58:40,535] {bash_operator.py:123} INFO - Parameter I passed in
[2019-03-22 05:58:40,535] {bash_operator.py:123} INFO - 2019-03-21
[2019-03-22 05:58:40,535] {bash_operator.py:123} INFO - Parameter I passed in
[2019-03-22 05:58:40,535] {bash_operator.py:123} INFO - 2019-03-21
[2019-03-22 05:58:40,535] {bash_operator.py:123} INFO - Parameter I passed in
[2019-03-22 05:58:40,536] {bash_operator.py:123} INFO - 2019-03-21
[2019-03-22 05:58:40,536] {bash_operator.py:123} INFO - Parameter I passed in
[2019-03-22 05:58:40,536] {bash_operator.py:123} INFO - 2019-03-21
[2019-03-22 05:58:40,536] {bash_operator.py:123} INFO - Parameter I passed in
[2019-03-22 05:58:40,536] {bash_operator.py:127} INFO - Command exited with return code 0
[2019-03-22 05:58:44,254] {logging_mixin.py:95} INFO - [2019-03-22 05:58:44,253] {jobs.py:2527} INFO - Task exited with return code 0
