[2019-03-22 02:54:49,163] {models.py:1359} INFO - Dependencies all met for <TaskInstance: tutorial.templated 2018-11-01T00:00:00+00:00 [queued]>
[2019-03-22 02:54:49,169] {models.py:1359} INFO - Dependencies all met for <TaskInstance: tutorial.templated 2018-11-01T00:00:00+00:00 [queued]>
[2019-03-22 02:54:49,169] {models.py:1571} INFO - 
--------------------------------------------------------------------------------
Starting attempt 1 of 2
--------------------------------------------------------------------------------

[2019-03-22 02:54:49,193] {models.py:1593} INFO - Executing <Task(BashOperator): templated> on 2018-11-01T00:00:00+00:00
[2019-03-22 02:54:49,193] {base_task_runner.py:118} INFO - Running: ['bash', '-c', 'airflow run tutorial templated 2018-11-01T00:00:00+00:00 --job_id 2574 --raw -sd DAGS_FOLDER/example_dags/tutorial.py --cfg_path /tmp/tmphmsjs4pk']
[2019-03-22 02:54:49,841] {base_task_runner.py:101} INFO - Job 2574: Subtask templated [2019-03-22 02:54:49,840] {__init__.py:51} INFO - Using executor SequentialExecutor
[2019-03-22 02:54:50,152] {base_task_runner.py:101} INFO - Job 2574: Subtask templated [2019-03-22 02:54:50,152] {models.py:273} INFO - Filling up the DagBag from /home/rsandroni/airflow/dags/example_dags/tutorial.py
[2019-03-22 02:54:50,222] {base_task_runner.py:101} INFO - Job 2574: Subtask templated [2019-03-22 02:54:50,220] {cli.py:520} INFO - Running <TaskInstance: tutorial.templated 2018-11-01T00:00:00+00:00 [running]> on host IADAIRP1.globalrs.rack.space
[2019-03-22 02:54:50,238] {bash_operator.py:77} INFO - Tmp dir root location: 
 /tmp
[2019-03-22 02:54:50,239] {bash_operator.py:86} INFO - Exporting the following env vars:
AIRFLOW_CTX_DAG_ID=tutorial
AIRFLOW_CTX_TASK_ID=templated
AIRFLOW_CTX_EXECUTION_DATE=2018-11-01T00:00:00+00:00
AIRFLOW_CTX_DAG_RUN_ID=scheduled__2018-11-01T00:00:00+00:00
[2019-03-22 02:54:50,239] {bash_operator.py:100} INFO - Temporary script location: /tmp/airflowtmpcp_6_kd1/templated4tu0s3t4
[2019-03-22 02:54:50,240] {bash_operator.py:110} INFO - Running command: 

    echo "2018-11-01"
    echo "2018-11-08"
    echo "Parameter I passed in"

    echo "2018-11-01"
    echo "2018-11-08"
    echo "Parameter I passed in"

    echo "2018-11-01"
    echo "2018-11-08"
    echo "Parameter I passed in"

    echo "2018-11-01"
    echo "2018-11-08"
    echo "Parameter I passed in"

    echo "2018-11-01"
    echo "2018-11-08"
    echo "Parameter I passed in"

[2019-03-22 02:54:50,245] {bash_operator.py:119} INFO - Output:
[2019-03-22 02:54:50,246] {bash_operator.py:123} INFO - 2018-11-01
[2019-03-22 02:54:50,246] {bash_operator.py:123} INFO - 2018-11-08
[2019-03-22 02:54:50,246] {bash_operator.py:123} INFO - Parameter I passed in
[2019-03-22 02:54:50,246] {bash_operator.py:123} INFO - 2018-11-01
[2019-03-22 02:54:50,246] {bash_operator.py:123} INFO - 2018-11-08
[2019-03-22 02:54:50,246] {bash_operator.py:123} INFO - Parameter I passed in
[2019-03-22 02:54:50,246] {bash_operator.py:123} INFO - 2018-11-01
[2019-03-22 02:54:50,246] {bash_operator.py:123} INFO - 2018-11-08
[2019-03-22 02:54:50,247] {bash_operator.py:123} INFO - Parameter I passed in
[2019-03-22 02:54:50,247] {bash_operator.py:123} INFO - 2018-11-01
[2019-03-22 02:54:50,247] {bash_operator.py:123} INFO - 2018-11-08
[2019-03-22 02:54:50,247] {bash_operator.py:123} INFO - Parameter I passed in
[2019-03-22 02:54:50,247] {bash_operator.py:123} INFO - 2018-11-01
[2019-03-22 02:54:50,247] {bash_operator.py:123} INFO - 2018-11-08
[2019-03-22 02:54:50,247] {bash_operator.py:123} INFO - Parameter I passed in
[2019-03-22 02:54:50,247] {bash_operator.py:127} INFO - Command exited with return code 0
[2019-03-22 02:54:54,167] {logging_mixin.py:95} INFO - [2019-03-22 02:54:54,166] {jobs.py:2527} INFO - Task exited with return code 0
