[2019-03-21 23:05:25,464] {models.py:1359} INFO - Dependencies all met for <TaskInstance: tutorial.templated 2018-05-11T00:00:00+00:00 [queued]>
[2019-03-21 23:05:25,469] {models.py:1359} INFO - Dependencies all met for <TaskInstance: tutorial.templated 2018-05-11T00:00:00+00:00 [queued]>
[2019-03-21 23:05:25,469] {models.py:1571} INFO - 
--------------------------------------------------------------------------------
Starting attempt 1 of 2
--------------------------------------------------------------------------------

[2019-03-21 23:05:25,487] {models.py:1593} INFO - Executing <Task(BashOperator): templated> on 2018-05-11T00:00:00+00:00
[2019-03-21 23:05:25,487] {base_task_runner.py:118} INFO - Running: ['bash', '-c', 'airflow run tutorial templated 2018-05-11T00:00:00+00:00 --job_id 2226 --raw -sd DAGS_FOLDER/example_dags/tutorial.py --cfg_path /tmp/tmpk23mszrz']
[2019-03-21 23:05:26,120] {base_task_runner.py:101} INFO - Job 2226: Subtask templated [2019-03-21 23:05:26,119] {__init__.py:51} INFO - Using executor SequentialExecutor
[2019-03-21 23:05:26,371] {base_task_runner.py:101} INFO - Job 2226: Subtask templated [2019-03-21 23:05:26,370] {models.py:273} INFO - Filling up the DagBag from /home/rsandroni/airflow/dags/example_dags/tutorial.py
[2019-03-21 23:05:26,434] {base_task_runner.py:101} INFO - Job 2226: Subtask templated [2019-03-21 23:05:26,434] {cli.py:520} INFO - Running <TaskInstance: tutorial.templated 2018-05-11T00:00:00+00:00 [running]> on host IADAIRP1.globalrs.rack.space
[2019-03-21 23:05:26,452] {bash_operator.py:77} INFO - Tmp dir root location: 
 /tmp
[2019-03-21 23:05:26,452] {bash_operator.py:86} INFO - Exporting the following env vars:
AIRFLOW_CTX_DAG_ID=tutorial
AIRFLOW_CTX_TASK_ID=templated
AIRFLOW_CTX_EXECUTION_DATE=2018-05-11T00:00:00+00:00
AIRFLOW_CTX_DAG_RUN_ID=scheduled__2018-05-11T00:00:00+00:00
[2019-03-21 23:05:26,453] {bash_operator.py:100} INFO - Temporary script location: /tmp/airflowtmplmtwd8qz/templatedq85n99l8
[2019-03-21 23:05:26,453] {bash_operator.py:110} INFO - Running command: 

    echo "2018-05-11"
    echo "2018-05-18"
    echo "Parameter I passed in"

    echo "2018-05-11"
    echo "2018-05-18"
    echo "Parameter I passed in"

    echo "2018-05-11"
    echo "2018-05-18"
    echo "Parameter I passed in"

    echo "2018-05-11"
    echo "2018-05-18"
    echo "Parameter I passed in"

    echo "2018-05-11"
    echo "2018-05-18"
    echo "Parameter I passed in"

[2019-03-21 23:05:26,458] {bash_operator.py:119} INFO - Output:
[2019-03-21 23:05:26,459] {bash_operator.py:123} INFO - 2018-05-11
[2019-03-21 23:05:26,460] {bash_operator.py:123} INFO - 2018-05-18
[2019-03-21 23:05:26,460] {bash_operator.py:123} INFO - Parameter I passed in
[2019-03-21 23:05:26,460] {bash_operator.py:123} INFO - 2018-05-11
[2019-03-21 23:05:26,460] {bash_operator.py:123} INFO - 2018-05-18
[2019-03-21 23:05:26,460] {bash_operator.py:123} INFO - Parameter I passed in
[2019-03-21 23:05:26,460] {bash_operator.py:123} INFO - 2018-05-11
[2019-03-21 23:05:26,460] {bash_operator.py:123} INFO - 2018-05-18
[2019-03-21 23:05:26,460] {bash_operator.py:123} INFO - Parameter I passed in
[2019-03-21 23:05:26,460] {bash_operator.py:123} INFO - 2018-05-11
[2019-03-21 23:05:26,460] {bash_operator.py:123} INFO - 2018-05-18
[2019-03-21 23:05:26,460] {bash_operator.py:123} INFO - Parameter I passed in
[2019-03-21 23:05:26,460] {bash_operator.py:123} INFO - 2018-05-11
[2019-03-21 23:05:26,460] {bash_operator.py:123} INFO - 2018-05-18
[2019-03-21 23:05:26,460] {bash_operator.py:123} INFO - Parameter I passed in
[2019-03-21 23:05:26,460] {bash_operator.py:127} INFO - Command exited with return code 0
[2019-03-21 23:05:30,463] {logging_mixin.py:95} INFO - [2019-03-21 23:05:30,462] {jobs.py:2527} INFO - Task exited with return code 0
