[2019-03-22 02:10:38,565] {models.py:1359} INFO - Dependencies all met for <TaskInstance: tutorial.print_date 2018-10-01T00:00:00+00:00 [queued]>
[2019-03-22 02:10:38,568] {models.py:1359} INFO - Dependencies all met for <TaskInstance: tutorial.print_date 2018-10-01T00:00:00+00:00 [queued]>
[2019-03-22 02:10:38,568] {models.py:1571} INFO - 
--------------------------------------------------------------------------------
Starting attempt 1 of 2
--------------------------------------------------------------------------------

[2019-03-22 02:10:38,580] {models.py:1593} INFO - Executing <Task(BashOperator): print_date> on 2018-10-01T00:00:00+00:00
[2019-03-22 02:10:38,580] {base_task_runner.py:118} INFO - Running: ['bash', '-c', 'airflow run tutorial print_date 2018-10-01T00:00:00+00:00 --job_id 2509 --raw -sd DAGS_FOLDER/tutorial.py --cfg_path /tmp/tmpjdxlmilt']
[2019-03-22 02:10:39,229] {base_task_runner.py:101} INFO - Job 2509: Subtask print_date [2019-03-22 02:10:39,229] {__init__.py:51} INFO - Using executor SequentialExecutor
[2019-03-22 02:10:39,566] {base_task_runner.py:101} INFO - Job 2509: Subtask print_date [2019-03-22 02:10:39,565] {models.py:273} INFO - Filling up the DagBag from /home/rsandroni/airflow/dags/tutorial.py
[2019-03-22 02:10:39,595] {base_task_runner.py:101} INFO - Job 2509: Subtask print_date [2019-03-22 02:10:39,594] {cli.py:520} INFO - Running <TaskInstance: tutorial.print_date 2018-10-01T00:00:00+00:00 [running]> on host IADAIRP1.globalrs.rack.space
[2019-03-22 02:10:39,616] {bash_operator.py:77} INFO - Tmp dir root location: 
 /tmp
[2019-03-22 02:10:39,616] {bash_operator.py:86} INFO - Exporting the following env vars:
AIRFLOW_CTX_DAG_ID=tutorial
AIRFLOW_CTX_TASK_ID=print_date
AIRFLOW_CTX_EXECUTION_DATE=2018-10-01T00:00:00+00:00
AIRFLOW_CTX_DAG_RUN_ID=scheduled__2018-10-01T00:00:00+00:00
[2019-03-22 02:10:39,617] {bash_operator.py:100} INFO - Temporary script location: /tmp/airflowtmpkn1_gzfr/print_date32h46488
[2019-03-22 02:10:39,617] {bash_operator.py:110} INFO - Running command: date
[2019-03-22 02:10:39,622] {bash_operator.py:119} INFO - Output:
[2019-03-22 02:10:39,624] {bash_operator.py:123} INFO - Sex Mar 22 02:10:39 -03 2019
[2019-03-22 02:10:39,625] {bash_operator.py:127} INFO - Command exited with return code 0
[2019-03-22 02:10:43,605] {logging_mixin.py:95} INFO - [2019-03-22 02:10:43,604] {jobs.py:2527} INFO - Task exited with return code 0
