[2019-03-19 10:23:51,936] {models.py:1359} INFO - Dependencies all met for <TaskInstance: tutorial.print_date 2015-06-20T00:00:00+00:00 [queued]>
[2019-03-19 10:23:51,937] {models.py:1359} INFO - Dependencies all met for <TaskInstance: tutorial.print_date 2015-06-20T00:00:00+00:00 [queued]>
[2019-03-19 10:23:51,937] {models.py:1571} INFO - 
--------------------------------------------------------------------------------
Starting attempt 1 of 2
--------------------------------------------------------------------------------

[2019-03-19 10:23:51,950] {models.py:1593} INFO - Executing <Task(BashOperator): print_date> on 2015-06-20T00:00:00+00:00
[2019-03-19 10:23:51,950] {base_task_runner.py:118} INFO - Running: ['bash', '-c', 'airflow run tutorial print_date 2015-06-20T00:00:00+00:00 --job_id 43 --raw -sd DAGS_FOLDER/tutorial.py --cfg_path /tmp/tmpwiclbl5m']
[2019-03-19 10:23:52,564] {base_task_runner.py:101} INFO - Job 43: Subtask print_date [2019-03-19 10:23:52,564] {__init__.py:51} INFO - Using executor SequentialExecutor
[2019-03-19 10:23:52,828] {base_task_runner.py:101} INFO - Job 43: Subtask print_date [2019-03-19 10:23:52,827] {models.py:273} INFO - Filling up the DagBag from /home/rsandroni/airflow/dags/tutorial.py
[2019-03-19 10:23:52,842] {base_task_runner.py:101} INFO - Job 43: Subtask print_date [2019-03-19 10:23:52,842] {cli.py:520} INFO - Running <TaskInstance: tutorial.print_date 2015-06-20T00:00:00+00:00 [running]> on host IADAIRP1.globalrs.rack.space
[2019-03-19 10:23:52,854] {bash_operator.py:77} INFO - Tmp dir root location: 
 /tmp
[2019-03-19 10:23:52,854] {bash_operator.py:86} INFO - Exporting the following env vars:
AIRFLOW_CTX_DAG_ID=tutorial
AIRFLOW_CTX_TASK_ID=print_date
AIRFLOW_CTX_EXECUTION_DATE=2015-06-20T00:00:00+00:00
AIRFLOW_CTX_DAG_RUN_ID=scheduled__2015-06-20T00:00:00+00:00
[2019-03-19 10:23:52,855] {bash_operator.py:100} INFO - Temporary script location: /tmp/airflowtmpc1dvuvyu/print_date7qoyamf9
[2019-03-19 10:23:52,855] {bash_operator.py:110} INFO - Running command: date
[2019-03-19 10:23:52,860] {bash_operator.py:119} INFO - Output:
[2019-03-19 10:23:52,862] {bash_operator.py:123} INFO - Ter Mar 19 10:23:52 -03 2019
[2019-03-19 10:23:52,862] {bash_operator.py:127} INFO - Command exited with return code 0
[2019-03-19 10:23:56,942] {logging_mixin.py:95} INFO - [2019-03-19 10:23:56,941] {jobs.py:2527} INFO - Task exited with return code 0
