[2019-03-19 10:19:30,714] {models.py:1359} INFO - Dependencies all met for <TaskInstance: tutorial.templated 2015-06-08T00:00:00+00:00 [queued]>
[2019-03-19 10:19:30,718] {models.py:1359} INFO - Dependencies all met for <TaskInstance: tutorial.templated 2015-06-08T00:00:00+00:00 [queued]>
[2019-03-19 10:19:30,718] {models.py:1571} INFO - 
--------------------------------------------------------------------------------
Starting attempt 1 of 2
--------------------------------------------------------------------------------

[2019-03-19 10:19:30,733] {models.py:1593} INFO - Executing <Task(BashOperator): templated> on 2015-06-08T00:00:00+00:00
[2019-03-19 10:19:30,734] {base_task_runner.py:118} INFO - Running: ['bash', '-c', 'airflow run tutorial templated 2015-06-08T00:00:00+00:00 --job_id 23 --raw -sd DAGS_FOLDER/crawler.py --cfg_path /tmp/tmpkt0jv14e']
[2019-03-19 10:19:31,339] {base_task_runner.py:101} INFO - Job 23: Subtask templated [2019-03-19 10:19:31,338] {__init__.py:51} INFO - Using executor SequentialExecutor
[2019-03-19 10:19:31,559] {base_task_runner.py:101} INFO - Job 23: Subtask templated [2019-03-19 10:19:31,558] {models.py:273} INFO - Filling up the DagBag from /home/rsandroni/airflow/dags/crawler.py
[2019-03-19 10:19:31,574] {base_task_runner.py:101} INFO - Job 23: Subtask templated [2019-03-19 10:19:31,574] {cli.py:520} INFO - Running <TaskInstance: tutorial.templated 2015-06-08T00:00:00+00:00 [running]> on host IADAIRP1.globalrs.rack.space
[2019-03-19 10:19:31,587] {bash_operator.py:77} INFO - Tmp dir root location: 
 /tmp
[2019-03-19 10:19:31,588] {bash_operator.py:86} INFO - Exporting the following env vars:
AIRFLOW_CTX_DAG_ID=tutorial
AIRFLOW_CTX_TASK_ID=templated
AIRFLOW_CTX_EXECUTION_DATE=2015-06-08T00:00:00+00:00
AIRFLOW_CTX_DAG_RUN_ID=scheduled__2015-06-08T00:00:00+00:00
[2019-03-19 10:19:31,588] {bash_operator.py:100} INFO - Temporary script location: /tmp/airflowtmp5hyvobil/templateddn5f06df
[2019-03-19 10:19:31,588] {bash_operator.py:110} INFO - Running command: 
    
        echo "2015-06-08"
        echo "Parameter I passed in"
    
        echo "2015-06-08"
        echo "Parameter I passed in"
    
        echo "2015-06-08"
        echo "Parameter I passed in"
    
        echo "2015-06-08"
        echo "Parameter I passed in"
    
        echo "2015-06-08"
        echo "Parameter I passed in"
    
    
[2019-03-19 10:19:31,593] {bash_operator.py:119} INFO - Output:
[2019-03-19 10:19:31,594] {bash_operator.py:123} INFO - 2015-06-08
[2019-03-19 10:19:31,594] {bash_operator.py:123} INFO - Parameter I passed in
[2019-03-19 10:19:31,594] {bash_operator.py:123} INFO - 2015-06-08
[2019-03-19 10:19:31,594] {bash_operator.py:123} INFO - Parameter I passed in
[2019-03-19 10:19:31,594] {bash_operator.py:123} INFO - 2015-06-08
[2019-03-19 10:19:31,594] {bash_operator.py:123} INFO - Parameter I passed in
[2019-03-19 10:19:31,594] {bash_operator.py:123} INFO - 2015-06-08
[2019-03-19 10:19:31,595] {bash_operator.py:123} INFO - Parameter I passed in
[2019-03-19 10:19:31,595] {bash_operator.py:123} INFO - 2015-06-08
[2019-03-19 10:19:31,595] {bash_operator.py:123} INFO - Parameter I passed in
[2019-03-19 10:19:31,595] {bash_operator.py:127} INFO - Command exited with return code 0
[2019-03-19 10:19:35,707] {logging_mixin.py:95} INFO - [2019-03-19 10:19:35,707] {jobs.py:2527} INFO - Task exited with return code 0
