[2019-03-21 17:13:58,350] {models.py:1359} INFO - Dependencies all met for <TaskInstance: tutorial.print_date 2017-06-20T00:00:00+00:00 [queued]>
[2019-03-21 17:13:58,353] {models.py:1359} INFO - Dependencies all met for <TaskInstance: tutorial.print_date 2017-06-20T00:00:00+00:00 [queued]>
[2019-03-21 17:13:58,353] {models.py:1571} INFO - 
--------------------------------------------------------------------------------
Starting attempt 1 of 2
--------------------------------------------------------------------------------

[2019-03-21 17:13:58,368] {models.py:1593} INFO - Executing <Task(BashOperator): print_date> on 2017-06-20T00:00:00+00:00
[2019-03-21 17:13:58,368] {base_task_runner.py:118} INFO - Running: ['bash', '-c', 'airflow run tutorial print_date 2017-06-20T00:00:00+00:00 --job_id 1524 --raw -sd DAGS_FOLDER/tutorial.py --cfg_path /tmp/tmpkiedy4r8']
[2019-03-21 17:13:59,002] {base_task_runner.py:101} INFO - Job 1524: Subtask print_date [2019-03-21 17:13:59,001] {__init__.py:51} INFO - Using executor SequentialExecutor
[2019-03-21 17:13:59,233] {base_task_runner.py:101} INFO - Job 1524: Subtask print_date [2019-03-21 17:13:59,232] {models.py:273} INFO - Filling up the DagBag from /home/rsandroni/airflow/dags/tutorial.py
[2019-03-21 17:13:59,249] {base_task_runner.py:101} INFO - Job 1524: Subtask print_date [2019-03-21 17:13:59,248] {cli.py:520} INFO - Running <TaskInstance: tutorial.print_date 2017-06-20T00:00:00+00:00 [running]> on host IADAIRP1.globalrs.rack.space
[2019-03-21 17:13:59,262] {bash_operator.py:77} INFO - Tmp dir root location: 
 /tmp
[2019-03-21 17:13:59,262] {bash_operator.py:86} INFO - Exporting the following env vars:
AIRFLOW_CTX_DAG_ID=tutorial
AIRFLOW_CTX_TASK_ID=print_date
AIRFLOW_CTX_EXECUTION_DATE=2017-06-20T00:00:00+00:00
AIRFLOW_CTX_DAG_RUN_ID=scheduled__2017-06-20T00:00:00+00:00
[2019-03-21 17:13:59,262] {bash_operator.py:100} INFO - Temporary script location: /tmp/airflowtmpno2srf21/print_datefr43caax
[2019-03-21 17:13:59,262] {bash_operator.py:110} INFO - Running command: date
[2019-03-21 17:13:59,268] {bash_operator.py:119} INFO - Output:
[2019-03-21 17:13:59,270] {bash_operator.py:123} INFO - Qui Mar 21 17:13:59 -03 2019
[2019-03-21 17:13:59,270] {bash_operator.py:127} INFO - Command exited with return code 0
[2019-03-21 17:14:03,360] {logging_mixin.py:95} INFO - [2019-03-21 17:14:03,359] {jobs.py:2527} INFO - Task exited with return code 0
