[2019-03-19 14:10:27,605] {models.py:1359} INFO - Dependencies all met for <TaskInstance: tutorial.templated 2016-10-06T00:00:00+00:00 [queued]>
[2019-03-19 14:10:27,611] {models.py:1359} INFO - Dependencies all met for <TaskInstance: tutorial.templated 2016-10-06T00:00:00+00:00 [queued]>
[2019-03-19 14:10:27,611] {models.py:1571} INFO - 
--------------------------------------------------------------------------------
Starting attempt 1 of 2
--------------------------------------------------------------------------------

[2019-03-19 14:10:27,698] {models.py:1593} INFO - Executing <Task(BashOperator): templated> on 2016-10-06T00:00:00+00:00
[2019-03-19 14:10:27,698] {base_task_runner.py:118} INFO - Running: ['bash', '-c', 'airflow run tutorial templated 2016-10-06T00:00:00+00:00 --job_id 994 --raw -sd DAGS_FOLDER/sql_server_load.py --cfg_path /tmp/tmpjk9_trvd']
[2019-03-19 14:10:29,803] {base_task_runner.py:101} INFO - Job 994: Subtask templated [2019-03-19 14:10:29,799] {__init__.py:51} INFO - Using executor SequentialExecutor
[2019-03-19 14:10:30,608] {base_task_runner.py:101} INFO - Job 994: Subtask templated [2019-03-19 14:10:30,607] {models.py:273} INFO - Filling up the DagBag from /home/rsandroni/airflow/dags/sql_server_load.py
[2019-03-19 14:10:30,672] {base_task_runner.py:101} INFO - Job 994: Subtask templated [2019-03-19 14:10:30,672] {cli.py:520} INFO - Running <TaskInstance: tutorial.templated 2016-10-06T00:00:00+00:00 [running]> on host IADAIRP1.globalrs.rack.space
[2019-03-19 14:10:30,708] {bash_operator.py:77} INFO - Tmp dir root location: 
 /tmp
[2019-03-19 14:10:30,708] {bash_operator.py:86} INFO - Exporting the following env vars:
AIRFLOW_CTX_DAG_ID=tutorial
AIRFLOW_CTX_TASK_ID=templated
AIRFLOW_CTX_EXECUTION_DATE=2016-10-06T00:00:00+00:00
AIRFLOW_CTX_DAG_RUN_ID=scheduled__2016-10-06T00:00:00+00:00
[2019-03-19 14:10:30,708] {bash_operator.py:100} INFO - Temporary script location: /tmp/airflowtmpcclkzecw/templatedofa11bn0
[2019-03-19 14:10:30,708] {bash_operator.py:110} INFO - Running command: 
    
        echo "2016-10-06"
        echo "Parameter I passed in"
    
        echo "2016-10-06"
        echo "Parameter I passed in"
    
        echo "2016-10-06"
        echo "Parameter I passed in"
    
        echo "2016-10-06"
        echo "Parameter I passed in"
    
        echo "2016-10-06"
        echo "Parameter I passed in"
    
    
[2019-03-19 14:10:30,740] {bash_operator.py:119} INFO - Output:
[2019-03-19 14:10:30,741] {bash_operator.py:123} INFO - 2016-10-06
[2019-03-19 14:10:30,741] {bash_operator.py:123} INFO - Parameter I passed in
[2019-03-19 14:10:30,741] {bash_operator.py:123} INFO - 2016-10-06
[2019-03-19 14:10:30,741] {bash_operator.py:123} INFO - Parameter I passed in
[2019-03-19 14:10:30,741] {bash_operator.py:123} INFO - 2016-10-06
[2019-03-19 14:10:30,741] {bash_operator.py:123} INFO - Parameter I passed in
[2019-03-19 14:10:30,741] {bash_operator.py:123} INFO - 2016-10-06
[2019-03-19 14:10:30,741] {bash_operator.py:123} INFO - Parameter I passed in
[2019-03-19 14:10:30,741] {bash_operator.py:123} INFO - 2016-10-06
[2019-03-19 14:10:30,741] {bash_operator.py:123} INFO - Parameter I passed in
[2019-03-19 14:10:30,741] {bash_operator.py:127} INFO - Command exited with return code 0
[2019-03-19 14:10:32,542] {logging_mixin.py:95} INFO - [2019-03-19 14:10:32,541] {jobs.py:2527} INFO - Task exited with return code 0
