[2019-03-22 05:02:34,336] {models.py:1359} INFO - Dependencies all met for <TaskInstance: tutorial.print_date 2019-02-08T00:00:00+00:00 [queued]>
[2019-03-22 05:02:34,340] {models.py:1359} INFO - Dependencies all met for <TaskInstance: tutorial.print_date 2019-02-08T00:00:00+00:00 [queued]>
[2019-03-22 05:02:34,340] {models.py:1571} INFO - 
--------------------------------------------------------------------------------
Starting attempt 1 of 2
--------------------------------------------------------------------------------

[2019-03-22 05:02:34,394] {models.py:1593} INFO - Executing <Task(BashOperator): print_date> on 2019-02-08T00:00:00+00:00
[2019-03-22 05:02:34,395] {base_task_runner.py:118} INFO - Running: ['bash', '-c', 'airflow run tutorial print_date 2019-02-08T00:00:00+00:00 --job_id 2769 --raw -sd DAGS_FOLDER/tutorial.py --cfg_path /tmp/tmp3ieu_syg']
[2019-03-22 05:02:35,278] {base_task_runner.py:101} INFO - Job 2769: Subtask print_date [2019-03-22 05:02:35,273] {__init__.py:51} INFO - Using executor SequentialExecutor
[2019-03-22 05:02:35,623] {base_task_runner.py:101} INFO - Job 2769: Subtask print_date [2019-03-22 05:02:35,617] {models.py:273} INFO - Filling up the DagBag from /home/rsandroni/airflow/dags/tutorial.py
[2019-03-22 05:02:35,659] {base_task_runner.py:101} INFO - Job 2769: Subtask print_date [2019-03-22 05:02:35,658] {cli.py:520} INFO - Running <TaskInstance: tutorial.print_date 2019-02-08T00:00:00+00:00 [running]> on host IADAIRP1.globalrs.rack.space
[2019-03-22 05:02:35,704] {bash_operator.py:77} INFO - Tmp dir root location: 
 /tmp
[2019-03-22 05:02:35,704] {bash_operator.py:86} INFO - Exporting the following env vars:
AIRFLOW_CTX_DAG_ID=tutorial
AIRFLOW_CTX_TASK_ID=print_date
AIRFLOW_CTX_EXECUTION_DATE=2019-02-08T00:00:00+00:00
AIRFLOW_CTX_DAG_RUN_ID=scheduled__2019-02-08T00:00:00+00:00
[2019-03-22 05:02:35,705] {bash_operator.py:100} INFO - Temporary script location: /tmp/airflowtmpbrtcnpl5/print_datez_6m6grp
[2019-03-22 05:02:35,705] {bash_operator.py:110} INFO - Running command: date
[2019-03-22 05:02:35,740] {bash_operator.py:119} INFO - Output:
[2019-03-22 05:02:35,760] {bash_operator.py:123} INFO - Sex Mar 22 05:02:35 -03 2019
[2019-03-22 05:02:35,760] {bash_operator.py:127} INFO - Command exited with return code 0
[2019-03-22 05:02:39,344] {logging_mixin.py:95} INFO - [2019-03-22 05:02:39,343] {jobs.py:2527} INFO - Task exited with return code 0
