[2019-03-22 03:53:11,664] {models.py:1359} INFO - Dependencies all met for <TaskInstance: tutorial.templated 2018-12-16T00:00:00+00:00 [queued]>
[2019-03-22 03:53:11,671] {models.py:1359} INFO - Dependencies all met for <TaskInstance: tutorial.templated 2018-12-16T00:00:00+00:00 [queued]>
[2019-03-22 03:53:11,671] {models.py:1571} INFO - 
--------------------------------------------------------------------------------
Starting attempt 1 of 2
--------------------------------------------------------------------------------

[2019-03-22 03:53:11,717] {models.py:1593} INFO - Executing <Task(BashOperator): templated> on 2018-12-16T00:00:00+00:00
[2019-03-22 03:53:11,718] {base_task_runner.py:118} INFO - Running: ['bash', '-c', 'airflow run tutorial templated 2018-12-16T00:00:00+00:00 --job_id 2663 --raw -sd DAGS_FOLDER/example_dags/tutorial.py --cfg_path /tmp/tmpan70yz7i']
[2019-03-22 03:53:12,640] {base_task_runner.py:101} INFO - Job 2663: Subtask templated [2019-03-22 03:53:12,639] {__init__.py:51} INFO - Using executor SequentialExecutor
[2019-03-22 03:53:13,021] {base_task_runner.py:101} INFO - Job 2663: Subtask templated [2019-03-22 03:53:13,019] {models.py:273} INFO - Filling up the DagBag from /home/rsandroni/airflow/dags/example_dags/tutorial.py
[2019-03-22 03:53:13,162] {base_task_runner.py:101} INFO - Job 2663: Subtask templated [2019-03-22 03:53:13,161] {cli.py:520} INFO - Running <TaskInstance: tutorial.templated 2018-12-16T00:00:00+00:00 [running]> on host IADAIRP1.globalrs.rack.space
[2019-03-22 03:53:13,204] {bash_operator.py:77} INFO - Tmp dir root location: 
 /tmp
[2019-03-22 03:53:13,205] {bash_operator.py:86} INFO - Exporting the following env vars:
AIRFLOW_CTX_DAG_ID=tutorial
AIRFLOW_CTX_TASK_ID=templated
AIRFLOW_CTX_EXECUTION_DATE=2018-12-16T00:00:00+00:00
AIRFLOW_CTX_DAG_RUN_ID=scheduled__2018-12-16T00:00:00+00:00
[2019-03-22 03:53:13,206] {bash_operator.py:100} INFO - Temporary script location: /tmp/airflowtmps_8empbe/templatedgoxxip5z
[2019-03-22 03:53:13,206] {bash_operator.py:110} INFO - Running command: 

    echo "2018-12-16"
    echo "2018-12-23"
    echo "Parameter I passed in"

    echo "2018-12-16"
    echo "2018-12-23"
    echo "Parameter I passed in"

    echo "2018-12-16"
    echo "2018-12-23"
    echo "Parameter I passed in"

    echo "2018-12-16"
    echo "2018-12-23"
    echo "Parameter I passed in"

    echo "2018-12-16"
    echo "2018-12-23"
    echo "Parameter I passed in"

[2019-03-22 03:53:13,219] {bash_operator.py:119} INFO - Output:
[2019-03-22 03:53:13,221] {bash_operator.py:123} INFO - 2018-12-16
[2019-03-22 03:53:13,221] {bash_operator.py:123} INFO - 2018-12-23
[2019-03-22 03:53:13,221] {bash_operator.py:123} INFO - Parameter I passed in
[2019-03-22 03:53:13,221] {bash_operator.py:123} INFO - 2018-12-16
[2019-03-22 03:53:13,221] {bash_operator.py:123} INFO - 2018-12-23
[2019-03-22 03:53:13,221] {bash_operator.py:123} INFO - Parameter I passed in
[2019-03-22 03:53:13,221] {bash_operator.py:123} INFO - 2018-12-16
[2019-03-22 03:53:13,221] {bash_operator.py:123} INFO - 2018-12-23
[2019-03-22 03:53:13,221] {bash_operator.py:123} INFO - Parameter I passed in
[2019-03-22 03:53:13,221] {bash_operator.py:123} INFO - 2018-12-16
[2019-03-22 03:53:13,221] {bash_operator.py:123} INFO - 2018-12-23
[2019-03-22 03:53:13,221] {bash_operator.py:123} INFO - Parameter I passed in
[2019-03-22 03:53:13,221] {bash_operator.py:123} INFO - 2018-12-16
[2019-03-22 03:53:13,221] {bash_operator.py:123} INFO - 2018-12-23
[2019-03-22 03:53:13,221] {bash_operator.py:123} INFO - Parameter I passed in
[2019-03-22 03:53:13,221] {bash_operator.py:127} INFO - Command exited with return code 0
[2019-03-22 03:53:16,571] {logging_mixin.py:95} INFO - [2019-03-22 03:53:16,570] {jobs.py:2527} INFO - Task exited with return code 0
