[2019-03-21 17:04:16,603] {models.py:1359} INFO - Dependencies all met for <TaskInstance: tutorial.print_date 2017-06-03T00:00:00+00:00 [queued]>
[2019-03-21 17:04:16,605] {models.py:1359} INFO - Dependencies all met for <TaskInstance: tutorial.print_date 2017-06-03T00:00:00+00:00 [queued]>
[2019-03-21 17:04:16,606] {models.py:1571} INFO - 
--------------------------------------------------------------------------------
Starting attempt 1 of 2
--------------------------------------------------------------------------------

[2019-03-21 17:04:16,625] {models.py:1593} INFO - Executing <Task(BashOperator): print_date> on 2017-06-03T00:00:00+00:00
[2019-03-21 17:04:16,626] {base_task_runner.py:118} INFO - Running: ['bash', '-c', 'airflow run tutorial print_date 2017-06-03T00:00:00+00:00 --job_id 1483 --raw -sd DAGS_FOLDER/tutorial.py --cfg_path /tmp/tmpthhzuc_3']
[2019-03-21 17:04:17,265] {base_task_runner.py:101} INFO - Job 1483: Subtask print_date [2019-03-21 17:04:17,265] {__init__.py:51} INFO - Using executor SequentialExecutor
[2019-03-21 17:04:17,497] {base_task_runner.py:101} INFO - Job 1483: Subtask print_date [2019-03-21 17:04:17,496] {models.py:273} INFO - Filling up the DagBag from /home/rsandroni/airflow/dags/tutorial.py
[2019-03-21 17:04:17,512] {base_task_runner.py:101} INFO - Job 1483: Subtask print_date [2019-03-21 17:04:17,512] {cli.py:520} INFO - Running <TaskInstance: tutorial.print_date 2017-06-03T00:00:00+00:00 [running]> on host IADAIRP1.globalrs.rack.space
[2019-03-21 17:04:17,526] {bash_operator.py:77} INFO - Tmp dir root location: 
 /tmp
[2019-03-21 17:04:17,526] {bash_operator.py:86} INFO - Exporting the following env vars:
AIRFLOW_CTX_DAG_ID=tutorial
AIRFLOW_CTX_TASK_ID=print_date
AIRFLOW_CTX_EXECUTION_DATE=2017-06-03T00:00:00+00:00
AIRFLOW_CTX_DAG_RUN_ID=scheduled__2017-06-03T00:00:00+00:00
[2019-03-21 17:04:17,526] {bash_operator.py:100} INFO - Temporary script location: /tmp/airflowtmpaex7fkfs/print_dateyl73jech
[2019-03-21 17:04:17,527] {bash_operator.py:110} INFO - Running command: date
[2019-03-21 17:04:17,532] {bash_operator.py:119} INFO - Output:
[2019-03-21 17:04:17,534] {bash_operator.py:123} INFO - Qui Mar 21 17:04:17 -03 2019
[2019-03-21 17:04:17,534] {bash_operator.py:127} INFO - Command exited with return code 0
[2019-03-21 17:04:21,606] {logging_mixin.py:95} INFO - [2019-03-21 17:04:21,605] {jobs.py:2527} INFO - Task exited with return code 0
