[2019-03-19 13:45:09,034] {models.py:1359} INFO - Dependencies all met for <TaskInstance: tutorial.templated 2016-08-17T00:00:00+00:00 [queued]>
[2019-03-19 13:45:09,038] {models.py:1359} INFO - Dependencies all met for <TaskInstance: tutorial.templated 2016-08-17T00:00:00+00:00 [queued]>
[2019-03-19 13:45:09,038] {models.py:1571} INFO - 
--------------------------------------------------------------------------------
Starting attempt 1 of 2
--------------------------------------------------------------------------------

[2019-03-19 13:45:09,053] {models.py:1593} INFO - Executing <Task(BashOperator): templated> on 2016-08-17T00:00:00+00:00
[2019-03-19 13:45:09,053] {base_task_runner.py:118} INFO - Running: ['bash', '-c', 'airflow run tutorial templated 2016-08-17T00:00:00+00:00 --job_id 893 --raw -sd DAGS_FOLDER/example_dags/tutorial.py --cfg_path /tmp/tmpehhd64dm']
[2019-03-19 13:45:09,666] {base_task_runner.py:101} INFO - Job 893: Subtask templated [2019-03-19 13:45:09,666] {__init__.py:51} INFO - Using executor SequentialExecutor
[2019-03-19 13:45:09,890] {base_task_runner.py:101} INFO - Job 893: Subtask templated [2019-03-19 13:45:09,890] {models.py:273} INFO - Filling up the DagBag from /home/rsandroni/airflow/dags/example_dags/tutorial.py
[2019-03-19 13:45:09,931] {base_task_runner.py:101} INFO - Job 893: Subtask templated [2019-03-19 13:45:09,931] {cli.py:520} INFO - Running <TaskInstance: tutorial.templated 2016-08-17T00:00:00+00:00 [running]> on host IADAIRP1.globalrs.rack.space
[2019-03-19 13:45:09,949] {bash_operator.py:77} INFO - Tmp dir root location: 
 /tmp
[2019-03-19 13:45:09,949] {bash_operator.py:86} INFO - Exporting the following env vars:
AIRFLOW_CTX_DAG_ID=tutorial
AIRFLOW_CTX_TASK_ID=templated
AIRFLOW_CTX_EXECUTION_DATE=2016-08-17T00:00:00+00:00
AIRFLOW_CTX_DAG_RUN_ID=scheduled__2016-08-17T00:00:00+00:00
[2019-03-19 13:45:09,950] {bash_operator.py:100} INFO - Temporary script location: /tmp/airflowtmpn3c5dinf/templated3gd56rb_
[2019-03-19 13:45:09,950] {bash_operator.py:110} INFO - Running command: 

    echo "2016-08-17"
    echo "2016-08-24"
    echo "Parameter I passed in"

    echo "2016-08-17"
    echo "2016-08-24"
    echo "Parameter I passed in"

    echo "2016-08-17"
    echo "2016-08-24"
    echo "Parameter I passed in"

    echo "2016-08-17"
    echo "2016-08-24"
    echo "Parameter I passed in"

    echo "2016-08-17"
    echo "2016-08-24"
    echo "Parameter I passed in"

[2019-03-19 13:45:09,955] {bash_operator.py:119} INFO - Output:
[2019-03-19 13:45:09,956] {bash_operator.py:123} INFO - 2016-08-17
[2019-03-19 13:45:09,956] {bash_operator.py:123} INFO - 2016-08-24
[2019-03-19 13:45:09,956] {bash_operator.py:123} INFO - Parameter I passed in
[2019-03-19 13:45:09,956] {bash_operator.py:123} INFO - 2016-08-17
[2019-03-19 13:45:09,956] {bash_operator.py:123} INFO - 2016-08-24
[2019-03-19 13:45:09,956] {bash_operator.py:123} INFO - Parameter I passed in
[2019-03-19 13:45:09,956] {bash_operator.py:123} INFO - 2016-08-17
[2019-03-19 13:45:09,956] {bash_operator.py:123} INFO - 2016-08-24
[2019-03-19 13:45:09,956] {bash_operator.py:123} INFO - Parameter I passed in
[2019-03-19 13:45:09,956] {bash_operator.py:123} INFO - 2016-08-17
[2019-03-19 13:45:09,956] {bash_operator.py:123} INFO - 2016-08-24
[2019-03-19 13:45:09,956] {bash_operator.py:123} INFO - Parameter I passed in
[2019-03-19 13:45:09,957] {bash_operator.py:123} INFO - 2016-08-17
[2019-03-19 13:45:09,957] {bash_operator.py:123} INFO - 2016-08-24
[2019-03-19 13:45:09,957] {bash_operator.py:123} INFO - Parameter I passed in
[2019-03-19 13:45:09,957] {bash_operator.py:127} INFO - Command exited with return code 0
[2019-03-19 13:45:14,027] {logging_mixin.py:95} INFO - [2019-03-19 13:45:14,026] {jobs.py:2527} INFO - Task exited with return code 0
