[2019-03-19 15:20:26,734] {models.py:1359} INFO - Dependencies all met for <TaskInstance: tutorial.print_date 2017-03-04T00:00:00+00:00 [queued]>
[2019-03-19 15:20:26,736] {models.py:1359} INFO - Dependencies all met for <TaskInstance: tutorial.print_date 2017-03-04T00:00:00+00:00 [queued]>
[2019-03-19 15:20:26,736] {models.py:1571} INFO - 
--------------------------------------------------------------------------------
Starting attempt 1 of 2
--------------------------------------------------------------------------------

[2019-03-19 15:20:26,750] {models.py:1593} INFO - Executing <Task(BashOperator): print_date> on 2017-03-04T00:00:00+00:00
[2019-03-19 15:20:26,751] {base_task_runner.py:118} INFO - Running: ['bash', '-c', 'airflow run tutorial print_date 2017-03-04T00:00:00+00:00 --job_id 1290 --raw -sd DAGS_FOLDER/tutorial.py --cfg_path /tmp/tmpnhr_wy8f']
[2019-03-19 15:20:27,378] {base_task_runner.py:101} INFO - Job 1290: Subtask print_date [2019-03-19 15:20:27,378] {__init__.py:51} INFO - Using executor SequentialExecutor
[2019-03-19 15:20:27,664] {base_task_runner.py:101} INFO - Job 1290: Subtask print_date [2019-03-19 15:20:27,663] {models.py:273} INFO - Filling up the DagBag from /home/rsandroni/airflow/dags/tutorial.py
[2019-03-19 15:20:27,684] {base_task_runner.py:101} INFO - Job 1290: Subtask print_date [2019-03-19 15:20:27,681] {cli.py:520} INFO - Running <TaskInstance: tutorial.print_date 2017-03-04T00:00:00+00:00 [running]> on host IADAIRP1.globalrs.rack.space
[2019-03-19 15:20:27,695] {bash_operator.py:77} INFO - Tmp dir root location: 
 /tmp
[2019-03-19 15:20:27,695] {bash_operator.py:86} INFO - Exporting the following env vars:
AIRFLOW_CTX_DAG_ID=tutorial
AIRFLOW_CTX_TASK_ID=print_date
AIRFLOW_CTX_EXECUTION_DATE=2017-03-04T00:00:00+00:00
AIRFLOW_CTX_DAG_RUN_ID=scheduled__2017-03-04T00:00:00+00:00
[2019-03-19 15:20:27,696] {bash_operator.py:100} INFO - Temporary script location: /tmp/airflowtmp16n7fudn/print_datens9lpzxs
[2019-03-19 15:20:27,696] {bash_operator.py:110} INFO - Running command: date
[2019-03-19 15:20:27,701] {bash_operator.py:119} INFO - Output:
[2019-03-19 15:20:27,703] {bash_operator.py:123} INFO - Ter Mar 19 15:20:27 -03 2019
[2019-03-19 15:20:27,703] {bash_operator.py:127} INFO - Command exited with return code 0
[2019-03-19 15:20:31,774] {logging_mixin.py:95} INFO - [2019-03-19 15:20:31,773] {jobs.py:2527} INFO - Task exited with return code 0
