[2019-03-19 15:07:14,297] {models.py:1359} INFO - Dependencies all met for <TaskInstance: tutorial.templated 2017-02-02T00:00:00+00:00 [queued]>
[2019-03-19 15:07:14,303] {models.py:1359} INFO - Dependencies all met for <TaskInstance: tutorial.templated 2017-02-02T00:00:00+00:00 [queued]>
[2019-03-19 15:07:14,304] {models.py:1571} INFO - 
--------------------------------------------------------------------------------
Starting attempt 1 of 2
--------------------------------------------------------------------------------

[2019-03-19 15:07:14,349] {models.py:1593} INFO - Executing <Task(BashOperator): templated> on 2017-02-02T00:00:00+00:00
[2019-03-19 15:07:14,350] {base_task_runner.py:118} INFO - Running: ['bash', '-c', 'airflow run tutorial templated 2017-02-02T00:00:00+00:00 --job_id 1233 --raw -sd DAGS_FOLDER/sql_server_load.py --cfg_path /tmp/tmpa7kinkmd']
[2019-03-19 15:07:15,764] {base_task_runner.py:101} INFO - Job 1233: Subtask templated [2019-03-19 15:07:15,763] {__init__.py:51} INFO - Using executor SequentialExecutor
[2019-03-19 15:07:16,176] {base_task_runner.py:101} INFO - Job 1233: Subtask templated [2019-03-19 15:07:16,175] {models.py:273} INFO - Filling up the DagBag from /home/rsandroni/airflow/dags/sql_server_load.py
[2019-03-19 15:07:16,227] {base_task_runner.py:101} INFO - Job 1233: Subtask templated [2019-03-19 15:07:16,226] {cli.py:520} INFO - Running <TaskInstance: tutorial.templated 2017-02-02T00:00:00+00:00 [running]> on host IADAIRP1.globalrs.rack.space
[2019-03-19 15:07:16,260] {bash_operator.py:77} INFO - Tmp dir root location: 
 /tmp
[2019-03-19 15:07:16,261] {bash_operator.py:86} INFO - Exporting the following env vars:
AIRFLOW_CTX_DAG_ID=tutorial
AIRFLOW_CTX_TASK_ID=templated
AIRFLOW_CTX_EXECUTION_DATE=2017-02-02T00:00:00+00:00
AIRFLOW_CTX_DAG_RUN_ID=scheduled__2017-02-02T00:00:00+00:00
[2019-03-19 15:07:16,261] {bash_operator.py:100} INFO - Temporary script location: /tmp/airflowtmpzvih4bdl/templated349r6w61
[2019-03-19 15:07:16,261] {bash_operator.py:110} INFO - Running command: 
    
        echo "2017-02-02"
        echo "Parameter I passed in"
    
        echo "2017-02-02"
        echo "Parameter I passed in"
    
        echo "2017-02-02"
        echo "Parameter I passed in"
    
        echo "2017-02-02"
        echo "Parameter I passed in"
    
        echo "2017-02-02"
        echo "Parameter I passed in"
    
    
[2019-03-19 15:07:16,292] {bash_operator.py:119} INFO - Output:
[2019-03-19 15:07:16,293] {bash_operator.py:123} INFO - 2017-02-02
[2019-03-19 15:07:16,293] {bash_operator.py:123} INFO - Parameter I passed in
[2019-03-19 15:07:16,293] {bash_operator.py:123} INFO - 2017-02-02
[2019-03-19 15:07:16,293] {bash_operator.py:123} INFO - Parameter I passed in
[2019-03-19 15:07:16,293] {bash_operator.py:123} INFO - 2017-02-02
[2019-03-19 15:07:16,293] {bash_operator.py:123} INFO - Parameter I passed in
[2019-03-19 15:07:16,293] {bash_operator.py:123} INFO - 2017-02-02
[2019-03-19 15:07:16,293] {bash_operator.py:123} INFO - Parameter I passed in
[2019-03-19 15:07:16,293] {bash_operator.py:123} INFO - 2017-02-02
[2019-03-19 15:07:16,293] {bash_operator.py:123} INFO - Parameter I passed in
[2019-03-19 15:07:16,293] {bash_operator.py:127} INFO - Command exited with return code 0
[2019-03-19 15:07:19,286] {logging_mixin.py:95} INFO - [2019-03-19 15:07:19,285] {jobs.py:2527} INFO - Task exited with return code 0
