[2019-03-19 14:35:00,887] {models.py:1359} INFO - Dependencies all met for <TaskInstance: tutorial.print_date 2016-11-26T00:00:00+00:00 [queued]>
[2019-03-19 14:35:00,890] {models.py:1359} INFO - Dependencies all met for <TaskInstance: tutorial.print_date 2016-11-26T00:00:00+00:00 [queued]>
[2019-03-19 14:35:00,890] {models.py:1571} INFO - 
--------------------------------------------------------------------------------
Starting attempt 1 of 2
--------------------------------------------------------------------------------

[2019-03-19 14:35:00,979] {models.py:1593} INFO - Executing <Task(BashOperator): print_date> on 2016-11-26T00:00:00+00:00
[2019-03-19 14:35:00,979] {base_task_runner.py:118} INFO - Running: ['bash', '-c', 'airflow run tutorial print_date 2016-11-26T00:00:00+00:00 --job_id 1093 --raw -sd DAGS_FOLDER/tutorial.py --cfg_path /tmp/tmp9bllz17r']
[2019-03-19 14:35:02,794] {base_task_runner.py:101} INFO - Job 1093: Subtask print_date [2019-03-19 14:35:02,793] {__init__.py:51} INFO - Using executor SequentialExecutor
[2019-03-19 14:35:03,151] {base_task_runner.py:101} INFO - Job 1093: Subtask print_date [2019-03-19 14:35:03,148] {models.py:273} INFO - Filling up the DagBag from /home/rsandroni/airflow/dags/tutorial.py
[2019-03-19 14:35:03,185] {base_task_runner.py:101} INFO - Job 1093: Subtask print_date [2019-03-19 14:35:03,180] {cli.py:520} INFO - Running <TaskInstance: tutorial.print_date 2016-11-26T00:00:00+00:00 [running]> on host IADAIRP1.globalrs.rack.space
[2019-03-19 14:35:03,213] {bash_operator.py:77} INFO - Tmp dir root location: 
 /tmp
[2019-03-19 14:35:03,213] {bash_operator.py:86} INFO - Exporting the following env vars:
AIRFLOW_CTX_DAG_ID=tutorial
AIRFLOW_CTX_TASK_ID=print_date
AIRFLOW_CTX_EXECUTION_DATE=2016-11-26T00:00:00+00:00
AIRFLOW_CTX_DAG_RUN_ID=scheduled__2016-11-26T00:00:00+00:00
[2019-03-19 14:35:03,214] {bash_operator.py:100} INFO - Temporary script location: /tmp/airflowtmpm1x4dh78/print_dated5nllzyy
[2019-03-19 14:35:03,214] {bash_operator.py:110} INFO - Running command: date
[2019-03-19 14:35:03,253] {bash_operator.py:119} INFO - Output:
[2019-03-19 14:35:03,276] {bash_operator.py:123} INFO - Ter Mar 19 14:35:03 -03 2019
[2019-03-19 14:35:03,287] {bash_operator.py:127} INFO - Command exited with return code 0
[2019-03-19 14:35:05,915] {logging_mixin.py:95} INFO - [2019-03-19 14:35:05,914] {jobs.py:2527} INFO - Task exited with return code 0
