[2019-03-19 13:30:53,433] {models.py:1359} INFO - Dependencies all met for <TaskInstance: tutorial.templated 2016-07-15T00:00:00+00:00 [queued]>
[2019-03-19 13:30:53,438] {models.py:1359} INFO - Dependencies all met for <TaskInstance: tutorial.templated 2016-07-15T00:00:00+00:00 [queued]>
[2019-03-19 13:30:53,438] {models.py:1571} INFO - 
--------------------------------------------------------------------------------
Starting attempt 1 of 2
--------------------------------------------------------------------------------

[2019-03-19 13:30:53,454] {models.py:1593} INFO - Executing <Task(BashOperator): templated> on 2016-07-15T00:00:00+00:00
[2019-03-19 13:30:53,455] {base_task_runner.py:118} INFO - Running: ['bash', '-c', 'airflow run tutorial templated 2016-07-15T00:00:00+00:00 --job_id 827 --raw -sd DAGS_FOLDER/example_dags/tutorial.py --cfg_path /tmp/tmp70mlpu12']
[2019-03-19 13:30:54,096] {base_task_runner.py:101} INFO - Job 827: Subtask templated [2019-03-19 13:30:54,095] {__init__.py:51} INFO - Using executor SequentialExecutor
[2019-03-19 13:30:54,366] {base_task_runner.py:101} INFO - Job 827: Subtask templated [2019-03-19 13:30:54,365] {models.py:273} INFO - Filling up the DagBag from /home/rsandroni/airflow/dags/example_dags/tutorial.py
[2019-03-19 13:30:54,407] {base_task_runner.py:101} INFO - Job 827: Subtask templated [2019-03-19 13:30:54,407] {cli.py:520} INFO - Running <TaskInstance: tutorial.templated 2016-07-15T00:00:00+00:00 [running]> on host IADAIRP1.globalrs.rack.space
[2019-03-19 13:30:54,425] {bash_operator.py:77} INFO - Tmp dir root location: 
 /tmp
[2019-03-19 13:30:54,426] {bash_operator.py:86} INFO - Exporting the following env vars:
AIRFLOW_CTX_DAG_ID=tutorial
AIRFLOW_CTX_TASK_ID=templated
AIRFLOW_CTX_EXECUTION_DATE=2016-07-15T00:00:00+00:00
AIRFLOW_CTX_DAG_RUN_ID=scheduled__2016-07-15T00:00:00+00:00
[2019-03-19 13:30:54,426] {bash_operator.py:100} INFO - Temporary script location: /tmp/airflowtmp3z9youj1/templatedqindlybe
[2019-03-19 13:30:54,426] {bash_operator.py:110} INFO - Running command: 

    echo "2016-07-15"
    echo "2016-07-22"
    echo "Parameter I passed in"

    echo "2016-07-15"
    echo "2016-07-22"
    echo "Parameter I passed in"

    echo "2016-07-15"
    echo "2016-07-22"
    echo "Parameter I passed in"

    echo "2016-07-15"
    echo "2016-07-22"
    echo "Parameter I passed in"

    echo "2016-07-15"
    echo "2016-07-22"
    echo "Parameter I passed in"

[2019-03-19 13:30:54,431] {bash_operator.py:119} INFO - Output:
[2019-03-19 13:30:54,432] {bash_operator.py:123} INFO - 2016-07-15
[2019-03-19 13:30:54,433] {bash_operator.py:123} INFO - 2016-07-22
[2019-03-19 13:30:54,433] {bash_operator.py:123} INFO - Parameter I passed in
[2019-03-19 13:30:54,433] {bash_operator.py:123} INFO - 2016-07-15
[2019-03-19 13:30:54,433] {bash_operator.py:123} INFO - 2016-07-22
[2019-03-19 13:30:54,433] {bash_operator.py:123} INFO - Parameter I passed in
[2019-03-19 13:30:54,433] {bash_operator.py:123} INFO - 2016-07-15
[2019-03-19 13:30:54,433] {bash_operator.py:123} INFO - 2016-07-22
[2019-03-19 13:30:54,433] {bash_operator.py:123} INFO - Parameter I passed in
[2019-03-19 13:30:54,433] {bash_operator.py:123} INFO - 2016-07-15
[2019-03-19 13:30:54,433] {bash_operator.py:123} INFO - 2016-07-22
[2019-03-19 13:30:54,433] {bash_operator.py:123} INFO - Parameter I passed in
[2019-03-19 13:30:54,433] {bash_operator.py:123} INFO - 2016-07-15
[2019-03-19 13:30:54,433] {bash_operator.py:123} INFO - 2016-07-22
[2019-03-19 13:30:54,433] {bash_operator.py:123} INFO - Parameter I passed in
[2019-03-19 13:30:54,433] {bash_operator.py:127} INFO - Command exited with return code 0
[2019-03-19 13:30:58,515] {logging_mixin.py:95} INFO - [2019-03-19 13:30:58,514] {jobs.py:2527} INFO - Task exited with return code 0
