[2019-03-19 12:42:18,731] {models.py:1359} INFO - Dependencies all met for <TaskInstance: tutorial.templated 2016-04-07T00:00:00+00:00 [queued]>
[2019-03-19 12:42:18,735] {models.py:1359} INFO - Dependencies all met for <TaskInstance: tutorial.templated 2016-04-07T00:00:00+00:00 [queued]>
[2019-03-19 12:42:18,735] {models.py:1571} INFO - 
--------------------------------------------------------------------------------
Starting attempt 1 of 2
--------------------------------------------------------------------------------

[2019-03-19 12:42:18,811] {models.py:1593} INFO - Executing <Task(BashOperator): templated> on 2016-04-07T00:00:00+00:00
[2019-03-19 12:42:18,811] {base_task_runner.py:118} INFO - Running: ['bash', '-c', 'airflow run tutorial templated 2016-04-07T00:00:00+00:00 --job_id 629 --raw -sd DAGS_FOLDER/example_dags/tutorial.py --cfg_path /tmp/tmpiibatdtd']
[2019-03-19 12:42:21,686] {base_task_runner.py:101} INFO - Job 629: Subtask templated [2019-03-19 12:42:21,678] {__init__.py:51} INFO - Using executor SequentialExecutor
[2019-03-19 12:42:22,533] {base_task_runner.py:101} INFO - Job 629: Subtask templated [2019-03-19 12:42:22,525] {models.py:273} INFO - Filling up the DagBag from /home/rsandroni/airflow/dags/example_dags/tutorial.py
[2019-03-19 12:42:22,658] {base_task_runner.py:101} INFO - Job 629: Subtask templated [2019-03-19 12:42:22,654] {cli.py:520} INFO - Running <TaskInstance: tutorial.templated 2016-04-07T00:00:00+00:00 [running]> on host IADAIRP1.globalrs.rack.space
[2019-03-19 12:42:22,719] {bash_operator.py:77} INFO - Tmp dir root location: 
 /tmp
[2019-03-19 12:42:22,719] {bash_operator.py:86} INFO - Exporting the following env vars:
AIRFLOW_CTX_DAG_ID=tutorial
AIRFLOW_CTX_TASK_ID=templated
AIRFLOW_CTX_EXECUTION_DATE=2016-04-07T00:00:00+00:00
AIRFLOW_CTX_DAG_RUN_ID=scheduled__2016-04-07T00:00:00+00:00
[2019-03-19 12:42:22,720] {bash_operator.py:100} INFO - Temporary script location: /tmp/airflowtmp8v_i_gkf/templatedtfi3k74l
[2019-03-19 12:42:22,720] {bash_operator.py:110} INFO - Running command: 

    echo "2016-04-07"
    echo "2016-04-14"
    echo "Parameter I passed in"

    echo "2016-04-07"
    echo "2016-04-14"
    echo "Parameter I passed in"

    echo "2016-04-07"
    echo "2016-04-14"
    echo "Parameter I passed in"

    echo "2016-04-07"
    echo "2016-04-14"
    echo "Parameter I passed in"

    echo "2016-04-07"
    echo "2016-04-14"
    echo "Parameter I passed in"

[2019-03-19 12:42:22,792] {bash_operator.py:119} INFO - Output:
[2019-03-19 12:42:22,796] {bash_operator.py:123} INFO - 2016-04-07
[2019-03-19 12:42:22,796] {bash_operator.py:123} INFO - 2016-04-14
[2019-03-19 12:42:22,796] {bash_operator.py:123} INFO - Parameter I passed in
[2019-03-19 12:42:22,797] {bash_operator.py:123} INFO - 2016-04-07
[2019-03-19 12:42:22,797] {bash_operator.py:123} INFO - 2016-04-14
[2019-03-19 12:42:22,797] {bash_operator.py:123} INFO - Parameter I passed in
[2019-03-19 12:42:22,797] {bash_operator.py:123} INFO - 2016-04-07
[2019-03-19 12:42:22,797] {bash_operator.py:123} INFO - 2016-04-14
[2019-03-19 12:42:22,797] {bash_operator.py:123} INFO - Parameter I passed in
[2019-03-19 12:42:22,797] {bash_operator.py:123} INFO - 2016-04-07
[2019-03-19 12:42:22,797] {bash_operator.py:123} INFO - 2016-04-14
[2019-03-19 12:42:22,797] {bash_operator.py:123} INFO - Parameter I passed in
[2019-03-19 12:42:22,797] {bash_operator.py:123} INFO - 2016-04-07
[2019-03-19 12:42:22,797] {bash_operator.py:123} INFO - 2016-04-14
[2019-03-19 12:42:22,797] {bash_operator.py:123} INFO - Parameter I passed in
[2019-03-19 12:42:22,797] {bash_operator.py:127} INFO - Command exited with return code 0
[2019-03-19 12:42:23,727] {logging_mixin.py:95} INFO - [2019-03-19 12:42:23,727] {jobs.py:2527} INFO - Task exited with return code 0
