[2019-03-19 10:36:20,053] {models.py:1359} INFO - Dependencies all met for <TaskInstance: tutorial.templated 2015-07-12T00:00:00+00:00 [queued]>
[2019-03-19 10:36:20,057] {models.py:1359} INFO - Dependencies all met for <TaskInstance: tutorial.templated 2015-07-12T00:00:00+00:00 [queued]>
[2019-03-19 10:36:20,057] {models.py:1571} INFO - 
--------------------------------------------------------------------------------
Starting attempt 1 of 2
--------------------------------------------------------------------------------

[2019-03-19 10:36:20,073] {models.py:1593} INFO - Executing <Task(BashOperator): templated> on 2015-07-12T00:00:00+00:00
[2019-03-19 10:36:20,073] {base_task_runner.py:118} INFO - Running: ['bash', '-c', 'airflow run tutorial templated 2015-07-12T00:00:00+00:00 --job_id 90 --raw -sd DAGS_FOLDER/example_dags/tutorial.py --cfg_path /tmp/tmprpa7rhez']
[2019-03-19 10:36:20,669] {base_task_runner.py:101} INFO - Job 90: Subtask templated [2019-03-19 10:36:20,668] {__init__.py:51} INFO - Using executor SequentialExecutor
[2019-03-19 10:36:20,900] {base_task_runner.py:101} INFO - Job 90: Subtask templated [2019-03-19 10:36:20,900] {models.py:273} INFO - Filling up the DagBag from /home/rsandroni/airflow/dags/example_dags/tutorial.py
[2019-03-19 10:36:20,941] {base_task_runner.py:101} INFO - Job 90: Subtask templated [2019-03-19 10:36:20,941] {cli.py:520} INFO - Running <TaskInstance: tutorial.templated 2015-07-12T00:00:00+00:00 [running]> on host IADAIRP1.globalrs.rack.space
[2019-03-19 10:36:20,956] {bash_operator.py:77} INFO - Tmp dir root location: 
 /tmp
[2019-03-19 10:36:20,956] {bash_operator.py:86} INFO - Exporting the following env vars:
AIRFLOW_CTX_DAG_ID=tutorial
AIRFLOW_CTX_TASK_ID=templated
AIRFLOW_CTX_EXECUTION_DATE=2015-07-12T00:00:00+00:00
AIRFLOW_CTX_DAG_RUN_ID=scheduled__2015-07-12T00:00:00+00:00
[2019-03-19 10:36:20,957] {bash_operator.py:100} INFO - Temporary script location: /tmp/airflowtmpti0_32of/templatedwbl4h5wk
[2019-03-19 10:36:20,957] {bash_operator.py:110} INFO - Running command: 

    echo "2015-07-12"
    echo "2015-07-19"
    echo "Parameter I passed in"

    echo "2015-07-12"
    echo "2015-07-19"
    echo "Parameter I passed in"

    echo "2015-07-12"
    echo "2015-07-19"
    echo "Parameter I passed in"

    echo "2015-07-12"
    echo "2015-07-19"
    echo "Parameter I passed in"

    echo "2015-07-12"
    echo "2015-07-19"
    echo "Parameter I passed in"

[2019-03-19 10:36:20,962] {bash_operator.py:119} INFO - Output:
[2019-03-19 10:36:20,964] {bash_operator.py:123} INFO - 2015-07-12
[2019-03-19 10:36:20,964] {bash_operator.py:123} INFO - 2015-07-19
[2019-03-19 10:36:20,964] {bash_operator.py:123} INFO - Parameter I passed in
[2019-03-19 10:36:20,964] {bash_operator.py:123} INFO - 2015-07-12
[2019-03-19 10:36:20,964] {bash_operator.py:123} INFO - 2015-07-19
[2019-03-19 10:36:20,964] {bash_operator.py:123} INFO - Parameter I passed in
[2019-03-19 10:36:20,964] {bash_operator.py:123} INFO - 2015-07-12
[2019-03-19 10:36:20,964] {bash_operator.py:123} INFO - 2015-07-19
[2019-03-19 10:36:20,964] {bash_operator.py:123} INFO - Parameter I passed in
[2019-03-19 10:36:20,964] {bash_operator.py:123} INFO - 2015-07-12
[2019-03-19 10:36:20,964] {bash_operator.py:123} INFO - 2015-07-19
[2019-03-19 10:36:20,964] {bash_operator.py:123} INFO - Parameter I passed in
[2019-03-19 10:36:20,964] {bash_operator.py:123} INFO - 2015-07-12
[2019-03-19 10:36:20,964] {bash_operator.py:123} INFO - 2015-07-19
[2019-03-19 10:36:20,964] {bash_operator.py:123} INFO - Parameter I passed in
[2019-03-19 10:36:20,964] {bash_operator.py:127} INFO - Command exited with return code 0
[2019-03-19 10:36:25,056] {logging_mixin.py:95} INFO - [2019-03-19 10:36:25,055] {jobs.py:2527} INFO - Task exited with return code 0
