[2019-03-19 11:29:59,969] {models.py:1359} INFO - Dependencies all met for <TaskInstance: tutorial.templated 2015-10-26T00:00:00+00:00 [queued]>
[2019-03-19 11:29:59,974] {models.py:1359} INFO - Dependencies all met for <TaskInstance: tutorial.templated 2015-10-26T00:00:00+00:00 [queued]>
[2019-03-19 11:29:59,974] {models.py:1571} INFO - 
--------------------------------------------------------------------------------
Starting attempt 1 of 2
--------------------------------------------------------------------------------

[2019-03-19 11:29:59,990] {models.py:1593} INFO - Executing <Task(BashOperator): templated> on 2015-10-26T00:00:00+00:00
[2019-03-19 11:29:59,990] {base_task_runner.py:118} INFO - Running: ['bash', '-c', 'airflow run tutorial templated 2015-10-26T00:00:00+00:00 --job_id 303 --raw -sd DAGS_FOLDER/sql_server_load.py --cfg_path /tmp/tmp2laybj6g']
[2019-03-19 11:30:00,595] {base_task_runner.py:101} INFO - Job 303: Subtask templated [2019-03-19 11:30:00,594] {__init__.py:51} INFO - Using executor SequentialExecutor
[2019-03-19 11:30:00,813] {base_task_runner.py:101} INFO - Job 303: Subtask templated [2019-03-19 11:30:00,812] {models.py:273} INFO - Filling up the DagBag from /home/rsandroni/airflow/dags/sql_server_load.py
[2019-03-19 11:30:00,831] {base_task_runner.py:101} INFO - Job 303: Subtask templated [2019-03-19 11:30:00,831] {cli.py:520} INFO - Running <TaskInstance: tutorial.templated 2015-10-26T00:00:00+00:00 [running]> on host IADAIRP1.globalrs.rack.space
[2019-03-19 11:30:00,844] {bash_operator.py:77} INFO - Tmp dir root location: 
 /tmp
[2019-03-19 11:30:00,844] {bash_operator.py:86} INFO - Exporting the following env vars:
AIRFLOW_CTX_DAG_ID=tutorial
AIRFLOW_CTX_TASK_ID=templated
AIRFLOW_CTX_EXECUTION_DATE=2015-10-26T00:00:00+00:00
AIRFLOW_CTX_DAG_RUN_ID=scheduled__2015-10-26T00:00:00+00:00
[2019-03-19 11:30:00,845] {bash_operator.py:100} INFO - Temporary script location: /tmp/airflowtmpqpdp8aoi/templated1429ok9f
[2019-03-19 11:30:00,845] {bash_operator.py:110} INFO - Running command: 
    
        echo "2015-10-26"
        echo "Parameter I passed in"
    
        echo "2015-10-26"
        echo "Parameter I passed in"
    
        echo "2015-10-26"
        echo "Parameter I passed in"
    
        echo "2015-10-26"
        echo "Parameter I passed in"
    
        echo "2015-10-26"
        echo "Parameter I passed in"
    
    
[2019-03-19 11:30:00,850] {bash_operator.py:119} INFO - Output:
[2019-03-19 11:30:00,851] {bash_operator.py:123} INFO - 2015-10-26
[2019-03-19 11:30:00,851] {bash_operator.py:123} INFO - Parameter I passed in
[2019-03-19 11:30:00,851] {bash_operator.py:123} INFO - 2015-10-26
[2019-03-19 11:30:00,851] {bash_operator.py:123} INFO - Parameter I passed in
[2019-03-19 11:30:00,851] {bash_operator.py:123} INFO - 2015-10-26
[2019-03-19 11:30:00,851] {bash_operator.py:123} INFO - Parameter I passed in
[2019-03-19 11:30:00,851] {bash_operator.py:123} INFO - 2015-10-26
[2019-03-19 11:30:00,851] {bash_operator.py:123} INFO - Parameter I passed in
[2019-03-19 11:30:00,851] {bash_operator.py:123} INFO - 2015-10-26
[2019-03-19 11:30:00,852] {bash_operator.py:123} INFO - Parameter I passed in
[2019-03-19 11:30:00,852] {bash_operator.py:127} INFO - Command exited with return code 0
[2019-03-19 11:30:04,972] {logging_mixin.py:95} INFO - [2019-03-19 11:30:04,971] {jobs.py:2527} INFO - Task exited with return code 0
