[2019-03-21 17:52:27,563] {models.py:1359} INFO - Dependencies all met for <TaskInstance: tutorial.print_date 2017-08-18T00:00:00+00:00 [queued]>
[2019-03-21 17:52:27,565] {models.py:1359} INFO - Dependencies all met for <TaskInstance: tutorial.print_date 2017-08-18T00:00:00+00:00 [queued]>
[2019-03-21 17:52:27,565] {models.py:1571} INFO - 
--------------------------------------------------------------------------------
Starting attempt 1 of 2
--------------------------------------------------------------------------------

[2019-03-21 17:52:27,582] {models.py:1593} INFO - Executing <Task(BashOperator): print_date> on 2017-08-18T00:00:00+00:00
[2019-03-21 17:52:27,582] {base_task_runner.py:118} INFO - Running: ['bash', '-c', 'airflow run tutorial print_date 2017-08-18T00:00:00+00:00 --job_id 1673 --raw -sd DAGS_FOLDER/tutorial.py --cfg_path /tmp/tmpfhliljiv']
[2019-03-21 17:52:28,217] {base_task_runner.py:101} INFO - Job 1673: Subtask print_date [2019-03-21 17:52:28,216] {__init__.py:51} INFO - Using executor SequentialExecutor
[2019-03-21 17:52:28,444] {base_task_runner.py:101} INFO - Job 1673: Subtask print_date [2019-03-21 17:52:28,443] {models.py:273} INFO - Filling up the DagBag from /home/rsandroni/airflow/dags/tutorial.py
[2019-03-21 17:52:28,459] {base_task_runner.py:101} INFO - Job 1673: Subtask print_date [2019-03-21 17:52:28,458] {cli.py:520} INFO - Running <TaskInstance: tutorial.print_date 2017-08-18T00:00:00+00:00 [running]> on host IADAIRP1.globalrs.rack.space
[2019-03-21 17:52:28,472] {bash_operator.py:77} INFO - Tmp dir root location: 
 /tmp
[2019-03-21 17:52:28,472] {bash_operator.py:86} INFO - Exporting the following env vars:
AIRFLOW_CTX_DAG_ID=tutorial
AIRFLOW_CTX_TASK_ID=print_date
AIRFLOW_CTX_EXECUTION_DATE=2017-08-18T00:00:00+00:00
AIRFLOW_CTX_DAG_RUN_ID=scheduled__2017-08-18T00:00:00+00:00
[2019-03-21 17:52:28,473] {bash_operator.py:100} INFO - Temporary script location: /tmp/airflowtmpnodflaxq/print_dateib4i_qyg
[2019-03-21 17:52:28,473] {bash_operator.py:110} INFO - Running command: date
[2019-03-21 17:52:28,478] {bash_operator.py:119} INFO - Output:
[2019-03-21 17:52:28,480] {bash_operator.py:123} INFO - Qui Mar 21 17:52:28 -03 2019
[2019-03-21 17:52:28,480] {bash_operator.py:127} INFO - Command exited with return code 0
[2019-03-21 17:52:32,566] {logging_mixin.py:95} INFO - [2019-03-21 17:52:32,565] {jobs.py:2527} INFO - Task exited with return code 0
