[2019-03-21 21:24:15,180] {models.py:1359} INFO - Dependencies all met for <TaskInstance: tutorial.templated 2018-02-23T00:00:00+00:00 [queued]>
[2019-03-21 21:24:15,185] {models.py:1359} INFO - Dependencies all met for <TaskInstance: tutorial.templated 2018-02-23T00:00:00+00:00 [queued]>
[2019-03-21 21:24:15,185] {models.py:1571} INFO - 
--------------------------------------------------------------------------------
Starting attempt 1 of 2
--------------------------------------------------------------------------------

[2019-03-21 21:24:15,200] {models.py:1593} INFO - Executing <Task(BashOperator): templated> on 2018-02-23T00:00:00+00:00
[2019-03-21 21:24:15,200] {base_task_runner.py:118} INFO - Running: ['bash', '-c', 'airflow run tutorial templated 2018-02-23T00:00:00+00:00 --job_id 2071 --raw -sd DAGS_FOLDER/example_dags/tutorial.py --cfg_path /tmp/tmpuymmgq8l']
[2019-03-21 21:24:15,832] {base_task_runner.py:101} INFO - Job 2071: Subtask templated [2019-03-21 21:24:15,831] {__init__.py:51} INFO - Using executor SequentialExecutor
[2019-03-21 21:24:16,064] {base_task_runner.py:101} INFO - Job 2071: Subtask templated [2019-03-21 21:24:16,063] {models.py:273} INFO - Filling up the DagBag from /home/rsandroni/airflow/dags/example_dags/tutorial.py
[2019-03-21 21:24:16,127] {base_task_runner.py:101} INFO - Job 2071: Subtask templated [2019-03-21 21:24:16,126] {cli.py:520} INFO - Running <TaskInstance: tutorial.templated 2018-02-23T00:00:00+00:00 [running]> on host IADAIRP1.globalrs.rack.space
[2019-03-21 21:24:16,143] {bash_operator.py:77} INFO - Tmp dir root location: 
 /tmp
[2019-03-21 21:24:16,143] {bash_operator.py:86} INFO - Exporting the following env vars:
AIRFLOW_CTX_DAG_ID=tutorial
AIRFLOW_CTX_TASK_ID=templated
AIRFLOW_CTX_EXECUTION_DATE=2018-02-23T00:00:00+00:00
AIRFLOW_CTX_DAG_RUN_ID=scheduled__2018-02-23T00:00:00+00:00
[2019-03-21 21:24:16,144] {bash_operator.py:100} INFO - Temporary script location: /tmp/airflowtmp0nhory58/templatedoxcrzsjn
[2019-03-21 21:24:16,144] {bash_operator.py:110} INFO - Running command: 

    echo "2018-02-23"
    echo "2018-03-02"
    echo "Parameter I passed in"

    echo "2018-02-23"
    echo "2018-03-02"
    echo "Parameter I passed in"

    echo "2018-02-23"
    echo "2018-03-02"
    echo "Parameter I passed in"

    echo "2018-02-23"
    echo "2018-03-02"
    echo "Parameter I passed in"

    echo "2018-02-23"
    echo "2018-03-02"
    echo "Parameter I passed in"

[2019-03-21 21:24:16,150] {bash_operator.py:119} INFO - Output:
[2019-03-21 21:24:16,151] {bash_operator.py:123} INFO - 2018-02-23
[2019-03-21 21:24:16,151] {bash_operator.py:123} INFO - 2018-03-02
[2019-03-21 21:24:16,151] {bash_operator.py:123} INFO - Parameter I passed in
[2019-03-21 21:24:16,151] {bash_operator.py:123} INFO - 2018-02-23
[2019-03-21 21:24:16,151] {bash_operator.py:123} INFO - 2018-03-02
[2019-03-21 21:24:16,151] {bash_operator.py:123} INFO - Parameter I passed in
[2019-03-21 21:24:16,151] {bash_operator.py:123} INFO - 2018-02-23
[2019-03-21 21:24:16,151] {bash_operator.py:123} INFO - 2018-03-02
[2019-03-21 21:24:16,151] {bash_operator.py:123} INFO - Parameter I passed in
[2019-03-21 21:24:16,151] {bash_operator.py:123} INFO - 2018-02-23
[2019-03-21 21:24:16,151] {bash_operator.py:123} INFO - 2018-03-02
[2019-03-21 21:24:16,151] {bash_operator.py:123} INFO - Parameter I passed in
[2019-03-21 21:24:16,151] {bash_operator.py:123} INFO - 2018-02-23
[2019-03-21 21:24:16,151] {bash_operator.py:123} INFO - 2018-03-02
[2019-03-21 21:24:16,151] {bash_operator.py:123} INFO - Parameter I passed in
[2019-03-21 21:24:16,151] {bash_operator.py:127} INFO - Command exited with return code 0
[2019-03-21 21:24:20,182] {logging_mixin.py:95} INFO - [2019-03-21 21:24:20,182] {jobs.py:2527} INFO - Task exited with return code 0
