[2019-03-19 11:24:55,539] {models.py:1359} INFO - Dependencies all met for <TaskInstance: tutorial.templated 2015-10-15T00:00:00+00:00 [queued]>
[2019-03-19 11:24:55,543] {models.py:1359} INFO - Dependencies all met for <TaskInstance: tutorial.templated 2015-10-15T00:00:00+00:00 [queued]>
[2019-03-19 11:24:55,543] {models.py:1571} INFO - 
--------------------------------------------------------------------------------
Starting attempt 1 of 2
--------------------------------------------------------------------------------

[2019-03-19 11:24:55,557] {models.py:1593} INFO - Executing <Task(BashOperator): templated> on 2015-10-15T00:00:00+00:00
[2019-03-19 11:24:55,557] {base_task_runner.py:118} INFO - Running: ['bash', '-c', 'airflow run tutorial templated 2015-10-15T00:00:00+00:00 --job_id 280 --raw -sd DAGS_FOLDER/sql_server_load.py --cfg_path /tmp/tmpow6_3amb']
[2019-03-19 11:24:56,156] {base_task_runner.py:101} INFO - Job 280: Subtask templated [2019-03-19 11:24:56,155] {__init__.py:51} INFO - Using executor SequentialExecutor
[2019-03-19 11:24:56,374] {base_task_runner.py:101} INFO - Job 280: Subtask templated [2019-03-19 11:24:56,374] {models.py:273} INFO - Filling up the DagBag from /home/rsandroni/airflow/dags/sql_server_load.py
[2019-03-19 11:24:56,394] {base_task_runner.py:101} INFO - Job 280: Subtask templated [2019-03-19 11:24:56,392] {cli.py:520} INFO - Running <TaskInstance: tutorial.templated 2015-10-15T00:00:00+00:00 [running]> on host IADAIRP1.globalrs.rack.space
[2019-03-19 11:24:56,407] {bash_operator.py:77} INFO - Tmp dir root location: 
 /tmp
[2019-03-19 11:24:56,407] {bash_operator.py:86} INFO - Exporting the following env vars:
AIRFLOW_CTX_DAG_ID=tutorial
AIRFLOW_CTX_TASK_ID=templated
AIRFLOW_CTX_EXECUTION_DATE=2015-10-15T00:00:00+00:00
AIRFLOW_CTX_DAG_RUN_ID=scheduled__2015-10-15T00:00:00+00:00
[2019-03-19 11:24:56,408] {bash_operator.py:100} INFO - Temporary script location: /tmp/airflowtmpkgb148dw/templated_l2w6wcf
[2019-03-19 11:24:56,408] {bash_operator.py:110} INFO - Running command: 
    
        echo "2015-10-15"
        echo "Parameter I passed in"
    
        echo "2015-10-15"
        echo "Parameter I passed in"
    
        echo "2015-10-15"
        echo "Parameter I passed in"
    
        echo "2015-10-15"
        echo "Parameter I passed in"
    
        echo "2015-10-15"
        echo "Parameter I passed in"
    
    
[2019-03-19 11:24:56,413] {bash_operator.py:119} INFO - Output:
[2019-03-19 11:24:56,414] {bash_operator.py:123} INFO - 2015-10-15
[2019-03-19 11:24:56,414] {bash_operator.py:123} INFO - Parameter I passed in
[2019-03-19 11:24:56,414] {bash_operator.py:123} INFO - 2015-10-15
[2019-03-19 11:24:56,414] {bash_operator.py:123} INFO - Parameter I passed in
[2019-03-19 11:24:56,414] {bash_operator.py:123} INFO - 2015-10-15
[2019-03-19 11:24:56,414] {bash_operator.py:123} INFO - Parameter I passed in
[2019-03-19 11:24:56,414] {bash_operator.py:123} INFO - 2015-10-15
[2019-03-19 11:24:56,414] {bash_operator.py:123} INFO - Parameter I passed in
[2019-03-19 11:24:56,414] {bash_operator.py:123} INFO - 2015-10-15
[2019-03-19 11:24:56,414] {bash_operator.py:123} INFO - Parameter I passed in
[2019-03-19 11:24:56,414] {bash_operator.py:127} INFO - Command exited with return code 0
[2019-03-19 11:25:00,538] {logging_mixin.py:95} INFO - [2019-03-19 11:25:00,537] {jobs.py:2527} INFO - Task exited with return code 0
