[2019-03-19 13:22:35,744] {models.py:1359} INFO - Dependencies all met for <TaskInstance: tutorial.templated 2016-06-27T00:00:00+00:00 [queued]>
[2019-03-19 13:22:35,748] {models.py:1359} INFO - Dependencies all met for <TaskInstance: tutorial.templated 2016-06-27T00:00:00+00:00 [queued]>
[2019-03-19 13:22:35,748] {models.py:1571} INFO - 
--------------------------------------------------------------------------------
Starting attempt 1 of 2
--------------------------------------------------------------------------------

[2019-03-19 13:22:35,826] {models.py:1593} INFO - Executing <Task(BashOperator): templated> on 2016-06-27T00:00:00+00:00
[2019-03-19 13:22:35,826] {base_task_runner.py:118} INFO - Running: ['bash', '-c', 'airflow run tutorial templated 2016-06-27T00:00:00+00:00 --job_id 791 --raw -sd DAGS_FOLDER/example_dags/tutorial.py --cfg_path /tmp/tmp24eial7p']
[2019-03-19 13:22:37,282] {base_task_runner.py:101} INFO - Job 791: Subtask templated [2019-03-19 13:22:37,282] {__init__.py:51} INFO - Using executor SequentialExecutor
[2019-03-19 13:22:37,858] {base_task_runner.py:101} INFO - Job 791: Subtask templated [2019-03-19 13:22:37,850] {models.py:273} INFO - Filling up the DagBag from /home/rsandroni/airflow/dags/example_dags/tutorial.py
[2019-03-19 13:22:37,984] {base_task_runner.py:101} INFO - Job 791: Subtask templated [2019-03-19 13:22:37,979] {cli.py:520} INFO - Running <TaskInstance: tutorial.templated 2016-06-27T00:00:00+00:00 [running]> on host IADAIRP1.globalrs.rack.space
[2019-03-19 13:22:38,040] {bash_operator.py:77} INFO - Tmp dir root location: 
 /tmp
[2019-03-19 13:22:38,040] {bash_operator.py:86} INFO - Exporting the following env vars:
AIRFLOW_CTX_DAG_ID=tutorial
AIRFLOW_CTX_TASK_ID=templated
AIRFLOW_CTX_EXECUTION_DATE=2016-06-27T00:00:00+00:00
AIRFLOW_CTX_DAG_RUN_ID=scheduled__2016-06-27T00:00:00+00:00
[2019-03-19 13:22:38,041] {bash_operator.py:100} INFO - Temporary script location: /tmp/airflowtmpafwo8w7b/templatedpy_5ax0r
[2019-03-19 13:22:38,041] {bash_operator.py:110} INFO - Running command: 

    echo "2016-06-27"
    echo "2016-07-04"
    echo "Parameter I passed in"

    echo "2016-06-27"
    echo "2016-07-04"
    echo "Parameter I passed in"

    echo "2016-06-27"
    echo "2016-07-04"
    echo "Parameter I passed in"

    echo "2016-06-27"
    echo "2016-07-04"
    echo "Parameter I passed in"

    echo "2016-06-27"
    echo "2016-07-04"
    echo "Parameter I passed in"

[2019-03-19 13:22:38,063] {bash_operator.py:119} INFO - Output:
[2019-03-19 13:22:38,081] {bash_operator.py:123} INFO - 2016-06-27
[2019-03-19 13:22:38,081] {bash_operator.py:123} INFO - 2016-07-04
[2019-03-19 13:22:38,082] {bash_operator.py:123} INFO - Parameter I passed in
[2019-03-19 13:22:38,082] {bash_operator.py:123} INFO - 2016-06-27
[2019-03-19 13:22:38,082] {bash_operator.py:123} INFO - 2016-07-04
[2019-03-19 13:22:38,082] {bash_operator.py:123} INFO - Parameter I passed in
[2019-03-19 13:22:38,082] {bash_operator.py:123} INFO - 2016-06-27
[2019-03-19 13:22:38,082] {bash_operator.py:123} INFO - 2016-07-04
[2019-03-19 13:22:38,082] {bash_operator.py:123} INFO - Parameter I passed in
[2019-03-19 13:22:38,082] {bash_operator.py:123} INFO - 2016-06-27
[2019-03-19 13:22:38,082] {bash_operator.py:123} INFO - 2016-07-04
[2019-03-19 13:22:38,082] {bash_operator.py:123} INFO - Parameter I passed in
[2019-03-19 13:22:38,082] {bash_operator.py:123} INFO - 2016-06-27
[2019-03-19 13:22:38,082] {bash_operator.py:123} INFO - 2016-07-04
[2019-03-19 13:22:38,082] {bash_operator.py:123} INFO - Parameter I passed in
[2019-03-19 13:22:38,082] {bash_operator.py:127} INFO - Command exited with return code 0
[2019-03-19 13:22:40,694] {logging_mixin.py:95} INFO - [2019-03-19 13:22:40,694] {jobs.py:2527} INFO - Task exited with return code 0
