[2019-03-19 15:42:56,099] {models.py:1359} INFO - Dependencies all met for <TaskInstance: tutorial.templated 2017-04-21T00:00:00+00:00 [queued]>
[2019-03-19 15:42:56,104] {models.py:1359} INFO - Dependencies all met for <TaskInstance: tutorial.templated 2017-04-21T00:00:00+00:00 [queued]>
[2019-03-19 15:42:56,105] {models.py:1571} INFO - 
--------------------------------------------------------------------------------
Starting attempt 1 of 2
--------------------------------------------------------------------------------

[2019-03-19 15:42:56,173] {models.py:1593} INFO - Executing <Task(BashOperator): templated> on 2017-04-21T00:00:00+00:00
[2019-03-19 15:42:56,173] {base_task_runner.py:118} INFO - Running: ['bash', '-c', 'airflow run tutorial templated 2017-04-21T00:00:00+00:00 --job_id 1389 --raw -sd DAGS_FOLDER/sql_server_load.py --cfg_path /tmp/tmpc739m9io']
[2019-03-19 15:42:57,597] {base_task_runner.py:101} INFO - Job 1389: Subtask templated [2019-03-19 15:42:57,589] {__init__.py:51} INFO - Using executor SequentialExecutor
[2019-03-19 15:42:57,980] {base_task_runner.py:101} INFO - Job 1389: Subtask templated [2019-03-19 15:42:57,979] {models.py:273} INFO - Filling up the DagBag from /home/rsandroni/airflow/dags/sql_server_load.py
[2019-03-19 15:42:58,031] {base_task_runner.py:101} INFO - Job 1389: Subtask templated [2019-03-19 15:42:58,030] {cli.py:520} INFO - Running <TaskInstance: tutorial.templated 2017-04-21T00:00:00+00:00 [running]> on host IADAIRP1.globalrs.rack.space
[2019-03-19 15:42:58,066] {bash_operator.py:77} INFO - Tmp dir root location: 
 /tmp
[2019-03-19 15:42:58,066] {bash_operator.py:86} INFO - Exporting the following env vars:
AIRFLOW_CTX_DAG_ID=tutorial
AIRFLOW_CTX_TASK_ID=templated
AIRFLOW_CTX_EXECUTION_DATE=2017-04-21T00:00:00+00:00
AIRFLOW_CTX_DAG_RUN_ID=scheduled__2017-04-21T00:00:00+00:00
[2019-03-19 15:42:58,067] {bash_operator.py:100} INFO - Temporary script location: /tmp/airflowtmpcggdwa_y/templated2srqjeim
[2019-03-19 15:42:58,067] {bash_operator.py:110} INFO - Running command: 
    
        echo "2017-04-21"
        echo "Parameter I passed in"
    
        echo "2017-04-21"
        echo "Parameter I passed in"
    
        echo "2017-04-21"
        echo "Parameter I passed in"
    
        echo "2017-04-21"
        echo "Parameter I passed in"
    
        echo "2017-04-21"
        echo "Parameter I passed in"
    
    
[2019-03-19 15:42:58,112] {bash_operator.py:119} INFO - Output:
[2019-03-19 15:42:58,121] {bash_operator.py:123} INFO - 2017-04-21
[2019-03-19 15:42:58,121] {bash_operator.py:123} INFO - Parameter I passed in
[2019-03-19 15:42:58,122] {bash_operator.py:123} INFO - 2017-04-21
[2019-03-19 15:42:58,122] {bash_operator.py:123} INFO - Parameter I passed in
[2019-03-19 15:42:58,122] {bash_operator.py:123} INFO - 2017-04-21
[2019-03-19 15:42:58,122] {bash_operator.py:123} INFO - Parameter I passed in
[2019-03-19 15:42:58,122] {bash_operator.py:123} INFO - 2017-04-21
[2019-03-19 15:42:58,122] {bash_operator.py:123} INFO - Parameter I passed in
[2019-03-19 15:42:58,122] {bash_operator.py:123} INFO - 2017-04-21
[2019-03-19 15:42:58,122] {bash_operator.py:123} INFO - Parameter I passed in
[2019-03-19 15:42:58,122] {bash_operator.py:127} INFO - Command exited with return code 0
[2019-03-19 15:43:01,092] {logging_mixin.py:95} INFO - [2019-03-19 15:43:01,091] {jobs.py:2527} INFO - Task exited with return code 0
