[2019-03-21 16:58:22,741] {models.py:1359} INFO - Dependencies all met for <TaskInstance: tutorial.print_date 2017-05-25T00:00:00+00:00 [queued]>
[2019-03-21 16:58:22,744] {models.py:1359} INFO - Dependencies all met for <TaskInstance: tutorial.print_date 2017-05-25T00:00:00+00:00 [queued]>
[2019-03-21 16:58:22,744] {models.py:1571} INFO - 
--------------------------------------------------------------------------------
Starting attempt 1 of 2
--------------------------------------------------------------------------------

[2019-03-21 16:58:22,759] {models.py:1593} INFO - Executing <Task(BashOperator): print_date> on 2017-05-25T00:00:00+00:00
[2019-03-21 16:58:22,759] {base_task_runner.py:118} INFO - Running: ['bash', '-c', 'airflow run tutorial print_date 2017-05-25T00:00:00+00:00 --job_id 1459 --raw -sd DAGS_FOLDER/tutorial.py --cfg_path /tmp/tmp0mfs43ps']
[2019-03-21 16:58:23,396] {base_task_runner.py:101} INFO - Job 1459: Subtask print_date [2019-03-21 16:58:23,395] {__init__.py:51} INFO - Using executor SequentialExecutor
[2019-03-21 16:58:23,622] {base_task_runner.py:101} INFO - Job 1459: Subtask print_date [2019-03-21 16:58:23,621] {models.py:273} INFO - Filling up the DagBag from /home/rsandroni/airflow/dags/tutorial.py
[2019-03-21 16:58:23,638] {base_task_runner.py:101} INFO - Job 1459: Subtask print_date [2019-03-21 16:58:23,636] {cli.py:520} INFO - Running <TaskInstance: tutorial.print_date 2017-05-25T00:00:00+00:00 [running]> on host IADAIRP1.globalrs.rack.space
[2019-03-21 16:58:23,648] {bash_operator.py:77} INFO - Tmp dir root location: 
 /tmp
[2019-03-21 16:58:23,648] {bash_operator.py:86} INFO - Exporting the following env vars:
AIRFLOW_CTX_DAG_ID=tutorial
AIRFLOW_CTX_TASK_ID=print_date
AIRFLOW_CTX_EXECUTION_DATE=2017-05-25T00:00:00+00:00
AIRFLOW_CTX_DAG_RUN_ID=scheduled__2017-05-25T00:00:00+00:00
[2019-03-21 16:58:23,649] {bash_operator.py:100} INFO - Temporary script location: /tmp/airflowtmp5tk2982a/print_datet4o1yg4a
[2019-03-21 16:58:23,649] {bash_operator.py:110} INFO - Running command: date
[2019-03-21 16:58:23,659] {bash_operator.py:119} INFO - Output:
[2019-03-21 16:58:23,661] {bash_operator.py:123} INFO - Qui Mar 21 16:58:23 -03 2019
[2019-03-21 16:58:23,661] {bash_operator.py:127} INFO - Command exited with return code 0
[2019-03-21 16:58:27,749] {logging_mixin.py:95} INFO - [2019-03-21 16:58:27,748] {jobs.py:2527} INFO - Task exited with return code 0
