[2019-03-21 22:05:47,682] {models.py:1359} INFO - Dependencies all met for <TaskInstance: tutorial.templated 2018-03-27T00:00:00+00:00 [queued]>
[2019-03-21 22:05:47,687] {models.py:1359} INFO - Dependencies all met for <TaskInstance: tutorial.templated 2018-03-27T00:00:00+00:00 [queued]>
[2019-03-21 22:05:47,687] {models.py:1571} INFO - 
--------------------------------------------------------------------------------
Starting attempt 1 of 2
--------------------------------------------------------------------------------

[2019-03-21 22:05:47,701] {models.py:1593} INFO - Executing <Task(BashOperator): templated> on 2018-03-27T00:00:00+00:00
[2019-03-21 22:05:47,701] {base_task_runner.py:118} INFO - Running: ['bash', '-c', 'airflow run tutorial templated 2018-03-27T00:00:00+00:00 --job_id 2135 --raw -sd DAGS_FOLDER/example_dags/tutorial.py --cfg_path /tmp/tmpj6frb4tw']
[2019-03-21 22:05:48,331] {base_task_runner.py:101} INFO - Job 2135: Subtask templated [2019-03-21 22:05:48,330] {__init__.py:51} INFO - Using executor SequentialExecutor
[2019-03-21 22:05:48,568] {base_task_runner.py:101} INFO - Job 2135: Subtask templated [2019-03-21 22:05:48,567] {models.py:273} INFO - Filling up the DagBag from /home/rsandroni/airflow/dags/example_dags/tutorial.py
[2019-03-21 22:05:48,632] {base_task_runner.py:101} INFO - Job 2135: Subtask templated [2019-03-21 22:05:48,632] {cli.py:520} INFO - Running <TaskInstance: tutorial.templated 2018-03-27T00:00:00+00:00 [running]> on host IADAIRP1.globalrs.rack.space
[2019-03-21 22:05:48,649] {bash_operator.py:77} INFO - Tmp dir root location: 
 /tmp
[2019-03-21 22:05:48,650] {bash_operator.py:86} INFO - Exporting the following env vars:
AIRFLOW_CTX_DAG_ID=tutorial
AIRFLOW_CTX_TASK_ID=templated
AIRFLOW_CTX_EXECUTION_DATE=2018-03-27T00:00:00+00:00
AIRFLOW_CTX_DAG_RUN_ID=scheduled__2018-03-27T00:00:00+00:00
[2019-03-21 22:05:48,650] {bash_operator.py:100} INFO - Temporary script location: /tmp/airflowtmp75t3v1qq/templatedmyttnpto
[2019-03-21 22:05:48,650] {bash_operator.py:110} INFO - Running command: 

    echo "2018-03-27"
    echo "2018-04-03"
    echo "Parameter I passed in"

    echo "2018-03-27"
    echo "2018-04-03"
    echo "Parameter I passed in"

    echo "2018-03-27"
    echo "2018-04-03"
    echo "Parameter I passed in"

    echo "2018-03-27"
    echo "2018-04-03"
    echo "Parameter I passed in"

    echo "2018-03-27"
    echo "2018-04-03"
    echo "Parameter I passed in"

[2019-03-21 22:05:48,656] {bash_operator.py:119} INFO - Output:
[2019-03-21 22:05:48,657] {bash_operator.py:123} INFO - 2018-03-27
[2019-03-21 22:05:48,657] {bash_operator.py:123} INFO - 2018-04-03
[2019-03-21 22:05:48,657] {bash_operator.py:123} INFO - Parameter I passed in
[2019-03-21 22:05:48,657] {bash_operator.py:123} INFO - 2018-03-27
[2019-03-21 22:05:48,657] {bash_operator.py:123} INFO - 2018-04-03
[2019-03-21 22:05:48,657] {bash_operator.py:123} INFO - Parameter I passed in
[2019-03-21 22:05:48,657] {bash_operator.py:123} INFO - 2018-03-27
[2019-03-21 22:05:48,657] {bash_operator.py:123} INFO - 2018-04-03
[2019-03-21 22:05:48,657] {bash_operator.py:123} INFO - Parameter I passed in
[2019-03-21 22:05:48,657] {bash_operator.py:123} INFO - 2018-03-27
[2019-03-21 22:05:48,657] {bash_operator.py:123} INFO - 2018-04-03
[2019-03-21 22:05:48,657] {bash_operator.py:123} INFO - Parameter I passed in
[2019-03-21 22:05:48,657] {bash_operator.py:123} INFO - 2018-03-27
[2019-03-21 22:05:48,658] {bash_operator.py:123} INFO - 2018-04-03
[2019-03-21 22:05:48,658] {bash_operator.py:123} INFO - Parameter I passed in
[2019-03-21 22:05:48,658] {bash_operator.py:127} INFO - Command exited with return code 0
[2019-03-21 22:05:52,681] {logging_mixin.py:95} INFO - [2019-03-21 22:05:52,681] {jobs.py:2527} INFO - Task exited with return code 0
