[2019-03-24 21:01:45,387] {models.py:1359} INFO - Dependencies all met for <TaskInstance: tutorial.print_date 2019-03-24T00:00:00+00:00 [queued]>
[2019-03-24 21:01:45,390] {models.py:1359} INFO - Dependencies all met for <TaskInstance: tutorial.print_date 2019-03-24T00:00:00+00:00 [queued]>
[2019-03-24 21:01:45,390] {models.py:1571} INFO - 
--------------------------------------------------------------------------------
Starting attempt 1 of 2
--------------------------------------------------------------------------------

[2019-03-24 21:01:45,406] {models.py:1593} INFO - Executing <Task(BashOperator): print_date> on 2019-03-24T00:00:00+00:00
[2019-03-24 21:01:45,407] {base_task_runner.py:118} INFO - Running: ['bash', '-c', 'airflow run tutorial print_date 2019-03-24T00:00:00+00:00 --job_id 2862 --raw -sd DAGS_FOLDER/example_dags/tutorial.py --cfg_path /tmp/tmporkysohq']
[2019-03-24 21:01:46,122] {base_task_runner.py:101} INFO - Job 2862: Subtask print_date [2019-03-24 21:01:46,121] {__init__.py:51} INFO - Using executor SequentialExecutor
[2019-03-24 21:01:46,386] {base_task_runner.py:101} INFO - Job 2862: Subtask print_date [2019-03-24 21:01:46,386] {models.py:273} INFO - Filling up the DagBag from /home/rsandroni/airflow/dags/example_dags/tutorial.py
[2019-03-24 21:01:46,450] {base_task_runner.py:101} INFO - Job 2862: Subtask print_date [2019-03-24 21:01:46,449] {cli.py:520} INFO - Running <TaskInstance: tutorial.print_date 2019-03-24T00:00:00+00:00 [running]> on host IADAIRP1.globalrs.rack.space
[2019-03-24 21:01:46,464] {bash_operator.py:77} INFO - Tmp dir root location: 
 /tmp
[2019-03-24 21:01:46,464] {bash_operator.py:86} INFO - Exporting the following env vars:
AIRFLOW_CTX_DAG_ID=tutorial
AIRFLOW_CTX_TASK_ID=print_date
AIRFLOW_CTX_EXECUTION_DATE=2019-03-24T00:00:00+00:00
AIRFLOW_CTX_DAG_RUN_ID=scheduled__2019-03-24T00:00:00+00:00
[2019-03-24 21:01:46,465] {bash_operator.py:100} INFO - Temporary script location: /tmp/airflowtmp7ls_jlvy/print_datec20nux6z
[2019-03-24 21:01:46,465] {bash_operator.py:110} INFO - Running command: date
[2019-03-24 21:01:46,472] {bash_operator.py:119} INFO - Output:
[2019-03-24 21:01:46,474] {bash_operator.py:123} INFO - Dom Mar 24 21:01:46 -03 2019
[2019-03-24 21:01:46,474] {bash_operator.py:127} INFO - Command exited with return code 0
[2019-03-24 21:01:50,422] {logging_mixin.py:95} INFO - [2019-03-24 21:01:50,421] {jobs.py:2527} INFO - Task exited with return code 0
