[2019-03-22 05:09:48,846] {models.py:1359} INFO - Dependencies all met for <TaskInstance: tutorial.templated 2019-02-11T00:00:00+00:00 [queued]>
[2019-03-22 05:09:48,851] {models.py:1359} INFO - Dependencies all met for <TaskInstance: tutorial.templated 2019-02-11T00:00:00+00:00 [queued]>
[2019-03-22 05:09:48,852] {models.py:1571} INFO - 
--------------------------------------------------------------------------------
Starting attempt 1 of 2
--------------------------------------------------------------------------------

[2019-03-22 05:09:48,866] {models.py:1593} INFO - Executing <Task(BashOperator): templated> on 2019-02-11T00:00:00+00:00
[2019-03-22 05:09:48,867] {base_task_runner.py:118} INFO - Running: ['bash', '-c', 'airflow run tutorial templated 2019-02-11T00:00:00+00:00 --job_id 2778 --raw -sd DAGS_FOLDER/example_dags/tutorial.py --cfg_path /tmp/tmpz_h1bn2e']
[2019-03-22 05:09:49,578] {base_task_runner.py:101} INFO - Job 2778: Subtask templated [2019-03-22 05:09:49,578] {__init__.py:51} INFO - Using executor SequentialExecutor
[2019-03-22 05:09:49,911] {base_task_runner.py:101} INFO - Job 2778: Subtask templated [2019-03-22 05:09:49,904] {models.py:273} INFO - Filling up the DagBag from /home/rsandroni/airflow/dags/example_dags/tutorial.py
[2019-03-22 05:09:50,023] {base_task_runner.py:101} INFO - Job 2778: Subtask templated [2019-03-22 05:09:50,022] {cli.py:520} INFO - Running <TaskInstance: tutorial.templated 2019-02-11T00:00:00+00:00 [running]> on host IADAIRP1.globalrs.rack.space
[2019-03-22 05:09:50,045] {bash_operator.py:77} INFO - Tmp dir root location: 
 /tmp
[2019-03-22 05:09:50,045] {bash_operator.py:86} INFO - Exporting the following env vars:
AIRFLOW_CTX_DAG_ID=tutorial
AIRFLOW_CTX_TASK_ID=templated
AIRFLOW_CTX_EXECUTION_DATE=2019-02-11T00:00:00+00:00
AIRFLOW_CTX_DAG_RUN_ID=scheduled__2019-02-11T00:00:00+00:00
[2019-03-22 05:09:50,046] {bash_operator.py:100} INFO - Temporary script location: /tmp/airflowtmpcwr_zqzm/templatedwjdcgkbl
[2019-03-22 05:09:50,046] {bash_operator.py:110} INFO - Running command: 

    echo "2019-02-11"
    echo "2019-02-18"
    echo "Parameter I passed in"

    echo "2019-02-11"
    echo "2019-02-18"
    echo "Parameter I passed in"

    echo "2019-02-11"
    echo "2019-02-18"
    echo "Parameter I passed in"

    echo "2019-02-11"
    echo "2019-02-18"
    echo "Parameter I passed in"

    echo "2019-02-11"
    echo "2019-02-18"
    echo "Parameter I passed in"

[2019-03-22 05:09:50,067] {bash_operator.py:119} INFO - Output:
[2019-03-22 05:09:50,069] {bash_operator.py:123} INFO - 2019-02-11
[2019-03-22 05:09:50,069] {bash_operator.py:123} INFO - 2019-02-18
[2019-03-22 05:09:50,069] {bash_operator.py:123} INFO - Parameter I passed in
[2019-03-22 05:09:50,069] {bash_operator.py:123} INFO - 2019-02-11
[2019-03-22 05:09:50,069] {bash_operator.py:123} INFO - 2019-02-18
[2019-03-22 05:09:50,069] {bash_operator.py:123} INFO - Parameter I passed in
[2019-03-22 05:09:50,069] {bash_operator.py:123} INFO - 2019-02-11
[2019-03-22 05:09:50,069] {bash_operator.py:123} INFO - 2019-02-18
[2019-03-22 05:09:50,069] {bash_operator.py:123} INFO - Parameter I passed in
[2019-03-22 05:09:50,069] {bash_operator.py:123} INFO - 2019-02-11
[2019-03-22 05:09:50,069] {bash_operator.py:123} INFO - 2019-02-18
[2019-03-22 05:09:50,069] {bash_operator.py:123} INFO - Parameter I passed in
[2019-03-22 05:09:50,069] {bash_operator.py:123} INFO - 2019-02-11
[2019-03-22 05:09:50,069] {bash_operator.py:123} INFO - 2019-02-18
[2019-03-22 05:09:50,069] {bash_operator.py:123} INFO - Parameter I passed in
[2019-03-22 05:09:50,069] {bash_operator.py:127} INFO - Command exited with return code 0
[2019-03-22 05:09:53,905] {logging_mixin.py:95} INFO - [2019-03-22 05:09:53,904] {jobs.py:2527} INFO - Task exited with return code 0
