[2019-03-22 00:42:43,999] {models.py:1359} INFO - Dependencies all met for <TaskInstance: tutorial.templated 2018-07-25T00:00:00+00:00 [queued]>
[2019-03-22 00:42:44,004] {models.py:1359} INFO - Dependencies all met for <TaskInstance: tutorial.templated 2018-07-25T00:00:00+00:00 [queued]>
[2019-03-22 00:42:44,005] {models.py:1571} INFO - 
--------------------------------------------------------------------------------
Starting attempt 1 of 2
--------------------------------------------------------------------------------

[2019-03-22 00:42:44,019] {models.py:1593} INFO - Executing <Task(BashOperator): templated> on 2018-07-25T00:00:00+00:00
[2019-03-22 00:42:44,019] {base_task_runner.py:118} INFO - Running: ['bash', '-c', 'airflow run tutorial templated 2018-07-25T00:00:00+00:00 --job_id 2375 --raw -sd DAGS_FOLDER/example_dags/tutorial.py --cfg_path /tmp/tmp0vgkagi_']
[2019-03-22 00:42:44,680] {base_task_runner.py:101} INFO - Job 2375: Subtask templated [2019-03-22 00:42:44,679] {__init__.py:51} INFO - Using executor SequentialExecutor
[2019-03-22 00:42:44,988] {base_task_runner.py:101} INFO - Job 2375: Subtask templated [2019-03-22 00:42:44,987] {models.py:273} INFO - Filling up the DagBag from /home/rsandroni/airflow/dags/example_dags/tutorial.py
[2019-03-22 00:42:45,127] {base_task_runner.py:101} INFO - Job 2375: Subtask templated [2019-03-22 00:42:45,126] {cli.py:520} INFO - Running <TaskInstance: tutorial.templated 2018-07-25T00:00:00+00:00 [running]> on host IADAIRP1.globalrs.rack.space
[2019-03-22 00:42:45,155] {bash_operator.py:77} INFO - Tmp dir root location: 
 /tmp
[2019-03-22 00:42:45,156] {bash_operator.py:86} INFO - Exporting the following env vars:
AIRFLOW_CTX_DAG_ID=tutorial
AIRFLOW_CTX_TASK_ID=templated
AIRFLOW_CTX_EXECUTION_DATE=2018-07-25T00:00:00+00:00
AIRFLOW_CTX_DAG_RUN_ID=scheduled__2018-07-25T00:00:00+00:00
[2019-03-22 00:42:45,156] {bash_operator.py:100} INFO - Temporary script location: /tmp/airflowtmpr9rus8s0/templated1aaba_np
[2019-03-22 00:42:45,156] {bash_operator.py:110} INFO - Running command: 

    echo "2018-07-25"
    echo "2018-08-01"
    echo "Parameter I passed in"

    echo "2018-07-25"
    echo "2018-08-01"
    echo "Parameter I passed in"

    echo "2018-07-25"
    echo "2018-08-01"
    echo "Parameter I passed in"

    echo "2018-07-25"
    echo "2018-08-01"
    echo "Parameter I passed in"

    echo "2018-07-25"
    echo "2018-08-01"
    echo "Parameter I passed in"

[2019-03-22 00:42:45,190] {bash_operator.py:119} INFO - Output:
[2019-03-22 00:42:45,192] {bash_operator.py:123} INFO - 2018-07-25
[2019-03-22 00:42:45,192] {bash_operator.py:123} INFO - 2018-08-01
[2019-03-22 00:42:45,192] {bash_operator.py:123} INFO - Parameter I passed in
[2019-03-22 00:42:45,192] {bash_operator.py:123} INFO - 2018-07-25
[2019-03-22 00:42:45,192] {bash_operator.py:123} INFO - 2018-08-01
[2019-03-22 00:42:45,192] {bash_operator.py:123} INFO - Parameter I passed in
[2019-03-22 00:42:45,192] {bash_operator.py:123} INFO - 2018-07-25
[2019-03-22 00:42:45,192] {bash_operator.py:123} INFO - 2018-08-01
[2019-03-22 00:42:45,192] {bash_operator.py:123} INFO - Parameter I passed in
[2019-03-22 00:42:45,192] {bash_operator.py:123} INFO - 2018-07-25
[2019-03-22 00:42:45,192] {bash_operator.py:123} INFO - 2018-08-01
[2019-03-22 00:42:45,192] {bash_operator.py:123} INFO - Parameter I passed in
[2019-03-22 00:42:45,192] {bash_operator.py:123} INFO - 2018-07-25
[2019-03-22 00:42:45,192] {bash_operator.py:123} INFO - 2018-08-01
[2019-03-22 00:42:45,192] {bash_operator.py:123} INFO - Parameter I passed in
[2019-03-22 00:42:45,192] {bash_operator.py:127} INFO - Command exited with return code 0
[2019-03-22 00:42:48,999] {logging_mixin.py:95} INFO - [2019-03-22 00:42:48,999] {jobs.py:2527} INFO - Task exited with return code 0
