[2019-03-19 11:07:00,919] {models.py:1359} INFO - Dependencies all met for <TaskInstance: tutorial.print_date 2015-09-09T00:00:00+00:00 [queued]>
[2019-03-19 11:07:00,920] {models.py:1359} INFO - Dependencies all met for <TaskInstance: tutorial.print_date 2015-09-09T00:00:00+00:00 [queued]>
[2019-03-19 11:07:00,921] {models.py:1571} INFO - 
--------------------------------------------------------------------------------
Starting attempt 1 of 2
--------------------------------------------------------------------------------

[2019-03-19 11:07:00,938] {models.py:1593} INFO - Executing <Task(BashOperator): print_date> on 2015-09-09T00:00:00+00:00
[2019-03-19 11:07:00,938] {base_task_runner.py:118} INFO - Running: ['bash', '-c', 'airflow run tutorial print_date 2015-09-09T00:00:00+00:00 --job_id 205 --raw -sd DAGS_FOLDER/tutorial.py --cfg_path /tmp/tmp74n41bm2']
[2019-03-19 11:07:01,535] {base_task_runner.py:101} INFO - Job 205: Subtask print_date [2019-03-19 11:07:01,534] {__init__.py:51} INFO - Using executor SequentialExecutor
[2019-03-19 11:07:01,758] {base_task_runner.py:101} INFO - Job 205: Subtask print_date [2019-03-19 11:07:01,758] {models.py:273} INFO - Filling up the DagBag from /home/rsandroni/airflow/dags/tutorial.py
[2019-03-19 11:07:01,774] {base_task_runner.py:101} INFO - Job 205: Subtask print_date [2019-03-19 11:07:01,774] {cli.py:520} INFO - Running <TaskInstance: tutorial.print_date 2015-09-09T00:00:00+00:00 [running]> on host IADAIRP1.globalrs.rack.space
[2019-03-19 11:07:01,787] {bash_operator.py:77} INFO - Tmp dir root location: 
 /tmp
[2019-03-19 11:07:01,787] {bash_operator.py:86} INFO - Exporting the following env vars:
AIRFLOW_CTX_DAG_ID=tutorial
AIRFLOW_CTX_TASK_ID=print_date
AIRFLOW_CTX_EXECUTION_DATE=2015-09-09T00:00:00+00:00
AIRFLOW_CTX_DAG_RUN_ID=scheduled__2015-09-09T00:00:00+00:00
[2019-03-19 11:07:01,787] {bash_operator.py:100} INFO - Temporary script location: /tmp/airflowtmpcqg3tjv7/print_date90sw98yp
[2019-03-19 11:07:01,788] {bash_operator.py:110} INFO - Running command: date
[2019-03-19 11:07:01,792] {bash_operator.py:119} INFO - Output:
[2019-03-19 11:07:01,795] {bash_operator.py:123} INFO - Ter Mar 19 11:07:01 -03 2019
[2019-03-19 11:07:01,795] {bash_operator.py:127} INFO - Command exited with return code 0
[2019-03-19 11:07:05,914] {logging_mixin.py:95} INFO - [2019-03-19 11:07:05,913] {jobs.py:2527} INFO - Task exited with return code 0
