[2019-03-19 13:19:21,804] {models.py:1359} INFO - Dependencies all met for <TaskInstance: tutorial.templated 2016-06-19T00:00:00+00:00 [queued]>
[2019-03-19 13:19:21,809] {models.py:1359} INFO - Dependencies all met for <TaskInstance: tutorial.templated 2016-06-19T00:00:00+00:00 [queued]>
[2019-03-19 13:19:21,809] {models.py:1571} INFO - 
--------------------------------------------------------------------------------
Starting attempt 1 of 2
--------------------------------------------------------------------------------

[2019-03-19 13:19:21,826] {models.py:1593} INFO - Executing <Task(BashOperator): templated> on 2016-06-19T00:00:00+00:00
[2019-03-19 13:19:21,826] {base_task_runner.py:118} INFO - Running: ['bash', '-c', 'airflow run tutorial templated 2016-06-19T00:00:00+00:00 --job_id 777 --raw -sd DAGS_FOLDER/sql_server_load.py --cfg_path /tmp/tmp93p4ekxy']
[2019-03-19 13:19:22,448] {base_task_runner.py:101} INFO - Job 777: Subtask templated [2019-03-19 13:19:22,447] {__init__.py:51} INFO - Using executor SequentialExecutor
[2019-03-19 13:19:22,731] {base_task_runner.py:101} INFO - Job 777: Subtask templated [2019-03-19 13:19:22,730] {models.py:273} INFO - Filling up the DagBag from /home/rsandroni/airflow/dags/sql_server_load.py
[2019-03-19 13:19:22,749] {base_task_runner.py:101} INFO - Job 777: Subtask templated [2019-03-19 13:19:22,749] {cli.py:520} INFO - Running <TaskInstance: tutorial.templated 2016-06-19T00:00:00+00:00 [running]> on host IADAIRP1.globalrs.rack.space
[2019-03-19 13:19:22,786] {bash_operator.py:77} INFO - Tmp dir root location: 
 /tmp
[2019-03-19 13:19:22,786] {bash_operator.py:86} INFO - Exporting the following env vars:
AIRFLOW_CTX_DAG_ID=tutorial
AIRFLOW_CTX_TASK_ID=templated
AIRFLOW_CTX_EXECUTION_DATE=2016-06-19T00:00:00+00:00
AIRFLOW_CTX_DAG_RUN_ID=scheduled__2016-06-19T00:00:00+00:00
[2019-03-19 13:19:22,787] {bash_operator.py:100} INFO - Temporary script location: /tmp/airflowtmpgkbk80rk/templatedbx9hoyjr
[2019-03-19 13:19:22,787] {bash_operator.py:110} INFO - Running command: 
    
        echo "2016-06-19"
        echo "Parameter I passed in"
    
        echo "2016-06-19"
        echo "Parameter I passed in"
    
        echo "2016-06-19"
        echo "Parameter I passed in"
    
        echo "2016-06-19"
        echo "Parameter I passed in"
    
        echo "2016-06-19"
        echo "Parameter I passed in"
    
    
[2019-03-19 13:19:22,804] {bash_operator.py:119} INFO - Output:
[2019-03-19 13:19:22,804] {bash_operator.py:123} INFO - 2016-06-19
[2019-03-19 13:19:22,804] {bash_operator.py:123} INFO - Parameter I passed in
[2019-03-19 13:19:22,804] {bash_operator.py:123} INFO - 2016-06-19
[2019-03-19 13:19:22,804] {bash_operator.py:123} INFO - Parameter I passed in
[2019-03-19 13:19:22,804] {bash_operator.py:123} INFO - 2016-06-19
[2019-03-19 13:19:22,804] {bash_operator.py:123} INFO - Parameter I passed in
[2019-03-19 13:19:22,804] {bash_operator.py:123} INFO - 2016-06-19
[2019-03-19 13:19:22,804] {bash_operator.py:123} INFO - Parameter I passed in
[2019-03-19 13:19:22,804] {bash_operator.py:123} INFO - 2016-06-19
[2019-03-19 13:19:22,804] {bash_operator.py:123} INFO - Parameter I passed in
[2019-03-19 13:19:22,804] {bash_operator.py:127} INFO - Command exited with return code 0
[2019-03-19 13:19:26,827] {logging_mixin.py:95} INFO - [2019-03-19 13:19:26,826] {jobs.py:2527} INFO - Task exited with return code 0
