[2019-03-19 11:46:28,405] {models.py:1359} INFO - Dependencies all met for <TaskInstance: tutorial.print_date 2015-12-05T00:00:00+00:00 [queued]>
[2019-03-19 11:46:28,407] {models.py:1359} INFO - Dependencies all met for <TaskInstance: tutorial.print_date 2015-12-05T00:00:00+00:00 [queued]>
[2019-03-19 11:46:28,407] {models.py:1571} INFO - 
--------------------------------------------------------------------------------
Starting attempt 1 of 2
--------------------------------------------------------------------------------

[2019-03-19 11:46:28,423] {models.py:1593} INFO - Executing <Task(BashOperator): print_date> on 2015-12-05T00:00:00+00:00
[2019-03-19 11:46:28,424] {base_task_runner.py:118} INFO - Running: ['bash', '-c', 'airflow run tutorial print_date 2015-12-05T00:00:00+00:00 --job_id 379 --raw -sd DAGS_FOLDER/tutorial.py --cfg_path /tmp/tmpaznkr120']
[2019-03-19 11:46:29,052] {base_task_runner.py:101} INFO - Job 379: Subtask print_date [2019-03-19 11:46:29,051] {__init__.py:51} INFO - Using executor SequentialExecutor
[2019-03-19 11:46:29,389] {base_task_runner.py:101} INFO - Job 379: Subtask print_date [2019-03-19 11:46:29,388] {models.py:273} INFO - Filling up the DagBag from /home/rsandroni/airflow/dags/tutorial.py
[2019-03-19 11:46:29,441] {base_task_runner.py:101} INFO - Job 379: Subtask print_date [2019-03-19 11:46:29,440] {cli.py:520} INFO - Running <TaskInstance: tutorial.print_date 2015-12-05T00:00:00+00:00 [running]> on host IADAIRP1.globalrs.rack.space
[2019-03-19 11:46:29,470] {bash_operator.py:77} INFO - Tmp dir root location: 
 /tmp
[2019-03-19 11:46:29,471] {bash_operator.py:86} INFO - Exporting the following env vars:
AIRFLOW_CTX_DAG_ID=tutorial
AIRFLOW_CTX_TASK_ID=print_date
AIRFLOW_CTX_EXECUTION_DATE=2015-12-05T00:00:00+00:00
AIRFLOW_CTX_DAG_RUN_ID=scheduled__2015-12-05T00:00:00+00:00
[2019-03-19 11:46:29,471] {bash_operator.py:100} INFO - Temporary script location: /tmp/airflowtmpnlx0yuod/print_dateyvfls6rw
[2019-03-19 11:46:29,471] {bash_operator.py:110} INFO - Running command: date
[2019-03-19 11:46:29,488] {bash_operator.py:119} INFO - Output:
[2019-03-19 11:46:29,491] {bash_operator.py:123} INFO - Ter Mar 19 11:46:29 -03 2019
[2019-03-19 11:46:29,491] {bash_operator.py:127} INFO - Command exited with return code 0
[2019-03-19 11:46:33,387] {logging_mixin.py:95} INFO - [2019-03-19 11:46:33,386] {jobs.py:2527} INFO - Task exited with return code 0
