[2019-03-19 12:02:45,327] {models.py:1359} INFO - Dependencies all met for <TaskInstance: tutorial.templated 2016-01-11T00:00:00+00:00 [queued]>
[2019-03-19 12:02:45,331] {models.py:1359} INFO - Dependencies all met for <TaskInstance: tutorial.templated 2016-01-11T00:00:00+00:00 [queued]>
[2019-03-19 12:02:45,331] {models.py:1571} INFO - 
--------------------------------------------------------------------------------
Starting attempt 1 of 2
--------------------------------------------------------------------------------

[2019-03-19 12:02:45,344] {models.py:1593} INFO - Executing <Task(BashOperator): templated> on 2016-01-11T00:00:00+00:00
[2019-03-19 12:02:45,345] {base_task_runner.py:118} INFO - Running: ['bash', '-c', 'airflow run tutorial templated 2016-01-11T00:00:00+00:00 --job_id 455 --raw -sd DAGS_FOLDER/example_dags/tutorial.py --cfg_path /tmp/tmpmpz0st1g']
[2019-03-19 12:02:45,968] {base_task_runner.py:101} INFO - Job 455: Subtask templated [2019-03-19 12:02:45,968] {__init__.py:51} INFO - Using executor SequentialExecutor
[2019-03-19 12:02:46,201] {base_task_runner.py:101} INFO - Job 455: Subtask templated [2019-03-19 12:02:46,201] {models.py:273} INFO - Filling up the DagBag from /home/rsandroni/airflow/dags/example_dags/tutorial.py
[2019-03-19 12:02:46,243] {base_task_runner.py:101} INFO - Job 455: Subtask templated [2019-03-19 12:02:46,243] {cli.py:520} INFO - Running <TaskInstance: tutorial.templated 2016-01-11T00:00:00+00:00 [running]> on host IADAIRP1.globalrs.rack.space
[2019-03-19 12:02:46,261] {bash_operator.py:77} INFO - Tmp dir root location: 
 /tmp
[2019-03-19 12:02:46,261] {bash_operator.py:86} INFO - Exporting the following env vars:
AIRFLOW_CTX_DAG_ID=tutorial
AIRFLOW_CTX_TASK_ID=templated
AIRFLOW_CTX_EXECUTION_DATE=2016-01-11T00:00:00+00:00
AIRFLOW_CTX_DAG_RUN_ID=scheduled__2016-01-11T00:00:00+00:00
[2019-03-19 12:02:46,261] {bash_operator.py:100} INFO - Temporary script location: /tmp/airflowtmpgpld4qjc/templatedoyn84r5x
[2019-03-19 12:02:46,261] {bash_operator.py:110} INFO - Running command: 

    echo "2016-01-11"
    echo "2016-01-18"
    echo "Parameter I passed in"

    echo "2016-01-11"
    echo "2016-01-18"
    echo "Parameter I passed in"

    echo "2016-01-11"
    echo "2016-01-18"
    echo "Parameter I passed in"

    echo "2016-01-11"
    echo "2016-01-18"
    echo "Parameter I passed in"

    echo "2016-01-11"
    echo "2016-01-18"
    echo "Parameter I passed in"

[2019-03-19 12:02:46,267] {bash_operator.py:119} INFO - Output:
[2019-03-19 12:02:46,268] {bash_operator.py:123} INFO - 2016-01-11
[2019-03-19 12:02:46,268] {bash_operator.py:123} INFO - 2016-01-18
[2019-03-19 12:02:46,268] {bash_operator.py:123} INFO - Parameter I passed in
[2019-03-19 12:02:46,268] {bash_operator.py:123} INFO - 2016-01-11
[2019-03-19 12:02:46,268] {bash_operator.py:123} INFO - 2016-01-18
[2019-03-19 12:02:46,268] {bash_operator.py:123} INFO - Parameter I passed in
[2019-03-19 12:02:46,268] {bash_operator.py:123} INFO - 2016-01-11
[2019-03-19 12:02:46,268] {bash_operator.py:123} INFO - 2016-01-18
[2019-03-19 12:02:46,268] {bash_operator.py:123} INFO - Parameter I passed in
[2019-03-19 12:02:46,268] {bash_operator.py:123} INFO - 2016-01-11
[2019-03-19 12:02:46,268] {bash_operator.py:123} INFO - 2016-01-18
[2019-03-19 12:02:46,268] {bash_operator.py:123} INFO - Parameter I passed in
[2019-03-19 12:02:46,268] {bash_operator.py:123} INFO - 2016-01-11
[2019-03-19 12:02:46,268] {bash_operator.py:123} INFO - 2016-01-18
[2019-03-19 12:02:46,268] {bash_operator.py:123} INFO - Parameter I passed in
[2019-03-19 12:02:46,269] {bash_operator.py:127} INFO - Command exited with return code 0
[2019-03-19 12:02:50,335] {logging_mixin.py:95} INFO - [2019-03-19 12:02:50,335] {jobs.py:2527} INFO - Task exited with return code 0
