[2019-03-19 13:19:15,742] {models.py:1359} INFO - Dependencies all met for <TaskInstance: tutorial.print_date 2016-06-21T00:00:00+00:00 [queued]>
[2019-03-19 13:19:15,744] {models.py:1359} INFO - Dependencies all met for <TaskInstance: tutorial.print_date 2016-06-21T00:00:00+00:00 [queued]>
[2019-03-19 13:19:15,744] {models.py:1571} INFO - 
--------------------------------------------------------------------------------
Starting attempt 1 of 2
--------------------------------------------------------------------------------

[2019-03-19 13:19:15,780] {models.py:1593} INFO - Executing <Task(BashOperator): print_date> on 2016-06-21T00:00:00+00:00
[2019-03-19 13:19:15,781] {base_task_runner.py:118} INFO - Running: ['bash', '-c', 'airflow run tutorial print_date 2016-06-21T00:00:00+00:00 --job_id 776 --raw -sd DAGS_FOLDER/sql_server_load.py --cfg_path /tmp/tmpj9329hno']
[2019-03-19 13:19:16,405] {base_task_runner.py:101} INFO - Job 776: Subtask print_date [2019-03-19 13:19:16,404] {__init__.py:51} INFO - Using executor SequentialExecutor
[2019-03-19 13:19:16,730] {base_task_runner.py:101} INFO - Job 776: Subtask print_date [2019-03-19 13:19:16,728] {models.py:273} INFO - Filling up the DagBag from /home/rsandroni/airflow/dags/sql_server_load.py
[2019-03-19 13:19:16,766] {base_task_runner.py:101} INFO - Job 776: Subtask print_date [2019-03-19 13:19:16,765] {cli.py:520} INFO - Running <TaskInstance: tutorial.print_date 2016-06-21T00:00:00+00:00 [running]> on host IADAIRP1.globalrs.rack.space
[2019-03-19 13:19:16,796] {bash_operator.py:77} INFO - Tmp dir root location: 
 /tmp
[2019-03-19 13:19:16,816] {bash_operator.py:86} INFO - Exporting the following env vars:
AIRFLOW_CTX_DAG_ID=tutorial
AIRFLOW_CTX_TASK_ID=print_date
AIRFLOW_CTX_EXECUTION_DATE=2016-06-21T00:00:00+00:00
AIRFLOW_CTX_DAG_RUN_ID=scheduled__2016-06-21T00:00:00+00:00
[2019-03-19 13:19:16,816] {bash_operator.py:100} INFO - Temporary script location: /tmp/airflowtmplfuhdhmj/print_dateoklac4of
[2019-03-19 13:19:16,817] {bash_operator.py:110} INFO - Running command: date
[2019-03-19 13:19:16,861] {bash_operator.py:119} INFO - Output:
[2019-03-19 13:19:16,892] {bash_operator.py:123} INFO - Ter Mar 19 13:19:16 -03 2019
[2019-03-19 13:19:16,892] {bash_operator.py:127} INFO - Command exited with return code 0
[2019-03-19 13:19:20,700] {logging_mixin.py:95} INFO - [2019-03-19 13:19:20,700] {jobs.py:2527} INFO - Task exited with return code 0
