[2019-03-19 10:20:40,304] {models.py:1359} INFO - Dependencies all met for <TaskInstance: tutorial.print_date 2015-06-13T00:00:00+00:00 [queued]>
[2019-03-19 10:20:40,306] {models.py:1359} INFO - Dependencies all met for <TaskInstance: tutorial.print_date 2015-06-13T00:00:00+00:00 [queued]>
[2019-03-19 10:20:40,306] {models.py:1571} INFO - 
--------------------------------------------------------------------------------
Starting attempt 1 of 2
--------------------------------------------------------------------------------

[2019-03-19 10:20:40,320] {models.py:1593} INFO - Executing <Task(BashOperator): print_date> on 2015-06-13T00:00:00+00:00
[2019-03-19 10:20:40,320] {base_task_runner.py:118} INFO - Running: ['bash', '-c', 'airflow run tutorial print_date 2015-06-13T00:00:00+00:00 --job_id 28 --raw -sd DAGS_FOLDER/crawler.py --cfg_path /tmp/tmp550bt0_f']
[2019-03-19 10:20:40,944] {base_task_runner.py:101} INFO - Job 28: Subtask print_date [2019-03-19 10:20:40,944] {__init__.py:51} INFO - Using executor SequentialExecutor
[2019-03-19 10:20:41,171] {base_task_runner.py:101} INFO - Job 28: Subtask print_date [2019-03-19 10:20:41,171] {models.py:273} INFO - Filling up the DagBag from /home/rsandroni/airflow/dags/crawler.py
[2019-03-19 10:20:41,186] {base_task_runner.py:101} INFO - Job 28: Subtask print_date [2019-03-19 10:20:41,186] {cli.py:520} INFO - Running <TaskInstance: tutorial.print_date 2015-06-13T00:00:00+00:00 [running]> on host IADAIRP1.globalrs.rack.space
[2019-03-19 10:20:41,199] {bash_operator.py:77} INFO - Tmp dir root location: 
 /tmp
[2019-03-19 10:20:41,199] {bash_operator.py:86} INFO - Exporting the following env vars:
AIRFLOW_CTX_DAG_ID=tutorial
AIRFLOW_CTX_TASK_ID=print_date
AIRFLOW_CTX_EXECUTION_DATE=2015-06-13T00:00:00+00:00
AIRFLOW_CTX_DAG_RUN_ID=scheduled__2015-06-13T00:00:00+00:00
[2019-03-19 10:20:41,200] {bash_operator.py:100} INFO - Temporary script location: /tmp/airflowtmpzc9c0ktr/print_datelkl3tzgj
[2019-03-19 10:20:41,200] {bash_operator.py:110} INFO - Running command: date
[2019-03-19 10:20:41,205] {bash_operator.py:119} INFO - Output:
[2019-03-19 10:20:41,207] {bash_operator.py:123} INFO - Ter Mar 19 10:20:41 -03 2019
[2019-03-19 10:20:41,207] {bash_operator.py:127} INFO - Command exited with return code 0
[2019-03-19 10:20:45,311] {logging_mixin.py:95} INFO - [2019-03-19 10:20:45,310] {jobs.py:2527} INFO - Task exited with return code 0
