[2019-03-19 10:58:58,800] {models.py:1359} INFO - Dependencies all met for <TaskInstance: tutorial.templated 2015-08-24T00:00:00+00:00 [queued]>
[2019-03-19 10:58:58,804] {models.py:1359} INFO - Dependencies all met for <TaskInstance: tutorial.templated 2015-08-24T00:00:00+00:00 [queued]>
[2019-03-19 10:58:58,804] {models.py:1571} INFO - 
--------------------------------------------------------------------------------
Starting attempt 1 of 2
--------------------------------------------------------------------------------

[2019-03-19 10:58:58,817] {models.py:1593} INFO - Executing <Task(BashOperator): templated> on 2015-08-24T00:00:00+00:00
[2019-03-19 10:58:58,817] {base_task_runner.py:118} INFO - Running: ['bash', '-c', 'airflow run tutorial templated 2015-08-24T00:00:00+00:00 --job_id 175 --raw -sd DAGS_FOLDER/example_dags/tutorial.py --cfg_path /tmp/tmpo73n_415']
[2019-03-19 10:58:59,418] {base_task_runner.py:101} INFO - Job 175: Subtask templated [2019-03-19 10:58:59,417] {__init__.py:51} INFO - Using executor SequentialExecutor
[2019-03-19 10:58:59,636] {base_task_runner.py:101} INFO - Job 175: Subtask templated [2019-03-19 10:58:59,636] {models.py:273} INFO - Filling up the DagBag from /home/rsandroni/airflow/dags/example_dags/tutorial.py
[2019-03-19 10:58:59,677] {base_task_runner.py:101} INFO - Job 175: Subtask templated [2019-03-19 10:58:59,677] {cli.py:520} INFO - Running <TaskInstance: tutorial.templated 2015-08-24T00:00:00+00:00 [running]> on host IADAIRP1.globalrs.rack.space
[2019-03-19 10:58:59,693] {bash_operator.py:77} INFO - Tmp dir root location: 
 /tmp
[2019-03-19 10:58:59,693] {bash_operator.py:86} INFO - Exporting the following env vars:
AIRFLOW_CTX_DAG_ID=tutorial
AIRFLOW_CTX_TASK_ID=templated
AIRFLOW_CTX_EXECUTION_DATE=2015-08-24T00:00:00+00:00
AIRFLOW_CTX_DAG_RUN_ID=scheduled__2015-08-24T00:00:00+00:00
[2019-03-19 10:58:59,694] {bash_operator.py:100} INFO - Temporary script location: /tmp/airflowtmpghg6a67o/templatedwpalozll
[2019-03-19 10:58:59,694] {bash_operator.py:110} INFO - Running command: 

    echo "2015-08-24"
    echo "2015-08-31"
    echo "Parameter I passed in"

    echo "2015-08-24"
    echo "2015-08-31"
    echo "Parameter I passed in"

    echo "2015-08-24"
    echo "2015-08-31"
    echo "Parameter I passed in"

    echo "2015-08-24"
    echo "2015-08-31"
    echo "Parameter I passed in"

    echo "2015-08-24"
    echo "2015-08-31"
    echo "Parameter I passed in"

[2019-03-19 10:58:59,699] {bash_operator.py:119} INFO - Output:
[2019-03-19 10:58:59,700] {bash_operator.py:123} INFO - 2015-08-24
[2019-03-19 10:58:59,700] {bash_operator.py:123} INFO - 2015-08-31
[2019-03-19 10:58:59,700] {bash_operator.py:123} INFO - Parameter I passed in
[2019-03-19 10:58:59,700] {bash_operator.py:123} INFO - 2015-08-24
[2019-03-19 10:58:59,700] {bash_operator.py:123} INFO - 2015-08-31
[2019-03-19 10:58:59,700] {bash_operator.py:123} INFO - Parameter I passed in
[2019-03-19 10:58:59,700] {bash_operator.py:123} INFO - 2015-08-24
[2019-03-19 10:58:59,700] {bash_operator.py:123} INFO - 2015-08-31
[2019-03-19 10:58:59,700] {bash_operator.py:123} INFO - Parameter I passed in
[2019-03-19 10:58:59,700] {bash_operator.py:123} INFO - 2015-08-24
[2019-03-19 10:58:59,700] {bash_operator.py:123} INFO - 2015-08-31
[2019-03-19 10:58:59,700] {bash_operator.py:123} INFO - Parameter I passed in
[2019-03-19 10:58:59,701] {bash_operator.py:123} INFO - 2015-08-24
[2019-03-19 10:58:59,701] {bash_operator.py:123} INFO - 2015-08-31
[2019-03-19 10:58:59,701] {bash_operator.py:123} INFO - Parameter I passed in
[2019-03-19 10:58:59,701] {bash_operator.py:127} INFO - Command exited with return code 0
[2019-03-19 10:59:03,802] {logging_mixin.py:95} INFO - [2019-03-19 10:59:03,802] {jobs.py:2527} INFO - Task exited with return code 0
