[2019-03-19 12:07:29,712] {models.py:1359} INFO - Dependencies all met for <TaskInstance: tutorial.print_date 2016-01-23T00:00:00+00:00 [queued]>
[2019-03-19 12:07:29,714] {models.py:1359} INFO - Dependencies all met for <TaskInstance: tutorial.print_date 2016-01-23T00:00:00+00:00 [queued]>
[2019-03-19 12:07:29,714] {models.py:1571} INFO - 
--------------------------------------------------------------------------------
Starting attempt 1 of 2
--------------------------------------------------------------------------------

[2019-03-19 12:07:29,734] {models.py:1593} INFO - Executing <Task(BashOperator): print_date> on 2016-01-23T00:00:00+00:00
[2019-03-19 12:07:29,735] {base_task_runner.py:118} INFO - Running: ['bash', '-c', 'airflow run tutorial print_date 2016-01-23T00:00:00+00:00 --job_id 476 --raw -sd DAGS_FOLDER/sql_server_load.py --cfg_path /tmp/tmpbspg0yt9']
[2019-03-19 12:07:30,347] {base_task_runner.py:101} INFO - Job 476: Subtask print_date [2019-03-19 12:07:30,346] {__init__.py:51} INFO - Using executor SequentialExecutor
[2019-03-19 12:07:30,583] {base_task_runner.py:101} INFO - Job 476: Subtask print_date [2019-03-19 12:07:30,582] {models.py:273} INFO - Filling up the DagBag from /home/rsandroni/airflow/dags/sql_server_load.py
[2019-03-19 12:07:30,602] {base_task_runner.py:101} INFO - Job 476: Subtask print_date [2019-03-19 12:07:30,602] {cli.py:520} INFO - Running <TaskInstance: tutorial.print_date 2016-01-23T00:00:00+00:00 [running]> on host IADAIRP1.globalrs.rack.space
[2019-03-19 12:07:30,618] {bash_operator.py:77} INFO - Tmp dir root location: 
 /tmp
[2019-03-19 12:07:30,618] {bash_operator.py:86} INFO - Exporting the following env vars:
AIRFLOW_CTX_DAG_ID=tutorial
AIRFLOW_CTX_TASK_ID=print_date
AIRFLOW_CTX_EXECUTION_DATE=2016-01-23T00:00:00+00:00
AIRFLOW_CTX_DAG_RUN_ID=scheduled__2016-01-23T00:00:00+00:00
[2019-03-19 12:07:30,618] {bash_operator.py:100} INFO - Temporary script location: /tmp/airflowtmpcm7oigu7/print_datek5xkz0o9
[2019-03-19 12:07:30,618] {bash_operator.py:110} INFO - Running command: date
[2019-03-19 12:07:30,623] {bash_operator.py:119} INFO - Output:
[2019-03-19 12:07:30,625] {bash_operator.py:123} INFO - Ter Mar 19 12:07:30 -03 2019
[2019-03-19 12:07:30,626] {bash_operator.py:127} INFO - Command exited with return code 0
[2019-03-19 12:07:34,714] {logging_mixin.py:95} INFO - [2019-03-19 12:07:34,714] {jobs.py:2527} INFO - Task exited with return code 0
