[2019-03-21 19:18:27,297] {models.py:1359} INFO - Dependencies all met for <TaskInstance: tutorial.templated 2017-11-18T00:00:00+00:00 [queued]>
[2019-03-21 19:18:27,302] {models.py:1359} INFO - Dependencies all met for <TaskInstance: tutorial.templated 2017-11-18T00:00:00+00:00 [queued]>
[2019-03-21 19:18:27,302] {models.py:1571} INFO - 
--------------------------------------------------------------------------------
Starting attempt 1 of 2
--------------------------------------------------------------------------------

[2019-03-21 19:18:27,315] {models.py:1593} INFO - Executing <Task(BashOperator): templated> on 2017-11-18T00:00:00+00:00
[2019-03-21 19:18:27,315] {base_task_runner.py:118} INFO - Running: ['bash', '-c', 'airflow run tutorial templated 2017-11-18T00:00:00+00:00 --job_id 1878 --raw -sd DAGS_FOLDER/example_dags/tutorial.py --cfg_path /tmp/tmpsu375vlt']
[2019-03-21 19:18:27,952] {base_task_runner.py:101} INFO - Job 1878: Subtask templated [2019-03-21 19:18:27,952] {__init__.py:51} INFO - Using executor SequentialExecutor
[2019-03-21 19:18:28,183] {base_task_runner.py:101} INFO - Job 1878: Subtask templated [2019-03-21 19:18:28,182] {models.py:273} INFO - Filling up the DagBag from /home/rsandroni/airflow/dags/example_dags/tutorial.py
[2019-03-21 19:18:28,246] {base_task_runner.py:101} INFO - Job 1878: Subtask templated [2019-03-21 19:18:28,246] {cli.py:520} INFO - Running <TaskInstance: tutorial.templated 2017-11-18T00:00:00+00:00 [running]> on host IADAIRP1.globalrs.rack.space
[2019-03-21 19:18:28,262] {bash_operator.py:77} INFO - Tmp dir root location: 
 /tmp
[2019-03-21 19:18:28,263] {bash_operator.py:86} INFO - Exporting the following env vars:
AIRFLOW_CTX_DAG_ID=tutorial
AIRFLOW_CTX_TASK_ID=templated
AIRFLOW_CTX_EXECUTION_DATE=2017-11-18T00:00:00+00:00
AIRFLOW_CTX_DAG_RUN_ID=scheduled__2017-11-18T00:00:00+00:00
[2019-03-21 19:18:28,263] {bash_operator.py:100} INFO - Temporary script location: /tmp/airflowtmpsbqgzicx/templated994jtrsp
[2019-03-21 19:18:28,263] {bash_operator.py:110} INFO - Running command: 

    echo "2017-11-18"
    echo "2017-11-25"
    echo "Parameter I passed in"

    echo "2017-11-18"
    echo "2017-11-25"
    echo "Parameter I passed in"

    echo "2017-11-18"
    echo "2017-11-25"
    echo "Parameter I passed in"

    echo "2017-11-18"
    echo "2017-11-25"
    echo "Parameter I passed in"

    echo "2017-11-18"
    echo "2017-11-25"
    echo "Parameter I passed in"

[2019-03-21 19:18:28,269] {bash_operator.py:119} INFO - Output:
[2019-03-21 19:18:28,270] {bash_operator.py:123} INFO - 2017-11-18
[2019-03-21 19:18:28,270] {bash_operator.py:123} INFO - 2017-11-25
[2019-03-21 19:18:28,270] {bash_operator.py:123} INFO - Parameter I passed in
[2019-03-21 19:18:28,270] {bash_operator.py:123} INFO - 2017-11-18
[2019-03-21 19:18:28,270] {bash_operator.py:123} INFO - 2017-11-25
[2019-03-21 19:18:28,270] {bash_operator.py:123} INFO - Parameter I passed in
[2019-03-21 19:18:28,270] {bash_operator.py:123} INFO - 2017-11-18
[2019-03-21 19:18:28,270] {bash_operator.py:123} INFO - 2017-11-25
[2019-03-21 19:18:28,270] {bash_operator.py:123} INFO - Parameter I passed in
[2019-03-21 19:18:28,270] {bash_operator.py:123} INFO - 2017-11-18
[2019-03-21 19:18:28,270] {bash_operator.py:123} INFO - 2017-11-25
[2019-03-21 19:18:28,270] {bash_operator.py:123} INFO - Parameter I passed in
[2019-03-21 19:18:28,270] {bash_operator.py:123} INFO - 2017-11-18
[2019-03-21 19:18:28,270] {bash_operator.py:123} INFO - 2017-11-25
[2019-03-21 19:18:28,271] {bash_operator.py:123} INFO - Parameter I passed in
[2019-03-21 19:18:28,271] {bash_operator.py:127} INFO - Command exited with return code 0
[2019-03-21 19:18:32,300] {logging_mixin.py:95} INFO - [2019-03-21 19:18:32,300] {jobs.py:2527} INFO - Task exited with return code 0
