[2019-03-21 17:46:11,464] {models.py:1359} INFO - Dependencies all met for <TaskInstance: tutorial.print_date 2017-08-09T00:00:00+00:00 [queued]>
[2019-03-21 17:46:11,468] {models.py:1359} INFO - Dependencies all met for <TaskInstance: tutorial.print_date 2017-08-09T00:00:00+00:00 [queued]>
[2019-03-21 17:46:11,468] {models.py:1571} INFO - 
--------------------------------------------------------------------------------
Starting attempt 1 of 2
--------------------------------------------------------------------------------

[2019-03-21 17:46:11,530] {models.py:1593} INFO - Executing <Task(BashOperator): print_date> on 2017-08-09T00:00:00+00:00
[2019-03-21 17:46:11,530] {base_task_runner.py:118} INFO - Running: ['bash', '-c', 'airflow run tutorial print_date 2017-08-09T00:00:00+00:00 --job_id 1649 --raw -sd DAGS_FOLDER/tutorial.py --cfg_path /tmp/tmpn5gi6kq6']
[2019-03-21 17:46:13,278] {base_task_runner.py:101} INFO - Job 1649: Subtask print_date [2019-03-21 17:46:13,271] {__init__.py:51} INFO - Using executor SequentialExecutor
[2019-03-21 17:46:13,749] {base_task_runner.py:101} INFO - Job 1649: Subtask print_date [2019-03-21 17:46:13,741] {models.py:273} INFO - Filling up the DagBag from /home/rsandroni/airflow/dags/tutorial.py
[2019-03-21 17:46:13,782] {base_task_runner.py:101} INFO - Job 1649: Subtask print_date [2019-03-21 17:46:13,779] {cli.py:520} INFO - Running <TaskInstance: tutorial.print_date 2017-08-09T00:00:00+00:00 [running]> on host IADAIRP1.globalrs.rack.space
[2019-03-21 17:46:13,820] {bash_operator.py:77} INFO - Tmp dir root location: 
 /tmp
[2019-03-21 17:46:13,821] {bash_operator.py:86} INFO - Exporting the following env vars:
AIRFLOW_CTX_DAG_ID=tutorial
AIRFLOW_CTX_TASK_ID=print_date
AIRFLOW_CTX_EXECUTION_DATE=2017-08-09T00:00:00+00:00
AIRFLOW_CTX_DAG_RUN_ID=scheduled__2017-08-09T00:00:00+00:00
[2019-03-21 17:46:13,821] {bash_operator.py:100} INFO - Temporary script location: /tmp/airflowtmpauiyjzj0/print_date6r367ny1
[2019-03-21 17:46:13,821] {bash_operator.py:110} INFO - Running command: date
[2019-03-21 17:46:13,854] {bash_operator.py:119} INFO - Output:
[2019-03-21 17:46:13,886] {bash_operator.py:123} INFO - Qui Mar 21 17:46:13 -03 2019
[2019-03-21 17:46:13,887] {bash_operator.py:127} INFO - Command exited with return code 0
[2019-03-21 17:46:16,434] {logging_mixin.py:95} INFO - [2019-03-21 17:46:16,433] {jobs.py:2527} INFO - Task exited with return code 0
