[2019-03-19 15:15:49,564] {models.py:1359} INFO - Dependencies all met for <TaskInstance: tutorial.templated 2017-02-22T00:00:00+00:00 [queued]>
[2019-03-19 15:15:49,568] {models.py:1359} INFO - Dependencies all met for <TaskInstance: tutorial.templated 2017-02-22T00:00:00+00:00 [queued]>
[2019-03-19 15:15:49,568] {models.py:1571} INFO - 
--------------------------------------------------------------------------------
Starting attempt 1 of 2
--------------------------------------------------------------------------------

[2019-03-19 15:15:49,587] {models.py:1593} INFO - Executing <Task(BashOperator): templated> on 2017-02-22T00:00:00+00:00
[2019-03-19 15:15:49,587] {base_task_runner.py:118} INFO - Running: ['bash', '-c', 'airflow run tutorial templated 2017-02-22T00:00:00+00:00 --job_id 1271 --raw -sd DAGS_FOLDER/example_dags/tutorial.py --cfg_path /tmp/tmpedobyb5h']
[2019-03-19 15:15:50,218] {base_task_runner.py:101} INFO - Job 1271: Subtask templated [2019-03-19 15:15:50,218] {__init__.py:51} INFO - Using executor SequentialExecutor
[2019-03-19 15:15:50,451] {base_task_runner.py:101} INFO - Job 1271: Subtask templated [2019-03-19 15:15:50,450] {models.py:273} INFO - Filling up the DagBag from /home/rsandroni/airflow/dags/example_dags/tutorial.py
[2019-03-19 15:15:50,492] {base_task_runner.py:101} INFO - Job 1271: Subtask templated [2019-03-19 15:15:50,491] {cli.py:520} INFO - Running <TaskInstance: tutorial.templated 2017-02-22T00:00:00+00:00 [running]> on host IADAIRP1.globalrs.rack.space
[2019-03-19 15:15:50,510] {bash_operator.py:77} INFO - Tmp dir root location: 
 /tmp
[2019-03-19 15:15:50,510] {bash_operator.py:86} INFO - Exporting the following env vars:
AIRFLOW_CTX_DAG_ID=tutorial
AIRFLOW_CTX_TASK_ID=templated
AIRFLOW_CTX_EXECUTION_DATE=2017-02-22T00:00:00+00:00
AIRFLOW_CTX_DAG_RUN_ID=scheduled__2017-02-22T00:00:00+00:00
[2019-03-19 15:15:50,510] {bash_operator.py:100} INFO - Temporary script location: /tmp/airflowtmp1tepymao/templated1i52ymho
[2019-03-19 15:15:50,511] {bash_operator.py:110} INFO - Running command: 

    echo "2017-02-22"
    echo "2017-03-01"
    echo "Parameter I passed in"

    echo "2017-02-22"
    echo "2017-03-01"
    echo "Parameter I passed in"

    echo "2017-02-22"
    echo "2017-03-01"
    echo "Parameter I passed in"

    echo "2017-02-22"
    echo "2017-03-01"
    echo "Parameter I passed in"

    echo "2017-02-22"
    echo "2017-03-01"
    echo "Parameter I passed in"

[2019-03-19 15:15:50,516] {bash_operator.py:119} INFO - Output:
[2019-03-19 15:15:50,517] {bash_operator.py:123} INFO - 2017-02-22
[2019-03-19 15:15:50,517] {bash_operator.py:123} INFO - 2017-03-01
[2019-03-19 15:15:50,517] {bash_operator.py:123} INFO - Parameter I passed in
[2019-03-19 15:15:50,518] {bash_operator.py:123} INFO - 2017-02-22
[2019-03-19 15:15:50,518] {bash_operator.py:123} INFO - 2017-03-01
[2019-03-19 15:15:50,518] {bash_operator.py:123} INFO - Parameter I passed in
[2019-03-19 15:15:50,518] {bash_operator.py:123} INFO - 2017-02-22
[2019-03-19 15:15:50,518] {bash_operator.py:123} INFO - 2017-03-01
[2019-03-19 15:15:50,518] {bash_operator.py:123} INFO - Parameter I passed in
[2019-03-19 15:15:50,518] {bash_operator.py:123} INFO - 2017-02-22
[2019-03-19 15:15:50,518] {bash_operator.py:123} INFO - 2017-03-01
[2019-03-19 15:15:50,518] {bash_operator.py:123} INFO - Parameter I passed in
[2019-03-19 15:15:50,518] {bash_operator.py:123} INFO - 2017-02-22
[2019-03-19 15:15:50,518] {bash_operator.py:123} INFO - 2017-03-01
[2019-03-19 15:15:50,518] {bash_operator.py:123} INFO - Parameter I passed in
[2019-03-19 15:15:50,518] {bash_operator.py:127} INFO - Command exited with return code 0
[2019-03-19 15:15:54,587] {logging_mixin.py:95} INFO - [2019-03-19 15:15:54,586] {jobs.py:2527} INFO - Task exited with return code 0
