[2019-03-21 23:41:52,382] {models.py:1359} INFO - Dependencies all met for <TaskInstance: tutorial.templated 2018-06-09T00:00:00+00:00 [queued]>
[2019-03-21 23:41:52,387] {models.py:1359} INFO - Dependencies all met for <TaskInstance: tutorial.templated 2018-06-09T00:00:00+00:00 [queued]>
[2019-03-21 23:41:52,387] {models.py:1571} INFO - 
--------------------------------------------------------------------------------
Starting attempt 1 of 2
--------------------------------------------------------------------------------

[2019-03-21 23:41:52,401] {models.py:1593} INFO - Executing <Task(BashOperator): templated> on 2018-06-09T00:00:00+00:00
[2019-03-21 23:41:52,401] {base_task_runner.py:118} INFO - Running: ['bash', '-c', 'airflow run tutorial templated 2018-06-09T00:00:00+00:00 --job_id 2283 --raw -sd DAGS_FOLDER/example_dags/tutorial.py --cfg_path /tmp/tmp4i55wk7q']
[2019-03-21 23:41:53,035] {base_task_runner.py:101} INFO - Job 2283: Subtask templated [2019-03-21 23:41:53,034] {__init__.py:51} INFO - Using executor SequentialExecutor
[2019-03-21 23:41:53,263] {base_task_runner.py:101} INFO - Job 2283: Subtask templated [2019-03-21 23:41:53,262] {models.py:273} INFO - Filling up the DagBag from /home/rsandroni/airflow/dags/example_dags/tutorial.py
[2019-03-21 23:41:53,326] {base_task_runner.py:101} INFO - Job 2283: Subtask templated [2019-03-21 23:41:53,326] {cli.py:520} INFO - Running <TaskInstance: tutorial.templated 2018-06-09T00:00:00+00:00 [running]> on host IADAIRP1.globalrs.rack.space
[2019-03-21 23:41:53,342] {bash_operator.py:77} INFO - Tmp dir root location: 
 /tmp
[2019-03-21 23:41:53,342] {bash_operator.py:86} INFO - Exporting the following env vars:
AIRFLOW_CTX_DAG_ID=tutorial
AIRFLOW_CTX_TASK_ID=templated
AIRFLOW_CTX_EXECUTION_DATE=2018-06-09T00:00:00+00:00
AIRFLOW_CTX_DAG_RUN_ID=scheduled__2018-06-09T00:00:00+00:00
[2019-03-21 23:41:53,343] {bash_operator.py:100} INFO - Temporary script location: /tmp/airflowtmpxpsifogz/templatedmtx9g0wo
[2019-03-21 23:41:53,343] {bash_operator.py:110} INFO - Running command: 

    echo "2018-06-09"
    echo "2018-06-16"
    echo "Parameter I passed in"

    echo "2018-06-09"
    echo "2018-06-16"
    echo "Parameter I passed in"

    echo "2018-06-09"
    echo "2018-06-16"
    echo "Parameter I passed in"

    echo "2018-06-09"
    echo "2018-06-16"
    echo "Parameter I passed in"

    echo "2018-06-09"
    echo "2018-06-16"
    echo "Parameter I passed in"

[2019-03-21 23:41:53,348] {bash_operator.py:119} INFO - Output:
[2019-03-21 23:41:53,350] {bash_operator.py:123} INFO - 2018-06-09
[2019-03-21 23:41:53,350] {bash_operator.py:123} INFO - 2018-06-16
[2019-03-21 23:41:53,350] {bash_operator.py:123} INFO - Parameter I passed in
[2019-03-21 23:41:53,350] {bash_operator.py:123} INFO - 2018-06-09
[2019-03-21 23:41:53,350] {bash_operator.py:123} INFO - 2018-06-16
[2019-03-21 23:41:53,350] {bash_operator.py:123} INFO - Parameter I passed in
[2019-03-21 23:41:53,350] {bash_operator.py:123} INFO - 2018-06-09
[2019-03-21 23:41:53,350] {bash_operator.py:123} INFO - 2018-06-16
[2019-03-21 23:41:53,350] {bash_operator.py:123} INFO - Parameter I passed in
[2019-03-21 23:41:53,350] {bash_operator.py:123} INFO - 2018-06-09
[2019-03-21 23:41:53,350] {bash_operator.py:123} INFO - 2018-06-16
[2019-03-21 23:41:53,350] {bash_operator.py:123} INFO - Parameter I passed in
[2019-03-21 23:41:53,350] {bash_operator.py:123} INFO - 2018-06-09
[2019-03-21 23:41:53,350] {bash_operator.py:123} INFO - 2018-06-16
[2019-03-21 23:41:53,350] {bash_operator.py:123} INFO - Parameter I passed in
[2019-03-21 23:41:53,350] {bash_operator.py:127} INFO - Command exited with return code 0
[2019-03-21 23:41:57,385] {logging_mixin.py:95} INFO - [2019-03-21 23:41:57,384] {jobs.py:2527} INFO - Task exited with return code 0
