[2019-03-19 11:17:09,850] {models.py:1359} INFO - Dependencies all met for <TaskInstance: tutorial.templated 2015-09-27T00:00:00+00:00 [queued]>
[2019-03-19 11:17:09,855] {models.py:1359} INFO - Dependencies all met for <TaskInstance: tutorial.templated 2015-09-27T00:00:00+00:00 [queued]>
[2019-03-19 11:17:09,855] {models.py:1571} INFO - 
--------------------------------------------------------------------------------
Starting attempt 1 of 2
--------------------------------------------------------------------------------

[2019-03-19 11:17:09,867] {models.py:1593} INFO - Executing <Task(BashOperator): templated> on 2015-09-27T00:00:00+00:00
[2019-03-19 11:17:09,867] {base_task_runner.py:118} INFO - Running: ['bash', '-c', 'airflow run tutorial templated 2015-09-27T00:00:00+00:00 --job_id 244 --raw -sd DAGS_FOLDER/sql_server_load.py --cfg_path /tmp/tmpcxehxex3']
[2019-03-19 11:17:10,465] {base_task_runner.py:101} INFO - Job 244: Subtask templated [2019-03-19 11:17:10,464] {__init__.py:51} INFO - Using executor SequentialExecutor
[2019-03-19 11:17:10,684] {base_task_runner.py:101} INFO - Job 244: Subtask templated [2019-03-19 11:17:10,683] {models.py:273} INFO - Filling up the DagBag from /home/rsandroni/airflow/dags/sql_server_load.py
[2019-03-19 11:17:10,702] {base_task_runner.py:101} INFO - Job 244: Subtask templated [2019-03-19 11:17:10,702] {cli.py:520} INFO - Running <TaskInstance: tutorial.templated 2015-09-27T00:00:00+00:00 [running]> on host IADAIRP1.globalrs.rack.space
[2019-03-19 11:17:10,715] {bash_operator.py:77} INFO - Tmp dir root location: 
 /tmp
[2019-03-19 11:17:10,716] {bash_operator.py:86} INFO - Exporting the following env vars:
AIRFLOW_CTX_DAG_ID=tutorial
AIRFLOW_CTX_TASK_ID=templated
AIRFLOW_CTX_EXECUTION_DATE=2015-09-27T00:00:00+00:00
AIRFLOW_CTX_DAG_RUN_ID=scheduled__2015-09-27T00:00:00+00:00
[2019-03-19 11:17:10,716] {bash_operator.py:100} INFO - Temporary script location: /tmp/airflowtmp3vu2qvjp/templated9mvsvvm4
[2019-03-19 11:17:10,716] {bash_operator.py:110} INFO - Running command: 
    
        echo "2015-09-27"
        echo "Parameter I passed in"
    
        echo "2015-09-27"
        echo "Parameter I passed in"
    
        echo "2015-09-27"
        echo "Parameter I passed in"
    
        echo "2015-09-27"
        echo "Parameter I passed in"
    
        echo "2015-09-27"
        echo "Parameter I passed in"
    
    
[2019-03-19 11:17:10,721] {bash_operator.py:119} INFO - Output:
[2019-03-19 11:17:10,723] {bash_operator.py:123} INFO - 2015-09-27
[2019-03-19 11:17:10,723] {bash_operator.py:123} INFO - Parameter I passed in
[2019-03-19 11:17:10,723] {bash_operator.py:123} INFO - 2015-09-27
[2019-03-19 11:17:10,723] {bash_operator.py:123} INFO - Parameter I passed in
[2019-03-19 11:17:10,723] {bash_operator.py:123} INFO - 2015-09-27
[2019-03-19 11:17:10,723] {bash_operator.py:123} INFO - Parameter I passed in
[2019-03-19 11:17:10,723] {bash_operator.py:123} INFO - 2015-09-27
[2019-03-19 11:17:10,723] {bash_operator.py:123} INFO - Parameter I passed in
[2019-03-19 11:17:10,723] {bash_operator.py:123} INFO - 2015-09-27
[2019-03-19 11:17:10,723] {bash_operator.py:123} INFO - Parameter I passed in
[2019-03-19 11:17:10,723] {bash_operator.py:127} INFO - Command exited with return code 0
[2019-03-19 11:17:14,853] {logging_mixin.py:95} INFO - [2019-03-19 11:17:14,852] {jobs.py:2527} INFO - Task exited with return code 0
