[2019-03-19 15:23:17,528] {models.py:1359} INFO - Dependencies all met for <TaskInstance: tutorial.print_date 2017-03-11T00:00:00+00:00 [queued]>
[2019-03-19 15:23:17,531] {models.py:1359} INFO - Dependencies all met for <TaskInstance: tutorial.print_date 2017-03-11T00:00:00+00:00 [queued]>
[2019-03-19 15:23:17,531] {models.py:1571} INFO - 
--------------------------------------------------------------------------------
Starting attempt 1 of 2
--------------------------------------------------------------------------------

[2019-03-19 15:23:17,596] {models.py:1593} INFO - Executing <Task(BashOperator): print_date> on 2017-03-11T00:00:00+00:00
[2019-03-19 15:23:17,596] {base_task_runner.py:118} INFO - Running: ['bash', '-c', 'airflow run tutorial print_date 2017-03-11T00:00:00+00:00 --job_id 1303 --raw -sd DAGS_FOLDER/tutorial.py --cfg_path /tmp/tmpvjlnbhin']
[2019-03-19 15:23:18,974] {base_task_runner.py:101} INFO - Job 1303: Subtask print_date [2019-03-19 15:23:18,966] {__init__.py:51} INFO - Using executor SequentialExecutor
[2019-03-19 15:23:19,552] {base_task_runner.py:101} INFO - Job 1303: Subtask print_date [2019-03-19 15:23:19,549] {models.py:273} INFO - Filling up the DagBag from /home/rsandroni/airflow/dags/tutorial.py
[2019-03-19 15:23:19,590] {base_task_runner.py:101} INFO - Job 1303: Subtask print_date [2019-03-19 15:23:19,589] {cli.py:520} INFO - Running <TaskInstance: tutorial.print_date 2017-03-11T00:00:00+00:00 [running]> on host IADAIRP1.globalrs.rack.space
[2019-03-19 15:23:19,626] {bash_operator.py:77} INFO - Tmp dir root location: 
 /tmp
[2019-03-19 15:23:19,626] {bash_operator.py:86} INFO - Exporting the following env vars:
AIRFLOW_CTX_DAG_ID=tutorial
AIRFLOW_CTX_TASK_ID=print_date
AIRFLOW_CTX_EXECUTION_DATE=2017-03-11T00:00:00+00:00
AIRFLOW_CTX_DAG_RUN_ID=scheduled__2017-03-11T00:00:00+00:00
[2019-03-19 15:23:19,626] {bash_operator.py:100} INFO - Temporary script location: /tmp/airflowtmprdqayg7u/print_date3r4wwe8x
[2019-03-19 15:23:19,626] {bash_operator.py:110} INFO - Running command: date
[2019-03-19 15:23:19,696] {bash_operator.py:119} INFO - Output:
[2019-03-19 15:23:19,719] {bash_operator.py:123} INFO - Ter Mar 19 15:23:19 -03 2019
[2019-03-19 15:23:19,730] {bash_operator.py:127} INFO - Command exited with return code 0
[2019-03-19 15:23:22,515] {logging_mixin.py:95} INFO - [2019-03-19 15:23:22,514] {jobs.py:2527} INFO - Task exited with return code 0
