[2019-03-21 17:49:26,339] {models.py:1359} INFO - Dependencies all met for <TaskInstance: tutorial.templated 2017-08-12T00:00:00+00:00 [queued]>
[2019-03-21 17:49:26,344] {models.py:1359} INFO - Dependencies all met for <TaskInstance: tutorial.templated 2017-08-12T00:00:00+00:00 [queued]>
[2019-03-21 17:49:26,345] {models.py:1571} INFO - 
--------------------------------------------------------------------------------
Starting attempt 1 of 2
--------------------------------------------------------------------------------

[2019-03-21 17:49:26,418] {models.py:1593} INFO - Executing <Task(BashOperator): templated> on 2017-08-12T00:00:00+00:00
[2019-03-21 17:49:26,419] {base_task_runner.py:118} INFO - Running: ['bash', '-c', 'airflow run tutorial templated 2017-08-12T00:00:00+00:00 --job_id 1661 --raw -sd DAGS_FOLDER/example_dags/tutorial.py --cfg_path /tmp/tmp8wpwm21i']
[2019-03-21 17:49:28,830] {base_task_runner.py:101} INFO - Job 1661: Subtask templated [2019-03-21 17:49:28,829] {__init__.py:51} INFO - Using executor SequentialExecutor
[2019-03-21 17:49:30,029] {base_task_runner.py:101} INFO - Job 1661: Subtask templated [2019-03-21 17:49:30,023] {models.py:273} INFO - Filling up the DagBag from /home/rsandroni/airflow/dags/example_dags/tutorial.py
[2019-03-21 17:49:30,183] {base_task_runner.py:101} INFO - Job 1661: Subtask templated [2019-03-21 17:49:30,179] {cli.py:520} INFO - Running <TaskInstance: tutorial.templated 2017-08-12T00:00:00+00:00 [running]> on host IADAIRP1.globalrs.rack.space
[2019-03-21 17:49:30,226] {bash_operator.py:77} INFO - Tmp dir root location: 
 /tmp
[2019-03-21 17:49:30,226] {bash_operator.py:86} INFO - Exporting the following env vars:
AIRFLOW_CTX_DAG_ID=tutorial
AIRFLOW_CTX_TASK_ID=templated
AIRFLOW_CTX_EXECUTION_DATE=2017-08-12T00:00:00+00:00
AIRFLOW_CTX_DAG_RUN_ID=scheduled__2017-08-12T00:00:00+00:00
[2019-03-21 17:49:30,227] {bash_operator.py:100} INFO - Temporary script location: /tmp/airflowtmpkhgqtc8e/templatedwrq844fl
[2019-03-21 17:49:30,227] {bash_operator.py:110} INFO - Running command: 

    echo "2017-08-12"
    echo "2017-08-19"
    echo "Parameter I passed in"

    echo "2017-08-12"
    echo "2017-08-19"
    echo "Parameter I passed in"

    echo "2017-08-12"
    echo "2017-08-19"
    echo "Parameter I passed in"

    echo "2017-08-12"
    echo "2017-08-19"
    echo "Parameter I passed in"

    echo "2017-08-12"
    echo "2017-08-19"
    echo "Parameter I passed in"

[2019-03-21 17:49:30,297] {bash_operator.py:119} INFO - Output:
[2019-03-21 17:49:30,298] {bash_operator.py:123} INFO - 2017-08-12
[2019-03-21 17:49:30,298] {bash_operator.py:123} INFO - 2017-08-19
[2019-03-21 17:49:30,298] {bash_operator.py:123} INFO - Parameter I passed in
[2019-03-21 17:49:30,298] {bash_operator.py:123} INFO - 2017-08-12
[2019-03-21 17:49:30,298] {bash_operator.py:123} INFO - 2017-08-19
[2019-03-21 17:49:30,298] {bash_operator.py:123} INFO - Parameter I passed in
[2019-03-21 17:49:30,298] {bash_operator.py:123} INFO - 2017-08-12
[2019-03-21 17:49:30,298] {bash_operator.py:123} INFO - 2017-08-19
[2019-03-21 17:49:30,298] {bash_operator.py:123} INFO - Parameter I passed in
[2019-03-21 17:49:30,298] {bash_operator.py:123} INFO - 2017-08-12
[2019-03-21 17:49:30,298] {bash_operator.py:123} INFO - 2017-08-19
[2019-03-21 17:49:30,298] {bash_operator.py:123} INFO - Parameter I passed in
[2019-03-21 17:49:30,298] {bash_operator.py:123} INFO - 2017-08-12
[2019-03-21 17:49:30,298] {bash_operator.py:123} INFO - 2017-08-19
[2019-03-21 17:49:30,298] {bash_operator.py:123} INFO - Parameter I passed in
[2019-03-21 17:49:30,298] {bash_operator.py:127} INFO - Command exited with return code 0
[2019-03-21 17:49:31,318] {logging_mixin.py:95} INFO - [2019-03-21 17:49:31,317] {jobs.py:2527} INFO - Task exited with return code 0
