[2019-03-21 19:06:03,714] {models.py:1359} INFO - Dependencies all met for <TaskInstance: tutorial.print_date 2017-11-10T00:00:00+00:00 [queued]>
[2019-03-21 19:06:03,716] {models.py:1359} INFO - Dependencies all met for <TaskInstance: tutorial.print_date 2017-11-10T00:00:00+00:00 [queued]>
[2019-03-21 19:06:03,717] {models.py:1571} INFO - 
--------------------------------------------------------------------------------
Starting attempt 1 of 2
--------------------------------------------------------------------------------

[2019-03-21 19:06:03,732] {models.py:1593} INFO - Executing <Task(BashOperator): print_date> on 2017-11-10T00:00:00+00:00
[2019-03-21 19:06:03,732] {base_task_runner.py:118} INFO - Running: ['bash', '-c', 'airflow run tutorial print_date 2017-11-10T00:00:00+00:00 --job_id 1860 --raw -sd DAGS_FOLDER/tutorial.py --cfg_path /tmp/tmpx8ux6yv5']
[2019-03-21 19:06:04,368] {base_task_runner.py:101} INFO - Job 1860: Subtask print_date [2019-03-21 19:06:04,368] {__init__.py:51} INFO - Using executor SequentialExecutor
[2019-03-21 19:06:04,597] {base_task_runner.py:101} INFO - Job 1860: Subtask print_date [2019-03-21 19:06:04,597] {models.py:273} INFO - Filling up the DagBag from /home/rsandroni/airflow/dags/tutorial.py
[2019-03-21 19:06:04,612] {base_task_runner.py:101} INFO - Job 1860: Subtask print_date [2019-03-21 19:06:04,612] {cli.py:520} INFO - Running <TaskInstance: tutorial.print_date 2017-11-10T00:00:00+00:00 [running]> on host IADAIRP1.globalrs.rack.space
[2019-03-21 19:06:04,625] {bash_operator.py:77} INFO - Tmp dir root location: 
 /tmp
[2019-03-21 19:06:04,625] {bash_operator.py:86} INFO - Exporting the following env vars:
AIRFLOW_CTX_DAG_ID=tutorial
AIRFLOW_CTX_TASK_ID=print_date
AIRFLOW_CTX_EXECUTION_DATE=2017-11-10T00:00:00+00:00
AIRFLOW_CTX_DAG_RUN_ID=scheduled__2017-11-10T00:00:00+00:00
[2019-03-21 19:06:04,625] {bash_operator.py:100} INFO - Temporary script location: /tmp/airflowtmpvixd5wdv/print_dateqqomi146
[2019-03-21 19:06:04,625] {bash_operator.py:110} INFO - Running command: date
[2019-03-21 19:06:04,631] {bash_operator.py:119} INFO - Output:
[2019-03-21 19:06:04,633] {bash_operator.py:123} INFO - Qui Mar 21 19:06:04 -03 2019
[2019-03-21 19:06:04,633] {bash_operator.py:127} INFO - Command exited with return code 0
[2019-03-21 19:06:08,720] {logging_mixin.py:95} INFO - [2019-03-21 19:06:08,719] {jobs.py:2527} INFO - Task exited with return code 0
