[2019-03-19 14:51:38,098] {models.py:1359} INFO - Dependencies all met for <TaskInstance: tutorial.print_date 2016-12-31T00:00:00+00:00 [queued]>
[2019-03-19 14:51:38,100] {models.py:1359} INFO - Dependencies all met for <TaskInstance: tutorial.print_date 2016-12-31T00:00:00+00:00 [queued]>
[2019-03-19 14:51:38,100] {models.py:1571} INFO - 
--------------------------------------------------------------------------------
Starting attempt 1 of 2
--------------------------------------------------------------------------------

[2019-03-19 14:51:38,135] {models.py:1593} INFO - Executing <Task(BashOperator): print_date> on 2016-12-31T00:00:00+00:00
[2019-03-19 14:51:38,135] {base_task_runner.py:118} INFO - Running: ['bash', '-c', 'airflow run tutorial print_date 2016-12-31T00:00:00+00:00 --job_id 1164 --raw -sd DAGS_FOLDER/tutorial.py --cfg_path /tmp/tmprb9ns7rw']
[2019-03-19 14:51:38,838] {base_task_runner.py:101} INFO - Job 1164: Subtask print_date [2019-03-19 14:51:38,837] {__init__.py:51} INFO - Using executor SequentialExecutor
[2019-03-19 14:51:39,117] {base_task_runner.py:101} INFO - Job 1164: Subtask print_date [2019-03-19 14:51:39,116] {models.py:273} INFO - Filling up the DagBag from /home/rsandroni/airflow/dags/tutorial.py
[2019-03-19 14:51:39,155] {base_task_runner.py:101} INFO - Job 1164: Subtask print_date [2019-03-19 14:51:39,150] {cli.py:520} INFO - Running <TaskInstance: tutorial.print_date 2016-12-31T00:00:00+00:00 [running]> on host IADAIRP1.globalrs.rack.space
[2019-03-19 14:51:39,176] {bash_operator.py:77} INFO - Tmp dir root location: 
 /tmp
[2019-03-19 14:51:39,176] {bash_operator.py:86} INFO - Exporting the following env vars:
AIRFLOW_CTX_DAG_ID=tutorial
AIRFLOW_CTX_TASK_ID=print_date
AIRFLOW_CTX_EXECUTION_DATE=2016-12-31T00:00:00+00:00
AIRFLOW_CTX_DAG_RUN_ID=scheduled__2016-12-31T00:00:00+00:00
[2019-03-19 14:51:39,176] {bash_operator.py:100} INFO - Temporary script location: /tmp/airflowtmpnu6t515_/print_datesx9_h5pw
[2019-03-19 14:51:39,176] {bash_operator.py:110} INFO - Running command: date
[2019-03-19 14:51:39,189] {bash_operator.py:119} INFO - Output:
[2019-03-19 14:51:39,197] {bash_operator.py:123} INFO - Ter Mar 19 14:51:39 -03 2019
[2019-03-19 14:51:39,197] {bash_operator.py:127} INFO - Command exited with return code 0
[2019-03-19 14:51:43,099] {logging_mixin.py:95} INFO - [2019-03-19 14:51:43,099] {jobs.py:2527} INFO - Task exited with return code 0
