[2019-03-19 12:44:50,019] {models.py:1359} INFO - Dependencies all met for <TaskInstance: tutorial.templated 2016-04-11T00:00:00+00:00 [queued]>
[2019-03-19 12:44:50,024] {models.py:1359} INFO - Dependencies all met for <TaskInstance: tutorial.templated 2016-04-11T00:00:00+00:00 [queued]>
[2019-03-19 12:44:50,024] {models.py:1571} INFO - 
--------------------------------------------------------------------------------
Starting attempt 1 of 2
--------------------------------------------------------------------------------

[2019-03-19 12:44:50,068] {models.py:1593} INFO - Executing <Task(BashOperator): templated> on 2016-04-11T00:00:00+00:00
[2019-03-19 12:44:50,068] {base_task_runner.py:118} INFO - Running: ['bash', '-c', 'airflow run tutorial templated 2016-04-11T00:00:00+00:00 --job_id 639 --raw -sd DAGS_FOLDER/sql_server_load.py --cfg_path /tmp/tmpjp21jbgm']
[2019-03-19 12:44:51,023] {base_task_runner.py:101} INFO - Job 639: Subtask templated [2019-03-19 12:44:51,022] {__init__.py:51} INFO - Using executor SequentialExecutor
[2019-03-19 12:44:51,532] {base_task_runner.py:101} INFO - Job 639: Subtask templated [2019-03-19 12:44:51,525] {models.py:273} INFO - Filling up the DagBag from /home/rsandroni/airflow/dags/sql_server_load.py
[2019-03-19 12:44:51,569] {base_task_runner.py:101} INFO - Job 639: Subtask templated [2019-03-19 12:44:51,565] {cli.py:520} INFO - Running <TaskInstance: tutorial.templated 2016-04-11T00:00:00+00:00 [running]> on host IADAIRP1.globalrs.rack.space
[2019-03-19 12:44:51,614] {bash_operator.py:77} INFO - Tmp dir root location: 
 /tmp
[2019-03-19 12:44:51,615] {bash_operator.py:86} INFO - Exporting the following env vars:
AIRFLOW_CTX_DAG_ID=tutorial
AIRFLOW_CTX_TASK_ID=templated
AIRFLOW_CTX_EXECUTION_DATE=2016-04-11T00:00:00+00:00
AIRFLOW_CTX_DAG_RUN_ID=scheduled__2016-04-11T00:00:00+00:00
[2019-03-19 12:44:51,615] {bash_operator.py:100} INFO - Temporary script location: /tmp/airflowtmpfyfauj5a/templatedjzu4te1a
[2019-03-19 12:44:51,615] {bash_operator.py:110} INFO - Running command: 
    
        echo "2016-04-11"
        echo "Parameter I passed in"
    
        echo "2016-04-11"
        echo "Parameter I passed in"
    
        echo "2016-04-11"
        echo "Parameter I passed in"
    
        echo "2016-04-11"
        echo "Parameter I passed in"
    
        echo "2016-04-11"
        echo "Parameter I passed in"
    
    
[2019-03-19 12:44:51,647] {bash_operator.py:119} INFO - Output:
[2019-03-19 12:44:51,648] {bash_operator.py:123} INFO - 2016-04-11
[2019-03-19 12:44:51,648] {bash_operator.py:123} INFO - Parameter I passed in
[2019-03-19 12:44:51,648] {bash_operator.py:123} INFO - 2016-04-11
[2019-03-19 12:44:51,648] {bash_operator.py:123} INFO - Parameter I passed in
[2019-03-19 12:44:51,648] {bash_operator.py:123} INFO - 2016-04-11
[2019-03-19 12:44:51,648] {bash_operator.py:123} INFO - Parameter I passed in
[2019-03-19 12:44:51,648] {bash_operator.py:123} INFO - 2016-04-11
[2019-03-19 12:44:51,648] {bash_operator.py:123} INFO - Parameter I passed in
[2019-03-19 12:44:51,648] {bash_operator.py:123} INFO - 2016-04-11
[2019-03-19 12:44:51,648] {bash_operator.py:123} INFO - Parameter I passed in
[2019-03-19 12:44:51,648] {bash_operator.py:127} INFO - Command exited with return code 0
[2019-03-19 12:44:55,027] {logging_mixin.py:95} INFO - [2019-03-19 12:44:55,026] {jobs.py:2527} INFO - Task exited with return code 0
