[2019-03-19 10:46:30,522] {models.py:1359} INFO - Dependencies all met for <TaskInstance: tutorial.print_date 2015-08-01T00:00:00+00:00 [queued]>
[2019-03-19 10:46:30,523] {models.py:1359} INFO - Dependencies all met for <TaskInstance: tutorial.print_date 2015-08-01T00:00:00+00:00 [queued]>
[2019-03-19 10:46:30,523] {models.py:1571} INFO - 
--------------------------------------------------------------------------------
Starting attempt 1 of 2
--------------------------------------------------------------------------------

[2019-03-19 10:46:30,536] {models.py:1593} INFO - Executing <Task(BashOperator): print_date> on 2015-08-01T00:00:00+00:00
[2019-03-19 10:46:30,536] {base_task_runner.py:118} INFO - Running: ['bash', '-c', 'airflow run tutorial print_date 2015-08-01T00:00:00+00:00 --job_id 128 --raw -sd DAGS_FOLDER/tutorial.py --cfg_path /tmp/tmp3l8mluo1']
[2019-03-19 10:46:31,133] {base_task_runner.py:101} INFO - Job 128: Subtask print_date [2019-03-19 10:46:31,132] {__init__.py:51} INFO - Using executor SequentialExecutor
[2019-03-19 10:46:31,350] {base_task_runner.py:101} INFO - Job 128: Subtask print_date [2019-03-19 10:46:31,350] {models.py:273} INFO - Filling up the DagBag from /home/rsandroni/airflow/dags/tutorial.py
[2019-03-19 10:46:31,365] {base_task_runner.py:101} INFO - Job 128: Subtask print_date [2019-03-19 10:46:31,365] {cli.py:520} INFO - Running <TaskInstance: tutorial.print_date 2015-08-01T00:00:00+00:00 [running]> on host IADAIRP1.globalrs.rack.space
[2019-03-19 10:46:31,377] {bash_operator.py:77} INFO - Tmp dir root location: 
 /tmp
[2019-03-19 10:46:31,378] {bash_operator.py:86} INFO - Exporting the following env vars:
AIRFLOW_CTX_DAG_ID=tutorial
AIRFLOW_CTX_TASK_ID=print_date
AIRFLOW_CTX_EXECUTION_DATE=2015-08-01T00:00:00+00:00
AIRFLOW_CTX_DAG_RUN_ID=scheduled__2015-08-01T00:00:00+00:00
[2019-03-19 10:46:31,378] {bash_operator.py:100} INFO - Temporary script location: /tmp/airflowtmps5s8fcj0/print_date1qqc702z
[2019-03-19 10:46:31,378] {bash_operator.py:110} INFO - Running command: date
[2019-03-19 10:46:31,383] {bash_operator.py:119} INFO - Output:
[2019-03-19 10:46:31,385] {bash_operator.py:123} INFO - Ter Mar 19 10:46:31 -03 2019
[2019-03-19 10:46:31,385] {bash_operator.py:127} INFO - Command exited with return code 0
[2019-03-19 10:46:35,532] {logging_mixin.py:95} INFO - [2019-03-19 10:46:35,531] {jobs.py:2527} INFO - Task exited with return code 0
