[2019-03-22 02:04:40,850] {models.py:1359} INFO - Dependencies all met for <TaskInstance: tutorial.templated 2018-09-24T00:00:00+00:00 [queued]>
[2019-03-22 02:04:40,858] {models.py:1359} INFO - Dependencies all met for <TaskInstance: tutorial.templated 2018-09-24T00:00:00+00:00 [queued]>
[2019-03-22 02:04:40,859] {models.py:1571} INFO - 
--------------------------------------------------------------------------------
Starting attempt 1 of 2
--------------------------------------------------------------------------------

[2019-03-22 02:04:40,928] {models.py:1593} INFO - Executing <Task(BashOperator): templated> on 2018-09-24T00:00:00+00:00
[2019-03-22 02:04:40,928] {base_task_runner.py:118} INFO - Running: ['bash', '-c', 'airflow run tutorial templated 2018-09-24T00:00:00+00:00 --job_id 2498 --raw -sd DAGS_FOLDER/example_dags/tutorial.py --cfg_path /tmp/tmpcdv16nkz']
[2019-03-22 02:04:41,738] {base_task_runner.py:101} INFO - Job 2498: Subtask templated [2019-03-22 02:04:41,737] {__init__.py:51} INFO - Using executor SequentialExecutor
[2019-03-22 02:04:42,076] {base_task_runner.py:101} INFO - Job 2498: Subtask templated [2019-03-22 02:04:42,074] {models.py:273} INFO - Filling up the DagBag from /home/rsandroni/airflow/dags/example_dags/tutorial.py
[2019-03-22 02:04:42,150] {base_task_runner.py:101} INFO - Job 2498: Subtask templated [2019-03-22 02:04:42,142] {cli.py:520} INFO - Running <TaskInstance: tutorial.templated 2018-09-24T00:00:00+00:00 [running]> on host IADAIRP1.globalrs.rack.space
[2019-03-22 02:04:42,181] {bash_operator.py:77} INFO - Tmp dir root location: 
 /tmp
[2019-03-22 02:04:42,182] {bash_operator.py:86} INFO - Exporting the following env vars:
AIRFLOW_CTX_DAG_ID=tutorial
AIRFLOW_CTX_TASK_ID=templated
AIRFLOW_CTX_EXECUTION_DATE=2018-09-24T00:00:00+00:00
AIRFLOW_CTX_DAG_RUN_ID=scheduled__2018-09-24T00:00:00+00:00
[2019-03-22 02:04:42,182] {bash_operator.py:100} INFO - Temporary script location: /tmp/airflowtmpdt3cxo2_/templatedix6hocss
[2019-03-22 02:04:42,182] {bash_operator.py:110} INFO - Running command: 

    echo "2018-09-24"
    echo "2018-10-01"
    echo "Parameter I passed in"

    echo "2018-09-24"
    echo "2018-10-01"
    echo "Parameter I passed in"

    echo "2018-09-24"
    echo "2018-10-01"
    echo "Parameter I passed in"

    echo "2018-09-24"
    echo "2018-10-01"
    echo "Parameter I passed in"

    echo "2018-09-24"
    echo "2018-10-01"
    echo "Parameter I passed in"

[2019-03-22 02:04:42,190] {bash_operator.py:119} INFO - Output:
[2019-03-22 02:04:42,191] {bash_operator.py:123} INFO - 2018-09-24
[2019-03-22 02:04:42,191] {bash_operator.py:123} INFO - 2018-10-01
[2019-03-22 02:04:42,191] {bash_operator.py:123} INFO - Parameter I passed in
[2019-03-22 02:04:42,191] {bash_operator.py:123} INFO - 2018-09-24
[2019-03-22 02:04:42,191] {bash_operator.py:123} INFO - 2018-10-01
[2019-03-22 02:04:42,191] {bash_operator.py:123} INFO - Parameter I passed in
[2019-03-22 02:04:42,191] {bash_operator.py:123} INFO - 2018-09-24
[2019-03-22 02:04:42,191] {bash_operator.py:123} INFO - 2018-10-01
[2019-03-22 02:04:42,191] {bash_operator.py:123} INFO - Parameter I passed in
[2019-03-22 02:04:42,191] {bash_operator.py:123} INFO - 2018-09-24
[2019-03-22 02:04:42,191] {bash_operator.py:123} INFO - 2018-10-01
[2019-03-22 02:04:42,191] {bash_operator.py:123} INFO - Parameter I passed in
[2019-03-22 02:04:42,191] {bash_operator.py:123} INFO - 2018-09-24
[2019-03-22 02:04:42,191] {bash_operator.py:123} INFO - 2018-10-01
[2019-03-22 02:04:42,191] {bash_operator.py:123} INFO - Parameter I passed in
[2019-03-22 02:04:42,191] {bash_operator.py:127} INFO - Command exited with return code 0
[2019-03-22 02:04:45,849] {logging_mixin.py:95} INFO - [2019-03-22 02:04:45,848] {jobs.py:2527} INFO - Task exited with return code 0
