[2019-03-19 13:26:44,977] {models.py:1359} INFO - Dependencies all met for <TaskInstance: tutorial.templated 2016-07-06T00:00:00+00:00 [queued]>
[2019-03-19 13:26:44,981] {models.py:1359} INFO - Dependencies all met for <TaskInstance: tutorial.templated 2016-07-06T00:00:00+00:00 [queued]>
[2019-03-19 13:26:44,981] {models.py:1571} INFO - 
--------------------------------------------------------------------------------
Starting attempt 1 of 2
--------------------------------------------------------------------------------

[2019-03-19 13:26:45,007] {models.py:1593} INFO - Executing <Task(BashOperator): templated> on 2016-07-06T00:00:00+00:00
[2019-03-19 13:26:45,007] {base_task_runner.py:118} INFO - Running: ['bash', '-c', 'airflow run tutorial templated 2016-07-06T00:00:00+00:00 --job_id 809 --raw -sd DAGS_FOLDER/example_dags/tutorial.py --cfg_path /tmp/tmpuqf9dk9r']
[2019-03-19 13:26:45,626] {base_task_runner.py:101} INFO - Job 809: Subtask templated [2019-03-19 13:26:45,625] {__init__.py:51} INFO - Using executor SequentialExecutor
[2019-03-19 13:26:45,891] {base_task_runner.py:101} INFO - Job 809: Subtask templated [2019-03-19 13:26:45,891] {models.py:273} INFO - Filling up the DagBag from /home/rsandroni/airflow/dags/example_dags/tutorial.py
[2019-03-19 13:26:45,958] {base_task_runner.py:101} INFO - Job 809: Subtask templated [2019-03-19 13:26:45,957] {cli.py:520} INFO - Running <TaskInstance: tutorial.templated 2016-07-06T00:00:00+00:00 [running]> on host IADAIRP1.globalrs.rack.space
[2019-03-19 13:26:45,991] {bash_operator.py:77} INFO - Tmp dir root location: 
 /tmp
[2019-03-19 13:26:45,991] {bash_operator.py:86} INFO - Exporting the following env vars:
AIRFLOW_CTX_DAG_ID=tutorial
AIRFLOW_CTX_TASK_ID=templated
AIRFLOW_CTX_EXECUTION_DATE=2016-07-06T00:00:00+00:00
AIRFLOW_CTX_DAG_RUN_ID=scheduled__2016-07-06T00:00:00+00:00
[2019-03-19 13:26:45,992] {bash_operator.py:100} INFO - Temporary script location: /tmp/airflowtmp23bf57l1/templatedb14sxqum
[2019-03-19 13:26:45,992] {bash_operator.py:110} INFO - Running command: 

    echo "2016-07-06"
    echo "2016-07-13"
    echo "Parameter I passed in"

    echo "2016-07-06"
    echo "2016-07-13"
    echo "Parameter I passed in"

    echo "2016-07-06"
    echo "2016-07-13"
    echo "Parameter I passed in"

    echo "2016-07-06"
    echo "2016-07-13"
    echo "Parameter I passed in"

    echo "2016-07-06"
    echo "2016-07-13"
    echo "Parameter I passed in"

[2019-03-19 13:26:45,997] {bash_operator.py:119} INFO - Output:
[2019-03-19 13:26:45,999] {bash_operator.py:123} INFO - 2016-07-06
[2019-03-19 13:26:45,999] {bash_operator.py:123} INFO - 2016-07-13
[2019-03-19 13:26:45,999] {bash_operator.py:123} INFO - Parameter I passed in
[2019-03-19 13:26:45,999] {bash_operator.py:123} INFO - 2016-07-06
[2019-03-19 13:26:45,999] {bash_operator.py:123} INFO - 2016-07-13
[2019-03-19 13:26:45,999] {bash_operator.py:123} INFO - Parameter I passed in
[2019-03-19 13:26:45,999] {bash_operator.py:123} INFO - 2016-07-06
[2019-03-19 13:26:45,999] {bash_operator.py:123} INFO - 2016-07-13
[2019-03-19 13:26:45,999] {bash_operator.py:123} INFO - Parameter I passed in
[2019-03-19 13:26:45,999] {bash_operator.py:123} INFO - 2016-07-06
[2019-03-19 13:26:45,999] {bash_operator.py:123} INFO - 2016-07-13
[2019-03-19 13:26:45,999] {bash_operator.py:123} INFO - Parameter I passed in
[2019-03-19 13:26:45,999] {bash_operator.py:123} INFO - 2016-07-06
[2019-03-19 13:26:45,999] {bash_operator.py:123} INFO - 2016-07-13
[2019-03-19 13:26:45,999] {bash_operator.py:123} INFO - Parameter I passed in
[2019-03-19 13:26:46,000] {bash_operator.py:127} INFO - Command exited with return code 0
[2019-03-19 13:26:50,018] {logging_mixin.py:95} INFO - [2019-03-19 13:26:50,017] {jobs.py:2527} INFO - Task exited with return code 0
