[2019-03-21 23:26:17,717] {models.py:1359} INFO - Dependencies all met for <TaskInstance: tutorial.templated 2018-05-28T00:00:00+00:00 [queued]>
[2019-03-21 23:26:17,721] {models.py:1359} INFO - Dependencies all met for <TaskInstance: tutorial.templated 2018-05-28T00:00:00+00:00 [queued]>
[2019-03-21 23:26:17,721] {models.py:1571} INFO - 
--------------------------------------------------------------------------------
Starting attempt 1 of 2
--------------------------------------------------------------------------------

[2019-03-21 23:26:17,736] {models.py:1593} INFO - Executing <Task(BashOperator): templated> on 2018-05-28T00:00:00+00:00
[2019-03-21 23:26:17,737] {base_task_runner.py:118} INFO - Running: ['bash', '-c', 'airflow run tutorial templated 2018-05-28T00:00:00+00:00 --job_id 2259 --raw -sd DAGS_FOLDER/example_dags/tutorial.py --cfg_path /tmp/tmpt496qfku']
[2019-03-21 23:26:18,377] {base_task_runner.py:101} INFO - Job 2259: Subtask templated [2019-03-21 23:26:18,376] {__init__.py:51} INFO - Using executor SequentialExecutor
[2019-03-21 23:26:18,609] {base_task_runner.py:101} INFO - Job 2259: Subtask templated [2019-03-21 23:26:18,606] {models.py:273} INFO - Filling up the DagBag from /home/rsandroni/airflow/dags/example_dags/tutorial.py
[2019-03-21 23:26:18,671] {base_task_runner.py:101} INFO - Job 2259: Subtask templated [2019-03-21 23:26:18,670] {cli.py:520} INFO - Running <TaskInstance: tutorial.templated 2018-05-28T00:00:00+00:00 [running]> on host IADAIRP1.globalrs.rack.space
[2019-03-21 23:26:18,686] {bash_operator.py:77} INFO - Tmp dir root location: 
 /tmp
[2019-03-21 23:26:18,687] {bash_operator.py:86} INFO - Exporting the following env vars:
AIRFLOW_CTX_DAG_ID=tutorial
AIRFLOW_CTX_TASK_ID=templated
AIRFLOW_CTX_EXECUTION_DATE=2018-05-28T00:00:00+00:00
AIRFLOW_CTX_DAG_RUN_ID=scheduled__2018-05-28T00:00:00+00:00
[2019-03-21 23:26:18,687] {bash_operator.py:100} INFO - Temporary script location: /tmp/airflowtmpeqb38sr3/templatedtok1o_xn
[2019-03-21 23:26:18,687] {bash_operator.py:110} INFO - Running command: 

    echo "2018-05-28"
    echo "2018-06-04"
    echo "Parameter I passed in"

    echo "2018-05-28"
    echo "2018-06-04"
    echo "Parameter I passed in"

    echo "2018-05-28"
    echo "2018-06-04"
    echo "Parameter I passed in"

    echo "2018-05-28"
    echo "2018-06-04"
    echo "Parameter I passed in"

    echo "2018-05-28"
    echo "2018-06-04"
    echo "Parameter I passed in"

[2019-03-21 23:26:18,693] {bash_operator.py:119} INFO - Output:
[2019-03-21 23:26:18,694] {bash_operator.py:123} INFO - 2018-05-28
[2019-03-21 23:26:18,694] {bash_operator.py:123} INFO - 2018-06-04
[2019-03-21 23:26:18,694] {bash_operator.py:123} INFO - Parameter I passed in
[2019-03-21 23:26:18,694] {bash_operator.py:123} INFO - 2018-05-28
[2019-03-21 23:26:18,694] {bash_operator.py:123} INFO - 2018-06-04
[2019-03-21 23:26:18,694] {bash_operator.py:123} INFO - Parameter I passed in
[2019-03-21 23:26:18,694] {bash_operator.py:123} INFO - 2018-05-28
[2019-03-21 23:26:18,694] {bash_operator.py:123} INFO - 2018-06-04
[2019-03-21 23:26:18,694] {bash_operator.py:123} INFO - Parameter I passed in
[2019-03-21 23:26:18,694] {bash_operator.py:123} INFO - 2018-05-28
[2019-03-21 23:26:18,694] {bash_operator.py:123} INFO - 2018-06-04
[2019-03-21 23:26:18,694] {bash_operator.py:123} INFO - Parameter I passed in
[2019-03-21 23:26:18,694] {bash_operator.py:123} INFO - 2018-05-28
[2019-03-21 23:26:18,695] {bash_operator.py:123} INFO - 2018-06-04
[2019-03-21 23:26:18,695] {bash_operator.py:123} INFO - Parameter I passed in
[2019-03-21 23:26:18,695] {bash_operator.py:127} INFO - Command exited with return code 0
[2019-03-21 23:26:22,719] {logging_mixin.py:95} INFO - [2019-03-21 23:26:22,718] {jobs.py:2527} INFO - Task exited with return code 0
