[2019-03-22 05:09:55,200] {models.py:1359} INFO - Dependencies all met for <TaskInstance: tutorial.templated 2019-02-12T00:00:00+00:00 [queued]>
[2019-03-22 05:09:55,206] {models.py:1359} INFO - Dependencies all met for <TaskInstance: tutorial.templated 2019-02-12T00:00:00+00:00 [queued]>
[2019-03-22 05:09:55,206] {models.py:1571} INFO - 
--------------------------------------------------------------------------------
Starting attempt 1 of 2
--------------------------------------------------------------------------------

[2019-03-22 05:09:55,250] {models.py:1593} INFO - Executing <Task(BashOperator): templated> on 2019-02-12T00:00:00+00:00
[2019-03-22 05:09:55,250] {base_task_runner.py:118} INFO - Running: ['bash', '-c', 'airflow run tutorial templated 2019-02-12T00:00:00+00:00 --job_id 2779 --raw -sd DAGS_FOLDER/example_dags/tutorial.py --cfg_path /tmp/tmp3zu7t44s']
[2019-03-22 05:09:56,021] {base_task_runner.py:101} INFO - Job 2779: Subtask templated [2019-03-22 05:09:56,020] {__init__.py:51} INFO - Using executor SequentialExecutor
[2019-03-22 05:09:56,331] {base_task_runner.py:101} INFO - Job 2779: Subtask templated [2019-03-22 05:09:56,330] {models.py:273} INFO - Filling up the DagBag from /home/rsandroni/airflow/dags/example_dags/tutorial.py
[2019-03-22 05:09:56,403] {base_task_runner.py:101} INFO - Job 2779: Subtask templated [2019-03-22 05:09:56,402] {cli.py:520} INFO - Running <TaskInstance: tutorial.templated 2019-02-12T00:00:00+00:00 [running]> on host IADAIRP1.globalrs.rack.space
[2019-03-22 05:09:56,430] {bash_operator.py:77} INFO - Tmp dir root location: 
 /tmp
[2019-03-22 05:09:56,431] {bash_operator.py:86} INFO - Exporting the following env vars:
AIRFLOW_CTX_DAG_ID=tutorial
AIRFLOW_CTX_TASK_ID=templated
AIRFLOW_CTX_EXECUTION_DATE=2019-02-12T00:00:00+00:00
AIRFLOW_CTX_DAG_RUN_ID=scheduled__2019-02-12T00:00:00+00:00
[2019-03-22 05:09:56,431] {bash_operator.py:100} INFO - Temporary script location: /tmp/airflowtmp56l8gwr2/templatedcn8pmb3p
[2019-03-22 05:09:56,431] {bash_operator.py:110} INFO - Running command: 

    echo "2019-02-12"
    echo "2019-02-19"
    echo "Parameter I passed in"

    echo "2019-02-12"
    echo "2019-02-19"
    echo "Parameter I passed in"

    echo "2019-02-12"
    echo "2019-02-19"
    echo "Parameter I passed in"

    echo "2019-02-12"
    echo "2019-02-19"
    echo "Parameter I passed in"

    echo "2019-02-12"
    echo "2019-02-19"
    echo "Parameter I passed in"

[2019-03-22 05:09:56,438] {bash_operator.py:119} INFO - Output:
[2019-03-22 05:09:56,439] {bash_operator.py:123} INFO - 2019-02-12
[2019-03-22 05:09:56,439] {bash_operator.py:123} INFO - 2019-02-19
[2019-03-22 05:09:56,439] {bash_operator.py:123} INFO - Parameter I passed in
[2019-03-22 05:09:56,439] {bash_operator.py:123} INFO - 2019-02-12
[2019-03-22 05:09:56,439] {bash_operator.py:123} INFO - 2019-02-19
[2019-03-22 05:09:56,439] {bash_operator.py:123} INFO - Parameter I passed in
[2019-03-22 05:09:56,439] {bash_operator.py:123} INFO - 2019-02-12
[2019-03-22 05:09:56,439] {bash_operator.py:123} INFO - 2019-02-19
[2019-03-22 05:09:56,440] {bash_operator.py:123} INFO - Parameter I passed in
[2019-03-22 05:09:56,440] {bash_operator.py:123} INFO - 2019-02-12
[2019-03-22 05:09:56,440] {bash_operator.py:123} INFO - 2019-02-19
[2019-03-22 05:09:56,440] {bash_operator.py:123} INFO - Parameter I passed in
[2019-03-22 05:09:56,440] {bash_operator.py:123} INFO - 2019-02-12
[2019-03-22 05:09:56,440] {bash_operator.py:123} INFO - 2019-02-19
[2019-03-22 05:09:56,440] {bash_operator.py:123} INFO - Parameter I passed in
[2019-03-22 05:09:56,440] {bash_operator.py:127} INFO - Command exited with return code 0
[2019-03-22 05:10:00,210] {logging_mixin.py:95} INFO - [2019-03-22 05:10:00,209] {jobs.py:2527} INFO - Task exited with return code 0
