[2019-03-19 15:37:10,423] {models.py:1359} INFO - Dependencies all met for <TaskInstance: tutorial.print_date 2017-04-11T00:00:00+00:00 [queued]>
[2019-03-19 15:37:10,425] {models.py:1359} INFO - Dependencies all met for <TaskInstance: tutorial.print_date 2017-04-11T00:00:00+00:00 [queued]>
[2019-03-19 15:37:10,426] {models.py:1571} INFO - 
--------------------------------------------------------------------------------
Starting attempt 1 of 2
--------------------------------------------------------------------------------

[2019-03-19 15:37:10,495] {models.py:1593} INFO - Executing <Task(BashOperator): print_date> on 2017-04-11T00:00:00+00:00
[2019-03-19 15:37:10,495] {base_task_runner.py:118} INFO - Running: ['bash', '-c', 'airflow run tutorial print_date 2017-04-11T00:00:00+00:00 --job_id 1364 --raw -sd DAGS_FOLDER/sql_server_load.py --cfg_path /tmp/tmppbsg8kid']
[2019-03-19 15:37:11,489] {base_task_runner.py:101} INFO - Job 1364: Subtask print_date [2019-03-19 15:37:11,489] {__init__.py:51} INFO - Using executor SequentialExecutor
[2019-03-19 15:37:11,830] {base_task_runner.py:101} INFO - Job 1364: Subtask print_date [2019-03-19 15:37:11,820] {models.py:273} INFO - Filling up the DagBag from /home/rsandroni/airflow/dags/sql_server_load.py
[2019-03-19 15:37:11,850] {base_task_runner.py:101} INFO - Job 1364: Subtask print_date [2019-03-19 15:37:11,849] {cli.py:520} INFO - Running <TaskInstance: tutorial.print_date 2017-04-11T00:00:00+00:00 [running]> on host IADAIRP1.globalrs.rack.space
[2019-03-19 15:37:11,897] {bash_operator.py:77} INFO - Tmp dir root location: 
 /tmp
[2019-03-19 15:37:11,897] {bash_operator.py:86} INFO - Exporting the following env vars:
AIRFLOW_CTX_DAG_ID=tutorial
AIRFLOW_CTX_TASK_ID=print_date
AIRFLOW_CTX_EXECUTION_DATE=2017-04-11T00:00:00+00:00
AIRFLOW_CTX_DAG_RUN_ID=scheduled__2017-04-11T00:00:00+00:00
[2019-03-19 15:37:11,897] {bash_operator.py:100} INFO - Temporary script location: /tmp/airflowtmp2ruv4hob/print_datecgk93yh0
[2019-03-19 15:37:11,897] {bash_operator.py:110} INFO - Running command: date
[2019-03-19 15:37:11,954] {bash_operator.py:119} INFO - Output:
[2019-03-19 15:37:11,983] {bash_operator.py:123} INFO - Ter Mar 19 15:37:11 -03 2019
[2019-03-19 15:37:11,994] {bash_operator.py:127} INFO - Command exited with return code 0
[2019-03-19 15:37:15,435] {logging_mixin.py:95} INFO - [2019-03-19 15:37:15,435] {jobs.py:2527} INFO - Task exited with return code 0
