[2019-03-21 20:16:17,369] {models.py:1359} INFO - Dependencies all met for <TaskInstance: tutorial.print_date 2018-01-03T00:00:00+00:00 [queued]>
[2019-03-21 20:16:17,373] {models.py:1359} INFO - Dependencies all met for <TaskInstance: tutorial.print_date 2018-01-03T00:00:00+00:00 [queued]>
[2019-03-21 20:16:17,374] {models.py:1571} INFO - 
--------------------------------------------------------------------------------
Starting attempt 1 of 2
--------------------------------------------------------------------------------

[2019-03-21 20:16:17,412] {models.py:1593} INFO - Executing <Task(BashOperator): print_date> on 2018-01-03T00:00:00+00:00
[2019-03-21 20:16:17,412] {base_task_runner.py:118} INFO - Running: ['bash', '-c', 'airflow run tutorial print_date 2018-01-03T00:00:00+00:00 --job_id 1968 --raw -sd DAGS_FOLDER/tutorial.py --cfg_path /tmp/tmptfsaxsm2']
[2019-03-21 20:16:18,067] {base_task_runner.py:101} INFO - Job 1968: Subtask print_date [2019-03-21 20:16:18,066] {__init__.py:51} INFO - Using executor SequentialExecutor
[2019-03-21 20:16:18,436] {base_task_runner.py:101} INFO - Job 1968: Subtask print_date [2019-03-21 20:16:18,435] {models.py:273} INFO - Filling up the DagBag from /home/rsandroni/airflow/dags/tutorial.py
[2019-03-21 20:16:18,452] {base_task_runner.py:101} INFO - Job 1968: Subtask print_date [2019-03-21 20:16:18,452] {cli.py:520} INFO - Running <TaskInstance: tutorial.print_date 2018-01-03T00:00:00+00:00 [running]> on host IADAIRP1.globalrs.rack.space
[2019-03-21 20:16:18,467] {bash_operator.py:77} INFO - Tmp dir root location: 
 /tmp
[2019-03-21 20:16:18,467] {bash_operator.py:86} INFO - Exporting the following env vars:
AIRFLOW_CTX_DAG_ID=tutorial
AIRFLOW_CTX_TASK_ID=print_date
AIRFLOW_CTX_EXECUTION_DATE=2018-01-03T00:00:00+00:00
AIRFLOW_CTX_DAG_RUN_ID=scheduled__2018-01-03T00:00:00+00:00
[2019-03-21 20:16:18,467] {bash_operator.py:100} INFO - Temporary script location: /tmp/airflowtmpoo64kyqj/print_dates_os731m
[2019-03-21 20:16:18,468] {bash_operator.py:110} INFO - Running command: date
[2019-03-21 20:16:18,473] {bash_operator.py:119} INFO - Output:
[2019-03-21 20:16:18,475] {bash_operator.py:123} INFO - Qui Mar 21 20:16:18 -03 2019
[2019-03-21 20:16:18,475] {bash_operator.py:127} INFO - Command exited with return code 0
[2019-03-21 20:16:22,387] {logging_mixin.py:95} INFO - [2019-03-21 20:16:22,387] {jobs.py:2527} INFO - Task exited with return code 0
