[2019-03-19 15:34:03,150] {models.py:1359} INFO - Dependencies all met for <TaskInstance: tutorial.print_date 2017-04-03T00:00:00+00:00 [queued]>
[2019-03-19 15:34:03,153] {models.py:1359} INFO - Dependencies all met for <TaskInstance: tutorial.print_date 2017-04-03T00:00:00+00:00 [queued]>
[2019-03-19 15:34:03,153] {models.py:1571} INFO - 
--------------------------------------------------------------------------------
Starting attempt 1 of 2
--------------------------------------------------------------------------------

[2019-03-19 15:34:03,168] {models.py:1593} INFO - Executing <Task(BashOperator): print_date> on 2017-04-03T00:00:00+00:00
[2019-03-19 15:34:03,168] {base_task_runner.py:118} INFO - Running: ['bash', '-c', 'airflow run tutorial print_date 2017-04-03T00:00:00+00:00 --job_id 1350 --raw -sd DAGS_FOLDER/tutorial.py --cfg_path /tmp/tmpelmdymks']
[2019-03-19 15:34:04,121] {base_task_runner.py:101} INFO - Job 1350: Subtask print_date [2019-03-19 15:34:04,120] {__init__.py:51} INFO - Using executor SequentialExecutor
[2019-03-19 15:34:04,636] {base_task_runner.py:101} INFO - Job 1350: Subtask print_date [2019-03-19 15:34:04,635] {models.py:273} INFO - Filling up the DagBag from /home/rsandroni/airflow/dags/tutorial.py
[2019-03-19 15:34:04,675] {base_task_runner.py:101} INFO - Job 1350: Subtask print_date [2019-03-19 15:34:04,674] {cli.py:520} INFO - Running <TaskInstance: tutorial.print_date 2017-04-03T00:00:00+00:00 [running]> on host IADAIRP1.globalrs.rack.space
[2019-03-19 15:34:04,712] {bash_operator.py:77} INFO - Tmp dir root location: 
 /tmp
[2019-03-19 15:34:04,712] {bash_operator.py:86} INFO - Exporting the following env vars:
AIRFLOW_CTX_DAG_ID=tutorial
AIRFLOW_CTX_TASK_ID=print_date
AIRFLOW_CTX_EXECUTION_DATE=2017-04-03T00:00:00+00:00
AIRFLOW_CTX_DAG_RUN_ID=scheduled__2017-04-03T00:00:00+00:00
[2019-03-19 15:34:04,713] {bash_operator.py:100} INFO - Temporary script location: /tmp/airflowtmpxwbpubdw/print_datelsnbg66l
[2019-03-19 15:34:04,713] {bash_operator.py:110} INFO - Running command: date
[2019-03-19 15:34:04,728] {bash_operator.py:119} INFO - Output:
[2019-03-19 15:34:04,736] {bash_operator.py:123} INFO - Ter Mar 19 15:34:04 -03 2019
[2019-03-19 15:34:04,737] {bash_operator.py:127} INFO - Command exited with return code 0
[2019-03-19 15:34:08,177] {logging_mixin.py:95} INFO - [2019-03-19 15:34:08,177] {jobs.py:2527} INFO - Task exited with return code 0
