[2019-03-19 12:38:10,419] {models.py:1359} INFO - Dependencies all met for <TaskInstance: tutorial.print_date 2016-03-30T00:00:00+00:00 [queued]>
[2019-03-19 12:38:10,421] {models.py:1359} INFO - Dependencies all met for <TaskInstance: tutorial.print_date 2016-03-30T00:00:00+00:00 [queued]>
[2019-03-19 12:38:10,421] {models.py:1571} INFO - 
--------------------------------------------------------------------------------
Starting attempt 1 of 2
--------------------------------------------------------------------------------

[2019-03-19 12:38:10,481] {models.py:1593} INFO - Executing <Task(BashOperator): print_date> on 2016-03-30T00:00:00+00:00
[2019-03-19 12:38:10,481] {base_task_runner.py:118} INFO - Running: ['bash', '-c', 'airflow run tutorial print_date 2016-03-30T00:00:00+00:00 --job_id 612 --raw -sd DAGS_FOLDER/tutorial.py --cfg_path /tmp/tmpznm3rcx5']
[2019-03-19 12:38:13,798] {base_task_runner.py:101} INFO - Job 612: Subtask print_date [2019-03-19 12:38:13,790] {__init__.py:51} INFO - Using executor SequentialExecutor
[2019-03-19 12:38:14,747] {base_task_runner.py:101} INFO - Job 612: Subtask print_date [2019-03-19 12:38:14,740] {models.py:273} INFO - Filling up the DagBag from /home/rsandroni/airflow/dags/tutorial.py
[2019-03-19 12:38:14,771] {base_task_runner.py:101} INFO - Job 612: Subtask print_date [2019-03-19 12:38:14,768] {cli.py:520} INFO - Running <TaskInstance: tutorial.print_date 2016-03-30T00:00:00+00:00 [running]> on host IADAIRP1.globalrs.rack.space
[2019-03-19 12:38:14,809] {bash_operator.py:77} INFO - Tmp dir root location: 
 /tmp
[2019-03-19 12:38:14,810] {bash_operator.py:86} INFO - Exporting the following env vars:
AIRFLOW_CTX_DAG_ID=tutorial
AIRFLOW_CTX_TASK_ID=print_date
AIRFLOW_CTX_EXECUTION_DATE=2016-03-30T00:00:00+00:00
AIRFLOW_CTX_DAG_RUN_ID=scheduled__2016-03-30T00:00:00+00:00
[2019-03-19 12:38:14,810] {bash_operator.py:100} INFO - Temporary script location: /tmp/airflowtmp7_ukm7pv/print_datef4wg2lcq
[2019-03-19 12:38:14,810] {bash_operator.py:110} INFO - Running command: date
[2019-03-19 12:38:14,915] {bash_operator.py:119} INFO - Output:
[2019-03-19 12:38:14,956] {bash_operator.py:123} INFO - Ter Mar 19 12:38:14 -03 2019
[2019-03-19 12:38:14,957] {bash_operator.py:127} INFO - Command exited with return code 0
[2019-03-19 12:38:15,394] {logging_mixin.py:95} INFO - [2019-03-19 12:38:15,393] {jobs.py:2595} WARNING - State of this instance has been externally set to success. Taking the poison pill.
[2019-03-19 12:38:15,409] {helpers.py:250} INFO - Sending Signals.SIGTERM to GPID 99701
[2019-03-19 12:38:15,508] {helpers.py:232} INFO - Process psutil.Process(pid=99701, status='terminated') (99701) terminated with exit code -15
[2019-03-19 12:38:15,509] {logging_mixin.py:95} INFO - [2019-03-19 12:38:15,509] {jobs.py:2527} INFO - Task exited with return code 0
