[2019-03-21 20:05:15,108] {models.py:1359} INFO - Dependencies all met for <TaskInstance: tutorial.templated 2017-12-24T00:00:00+00:00 [queued]>
[2019-03-21 20:05:15,117] {models.py:1359} INFO - Dependencies all met for <TaskInstance: tutorial.templated 2017-12-24T00:00:00+00:00 [queued]>
[2019-03-21 20:05:15,117] {models.py:1571} INFO - 
--------------------------------------------------------------------------------
Starting attempt 1 of 2
--------------------------------------------------------------------------------

[2019-03-21 20:05:15,162] {models.py:1593} INFO - Executing <Task(BashOperator): templated> on 2017-12-24T00:00:00+00:00
[2019-03-21 20:05:15,162] {base_task_runner.py:118} INFO - Running: ['bash', '-c', 'airflow run tutorial templated 2017-12-24T00:00:00+00:00 --job_id 1950 --raw -sd DAGS_FOLDER/example_dags/tutorial.py --cfg_path /tmp/tmp983dirbq']
[2019-03-21 20:05:16,004] {base_task_runner.py:101} INFO - Job 1950: Subtask templated [2019-03-21 20:05:15,995] {__init__.py:51} INFO - Using executor SequentialExecutor
[2019-03-21 20:05:16,371] {base_task_runner.py:101} INFO - Job 1950: Subtask templated [2019-03-21 20:05:16,370] {models.py:273} INFO - Filling up the DagBag from /home/rsandroni/airflow/dags/example_dags/tutorial.py
[2019-03-21 20:05:16,520] {base_task_runner.py:101} INFO - Job 1950: Subtask templated [2019-03-21 20:05:16,516] {cli.py:520} INFO - Running <TaskInstance: tutorial.templated 2017-12-24T00:00:00+00:00 [running]> on host IADAIRP1.globalrs.rack.space
[2019-03-21 20:05:16,557] {bash_operator.py:77} INFO - Tmp dir root location: 
 /tmp
[2019-03-21 20:05:16,571] {bash_operator.py:86} INFO - Exporting the following env vars:
AIRFLOW_CTX_DAG_ID=tutorial
AIRFLOW_CTX_TASK_ID=templated
AIRFLOW_CTX_EXECUTION_DATE=2017-12-24T00:00:00+00:00
AIRFLOW_CTX_DAG_RUN_ID=scheduled__2017-12-24T00:00:00+00:00
[2019-03-21 20:05:16,572] {bash_operator.py:100} INFO - Temporary script location: /tmp/airflowtmpki5ysy3a/templatedchtjheml
[2019-03-21 20:05:16,572] {bash_operator.py:110} INFO - Running command: 

    echo "2017-12-24"
    echo "2017-12-31"
    echo "Parameter I passed in"

    echo "2017-12-24"
    echo "2017-12-31"
    echo "Parameter I passed in"

    echo "2017-12-24"
    echo "2017-12-31"
    echo "Parameter I passed in"

    echo "2017-12-24"
    echo "2017-12-31"
    echo "Parameter I passed in"

    echo "2017-12-24"
    echo "2017-12-31"
    echo "Parameter I passed in"

[2019-03-21 20:05:16,587] {bash_operator.py:119} INFO - Output:
[2019-03-21 20:05:16,587] {bash_operator.py:123} INFO - 2017-12-24
[2019-03-21 20:05:16,587] {bash_operator.py:123} INFO - 2017-12-31
[2019-03-21 20:05:16,587] {bash_operator.py:123} INFO - Parameter I passed in
[2019-03-21 20:05:16,587] {bash_operator.py:123} INFO - 2017-12-24
[2019-03-21 20:05:16,587] {bash_operator.py:123} INFO - 2017-12-31
[2019-03-21 20:05:16,587] {bash_operator.py:123} INFO - Parameter I passed in
[2019-03-21 20:05:16,588] {bash_operator.py:123} INFO - 2017-12-24
[2019-03-21 20:05:16,588] {bash_operator.py:123} INFO - 2017-12-31
[2019-03-21 20:05:16,588] {bash_operator.py:123} INFO - Parameter I passed in
[2019-03-21 20:05:16,588] {bash_operator.py:123} INFO - 2017-12-24
[2019-03-21 20:05:16,588] {bash_operator.py:123} INFO - 2017-12-31
[2019-03-21 20:05:16,588] {bash_operator.py:123} INFO - Parameter I passed in
[2019-03-21 20:05:16,588] {bash_operator.py:123} INFO - 2017-12-24
[2019-03-21 20:05:16,588] {bash_operator.py:123} INFO - 2017-12-31
[2019-03-21 20:05:16,588] {bash_operator.py:123} INFO - Parameter I passed in
[2019-03-21 20:05:16,588] {bash_operator.py:127} INFO - Command exited with return code 0
[2019-03-21 20:05:20,163] {logging_mixin.py:95} INFO - [2019-03-21 20:05:20,162] {jobs.py:2527} INFO - Task exited with return code 0
