[2019-03-21 22:16:46,213] {models.py:1359} INFO - Dependencies all met for <TaskInstance: tutorial.print_date 2018-04-06T00:00:00+00:00 [queued]>
[2019-03-21 22:16:46,216] {models.py:1359} INFO - Dependencies all met for <TaskInstance: tutorial.print_date 2018-04-06T00:00:00+00:00 [queued]>
[2019-03-21 22:16:46,216] {models.py:1571} INFO - 
--------------------------------------------------------------------------------
Starting attempt 1 of 2
--------------------------------------------------------------------------------

[2019-03-21 22:16:46,229] {models.py:1593} INFO - Executing <Task(BashOperator): print_date> on 2018-04-06T00:00:00+00:00
[2019-03-21 22:16:46,229] {base_task_runner.py:118} INFO - Running: ['bash', '-c', 'airflow run tutorial print_date 2018-04-06T00:00:00+00:00 --job_id 2153 --raw -sd DAGS_FOLDER/tutorial.py --cfg_path /tmp/tmp_zxr7q7u']
[2019-03-21 22:16:46,867] {base_task_runner.py:101} INFO - Job 2153: Subtask print_date [2019-03-21 22:16:46,865] {__init__.py:51} INFO - Using executor SequentialExecutor
[2019-03-21 22:16:47,095] {base_task_runner.py:101} INFO - Job 2153: Subtask print_date [2019-03-21 22:16:47,094] {models.py:273} INFO - Filling up the DagBag from /home/rsandroni/airflow/dags/tutorial.py
[2019-03-21 22:16:47,110] {base_task_runner.py:101} INFO - Job 2153: Subtask print_date [2019-03-21 22:16:47,109] {cli.py:520} INFO - Running <TaskInstance: tutorial.print_date 2018-04-06T00:00:00+00:00 [running]> on host IADAIRP1.globalrs.rack.space
[2019-03-21 22:16:47,122] {bash_operator.py:77} INFO - Tmp dir root location: 
 /tmp
[2019-03-21 22:16:47,122] {bash_operator.py:86} INFO - Exporting the following env vars:
AIRFLOW_CTX_DAG_ID=tutorial
AIRFLOW_CTX_TASK_ID=print_date
AIRFLOW_CTX_EXECUTION_DATE=2018-04-06T00:00:00+00:00
AIRFLOW_CTX_DAG_RUN_ID=scheduled__2018-04-06T00:00:00+00:00
[2019-03-21 22:16:47,122] {bash_operator.py:100} INFO - Temporary script location: /tmp/airflowtmp3phs97jg/print_datembz7fep5
[2019-03-21 22:16:47,122] {bash_operator.py:110} INFO - Running command: date
[2019-03-21 22:16:47,128] {bash_operator.py:119} INFO - Output:
[2019-03-21 22:16:47,130] {bash_operator.py:123} INFO - Qui Mar 21 22:16:47 -03 2019
[2019-03-21 22:16:47,130] {bash_operator.py:127} INFO - Command exited with return code 0
[2019-03-21 22:16:51,219] {logging_mixin.py:95} INFO - [2019-03-21 22:16:51,218] {jobs.py:2527} INFO - Task exited with return code 0
