[2019-03-19 14:11:45,088] {models.py:1359} INFO - Dependencies all met for <TaskInstance: tutorial.templated 2016-10-08T00:00:00+00:00 [queued]>
[2019-03-19 14:11:45,095] {models.py:1359} INFO - Dependencies all met for <TaskInstance: tutorial.templated 2016-10-08T00:00:00+00:00 [queued]>
[2019-03-19 14:11:45,096] {models.py:1571} INFO - 
--------------------------------------------------------------------------------
Starting attempt 1 of 2
--------------------------------------------------------------------------------

[2019-03-19 14:11:45,111] {models.py:1593} INFO - Executing <Task(BashOperator): templated> on 2016-10-08T00:00:00+00:00
[2019-03-19 14:11:45,111] {base_task_runner.py:118} INFO - Running: ['bash', '-c', 'airflow run tutorial templated 2016-10-08T00:00:00+00:00 --job_id 999 --raw -sd DAGS_FOLDER/sql_server_load.py --cfg_path /tmp/tmpb5biun15']
[2019-03-19 14:11:45,758] {base_task_runner.py:101} INFO - Job 999: Subtask templated [2019-03-19 14:11:45,757] {__init__.py:51} INFO - Using executor SequentialExecutor
[2019-03-19 14:11:46,116] {base_task_runner.py:101} INFO - Job 999: Subtask templated [2019-03-19 14:11:46,114] {models.py:273} INFO - Filling up the DagBag from /home/rsandroni/airflow/dags/sql_server_load.py
[2019-03-19 14:11:46,163] {base_task_runner.py:101} INFO - Job 999: Subtask templated [2019-03-19 14:11:46,163] {cli.py:520} INFO - Running <TaskInstance: tutorial.templated 2016-10-08T00:00:00+00:00 [running]> on host IADAIRP1.globalrs.rack.space
[2019-03-19 14:11:46,209] {bash_operator.py:77} INFO - Tmp dir root location: 
 /tmp
[2019-03-19 14:11:46,209] {bash_operator.py:86} INFO - Exporting the following env vars:
AIRFLOW_CTX_DAG_ID=tutorial
AIRFLOW_CTX_TASK_ID=templated
AIRFLOW_CTX_EXECUTION_DATE=2016-10-08T00:00:00+00:00
AIRFLOW_CTX_DAG_RUN_ID=scheduled__2016-10-08T00:00:00+00:00
[2019-03-19 14:11:46,210] {bash_operator.py:100} INFO - Temporary script location: /tmp/airflowtmplk18aj5i/templated9wvjtby7
[2019-03-19 14:11:46,210] {bash_operator.py:110} INFO - Running command: 
    
        echo "2016-10-08"
        echo "Parameter I passed in"
    
        echo "2016-10-08"
        echo "Parameter I passed in"
    
        echo "2016-10-08"
        echo "Parameter I passed in"
    
        echo "2016-10-08"
        echo "Parameter I passed in"
    
        echo "2016-10-08"
        echo "Parameter I passed in"
    
    
[2019-03-19 14:11:46,246] {bash_operator.py:119} INFO - Output:
[2019-03-19 14:11:46,246] {bash_operator.py:123} INFO - 2016-10-08
[2019-03-19 14:11:46,246] {bash_operator.py:123} INFO - Parameter I passed in
[2019-03-19 14:11:46,246] {bash_operator.py:123} INFO - 2016-10-08
[2019-03-19 14:11:46,247] {bash_operator.py:123} INFO - Parameter I passed in
[2019-03-19 14:11:46,247] {bash_operator.py:123} INFO - 2016-10-08
[2019-03-19 14:11:46,247] {bash_operator.py:123} INFO - Parameter I passed in
[2019-03-19 14:11:46,247] {bash_operator.py:123} INFO - 2016-10-08
[2019-03-19 14:11:46,247] {bash_operator.py:123} INFO - Parameter I passed in
[2019-03-19 14:11:46,247] {bash_operator.py:123} INFO - 2016-10-08
[2019-03-19 14:11:46,247] {bash_operator.py:123} INFO - Parameter I passed in
[2019-03-19 14:11:46,247] {bash_operator.py:127} INFO - Command exited with return code 0
[2019-03-19 14:11:50,176] {logging_mixin.py:95} INFO - [2019-03-19 14:11:50,175] {jobs.py:2527} INFO - Task exited with return code 0
