[2019-03-21 21:55:18,544] {models.py:1359} INFO - Dependencies all met for <TaskInstance: tutorial.templated 2018-03-18T00:00:00+00:00 [queued]>
[2019-03-21 21:55:18,549] {models.py:1359} INFO - Dependencies all met for <TaskInstance: tutorial.templated 2018-03-18T00:00:00+00:00 [queued]>
[2019-03-21 21:55:18,549] {models.py:1571} INFO - 
--------------------------------------------------------------------------------
Starting attempt 1 of 2
--------------------------------------------------------------------------------

[2019-03-21 21:55:18,564] {models.py:1593} INFO - Executing <Task(BashOperator): templated> on 2018-03-18T00:00:00+00:00
[2019-03-21 21:55:18,564] {base_task_runner.py:118} INFO - Running: ['bash', '-c', 'airflow run tutorial templated 2018-03-18T00:00:00+00:00 --job_id 2118 --raw -sd DAGS_FOLDER/example_dags/tutorial.py --cfg_path /tmp/tmpohg4bf7e']
[2019-03-21 21:55:19,203] {base_task_runner.py:101} INFO - Job 2118: Subtask templated [2019-03-21 21:55:19,203] {__init__.py:51} INFO - Using executor SequentialExecutor
[2019-03-21 21:55:19,431] {base_task_runner.py:101} INFO - Job 2118: Subtask templated [2019-03-21 21:55:19,430] {models.py:273} INFO - Filling up the DagBag from /home/rsandroni/airflow/dags/example_dags/tutorial.py
[2019-03-21 21:55:19,494] {base_task_runner.py:101} INFO - Job 2118: Subtask templated [2019-03-21 21:55:19,493] {cli.py:520} INFO - Running <TaskInstance: tutorial.templated 2018-03-18T00:00:00+00:00 [running]> on host IADAIRP1.globalrs.rack.space
[2019-03-21 21:55:19,510] {bash_operator.py:77} INFO - Tmp dir root location: 
 /tmp
[2019-03-21 21:55:19,511] {bash_operator.py:86} INFO - Exporting the following env vars:
AIRFLOW_CTX_DAG_ID=tutorial
AIRFLOW_CTX_TASK_ID=templated
AIRFLOW_CTX_EXECUTION_DATE=2018-03-18T00:00:00+00:00
AIRFLOW_CTX_DAG_RUN_ID=scheduled__2018-03-18T00:00:00+00:00
[2019-03-21 21:55:19,511] {bash_operator.py:100} INFO - Temporary script location: /tmp/airflowtmprgr4rbmw/templated7d0qhfet
[2019-03-21 21:55:19,511] {bash_operator.py:110} INFO - Running command: 

    echo "2018-03-18"
    echo "2018-03-25"
    echo "Parameter I passed in"

    echo "2018-03-18"
    echo "2018-03-25"
    echo "Parameter I passed in"

    echo "2018-03-18"
    echo "2018-03-25"
    echo "Parameter I passed in"

    echo "2018-03-18"
    echo "2018-03-25"
    echo "Parameter I passed in"

    echo "2018-03-18"
    echo "2018-03-25"
    echo "Parameter I passed in"

[2019-03-21 21:55:19,517] {bash_operator.py:119} INFO - Output:
[2019-03-21 21:55:19,518] {bash_operator.py:123} INFO - 2018-03-18
[2019-03-21 21:55:19,518] {bash_operator.py:123} INFO - 2018-03-25
[2019-03-21 21:55:19,518] {bash_operator.py:123} INFO - Parameter I passed in
[2019-03-21 21:55:19,518] {bash_operator.py:123} INFO - 2018-03-18
[2019-03-21 21:55:19,518] {bash_operator.py:123} INFO - 2018-03-25
[2019-03-21 21:55:19,518] {bash_operator.py:123} INFO - Parameter I passed in
[2019-03-21 21:55:19,518] {bash_operator.py:123} INFO - 2018-03-18
[2019-03-21 21:55:19,518] {bash_operator.py:123} INFO - 2018-03-25
[2019-03-21 21:55:19,518] {bash_operator.py:123} INFO - Parameter I passed in
[2019-03-21 21:55:19,518] {bash_operator.py:123} INFO - 2018-03-18
[2019-03-21 21:55:19,518] {bash_operator.py:123} INFO - 2018-03-25
[2019-03-21 21:55:19,518] {bash_operator.py:123} INFO - Parameter I passed in
[2019-03-21 21:55:19,518] {bash_operator.py:123} INFO - 2018-03-18
[2019-03-21 21:55:19,518] {bash_operator.py:123} INFO - 2018-03-25
[2019-03-21 21:55:19,518] {bash_operator.py:123} INFO - Parameter I passed in
[2019-03-21 21:55:19,519] {bash_operator.py:127} INFO - Command exited with return code 0
[2019-03-21 21:55:23,548] {logging_mixin.py:95} INFO - [2019-03-21 21:55:23,548] {jobs.py:2527} INFO - Task exited with return code 0
