[2019-03-21 17:57:21,545] {models.py:1359} INFO - Dependencies all met for <TaskInstance: tutorial.print_date 2017-08-27T00:00:00+00:00 [queued]>
[2019-03-21 17:57:21,548] {models.py:1359} INFO - Dependencies all met for <TaskInstance: tutorial.print_date 2017-08-27T00:00:00+00:00 [queued]>
[2019-03-21 17:57:21,548] {models.py:1571} INFO - 
--------------------------------------------------------------------------------
Starting attempt 1 of 2
--------------------------------------------------------------------------------

[2019-03-21 17:57:21,565] {models.py:1593} INFO - Executing <Task(BashOperator): print_date> on 2017-08-27T00:00:00+00:00
[2019-03-21 17:57:21,565] {base_task_runner.py:118} INFO - Running: ['bash', '-c', 'airflow run tutorial print_date 2017-08-27T00:00:00+00:00 --job_id 1694 --raw -sd DAGS_FOLDER/tutorial.py --cfg_path /tmp/tmptb6kp6j5']
[2019-03-21 17:57:22,199] {base_task_runner.py:101} INFO - Job 1694: Subtask print_date [2019-03-21 17:57:22,198] {__init__.py:51} INFO - Using executor SequentialExecutor
[2019-03-21 17:57:22,431] {base_task_runner.py:101} INFO - Job 1694: Subtask print_date [2019-03-21 17:57:22,430] {models.py:273} INFO - Filling up the DagBag from /home/rsandroni/airflow/dags/tutorial.py
[2019-03-21 17:57:22,449] {base_task_runner.py:101} INFO - Job 1694: Subtask print_date [2019-03-21 17:57:22,446] {cli.py:520} INFO - Running <TaskInstance: tutorial.print_date 2017-08-27T00:00:00+00:00 [running]> on host IADAIRP1.globalrs.rack.space
[2019-03-21 17:57:22,459] {bash_operator.py:77} INFO - Tmp dir root location: 
 /tmp
[2019-03-21 17:57:22,459] {bash_operator.py:86} INFO - Exporting the following env vars:
AIRFLOW_CTX_DAG_ID=tutorial
AIRFLOW_CTX_TASK_ID=print_date
AIRFLOW_CTX_EXECUTION_DATE=2017-08-27T00:00:00+00:00
AIRFLOW_CTX_DAG_RUN_ID=scheduled__2017-08-27T00:00:00+00:00
[2019-03-21 17:57:22,460] {bash_operator.py:100} INFO - Temporary script location: /tmp/airflowtmp46kht3fw/print_datefscpdu7v
[2019-03-21 17:57:22,460] {bash_operator.py:110} INFO - Running command: date
[2019-03-21 17:57:22,465] {bash_operator.py:119} INFO - Output:
[2019-03-21 17:57:22,467] {bash_operator.py:123} INFO - Qui Mar 21 17:57:22 -03 2019
[2019-03-21 17:57:22,467] {bash_operator.py:127} INFO - Command exited with return code 0
[2019-03-21 17:57:26,554] {logging_mixin.py:95} INFO - [2019-03-21 17:57:26,553] {jobs.py:2527} INFO - Task exited with return code 0
