[2019-03-21 22:44:38,493] {models.py:1359} INFO - Dependencies all met for <TaskInstance: tutorial.templated 2018-04-25T00:00:00+00:00 [queued]>
[2019-03-21 22:44:38,497] {models.py:1359} INFO - Dependencies all met for <TaskInstance: tutorial.templated 2018-04-25T00:00:00+00:00 [queued]>
[2019-03-21 22:44:38,497] {models.py:1571} INFO - 
--------------------------------------------------------------------------------
Starting attempt 1 of 2
--------------------------------------------------------------------------------

[2019-03-21 22:44:38,515] {models.py:1593} INFO - Executing <Task(BashOperator): templated> on 2018-04-25T00:00:00+00:00
[2019-03-21 22:44:38,515] {base_task_runner.py:118} INFO - Running: ['bash', '-c', 'airflow run tutorial templated 2018-04-25T00:00:00+00:00 --job_id 2194 --raw -sd DAGS_FOLDER/example_dags/tutorial.py --cfg_path /tmp/tmpe7blixn6']
[2019-03-21 22:44:39,154] {base_task_runner.py:101} INFO - Job 2194: Subtask templated [2019-03-21 22:44:39,154] {__init__.py:51} INFO - Using executor SequentialExecutor
[2019-03-21 22:44:39,384] {base_task_runner.py:101} INFO - Job 2194: Subtask templated [2019-03-21 22:44:39,383] {models.py:273} INFO - Filling up the DagBag from /home/rsandroni/airflow/dags/example_dags/tutorial.py
[2019-03-21 22:44:39,449] {base_task_runner.py:101} INFO - Job 2194: Subtask templated [2019-03-21 22:44:39,448] {cli.py:520} INFO - Running <TaskInstance: tutorial.templated 2018-04-25T00:00:00+00:00 [running]> on host IADAIRP1.globalrs.rack.space
[2019-03-21 22:44:39,464] {bash_operator.py:77} INFO - Tmp dir root location: 
 /tmp
[2019-03-21 22:44:39,465] {bash_operator.py:86} INFO - Exporting the following env vars:
AIRFLOW_CTX_DAG_ID=tutorial
AIRFLOW_CTX_TASK_ID=templated
AIRFLOW_CTX_EXECUTION_DATE=2018-04-25T00:00:00+00:00
AIRFLOW_CTX_DAG_RUN_ID=scheduled__2018-04-25T00:00:00+00:00
[2019-03-21 22:44:39,465] {bash_operator.py:100} INFO - Temporary script location: /tmp/airflowtmpeg0ia_sw/templated0jclo6ji
[2019-03-21 22:44:39,465] {bash_operator.py:110} INFO - Running command: 

    echo "2018-04-25"
    echo "2018-05-02"
    echo "Parameter I passed in"

    echo "2018-04-25"
    echo "2018-05-02"
    echo "Parameter I passed in"

    echo "2018-04-25"
    echo "2018-05-02"
    echo "Parameter I passed in"

    echo "2018-04-25"
    echo "2018-05-02"
    echo "Parameter I passed in"

    echo "2018-04-25"
    echo "2018-05-02"
    echo "Parameter I passed in"

[2019-03-21 22:44:39,471] {bash_operator.py:119} INFO - Output:
[2019-03-21 22:44:39,472] {bash_operator.py:123} INFO - 2018-04-25
[2019-03-21 22:44:39,472] {bash_operator.py:123} INFO - 2018-05-02
[2019-03-21 22:44:39,472] {bash_operator.py:123} INFO - Parameter I passed in
[2019-03-21 22:44:39,472] {bash_operator.py:123} INFO - 2018-04-25
[2019-03-21 22:44:39,472] {bash_operator.py:123} INFO - 2018-05-02
[2019-03-21 22:44:39,472] {bash_operator.py:123} INFO - Parameter I passed in
[2019-03-21 22:44:39,472] {bash_operator.py:123} INFO - 2018-04-25
[2019-03-21 22:44:39,473] {bash_operator.py:123} INFO - 2018-05-02
[2019-03-21 22:44:39,473] {bash_operator.py:123} INFO - Parameter I passed in
[2019-03-21 22:44:39,473] {bash_operator.py:123} INFO - 2018-04-25
[2019-03-21 22:44:39,473] {bash_operator.py:123} INFO - 2018-05-02
[2019-03-21 22:44:39,473] {bash_operator.py:123} INFO - Parameter I passed in
[2019-03-21 22:44:39,473] {bash_operator.py:123} INFO - 2018-04-25
[2019-03-21 22:44:39,473] {bash_operator.py:123} INFO - 2018-05-02
[2019-03-21 22:44:39,473] {bash_operator.py:123} INFO - Parameter I passed in
[2019-03-21 22:44:39,473] {bash_operator.py:127} INFO - Command exited with return code 0
[2019-03-21 22:44:43,495] {logging_mixin.py:95} INFO - [2019-03-21 22:44:43,494] {jobs.py:2527} INFO - Task exited with return code 0
