[2019-03-19 15:28:59,293] {models.py:1359} INFO - Dependencies all met for <TaskInstance: tutorial.print_date 2017-03-24T00:00:00+00:00 [queued]>
[2019-03-19 15:28:59,295] {models.py:1359} INFO - Dependencies all met for <TaskInstance: tutorial.print_date 2017-03-24T00:00:00+00:00 [queued]>
[2019-03-19 15:28:59,295] {models.py:1571} INFO - 
--------------------------------------------------------------------------------
Starting attempt 1 of 2
--------------------------------------------------------------------------------

[2019-03-19 15:28:59,321] {models.py:1593} INFO - Executing <Task(BashOperator): print_date> on 2017-03-24T00:00:00+00:00
[2019-03-19 15:28:59,322] {base_task_runner.py:118} INFO - Running: ['bash', '-c', 'airflow run tutorial print_date 2017-03-24T00:00:00+00:00 --job_id 1328 --raw -sd DAGS_FOLDER/sql_server_load.py --cfg_path /tmp/tmps4wppnd8']
[2019-03-19 15:28:59,945] {base_task_runner.py:101} INFO - Job 1328: Subtask print_date [2019-03-19 15:28:59,944] {__init__.py:51} INFO - Using executor SequentialExecutor
[2019-03-19 15:29:00,164] {base_task_runner.py:101} INFO - Job 1328: Subtask print_date [2019-03-19 15:29:00,163] {models.py:273} INFO - Filling up the DagBag from /home/rsandroni/airflow/dags/sql_server_load.py
[2019-03-19 15:29:00,181] {base_task_runner.py:101} INFO - Job 1328: Subtask print_date [2019-03-19 15:29:00,181] {cli.py:520} INFO - Running <TaskInstance: tutorial.print_date 2017-03-24T00:00:00+00:00 [running]> on host IADAIRP1.globalrs.rack.space
[2019-03-19 15:29:00,193] {bash_operator.py:77} INFO - Tmp dir root location: 
 /tmp
[2019-03-19 15:29:00,193] {bash_operator.py:86} INFO - Exporting the following env vars:
AIRFLOW_CTX_DAG_ID=tutorial
AIRFLOW_CTX_TASK_ID=print_date
AIRFLOW_CTX_EXECUTION_DATE=2017-03-24T00:00:00+00:00
AIRFLOW_CTX_DAG_RUN_ID=scheduled__2017-03-24T00:00:00+00:00
[2019-03-19 15:29:00,194] {bash_operator.py:100} INFO - Temporary script location: /tmp/airflowtmpodta6b1q/print_dateas_f_qdt
[2019-03-19 15:29:00,194] {bash_operator.py:110} INFO - Running command: date
[2019-03-19 15:29:00,199] {bash_operator.py:119} INFO - Output:
[2019-03-19 15:29:00,201] {bash_operator.py:123} INFO - Ter Mar 19 15:29:00 -03 2019
[2019-03-19 15:29:00,202] {bash_operator.py:127} INFO - Command exited with return code 0
[2019-03-19 15:29:04,329] {logging_mixin.py:95} INFO - [2019-03-19 15:29:04,328] {jobs.py:2527} INFO - Task exited with return code 0
