[2019-03-22 03:58:22,324] {models.py:1359} INFO - Dependencies all met for <TaskInstance: tutorial.templated 2018-12-19T00:00:00+00:00 [queued]>
[2019-03-22 03:58:22,348] {models.py:1359} INFO - Dependencies all met for <TaskInstance: tutorial.templated 2018-12-19T00:00:00+00:00 [queued]>
[2019-03-22 03:58:22,348] {models.py:1571} INFO - 
--------------------------------------------------------------------------------
Starting attempt 1 of 2
--------------------------------------------------------------------------------

[2019-03-22 03:58:22,401] {models.py:1593} INFO - Executing <Task(BashOperator): templated> on 2018-12-19T00:00:00+00:00
[2019-03-22 03:58:22,401] {base_task_runner.py:118} INFO - Running: ['bash', '-c', 'airflow run tutorial templated 2018-12-19T00:00:00+00:00 --job_id 2670 --raw -sd DAGS_FOLDER/example_dags/tutorial.py --cfg_path /tmp/tmpuw2sd2py']
[2019-03-22 03:58:23,899] {base_task_runner.py:101} INFO - Job 2670: Subtask templated [2019-03-22 03:58:23,892] {__init__.py:51} INFO - Using executor SequentialExecutor
[2019-03-22 03:58:24,402] {base_task_runner.py:101} INFO - Job 2670: Subtask templated [2019-03-22 03:58:24,394] {models.py:273} INFO - Filling up the DagBag from /home/rsandroni/airflow/dags/example_dags/tutorial.py
[2019-03-22 03:58:24,538] {base_task_runner.py:101} INFO - Job 2670: Subtask templated [2019-03-22 03:58:24,537] {cli.py:520} INFO - Running <TaskInstance: tutorial.templated 2018-12-19T00:00:00+00:00 [running]> on host IADAIRP1.globalrs.rack.space
[2019-03-22 03:58:24,580] {bash_operator.py:77} INFO - Tmp dir root location: 
 /tmp
[2019-03-22 03:58:24,581] {bash_operator.py:86} INFO - Exporting the following env vars:
AIRFLOW_CTX_DAG_ID=tutorial
AIRFLOW_CTX_TASK_ID=templated
AIRFLOW_CTX_EXECUTION_DATE=2018-12-19T00:00:00+00:00
AIRFLOW_CTX_DAG_RUN_ID=scheduled__2018-12-19T00:00:00+00:00
[2019-03-22 03:58:24,582] {bash_operator.py:100} INFO - Temporary script location: /tmp/airflowtmpcxmbk67u/templated38_wgj7p
[2019-03-22 03:58:24,582] {bash_operator.py:110} INFO - Running command: 

    echo "2018-12-19"
    echo "2018-12-26"
    echo "Parameter I passed in"

    echo "2018-12-19"
    echo "2018-12-26"
    echo "Parameter I passed in"

    echo "2018-12-19"
    echo "2018-12-26"
    echo "Parameter I passed in"

    echo "2018-12-19"
    echo "2018-12-26"
    echo "Parameter I passed in"

    echo "2018-12-19"
    echo "2018-12-26"
    echo "Parameter I passed in"

[2019-03-22 03:58:24,619] {bash_operator.py:119} INFO - Output:
[2019-03-22 03:58:24,620] {bash_operator.py:123} INFO - 2018-12-19
[2019-03-22 03:58:24,620] {bash_operator.py:123} INFO - 2018-12-26
[2019-03-22 03:58:24,620] {bash_operator.py:123} INFO - Parameter I passed in
[2019-03-22 03:58:24,620] {bash_operator.py:123} INFO - 2018-12-19
[2019-03-22 03:58:24,620] {bash_operator.py:123} INFO - 2018-12-26
[2019-03-22 03:58:24,620] {bash_operator.py:123} INFO - Parameter I passed in
[2019-03-22 03:58:24,620] {bash_operator.py:123} INFO - 2018-12-19
[2019-03-22 03:58:24,620] {bash_operator.py:123} INFO - 2018-12-26
[2019-03-22 03:58:24,620] {bash_operator.py:123} INFO - Parameter I passed in
[2019-03-22 03:58:24,620] {bash_operator.py:123} INFO - 2018-12-19
[2019-03-22 03:58:24,620] {bash_operator.py:123} INFO - 2018-12-26
[2019-03-22 03:58:24,620] {bash_operator.py:123} INFO - Parameter I passed in
[2019-03-22 03:58:24,620] {bash_operator.py:123} INFO - 2018-12-19
[2019-03-22 03:58:24,620] {bash_operator.py:123} INFO - 2018-12-26
[2019-03-22 03:58:24,620] {bash_operator.py:123} INFO - Parameter I passed in
[2019-03-22 03:58:24,621] {bash_operator.py:127} INFO - Command exited with return code 0
[2019-03-22 03:58:27,316] {logging_mixin.py:95} INFO - [2019-03-22 03:58:27,315] {jobs.py:2527} INFO - Task exited with return code 0
