[2019-03-22 00:55:53,350] {models.py:1359} INFO - Dependencies all met for <TaskInstance: tutorial.templated 2018-08-03T00:00:00+00:00 [queued]>
[2019-03-22 00:55:53,359] {models.py:1359} INFO - Dependencies all met for <TaskInstance: tutorial.templated 2018-08-03T00:00:00+00:00 [queued]>
[2019-03-22 00:55:53,359] {models.py:1571} INFO - 
--------------------------------------------------------------------------------
Starting attempt 1 of 2
--------------------------------------------------------------------------------

[2019-03-22 00:55:53,433] {models.py:1593} INFO - Executing <Task(BashOperator): templated> on 2018-08-03T00:00:00+00:00
[2019-03-22 00:55:53,433] {base_task_runner.py:118} INFO - Running: ['bash', '-c', 'airflow run tutorial templated 2018-08-03T00:00:00+00:00 --job_id 2394 --raw -sd DAGS_FOLDER/example_dags/tutorial.py --cfg_path /tmp/tmp5z8yvxjr']
[2019-03-22 00:55:54,234] {base_task_runner.py:101} INFO - Job 2394: Subtask templated [2019-03-22 00:55:54,233] {__init__.py:51} INFO - Using executor SequentialExecutor
[2019-03-22 00:55:54,598] {base_task_runner.py:101} INFO - Job 2394: Subtask templated [2019-03-22 00:55:54,590] {models.py:273} INFO - Filling up the DagBag from /home/rsandroni/airflow/dags/example_dags/tutorial.py
[2019-03-22 00:55:54,748] {base_task_runner.py:101} INFO - Job 2394: Subtask templated [2019-03-22 00:55:54,744] {cli.py:520} INFO - Running <TaskInstance: tutorial.templated 2018-08-03T00:00:00+00:00 [running]> on host IADAIRP1.globalrs.rack.space
[2019-03-22 00:55:54,795] {bash_operator.py:77} INFO - Tmp dir root location: 
 /tmp
[2019-03-22 00:55:54,796] {bash_operator.py:86} INFO - Exporting the following env vars:
AIRFLOW_CTX_DAG_ID=tutorial
AIRFLOW_CTX_TASK_ID=templated
AIRFLOW_CTX_EXECUTION_DATE=2018-08-03T00:00:00+00:00
AIRFLOW_CTX_DAG_RUN_ID=scheduled__2018-08-03T00:00:00+00:00
[2019-03-22 00:55:54,796] {bash_operator.py:100} INFO - Temporary script location: /tmp/airflowtmphwnoejlo/templated3huafh85
[2019-03-22 00:55:54,796] {bash_operator.py:110} INFO - Running command: 

    echo "2018-08-03"
    echo "2018-08-10"
    echo "Parameter I passed in"

    echo "2018-08-03"
    echo "2018-08-10"
    echo "Parameter I passed in"

    echo "2018-08-03"
    echo "2018-08-10"
    echo "Parameter I passed in"

    echo "2018-08-03"
    echo "2018-08-10"
    echo "Parameter I passed in"

    echo "2018-08-03"
    echo "2018-08-10"
    echo "Parameter I passed in"

[2019-03-22 00:55:54,826] {bash_operator.py:119} INFO - Output:
[2019-03-22 00:55:54,837] {bash_operator.py:123} INFO - 2018-08-03
[2019-03-22 00:55:54,837] {bash_operator.py:123} INFO - 2018-08-10
[2019-03-22 00:55:54,837] {bash_operator.py:123} INFO - Parameter I passed in
[2019-03-22 00:55:54,837] {bash_operator.py:123} INFO - 2018-08-03
[2019-03-22 00:55:54,837] {bash_operator.py:123} INFO - 2018-08-10
[2019-03-22 00:55:54,837] {bash_operator.py:123} INFO - Parameter I passed in
[2019-03-22 00:55:54,837] {bash_operator.py:123} INFO - 2018-08-03
[2019-03-22 00:55:54,837] {bash_operator.py:123} INFO - 2018-08-10
[2019-03-22 00:55:54,837] {bash_operator.py:123} INFO - Parameter I passed in
[2019-03-22 00:55:54,838] {bash_operator.py:123} INFO - 2018-08-03
[2019-03-22 00:55:54,838] {bash_operator.py:123} INFO - 2018-08-10
[2019-03-22 00:55:54,838] {bash_operator.py:123} INFO - Parameter I passed in
[2019-03-22 00:55:54,838] {bash_operator.py:123} INFO - 2018-08-03
[2019-03-22 00:55:54,838] {bash_operator.py:123} INFO - 2018-08-10
[2019-03-22 00:55:54,838] {bash_operator.py:123} INFO - Parameter I passed in
[2019-03-22 00:55:54,838] {bash_operator.py:127} INFO - Command exited with return code 0
[2019-03-22 00:55:58,374] {logging_mixin.py:95} INFO - [2019-03-22 00:55:58,372] {jobs.py:2527} INFO - Task exited with return code 0
