[2019-03-19 11:24:49,526] {models.py:1359} INFO - Dependencies all met for <TaskInstance: tutorial.templated 2015-10-14T00:00:00+00:00 [queued]>
[2019-03-19 11:24:49,530] {models.py:1359} INFO - Dependencies all met for <TaskInstance: tutorial.templated 2015-10-14T00:00:00+00:00 [queued]>
[2019-03-19 11:24:49,531] {models.py:1571} INFO - 
--------------------------------------------------------------------------------
Starting attempt 1 of 2
--------------------------------------------------------------------------------

[2019-03-19 11:24:49,550] {models.py:1593} INFO - Executing <Task(BashOperator): templated> on 2015-10-14T00:00:00+00:00
[2019-03-19 11:24:49,550] {base_task_runner.py:118} INFO - Running: ['bash', '-c', 'airflow run tutorial templated 2015-10-14T00:00:00+00:00 --job_id 279 --raw -sd DAGS_FOLDER/sql_server_load.py --cfg_path /tmp/tmp7lgmq84z']
[2019-03-19 11:24:50,165] {base_task_runner.py:101} INFO - Job 279: Subtask templated [2019-03-19 11:24:50,164] {__init__.py:51} INFO - Using executor SequentialExecutor
[2019-03-19 11:24:50,383] {base_task_runner.py:101} INFO - Job 279: Subtask templated [2019-03-19 11:24:50,383] {models.py:273} INFO - Filling up the DagBag from /home/rsandroni/airflow/dags/sql_server_load.py
[2019-03-19 11:24:50,404] {base_task_runner.py:101} INFO - Job 279: Subtask templated [2019-03-19 11:24:50,401] {cli.py:520} INFO - Running <TaskInstance: tutorial.templated 2015-10-14T00:00:00+00:00 [running]> on host IADAIRP1.globalrs.rack.space
[2019-03-19 11:24:50,416] {bash_operator.py:77} INFO - Tmp dir root location: 
 /tmp
[2019-03-19 11:24:50,416] {bash_operator.py:86} INFO - Exporting the following env vars:
AIRFLOW_CTX_DAG_ID=tutorial
AIRFLOW_CTX_TASK_ID=templated
AIRFLOW_CTX_EXECUTION_DATE=2015-10-14T00:00:00+00:00
AIRFLOW_CTX_DAG_RUN_ID=scheduled__2015-10-14T00:00:00+00:00
[2019-03-19 11:24:50,417] {bash_operator.py:100} INFO - Temporary script location: /tmp/airflowtmpe6xpvw9j/templated0g716jy9
[2019-03-19 11:24:50,417] {bash_operator.py:110} INFO - Running command: 
    
        echo "2015-10-14"
        echo "Parameter I passed in"
    
        echo "2015-10-14"
        echo "Parameter I passed in"
    
        echo "2015-10-14"
        echo "Parameter I passed in"
    
        echo "2015-10-14"
        echo "Parameter I passed in"
    
        echo "2015-10-14"
        echo "Parameter I passed in"
    
    
[2019-03-19 11:24:50,422] {bash_operator.py:119} INFO - Output:
[2019-03-19 11:24:50,423] {bash_operator.py:123} INFO - 2015-10-14
[2019-03-19 11:24:50,423] {bash_operator.py:123} INFO - Parameter I passed in
[2019-03-19 11:24:50,423] {bash_operator.py:123} INFO - 2015-10-14
[2019-03-19 11:24:50,423] {bash_operator.py:123} INFO - Parameter I passed in
[2019-03-19 11:24:50,423] {bash_operator.py:123} INFO - 2015-10-14
[2019-03-19 11:24:50,423] {bash_operator.py:123} INFO - Parameter I passed in
[2019-03-19 11:24:50,423] {bash_operator.py:123} INFO - 2015-10-14
[2019-03-19 11:24:50,423] {bash_operator.py:123} INFO - Parameter I passed in
[2019-03-19 11:24:50,423] {bash_operator.py:123} INFO - 2015-10-14
[2019-03-19 11:24:50,423] {bash_operator.py:123} INFO - Parameter I passed in
[2019-03-19 11:24:50,423] {bash_operator.py:127} INFO - Command exited with return code 0
[2019-03-19 11:24:54,527] {logging_mixin.py:95} INFO - [2019-03-19 11:24:54,526] {jobs.py:2527} INFO - Task exited with return code 0
