[2019-03-21 19:21:44,489] {models.py:1359} INFO - Dependencies all met for <TaskInstance: tutorial.print_date 2017-11-23T00:00:00+00:00 [queued]>
[2019-03-21 19:21:44,492] {models.py:1359} INFO - Dependencies all met for <TaskInstance: tutorial.print_date 2017-11-23T00:00:00+00:00 [queued]>
[2019-03-21 19:21:44,492] {models.py:1571} INFO - 
--------------------------------------------------------------------------------
Starting attempt 1 of 2
--------------------------------------------------------------------------------

[2019-03-21 19:21:44,503] {models.py:1593} INFO - Executing <Task(BashOperator): print_date> on 2017-11-23T00:00:00+00:00
[2019-03-21 19:21:44,503] {base_task_runner.py:118} INFO - Running: ['bash', '-c', 'airflow run tutorial print_date 2017-11-23T00:00:00+00:00 --job_id 1885 --raw -sd DAGS_FOLDER/tutorial.py --cfg_path /tmp/tmpy86uh640']
[2019-03-21 19:21:45,137] {base_task_runner.py:101} INFO - Job 1885: Subtask print_date [2019-03-21 19:21:45,136] {__init__.py:51} INFO - Using executor SequentialExecutor
[2019-03-21 19:21:45,370] {base_task_runner.py:101} INFO - Job 1885: Subtask print_date [2019-03-21 19:21:45,369] {models.py:273} INFO - Filling up the DagBag from /home/rsandroni/airflow/dags/tutorial.py
[2019-03-21 19:21:45,386] {base_task_runner.py:101} INFO - Job 1885: Subtask print_date [2019-03-21 19:21:45,386] {cli.py:520} INFO - Running <TaskInstance: tutorial.print_date 2017-11-23T00:00:00+00:00 [running]> on host IADAIRP1.globalrs.rack.space
[2019-03-21 19:21:45,401] {bash_operator.py:77} INFO - Tmp dir root location: 
 /tmp
[2019-03-21 19:21:45,401] {bash_operator.py:86} INFO - Exporting the following env vars:
AIRFLOW_CTX_DAG_ID=tutorial
AIRFLOW_CTX_TASK_ID=print_date
AIRFLOW_CTX_EXECUTION_DATE=2017-11-23T00:00:00+00:00
AIRFLOW_CTX_DAG_RUN_ID=scheduled__2017-11-23T00:00:00+00:00
[2019-03-21 19:21:45,402] {bash_operator.py:100} INFO - Temporary script location: /tmp/airflowtmp9rl6bbwo/print_datekyl3pr2f
[2019-03-21 19:21:45,402] {bash_operator.py:110} INFO - Running command: date
[2019-03-21 19:21:45,407] {bash_operator.py:119} INFO - Output:
[2019-03-21 19:21:45,409] {bash_operator.py:123} INFO - Qui Mar 21 19:21:45 -03 2019
[2019-03-21 19:21:45,410] {bash_operator.py:127} INFO - Command exited with return code 0
[2019-03-21 19:21:49,494] {logging_mixin.py:95} INFO - [2019-03-21 19:21:49,494] {jobs.py:2527} INFO - Task exited with return code 0
