[2019-03-22 03:29:12,962] {models.py:1359} INFO - Dependencies all met for <TaskInstance: tutorial.templated 2018-11-27T00:00:00+00:00 [queued]>
[2019-03-22 03:29:12,968] {models.py:1359} INFO - Dependencies all met for <TaskInstance: tutorial.templated 2018-11-27T00:00:00+00:00 [queued]>
[2019-03-22 03:29:12,968] {models.py:1571} INFO - 
--------------------------------------------------------------------------------
Starting attempt 1 of 2
--------------------------------------------------------------------------------

[2019-03-22 03:29:13,031] {models.py:1593} INFO - Executing <Task(BashOperator): templated> on 2018-11-27T00:00:00+00:00
[2019-03-22 03:29:13,031] {base_task_runner.py:118} INFO - Running: ['bash', '-c', 'airflow run tutorial templated 2018-11-27T00:00:00+00:00 --job_id 2626 --raw -sd DAGS_FOLDER/example_dags/tutorial.py --cfg_path /tmp/tmpdg2syj9s']
[2019-03-22 03:29:13,697] {base_task_runner.py:101} INFO - Job 2626: Subtask templated [2019-03-22 03:29:13,696] {__init__.py:51} INFO - Using executor SequentialExecutor
[2019-03-22 03:29:13,972] {base_task_runner.py:101} INFO - Job 2626: Subtask templated [2019-03-22 03:29:13,971] {models.py:273} INFO - Filling up the DagBag from /home/rsandroni/airflow/dags/example_dags/tutorial.py
[2019-03-22 03:29:14,036] {base_task_runner.py:101} INFO - Job 2626: Subtask templated [2019-03-22 03:29:14,035] {cli.py:520} INFO - Running <TaskInstance: tutorial.templated 2018-11-27T00:00:00+00:00 [running]> on host IADAIRP1.globalrs.rack.space
[2019-03-22 03:29:14,057] {bash_operator.py:77} INFO - Tmp dir root location: 
 /tmp
[2019-03-22 03:29:14,057] {bash_operator.py:86} INFO - Exporting the following env vars:
AIRFLOW_CTX_DAG_ID=tutorial
AIRFLOW_CTX_TASK_ID=templated
AIRFLOW_CTX_EXECUTION_DATE=2018-11-27T00:00:00+00:00
AIRFLOW_CTX_DAG_RUN_ID=scheduled__2018-11-27T00:00:00+00:00
[2019-03-22 03:29:14,058] {bash_operator.py:100} INFO - Temporary script location: /tmp/airflowtmpf0mqan55/templated4o9jvzve
[2019-03-22 03:29:14,058] {bash_operator.py:110} INFO - Running command: 

    echo "2018-11-27"
    echo "2018-12-04"
    echo "Parameter I passed in"

    echo "2018-11-27"
    echo "2018-12-04"
    echo "Parameter I passed in"

    echo "2018-11-27"
    echo "2018-12-04"
    echo "Parameter I passed in"

    echo "2018-11-27"
    echo "2018-12-04"
    echo "Parameter I passed in"

    echo "2018-11-27"
    echo "2018-12-04"
    echo "Parameter I passed in"

[2019-03-22 03:29:14,065] {bash_operator.py:119} INFO - Output:
[2019-03-22 03:29:14,066] {bash_operator.py:123} INFO - 2018-11-27
[2019-03-22 03:29:14,066] {bash_operator.py:123} INFO - 2018-12-04
[2019-03-22 03:29:14,066] {bash_operator.py:123} INFO - Parameter I passed in
[2019-03-22 03:29:14,066] {bash_operator.py:123} INFO - 2018-11-27
[2019-03-22 03:29:14,066] {bash_operator.py:123} INFO - 2018-12-04
[2019-03-22 03:29:14,066] {bash_operator.py:123} INFO - Parameter I passed in
[2019-03-22 03:29:14,066] {bash_operator.py:123} INFO - 2018-11-27
[2019-03-22 03:29:14,066] {bash_operator.py:123} INFO - 2018-12-04
[2019-03-22 03:29:14,067] {bash_operator.py:123} INFO - Parameter I passed in
[2019-03-22 03:29:14,067] {bash_operator.py:123} INFO - 2018-11-27
[2019-03-22 03:29:14,067] {bash_operator.py:123} INFO - 2018-12-04
[2019-03-22 03:29:14,067] {bash_operator.py:123} INFO - Parameter I passed in
[2019-03-22 03:29:14,067] {bash_operator.py:123} INFO - 2018-11-27
[2019-03-22 03:29:14,067] {bash_operator.py:123} INFO - 2018-12-04
[2019-03-22 03:29:14,067] {bash_operator.py:123} INFO - Parameter I passed in
[2019-03-22 03:29:14,067] {bash_operator.py:127} INFO - Command exited with return code 0
[2019-03-22 03:29:17,955] {logging_mixin.py:95} INFO - [2019-03-22 03:29:17,954] {jobs.py:2527} INFO - Task exited with return code 0
