[2019-03-22 04:27:21,025] {models.py:1359} INFO - Dependencies all met for <TaskInstance: tutorial.templated 2019-01-10T00:00:00+00:00 [queued]>
[2019-03-22 04:27:21,030] {models.py:1359} INFO - Dependencies all met for <TaskInstance: tutorial.templated 2019-01-10T00:00:00+00:00 [queued]>
[2019-03-22 04:27:21,030] {models.py:1571} INFO - 
--------------------------------------------------------------------------------
Starting attempt 1 of 2
--------------------------------------------------------------------------------

[2019-03-22 04:27:21,075] {models.py:1593} INFO - Executing <Task(BashOperator): templated> on 2019-01-10T00:00:00+00:00
[2019-03-22 04:27:21,075] {base_task_runner.py:118} INFO - Running: ['bash', '-c', 'airflow run tutorial templated 2019-01-10T00:00:00+00:00 --job_id 2714 --raw -sd DAGS_FOLDER/example_dags/tutorial.py --cfg_path /tmp/tmpku8a5o4u']
[2019-03-22 04:27:22,321] {base_task_runner.py:101} INFO - Job 2714: Subtask templated [2019-03-22 04:27:22,320] {__init__.py:51} INFO - Using executor SequentialExecutor
[2019-03-22 04:27:22,782] {base_task_runner.py:101} INFO - Job 2714: Subtask templated [2019-03-22 04:27:22,776] {models.py:273} INFO - Filling up the DagBag from /home/rsandroni/airflow/dags/example_dags/tutorial.py
[2019-03-22 04:27:22,890] {base_task_runner.py:101} INFO - Job 2714: Subtask templated [2019-03-22 04:27:22,885] {cli.py:520} INFO - Running <TaskInstance: tutorial.templated 2019-01-10T00:00:00+00:00 [running]> on host IADAIRP1.globalrs.rack.space
[2019-03-22 04:27:22,929] {bash_operator.py:77} INFO - Tmp dir root location: 
 /tmp
[2019-03-22 04:27:22,930] {bash_operator.py:86} INFO - Exporting the following env vars:
AIRFLOW_CTX_DAG_ID=tutorial
AIRFLOW_CTX_TASK_ID=templated
AIRFLOW_CTX_EXECUTION_DATE=2019-01-10T00:00:00+00:00
AIRFLOW_CTX_DAG_RUN_ID=scheduled__2019-01-10T00:00:00+00:00
[2019-03-22 04:27:22,930] {bash_operator.py:100} INFO - Temporary script location: /tmp/airflowtmpn7emvfp5/templatedhfzlpgfm
[2019-03-22 04:27:22,930] {bash_operator.py:110} INFO - Running command: 

    echo "2019-01-10"
    echo "2019-01-17"
    echo "Parameter I passed in"

    echo "2019-01-10"
    echo "2019-01-17"
    echo "Parameter I passed in"

    echo "2019-01-10"
    echo "2019-01-17"
    echo "Parameter I passed in"

    echo "2019-01-10"
    echo "2019-01-17"
    echo "Parameter I passed in"

    echo "2019-01-10"
    echo "2019-01-17"
    echo "Parameter I passed in"

[2019-03-22 04:27:22,964] {bash_operator.py:119} INFO - Output:
[2019-03-22 04:27:22,975] {bash_operator.py:123} INFO - 2019-01-10
[2019-03-22 04:27:22,975] {bash_operator.py:123} INFO - 2019-01-17
[2019-03-22 04:27:22,975] {bash_operator.py:123} INFO - Parameter I passed in
[2019-03-22 04:27:22,975] {bash_operator.py:123} INFO - 2019-01-10
[2019-03-22 04:27:22,975] {bash_operator.py:123} INFO - 2019-01-17
[2019-03-22 04:27:22,975] {bash_operator.py:123} INFO - Parameter I passed in
[2019-03-22 04:27:22,975] {bash_operator.py:123} INFO - 2019-01-10
[2019-03-22 04:27:22,975] {bash_operator.py:123} INFO - 2019-01-17
[2019-03-22 04:27:22,975] {bash_operator.py:123} INFO - Parameter I passed in
[2019-03-22 04:27:22,975] {bash_operator.py:123} INFO - 2019-01-10
[2019-03-22 04:27:22,976] {bash_operator.py:123} INFO - 2019-01-17
[2019-03-22 04:27:22,976] {bash_operator.py:123} INFO - Parameter I passed in
[2019-03-22 04:27:22,976] {bash_operator.py:123} INFO - 2019-01-10
[2019-03-22 04:27:22,976] {bash_operator.py:123} INFO - 2019-01-17
[2019-03-22 04:27:22,976] {bash_operator.py:123} INFO - Parameter I passed in
[2019-03-22 04:27:22,976] {bash_operator.py:127} INFO - Command exited with return code 0
[2019-03-22 04:27:26,007] {logging_mixin.py:95} INFO - [2019-03-22 04:27:26,006] {jobs.py:2527} INFO - Task exited with return code 0
