[2019-03-21 18:00:51,259] {models.py:1359} INFO - Dependencies all met for <TaskInstance: tutorial.print_date 2017-09-01T00:00:00+00:00 [queued]>
[2019-03-21 18:00:51,262] {models.py:1359} INFO - Dependencies all met for <TaskInstance: tutorial.print_date 2017-09-01T00:00:00+00:00 [queued]>
[2019-03-21 18:00:51,262] {models.py:1571} INFO - 
--------------------------------------------------------------------------------
Starting attempt 1 of 2
--------------------------------------------------------------------------------

[2019-03-21 18:00:51,279] {models.py:1593} INFO - Executing <Task(BashOperator): print_date> on 2017-09-01T00:00:00+00:00
[2019-03-21 18:00:51,279] {base_task_runner.py:118} INFO - Running: ['bash', '-c', 'airflow run tutorial print_date 2017-09-01T00:00:00+00:00 --job_id 1708 --raw -sd DAGS_FOLDER/tutorial.py --cfg_path /tmp/tmpz9qsrk4w']
[2019-03-21 18:00:51,918] {base_task_runner.py:101} INFO - Job 1708: Subtask print_date [2019-03-21 18:00:51,917] {__init__.py:51} INFO - Using executor SequentialExecutor
[2019-03-21 18:00:52,151] {base_task_runner.py:101} INFO - Job 1708: Subtask print_date [2019-03-21 18:00:52,150] {models.py:273} INFO - Filling up the DagBag from /home/rsandroni/airflow/dags/tutorial.py
[2019-03-21 18:00:52,166] {base_task_runner.py:101} INFO - Job 1708: Subtask print_date [2019-03-21 18:00:52,165] {cli.py:520} INFO - Running <TaskInstance: tutorial.print_date 2017-09-01T00:00:00+00:00 [running]> on host IADAIRP1.globalrs.rack.space
[2019-03-21 18:00:52,178] {bash_operator.py:77} INFO - Tmp dir root location: 
 /tmp
[2019-03-21 18:00:52,178] {bash_operator.py:86} INFO - Exporting the following env vars:
AIRFLOW_CTX_DAG_ID=tutorial
AIRFLOW_CTX_TASK_ID=print_date
AIRFLOW_CTX_EXECUTION_DATE=2017-09-01T00:00:00+00:00
AIRFLOW_CTX_DAG_RUN_ID=scheduled__2017-09-01T00:00:00+00:00
[2019-03-21 18:00:52,179] {bash_operator.py:100} INFO - Temporary script location: /tmp/airflowtmprgf795u2/print_datejag55hlg
[2019-03-21 18:00:52,179] {bash_operator.py:110} INFO - Running command: date
[2019-03-21 18:00:52,184] {bash_operator.py:119} INFO - Output:
[2019-03-21 18:00:52,186] {bash_operator.py:123} INFO - Qui Mar 21 18:00:52 -03 2019
[2019-03-21 18:00:52,187] {bash_operator.py:127} INFO - Command exited with return code 0
[2019-03-21 18:00:56,267] {logging_mixin.py:95} INFO - [2019-03-21 18:00:56,266] {jobs.py:2527} INFO - Task exited with return code 0
