[2019-03-22 01:38:52,723] {models.py:1359} INFO - Dependencies all met for <TaskInstance: tutorial.print_date 2018-09-06T00:00:00+00:00 [queued]>
[2019-03-22 01:38:52,727] {models.py:1359} INFO - Dependencies all met for <TaskInstance: tutorial.print_date 2018-09-06T00:00:00+00:00 [queued]>
[2019-03-22 01:38:52,727] {models.py:1571} INFO - 
--------------------------------------------------------------------------------
Starting attempt 1 of 2
--------------------------------------------------------------------------------

[2019-03-22 01:38:52,783] {models.py:1593} INFO - Executing <Task(BashOperator): print_date> on 2018-09-06T00:00:00+00:00
[2019-03-22 01:38:52,783] {base_task_runner.py:118} INFO - Running: ['bash', '-c', 'airflow run tutorial print_date 2018-09-06T00:00:00+00:00 --job_id 2460 --raw -sd DAGS_FOLDER/tutorial.py --cfg_path /tmp/tmpij4q15pa']
[2019-03-22 01:38:53,454] {base_task_runner.py:101} INFO - Job 2460: Subtask print_date [2019-03-22 01:38:53,453] {__init__.py:51} INFO - Using executor SequentialExecutor
[2019-03-22 01:38:53,721] {base_task_runner.py:101} INFO - Job 2460: Subtask print_date [2019-03-22 01:38:53,720] {models.py:273} INFO - Filling up the DagBag from /home/rsandroni/airflow/dags/tutorial.py
[2019-03-22 01:38:53,738] {base_task_runner.py:101} INFO - Job 2460: Subtask print_date [2019-03-22 01:38:53,736] {cli.py:520} INFO - Running <TaskInstance: tutorial.print_date 2018-09-06T00:00:00+00:00 [running]> on host IADAIRP1.globalrs.rack.space
[2019-03-22 01:38:53,749] {bash_operator.py:77} INFO - Tmp dir root location: 
 /tmp
[2019-03-22 01:38:53,749] {bash_operator.py:86} INFO - Exporting the following env vars:
AIRFLOW_CTX_DAG_ID=tutorial
AIRFLOW_CTX_TASK_ID=print_date
AIRFLOW_CTX_EXECUTION_DATE=2018-09-06T00:00:00+00:00
AIRFLOW_CTX_DAG_RUN_ID=scheduled__2018-09-06T00:00:00+00:00
[2019-03-22 01:38:53,750] {bash_operator.py:100} INFO - Temporary script location: /tmp/airflowtmpjdlp0ipj/print_datez0k1hac6
[2019-03-22 01:38:53,750] {bash_operator.py:110} INFO - Running command: date
[2019-03-22 01:38:53,755] {bash_operator.py:119} INFO - Output:
[2019-03-22 01:38:53,757] {bash_operator.py:123} INFO - Sex Mar 22 01:38:53 -03 2019
[2019-03-22 01:38:53,758] {bash_operator.py:127} INFO - Command exited with return code 0
[2019-03-22 01:38:57,703] {logging_mixin.py:95} INFO - [2019-03-22 01:38:57,702] {jobs.py:2527} INFO - Task exited with return code 0
