[2019-03-19 15:12:15,151] {models.py:1359} INFO - Dependencies all met for <TaskInstance: tutorial.print_date 2017-02-14T00:00:00+00:00 [queued]>
[2019-03-19 15:12:15,154] {models.py:1359} INFO - Dependencies all met for <TaskInstance: tutorial.print_date 2017-02-14T00:00:00+00:00 [queued]>
[2019-03-19 15:12:15,154] {models.py:1571} INFO - 
--------------------------------------------------------------------------------
Starting attempt 1 of 2
--------------------------------------------------------------------------------

[2019-03-19 15:12:15,223] {models.py:1593} INFO - Executing <Task(BashOperator): print_date> on 2017-02-14T00:00:00+00:00
[2019-03-19 15:12:15,223] {base_task_runner.py:118} INFO - Running: ['bash', '-c', 'airflow run tutorial print_date 2017-02-14T00:00:00+00:00 --job_id 1254 --raw -sd DAGS_FOLDER/tutorial.py --cfg_path /tmp/tmpqy6cdw5x']
[2019-03-19 15:12:16,509] {base_task_runner.py:101} INFO - Job 1254: Subtask print_date [2019-03-19 15:12:16,508] {__init__.py:51} INFO - Using executor SequentialExecutor
[2019-03-19 15:12:16,968] {base_task_runner.py:101} INFO - Job 1254: Subtask print_date [2019-03-19 15:12:16,962] {models.py:273} INFO - Filling up the DagBag from /home/rsandroni/airflow/dags/tutorial.py
[2019-03-19 15:12:17,014] {base_task_runner.py:101} INFO - Job 1254: Subtask print_date [2019-03-19 15:12:17,010] {cli.py:520} INFO - Running <TaskInstance: tutorial.print_date 2017-02-14T00:00:00+00:00 [running]> on host IADAIRP1.globalrs.rack.space
[2019-03-19 15:12:17,056] {bash_operator.py:77} INFO - Tmp dir root location: 
 /tmp
[2019-03-19 15:12:17,056] {bash_operator.py:86} INFO - Exporting the following env vars:
AIRFLOW_CTX_DAG_ID=tutorial
AIRFLOW_CTX_TASK_ID=print_date
AIRFLOW_CTX_EXECUTION_DATE=2017-02-14T00:00:00+00:00
AIRFLOW_CTX_DAG_RUN_ID=scheduled__2017-02-14T00:00:00+00:00
[2019-03-19 15:12:17,057] {bash_operator.py:100} INFO - Temporary script location: /tmp/airflowtmp1bzj_1l6/print_dated98t1f30
[2019-03-19 15:12:17,057] {bash_operator.py:110} INFO - Running command: date
[2019-03-19 15:12:17,101] {bash_operator.py:119} INFO - Output:
[2019-03-19 15:12:17,118] {bash_operator.py:123} INFO - Ter Mar 19 15:12:17 -03 2019
[2019-03-19 15:12:17,127] {bash_operator.py:127} INFO - Command exited with return code 0
[2019-03-19 15:12:20,160] {logging_mixin.py:95} INFO - [2019-03-19 15:12:20,159] {jobs.py:2527} INFO - Task exited with return code 0
