[2019-03-19 14:37:09,370] {models.py:1359} INFO - Dependencies all met for <TaskInstance: tutorial.templated 2016-11-30T00:00:00+00:00 [queued]>
[2019-03-19 14:37:09,374] {models.py:1359} INFO - Dependencies all met for <TaskInstance: tutorial.templated 2016-11-30T00:00:00+00:00 [queued]>
[2019-03-19 14:37:09,374] {models.py:1571} INFO - 
--------------------------------------------------------------------------------
Starting attempt 1 of 2
--------------------------------------------------------------------------------

[2019-03-19 14:37:09,460] {models.py:1593} INFO - Executing <Task(BashOperator): templated> on 2016-11-30T00:00:00+00:00
[2019-03-19 14:37:09,460] {base_task_runner.py:118} INFO - Running: ['bash', '-c', 'airflow run tutorial templated 2016-11-30T00:00:00+00:00 --job_id 1103 --raw -sd DAGS_FOLDER/example_dags/tutorial.py --cfg_path /tmp/tmpvu62a4lj']
[2019-03-19 14:37:10,894] {base_task_runner.py:101} INFO - Job 1103: Subtask templated [2019-03-19 14:37:10,893] {__init__.py:51} INFO - Using executor SequentialExecutor
[2019-03-19 14:37:11,423] {base_task_runner.py:101} INFO - Job 1103: Subtask templated [2019-03-19 14:37:11,422] {models.py:273} INFO - Filling up the DagBag from /home/rsandroni/airflow/dags/example_dags/tutorial.py
[2019-03-19 14:37:11,564] {base_task_runner.py:101} INFO - Job 1103: Subtask templated [2019-03-19 14:37:11,563] {cli.py:520} INFO - Running <TaskInstance: tutorial.templated 2016-11-30T00:00:00+00:00 [running]> on host IADAIRP1.globalrs.rack.space
[2019-03-19 14:37:11,606] {bash_operator.py:77} INFO - Tmp dir root location: 
 /tmp
[2019-03-19 14:37:11,607] {bash_operator.py:86} INFO - Exporting the following env vars:
AIRFLOW_CTX_DAG_ID=tutorial
AIRFLOW_CTX_TASK_ID=templated
AIRFLOW_CTX_EXECUTION_DATE=2016-11-30T00:00:00+00:00
AIRFLOW_CTX_DAG_RUN_ID=scheduled__2016-11-30T00:00:00+00:00
[2019-03-19 14:37:11,607] {bash_operator.py:100} INFO - Temporary script location: /tmp/airflowtmpoptuv1x0/templated546bgkln
[2019-03-19 14:37:11,607] {bash_operator.py:110} INFO - Running command: 

    echo "2016-11-30"
    echo "2016-12-07"
    echo "Parameter I passed in"

    echo "2016-11-30"
    echo "2016-12-07"
    echo "Parameter I passed in"

    echo "2016-11-30"
    echo "2016-12-07"
    echo "Parameter I passed in"

    echo "2016-11-30"
    echo "2016-12-07"
    echo "Parameter I passed in"

    echo "2016-11-30"
    echo "2016-12-07"
    echo "Parameter I passed in"

[2019-03-19 14:37:11,656] {bash_operator.py:119} INFO - Output:
[2019-03-19 14:37:11,656] {bash_operator.py:123} INFO - 2016-11-30
[2019-03-19 14:37:11,656] {bash_operator.py:123} INFO - 2016-12-07
[2019-03-19 14:37:11,656] {bash_operator.py:123} INFO - Parameter I passed in
[2019-03-19 14:37:11,656] {bash_operator.py:123} INFO - 2016-11-30
[2019-03-19 14:37:11,656] {bash_operator.py:123} INFO - 2016-12-07
[2019-03-19 14:37:11,656] {bash_operator.py:123} INFO - Parameter I passed in
[2019-03-19 14:37:11,656] {bash_operator.py:123} INFO - 2016-11-30
[2019-03-19 14:37:11,656] {bash_operator.py:123} INFO - 2016-12-07
[2019-03-19 14:37:11,656] {bash_operator.py:123} INFO - Parameter I passed in
[2019-03-19 14:37:11,656] {bash_operator.py:123} INFO - 2016-11-30
[2019-03-19 14:37:11,656] {bash_operator.py:123} INFO - 2016-12-07
[2019-03-19 14:37:11,656] {bash_operator.py:123} INFO - Parameter I passed in
[2019-03-19 14:37:11,656] {bash_operator.py:123} INFO - 2016-11-30
[2019-03-19 14:37:11,656] {bash_operator.py:123} INFO - 2016-12-07
[2019-03-19 14:37:11,656] {bash_operator.py:123} INFO - Parameter I passed in
[2019-03-19 14:37:11,657] {bash_operator.py:127} INFO - Command exited with return code 0
[2019-03-19 14:37:14,412] {logging_mixin.py:95} INFO - [2019-03-19 14:37:14,411] {jobs.py:2527} INFO - Task exited with return code 0
