[2019-03-19 13:08:43,477] {models.py:1359} INFO - Dependencies all met for <TaskInstance: tutorial.print_date 2016-05-29T00:00:00+00:00 [queued]>
[2019-03-19 13:08:43,480] {models.py:1359} INFO - Dependencies all met for <TaskInstance: tutorial.print_date 2016-05-29T00:00:00+00:00 [queued]>
[2019-03-19 13:08:43,480] {models.py:1571} INFO - 
--------------------------------------------------------------------------------
Starting attempt 1 of 2
--------------------------------------------------------------------------------

[2019-03-19 13:08:43,524] {models.py:1593} INFO - Executing <Task(BashOperator): print_date> on 2016-05-29T00:00:00+00:00
[2019-03-19 13:08:43,525] {base_task_runner.py:118} INFO - Running: ['bash', '-c', 'airflow run tutorial print_date 2016-05-29T00:00:00+00:00 --job_id 732 --raw -sd DAGS_FOLDER/tutorial.py --cfg_path /tmp/tmpayo8ak5y']
[2019-03-19 13:08:44,365] {base_task_runner.py:101} INFO - Job 732: Subtask print_date [2019-03-19 13:08:44,364] {__init__.py:51} INFO - Using executor SequentialExecutor
[2019-03-19 13:08:44,710] {base_task_runner.py:101} INFO - Job 732: Subtask print_date [2019-03-19 13:08:44,710] {models.py:273} INFO - Filling up the DagBag from /home/rsandroni/airflow/dags/tutorial.py
[2019-03-19 13:08:44,746] {base_task_runner.py:101} INFO - Job 732: Subtask print_date [2019-03-19 13:08:44,745] {cli.py:520} INFO - Running <TaskInstance: tutorial.print_date 2016-05-29T00:00:00+00:00 [running]> on host IADAIRP1.globalrs.rack.space
[2019-03-19 13:08:44,769] {bash_operator.py:77} INFO - Tmp dir root location: 
 /tmp
[2019-03-19 13:08:44,769] {bash_operator.py:86} INFO - Exporting the following env vars:
AIRFLOW_CTX_DAG_ID=tutorial
AIRFLOW_CTX_TASK_ID=print_date
AIRFLOW_CTX_EXECUTION_DATE=2016-05-29T00:00:00+00:00
AIRFLOW_CTX_DAG_RUN_ID=scheduled__2016-05-29T00:00:00+00:00
[2019-03-19 13:08:44,769] {bash_operator.py:100} INFO - Temporary script location: /tmp/airflowtmp8n_570lt/print_datez8wgs58j
[2019-03-19 13:08:44,770] {bash_operator.py:110} INFO - Running command: date
[2019-03-19 13:08:44,812] {bash_operator.py:119} INFO - Output:
[2019-03-19 13:08:44,823] {bash_operator.py:123} INFO - Ter Mar 19 13:08:44 -03 2019
[2019-03-19 13:08:44,834] {bash_operator.py:127} INFO - Command exited with return code 0
[2019-03-19 13:08:48,421] {logging_mixin.py:95} INFO - [2019-03-19 13:08:48,420] {jobs.py:2527} INFO - Task exited with return code 0
