[2019-03-21 16:58:59,332] {models.py:1359} INFO - Dependencies all met for <TaskInstance: tutorial.templated 2017-05-25T00:00:00+00:00 [queued]>
[2019-03-21 16:58:59,336] {models.py:1359} INFO - Dependencies all met for <TaskInstance: tutorial.templated 2017-05-25T00:00:00+00:00 [queued]>
[2019-03-21 16:58:59,337] {models.py:1571} INFO - 
--------------------------------------------------------------------------------
Starting attempt 1 of 2
--------------------------------------------------------------------------------

[2019-03-21 16:58:59,352] {models.py:1593} INFO - Executing <Task(BashOperator): templated> on 2017-05-25T00:00:00+00:00
[2019-03-21 16:58:59,353] {base_task_runner.py:118} INFO - Running: ['bash', '-c', 'airflow run tutorial templated 2017-05-25T00:00:00+00:00 --job_id 1462 --raw -sd DAGS_FOLDER/example_dags/tutorial.py --cfg_path /tmp/tmp4p789a6b']
[2019-03-21 16:58:59,990] {base_task_runner.py:101} INFO - Job 1462: Subtask templated [2019-03-21 16:58:59,989] {__init__.py:51} INFO - Using executor SequentialExecutor
[2019-03-21 16:59:00,219] {base_task_runner.py:101} INFO - Job 1462: Subtask templated [2019-03-21 16:59:00,217] {models.py:273} INFO - Filling up the DagBag from /home/rsandroni/airflow/dags/example_dags/tutorial.py
[2019-03-21 16:59:00,285] {base_task_runner.py:101} INFO - Job 1462: Subtask templated [2019-03-21 16:59:00,282] {cli.py:520} INFO - Running <TaskInstance: tutorial.templated 2017-05-25T00:00:00+00:00 [running]> on host IADAIRP1.globalrs.rack.space
[2019-03-21 16:59:00,298] {bash_operator.py:77} INFO - Tmp dir root location: 
 /tmp
[2019-03-21 16:59:00,299] {bash_operator.py:86} INFO - Exporting the following env vars:
AIRFLOW_CTX_DAG_ID=tutorial
AIRFLOW_CTX_TASK_ID=templated
AIRFLOW_CTX_EXECUTION_DATE=2017-05-25T00:00:00+00:00
AIRFLOW_CTX_DAG_RUN_ID=scheduled__2017-05-25T00:00:00+00:00
[2019-03-21 16:59:00,299] {bash_operator.py:100} INFO - Temporary script location: /tmp/airflowtmpx5e_h7gd/templateddrbavarn
[2019-03-21 16:59:00,299] {bash_operator.py:110} INFO - Running command: 

    echo "2017-05-25"
    echo "2017-06-01"
    echo "Parameter I passed in"

    echo "2017-05-25"
    echo "2017-06-01"
    echo "Parameter I passed in"

    echo "2017-05-25"
    echo "2017-06-01"
    echo "Parameter I passed in"

    echo "2017-05-25"
    echo "2017-06-01"
    echo "Parameter I passed in"

    echo "2017-05-25"
    echo "2017-06-01"
    echo "Parameter I passed in"

[2019-03-21 16:59:00,305] {bash_operator.py:119} INFO - Output:
[2019-03-21 16:59:00,306] {bash_operator.py:123} INFO - 2017-05-25
[2019-03-21 16:59:00,306] {bash_operator.py:123} INFO - 2017-06-01
[2019-03-21 16:59:00,306] {bash_operator.py:123} INFO - Parameter I passed in
[2019-03-21 16:59:00,306] {bash_operator.py:123} INFO - 2017-05-25
[2019-03-21 16:59:00,306] {bash_operator.py:123} INFO - 2017-06-01
[2019-03-21 16:59:00,306] {bash_operator.py:123} INFO - Parameter I passed in
[2019-03-21 16:59:00,306] {bash_operator.py:123} INFO - 2017-05-25
[2019-03-21 16:59:00,306] {bash_operator.py:123} INFO - 2017-06-01
[2019-03-21 16:59:00,306] {bash_operator.py:123} INFO - Parameter I passed in
[2019-03-21 16:59:00,306] {bash_operator.py:123} INFO - 2017-05-25
[2019-03-21 16:59:00,306] {bash_operator.py:123} INFO - 2017-06-01
[2019-03-21 16:59:00,306] {bash_operator.py:123} INFO - Parameter I passed in
[2019-03-21 16:59:00,306] {bash_operator.py:123} INFO - 2017-05-25
[2019-03-21 16:59:00,306] {bash_operator.py:123} INFO - 2017-06-01
[2019-03-21 16:59:00,306] {bash_operator.py:123} INFO - Parameter I passed in
[2019-03-21 16:59:00,307] {bash_operator.py:127} INFO - Command exited with return code 0
[2019-03-21 16:59:04,334] {logging_mixin.py:95} INFO - [2019-03-21 16:59:04,333] {jobs.py:2527} INFO - Task exited with return code 0
