[2019-03-21 18:20:18,682] {models.py:1359} INFO - Dependencies all met for <TaskInstance: tutorial.templated 2017-10-04T00:00:00+00:00 [queued]>
[2019-03-21 18:20:18,687] {models.py:1359} INFO - Dependencies all met for <TaskInstance: tutorial.templated 2017-10-04T00:00:00+00:00 [queued]>
[2019-03-21 18:20:18,687] {models.py:1571} INFO - 
--------------------------------------------------------------------------------
Starting attempt 1 of 2
--------------------------------------------------------------------------------

[2019-03-21 18:20:18,704] {models.py:1593} INFO - Executing <Task(BashOperator): templated> on 2017-10-04T00:00:00+00:00
[2019-03-21 18:20:18,704] {base_task_runner.py:118} INFO - Running: ['bash', '-c', 'airflow run tutorial templated 2017-10-04T00:00:00+00:00 --job_id 1787 --raw -sd DAGS_FOLDER/example_dags/tutorial.py --cfg_path /tmp/tmpv571i_n7']
[2019-03-21 18:20:19,348] {base_task_runner.py:101} INFO - Job 1787: Subtask templated [2019-03-21 18:20:19,347] {__init__.py:51} INFO - Using executor SequentialExecutor
[2019-03-21 18:20:19,609] {base_task_runner.py:101} INFO - Job 1787: Subtask templated [2019-03-21 18:20:19,608] {models.py:273} INFO - Filling up the DagBag from /home/rsandroni/airflow/dags/example_dags/tutorial.py
[2019-03-21 18:20:19,674] {base_task_runner.py:101} INFO - Job 1787: Subtask templated [2019-03-21 18:20:19,673] {cli.py:520} INFO - Running <TaskInstance: tutorial.templated 2017-10-04T00:00:00+00:00 [running]> on host IADAIRP1.globalrs.rack.space
[2019-03-21 18:20:19,690] {bash_operator.py:77} INFO - Tmp dir root location: 
 /tmp
[2019-03-21 18:20:19,690] {bash_operator.py:86} INFO - Exporting the following env vars:
AIRFLOW_CTX_DAG_ID=tutorial
AIRFLOW_CTX_TASK_ID=templated
AIRFLOW_CTX_EXECUTION_DATE=2017-10-04T00:00:00+00:00
AIRFLOW_CTX_DAG_RUN_ID=scheduled__2017-10-04T00:00:00+00:00
[2019-03-21 18:20:19,691] {bash_operator.py:100} INFO - Temporary script location: /tmp/airflowtmp3m4r4rd4/templatedp_dseagt
[2019-03-21 18:20:19,691] {bash_operator.py:110} INFO - Running command: 

    echo "2017-10-04"
    echo "2017-10-11"
    echo "Parameter I passed in"

    echo "2017-10-04"
    echo "2017-10-11"
    echo "Parameter I passed in"

    echo "2017-10-04"
    echo "2017-10-11"
    echo "Parameter I passed in"

    echo "2017-10-04"
    echo "2017-10-11"
    echo "Parameter I passed in"

    echo "2017-10-04"
    echo "2017-10-11"
    echo "Parameter I passed in"

[2019-03-21 18:20:19,698] {bash_operator.py:119} INFO - Output:
[2019-03-21 18:20:19,700] {bash_operator.py:123} INFO - 2017-10-04
[2019-03-21 18:20:19,701] {bash_operator.py:123} INFO - 2017-10-11
[2019-03-21 18:20:19,701] {bash_operator.py:123} INFO - Parameter I passed in
[2019-03-21 18:20:19,701] {bash_operator.py:123} INFO - 2017-10-04
[2019-03-21 18:20:19,702] {bash_operator.py:123} INFO - 2017-10-11
[2019-03-21 18:20:19,703] {bash_operator.py:123} INFO - Parameter I passed in
[2019-03-21 18:20:19,703] {bash_operator.py:123} INFO - 2017-10-04
[2019-03-21 18:20:19,704] {bash_operator.py:123} INFO - 2017-10-11
[2019-03-21 18:20:19,704] {bash_operator.py:123} INFO - Parameter I passed in
[2019-03-21 18:20:19,705] {bash_operator.py:123} INFO - 2017-10-04
[2019-03-21 18:20:19,707] {bash_operator.py:123} INFO - 2017-10-11
[2019-03-21 18:20:19,707] {bash_operator.py:123} INFO - Parameter I passed in
[2019-03-21 18:20:19,708] {bash_operator.py:123} INFO - 2017-10-04
[2019-03-21 18:20:19,708] {bash_operator.py:123} INFO - 2017-10-11
[2019-03-21 18:20:19,708] {bash_operator.py:123} INFO - Parameter I passed in
[2019-03-21 18:20:19,708] {bash_operator.py:127} INFO - Command exited with return code 0
[2019-03-21 18:20:23,682] {logging_mixin.py:95} INFO - [2019-03-21 18:20:23,681] {jobs.py:2527} INFO - Task exited with return code 0
