[2019-03-19 11:20:50,621] {models.py:1359} INFO - Dependencies all met for <TaskInstance: tutorial.print_date 2015-10-07T00:00:00+00:00 [queued]>
[2019-03-19 11:20:50,622] {models.py:1359} INFO - Dependencies all met for <TaskInstance: tutorial.print_date 2015-10-07T00:00:00+00:00 [queued]>
[2019-03-19 11:20:50,623] {models.py:1571} INFO - 
--------------------------------------------------------------------------------
Starting attempt 1 of 2
--------------------------------------------------------------------------------

[2019-03-19 11:20:50,637] {models.py:1593} INFO - Executing <Task(BashOperator): print_date> on 2015-10-07T00:00:00+00:00
[2019-03-19 11:20:50,637] {base_task_runner.py:118} INFO - Running: ['bash', '-c', 'airflow run tutorial print_date 2015-10-07T00:00:00+00:00 --job_id 260 --raw -sd DAGS_FOLDER/sql_server_load.py --cfg_path /tmp/tmp6o6qrphy']
[2019-03-19 11:20:51,240] {base_task_runner.py:101} INFO - Job 260: Subtask print_date [2019-03-19 11:20:51,239] {__init__.py:51} INFO - Using executor SequentialExecutor
[2019-03-19 11:20:51,463] {base_task_runner.py:101} INFO - Job 260: Subtask print_date [2019-03-19 11:20:51,462] {models.py:273} INFO - Filling up the DagBag from /home/rsandroni/airflow/dags/sql_server_load.py
[2019-03-19 11:20:51,481] {base_task_runner.py:101} INFO - Job 260: Subtask print_date [2019-03-19 11:20:51,481] {cli.py:520} INFO - Running <TaskInstance: tutorial.print_date 2015-10-07T00:00:00+00:00 [running]> on host IADAIRP1.globalrs.rack.space
[2019-03-19 11:20:51,493] {bash_operator.py:77} INFO - Tmp dir root location: 
 /tmp
[2019-03-19 11:20:51,494] {bash_operator.py:86} INFO - Exporting the following env vars:
AIRFLOW_CTX_DAG_ID=tutorial
AIRFLOW_CTX_TASK_ID=print_date
AIRFLOW_CTX_EXECUTION_DATE=2015-10-07T00:00:00+00:00
AIRFLOW_CTX_DAG_RUN_ID=scheduled__2015-10-07T00:00:00+00:00
[2019-03-19 11:20:51,494] {bash_operator.py:100} INFO - Temporary script location: /tmp/airflowtmptnovcele/print_datexp6y9nuz
[2019-03-19 11:20:51,494] {bash_operator.py:110} INFO - Running command: date
[2019-03-19 11:20:51,499] {bash_operator.py:119} INFO - Output:
[2019-03-19 11:20:51,501] {bash_operator.py:123} INFO - Ter Mar 19 11:20:51 -03 2019
[2019-03-19 11:20:51,501] {bash_operator.py:127} INFO - Command exited with return code 0
[2019-03-19 11:20:55,625] {logging_mixin.py:95} INFO - [2019-03-19 11:20:55,624] {jobs.py:2527} INFO - Task exited with return code 0
