[2019-03-19 14:53:26,082] {models.py:1359} INFO - Dependencies all met for <TaskInstance: tutorial.print_date 2017-01-05T00:00:00+00:00 [queued]>
[2019-03-19 14:53:26,085] {models.py:1359} INFO - Dependencies all met for <TaskInstance: tutorial.print_date 2017-01-05T00:00:00+00:00 [queued]>
[2019-03-19 14:53:26,085] {models.py:1571} INFO - 
--------------------------------------------------------------------------------
Starting attempt 1 of 2
--------------------------------------------------------------------------------

[2019-03-19 14:53:26,099] {models.py:1593} INFO - Executing <Task(BashOperator): print_date> on 2017-01-05T00:00:00+00:00
[2019-03-19 14:53:26,099] {base_task_runner.py:118} INFO - Running: ['bash', '-c', 'airflow run tutorial print_date 2017-01-05T00:00:00+00:00 --job_id 1172 --raw -sd DAGS_FOLDER/sql_server_load.py --cfg_path /tmp/tmp_7kehu06']
[2019-03-19 14:53:26,766] {base_task_runner.py:101} INFO - Job 1172: Subtask print_date [2019-03-19 14:53:26,765] {__init__.py:51} INFO - Using executor SequentialExecutor
[2019-03-19 14:53:27,042] {base_task_runner.py:101} INFO - Job 1172: Subtask print_date [2019-03-19 14:53:27,041] {models.py:273} INFO - Filling up the DagBag from /home/rsandroni/airflow/dags/sql_server_load.py
[2019-03-19 14:53:27,059] {base_task_runner.py:101} INFO - Job 1172: Subtask print_date [2019-03-19 14:53:27,059] {cli.py:520} INFO - Running <TaskInstance: tutorial.print_date 2017-01-05T00:00:00+00:00 [running]> on host IADAIRP1.globalrs.rack.space
[2019-03-19 14:53:27,072] {bash_operator.py:77} INFO - Tmp dir root location: 
 /tmp
[2019-03-19 14:53:27,072] {bash_operator.py:86} INFO - Exporting the following env vars:
AIRFLOW_CTX_DAG_ID=tutorial
AIRFLOW_CTX_TASK_ID=print_date
AIRFLOW_CTX_EXECUTION_DATE=2017-01-05T00:00:00+00:00
AIRFLOW_CTX_DAG_RUN_ID=scheduled__2017-01-05T00:00:00+00:00
[2019-03-19 14:53:27,073] {bash_operator.py:100} INFO - Temporary script location: /tmp/airflowtmp992waoz1/print_datemlg4z7y4
[2019-03-19 14:53:27,073] {bash_operator.py:110} INFO - Running command: date
[2019-03-19 14:53:27,078] {bash_operator.py:119} INFO - Output:
[2019-03-19 14:53:27,080] {bash_operator.py:123} INFO - Ter Mar 19 14:53:27 -03 2019
[2019-03-19 14:53:27,080] {bash_operator.py:127} INFO - Command exited with return code 0
[2019-03-19 14:53:31,102] {logging_mixin.py:95} INFO - [2019-03-19 14:53:31,102] {jobs.py:2527} INFO - Task exited with return code 0
