[2019-03-21 21:39:49,891] {models.py:1359} INFO - Dependencies all met for <TaskInstance: tutorial.templated 2018-03-07T00:00:00+00:00 [queued]>
[2019-03-21 21:39:49,896] {models.py:1359} INFO - Dependencies all met for <TaskInstance: tutorial.templated 2018-03-07T00:00:00+00:00 [queued]>
[2019-03-21 21:39:49,896] {models.py:1571} INFO - 
--------------------------------------------------------------------------------
Starting attempt 1 of 2
--------------------------------------------------------------------------------

[2019-03-21 21:39:49,923] {models.py:1593} INFO - Executing <Task(BashOperator): templated> on 2018-03-07T00:00:00+00:00
[2019-03-21 21:39:49,924] {base_task_runner.py:118} INFO - Running: ['bash', '-c', 'airflow run tutorial templated 2018-03-07T00:00:00+00:00 --job_id 2095 --raw -sd DAGS_FOLDER/example_dags/tutorial.py --cfg_path /tmp/tmpm1cl4zac']
[2019-03-21 21:39:50,563] {base_task_runner.py:101} INFO - Job 2095: Subtask templated [2019-03-21 21:39:50,562] {__init__.py:51} INFO - Using executor SequentialExecutor
[2019-03-21 21:39:50,799] {base_task_runner.py:101} INFO - Job 2095: Subtask templated [2019-03-21 21:39:50,798] {models.py:273} INFO - Filling up the DagBag from /home/rsandroni/airflow/dags/example_dags/tutorial.py
[2019-03-21 21:39:50,864] {base_task_runner.py:101} INFO - Job 2095: Subtask templated [2019-03-21 21:39:50,863] {cli.py:520} INFO - Running <TaskInstance: tutorial.templated 2018-03-07T00:00:00+00:00 [running]> on host IADAIRP1.globalrs.rack.space
[2019-03-21 21:39:50,879] {bash_operator.py:77} INFO - Tmp dir root location: 
 /tmp
[2019-03-21 21:39:50,879] {bash_operator.py:86} INFO - Exporting the following env vars:
AIRFLOW_CTX_DAG_ID=tutorial
AIRFLOW_CTX_TASK_ID=templated
AIRFLOW_CTX_EXECUTION_DATE=2018-03-07T00:00:00+00:00
AIRFLOW_CTX_DAG_RUN_ID=scheduled__2018-03-07T00:00:00+00:00
[2019-03-21 21:39:50,880] {bash_operator.py:100} INFO - Temporary script location: /tmp/airflowtmpwousokpd/templatedacyczz3j
[2019-03-21 21:39:50,880] {bash_operator.py:110} INFO - Running command: 

    echo "2018-03-07"
    echo "2018-03-14"
    echo "Parameter I passed in"

    echo "2018-03-07"
    echo "2018-03-14"
    echo "Parameter I passed in"

    echo "2018-03-07"
    echo "2018-03-14"
    echo "Parameter I passed in"

    echo "2018-03-07"
    echo "2018-03-14"
    echo "Parameter I passed in"

    echo "2018-03-07"
    echo "2018-03-14"
    echo "Parameter I passed in"

[2019-03-21 21:39:50,885] {bash_operator.py:119} INFO - Output:
[2019-03-21 21:39:50,886] {bash_operator.py:123} INFO - 2018-03-07
[2019-03-21 21:39:50,886] {bash_operator.py:123} INFO - 2018-03-14
[2019-03-21 21:39:50,887] {bash_operator.py:123} INFO - Parameter I passed in
[2019-03-21 21:39:50,887] {bash_operator.py:123} INFO - 2018-03-07
[2019-03-21 21:39:50,887] {bash_operator.py:123} INFO - 2018-03-14
[2019-03-21 21:39:50,887] {bash_operator.py:123} INFO - Parameter I passed in
[2019-03-21 21:39:50,887] {bash_operator.py:123} INFO - 2018-03-07
[2019-03-21 21:39:50,887] {bash_operator.py:123} INFO - 2018-03-14
[2019-03-21 21:39:50,887] {bash_operator.py:123} INFO - Parameter I passed in
[2019-03-21 21:39:50,887] {bash_operator.py:123} INFO - 2018-03-07
[2019-03-21 21:39:50,887] {bash_operator.py:123} INFO - 2018-03-14
[2019-03-21 21:39:50,887] {bash_operator.py:123} INFO - Parameter I passed in
[2019-03-21 21:39:50,887] {bash_operator.py:123} INFO - 2018-03-07
[2019-03-21 21:39:50,887] {bash_operator.py:123} INFO - 2018-03-14
[2019-03-21 21:39:50,887] {bash_operator.py:123} INFO - Parameter I passed in
[2019-03-21 21:39:50,887] {bash_operator.py:127} INFO - Command exited with return code 0
[2019-03-21 21:39:54,893] {logging_mixin.py:95} INFO - [2019-03-21 21:39:54,892] {jobs.py:2527} INFO - Task exited with return code 0
