[2019-03-21 17:45:25,295] {models.py:1359} INFO - Dependencies all met for <TaskInstance: tutorial.templated 2017-08-06T00:00:00+00:00 [queued]>
[2019-03-21 17:45:25,303] {models.py:1359} INFO - Dependencies all met for <TaskInstance: tutorial.templated 2017-08-06T00:00:00+00:00 [queued]>
[2019-03-21 17:45:25,303] {models.py:1571} INFO - 
--------------------------------------------------------------------------------
Starting attempt 1 of 2
--------------------------------------------------------------------------------

[2019-03-21 17:45:25,375] {models.py:1593} INFO - Executing <Task(BashOperator): templated> on 2017-08-06T00:00:00+00:00
[2019-03-21 17:45:25,375] {base_task_runner.py:118} INFO - Running: ['bash', '-c', 'airflow run tutorial templated 2017-08-06T00:00:00+00:00 --job_id 1646 --raw -sd DAGS_FOLDER/example_dags/tutorial.py --cfg_path /tmp/tmp6jili1vc']
[2019-03-21 17:45:26,641] {base_task_runner.py:101} INFO - Job 1646: Subtask templated [2019-03-21 17:45:26,640] {__init__.py:51} INFO - Using executor SequentialExecutor
[2019-03-21 17:45:27,109] {base_task_runner.py:101} INFO - Job 1646: Subtask templated [2019-03-21 17:45:27,103] {models.py:273} INFO - Filling up the DagBag from /home/rsandroni/airflow/dags/example_dags/tutorial.py
[2019-03-21 17:45:27,322] {base_task_runner.py:101} INFO - Job 1646: Subtask templated [2019-03-21 17:45:27,316] {cli.py:520} INFO - Running <TaskInstance: tutorial.templated 2017-08-06T00:00:00+00:00 [running]> on host IADAIRP1.globalrs.rack.space
[2019-03-21 17:45:27,355] {bash_operator.py:77} INFO - Tmp dir root location: 
 /tmp
[2019-03-21 17:45:27,356] {bash_operator.py:86} INFO - Exporting the following env vars:
AIRFLOW_CTX_DAG_ID=tutorial
AIRFLOW_CTX_TASK_ID=templated
AIRFLOW_CTX_EXECUTION_DATE=2017-08-06T00:00:00+00:00
AIRFLOW_CTX_DAG_RUN_ID=scheduled__2017-08-06T00:00:00+00:00
[2019-03-21 17:45:27,356] {bash_operator.py:100} INFO - Temporary script location: /tmp/airflowtmp8f8bsuit/templatedteaudcym
[2019-03-21 17:45:27,357] {bash_operator.py:110} INFO - Running command: 

    echo "2017-08-06"
    echo "2017-08-13"
    echo "Parameter I passed in"

    echo "2017-08-06"
    echo "2017-08-13"
    echo "Parameter I passed in"

    echo "2017-08-06"
    echo "2017-08-13"
    echo "Parameter I passed in"

    echo "2017-08-06"
    echo "2017-08-13"
    echo "Parameter I passed in"

    echo "2017-08-06"
    echo "2017-08-13"
    echo "Parameter I passed in"

[2019-03-21 17:45:27,397] {bash_operator.py:119} INFO - Output:
[2019-03-21 17:45:27,408] {bash_operator.py:123} INFO - 2017-08-06
[2019-03-21 17:45:27,408] {bash_operator.py:123} INFO - 2017-08-13
[2019-03-21 17:45:27,408] {bash_operator.py:123} INFO - Parameter I passed in
[2019-03-21 17:45:27,408] {bash_operator.py:123} INFO - 2017-08-06
[2019-03-21 17:45:27,408] {bash_operator.py:123} INFO - 2017-08-13
[2019-03-21 17:45:27,408] {bash_operator.py:123} INFO - Parameter I passed in
[2019-03-21 17:45:27,408] {bash_operator.py:123} INFO - 2017-08-06
[2019-03-21 17:45:27,408] {bash_operator.py:123} INFO - 2017-08-13
[2019-03-21 17:45:27,408] {bash_operator.py:123} INFO - Parameter I passed in
[2019-03-21 17:45:27,408] {bash_operator.py:123} INFO - 2017-08-06
[2019-03-21 17:45:27,409] {bash_operator.py:123} INFO - 2017-08-13
[2019-03-21 17:45:27,409] {bash_operator.py:123} INFO - Parameter I passed in
[2019-03-21 17:45:27,409] {bash_operator.py:123} INFO - 2017-08-06
[2019-03-21 17:45:27,409] {bash_operator.py:123} INFO - 2017-08-13
[2019-03-21 17:45:27,409] {bash_operator.py:123} INFO - Parameter I passed in
[2019-03-21 17:45:27,409] {bash_operator.py:127} INFO - Command exited with return code 0
[2019-03-21 17:45:30,282] {logging_mixin.py:95} INFO - [2019-03-21 17:45:30,281] {jobs.py:2527} INFO - Task exited with return code 0
