[2019-03-21 19:49:37,302] {models.py:1359} INFO - Dependencies all met for <TaskInstance: tutorial.templated 2017-12-12T00:00:00+00:00 [queued]>
[2019-03-21 19:49:37,306] {models.py:1359} INFO - Dependencies all met for <TaskInstance: tutorial.templated 2017-12-12T00:00:00+00:00 [queued]>
[2019-03-21 19:49:37,307] {models.py:1571} INFO - 
--------------------------------------------------------------------------------
Starting attempt 1 of 2
--------------------------------------------------------------------------------

[2019-03-21 19:49:37,320] {models.py:1593} INFO - Executing <Task(BashOperator): templated> on 2017-12-12T00:00:00+00:00
[2019-03-21 19:49:37,321] {base_task_runner.py:118} INFO - Running: ['bash', '-c', 'airflow run tutorial templated 2017-12-12T00:00:00+00:00 --job_id 1926 --raw -sd DAGS_FOLDER/example_dags/tutorial.py --cfg_path /tmp/tmpyrd00z_o']
[2019-03-21 19:49:37,955] {base_task_runner.py:101} INFO - Job 1926: Subtask templated [2019-03-21 19:49:37,955] {__init__.py:51} INFO - Using executor SequentialExecutor
[2019-03-21 19:49:38,184] {base_task_runner.py:101} INFO - Job 1926: Subtask templated [2019-03-21 19:49:38,183] {models.py:273} INFO - Filling up the DagBag from /home/rsandroni/airflow/dags/example_dags/tutorial.py
[2019-03-21 19:49:38,247] {base_task_runner.py:101} INFO - Job 1926: Subtask templated [2019-03-21 19:49:38,247] {cli.py:520} INFO - Running <TaskInstance: tutorial.templated 2017-12-12T00:00:00+00:00 [running]> on host IADAIRP1.globalrs.rack.space
[2019-03-21 19:49:38,263] {bash_operator.py:77} INFO - Tmp dir root location: 
 /tmp
[2019-03-21 19:49:38,263] {bash_operator.py:86} INFO - Exporting the following env vars:
AIRFLOW_CTX_DAG_ID=tutorial
AIRFLOW_CTX_TASK_ID=templated
AIRFLOW_CTX_EXECUTION_DATE=2017-12-12T00:00:00+00:00
AIRFLOW_CTX_DAG_RUN_ID=scheduled__2017-12-12T00:00:00+00:00
[2019-03-21 19:49:38,264] {bash_operator.py:100} INFO - Temporary script location: /tmp/airflowtmpwgu9jis2/templatedsl404d5c
[2019-03-21 19:49:38,264] {bash_operator.py:110} INFO - Running command: 

    echo "2017-12-12"
    echo "2017-12-19"
    echo "Parameter I passed in"

    echo "2017-12-12"
    echo "2017-12-19"
    echo "Parameter I passed in"

    echo "2017-12-12"
    echo "2017-12-19"
    echo "Parameter I passed in"

    echo "2017-12-12"
    echo "2017-12-19"
    echo "Parameter I passed in"

    echo "2017-12-12"
    echo "2017-12-19"
    echo "Parameter I passed in"

[2019-03-21 19:49:38,270] {bash_operator.py:119} INFO - Output:
[2019-03-21 19:49:38,271] {bash_operator.py:123} INFO - 2017-12-12
[2019-03-21 19:49:38,271] {bash_operator.py:123} INFO - 2017-12-19
[2019-03-21 19:49:38,271] {bash_operator.py:123} INFO - Parameter I passed in
[2019-03-21 19:49:38,271] {bash_operator.py:123} INFO - 2017-12-12
[2019-03-21 19:49:38,271] {bash_operator.py:123} INFO - 2017-12-19
[2019-03-21 19:49:38,271] {bash_operator.py:123} INFO - Parameter I passed in
[2019-03-21 19:49:38,271] {bash_operator.py:123} INFO - 2017-12-12
[2019-03-21 19:49:38,271] {bash_operator.py:123} INFO - 2017-12-19
[2019-03-21 19:49:38,271] {bash_operator.py:123} INFO - Parameter I passed in
[2019-03-21 19:49:38,271] {bash_operator.py:123} INFO - 2017-12-12
[2019-03-21 19:49:38,271] {bash_operator.py:123} INFO - 2017-12-19
[2019-03-21 19:49:38,271] {bash_operator.py:123} INFO - Parameter I passed in
[2019-03-21 19:49:38,271] {bash_operator.py:123} INFO - 2017-12-12
[2019-03-21 19:49:38,271] {bash_operator.py:123} INFO - 2017-12-19
[2019-03-21 19:49:38,271] {bash_operator.py:123} INFO - Parameter I passed in
[2019-03-21 19:49:38,271] {bash_operator.py:127} INFO - Command exited with return code 0
[2019-03-21 19:49:42,308] {logging_mixin.py:95} INFO - [2019-03-21 19:49:42,307] {jobs.py:2527} INFO - Task exited with return code 0
