[2019-03-22 03:05:23,648] {models.py:1359} INFO - Dependencies all met for <TaskInstance: tutorial.templated 2018-11-09T00:00:00+00:00 [queued]>
[2019-03-22 03:05:23,653] {models.py:1359} INFO - Dependencies all met for <TaskInstance: tutorial.templated 2018-11-09T00:00:00+00:00 [queued]>
[2019-03-22 03:05:23,653] {models.py:1571} INFO - 
--------------------------------------------------------------------------------
Starting attempt 1 of 2
--------------------------------------------------------------------------------

[2019-03-22 03:05:23,702] {models.py:1593} INFO - Executing <Task(BashOperator): templated> on 2018-11-09T00:00:00+00:00
[2019-03-22 03:05:23,703] {base_task_runner.py:118} INFO - Running: ['bash', '-c', 'airflow run tutorial templated 2018-11-09T00:00:00+00:00 --job_id 2590 --raw -sd DAGS_FOLDER/example_dags/tutorial.py --cfg_path /tmp/tmpw8wmrccc']
[2019-03-22 03:05:25,172] {base_task_runner.py:101} INFO - Job 2590: Subtask templated [2019-03-22 03:05:25,171] {__init__.py:51} INFO - Using executor SequentialExecutor
[2019-03-22 03:05:26,060] {base_task_runner.py:101} INFO - Job 2590: Subtask templated [2019-03-22 03:05:26,052] {models.py:273} INFO - Filling up the DagBag from /home/rsandroni/airflow/dags/example_dags/tutorial.py
[2019-03-22 03:05:26,228] {base_task_runner.py:101} INFO - Job 2590: Subtask templated [2019-03-22 03:05:26,224] {cli.py:520} INFO - Running <TaskInstance: tutorial.templated 2018-11-09T00:00:00+00:00 [running]> on host IADAIRP1.globalrs.rack.space
[2019-03-22 03:05:26,279] {bash_operator.py:77} INFO - Tmp dir root location: 
 /tmp
[2019-03-22 03:05:26,279] {bash_operator.py:86} INFO - Exporting the following env vars:
AIRFLOW_CTX_DAG_ID=tutorial
AIRFLOW_CTX_TASK_ID=templated
AIRFLOW_CTX_EXECUTION_DATE=2018-11-09T00:00:00+00:00
AIRFLOW_CTX_DAG_RUN_ID=scheduled__2018-11-09T00:00:00+00:00
[2019-03-22 03:05:26,280] {bash_operator.py:100} INFO - Temporary script location: /tmp/airflowtmp9nhcau8y/templated5o0jgos5
[2019-03-22 03:05:26,280] {bash_operator.py:110} INFO - Running command: 

    echo "2018-11-09"
    echo "2018-11-16"
    echo "Parameter I passed in"

    echo "2018-11-09"
    echo "2018-11-16"
    echo "Parameter I passed in"

    echo "2018-11-09"
    echo "2018-11-16"
    echo "Parameter I passed in"

    echo "2018-11-09"
    echo "2018-11-16"
    echo "Parameter I passed in"

    echo "2018-11-09"
    echo "2018-11-16"
    echo "Parameter I passed in"

[2019-03-22 03:05:26,323] {bash_operator.py:119} INFO - Output:
[2019-03-22 03:05:26,323] {bash_operator.py:123} INFO - 2018-11-09
[2019-03-22 03:05:26,323] {bash_operator.py:123} INFO - 2018-11-16
[2019-03-22 03:05:26,323] {bash_operator.py:123} INFO - Parameter I passed in
[2019-03-22 03:05:26,323] {bash_operator.py:123} INFO - 2018-11-09
[2019-03-22 03:05:26,323] {bash_operator.py:123} INFO - 2018-11-16
[2019-03-22 03:05:26,323] {bash_operator.py:123} INFO - Parameter I passed in
[2019-03-22 03:05:26,324] {bash_operator.py:123} INFO - 2018-11-09
[2019-03-22 03:05:26,324] {bash_operator.py:123} INFO - 2018-11-16
[2019-03-22 03:05:26,324] {bash_operator.py:123} INFO - Parameter I passed in
[2019-03-22 03:05:26,324] {bash_operator.py:123} INFO - 2018-11-09
[2019-03-22 03:05:26,324] {bash_operator.py:123} INFO - 2018-11-16
[2019-03-22 03:05:26,324] {bash_operator.py:123} INFO - Parameter I passed in
[2019-03-22 03:05:26,324] {bash_operator.py:123} INFO - 2018-11-09
[2019-03-22 03:05:26,324] {bash_operator.py:123} INFO - 2018-11-16
[2019-03-22 03:05:26,324] {bash_operator.py:123} INFO - Parameter I passed in
[2019-03-22 03:05:26,324] {bash_operator.py:127} INFO - Command exited with return code 0
[2019-03-22 03:05:28,655] {logging_mixin.py:95} INFO - [2019-03-22 03:05:28,654] {jobs.py:2527} INFO - Task exited with return code 0
