[2019-03-22 02:47:00,175] {models.py:1359} INFO - Dependencies all met for <TaskInstance: tutorial.templated 2018-10-27T00:00:00+00:00 [queued]>
[2019-03-22 02:47:00,192] {models.py:1359} INFO - Dependencies all met for <TaskInstance: tutorial.templated 2018-10-27T00:00:00+00:00 [queued]>
[2019-03-22 02:47:00,192] {models.py:1571} INFO - 
--------------------------------------------------------------------------------
Starting attempt 1 of 2
--------------------------------------------------------------------------------

[2019-03-22 02:47:00,253] {models.py:1593} INFO - Executing <Task(BashOperator): templated> on 2018-10-27T00:00:00+00:00
[2019-03-22 02:47:00,253] {base_task_runner.py:118} INFO - Running: ['bash', '-c', 'airflow run tutorial templated 2018-10-27T00:00:00+00:00 --job_id 2563 --raw -sd DAGS_FOLDER/example_dags/tutorial.py --cfg_path /tmp/tmp_3gpwkbv']
[2019-03-22 02:47:01,271] {base_task_runner.py:101} INFO - Job 2563: Subtask templated [2019-03-22 02:47:01,270] {__init__.py:51} INFO - Using executor SequentialExecutor
[2019-03-22 02:47:01,627] {base_task_runner.py:101} INFO - Job 2563: Subtask templated [2019-03-22 02:47:01,624] {models.py:273} INFO - Filling up the DagBag from /home/rsandroni/airflow/dags/example_dags/tutorial.py
[2019-03-22 02:47:01,691] {base_task_runner.py:101} INFO - Job 2563: Subtask templated [2019-03-22 02:47:01,690] {cli.py:520} INFO - Running <TaskInstance: tutorial.templated 2018-10-27T00:00:00+00:00 [running]> on host IADAIRP1.globalrs.rack.space
[2019-03-22 02:47:01,708] {bash_operator.py:77} INFO - Tmp dir root location: 
 /tmp
[2019-03-22 02:47:01,709] {bash_operator.py:86} INFO - Exporting the following env vars:
AIRFLOW_CTX_DAG_ID=tutorial
AIRFLOW_CTX_TASK_ID=templated
AIRFLOW_CTX_EXECUTION_DATE=2018-10-27T00:00:00+00:00
AIRFLOW_CTX_DAG_RUN_ID=scheduled__2018-10-27T00:00:00+00:00
[2019-03-22 02:47:01,709] {bash_operator.py:100} INFO - Temporary script location: /tmp/airflowtmp1kxt9say/templatedw5y0n9hu
[2019-03-22 02:47:01,709] {bash_operator.py:110} INFO - Running command: 

    echo "2018-10-27"
    echo "2018-11-03"
    echo "Parameter I passed in"

    echo "2018-10-27"
    echo "2018-11-03"
    echo "Parameter I passed in"

    echo "2018-10-27"
    echo "2018-11-03"
    echo "Parameter I passed in"

    echo "2018-10-27"
    echo "2018-11-03"
    echo "Parameter I passed in"

    echo "2018-10-27"
    echo "2018-11-03"
    echo "Parameter I passed in"

[2019-03-22 02:47:01,714] {bash_operator.py:119} INFO - Output:
[2019-03-22 02:47:01,716] {bash_operator.py:123} INFO - 2018-10-27
[2019-03-22 02:47:01,716] {bash_operator.py:123} INFO - 2018-11-03
[2019-03-22 02:47:01,716] {bash_operator.py:123} INFO - Parameter I passed in
[2019-03-22 02:47:01,716] {bash_operator.py:123} INFO - 2018-10-27
[2019-03-22 02:47:01,716] {bash_operator.py:123} INFO - 2018-11-03
[2019-03-22 02:47:01,716] {bash_operator.py:123} INFO - Parameter I passed in
[2019-03-22 02:47:01,716] {bash_operator.py:123} INFO - 2018-10-27
[2019-03-22 02:47:01,716] {bash_operator.py:123} INFO - 2018-11-03
[2019-03-22 02:47:01,716] {bash_operator.py:123} INFO - Parameter I passed in
[2019-03-22 02:47:01,716] {bash_operator.py:123} INFO - 2018-10-27
[2019-03-22 02:47:01,716] {bash_operator.py:123} INFO - 2018-11-03
[2019-03-22 02:47:01,716] {bash_operator.py:123} INFO - Parameter I passed in
[2019-03-22 02:47:01,716] {bash_operator.py:123} INFO - 2018-10-27
[2019-03-22 02:47:01,716] {bash_operator.py:123} INFO - 2018-11-03
[2019-03-22 02:47:01,716] {bash_operator.py:123} INFO - Parameter I passed in
[2019-03-22 02:47:01,716] {bash_operator.py:127} INFO - Command exited with return code 0
[2019-03-22 02:47:05,125] {logging_mixin.py:95} INFO - [2019-03-22 02:47:05,124] {jobs.py:2527} INFO - Task exited with return code 0
