[2019-03-19 10:49:49,640] {models.py:1359} INFO - Dependencies all met for <TaskInstance: tutorial.print_date 2015-08-08T00:00:00+00:00 [queued]>
[2019-03-19 10:49:49,642] {models.py:1359} INFO - Dependencies all met for <TaskInstance: tutorial.print_date 2015-08-08T00:00:00+00:00 [queued]>
[2019-03-19 10:49:49,642] {models.py:1571} INFO - 
--------------------------------------------------------------------------------
Starting attempt 1 of 2
--------------------------------------------------------------------------------

[2019-03-19 10:49:49,657] {models.py:1593} INFO - Executing <Task(BashOperator): print_date> on 2015-08-08T00:00:00+00:00
[2019-03-19 10:49:49,657] {base_task_runner.py:118} INFO - Running: ['bash', '-c', 'airflow run tutorial print_date 2015-08-08T00:00:00+00:00 --job_id 141 --raw -sd DAGS_FOLDER/tutorial.py --cfg_path /tmp/tmpjosrlrn1']
[2019-03-19 10:49:50,255] {base_task_runner.py:101} INFO - Job 141: Subtask print_date [2019-03-19 10:49:50,254] {__init__.py:51} INFO - Using executor SequentialExecutor
[2019-03-19 10:49:50,472] {base_task_runner.py:101} INFO - Job 141: Subtask print_date [2019-03-19 10:49:50,471] {models.py:273} INFO - Filling up the DagBag from /home/rsandroni/airflow/dags/tutorial.py
[2019-03-19 10:49:50,488] {base_task_runner.py:101} INFO - Job 141: Subtask print_date [2019-03-19 10:49:50,486] {cli.py:520} INFO - Running <TaskInstance: tutorial.print_date 2015-08-08T00:00:00+00:00 [running]> on host IADAIRP1.globalrs.rack.space
[2019-03-19 10:49:50,498] {bash_operator.py:77} INFO - Tmp dir root location: 
 /tmp
[2019-03-19 10:49:50,499] {bash_operator.py:86} INFO - Exporting the following env vars:
AIRFLOW_CTX_DAG_ID=tutorial
AIRFLOW_CTX_TASK_ID=print_date
AIRFLOW_CTX_EXECUTION_DATE=2015-08-08T00:00:00+00:00
AIRFLOW_CTX_DAG_RUN_ID=scheduled__2015-08-08T00:00:00+00:00
[2019-03-19 10:49:50,499] {bash_operator.py:100} INFO - Temporary script location: /tmp/airflowtmp5s9ivpyo/print_datepyiguhi7
[2019-03-19 10:49:50,499] {bash_operator.py:110} INFO - Running command: date
[2019-03-19 10:49:50,504] {bash_operator.py:119} INFO - Output:
[2019-03-19 10:49:50,506] {bash_operator.py:123} INFO - Ter Mar 19 10:49:50 -03 2019
[2019-03-19 10:49:50,506] {bash_operator.py:127} INFO - Command exited with return code 0
[2019-03-19 10:49:54,645] {logging_mixin.py:95} INFO - [2019-03-19 10:49:54,645] {jobs.py:2527} INFO - Task exited with return code 0
