[2019-03-19 12:25:47,311] {models.py:1359} INFO - Dependencies all met for <TaskInstance: tutorial.templated 2016-03-03T00:00:00+00:00 [queued]>
[2019-03-19 12:25:47,315] {models.py:1359} INFO - Dependencies all met for <TaskInstance: tutorial.templated 2016-03-03T00:00:00+00:00 [queued]>
[2019-03-19 12:25:47,315] {models.py:1571} INFO - 
--------------------------------------------------------------------------------
Starting attempt 1 of 2
--------------------------------------------------------------------------------

[2019-03-19 12:25:47,330] {models.py:1593} INFO - Executing <Task(BashOperator): templated> on 2016-03-03T00:00:00+00:00
[2019-03-19 12:25:47,330] {base_task_runner.py:118} INFO - Running: ['bash', '-c', 'airflow run tutorial templated 2016-03-03T00:00:00+00:00 --job_id 561 --raw -sd DAGS_FOLDER/sql_server_load.py --cfg_path /tmp/tmpeatwivdb']
[2019-03-19 12:25:47,949] {base_task_runner.py:101} INFO - Job 561: Subtask templated [2019-03-19 12:25:47,949] {__init__.py:51} INFO - Using executor SequentialExecutor
[2019-03-19 12:25:48,177] {base_task_runner.py:101} INFO - Job 561: Subtask templated [2019-03-19 12:25:48,177] {models.py:273} INFO - Filling up the DagBag from /home/rsandroni/airflow/dags/sql_server_load.py
[2019-03-19 12:25:48,196] {base_task_runner.py:101} INFO - Job 561: Subtask templated [2019-03-19 12:25:48,195] {cli.py:520} INFO - Running <TaskInstance: tutorial.templated 2016-03-03T00:00:00+00:00 [running]> on host IADAIRP1.globalrs.rack.space
[2019-03-19 12:25:48,210] {bash_operator.py:77} INFO - Tmp dir root location: 
 /tmp
[2019-03-19 12:25:48,210] {bash_operator.py:86} INFO - Exporting the following env vars:
AIRFLOW_CTX_DAG_ID=tutorial
AIRFLOW_CTX_TASK_ID=templated
AIRFLOW_CTX_EXECUTION_DATE=2016-03-03T00:00:00+00:00
AIRFLOW_CTX_DAG_RUN_ID=scheduled__2016-03-03T00:00:00+00:00
[2019-03-19 12:25:48,210] {bash_operator.py:100} INFO - Temporary script location: /tmp/airflowtmpg1f2s_oh/templatedtx36idur
[2019-03-19 12:25:48,211] {bash_operator.py:110} INFO - Running command: 
    
        echo "2016-03-03"
        echo "Parameter I passed in"
    
        echo "2016-03-03"
        echo "Parameter I passed in"
    
        echo "2016-03-03"
        echo "Parameter I passed in"
    
        echo "2016-03-03"
        echo "Parameter I passed in"
    
        echo "2016-03-03"
        echo "Parameter I passed in"
    
    
[2019-03-19 12:25:48,216] {bash_operator.py:119} INFO - Output:
[2019-03-19 12:25:48,217] {bash_operator.py:123} INFO - 2016-03-03
[2019-03-19 12:25:48,217] {bash_operator.py:123} INFO - Parameter I passed in
[2019-03-19 12:25:48,217] {bash_operator.py:123} INFO - 2016-03-03
[2019-03-19 12:25:48,217] {bash_operator.py:123} INFO - Parameter I passed in
[2019-03-19 12:25:48,217] {bash_operator.py:123} INFO - 2016-03-03
[2019-03-19 12:25:48,217] {bash_operator.py:123} INFO - Parameter I passed in
[2019-03-19 12:25:48,217] {bash_operator.py:123} INFO - 2016-03-03
[2019-03-19 12:25:48,217] {bash_operator.py:123} INFO - Parameter I passed in
[2019-03-19 12:25:48,217] {bash_operator.py:123} INFO - 2016-03-03
[2019-03-19 12:25:48,217] {bash_operator.py:123} INFO - Parameter I passed in
[2019-03-19 12:25:48,218] {bash_operator.py:127} INFO - Command exited with return code 0
[2019-03-19 12:25:52,311] {logging_mixin.py:95} INFO - [2019-03-19 12:25:52,310] {jobs.py:2527} INFO - Task exited with return code 0
