[2019-03-19 15:05:29,222] {models.py:1359} INFO - Dependencies all met for <TaskInstance: tutorial.print_date 2017-01-31T00:00:00+00:00 [queued]>
[2019-03-19 15:05:29,224] {models.py:1359} INFO - Dependencies all met for <TaskInstance: tutorial.print_date 2017-01-31T00:00:00+00:00 [queued]>
[2019-03-19 15:05:29,225] {models.py:1571} INFO - 
--------------------------------------------------------------------------------
Starting attempt 1 of 2
--------------------------------------------------------------------------------

[2019-03-19 15:05:29,240] {models.py:1593} INFO - Executing <Task(BashOperator): print_date> on 2017-01-31T00:00:00+00:00
[2019-03-19 15:05:29,240] {base_task_runner.py:118} INFO - Running: ['bash', '-c', 'airflow run tutorial print_date 2017-01-31T00:00:00+00:00 --job_id 1225 --raw -sd DAGS_FOLDER/tutorial.py --cfg_path /tmp/tmp01z30plt']
[2019-03-19 15:05:29,860] {base_task_runner.py:101} INFO - Job 1225: Subtask print_date [2019-03-19 15:05:29,859] {__init__.py:51} INFO - Using executor SequentialExecutor
[2019-03-19 15:05:30,126] {base_task_runner.py:101} INFO - Job 1225: Subtask print_date [2019-03-19 15:05:30,125] {models.py:273} INFO - Filling up the DagBag from /home/rsandroni/airflow/dags/tutorial.py
[2019-03-19 15:05:30,150] {base_task_runner.py:101} INFO - Job 1225: Subtask print_date [2019-03-19 15:05:30,147] {cli.py:520} INFO - Running <TaskInstance: tutorial.print_date 2017-01-31T00:00:00+00:00 [running]> on host IADAIRP1.globalrs.rack.space
[2019-03-19 15:05:30,162] {bash_operator.py:77} INFO - Tmp dir root location: 
 /tmp
[2019-03-19 15:05:30,162] {bash_operator.py:86} INFO - Exporting the following env vars:
AIRFLOW_CTX_DAG_ID=tutorial
AIRFLOW_CTX_TASK_ID=print_date
AIRFLOW_CTX_EXECUTION_DATE=2017-01-31T00:00:00+00:00
AIRFLOW_CTX_DAG_RUN_ID=scheduled__2017-01-31T00:00:00+00:00
[2019-03-19 15:05:30,163] {bash_operator.py:100} INFO - Temporary script location: /tmp/airflowtmp6sctw41l/print_dater6n1fbrl
[2019-03-19 15:05:30,163] {bash_operator.py:110} INFO - Running command: date
[2019-03-19 15:05:30,168] {bash_operator.py:119} INFO - Output:
[2019-03-19 15:05:30,170] {bash_operator.py:123} INFO - Ter Mar 19 15:05:30 -03 2019
[2019-03-19 15:05:30,170] {bash_operator.py:127} INFO - Command exited with return code 0
[2019-03-19 15:05:34,225] {logging_mixin.py:95} INFO - [2019-03-19 15:05:34,224] {jobs.py:2527} INFO - Task exited with return code 0
