[2019-03-19 14:43:56,044] {models.py:1359} INFO - Dependencies all met for <TaskInstance: tutorial.templated 2016-12-14T00:00:00+00:00 [queued]>
[2019-03-19 14:43:56,049] {models.py:1359} INFO - Dependencies all met for <TaskInstance: tutorial.templated 2016-12-14T00:00:00+00:00 [queued]>
[2019-03-19 14:43:56,050] {models.py:1571} INFO - 
--------------------------------------------------------------------------------
Starting attempt 1 of 2
--------------------------------------------------------------------------------

[2019-03-19 14:43:56,117] {models.py:1593} INFO - Executing <Task(BashOperator): templated> on 2016-12-14T00:00:00+00:00
[2019-03-19 14:43:56,117] {base_task_runner.py:118} INFO - Running: ['bash', '-c', 'airflow run tutorial templated 2016-12-14T00:00:00+00:00 --job_id 1132 --raw -sd DAGS_FOLDER/sql_server_load.py --cfg_path /tmp/tmpzazhd_8c']
[2019-03-19 14:43:57,480] {base_task_runner.py:101} INFO - Job 1132: Subtask templated [2019-03-19 14:43:57,476] {__init__.py:51} INFO - Using executor SequentialExecutor
[2019-03-19 14:43:58,025] {base_task_runner.py:101} INFO - Job 1132: Subtask templated [2019-03-19 14:43:58,020] {models.py:273} INFO - Filling up the DagBag from /home/rsandroni/airflow/dags/sql_server_load.py
[2019-03-19 14:43:58,065] {base_task_runner.py:101} INFO - Job 1132: Subtask templated [2019-03-19 14:43:58,061] {cli.py:520} INFO - Running <TaskInstance: tutorial.templated 2016-12-14T00:00:00+00:00 [running]> on host IADAIRP1.globalrs.rack.space
[2019-03-19 14:43:58,095] {bash_operator.py:77} INFO - Tmp dir root location: 
 /tmp
[2019-03-19 14:43:58,095] {bash_operator.py:86} INFO - Exporting the following env vars:
AIRFLOW_CTX_DAG_ID=tutorial
AIRFLOW_CTX_TASK_ID=templated
AIRFLOW_CTX_EXECUTION_DATE=2016-12-14T00:00:00+00:00
AIRFLOW_CTX_DAG_RUN_ID=scheduled__2016-12-14T00:00:00+00:00
[2019-03-19 14:43:58,095] {bash_operator.py:100} INFO - Temporary script location: /tmp/airflowtmpb7h365w3/templatedlcqauv4z
[2019-03-19 14:43:58,095] {bash_operator.py:110} INFO - Running command: 
    
        echo "2016-12-14"
        echo "Parameter I passed in"
    
        echo "2016-12-14"
        echo "Parameter I passed in"
    
        echo "2016-12-14"
        echo "Parameter I passed in"
    
        echo "2016-12-14"
        echo "Parameter I passed in"
    
        echo "2016-12-14"
        echo "Parameter I passed in"
    
    
[2019-03-19 14:43:58,133] {bash_operator.py:119} INFO - Output:
[2019-03-19 14:43:58,134] {bash_operator.py:123} INFO - 2016-12-14
[2019-03-19 14:43:58,135] {bash_operator.py:123} INFO - Parameter I passed in
[2019-03-19 14:43:58,135] {bash_operator.py:123} INFO - 2016-12-14
[2019-03-19 14:43:58,135] {bash_operator.py:123} INFO - Parameter I passed in
[2019-03-19 14:43:58,135] {bash_operator.py:123} INFO - 2016-12-14
[2019-03-19 14:43:58,135] {bash_operator.py:123} INFO - Parameter I passed in
[2019-03-19 14:43:58,135] {bash_operator.py:123} INFO - 2016-12-14
[2019-03-19 14:43:58,135] {bash_operator.py:123} INFO - Parameter I passed in
[2019-03-19 14:43:58,135] {bash_operator.py:123} INFO - 2016-12-14
[2019-03-19 14:43:58,135] {bash_operator.py:123} INFO - Parameter I passed in
[2019-03-19 14:43:58,135] {bash_operator.py:127} INFO - Command exited with return code 0
[2019-03-19 14:44:01,077] {logging_mixin.py:95} INFO - [2019-03-19 14:44:01,077] {jobs.py:2527} INFO - Task exited with return code 0
