[2019-03-19 10:26:46,054] {models.py:1359} INFO - Dependencies all met for <TaskInstance: tutorial.templated 2015-06-25T00:00:00+00:00 [queued]>
[2019-03-19 10:26:46,058] {models.py:1359} INFO - Dependencies all met for <TaskInstance: tutorial.templated 2015-06-25T00:00:00+00:00 [queued]>
[2019-03-19 10:26:46,058] {models.py:1571} INFO - 
--------------------------------------------------------------------------------
Starting attempt 1 of 2
--------------------------------------------------------------------------------

[2019-03-19 10:26:46,071] {models.py:1593} INFO - Executing <Task(BashOperator): templated> on 2015-06-25T00:00:00+00:00
[2019-03-19 10:26:46,071] {base_task_runner.py:118} INFO - Running: ['bash', '-c', 'airflow run tutorial templated 2015-06-25T00:00:00+00:00 --job_id 55 --raw -sd DAGS_FOLDER/example_dags/tutorial.py --cfg_path /tmp/tmp_ct3kth7']
[2019-03-19 10:26:46,671] {base_task_runner.py:101} INFO - Job 55: Subtask templated [2019-03-19 10:26:46,670] {__init__.py:51} INFO - Using executor SequentialExecutor
[2019-03-19 10:26:46,891] {base_task_runner.py:101} INFO - Job 55: Subtask templated [2019-03-19 10:26:46,890] {models.py:273} INFO - Filling up the DagBag from /home/rsandroni/airflow/dags/example_dags/tutorial.py
[2019-03-19 10:26:46,930] {base_task_runner.py:101} INFO - Job 55: Subtask templated [2019-03-19 10:26:46,930] {cli.py:520} INFO - Running <TaskInstance: tutorial.templated 2015-06-25T00:00:00+00:00 [running]> on host IADAIRP1.globalrs.rack.space
[2019-03-19 10:26:46,946] {bash_operator.py:77} INFO - Tmp dir root location: 
 /tmp
[2019-03-19 10:26:46,946] {bash_operator.py:86} INFO - Exporting the following env vars:
AIRFLOW_CTX_DAG_ID=tutorial
AIRFLOW_CTX_TASK_ID=templated
AIRFLOW_CTX_EXECUTION_DATE=2015-06-25T00:00:00+00:00
AIRFLOW_CTX_DAG_RUN_ID=scheduled__2015-06-25T00:00:00+00:00
[2019-03-19 10:26:46,947] {bash_operator.py:100} INFO - Temporary script location: /tmp/airflowtmpiggw_kmd/templatedraluymtl
[2019-03-19 10:26:46,947] {bash_operator.py:110} INFO - Running command: 

    echo "2015-06-25"
    echo "2015-07-02"
    echo "Parameter I passed in"

    echo "2015-06-25"
    echo "2015-07-02"
    echo "Parameter I passed in"

    echo "2015-06-25"
    echo "2015-07-02"
    echo "Parameter I passed in"

    echo "2015-06-25"
    echo "2015-07-02"
    echo "Parameter I passed in"

    echo "2015-06-25"
    echo "2015-07-02"
    echo "Parameter I passed in"

[2019-03-19 10:26:46,952] {bash_operator.py:119} INFO - Output:
[2019-03-19 10:26:46,954] {bash_operator.py:123} INFO - 2015-06-25
[2019-03-19 10:26:46,954] {bash_operator.py:123} INFO - 2015-07-02
[2019-03-19 10:26:46,954] {bash_operator.py:123} INFO - Parameter I passed in
[2019-03-19 10:26:46,954] {bash_operator.py:123} INFO - 2015-06-25
[2019-03-19 10:26:46,954] {bash_operator.py:123} INFO - 2015-07-02
[2019-03-19 10:26:46,954] {bash_operator.py:123} INFO - Parameter I passed in
[2019-03-19 10:26:46,954] {bash_operator.py:123} INFO - 2015-06-25
[2019-03-19 10:26:46,954] {bash_operator.py:123} INFO - 2015-07-02
[2019-03-19 10:26:46,954] {bash_operator.py:123} INFO - Parameter I passed in
[2019-03-19 10:26:46,954] {bash_operator.py:123} INFO - 2015-06-25
[2019-03-19 10:26:46,954] {bash_operator.py:123} INFO - 2015-07-02
[2019-03-19 10:26:46,954] {bash_operator.py:123} INFO - Parameter I passed in
[2019-03-19 10:26:46,954] {bash_operator.py:123} INFO - 2015-06-25
[2019-03-19 10:26:46,954] {bash_operator.py:123} INFO - 2015-07-02
[2019-03-19 10:26:46,954] {bash_operator.py:123} INFO - Parameter I passed in
[2019-03-19 10:26:46,954] {bash_operator.py:127} INFO - Command exited with return code 0
[2019-03-19 10:26:51,054] {logging_mixin.py:95} INFO - [2019-03-19 10:26:51,053] {jobs.py:2527} INFO - Task exited with return code 0
