[2019-03-21 19:24:20,345] {models.py:1359} INFO - Dependencies all met for <TaskInstance: tutorial.print_date 2017-11-25T00:00:00+00:00 [queued]>
[2019-03-21 19:24:20,348] {models.py:1359} INFO - Dependencies all met for <TaskInstance: tutorial.print_date 2017-11-25T00:00:00+00:00 [queued]>
[2019-03-21 19:24:20,348] {models.py:1571} INFO - 
--------------------------------------------------------------------------------
Starting attempt 1 of 2
--------------------------------------------------------------------------------

[2019-03-21 19:24:20,365] {models.py:1593} INFO - Executing <Task(BashOperator): print_date> on 2017-11-25T00:00:00+00:00
[2019-03-21 19:24:20,366] {base_task_runner.py:118} INFO - Running: ['bash', '-c', 'airflow run tutorial print_date 2017-11-25T00:00:00+00:00 --job_id 1889 --raw -sd DAGS_FOLDER/tutorial.py --cfg_path /tmp/tmpfwvqpxty']
[2019-03-21 19:24:21,004] {base_task_runner.py:101} INFO - Job 1889: Subtask print_date [2019-03-21 19:24:21,003] {__init__.py:51} INFO - Using executor SequentialExecutor
[2019-03-21 19:24:21,251] {base_task_runner.py:101} INFO - Job 1889: Subtask print_date [2019-03-21 19:24:21,250] {models.py:273} INFO - Filling up the DagBag from /home/rsandroni/airflow/dags/tutorial.py
[2019-03-21 19:24:21,266] {base_task_runner.py:101} INFO - Job 1889: Subtask print_date [2019-03-21 19:24:21,265] {cli.py:520} INFO - Running <TaskInstance: tutorial.print_date 2017-11-25T00:00:00+00:00 [running]> on host IADAIRP1.globalrs.rack.space
[2019-03-21 19:24:21,278] {bash_operator.py:77} INFO - Tmp dir root location: 
 /tmp
[2019-03-21 19:24:21,279] {bash_operator.py:86} INFO - Exporting the following env vars:
AIRFLOW_CTX_DAG_ID=tutorial
AIRFLOW_CTX_TASK_ID=print_date
AIRFLOW_CTX_EXECUTION_DATE=2017-11-25T00:00:00+00:00
AIRFLOW_CTX_DAG_RUN_ID=scheduled__2017-11-25T00:00:00+00:00
[2019-03-21 19:24:21,279] {bash_operator.py:100} INFO - Temporary script location: /tmp/airflowtmp9fe523hs/print_dateime1eb3q
[2019-03-21 19:24:21,279] {bash_operator.py:110} INFO - Running command: date
[2019-03-21 19:24:21,285] {bash_operator.py:119} INFO - Output:
[2019-03-21 19:24:21,287] {bash_operator.py:123} INFO - Qui Mar 21 19:24:21 -03 2019
[2019-03-21 19:24:21,287] {bash_operator.py:127} INFO - Command exited with return code 0
[2019-03-21 19:24:25,351] {logging_mixin.py:95} INFO - [2019-03-21 19:24:25,350] {jobs.py:2527} INFO - Task exited with return code 0
