[2019-03-19 15:36:47,600] {models.py:1359} INFO - Dependencies all met for <TaskInstance: tutorial.print_date 2017-04-09T00:00:00+00:00 [queued]>
[2019-03-19 15:36:47,603] {models.py:1359} INFO - Dependencies all met for <TaskInstance: tutorial.print_date 2017-04-09T00:00:00+00:00 [queued]>
[2019-03-19 15:36:47,603] {models.py:1571} INFO - 
--------------------------------------------------------------------------------
Starting attempt 1 of 2
--------------------------------------------------------------------------------

[2019-03-19 15:36:47,686] {models.py:1593} INFO - Executing <Task(BashOperator): print_date> on 2017-04-09T00:00:00+00:00
[2019-03-19 15:36:47,686] {base_task_runner.py:118} INFO - Running: ['bash', '-c', 'airflow run tutorial print_date 2017-04-09T00:00:00+00:00 --job_id 1362 --raw -sd DAGS_FOLDER/tutorial.py --cfg_path /tmp/tmpj2sm8znl']
[2019-03-19 15:36:48,669] {base_task_runner.py:101} INFO - Job 1362: Subtask print_date [2019-03-19 15:36:48,666] {__init__.py:51} INFO - Using executor SequentialExecutor
[2019-03-19 15:36:49,179] {base_task_runner.py:101} INFO - Job 1362: Subtask print_date [2019-03-19 15:36:49,178] {models.py:273} INFO - Filling up the DagBag from /home/rsandroni/airflow/dags/tutorial.py
[2019-03-19 15:36:49,218] {base_task_runner.py:101} INFO - Job 1362: Subtask print_date [2019-03-19 15:36:49,217] {cli.py:520} INFO - Running <TaskInstance: tutorial.print_date 2017-04-09T00:00:00+00:00 [running]> on host IADAIRP1.globalrs.rack.space
[2019-03-19 15:36:49,253] {bash_operator.py:77} INFO - Tmp dir root location: 
 /tmp
[2019-03-19 15:36:49,254] {bash_operator.py:86} INFO - Exporting the following env vars:
AIRFLOW_CTX_DAG_ID=tutorial
AIRFLOW_CTX_TASK_ID=print_date
AIRFLOW_CTX_EXECUTION_DATE=2017-04-09T00:00:00+00:00
AIRFLOW_CTX_DAG_RUN_ID=scheduled__2017-04-09T00:00:00+00:00
[2019-03-19 15:36:49,254] {bash_operator.py:100} INFO - Temporary script location: /tmp/airflowtmptli4hoed/print_datel3ohltq3
[2019-03-19 15:36:49,254] {bash_operator.py:110} INFO - Running command: date
[2019-03-19 15:36:49,288] {bash_operator.py:119} INFO - Output:
[2019-03-19 15:36:49,304] {bash_operator.py:123} INFO - Ter Mar 19 15:36:49 -03 2019
[2019-03-19 15:36:49,305] {bash_operator.py:127} INFO - Command exited with return code 0
[2019-03-19 15:36:52,602] {logging_mixin.py:95} INFO - [2019-03-19 15:36:52,602] {jobs.py:2527} INFO - Task exited with return code 0
