[2019-03-19 11:45:04,005] {models.py:1359} INFO - Dependencies all met for <TaskInstance: tutorial.print_date 2015-12-01T00:00:00+00:00 [queued]>
[2019-03-19 11:45:04,006] {models.py:1359} INFO - Dependencies all met for <TaskInstance: tutorial.print_date 2015-12-01T00:00:00+00:00 [queued]>
[2019-03-19 11:45:04,007] {models.py:1571} INFO - 
--------------------------------------------------------------------------------
Starting attempt 1 of 2
--------------------------------------------------------------------------------

[2019-03-19 11:45:04,020] {models.py:1593} INFO - Executing <Task(BashOperator): print_date> on 2015-12-01T00:00:00+00:00
[2019-03-19 11:45:04,021] {base_task_runner.py:118} INFO - Running: ['bash', '-c', 'airflow run tutorial print_date 2015-12-01T00:00:00+00:00 --job_id 372 --raw -sd DAGS_FOLDER/tutorial.py --cfg_path /tmp/tmp4btxm2dk']
[2019-03-19 11:45:04,624] {base_task_runner.py:101} INFO - Job 372: Subtask print_date [2019-03-19 11:45:04,623] {__init__.py:51} INFO - Using executor SequentialExecutor
[2019-03-19 11:45:04,839] {base_task_runner.py:101} INFO - Job 372: Subtask print_date [2019-03-19 11:45:04,839] {models.py:273} INFO - Filling up the DagBag from /home/rsandroni/airflow/dags/tutorial.py
[2019-03-19 11:45:04,853] {base_task_runner.py:101} INFO - Job 372: Subtask print_date [2019-03-19 11:45:04,853] {cli.py:520} INFO - Running <TaskInstance: tutorial.print_date 2015-12-01T00:00:00+00:00 [running]> on host IADAIRP1.globalrs.rack.space
[2019-03-19 11:45:04,866] {bash_operator.py:77} INFO - Tmp dir root location: 
 /tmp
[2019-03-19 11:45:04,866] {bash_operator.py:86} INFO - Exporting the following env vars:
AIRFLOW_CTX_DAG_ID=tutorial
AIRFLOW_CTX_TASK_ID=print_date
AIRFLOW_CTX_EXECUTION_DATE=2015-12-01T00:00:00+00:00
AIRFLOW_CTX_DAG_RUN_ID=scheduled__2015-12-01T00:00:00+00:00
[2019-03-19 11:45:04,866] {bash_operator.py:100} INFO - Temporary script location: /tmp/airflowtmp15eer9wf/print_datezf0j0voy
[2019-03-19 11:45:04,866] {bash_operator.py:110} INFO - Running command: date
[2019-03-19 11:45:04,872] {bash_operator.py:119} INFO - Output:
[2019-03-19 11:45:04,874] {bash_operator.py:123} INFO - Ter Mar 19 11:45:04 -03 2019
[2019-03-19 11:45:04,874] {bash_operator.py:127} INFO - Command exited with return code 0
[2019-03-19 11:45:09,011] {logging_mixin.py:95} INFO - [2019-03-19 11:45:09,010] {jobs.py:2527} INFO - Task exited with return code 0
