[2019-03-19 13:10:18,879] {models.py:1359} INFO - Dependencies all met for <TaskInstance: tutorial.print_date 2016-06-02T00:00:00+00:00 [queued]>
[2019-03-19 13:10:18,881] {models.py:1359} INFO - Dependencies all met for <TaskInstance: tutorial.print_date 2016-06-02T00:00:00+00:00 [queued]>
[2019-03-19 13:10:18,882] {models.py:1571} INFO - 
--------------------------------------------------------------------------------
Starting attempt 1 of 2
--------------------------------------------------------------------------------

[2019-03-19 13:10:18,935] {models.py:1593} INFO - Executing <Task(BashOperator): print_date> on 2016-06-02T00:00:00+00:00
[2019-03-19 13:10:18,935] {base_task_runner.py:118} INFO - Running: ['bash', '-c', 'airflow run tutorial print_date 2016-06-02T00:00:00+00:00 --job_id 739 --raw -sd DAGS_FOLDER/tutorial.py --cfg_path /tmp/tmpqr2i76fl']
[2019-03-19 13:10:20,646] {base_task_runner.py:101} INFO - Job 739: Subtask print_date [2019-03-19 13:10:20,641] {__init__.py:51} INFO - Using executor SequentialExecutor
[2019-03-19 13:10:21,423] {base_task_runner.py:101} INFO - Job 739: Subtask print_date [2019-03-19 13:10:21,415] {models.py:273} INFO - Filling up the DagBag from /home/rsandroni/airflow/dags/tutorial.py
[2019-03-19 13:10:21,460] {base_task_runner.py:101} INFO - Job 739: Subtask print_date [2019-03-19 13:10:21,449] {cli.py:520} INFO - Running <TaskInstance: tutorial.print_date 2016-06-02T00:00:00+00:00 [running]> on host IADAIRP1.globalrs.rack.space
[2019-03-19 13:10:21,490] {bash_operator.py:77} INFO - Tmp dir root location: 
 /tmp
[2019-03-19 13:10:21,490] {bash_operator.py:86} INFO - Exporting the following env vars:
AIRFLOW_CTX_DAG_ID=tutorial
AIRFLOW_CTX_TASK_ID=print_date
AIRFLOW_CTX_EXECUTION_DATE=2016-06-02T00:00:00+00:00
AIRFLOW_CTX_DAG_RUN_ID=scheduled__2016-06-02T00:00:00+00:00
[2019-03-19 13:10:21,491] {bash_operator.py:100} INFO - Temporary script location: /tmp/airflowtmpt_6pfyk5/print_date7ilyf280
[2019-03-19 13:10:21,491] {bash_operator.py:110} INFO - Running command: date
[2019-03-19 13:10:21,543] {bash_operator.py:119} INFO - Output:
[2019-03-19 13:10:21,580] {bash_operator.py:123} INFO - Ter Mar 19 13:10:21 -03 2019
[2019-03-19 13:10:21,580] {bash_operator.py:127} INFO - Command exited with return code 0
[2019-03-19 13:10:23,809] {logging_mixin.py:95} INFO - [2019-03-19 13:10:23,809] {jobs.py:2527} INFO - Task exited with return code 0
