[2019-03-19 13:47:23,687] {models.py:1359} INFO - Dependencies all met for <TaskInstance: tutorial.templated 2016-08-21T00:00:00+00:00 [queued]>
[2019-03-19 13:47:23,692] {models.py:1359} INFO - Dependencies all met for <TaskInstance: tutorial.templated 2016-08-21T00:00:00+00:00 [queued]>
[2019-03-19 13:47:23,692] {models.py:1571} INFO - 
--------------------------------------------------------------------------------
Starting attempt 1 of 2
--------------------------------------------------------------------------------

[2019-03-19 13:47:23,717] {models.py:1593} INFO - Executing <Task(BashOperator): templated> on 2016-08-21T00:00:00+00:00
[2019-03-19 13:47:23,718] {base_task_runner.py:118} INFO - Running: ['bash', '-c', 'airflow run tutorial templated 2016-08-21T00:00:00+00:00 --job_id 903 --raw -sd DAGS_FOLDER/sql_server_load.py --cfg_path /tmp/tmp5ezzdk6p']
[2019-03-19 13:47:24,345] {base_task_runner.py:101} INFO - Job 903: Subtask templated [2019-03-19 13:47:24,345] {__init__.py:51} INFO - Using executor SequentialExecutor
[2019-03-19 13:47:24,691] {base_task_runner.py:101} INFO - Job 903: Subtask templated [2019-03-19 13:47:24,690] {models.py:273} INFO - Filling up the DagBag from /home/rsandroni/airflow/dags/sql_server_load.py
[2019-03-19 13:47:24,738] {base_task_runner.py:101} INFO - Job 903: Subtask templated [2019-03-19 13:47:24,732] {cli.py:520} INFO - Running <TaskInstance: tutorial.templated 2016-08-21T00:00:00+00:00 [running]> on host IADAIRP1.globalrs.rack.space
[2019-03-19 13:47:24,773] {bash_operator.py:77} INFO - Tmp dir root location: 
 /tmp
[2019-03-19 13:47:24,773] {bash_operator.py:86} INFO - Exporting the following env vars:
AIRFLOW_CTX_DAG_ID=tutorial
AIRFLOW_CTX_TASK_ID=templated
AIRFLOW_CTX_EXECUTION_DATE=2016-08-21T00:00:00+00:00
AIRFLOW_CTX_DAG_RUN_ID=scheduled__2016-08-21T00:00:00+00:00
[2019-03-19 13:47:24,773] {bash_operator.py:100} INFO - Temporary script location: /tmp/airflowtmpe8k3q6iy/templatednpsx7bqr
[2019-03-19 13:47:24,773] {bash_operator.py:110} INFO - Running command: 
    
        echo "2016-08-21"
        echo "Parameter I passed in"
    
        echo "2016-08-21"
        echo "Parameter I passed in"
    
        echo "2016-08-21"
        echo "Parameter I passed in"
    
        echo "2016-08-21"
        echo "Parameter I passed in"
    
        echo "2016-08-21"
        echo "Parameter I passed in"
    
    
[2019-03-19 13:47:24,804] {bash_operator.py:119} INFO - Output:
[2019-03-19 13:47:24,813] {bash_operator.py:123} INFO - 2016-08-21
[2019-03-19 13:47:24,813] {bash_operator.py:123} INFO - Parameter I passed in
[2019-03-19 13:47:24,814] {bash_operator.py:123} INFO - 2016-08-21
[2019-03-19 13:47:24,814] {bash_operator.py:123} INFO - Parameter I passed in
[2019-03-19 13:47:24,814] {bash_operator.py:123} INFO - 2016-08-21
[2019-03-19 13:47:24,814] {bash_operator.py:123} INFO - Parameter I passed in
[2019-03-19 13:47:24,814] {bash_operator.py:123} INFO - 2016-08-21
[2019-03-19 13:47:24,814] {bash_operator.py:123} INFO - Parameter I passed in
[2019-03-19 13:47:24,814] {bash_operator.py:123} INFO - 2016-08-21
[2019-03-19 13:47:24,814] {bash_operator.py:123} INFO - Parameter I passed in
[2019-03-19 13:47:24,814] {bash_operator.py:127} INFO - Command exited with return code 0
[2019-03-19 13:47:28,772] {logging_mixin.py:95} INFO - [2019-03-19 13:47:28,771] {jobs.py:2527} INFO - Task exited with return code 0
