[2019-03-19 14:04:00,355] {models.py:1359} INFO - Dependencies all met for <TaskInstance: tutorial.print_date 2016-09-25T00:00:00+00:00 [queued]>
[2019-03-19 14:04:00,357] {models.py:1359} INFO - Dependencies all met for <TaskInstance: tutorial.print_date 2016-09-25T00:00:00+00:00 [queued]>
[2019-03-19 14:04:00,358] {models.py:1571} INFO - 
--------------------------------------------------------------------------------
Starting attempt 1 of 2
--------------------------------------------------------------------------------

[2019-03-19 14:04:00,372] {models.py:1593} INFO - Executing <Task(BashOperator): print_date> on 2016-09-25T00:00:00+00:00
[2019-03-19 14:04:00,372] {base_task_runner.py:118} INFO - Running: ['bash', '-c', 'airflow run tutorial print_date 2016-09-25T00:00:00+00:00 --job_id 968 --raw -sd DAGS_FOLDER/sql_server_load.py --cfg_path /tmp/tmp40fxsdhc']
[2019-03-19 14:04:01,014] {base_task_runner.py:101} INFO - Job 968: Subtask print_date [2019-03-19 14:04:01,013] {__init__.py:51} INFO - Using executor SequentialExecutor
[2019-03-19 14:04:01,323] {base_task_runner.py:101} INFO - Job 968: Subtask print_date [2019-03-19 14:04:01,319] {models.py:273} INFO - Filling up the DagBag from /home/rsandroni/airflow/dags/sql_server_load.py
[2019-03-19 14:04:01,341] {base_task_runner.py:101} INFO - Job 968: Subtask print_date [2019-03-19 14:04:01,341] {cli.py:520} INFO - Running <TaskInstance: tutorial.print_date 2016-09-25T00:00:00+00:00 [running]> on host IADAIRP1.globalrs.rack.space
[2019-03-19 14:04:01,357] {bash_operator.py:77} INFO - Tmp dir root location: 
 /tmp
[2019-03-19 14:04:01,357] {bash_operator.py:86} INFO - Exporting the following env vars:
AIRFLOW_CTX_DAG_ID=tutorial
AIRFLOW_CTX_TASK_ID=print_date
AIRFLOW_CTX_EXECUTION_DATE=2016-09-25T00:00:00+00:00
AIRFLOW_CTX_DAG_RUN_ID=scheduled__2016-09-25T00:00:00+00:00
[2019-03-19 14:04:01,358] {bash_operator.py:100} INFO - Temporary script location: /tmp/airflowtmps3zu78rm/print_datemmoriyyv
[2019-03-19 14:04:01,358] {bash_operator.py:110} INFO - Running command: date
[2019-03-19 14:04:01,365] {bash_operator.py:119} INFO - Output:
[2019-03-19 14:04:01,367] {bash_operator.py:123} INFO - Ter Mar 19 14:04:01 -03 2019
[2019-03-19 14:04:01,368] {bash_operator.py:127} INFO - Command exited with return code 0
[2019-03-19 14:04:05,389] {logging_mixin.py:95} INFO - [2019-03-19 14:04:05,388] {jobs.py:2527} INFO - Task exited with return code 0
