[2019-03-22 04:30:06,031] {models.py:1359} INFO - Dependencies all met for <TaskInstance: tutorial.templated 2019-01-13T00:00:00+00:00 [queued]>
[2019-03-22 04:30:06,038] {models.py:1359} INFO - Dependencies all met for <TaskInstance: tutorial.templated 2019-01-13T00:00:00+00:00 [queued]>
[2019-03-22 04:30:06,038] {models.py:1571} INFO - 
--------------------------------------------------------------------------------
Starting attempt 1 of 2
--------------------------------------------------------------------------------

[2019-03-22 04:30:06,055] {models.py:1593} INFO - Executing <Task(BashOperator): templated> on 2019-01-13T00:00:00+00:00
[2019-03-22 04:30:06,056] {base_task_runner.py:118} INFO - Running: ['bash', '-c', 'airflow run tutorial templated 2019-01-13T00:00:00+00:00 --job_id 2719 --raw -sd DAGS_FOLDER/example_dags/tutorial.py --cfg_path /tmp/tmpjlw8ofco']
[2019-03-22 04:30:06,704] {base_task_runner.py:101} INFO - Job 2719: Subtask templated [2019-03-22 04:30:06,703] {__init__.py:51} INFO - Using executor SequentialExecutor
[2019-03-22 04:30:06,993] {base_task_runner.py:101} INFO - Job 2719: Subtask templated [2019-03-22 04:30:06,992] {models.py:273} INFO - Filling up the DagBag from /home/rsandroni/airflow/dags/example_dags/tutorial.py
[2019-03-22 04:30:07,111] {base_task_runner.py:101} INFO - Job 2719: Subtask templated [2019-03-22 04:30:07,107] {cli.py:520} INFO - Running <TaskInstance: tutorial.templated 2019-01-13T00:00:00+00:00 [running]> on host IADAIRP1.globalrs.rack.space
[2019-03-22 04:30:07,145] {bash_operator.py:77} INFO - Tmp dir root location: 
 /tmp
[2019-03-22 04:30:07,145] {bash_operator.py:86} INFO - Exporting the following env vars:
AIRFLOW_CTX_DAG_ID=tutorial
AIRFLOW_CTX_TASK_ID=templated
AIRFLOW_CTX_EXECUTION_DATE=2019-01-13T00:00:00+00:00
AIRFLOW_CTX_DAG_RUN_ID=scheduled__2019-01-13T00:00:00+00:00
[2019-03-22 04:30:07,146] {bash_operator.py:100} INFO - Temporary script location: /tmp/airflowtmp9msq4rlq/templated00qpaoqr
[2019-03-22 04:30:07,146] {bash_operator.py:110} INFO - Running command: 

    echo "2019-01-13"
    echo "2019-01-20"
    echo "Parameter I passed in"

    echo "2019-01-13"
    echo "2019-01-20"
    echo "Parameter I passed in"

    echo "2019-01-13"
    echo "2019-01-20"
    echo "Parameter I passed in"

    echo "2019-01-13"
    echo "2019-01-20"
    echo "Parameter I passed in"

    echo "2019-01-13"
    echo "2019-01-20"
    echo "Parameter I passed in"

[2019-03-22 04:30:07,172] {bash_operator.py:119} INFO - Output:
[2019-03-22 04:30:07,181] {bash_operator.py:123} INFO - 2019-01-13
[2019-03-22 04:30:07,181] {bash_operator.py:123} INFO - 2019-01-20
[2019-03-22 04:30:07,181] {bash_operator.py:123} INFO - Parameter I passed in
[2019-03-22 04:30:07,181] {bash_operator.py:123} INFO - 2019-01-13
[2019-03-22 04:30:07,181] {bash_operator.py:123} INFO - 2019-01-20
[2019-03-22 04:30:07,181] {bash_operator.py:123} INFO - Parameter I passed in
[2019-03-22 04:30:07,181] {bash_operator.py:123} INFO - 2019-01-13
[2019-03-22 04:30:07,181] {bash_operator.py:123} INFO - 2019-01-20
[2019-03-22 04:30:07,181] {bash_operator.py:123} INFO - Parameter I passed in
[2019-03-22 04:30:07,181] {bash_operator.py:123} INFO - 2019-01-13
[2019-03-22 04:30:07,181] {bash_operator.py:123} INFO - 2019-01-20
[2019-03-22 04:30:07,181] {bash_operator.py:123} INFO - Parameter I passed in
[2019-03-22 04:30:07,181] {bash_operator.py:123} INFO - 2019-01-13
[2019-03-22 04:30:07,181] {bash_operator.py:123} INFO - 2019-01-20
[2019-03-22 04:30:07,181] {bash_operator.py:123} INFO - Parameter I passed in
[2019-03-22 04:30:07,181] {bash_operator.py:127} INFO - Command exited with return code 0
[2019-03-22 04:30:11,096] {logging_mixin.py:95} INFO - [2019-03-22 04:30:11,095] {jobs.py:2527} INFO - Task exited with return code 0
