[2019-03-22 00:32:10,206] {models.py:1359} INFO - Dependencies all met for <TaskInstance: tutorial.templated 2018-07-17T00:00:00+00:00 [queued]>
[2019-03-22 00:32:10,212] {models.py:1359} INFO - Dependencies all met for <TaskInstance: tutorial.templated 2018-07-17T00:00:00+00:00 [queued]>
[2019-03-22 00:32:10,212] {models.py:1571} INFO - 
--------------------------------------------------------------------------------
Starting attempt 1 of 2
--------------------------------------------------------------------------------

[2019-03-22 00:32:10,283] {models.py:1593} INFO - Executing <Task(BashOperator): templated> on 2018-07-17T00:00:00+00:00
[2019-03-22 00:32:10,283] {base_task_runner.py:118} INFO - Running: ['bash', '-c', 'airflow run tutorial templated 2018-07-17T00:00:00+00:00 --job_id 2359 --raw -sd DAGS_FOLDER/example_dags/tutorial.py --cfg_path /tmp/tmppwedif0z']
[2019-03-22 00:32:11,101] {base_task_runner.py:101} INFO - Job 2359: Subtask templated [2019-03-22 00:32:11,100] {__init__.py:51} INFO - Using executor SequentialExecutor
[2019-03-22 00:32:11,641] {base_task_runner.py:101} INFO - Job 2359: Subtask templated [2019-03-22 00:32:11,635] {models.py:273} INFO - Filling up the DagBag from /home/rsandroni/airflow/dags/example_dags/tutorial.py
[2019-03-22 00:32:11,775] {base_task_runner.py:101} INFO - Job 2359: Subtask templated [2019-03-22 00:32:11,775] {cli.py:520} INFO - Running <TaskInstance: tutorial.templated 2018-07-17T00:00:00+00:00 [running]> on host IADAIRP1.globalrs.rack.space
[2019-03-22 00:32:11,810] {bash_operator.py:77} INFO - Tmp dir root location: 
 /tmp
[2019-03-22 00:32:11,811] {bash_operator.py:86} INFO - Exporting the following env vars:
AIRFLOW_CTX_DAG_ID=tutorial
AIRFLOW_CTX_TASK_ID=templated
AIRFLOW_CTX_EXECUTION_DATE=2018-07-17T00:00:00+00:00
AIRFLOW_CTX_DAG_RUN_ID=scheduled__2018-07-17T00:00:00+00:00
[2019-03-22 00:32:11,811] {bash_operator.py:100} INFO - Temporary script location: /tmp/airflowtmpo_e7j5s0/templateduf3rkyf8
[2019-03-22 00:32:11,812] {bash_operator.py:110} INFO - Running command: 

    echo "2018-07-17"
    echo "2018-07-24"
    echo "Parameter I passed in"

    echo "2018-07-17"
    echo "2018-07-24"
    echo "Parameter I passed in"

    echo "2018-07-17"
    echo "2018-07-24"
    echo "Parameter I passed in"

    echo "2018-07-17"
    echo "2018-07-24"
    echo "Parameter I passed in"

    echo "2018-07-17"
    echo "2018-07-24"
    echo "Parameter I passed in"

[2019-03-22 00:32:11,835] {bash_operator.py:119} INFO - Output:
[2019-03-22 00:32:11,836] {bash_operator.py:123} INFO - 2018-07-17
[2019-03-22 00:32:11,836] {bash_operator.py:123} INFO - 2018-07-24
[2019-03-22 00:32:11,836] {bash_operator.py:123} INFO - Parameter I passed in
[2019-03-22 00:32:11,836] {bash_operator.py:123} INFO - 2018-07-17
[2019-03-22 00:32:11,836] {bash_operator.py:123} INFO - 2018-07-24
[2019-03-22 00:32:11,836] {bash_operator.py:123} INFO - Parameter I passed in
[2019-03-22 00:32:11,836] {bash_operator.py:123} INFO - 2018-07-17
[2019-03-22 00:32:11,836] {bash_operator.py:123} INFO - 2018-07-24
[2019-03-22 00:32:11,836] {bash_operator.py:123} INFO - Parameter I passed in
[2019-03-22 00:32:11,836] {bash_operator.py:123} INFO - 2018-07-17
[2019-03-22 00:32:11,836] {bash_operator.py:123} INFO - 2018-07-24
[2019-03-22 00:32:11,836] {bash_operator.py:123} INFO - Parameter I passed in
[2019-03-22 00:32:11,836] {bash_operator.py:123} INFO - 2018-07-17
[2019-03-22 00:32:11,836] {bash_operator.py:123} INFO - 2018-07-24
[2019-03-22 00:32:11,836] {bash_operator.py:123} INFO - Parameter I passed in
[2019-03-22 00:32:11,836] {bash_operator.py:127} INFO - Command exited with return code 0
[2019-03-22 00:32:15,170] {logging_mixin.py:95} INFO - [2019-03-22 00:32:15,169] {jobs.py:2527} INFO - Task exited with return code 0
