[2019-03-21 20:13:05,554] {models.py:1359} INFO - Dependencies all met for <TaskInstance: tutorial.templated 2017-12-30T00:00:00+00:00 [queued]>
[2019-03-21 20:13:05,559] {models.py:1359} INFO - Dependencies all met for <TaskInstance: tutorial.templated 2017-12-30T00:00:00+00:00 [queued]>
[2019-03-21 20:13:05,559] {models.py:1571} INFO - 
--------------------------------------------------------------------------------
Starting attempt 1 of 2
--------------------------------------------------------------------------------

[2019-03-21 20:13:05,573] {models.py:1593} INFO - Executing <Task(BashOperator): templated> on 2017-12-30T00:00:00+00:00
[2019-03-21 20:13:05,574] {base_task_runner.py:118} INFO - Running: ['bash', '-c', 'airflow run tutorial templated 2017-12-30T00:00:00+00:00 --job_id 1962 --raw -sd DAGS_FOLDER/example_dags/tutorial.py --cfg_path /tmp/tmpd3r0cdsi']
[2019-03-21 20:13:06,214] {base_task_runner.py:101} INFO - Job 1962: Subtask templated [2019-03-21 20:13:06,213] {__init__.py:51} INFO - Using executor SequentialExecutor
[2019-03-21 20:13:06,492] {base_task_runner.py:101} INFO - Job 1962: Subtask templated [2019-03-21 20:13:06,491] {models.py:273} INFO - Filling up the DagBag from /home/rsandroni/airflow/dags/example_dags/tutorial.py
[2019-03-21 20:13:06,556] {base_task_runner.py:101} INFO - Job 1962: Subtask templated [2019-03-21 20:13:06,555] {cli.py:520} INFO - Running <TaskInstance: tutorial.templated 2017-12-30T00:00:00+00:00 [running]> on host IADAIRP1.globalrs.rack.space
[2019-03-21 20:13:06,572] {bash_operator.py:77} INFO - Tmp dir root location: 
 /tmp
[2019-03-21 20:13:06,573] {bash_operator.py:86} INFO - Exporting the following env vars:
AIRFLOW_CTX_DAG_ID=tutorial
AIRFLOW_CTX_TASK_ID=templated
AIRFLOW_CTX_EXECUTION_DATE=2017-12-30T00:00:00+00:00
AIRFLOW_CTX_DAG_RUN_ID=scheduled__2017-12-30T00:00:00+00:00
[2019-03-21 20:13:06,573] {bash_operator.py:100} INFO - Temporary script location: /tmp/airflowtmp0_7t3152/templatedya44vn7h
[2019-03-21 20:13:06,573] {bash_operator.py:110} INFO - Running command: 

    echo "2017-12-30"
    echo "2018-01-06"
    echo "Parameter I passed in"

    echo "2017-12-30"
    echo "2018-01-06"
    echo "Parameter I passed in"

    echo "2017-12-30"
    echo "2018-01-06"
    echo "Parameter I passed in"

    echo "2017-12-30"
    echo "2018-01-06"
    echo "Parameter I passed in"

    echo "2017-12-30"
    echo "2018-01-06"
    echo "Parameter I passed in"

[2019-03-21 20:13:06,579] {bash_operator.py:119} INFO - Output:
[2019-03-21 20:13:06,580] {bash_operator.py:123} INFO - 2017-12-30
[2019-03-21 20:13:06,580] {bash_operator.py:123} INFO - 2018-01-06
[2019-03-21 20:13:06,580] {bash_operator.py:123} INFO - Parameter I passed in
[2019-03-21 20:13:06,580] {bash_operator.py:123} INFO - 2017-12-30
[2019-03-21 20:13:06,580] {bash_operator.py:123} INFO - 2018-01-06
[2019-03-21 20:13:06,580] {bash_operator.py:123} INFO - Parameter I passed in
[2019-03-21 20:13:06,580] {bash_operator.py:123} INFO - 2017-12-30
[2019-03-21 20:13:06,580] {bash_operator.py:123} INFO - 2018-01-06
[2019-03-21 20:13:06,580] {bash_operator.py:123} INFO - Parameter I passed in
[2019-03-21 20:13:06,580] {bash_operator.py:123} INFO - 2017-12-30
[2019-03-21 20:13:06,580] {bash_operator.py:123} INFO - 2018-01-06
[2019-03-21 20:13:06,580] {bash_operator.py:123} INFO - Parameter I passed in
[2019-03-21 20:13:06,580] {bash_operator.py:123} INFO - 2017-12-30
[2019-03-21 20:13:06,580] {bash_operator.py:123} INFO - 2018-01-06
[2019-03-21 20:13:06,580] {bash_operator.py:123} INFO - Parameter I passed in
[2019-03-21 20:13:06,581] {bash_operator.py:127} INFO - Command exited with return code 0
[2019-03-21 20:13:10,556] {logging_mixin.py:95} INFO - [2019-03-21 20:13:10,555] {jobs.py:2527} INFO - Task exited with return code 0
