[2019-03-22 01:36:19,320] {models.py:1359} INFO - Dependencies all met for <TaskInstance: tutorial.print_date 2018-09-05T00:00:00+00:00 [queued]>
[2019-03-22 01:36:19,323] {models.py:1359} INFO - Dependencies all met for <TaskInstance: tutorial.print_date 2018-09-05T00:00:00+00:00 [queued]>
[2019-03-22 01:36:19,323] {models.py:1571} INFO - 
--------------------------------------------------------------------------------
Starting attempt 1 of 2
--------------------------------------------------------------------------------

[2019-03-22 01:36:19,335] {models.py:1593} INFO - Executing <Task(BashOperator): print_date> on 2018-09-05T00:00:00+00:00
[2019-03-22 01:36:19,336] {base_task_runner.py:118} INFO - Running: ['bash', '-c', 'airflow run tutorial print_date 2018-09-05T00:00:00+00:00 --job_id 2457 --raw -sd DAGS_FOLDER/tutorial.py --cfg_path /tmp/tmpkb9a2tct']
[2019-03-22 01:36:19,965] {base_task_runner.py:101} INFO - Job 2457: Subtask print_date [2019-03-22 01:36:19,964] {__init__.py:51} INFO - Using executor SequentialExecutor
[2019-03-22 01:36:20,201] {base_task_runner.py:101} INFO - Job 2457: Subtask print_date [2019-03-22 01:36:20,198] {models.py:273} INFO - Filling up the DagBag from /home/rsandroni/airflow/dags/tutorial.py
[2019-03-22 01:36:20,216] {base_task_runner.py:101} INFO - Job 2457: Subtask print_date [2019-03-22 01:36:20,214] {cli.py:520} INFO - Running <TaskInstance: tutorial.print_date 2018-09-05T00:00:00+00:00 [running]> on host IADAIRP1.globalrs.rack.space
[2019-03-22 01:36:20,227] {bash_operator.py:77} INFO - Tmp dir root location: 
 /tmp
[2019-03-22 01:36:20,227] {bash_operator.py:86} INFO - Exporting the following env vars:
AIRFLOW_CTX_DAG_ID=tutorial
AIRFLOW_CTX_TASK_ID=print_date
AIRFLOW_CTX_EXECUTION_DATE=2018-09-05T00:00:00+00:00
AIRFLOW_CTX_DAG_RUN_ID=scheduled__2018-09-05T00:00:00+00:00
[2019-03-22 01:36:20,227] {bash_operator.py:100} INFO - Temporary script location: /tmp/airflowtmpxeiu3o8k/print_dates43fvt29
[2019-03-22 01:36:20,227] {bash_operator.py:110} INFO - Running command: date
[2019-03-22 01:36:20,232] {bash_operator.py:119} INFO - Output:
[2019-03-22 01:36:20,234] {bash_operator.py:123} INFO - Sex Mar 22 01:36:20 -03 2019
[2019-03-22 01:36:20,235] {bash_operator.py:127} INFO - Command exited with return code 0
[2019-03-22 01:36:24,355] {logging_mixin.py:95} INFO - [2019-03-22 01:36:24,354] {jobs.py:2527} INFO - Task exited with return code 0
