[2019-03-19 12:00:59,942] {models.py:1359} INFO - Dependencies all met for <TaskInstance: tutorial.print_date 2016-01-08T00:00:00+00:00 [queued]>
[2019-03-19 12:00:59,943] {models.py:1359} INFO - Dependencies all met for <TaskInstance: tutorial.print_date 2016-01-08T00:00:00+00:00 [queued]>
[2019-03-19 12:00:59,944] {models.py:1571} INFO - 
--------------------------------------------------------------------------------
Starting attempt 1 of 2
--------------------------------------------------------------------------------

[2019-03-19 12:00:59,960] {models.py:1593} INFO - Executing <Task(BashOperator): print_date> on 2016-01-08T00:00:00+00:00
[2019-03-19 12:00:59,960] {base_task_runner.py:118} INFO - Running: ['bash', '-c', 'airflow run tutorial print_date 2016-01-08T00:00:00+00:00 --job_id 446 --raw -sd DAGS_FOLDER/sql_server_load.py --cfg_path /tmp/tmpwcj00q0i']
[2019-03-19 12:01:00,576] {base_task_runner.py:101} INFO - Job 446: Subtask print_date [2019-03-19 12:01:00,575] {__init__.py:51} INFO - Using executor SequentialExecutor
[2019-03-19 12:01:00,840] {base_task_runner.py:101} INFO - Job 446: Subtask print_date [2019-03-19 12:01:00,840] {models.py:273} INFO - Filling up the DagBag from /home/rsandroni/airflow/dags/sql_server_load.py
[2019-03-19 12:01:00,858] {base_task_runner.py:101} INFO - Job 446: Subtask print_date [2019-03-19 12:01:00,858] {cli.py:520} INFO - Running <TaskInstance: tutorial.print_date 2016-01-08T00:00:00+00:00 [running]> on host IADAIRP1.globalrs.rack.space
[2019-03-19 12:01:00,872] {bash_operator.py:77} INFO - Tmp dir root location: 
 /tmp
[2019-03-19 12:01:00,872] {bash_operator.py:86} INFO - Exporting the following env vars:
AIRFLOW_CTX_DAG_ID=tutorial
AIRFLOW_CTX_TASK_ID=print_date
AIRFLOW_CTX_EXECUTION_DATE=2016-01-08T00:00:00+00:00
AIRFLOW_CTX_DAG_RUN_ID=scheduled__2016-01-08T00:00:00+00:00
[2019-03-19 12:01:00,873] {bash_operator.py:100} INFO - Temporary script location: /tmp/airflowtmpy_fn3u50/print_date1ls52k5r
[2019-03-19 12:01:00,873] {bash_operator.py:110} INFO - Running command: date
[2019-03-19 12:01:00,878] {bash_operator.py:119} INFO - Output:
[2019-03-19 12:01:00,880] {bash_operator.py:123} INFO - Ter Mar 19 12:01:00 -03 2019
[2019-03-19 12:01:00,880] {bash_operator.py:127} INFO - Command exited with return code 0
[2019-03-19 12:01:04,942] {logging_mixin.py:95} INFO - [2019-03-19 12:01:04,941] {jobs.py:2527} INFO - Task exited with return code 0
