[2019-03-19 10:34:42,352] {models.py:1359} INFO - Dependencies all met for <TaskInstance: tutorial.print_date 2015-07-10T00:00:00+00:00 [queued]>
[2019-03-19 10:34:42,354] {models.py:1359} INFO - Dependencies all met for <TaskInstance: tutorial.print_date 2015-07-10T00:00:00+00:00 [queued]>
[2019-03-19 10:34:42,354] {models.py:1571} INFO - 
--------------------------------------------------------------------------------
Starting attempt 1 of 2
--------------------------------------------------------------------------------

[2019-03-19 10:34:42,368] {models.py:1593} INFO - Executing <Task(BashOperator): print_date> on 2015-07-10T00:00:00+00:00
[2019-03-19 10:34:42,368] {base_task_runner.py:118} INFO - Running: ['bash', '-c', 'airflow run tutorial print_date 2015-07-10T00:00:00+00:00 --job_id 84 --raw -sd DAGS_FOLDER/tutorial.py --cfg_path /tmp/tmpmovze2kh']
[2019-03-19 10:34:42,980] {base_task_runner.py:101} INFO - Job 84: Subtask print_date [2019-03-19 10:34:42,979] {__init__.py:51} INFO - Using executor SequentialExecutor
[2019-03-19 10:34:43,208] {base_task_runner.py:101} INFO - Job 84: Subtask print_date [2019-03-19 10:34:43,207] {models.py:273} INFO - Filling up the DagBag from /home/rsandroni/airflow/dags/tutorial.py
[2019-03-19 10:34:43,222] {base_task_runner.py:101} INFO - Job 84: Subtask print_date [2019-03-19 10:34:43,222] {cli.py:520} INFO - Running <TaskInstance: tutorial.print_date 2015-07-10T00:00:00+00:00 [running]> on host IADAIRP1.globalrs.rack.space
[2019-03-19 10:34:43,237] {bash_operator.py:77} INFO - Tmp dir root location: 
 /tmp
[2019-03-19 10:34:43,238] {bash_operator.py:86} INFO - Exporting the following env vars:
AIRFLOW_CTX_DAG_ID=tutorial
AIRFLOW_CTX_TASK_ID=print_date
AIRFLOW_CTX_EXECUTION_DATE=2015-07-10T00:00:00+00:00
AIRFLOW_CTX_DAG_RUN_ID=scheduled__2015-07-10T00:00:00+00:00
[2019-03-19 10:34:43,238] {bash_operator.py:100} INFO - Temporary script location: /tmp/airflowtmpdnrwfubf/print_datel7n1m85b
[2019-03-19 10:34:43,238] {bash_operator.py:110} INFO - Running command: date
[2019-03-19 10:34:43,243] {bash_operator.py:119} INFO - Output:
[2019-03-19 10:34:43,245] {bash_operator.py:123} INFO - Ter Mar 19 10:34:43 -03 2019
[2019-03-19 10:34:43,246] {bash_operator.py:127} INFO - Command exited with return code 0
[2019-03-19 10:34:47,354] {logging_mixin.py:95} INFO - [2019-03-19 10:34:47,353] {jobs.py:2527} INFO - Task exited with return code 0
