[2019-03-19 15:41:55,507] {models.py:1359} INFO - Dependencies all met for <TaskInstance: tutorial.templated 2017-04-20T00:00:00+00:00 [queued]>
[2019-03-19 15:41:55,511] {models.py:1359} INFO - Dependencies all met for <TaskInstance: tutorial.templated 2017-04-20T00:00:00+00:00 [queued]>
[2019-03-19 15:41:55,511] {models.py:1571} INFO - 
--------------------------------------------------------------------------------
Starting attempt 1 of 2
--------------------------------------------------------------------------------

[2019-03-19 15:41:55,555] {models.py:1593} INFO - Executing <Task(BashOperator): templated> on 2017-04-20T00:00:00+00:00
[2019-03-19 15:41:55,555] {base_task_runner.py:118} INFO - Running: ['bash', '-c', 'airflow run tutorial templated 2017-04-20T00:00:00+00:00 --job_id 1385 --raw -sd DAGS_FOLDER/example_dags/tutorial.py --cfg_path /tmp/tmpypf5f79p']
[2019-03-19 15:41:57,196] {base_task_runner.py:101} INFO - Job 1385: Subtask templated [2019-03-19 15:41:57,196] {__init__.py:51} INFO - Using executor SequentialExecutor
[2019-03-19 15:41:57,809] {base_task_runner.py:101} INFO - Job 1385: Subtask templated [2019-03-19 15:41:57,803] {models.py:273} INFO - Filling up the DagBag from /home/rsandroni/airflow/dags/example_dags/tutorial.py
[2019-03-19 15:41:57,896] {base_task_runner.py:101} INFO - Job 1385: Subtask templated [2019-03-19 15:41:57,895] {cli.py:520} INFO - Running <TaskInstance: tutorial.templated 2017-04-20T00:00:00+00:00 [running]> on host IADAIRP1.globalrs.rack.space
[2019-03-19 15:41:57,939] {bash_operator.py:77} INFO - Tmp dir root location: 
 /tmp
[2019-03-19 15:41:57,939] {bash_operator.py:86} INFO - Exporting the following env vars:
AIRFLOW_CTX_DAG_ID=tutorial
AIRFLOW_CTX_TASK_ID=templated
AIRFLOW_CTX_EXECUTION_DATE=2017-04-20T00:00:00+00:00
AIRFLOW_CTX_DAG_RUN_ID=scheduled__2017-04-20T00:00:00+00:00
[2019-03-19 15:41:57,940] {bash_operator.py:100} INFO - Temporary script location: /tmp/airflowtmpm19ug46o/templated3hqk4ha5
[2019-03-19 15:41:57,940] {bash_operator.py:110} INFO - Running command: 

    echo "2017-04-20"
    echo "2017-04-27"
    echo "Parameter I passed in"

    echo "2017-04-20"
    echo "2017-04-27"
    echo "Parameter I passed in"

    echo "2017-04-20"
    echo "2017-04-27"
    echo "Parameter I passed in"

    echo "2017-04-20"
    echo "2017-04-27"
    echo "Parameter I passed in"

    echo "2017-04-20"
    echo "2017-04-27"
    echo "Parameter I passed in"

[2019-03-19 15:41:58,014] {bash_operator.py:119} INFO - Output:
[2019-03-19 15:41:58,014] {bash_operator.py:123} INFO - 2017-04-20
[2019-03-19 15:41:58,014] {bash_operator.py:123} INFO - 2017-04-27
[2019-03-19 15:41:58,014] {bash_operator.py:123} INFO - Parameter I passed in
[2019-03-19 15:41:58,014] {bash_operator.py:123} INFO - 2017-04-20
[2019-03-19 15:41:58,014] {bash_operator.py:123} INFO - 2017-04-27
[2019-03-19 15:41:58,014] {bash_operator.py:123} INFO - Parameter I passed in
[2019-03-19 15:41:58,014] {bash_operator.py:123} INFO - 2017-04-20
[2019-03-19 15:41:58,014] {bash_operator.py:123} INFO - 2017-04-27
[2019-03-19 15:41:58,014] {bash_operator.py:123} INFO - Parameter I passed in
[2019-03-19 15:41:58,014] {bash_operator.py:123} INFO - 2017-04-20
[2019-03-19 15:41:58,014] {bash_operator.py:123} INFO - 2017-04-27
[2019-03-19 15:41:58,014] {bash_operator.py:123} INFO - Parameter I passed in
[2019-03-19 15:41:58,014] {bash_operator.py:123} INFO - 2017-04-20
[2019-03-19 15:41:58,014] {bash_operator.py:123} INFO - 2017-04-27
[2019-03-19 15:41:58,014] {bash_operator.py:123} INFO - Parameter I passed in
[2019-03-19 15:41:58,015] {bash_operator.py:127} INFO - Command exited with return code 0
[2019-03-19 15:42:00,570] {logging_mixin.py:95} INFO - [2019-03-19 15:42:00,569] {jobs.py:2527} INFO - Task exited with return code 0
