[2019-03-21 18:11:03,452] {models.py:1359} INFO - Dependencies all met for <TaskInstance: tutorial.templated 2017-09-17T00:00:00+00:00 [queued]>
[2019-03-21 18:11:03,456] {models.py:1359} INFO - Dependencies all met for <TaskInstance: tutorial.templated 2017-09-17T00:00:00+00:00 [queued]>
[2019-03-21 18:11:03,456] {models.py:1571} INFO - 
--------------------------------------------------------------------------------
Starting attempt 1 of 2
--------------------------------------------------------------------------------

[2019-03-21 18:11:03,486] {models.py:1593} INFO - Executing <Task(BashOperator): templated> on 2017-09-17T00:00:00+00:00
[2019-03-21 18:11:03,487] {base_task_runner.py:118} INFO - Running: ['bash', '-c', 'airflow run tutorial templated 2017-09-17T00:00:00+00:00 --job_id 1751 --raw -sd DAGS_FOLDER/example_dags/tutorial.py --cfg_path /tmp/tmpnyk_wmkz']
[2019-03-21 18:11:04,122] {base_task_runner.py:101} INFO - Job 1751: Subtask templated [2019-03-21 18:11:04,122] {__init__.py:51} INFO - Using executor SequentialExecutor
[2019-03-21 18:11:04,355] {base_task_runner.py:101} INFO - Job 1751: Subtask templated [2019-03-21 18:11:04,354] {models.py:273} INFO - Filling up the DagBag from /home/rsandroni/airflow/dags/example_dags/tutorial.py
[2019-03-21 18:11:04,419] {base_task_runner.py:101} INFO - Job 1751: Subtask templated [2019-03-21 18:11:04,418] {cli.py:520} INFO - Running <TaskInstance: tutorial.templated 2017-09-17T00:00:00+00:00 [running]> on host IADAIRP1.globalrs.rack.space
[2019-03-21 18:11:04,435] {bash_operator.py:77} INFO - Tmp dir root location: 
 /tmp
[2019-03-21 18:11:04,435] {bash_operator.py:86} INFO - Exporting the following env vars:
AIRFLOW_CTX_DAG_ID=tutorial
AIRFLOW_CTX_TASK_ID=templated
AIRFLOW_CTX_EXECUTION_DATE=2017-09-17T00:00:00+00:00
AIRFLOW_CTX_DAG_RUN_ID=scheduled__2017-09-17T00:00:00+00:00
[2019-03-21 18:11:04,436] {bash_operator.py:100} INFO - Temporary script location: /tmp/airflowtmpz_setg7x/templated8yo4q058
[2019-03-21 18:11:04,436] {bash_operator.py:110} INFO - Running command: 

    echo "2017-09-17"
    echo "2017-09-24"
    echo "Parameter I passed in"

    echo "2017-09-17"
    echo "2017-09-24"
    echo "Parameter I passed in"

    echo "2017-09-17"
    echo "2017-09-24"
    echo "Parameter I passed in"

    echo "2017-09-17"
    echo "2017-09-24"
    echo "Parameter I passed in"

    echo "2017-09-17"
    echo "2017-09-24"
    echo "Parameter I passed in"

[2019-03-21 18:11:04,442] {bash_operator.py:119} INFO - Output:
[2019-03-21 18:11:04,443] {bash_operator.py:123} INFO - 2017-09-17
[2019-03-21 18:11:04,443] {bash_operator.py:123} INFO - 2017-09-24
[2019-03-21 18:11:04,443] {bash_operator.py:123} INFO - Parameter I passed in
[2019-03-21 18:11:04,443] {bash_operator.py:123} INFO - 2017-09-17
[2019-03-21 18:11:04,443] {bash_operator.py:123} INFO - 2017-09-24
[2019-03-21 18:11:04,443] {bash_operator.py:123} INFO - Parameter I passed in
[2019-03-21 18:11:04,443] {bash_operator.py:123} INFO - 2017-09-17
[2019-03-21 18:11:04,443] {bash_operator.py:123} INFO - 2017-09-24
[2019-03-21 18:11:04,443] {bash_operator.py:123} INFO - Parameter I passed in
[2019-03-21 18:11:04,443] {bash_operator.py:123} INFO - 2017-09-17
[2019-03-21 18:11:04,443] {bash_operator.py:123} INFO - 2017-09-24
[2019-03-21 18:11:04,443] {bash_operator.py:123} INFO - Parameter I passed in
[2019-03-21 18:11:04,443] {bash_operator.py:123} INFO - 2017-09-17
[2019-03-21 18:11:04,443] {bash_operator.py:123} INFO - 2017-09-24
[2019-03-21 18:11:04,443] {bash_operator.py:123} INFO - Parameter I passed in
[2019-03-21 18:11:04,443] {bash_operator.py:127} INFO - Command exited with return code 0
[2019-03-21 18:11:08,455] {logging_mixin.py:95} INFO - [2019-03-21 18:11:08,454] {jobs.py:2527} INFO - Task exited with return code 0
