[2019-03-19 13:23:41,220] {models.py:1359} INFO - Dependencies all met for <TaskInstance: tutorial.templated 2016-06-29T00:00:00+00:00 [queued]>
[2019-03-19 13:23:41,225] {models.py:1359} INFO - Dependencies all met for <TaskInstance: tutorial.templated 2016-06-29T00:00:00+00:00 [queued]>
[2019-03-19 13:23:41,225] {models.py:1571} INFO - 
--------------------------------------------------------------------------------
Starting attempt 1 of 2
--------------------------------------------------------------------------------

[2019-03-19 13:23:41,245] {models.py:1593} INFO - Executing <Task(BashOperator): templated> on 2016-06-29T00:00:00+00:00
[2019-03-19 13:23:41,246] {base_task_runner.py:118} INFO - Running: ['bash', '-c', 'airflow run tutorial templated 2016-06-29T00:00:00+00:00 --job_id 796 --raw -sd DAGS_FOLDER/sql_server_load.py --cfg_path /tmp/tmp2rcf2614']
[2019-03-19 13:23:41,932] {base_task_runner.py:101} INFO - Job 796: Subtask templated [2019-03-19 13:23:41,932] {__init__.py:51} INFO - Using executor SequentialExecutor
[2019-03-19 13:23:42,210] {base_task_runner.py:101} INFO - Job 796: Subtask templated [2019-03-19 13:23:42,209] {models.py:273} INFO - Filling up the DagBag from /home/rsandroni/airflow/dags/sql_server_load.py
[2019-03-19 13:23:42,227] {base_task_runner.py:101} INFO - Job 796: Subtask templated [2019-03-19 13:23:42,227] {cli.py:520} INFO - Running <TaskInstance: tutorial.templated 2016-06-29T00:00:00+00:00 [running]> on host IADAIRP1.globalrs.rack.space
[2019-03-19 13:23:42,241] {bash_operator.py:77} INFO - Tmp dir root location: 
 /tmp
[2019-03-19 13:23:42,241] {bash_operator.py:86} INFO - Exporting the following env vars:
AIRFLOW_CTX_DAG_ID=tutorial
AIRFLOW_CTX_TASK_ID=templated
AIRFLOW_CTX_EXECUTION_DATE=2016-06-29T00:00:00+00:00
AIRFLOW_CTX_DAG_RUN_ID=scheduled__2016-06-29T00:00:00+00:00
[2019-03-19 13:23:42,242] {bash_operator.py:100} INFO - Temporary script location: /tmp/airflowtmp4xttv1lj/templatedl5kzoc47
[2019-03-19 13:23:42,242] {bash_operator.py:110} INFO - Running command: 
    
        echo "2016-06-29"
        echo "Parameter I passed in"
    
        echo "2016-06-29"
        echo "Parameter I passed in"
    
        echo "2016-06-29"
        echo "Parameter I passed in"
    
        echo "2016-06-29"
        echo "Parameter I passed in"
    
        echo "2016-06-29"
        echo "Parameter I passed in"
    
    
[2019-03-19 13:23:42,249] {bash_operator.py:119} INFO - Output:
[2019-03-19 13:23:42,249] {bash_operator.py:123} INFO - 2016-06-29
[2019-03-19 13:23:42,249] {bash_operator.py:123} INFO - Parameter I passed in
[2019-03-19 13:23:42,249] {bash_operator.py:123} INFO - 2016-06-29
[2019-03-19 13:23:42,249] {bash_operator.py:123} INFO - Parameter I passed in
[2019-03-19 13:23:42,249] {bash_operator.py:123} INFO - 2016-06-29
[2019-03-19 13:23:42,249] {bash_operator.py:123} INFO - Parameter I passed in
[2019-03-19 13:23:42,249] {bash_operator.py:123} INFO - 2016-06-29
[2019-03-19 13:23:42,249] {bash_operator.py:123} INFO - Parameter I passed in
[2019-03-19 13:23:42,249] {bash_operator.py:123} INFO - 2016-06-29
[2019-03-19 13:23:42,249] {bash_operator.py:123} INFO - Parameter I passed in
[2019-03-19 13:23:42,249] {bash_operator.py:127} INFO - Command exited with return code 0
[2019-03-19 13:23:46,232] {logging_mixin.py:95} INFO - [2019-03-19 13:23:46,231] {jobs.py:2527} INFO - Task exited with return code 0
