[2019-03-19 14:57:14,473] {models.py:1359} INFO - Dependencies all met for <TaskInstance: tutorial.print_date 2017-01-12T00:00:00+00:00 [queued]>
[2019-03-19 14:57:14,475] {models.py:1359} INFO - Dependencies all met for <TaskInstance: tutorial.print_date 2017-01-12T00:00:00+00:00 [queued]>
[2019-03-19 14:57:14,476] {models.py:1571} INFO - 
--------------------------------------------------------------------------------
Starting attempt 1 of 2
--------------------------------------------------------------------------------

[2019-03-19 14:57:14,499] {models.py:1593} INFO - Executing <Task(BashOperator): print_date> on 2017-01-12T00:00:00+00:00
[2019-03-19 14:57:14,499] {base_task_runner.py:118} INFO - Running: ['bash', '-c', 'airflow run tutorial print_date 2017-01-12T00:00:00+00:00 --job_id 1188 --raw -sd DAGS_FOLDER/tutorial.py --cfg_path /tmp/tmpbri2gj0u']
[2019-03-19 14:57:15,971] {base_task_runner.py:101} INFO - Job 1188: Subtask print_date [2019-03-19 14:57:15,965] {__init__.py:51} INFO - Using executor SequentialExecutor
[2019-03-19 14:57:16,791] {base_task_runner.py:101} INFO - Job 1188: Subtask print_date [2019-03-19 14:57:16,784] {models.py:273} INFO - Filling up the DagBag from /home/rsandroni/airflow/dags/tutorial.py
[2019-03-19 14:57:16,851] {base_task_runner.py:101} INFO - Job 1188: Subtask print_date [2019-03-19 14:57:16,847] {cli.py:520} INFO - Running <TaskInstance: tutorial.print_date 2017-01-12T00:00:00+00:00 [running]> on host IADAIRP1.globalrs.rack.space
[2019-03-19 14:57:16,882] {bash_operator.py:77} INFO - Tmp dir root location: 
 /tmp
[2019-03-19 14:57:16,882] {bash_operator.py:86} INFO - Exporting the following env vars:
AIRFLOW_CTX_DAG_ID=tutorial
AIRFLOW_CTX_TASK_ID=print_date
AIRFLOW_CTX_EXECUTION_DATE=2017-01-12T00:00:00+00:00
AIRFLOW_CTX_DAG_RUN_ID=scheduled__2017-01-12T00:00:00+00:00
[2019-03-19 14:57:16,882] {bash_operator.py:100} INFO - Temporary script location: /tmp/airflowtmp7v7xr101/print_date23agstfn
[2019-03-19 14:57:16,882] {bash_operator.py:110} INFO - Running command: date
[2019-03-19 14:57:16,939] {bash_operator.py:119} INFO - Output:
[2019-03-19 14:57:16,982] {bash_operator.py:123} INFO - Ter Mar 19 14:57:16 -03 2019
[2019-03-19 14:57:16,983] {bash_operator.py:127} INFO - Command exited with return code 0
[2019-03-19 14:57:19,539] {logging_mixin.py:95} INFO - [2019-03-19 14:57:19,539] {jobs.py:2527} INFO - Task exited with return code 0
