[2019-03-22 02:47:31,203] {models.py:1359} INFO - Dependencies all met for <TaskInstance: tutorial.print_date 2018-10-28T00:00:00+00:00 [queued]>
[2019-03-22 02:47:31,207] {models.py:1359} INFO - Dependencies all met for <TaskInstance: tutorial.print_date 2018-10-28T00:00:00+00:00 [queued]>
[2019-03-22 02:47:31,207] {models.py:1571} INFO - 
--------------------------------------------------------------------------------
Starting attempt 1 of 2
--------------------------------------------------------------------------------

[2019-03-22 02:47:31,274] {models.py:1593} INFO - Executing <Task(BashOperator): print_date> on 2018-10-28T00:00:00+00:00
[2019-03-22 02:47:31,274] {base_task_runner.py:118} INFO - Running: ['bash', '-c', 'airflow run tutorial print_date 2018-10-28T00:00:00+00:00 --job_id 2564 --raw -sd DAGS_FOLDER/tutorial.py --cfg_path /tmp/tmpomovdyua']
[2019-03-22 02:47:32,295] {base_task_runner.py:101} INFO - Job 2564: Subtask print_date [2019-03-22 02:47:32,292] {__init__.py:51} INFO - Using executor SequentialExecutor
[2019-03-22 02:47:32,640] {base_task_runner.py:101} INFO - Job 2564: Subtask print_date [2019-03-22 02:47:32,633] {models.py:273} INFO - Filling up the DagBag from /home/rsandroni/airflow/dags/tutorial.py
[2019-03-22 02:47:32,678] {base_task_runner.py:101} INFO - Job 2564: Subtask print_date [2019-03-22 02:47:32,678] {cli.py:520} INFO - Running <TaskInstance: tutorial.print_date 2018-10-28T00:00:00+00:00 [running]> on host IADAIRP1.globalrs.rack.space
[2019-03-22 02:47:32,694] {bash_operator.py:77} INFO - Tmp dir root location: 
 /tmp
[2019-03-22 02:47:32,695] {bash_operator.py:86} INFO - Exporting the following env vars:
AIRFLOW_CTX_DAG_ID=tutorial
AIRFLOW_CTX_TASK_ID=print_date
AIRFLOW_CTX_EXECUTION_DATE=2018-10-28T00:00:00+00:00
AIRFLOW_CTX_DAG_RUN_ID=scheduled__2018-10-28T00:00:00+00:00
[2019-03-22 02:47:32,695] {bash_operator.py:100} INFO - Temporary script location: /tmp/airflowtmpdsx6j6mg/print_date5dy9xsa9
[2019-03-22 02:47:32,695] {bash_operator.py:110} INFO - Running command: date
[2019-03-22 02:47:32,745] {bash_operator.py:119} INFO - Output:
[2019-03-22 02:47:32,763] {bash_operator.py:123} INFO - Sex Mar 22 02:47:32 -03 2019
[2019-03-22 02:47:32,767] {bash_operator.py:127} INFO - Command exited with return code 0
[2019-03-22 02:47:36,190] {logging_mixin.py:95} INFO - [2019-03-22 02:47:36,189] {jobs.py:2527} INFO - Task exited with return code 0
