[2019-03-22 04:32:39,013] {models.py:1359} INFO - Dependencies all met for <TaskInstance: tutorial.templated 2019-01-14T00:00:00+00:00 [queued]>
[2019-03-22 04:32:39,018] {models.py:1359} INFO - Dependencies all met for <TaskInstance: tutorial.templated 2019-01-14T00:00:00+00:00 [queued]>
[2019-03-22 04:32:39,019] {models.py:1571} INFO - 
--------------------------------------------------------------------------------
Starting attempt 1 of 2
--------------------------------------------------------------------------------

[2019-03-22 04:32:39,091] {models.py:1593} INFO - Executing <Task(BashOperator): templated> on 2019-01-14T00:00:00+00:00
[2019-03-22 04:32:39,091] {base_task_runner.py:118} INFO - Running: ['bash', '-c', 'airflow run tutorial templated 2019-01-14T00:00:00+00:00 --job_id 2722 --raw -sd DAGS_FOLDER/example_dags/tutorial.py --cfg_path /tmp/tmpewugu2fb']
[2019-03-22 04:32:40,023] {base_task_runner.py:101} INFO - Job 2722: Subtask templated [2019-03-22 04:32:40,022] {__init__.py:51} INFO - Using executor SequentialExecutor
[2019-03-22 04:32:40,353] {base_task_runner.py:101} INFO - Job 2722: Subtask templated [2019-03-22 04:32:40,352] {models.py:273} INFO - Filling up the DagBag from /home/rsandroni/airflow/dags/example_dags/tutorial.py
[2019-03-22 04:32:40,442] {base_task_runner.py:101} INFO - Job 2722: Subtask templated [2019-03-22 04:32:40,438] {cli.py:520} INFO - Running <TaskInstance: tutorial.templated 2019-01-14T00:00:00+00:00 [running]> on host IADAIRP1.globalrs.rack.space
[2019-03-22 04:32:40,490] {bash_operator.py:77} INFO - Tmp dir root location: 
 /tmp
[2019-03-22 04:32:40,491] {bash_operator.py:86} INFO - Exporting the following env vars:
AIRFLOW_CTX_DAG_ID=tutorial
AIRFLOW_CTX_TASK_ID=templated
AIRFLOW_CTX_EXECUTION_DATE=2019-01-14T00:00:00+00:00
AIRFLOW_CTX_DAG_RUN_ID=scheduled__2019-01-14T00:00:00+00:00
[2019-03-22 04:32:40,492] {bash_operator.py:100} INFO - Temporary script location: /tmp/airflowtmp4kymby78/templatedsg9_3tut
[2019-03-22 04:32:40,492] {bash_operator.py:110} INFO - Running command: 

    echo "2019-01-14"
    echo "2019-01-21"
    echo "Parameter I passed in"

    echo "2019-01-14"
    echo "2019-01-21"
    echo "Parameter I passed in"

    echo "2019-01-14"
    echo "2019-01-21"
    echo "Parameter I passed in"

    echo "2019-01-14"
    echo "2019-01-21"
    echo "Parameter I passed in"

    echo "2019-01-14"
    echo "2019-01-21"
    echo "Parameter I passed in"

[2019-03-22 04:32:40,523] {bash_operator.py:119} INFO - Output:
[2019-03-22 04:32:40,530] {bash_operator.py:123} INFO - 2019-01-14
[2019-03-22 04:32:40,530] {bash_operator.py:123} INFO - 2019-01-21
[2019-03-22 04:32:40,530] {bash_operator.py:123} INFO - Parameter I passed in
[2019-03-22 04:32:40,530] {bash_operator.py:123} INFO - 2019-01-14
[2019-03-22 04:32:40,530] {bash_operator.py:123} INFO - 2019-01-21
[2019-03-22 04:32:40,530] {bash_operator.py:123} INFO - Parameter I passed in
[2019-03-22 04:32:40,530] {bash_operator.py:123} INFO - 2019-01-14
[2019-03-22 04:32:40,530] {bash_operator.py:123} INFO - 2019-01-21
[2019-03-22 04:32:40,530] {bash_operator.py:123} INFO - Parameter I passed in
[2019-03-22 04:32:40,530] {bash_operator.py:123} INFO - 2019-01-14
[2019-03-22 04:32:40,531] {bash_operator.py:123} INFO - 2019-01-21
[2019-03-22 04:32:40,531] {bash_operator.py:123} INFO - Parameter I passed in
[2019-03-22 04:32:40,531] {bash_operator.py:123} INFO - 2019-01-14
[2019-03-22 04:32:40,531] {bash_operator.py:123} INFO - 2019-01-21
[2019-03-22 04:32:40,531] {bash_operator.py:123} INFO - Parameter I passed in
[2019-03-22 04:32:40,531] {bash_operator.py:127} INFO - Command exited with return code 0
[2019-03-22 04:32:43,940] {logging_mixin.py:95} INFO - [2019-03-22 04:32:43,939] {jobs.py:2527} INFO - Task exited with return code 0
