[2019-03-21 17:37:36,627] {models.py:1359} INFO - Dependencies all met for <TaskInstance: tutorial.templated 2017-07-26T00:00:00+00:00 [queued]>
[2019-03-21 17:37:36,632] {models.py:1359} INFO - Dependencies all met for <TaskInstance: tutorial.templated 2017-07-26T00:00:00+00:00 [queued]>
[2019-03-21 17:37:36,632] {models.py:1571} INFO - 
--------------------------------------------------------------------------------
Starting attempt 1 of 2
--------------------------------------------------------------------------------

[2019-03-21 17:37:36,670] {models.py:1593} INFO - Executing <Task(BashOperator): templated> on 2017-07-26T00:00:00+00:00
[2019-03-21 17:37:36,670] {base_task_runner.py:118} INFO - Running: ['bash', '-c', 'airflow run tutorial templated 2017-07-26T00:00:00+00:00 --job_id 1617 --raw -sd DAGS_FOLDER/example_dags/tutorial.py --cfg_path /tmp/tmpjjl4jeq0']
[2019-03-21 17:37:37,419] {base_task_runner.py:101} INFO - Job 1617: Subtask templated [2019-03-21 17:37:37,418] {__init__.py:51} INFO - Using executor SequentialExecutor
[2019-03-21 17:37:38,067] {base_task_runner.py:101} INFO - Job 1617: Subtask templated [2019-03-21 17:37:38,064] {models.py:273} INFO - Filling up the DagBag from /home/rsandroni/airflow/dags/example_dags/tutorial.py
[2019-03-21 17:37:38,254] {base_task_runner.py:101} INFO - Job 1617: Subtask templated [2019-03-21 17:37:38,253] {cli.py:520} INFO - Running <TaskInstance: tutorial.templated 2017-07-26T00:00:00+00:00 [running]> on host IADAIRP1.globalrs.rack.space
[2019-03-21 17:37:38,300] {bash_operator.py:77} INFO - Tmp dir root location: 
 /tmp
[2019-03-21 17:37:38,301] {bash_operator.py:86} INFO - Exporting the following env vars:
AIRFLOW_CTX_DAG_ID=tutorial
AIRFLOW_CTX_TASK_ID=templated
AIRFLOW_CTX_EXECUTION_DATE=2017-07-26T00:00:00+00:00
AIRFLOW_CTX_DAG_RUN_ID=scheduled__2017-07-26T00:00:00+00:00
[2019-03-21 17:37:38,301] {bash_operator.py:100} INFO - Temporary script location: /tmp/airflowtmpvqmx4t4w/templatedp99vvuig
[2019-03-21 17:37:38,301] {bash_operator.py:110} INFO - Running command: 

    echo "2017-07-26"
    echo "2017-08-02"
    echo "Parameter I passed in"

    echo "2017-07-26"
    echo "2017-08-02"
    echo "Parameter I passed in"

    echo "2017-07-26"
    echo "2017-08-02"
    echo "Parameter I passed in"

    echo "2017-07-26"
    echo "2017-08-02"
    echo "Parameter I passed in"

    echo "2017-07-26"
    echo "2017-08-02"
    echo "Parameter I passed in"

[2019-03-21 17:37:38,363] {bash_operator.py:119} INFO - Output:
[2019-03-21 17:37:38,363] {bash_operator.py:123} INFO - 2017-07-26
[2019-03-21 17:37:38,363] {bash_operator.py:123} INFO - 2017-08-02
[2019-03-21 17:37:38,363] {bash_operator.py:123} INFO - Parameter I passed in
[2019-03-21 17:37:38,363] {bash_operator.py:123} INFO - 2017-07-26
[2019-03-21 17:37:38,363] {bash_operator.py:123} INFO - 2017-08-02
[2019-03-21 17:37:38,363] {bash_operator.py:123} INFO - Parameter I passed in
[2019-03-21 17:37:38,363] {bash_operator.py:123} INFO - 2017-07-26
[2019-03-21 17:37:38,363] {bash_operator.py:123} INFO - 2017-08-02
[2019-03-21 17:37:38,363] {bash_operator.py:123} INFO - Parameter I passed in
[2019-03-21 17:37:38,363] {bash_operator.py:123} INFO - 2017-07-26
[2019-03-21 17:37:38,363] {bash_operator.py:123} INFO - 2017-08-02
[2019-03-21 17:37:38,363] {bash_operator.py:123} INFO - Parameter I passed in
[2019-03-21 17:37:38,363] {bash_operator.py:123} INFO - 2017-07-26
[2019-03-21 17:37:38,364] {bash_operator.py:123} INFO - 2017-08-02
[2019-03-21 17:37:38,364] {bash_operator.py:123} INFO - Parameter I passed in
[2019-03-21 17:37:38,364] {bash_operator.py:127} INFO - Command exited with return code 0
[2019-03-21 17:37:41,660] {logging_mixin.py:95} INFO - [2019-03-21 17:37:41,659] {jobs.py:2527} INFO - Task exited with return code 0
