[2019-03-21 21:24:44,458] {models.py:1359} INFO - Dependencies all met for <TaskInstance: tutorial.print_date 2018-02-24T00:00:00+00:00 [queued]>
[2019-03-21 21:24:44,460] {models.py:1359} INFO - Dependencies all met for <TaskInstance: tutorial.print_date 2018-02-24T00:00:00+00:00 [queued]>
[2019-03-21 21:24:44,461] {models.py:1571} INFO - 
--------------------------------------------------------------------------------
Starting attempt 1 of 2
--------------------------------------------------------------------------------

[2019-03-21 21:24:44,491] {models.py:1593} INFO - Executing <Task(BashOperator): print_date> on 2018-02-24T00:00:00+00:00
[2019-03-21 21:24:44,491] {base_task_runner.py:118} INFO - Running: ['bash', '-c', 'airflow run tutorial print_date 2018-02-24T00:00:00+00:00 --job_id 2072 --raw -sd DAGS_FOLDER/tutorial.py --cfg_path /tmp/tmpjj1ymybu']
[2019-03-21 21:24:45,122] {base_task_runner.py:101} INFO - Job 2072: Subtask print_date [2019-03-21 21:24:45,122] {__init__.py:51} INFO - Using executor SequentialExecutor
[2019-03-21 21:24:45,353] {base_task_runner.py:101} INFO - Job 2072: Subtask print_date [2019-03-21 21:24:45,352] {models.py:273} INFO - Filling up the DagBag from /home/rsandroni/airflow/dags/tutorial.py
[2019-03-21 21:24:45,368] {base_task_runner.py:101} INFO - Job 2072: Subtask print_date [2019-03-21 21:24:45,368] {cli.py:520} INFO - Running <TaskInstance: tutorial.print_date 2018-02-24T00:00:00+00:00 [running]> on host IADAIRP1.globalrs.rack.space
[2019-03-21 21:24:45,381] {bash_operator.py:77} INFO - Tmp dir root location: 
 /tmp
[2019-03-21 21:24:45,382] {bash_operator.py:86} INFO - Exporting the following env vars:
AIRFLOW_CTX_DAG_ID=tutorial
AIRFLOW_CTX_TASK_ID=print_date
AIRFLOW_CTX_EXECUTION_DATE=2018-02-24T00:00:00+00:00
AIRFLOW_CTX_DAG_RUN_ID=scheduled__2018-02-24T00:00:00+00:00
[2019-03-21 21:24:45,382] {bash_operator.py:100} INFO - Temporary script location: /tmp/airflowtmp1cq7o00l/print_datebhp5ssk8
[2019-03-21 21:24:45,382] {bash_operator.py:110} INFO - Running command: date
[2019-03-21 21:24:45,388] {bash_operator.py:119} INFO - Output:
[2019-03-21 21:24:45,390] {bash_operator.py:123} INFO - Qui Mar 21 21:24:45 -03 2019
[2019-03-21 21:24:45,390] {bash_operator.py:127} INFO - Command exited with return code 0
[2019-03-21 21:24:49,461] {logging_mixin.py:95} INFO - [2019-03-21 21:24:49,461] {jobs.py:2527} INFO - Task exited with return code 0
