[2019-03-22 04:32:45,061] {models.py:1359} INFO - Dependencies all met for <TaskInstance: tutorial.templated 2019-01-15T00:00:00+00:00 [queued]>
[2019-03-22 04:32:45,066] {models.py:1359} INFO - Dependencies all met for <TaskInstance: tutorial.templated 2019-01-15T00:00:00+00:00 [queued]>
[2019-03-22 04:32:45,066] {models.py:1571} INFO - 
--------------------------------------------------------------------------------
Starting attempt 1 of 2
--------------------------------------------------------------------------------

[2019-03-22 04:32:45,081] {models.py:1593} INFO - Executing <Task(BashOperator): templated> on 2019-01-15T00:00:00+00:00
[2019-03-22 04:32:45,081] {base_task_runner.py:118} INFO - Running: ['bash', '-c', 'airflow run tutorial templated 2019-01-15T00:00:00+00:00 --job_id 2723 --raw -sd DAGS_FOLDER/example_dags/tutorial.py --cfg_path /tmp/tmpfdzw5zse']
[2019-03-22 04:32:45,733] {base_task_runner.py:101} INFO - Job 2723: Subtask templated [2019-03-22 04:32:45,732] {__init__.py:51} INFO - Using executor SequentialExecutor
[2019-03-22 04:32:46,031] {base_task_runner.py:101} INFO - Job 2723: Subtask templated [2019-03-22 04:32:46,030] {models.py:273} INFO - Filling up the DagBag from /home/rsandroni/airflow/dags/example_dags/tutorial.py
[2019-03-22 04:32:46,097] {base_task_runner.py:101} INFO - Job 2723: Subtask templated [2019-03-22 04:32:46,094] {cli.py:520} INFO - Running <TaskInstance: tutorial.templated 2019-01-15T00:00:00+00:00 [running]> on host IADAIRP1.globalrs.rack.space
[2019-03-22 04:32:46,113] {bash_operator.py:77} INFO - Tmp dir root location: 
 /tmp
[2019-03-22 04:32:46,113] {bash_operator.py:86} INFO - Exporting the following env vars:
AIRFLOW_CTX_DAG_ID=tutorial
AIRFLOW_CTX_TASK_ID=templated
AIRFLOW_CTX_EXECUTION_DATE=2019-01-15T00:00:00+00:00
AIRFLOW_CTX_DAG_RUN_ID=scheduled__2019-01-15T00:00:00+00:00
[2019-03-22 04:32:46,114] {bash_operator.py:100} INFO - Temporary script location: /tmp/airflowtmppogfj61b/templatedv4h6wtcr
[2019-03-22 04:32:46,114] {bash_operator.py:110} INFO - Running command: 

    echo "2019-01-15"
    echo "2019-01-22"
    echo "Parameter I passed in"

    echo "2019-01-15"
    echo "2019-01-22"
    echo "Parameter I passed in"

    echo "2019-01-15"
    echo "2019-01-22"
    echo "Parameter I passed in"

    echo "2019-01-15"
    echo "2019-01-22"
    echo "Parameter I passed in"

    echo "2019-01-15"
    echo "2019-01-22"
    echo "Parameter I passed in"

[2019-03-22 04:32:46,120] {bash_operator.py:119} INFO - Output:
[2019-03-22 04:32:46,121] {bash_operator.py:123} INFO - 2019-01-15
[2019-03-22 04:32:46,121] {bash_operator.py:123} INFO - 2019-01-22
[2019-03-22 04:32:46,121] {bash_operator.py:123} INFO - Parameter I passed in
[2019-03-22 04:32:46,121] {bash_operator.py:123} INFO - 2019-01-15
[2019-03-22 04:32:46,121] {bash_operator.py:123} INFO - 2019-01-22
[2019-03-22 04:32:46,121] {bash_operator.py:123} INFO - Parameter I passed in
[2019-03-22 04:32:46,121] {bash_operator.py:123} INFO - 2019-01-15
[2019-03-22 04:32:46,121] {bash_operator.py:123} INFO - 2019-01-22
[2019-03-22 04:32:46,121] {bash_operator.py:123} INFO - Parameter I passed in
[2019-03-22 04:32:46,121] {bash_operator.py:123} INFO - 2019-01-15
[2019-03-22 04:32:46,121] {bash_operator.py:123} INFO - 2019-01-22
[2019-03-22 04:32:46,121] {bash_operator.py:123} INFO - Parameter I passed in
[2019-03-22 04:32:46,121] {bash_operator.py:123} INFO - 2019-01-15
[2019-03-22 04:32:46,121] {bash_operator.py:123} INFO - 2019-01-22
[2019-03-22 04:32:46,121] {bash_operator.py:123} INFO - Parameter I passed in
[2019-03-22 04:32:46,121] {bash_operator.py:127} INFO - Command exited with return code 0
[2019-03-22 04:32:50,103] {logging_mixin.py:95} INFO - [2019-03-22 04:32:50,102] {jobs.py:2527} INFO - Task exited with return code 0
