[2019-03-19 15:21:17,753] {models.py:1359} INFO - Dependencies all met for <TaskInstance: tutorial.templated 2017-03-06T00:00:00+00:00 [queued]>
[2019-03-19 15:21:17,757] {models.py:1359} INFO - Dependencies all met for <TaskInstance: tutorial.templated 2017-03-06T00:00:00+00:00 [queued]>
[2019-03-19 15:21:17,757] {models.py:1571} INFO - 
--------------------------------------------------------------------------------
Starting attempt 1 of 2
--------------------------------------------------------------------------------

[2019-03-19 15:21:17,770] {models.py:1593} INFO - Executing <Task(BashOperator): templated> on 2017-03-06T00:00:00+00:00
[2019-03-19 15:21:17,770] {base_task_runner.py:118} INFO - Running: ['bash', '-c', 'airflow run tutorial templated 2017-03-06T00:00:00+00:00 --job_id 1295 --raw -sd DAGS_FOLDER/example_dags/tutorial.py --cfg_path /tmp/tmpe9k_1qjj']
[2019-03-19 15:21:18,383] {base_task_runner.py:101} INFO - Job 1295: Subtask templated [2019-03-19 15:21:18,382] {__init__.py:51} INFO - Using executor SequentialExecutor
[2019-03-19 15:21:18,642] {base_task_runner.py:101} INFO - Job 1295: Subtask templated [2019-03-19 15:21:18,641] {models.py:273} INFO - Filling up the DagBag from /home/rsandroni/airflow/dags/example_dags/tutorial.py
[2019-03-19 15:21:18,682] {base_task_runner.py:101} INFO - Job 1295: Subtask templated [2019-03-19 15:21:18,682] {cli.py:520} INFO - Running <TaskInstance: tutorial.templated 2017-03-06T00:00:00+00:00 [running]> on host IADAIRP1.globalrs.rack.space
[2019-03-19 15:21:18,701] {bash_operator.py:77} INFO - Tmp dir root location: 
 /tmp
[2019-03-19 15:21:18,701] {bash_operator.py:86} INFO - Exporting the following env vars:
AIRFLOW_CTX_DAG_ID=tutorial
AIRFLOW_CTX_TASK_ID=templated
AIRFLOW_CTX_EXECUTION_DATE=2017-03-06T00:00:00+00:00
AIRFLOW_CTX_DAG_RUN_ID=scheduled__2017-03-06T00:00:00+00:00
[2019-03-19 15:21:18,702] {bash_operator.py:100} INFO - Temporary script location: /tmp/airflowtmpc73rlfvn/templated5sujrjoz
[2019-03-19 15:21:18,702] {bash_operator.py:110} INFO - Running command: 

    echo "2017-03-06"
    echo "2017-03-13"
    echo "Parameter I passed in"

    echo "2017-03-06"
    echo "2017-03-13"
    echo "Parameter I passed in"

    echo "2017-03-06"
    echo "2017-03-13"
    echo "Parameter I passed in"

    echo "2017-03-06"
    echo "2017-03-13"
    echo "Parameter I passed in"

    echo "2017-03-06"
    echo "2017-03-13"
    echo "Parameter I passed in"

[2019-03-19 15:21:18,707] {bash_operator.py:119} INFO - Output:
[2019-03-19 15:21:18,708] {bash_operator.py:123} INFO - 2017-03-06
[2019-03-19 15:21:18,708] {bash_operator.py:123} INFO - 2017-03-13
[2019-03-19 15:21:18,708] {bash_operator.py:123} INFO - Parameter I passed in
[2019-03-19 15:21:18,708] {bash_operator.py:123} INFO - 2017-03-06
[2019-03-19 15:21:18,708] {bash_operator.py:123} INFO - 2017-03-13
[2019-03-19 15:21:18,708] {bash_operator.py:123} INFO - Parameter I passed in
[2019-03-19 15:21:18,708] {bash_operator.py:123} INFO - 2017-03-06
[2019-03-19 15:21:18,708] {bash_operator.py:123} INFO - 2017-03-13
[2019-03-19 15:21:18,708] {bash_operator.py:123} INFO - Parameter I passed in
[2019-03-19 15:21:18,708] {bash_operator.py:123} INFO - 2017-03-06
[2019-03-19 15:21:18,708] {bash_operator.py:123} INFO - 2017-03-13
[2019-03-19 15:21:18,708] {bash_operator.py:123} INFO - Parameter I passed in
[2019-03-19 15:21:18,708] {bash_operator.py:123} INFO - 2017-03-06
[2019-03-19 15:21:18,708] {bash_operator.py:123} INFO - 2017-03-13
[2019-03-19 15:21:18,709] {bash_operator.py:123} INFO - Parameter I passed in
[2019-03-19 15:21:18,709] {bash_operator.py:127} INFO - Command exited with return code 0
[2019-03-19 15:21:22,780] {logging_mixin.py:95} INFO - [2019-03-19 15:21:22,779] {jobs.py:2527} INFO - Task exited with return code 0
