[2019-03-19 11:46:55,581] {models.py:1359} INFO - Dependencies all met for <TaskInstance: tutorial.templated 2015-12-05T00:00:00+00:00 [queued]>
[2019-03-19 11:46:55,586] {models.py:1359} INFO - Dependencies all met for <TaskInstance: tutorial.templated 2015-12-05T00:00:00+00:00 [queued]>
[2019-03-19 11:46:55,586] {models.py:1571} INFO - 
--------------------------------------------------------------------------------
Starting attempt 1 of 2
--------------------------------------------------------------------------------

[2019-03-19 11:46:55,601] {models.py:1593} INFO - Executing <Task(BashOperator): templated> on 2015-12-05T00:00:00+00:00
[2019-03-19 11:46:55,602] {base_task_runner.py:118} INFO - Running: ['bash', '-c', 'airflow run tutorial templated 2015-12-05T00:00:00+00:00 --job_id 382 --raw -sd DAGS_FOLDER/sql_server_load.py --cfg_path /tmp/tmpn27xk0bz']
[2019-03-19 11:46:56,206] {base_task_runner.py:101} INFO - Job 382: Subtask templated [2019-03-19 11:46:56,205] {__init__.py:51} INFO - Using executor SequentialExecutor
[2019-03-19 11:46:56,428] {base_task_runner.py:101} INFO - Job 382: Subtask templated [2019-03-19 11:46:56,428] {models.py:273} INFO - Filling up the DagBag from /home/rsandroni/airflow/dags/sql_server_load.py
[2019-03-19 11:46:56,447] {base_task_runner.py:101} INFO - Job 382: Subtask templated [2019-03-19 11:46:56,447] {cli.py:520} INFO - Running <TaskInstance: tutorial.templated 2015-12-05T00:00:00+00:00 [running]> on host IADAIRP1.globalrs.rack.space
[2019-03-19 11:46:56,464] {bash_operator.py:77} INFO - Tmp dir root location: 
 /tmp
[2019-03-19 11:46:56,464] {bash_operator.py:86} INFO - Exporting the following env vars:
AIRFLOW_CTX_DAG_ID=tutorial
AIRFLOW_CTX_TASK_ID=templated
AIRFLOW_CTX_EXECUTION_DATE=2015-12-05T00:00:00+00:00
AIRFLOW_CTX_DAG_RUN_ID=scheduled__2015-12-05T00:00:00+00:00
[2019-03-19 11:46:56,464] {bash_operator.py:100} INFO - Temporary script location: /tmp/airflowtmp2l5434y8/templatedo8fj3l88
[2019-03-19 11:46:56,464] {bash_operator.py:110} INFO - Running command: 
    
        echo "2015-12-05"
        echo "Parameter I passed in"
    
        echo "2015-12-05"
        echo "Parameter I passed in"
    
        echo "2015-12-05"
        echo "Parameter I passed in"
    
        echo "2015-12-05"
        echo "Parameter I passed in"
    
        echo "2015-12-05"
        echo "Parameter I passed in"
    
    
[2019-03-19 11:46:56,469] {bash_operator.py:119} INFO - Output:
[2019-03-19 11:46:56,471] {bash_operator.py:123} INFO - 2015-12-05
[2019-03-19 11:46:56,471] {bash_operator.py:123} INFO - Parameter I passed in
[2019-03-19 11:46:56,471] {bash_operator.py:123} INFO - 2015-12-05
[2019-03-19 11:46:56,471] {bash_operator.py:123} INFO - Parameter I passed in
[2019-03-19 11:46:56,471] {bash_operator.py:123} INFO - 2015-12-05
[2019-03-19 11:46:56,471] {bash_operator.py:123} INFO - Parameter I passed in
[2019-03-19 11:46:56,471] {bash_operator.py:123} INFO - 2015-12-05
[2019-03-19 11:46:56,471] {bash_operator.py:123} INFO - Parameter I passed in
[2019-03-19 11:46:56,471] {bash_operator.py:123} INFO - 2015-12-05
[2019-03-19 11:46:56,471] {bash_operator.py:123} INFO - Parameter I passed in
[2019-03-19 11:46:56,471] {bash_operator.py:127} INFO - Command exited with return code 0
[2019-03-19 11:47:00,598] {logging_mixin.py:95} INFO - [2019-03-19 11:47:00,597] {jobs.py:2527} INFO - Task exited with return code 0
