[2019-03-19 12:37:21,873] {models.py:1359} INFO - Dependencies all met for <TaskInstance: tutorial.templated 2016-03-28T00:00:00+00:00 [queued]>
[2019-03-19 12:37:21,878] {models.py:1359} INFO - Dependencies all met for <TaskInstance: tutorial.templated 2016-03-28T00:00:00+00:00 [queued]>
[2019-03-19 12:37:21,878] {models.py:1571} INFO - 
--------------------------------------------------------------------------------
Starting attempt 1 of 2
--------------------------------------------------------------------------------

[2019-03-19 12:37:21,946] {models.py:1593} INFO - Executing <Task(BashOperator): templated> on 2016-03-28T00:00:00+00:00
[2019-03-19 12:37:21,946] {base_task_runner.py:118} INFO - Running: ['bash', '-c', 'airflow run tutorial templated 2016-03-28T00:00:00+00:00 --job_id 610 --raw -sd DAGS_FOLDER/sql_server_load.py --cfg_path /tmp/tmpwqfkxlwa']
[2019-03-19 12:37:23,333] {base_task_runner.py:101} INFO - Job 610: Subtask templated [2019-03-19 12:37:23,332] {__init__.py:51} INFO - Using executor SequentialExecutor
[2019-03-19 12:37:23,852] {base_task_runner.py:101} INFO - Job 610: Subtask templated [2019-03-19 12:37:23,844] {models.py:273} INFO - Filling up the DagBag from /home/rsandroni/airflow/dags/sql_server_load.py
[2019-03-19 12:37:23,896] {base_task_runner.py:101} INFO - Job 610: Subtask templated [2019-03-19 12:37:23,892] {cli.py:520} INFO - Running <TaskInstance: tutorial.templated 2016-03-28T00:00:00+00:00 [running]> on host IADAIRP1.globalrs.rack.space
[2019-03-19 12:37:23,912] {bash_operator.py:77} INFO - Tmp dir root location: 
 /tmp
[2019-03-19 12:37:23,912] {bash_operator.py:86} INFO - Exporting the following env vars:
AIRFLOW_CTX_DAG_ID=tutorial
AIRFLOW_CTX_TASK_ID=templated
AIRFLOW_CTX_EXECUTION_DATE=2016-03-28T00:00:00+00:00
AIRFLOW_CTX_DAG_RUN_ID=scheduled__2016-03-28T00:00:00+00:00
[2019-03-19 12:37:23,922] {bash_operator.py:100} INFO - Temporary script location: /tmp/airflowtmpcn9cbhdi/templated5_rvnli8
[2019-03-19 12:37:23,922] {bash_operator.py:110} INFO - Running command: 
    
        echo "2016-03-28"
        echo "Parameter I passed in"
    
        echo "2016-03-28"
        echo "Parameter I passed in"
    
        echo "2016-03-28"
        echo "Parameter I passed in"
    
        echo "2016-03-28"
        echo "Parameter I passed in"
    
        echo "2016-03-28"
        echo "Parameter I passed in"
    
    
[2019-03-19 12:37:23,961] {bash_operator.py:119} INFO - Output:
[2019-03-19 12:37:23,970] {bash_operator.py:123} INFO - 2016-03-28
[2019-03-19 12:37:23,971] {bash_operator.py:123} INFO - Parameter I passed in
[2019-03-19 12:37:23,971] {bash_operator.py:123} INFO - 2016-03-28
[2019-03-19 12:37:23,971] {bash_operator.py:123} INFO - Parameter I passed in
[2019-03-19 12:37:23,971] {bash_operator.py:123} INFO - 2016-03-28
[2019-03-19 12:37:23,971] {bash_operator.py:123} INFO - Parameter I passed in
[2019-03-19 12:37:23,971] {bash_operator.py:123} INFO - 2016-03-28
[2019-03-19 12:37:23,971] {bash_operator.py:123} INFO - Parameter I passed in
[2019-03-19 12:37:23,971] {bash_operator.py:123} INFO - 2016-03-28
[2019-03-19 12:37:23,971] {bash_operator.py:123} INFO - Parameter I passed in
[2019-03-19 12:37:23,971] {bash_operator.py:127} INFO - Command exited with return code 0
[2019-03-19 12:37:26,952] {logging_mixin.py:95} INFO - [2019-03-19 12:37:26,951] {jobs.py:2527} INFO - Task exited with return code 0
