[2019-03-19 14:47:00,260] {models.py:1359} INFO - Dependencies all met for <TaskInstance: tutorial.templated 2016-12-21T00:00:00+00:00 [queued]>
[2019-03-19 14:47:00,265] {models.py:1359} INFO - Dependencies all met for <TaskInstance: tutorial.templated 2016-12-21T00:00:00+00:00 [queued]>
[2019-03-19 14:47:00,265] {models.py:1571} INFO - 
--------------------------------------------------------------------------------
Starting attempt 1 of 2
--------------------------------------------------------------------------------

[2019-03-19 14:47:00,282] {models.py:1593} INFO - Executing <Task(BashOperator): templated> on 2016-12-21T00:00:00+00:00
[2019-03-19 14:47:00,282] {base_task_runner.py:118} INFO - Running: ['bash', '-c', 'airflow run tutorial templated 2016-12-21T00:00:00+00:00 --job_id 1145 --raw -sd DAGS_FOLDER/example_dags/tutorial.py --cfg_path /tmp/tmp7rzht8qt']
[2019-03-19 14:47:00,902] {base_task_runner.py:101} INFO - Job 1145: Subtask templated [2019-03-19 14:47:00,901] {__init__.py:51} INFO - Using executor SequentialExecutor
[2019-03-19 14:47:01,194] {base_task_runner.py:101} INFO - Job 1145: Subtask templated [2019-03-19 14:47:01,194] {models.py:273} INFO - Filling up the DagBag from /home/rsandroni/airflow/dags/example_dags/tutorial.py
[2019-03-19 14:47:01,259] {base_task_runner.py:101} INFO - Job 1145: Subtask templated [2019-03-19 14:47:01,258] {cli.py:520} INFO - Running <TaskInstance: tutorial.templated 2016-12-21T00:00:00+00:00 [running]> on host IADAIRP1.globalrs.rack.space
[2019-03-19 14:47:01,320] {bash_operator.py:77} INFO - Tmp dir root location: 
 /tmp
[2019-03-19 14:47:01,320] {bash_operator.py:86} INFO - Exporting the following env vars:
AIRFLOW_CTX_DAG_ID=tutorial
AIRFLOW_CTX_TASK_ID=templated
AIRFLOW_CTX_EXECUTION_DATE=2016-12-21T00:00:00+00:00
AIRFLOW_CTX_DAG_RUN_ID=scheduled__2016-12-21T00:00:00+00:00
[2019-03-19 14:47:01,321] {bash_operator.py:100} INFO - Temporary script location: /tmp/airflowtmpchaxfr84/templatedlf45otv1
[2019-03-19 14:47:01,321] {bash_operator.py:110} INFO - Running command: 

    echo "2016-12-21"
    echo "2016-12-28"
    echo "Parameter I passed in"

    echo "2016-12-21"
    echo "2016-12-28"
    echo "Parameter I passed in"

    echo "2016-12-21"
    echo "2016-12-28"
    echo "Parameter I passed in"

    echo "2016-12-21"
    echo "2016-12-28"
    echo "Parameter I passed in"

    echo "2016-12-21"
    echo "2016-12-28"
    echo "Parameter I passed in"

[2019-03-19 14:47:01,331] {bash_operator.py:119} INFO - Output:
[2019-03-19 14:47:01,332] {bash_operator.py:123} INFO - 2016-12-21
[2019-03-19 14:47:01,332] {bash_operator.py:123} INFO - 2016-12-28
[2019-03-19 14:47:01,332] {bash_operator.py:123} INFO - Parameter I passed in
[2019-03-19 14:47:01,332] {bash_operator.py:123} INFO - 2016-12-21
[2019-03-19 14:47:01,332] {bash_operator.py:123} INFO - 2016-12-28
[2019-03-19 14:47:01,332] {bash_operator.py:123} INFO - Parameter I passed in
[2019-03-19 14:47:01,332] {bash_operator.py:123} INFO - 2016-12-21
[2019-03-19 14:47:01,332] {bash_operator.py:123} INFO - 2016-12-28
[2019-03-19 14:47:01,332] {bash_operator.py:123} INFO - Parameter I passed in
[2019-03-19 14:47:01,332] {bash_operator.py:123} INFO - 2016-12-21
[2019-03-19 14:47:01,332] {bash_operator.py:123} INFO - 2016-12-28
[2019-03-19 14:47:01,332] {bash_operator.py:123} INFO - Parameter I passed in
[2019-03-19 14:47:01,332] {bash_operator.py:123} INFO - 2016-12-21
[2019-03-19 14:47:01,332] {bash_operator.py:123} INFO - 2016-12-28
[2019-03-19 14:47:01,332] {bash_operator.py:123} INFO - Parameter I passed in
[2019-03-19 14:47:01,332] {bash_operator.py:127} INFO - Command exited with return code 0
[2019-03-19 14:47:05,273] {logging_mixin.py:95} INFO - [2019-03-19 14:47:05,273] {jobs.py:2527} INFO - Task exited with return code 0
