[2019-03-21 20:00:06,809] {models.py:1359} INFO - Dependencies all met for <TaskInstance: tutorial.templated 2017-12-21T00:00:00+00:00 [queued]>
[2019-03-21 20:00:06,814] {models.py:1359} INFO - Dependencies all met for <TaskInstance: tutorial.templated 2017-12-21T00:00:00+00:00 [queued]>
[2019-03-21 20:00:06,814] {models.py:1571} INFO - 
--------------------------------------------------------------------------------
Starting attempt 1 of 2
--------------------------------------------------------------------------------

[2019-03-21 20:00:06,829] {models.py:1593} INFO - Executing <Task(BashOperator): templated> on 2017-12-21T00:00:00+00:00
[2019-03-21 20:00:06,829] {base_task_runner.py:118} INFO - Running: ['bash', '-c', 'airflow run tutorial templated 2017-12-21T00:00:00+00:00 --job_id 1943 --raw -sd DAGS_FOLDER/example_dags/tutorial.py --cfg_path /tmp/tmpo5bs_1cz']
[2019-03-21 20:00:07,468] {base_task_runner.py:101} INFO - Job 1943: Subtask templated [2019-03-21 20:00:07,467] {__init__.py:51} INFO - Using executor SequentialExecutor
[2019-03-21 20:00:07,702] {base_task_runner.py:101} INFO - Job 1943: Subtask templated [2019-03-21 20:00:07,701] {models.py:273} INFO - Filling up the DagBag from /home/rsandroni/airflow/dags/example_dags/tutorial.py
[2019-03-21 20:00:07,769] {base_task_runner.py:101} INFO - Job 1943: Subtask templated [2019-03-21 20:00:07,766] {cli.py:520} INFO - Running <TaskInstance: tutorial.templated 2017-12-21T00:00:00+00:00 [running]> on host IADAIRP1.globalrs.rack.space
[2019-03-21 20:00:07,783] {bash_operator.py:77} INFO - Tmp dir root location: 
 /tmp
[2019-03-21 20:00:07,784] {bash_operator.py:86} INFO - Exporting the following env vars:
AIRFLOW_CTX_DAG_ID=tutorial
AIRFLOW_CTX_TASK_ID=templated
AIRFLOW_CTX_EXECUTION_DATE=2017-12-21T00:00:00+00:00
AIRFLOW_CTX_DAG_RUN_ID=scheduled__2017-12-21T00:00:00+00:00
[2019-03-21 20:00:07,784] {bash_operator.py:100} INFO - Temporary script location: /tmp/airflowtmp7r6mj502/templated6fly0flb
[2019-03-21 20:00:07,784] {bash_operator.py:110} INFO - Running command: 

    echo "2017-12-21"
    echo "2017-12-28"
    echo "Parameter I passed in"

    echo "2017-12-21"
    echo "2017-12-28"
    echo "Parameter I passed in"

    echo "2017-12-21"
    echo "2017-12-28"
    echo "Parameter I passed in"

    echo "2017-12-21"
    echo "2017-12-28"
    echo "Parameter I passed in"

    echo "2017-12-21"
    echo "2017-12-28"
    echo "Parameter I passed in"

[2019-03-21 20:00:07,790] {bash_operator.py:119} INFO - Output:
[2019-03-21 20:00:07,791] {bash_operator.py:123} INFO - 2017-12-21
[2019-03-21 20:00:07,791] {bash_operator.py:123} INFO - 2017-12-28
[2019-03-21 20:00:07,791] {bash_operator.py:123} INFO - Parameter I passed in
[2019-03-21 20:00:07,791] {bash_operator.py:123} INFO - 2017-12-21
[2019-03-21 20:00:07,791] {bash_operator.py:123} INFO - 2017-12-28
[2019-03-21 20:00:07,791] {bash_operator.py:123} INFO - Parameter I passed in
[2019-03-21 20:00:07,791] {bash_operator.py:123} INFO - 2017-12-21
[2019-03-21 20:00:07,791] {bash_operator.py:123} INFO - 2017-12-28
[2019-03-21 20:00:07,791] {bash_operator.py:123} INFO - Parameter I passed in
[2019-03-21 20:00:07,791] {bash_operator.py:123} INFO - 2017-12-21
[2019-03-21 20:00:07,791] {bash_operator.py:123} INFO - 2017-12-28
[2019-03-21 20:00:07,791] {bash_operator.py:123} INFO - Parameter I passed in
[2019-03-21 20:00:07,791] {bash_operator.py:123} INFO - 2017-12-21
[2019-03-21 20:00:07,791] {bash_operator.py:123} INFO - 2017-12-28
[2019-03-21 20:00:07,791] {bash_operator.py:123} INFO - Parameter I passed in
[2019-03-21 20:00:07,791] {bash_operator.py:127} INFO - Command exited with return code 0
[2019-03-21 20:00:11,817] {logging_mixin.py:95} INFO - [2019-03-21 20:00:11,816] {jobs.py:2527} INFO - Task exited with return code 0
