[2019-03-22 04:17:30,327] {models.py:1359} INFO - Dependencies all met for <TaskInstance: tutorial.print_date 2019-01-05T00:00:00+00:00 [queued]>
[2019-03-22 04:17:30,331] {models.py:1359} INFO - Dependencies all met for <TaskInstance: tutorial.print_date 2019-01-05T00:00:00+00:00 [queued]>
[2019-03-22 04:17:30,331] {models.py:1571} INFO - 
--------------------------------------------------------------------------------
Starting attempt 1 of 2
--------------------------------------------------------------------------------

[2019-03-22 04:17:30,354] {models.py:1593} INFO - Executing <Task(BashOperator): print_date> on 2019-01-05T00:00:00+00:00
[2019-03-22 04:17:30,354] {base_task_runner.py:118} INFO - Running: ['bash', '-c', 'airflow run tutorial print_date 2019-01-05T00:00:00+00:00 --job_id 2701 --raw -sd DAGS_FOLDER/tutorial.py --cfg_path /tmp/tmpg72skdgx']
[2019-03-22 04:17:31,024] {base_task_runner.py:101} INFO - Job 2701: Subtask print_date [2019-03-22 04:17:31,023] {__init__.py:51} INFO - Using executor SequentialExecutor
[2019-03-22 04:17:31,348] {base_task_runner.py:101} INFO - Job 2701: Subtask print_date [2019-03-22 04:17:31,345] {models.py:273} INFO - Filling up the DagBag from /home/rsandroni/airflow/dags/tutorial.py
[2019-03-22 04:17:31,373] {base_task_runner.py:101} INFO - Job 2701: Subtask print_date [2019-03-22 04:17:31,372] {cli.py:520} INFO - Running <TaskInstance: tutorial.print_date 2019-01-05T00:00:00+00:00 [running]> on host IADAIRP1.globalrs.rack.space
[2019-03-22 04:17:31,393] {bash_operator.py:77} INFO - Tmp dir root location: 
 /tmp
[2019-03-22 04:17:31,394] {bash_operator.py:86} INFO - Exporting the following env vars:
AIRFLOW_CTX_DAG_ID=tutorial
AIRFLOW_CTX_TASK_ID=print_date
AIRFLOW_CTX_EXECUTION_DATE=2019-01-05T00:00:00+00:00
AIRFLOW_CTX_DAG_RUN_ID=scheduled__2019-01-05T00:00:00+00:00
[2019-03-22 04:17:31,394] {bash_operator.py:100} INFO - Temporary script location: /tmp/airflowtmp57zsa4v0/print_date42xbpsuu
[2019-03-22 04:17:31,394] {bash_operator.py:110} INFO - Running command: date
[2019-03-22 04:17:31,400] {bash_operator.py:119} INFO - Output:
[2019-03-22 04:17:31,402] {bash_operator.py:123} INFO - Sex Mar 22 04:17:31 -03 2019
[2019-03-22 04:17:31,402] {bash_operator.py:127} INFO - Command exited with return code 0
[2019-03-22 04:17:35,334] {logging_mixin.py:95} INFO - [2019-03-22 04:17:35,333] {jobs.py:2527} INFO - Task exited with return code 0
